ARM GAS  /tmp/ccJBFUMl.s 			page 1


   1              		.syntax unified
   2              		.cpu cortex-m3
   3              		.fpu softvfp
   4              		.eabi_attribute 20, 1
   5              		.eabi_attribute 21, 1
   6              		.eabi_attribute 23, 3
   7              		.eabi_attribute 24, 1
   8              		.eabi_attribute 25, 1
   9              		.eabi_attribute 26, 1
  10              		.eabi_attribute 30, 2
  11              		.eabi_attribute 34, 1
  12              		.eabi_attribute 18, 4
  13              		.thumb
  14              		.syntax unified
  15              		.file	"board.c"
  16              		.text
  17              	.Ltext0:
  18              		.section	.gnu.lto_.profile.b62bbf8342a88553,"",%progbits
  19 0000 789C6361 		.ascii	"x\234ca```\001bF\006>f\000\000\177\000\033"
  19      60606001 
  19      6246063E 
  19      6600007F 
  19      001B
  20              		.text
  21              		.section	.gnu.lto_.icf.b62bbf8342a88553,"",%progbits
  22 0000 789C6361 		.ascii	"x\234ca\200\000\021\006\004`f\230?\363\3201.\306\365"
  22      80001106 
  22      04606698 
  22      3FF3D031 
  22      2EC6F5
  23 0013 331FB430 		.ascii	"3\037\26401M\233xd\0017\003\000X\326\010-"
  23      314D9B78 
  23      64013703 
  23      0058D608 
  23      2D
  24              		.text
  25              		.section	.gnu.lto_.jmpfuncs.b62bbf8342a88553,"",%progbits
  26 0000 789C6361 		.ascii	"x\234ca\200\000N\006\004`\002\021\214@\014\000\001d"
  26      80004E06 
  26      04600211 
  26      8C400C00 
  26      0164
  27 0012 0011     		.ascii	"\000\021"
  28              		.text
  29              		.section	.gnu.lto_.inline.b62bbf8342a88553,"",%progbits
  30 0000 789C6361 		.ascii	"x\234ca\200\000m\006\004`b``\341a\004Q\014l\013\344"
  30      80006D06 
  30      04606260 
  30      60E16104 
  30      510C6C0B 
  31 0015 41140323 		.ascii	"A\024\003#\027\210``fB\025f\000\000-T\001\347"
  31      17886060 
  31      66421566 
  31      00002D54 
  31      01E7
  32              		.text
  33              		.section	.gnu.lto_.pureconst.b62bbf8342a88553,"",%progbits
ARM GAS  /tmp/ccJBFUMl.s 			page 2


  34 0000 789C6361 		.ascii	"x\234ca```\005b&\006\011F\006\000\000\302\000%"
  34      60606005 
  34      62260609 
  34      46060000 
  34      C20025
  35              		.text
  36              		.section	.gnu.lto___early_init.b62bbf8342a88553,"",%progbits
  37 0000 789C6361 		.ascii	"x\234ca\200\200U@\354\011\304\322@\314\310\314\300\310"
  37      80805540 
  37      EC09C4D2 
  37      40CCC8CC 
  37      C0C8
  38 0012 34E11C03 		.ascii	"4\341\034\003C#\007\023##\210\321\300\301\310P\317\304"
  38      43230713 
  38      232388D1 
  38      C0C1C850 
  38      CFC4
  39 0024 58CFF895 		.ascii	"X\317\370\225\351/\023\343\241\366g;\2314\2277\000\301"
  39      E92F13E3 
  39      A1F6673B 
  39      99349737 
  39      00C1
  40 0036 83A38F0D 		.ascii	"\203\243\217\015\032V\034`lef`\370\317\0041\212q9\243"
  40      1A561C60 
  40      6C656660 
  40      F8CF0431 
  40      8A7139A3 
  41 004a 260350D9 		.ascii	"&\003P\331\243\215\377\246\362\262\265\200\224)@$\031"
  41      A38DFFA6 
  41      F2B2B580 
  41      94294024 
  41      19
  42 005b 5730B231 		.ascii	"W0\2621\002\351\365A\007\032\376\377onh\370l0S\031\250"
  42      02E9F541 
  42      071AFEFF 
  42      6F6E68F8 
  42      6C305319 
  43 0070 F3035012 		.ascii	"\363\003P\022d\315G&&\020\315\374\202\261\371\300\306"
  43      64CD4726 
  43      2610CDFC 
  43      82B1F9C0 
  43      C6
  44 0081 638C20E5 		.ascii	"c\214 \345 \203v\356|s\233\275\376oCGC\203@+3\343\177"
  44      208376EE 
  44      7C739BBD 
  44      FE6F4347 
  44      4383402B 
  45 0098 26A0198C 		.ascii	"&\240\031\214+\031\353\031Z\231\231\030^16\035\330\354"
  45      2B19EB19 
  45      5A999918 
  45      5E31361D 
  45      D8EC
  46 00aa 06560A02 		.ascii	"\006V\012\002\037\200\222@#\200\006\272\353g\344\347"
  46      1F809240 
  46      238006BA 
  46      EB67E4E7 
  47 00ba A6EA17A7 		.ascii	"\246\352\027\247\346d\346\352\227\347\027eg\346\245"
ARM GAS  /tmp/ccJBFUMl.s 			page 3


  47      E664E6EA 
  47      97E71765 
  47      67E6A5
  48 00c9 EB3B6764 		.ascii	"\353;gd&e\372\007\353\347\027\353g$\346\350'\345'\026"
  48      2665FA07 
  48      EBE717EB 
  48      6724E6E8 
  48      27E52716 
  49 00dd A514EB07 		.ascii	"\245\024\353\007\207\304\007\207\370\032\033\271\031"
  49      87C40787 
  49      F81A1BB9 
  49      19
  50 00ea C5BB7806 		.ascii	"\305\273x\006;\373\207\271\006EB\344\364\222\031\000"
  50      3BFB87B9 
  50      064542E4 
  50      F4921900 
  51 00fa 7FAC5750 		.ascii	"\177\254WP"
  52              		.text
  53              		.section	.gnu.lto_boardInit.b62bbf8342a88553,"",%progbits
  54 0000 789C6361 		.ascii	"x\234ca\200\200j \366\004bi fdf`d\232p\216\201\241\221"
  54      80806A20 
  54      F6046269 
  54      20666466 
  54      60649A70 
  55 0018 83899111 		.ascii	"\203\211\221\021\304h\340`d\250gb\254g\374\312\364\227"
  55      C468E060 
  55      64A86762 
  55      AC67FCCA 
  55      F497
  56 002a 89F150FB 		.ascii	"\211\361P\373\263\235L\232\313\033\200\340\301\323\177"
  56      B39D4C9A 
  56      CB1B80E0 
  56      C1D37F
  57 0039 060D2B0E 		.ascii	"\006\015+\0160\266230\374g\202\030\305\270\234Q\223"
  57      30B63233 
  57      30FC6782 
  57      18C5B89C 
  57      5193
  58 004b 01A8ECD1 		.ascii	"\001\250\354\321\306\177Sy\331Z@\312\024 \222\214+\030"
  58      C67F5379 
  58      D95A40CA 
  58      1420928C 
  58      2B18
  59 005d D91881F4 		.ascii	"\331\030\201\364\372\240\003\015\377\377774\3345\370"
  59      FAA0030D 
  59      FFFF3737 
  59      34DC35F8 
  60 006d A30C94F8 		.ascii	"\243\014\224\370\000\304 k>21\201h\346W\214L \245`\323"
  60      00C4206B 
  60      3E323181 
  60      68E6578C 
  60      4C20A560 
  61 0082 3E303182 		.ascii	">01\202\304\200*\334\3653\362sS\365\213Ss2s\365\313"
  61      C4802ADC 
  61      F533F273 
  61      53F58B53 
  61      733273F5 
ARM GAS  /tmp/ccJBFUMl.s 			page 4


  62 0097 F38BB233 		.ascii	"\363\213\2623\363\322\365\23532\2232\375\203\365\363"
  62      F3D2F59D 
  62      33329332 
  62      FD83F5F3 
  63 00a7 8BF53312 		.ascii	"\213\3653\022s\364\223\362\023\213R\212\365\203C\342"
  63      73F493F2 
  63      138B528A 
  63      F58343E2 
  64 00b7 83437C8D 		.ascii	"\203C|\215\215\334\214\342]<\203\235\375\303\\\203\""
  64      8DDC8CE2 
  64      5D3C839D 
  64      FDC35C83 
  64      22
  65 00c8 21727AC9 		.ascii	"!rz\311\014\000\302qF\010"
  65      0C00C271 
  65      4608
  66              		.text
  67              		.section	.gnu.lto_pal_default_config.b62bbf8342a88553,"",%progbits
  68 0000 789CDD93 		.ascii	"x\234\335\223\313/\003Q\030\305\347\273\323\007\255"
  68      CB2F0351 
  68      18C5E7BB 
  68      D307AD
  69 000f 123B0BC2 		.ascii	"\022;\013\302Z\302\272\177\226?\341\252V\020\241R\025"
  69      5AC2BA7F 
  69      963FE1AA 
  69      5610A152 
  69      15
  70 0020 8F48A41E 		.ascii	"\217H\244\036\325\226\226\026m\275\332\352#\026\324"
  70      D5969616 
  70      6DBDDAEA 
  70      2316D4
  71 002f A6C54654 		.ascii	"\246\305FT\274B(\301\242U\235\272\267\367\222\334\244"
  71      BC4228C1 
  71      A2559DBA 
  71      B7F792DC 
  71      A4
  72 0040 1B5BB398 		.ascii	"\033[\263\2303\347d\346;\277|3\243\222\330\321\246\222"
  72      33E764E6 
  72      3BBF7C33 
  72      A392D8D1 
  72      A692
  73 0052 24E0D765 		.ascii	"$\340\327e\004\276\247p\321\360\201,2\011\211]\374,"
  73      04BEA770 
  73      D1F0812C 
  73      3209895D 
  73      FC2C
  74 0064 BDCACC56 		.ascii	"\275\312\314V*2\011.\016]\236\337\240Ri\"Q:4VR\033\267"
  74      2A32092E 
  74      0E5D9EDF 
  74      A0526922 
  74      513A3456 
  75 007b F0C01CEE 		.ascii	"\360\300\034\356\261\310\240 \011\234\320\252 `\202"
  75      B1C8A020 
  75      099CD0AA 
  75      206082
  76 008a C0454566 		.ascii	"\300EEfN\005\313T\324\314i\250H\377lF0\357\011\362\025"
  76      4E05CB54 
ARM GAS  /tmp/ccJBFUMl.s 			page 5


  76      D4CC69A8 
  76      48FF6C46 
  76      30EF09F2 
  77 009f 46A9B7C6 		.ascii	"F\251\267\306\002N\2558\323\373\327\231\256\314\361"
  77      024EAD38 
  77      D3FBD799 
  77      AECCF1
  78 00ae A38EAFBD 		.ascii	"\243\216\257\275\235\370x9\325\257e>;\227E$\271M\277"
  78      9DF87839 
  78      D5AF653E 
  78      3B974524 
  78      B94DBF
  79 00c1 BDF33BB0 		.ascii	"\275\363;\260\011/\253It\355\010\024\365b\261\277V\361"
  79      092FAB49 
  79      74ED0814 
  79      F562B1BF 
  79      56F1
  80 00d3 3A2B5EAB 		.ascii	":+^\253U|SX?\322\363\261\303-$\360\214\346\006\353y"
  80      557C5358 
  80      3FD2F3B1 
  80      C32D24F0 
  80      8CE606EB 
  81 00e8 400E0D89 		.ascii	"@\016\015\211L\266\0113\257\316\270\307\035\264\332"
  81      4CB60933 
  81      AFCEB8C7 
  81      1DB4DA
  82 00f7 7DF715E6 		.ascii	"}\367\025\346\237I/65\223$\347Wfu\"L\260\026\314\226"
  82      9F492F36 
  82      359324E7 
  82      57667522 
  82      4CB016CC 
  83 010c B0854D06 		.ascii	"\260\205M\006\263\301`\236N}y\315ow\007I\306\226N\272"
  83      B3C1609E 
  83      4E7D79CD 
  83      6F770749 
  83      C6964EBA 
  84 0120 58601F4A 		.ascii	"X`\037J\272is\352j~\232\363EU\304\343|\002\253\3713"
  84      BA6973EA 
  84      6A7E9AF3 
  84      4555C4E3 
  84      7C02ABF9 
  85 0135 31FAC8A5 		.ascii	"1\372\310\245\375\331\256\021Av\031\310\216\000\262"
  85      FDD9AE11 
  85      417619C8 
  85      8E00B2
  86 0144 2D808419 		.ascii	"-\200\204\031\210\227\201\024\374\323\221\006>4\323"
  86      88978114 
  86      FCD39106 
  86      3E34D3
  87 0153 498299C9 		.ascii	"I\202\231\311\227h\343\017\331y\025\244\350T\254<\312"
  87      9768E30F 
  87      D97915A4 
  87      E854AC3C 
  87      CA
  88 0164 6033A62C 		.ascii	"`3\246,\331\251B\026\361\267x\246T\177\236\276\\r\004"
  88      D9A94216 
  88      F1B778A6 
ARM GAS  /tmp/ccJBFUMl.s 			page 6


  88      547F9EBE 
  88      5C7204
  89 0177 7E2699AA 		.ascii	"~&\231\252o\362\241l\357\026\371\016\204E\305\030_T"
  89      6FF2A16C 
  89      EF16F90E 
  89      8445C518 
  89      5F54
  90 0189 E08B30BE 		.ascii	"\340\2130\276}\306w\357\260-\360e[e\213\214\024\244"
  90      7DC677EF 
  90      B02DF065 
  90      5B658B8C 
  90      14A4
  91 019b 85381815 		.ascii	"\2058\030\025T\007{T\352!DE\007\001*z\360Qi\200U*\006"
  91      54077B54 
  91      EA214445 
  91      07012A7A 
  91      F0516980 
  92 01b2 58A1D208 		.ascii	"X\241\322\010\036*M\340\006\243\004\011r\372\006FOk"
  92      1E2A4DE0 
  92      06A30409 
  92      72FA0646 
  92      4F6B
  93 01c4 0A       		.ascii	"\012"
  94              		.text
  95              		.section	.gnu.lto_.symbol_nodes.b62bbf8342a88553,"",%progbits
  96 0000 789C6361 		.ascii	"x\234ca``\360\000b\006\246\313\214\365\014\014\023\316"
  96      6060F000 
  96      6206A6CB 
  96      8CF50C0C 
  96      13CE
  97 0012 313000A9 		.ascii	"10\000\251]\015\212@\221+\214\365\214(\"\254\227\030"
  97      5D0D8A40 
  97      912B8CF5 
  97      8C2822AC 
  97      9718
  98 0024 191A8580 		.ascii	"\031\032\205\200\212\031\2572\3263\201\245\030\030\032"
  98      8A19AF32 
  98      D63381A5 
  98      18181A
  99 0033 1A141818 		.ascii	"\032\024\030\030\230\201p\311\203\177\214\014\000\210"
  99      988170C9 
  99      837F8C0C 
  99      0088
 100 0041 D61133   		.ascii	"\326\0213"
 101              		.text
 102              		.section	.gnu.lto_.refs.b62bbf8342a88553,"",%progbits
 103 0000 789C6361 		.ascii	"x\234ca```\004b\006\000\0002\000\006"
 103      60606004 
 103      62060000 
 103      320006
 104              		.text
 105              		.section	.gnu.lto_.decls.b62bbf8342a88553,"",%progbits
 106 0000 789C9D56 		.ascii	"x\234\235VkPSG\024\276\233\033\002\204\360\030p:\376"
 106      6B505347 
 106      14BE9B1B 
 106      0284F018 
 106      703AFE
ARM GAS  /tmp/ccJBFUMl.s 			page 7


 107 0013 60A68C13 		.ascii	"`\246\214\023G\372C\356\210\376\350\317Z\220\307\214"
 107      47FA43EE 
 107      88FEE8CF 
 107      5A90C78C 
 108 0023 AD8C5867 		.ascii	"\255\214Xg\374\225\006\022%5$\231$\264:\375\321\253"
 108      FC950612 
 108      25352499 
 108      24B43AFD 
 108      D1AB
 109 0035 A0A08E02 		.ascii	"\240\240\216\002\322\321B\325\372\232\202\212\020\304"
 109      D2D142D5 
 109      FA9A828A 
 109      10C4
 110 0043 078208D6 		.ascii	"\007\202\010\326\252hA^>@\002F\205(\012\012\002\"Uj"
 110      AA68415E 
 110      3E400246 
 110      85280A0A 
 110      0222556A 
 111 0057 CFEEDEE4 		.ascii	"\317\356\336\344\302\005;\332\035\276\354=\367|\373"
 111      C2053BDA 
 111      1DBEEC3D 
 111      F77CFB
 112 0066 9DB367CF 		.ascii	"\235\263g\317\206\310\031:\022\224\014\023*c\230\267"
 112      86C8193A 
 112      12940C13 
 112      2A6398B7 
 113 0076 F0FC0E86 		.ascii	"\360\374\016\206\034\346\325\2148X\300I@9\240\002\200"
 113      1CE6D58C 
 113      3858C049 
 113      4039A002 
 113      80
 114 0087 00A3CCF4 		.ascii	"\000\243\314\364qR\340\341uc\200R\341\275L\360U03G\271"
 114      7152E0E1 
 114      75638052 
 114      E1BD4CF0 
 114      55303347 
 115 009c A0E58985 		.ascii	"\240\345\211\205\204w\3221*h/\000\334\005\214\000B\000"
 115      8477D231 
 115      2A682F00 
 115      DC058C00 
 115      4200
 116 00ae CD803640 		.ascii	"\315\2006@\023\240\035\320\010\270\005h\001<\001\364"
 116      13A01DD0 
 116      08B80568 
 116      013C01F4 
 117 00be 039E0106 		.ascii	"\003\236\001\006\001\003\200\307\200\347\200\247\000"
 117      010380C7 
 117      80E780A7 
 117      00
 118 00cb F72C71F0 		.ascii	"\367,q\360\230\224\241\332\36677\345]\250\023A\356("
 118      9894A1DA 
 118      F63737E5 
 118      5DA81341 
 118      EE28
 119 00dd 846686E8 		.ascii	"\204f\206\350'\"`(\210\011\0172\362\311\210\257\220"
 119      27226028 
 119      88090F32 
ARM GAS  /tmp/ccJBFUMl.s 			page 8


 119      F2C988AF 
 119      90
 120 00ee 8728D832 		.ascii	"\207(\3302\317#\343\025#\177\302zRs2\210\210\250\216"
 120      CF23E315 
 120      237FC27A 
 120      52733288 
 120      88A88E
 121 0101 8445D4F6 		.ascii	"\204E\324\366\324\010\011\266L\014\200\250\351Y0E\217"
 121      D40809B6 
 121      4C0C80A8 
 121      E9593045 
 121      8F
 122 0112 A62BC889 		.ascii	"\246+\310\2119{\367\204<\233\036\036\314\275\031\314"
 122      397BF784 
 122      3C9B1E1E 
 122      CCBD19CC 
 123 0122 CA107EBE 		.ascii	"\312\020~\276?Q\022\027U\312\303\310\343y\331\247be"
 123      3F511217 
 123      55CAC3C8 
 123      E379D9A7 
 123      6265
 124 0134 5AB31CFB 		.ascii	"Z\263\034\373\330Q\031\012U\"9^\323T\364(\010\3149J"
 124      D851190A 
 124      5522395E 
 124      D354F428 
 124      08CC394A 
 125 0148 1401E6E4 		.ascii	"\024\001\346\344\365_\213ds\367\220u\231|\204\034\255"
 125      F55F8B64 
 125      73F79075 
 125      997C841C 
 125      AD
 126 0159 FE049D40 		.ascii	"\376\004\235@\341\3508\012\207@\245h.|\246\310\251R"
 126      E1E8380A 
 126      8740A568 
 126      2E7CA6C8 
 126      A952
 127 016b 76D1E4DE 		.ascii	"v\321\344\336\200y\007\371\203\016\3365\\\245\332\223"
 127      807907F9 
 127      830EDE35 
 127      5CA5DA93 
 128 017b C937C0B2 		.ascii	"\3117\300\262\010\314B%\210E\307P\024\316\016\036\361"
 128      08CC4225 
 128      8845C750 
 128      14CE0E1E 
 128      F1
 129 018c 548CBA20 		.ascii	"T\214\272 \355\223h\036\254ltw\377\310~K\362t?\330\267"
 129      ED93681E 
 129      AC6C7477 
 129      FFC87E4B 
 129      F2743FD8 
 130 01a1 06341C0E 		.ascii	"\0064\034\016\276\376\3255\025\237\267\211\347\277 "
 130      BEFED535 
 130      159FB789 
 130      E7BF20
 131 01b0 0A65A242 		.ascii	"\012e\242B\331T\205r\242\300?\251q\006\263\337\021\211"
 131      D9548572 
 131      A2C03FA9 
ARM GAS  /tmp/ccJBFUMl.s 			page 9


 131      7106B3DF 
 131      1189
 132 01c2 B3E59523 		.ascii	"\263\345\225#\201\240\341\342y\327x\266\261\316\321"
 132      81A0E1E2 
 132      79D778B6 
 132      B1CED1
 133 01d1 CBE78492 		.ascii	"\313\347\204\222d\221C\024q\020\021x\250 \002\015\227"
 133      64914314 
 133      71101178 
 133      A820020D 
 133      97
 134 01e2 CB5E05B0 		.ascii	"\313^\005\260u\210(\334p\276~\340Kk\362\026\201\375"
 134      758828DC 
 134      70BE7EE0 
 134      4B6BF216 
 134      81FD
 135 01f4 74E73BA7 		.ascii	"t\347;\247\212\026\305\025\014vu\367p}\000\365\273\260"
 135      8A16C515 
 135      0C7675F7 
 135      707D00F5 
 135      BBB0
 136 0206 BFAA7630 		.ascii	"\277\252v0\232\232\341S\274s\004\257\343B\326`\020u"
 136      9A9AE153 
 136      BC7304AF 
 136      E342D660 
 136      1075
 137 0218 D7637BC7 		.ascii	"\327c{\307\226\334m\276l\033\015\365<\253\317%H\315"
 137      96DC6DBE 
 137      6C1B0DF5 
 137      3CABCF25 
 137      48CD
 138 022a 05B36DA8 		.ascii	"\005\263m\250q\277`\206\200\351\334\266\365\200\202"
 138      71BF6086 
 138      80E9DCB6 
 138      F58082
 139 0239 EDA4D4EE 		.ascii	"\355\244\324\356\206c'\360I-P\"\334\0108\221\362\201"
 139      866327F0 
 139      492D5022 
 139      DC083891 
 139      F281
 140 024b F31381F4 		.ascii	"\363\023\201\364\025f\264\345\276<\352\313\366\020\272"
 140      1566B4E5 
 140      BE3CEACB 
 140      F610BA
 141 025a ECEACECA 		.ascii	"\354\352\316\312S\001(R\371;><Wesl~6\234<\272\204\224"
 141      53012852 
 141      F93B3E3C 
 141      5765736C 
 141      7E369C3C 
 142 0271 A84E2CC3 		.ascii	"\250N,\303\002\370\236`rx~3>\337\320\206 \306{\274\220"
 142      02F89E60 
 142      72787E33 
 142      3EDFD086 
 142      20C67BBC 
 143 0286 6C2416C6 		.ascii	"l$\026\306Dt\021^\326\302K\010r\354h\376a\005{\200\264"
 143      4474115E 
 143      D6C24B08 
ARM GAS  /tmp/ccJBFUMl.s 			page 10


 143      72EC68FE 
 143      61057B80 
 144 029b 95ACF0F4 		.ascii	"\225\254\360\364\361q\2457\310o\005jh\261\020\364'\304"
 144      F171A537 
 144      C86F056A 
 144      68B110F4 
 144      27C4
 145 02ad F8438C01 		.ascii	"\370C\214\001!\337\033\344\362\354A\036V;7\311\330V"
 145      21DF1BE4 
 145      F2EC411E 
 145      563B37C9 
 145      D856
 146 02bf DABB4535 		.ascii	"\332\273E5\2437|hQ\374\300|Qp\245I\306\336\246>wGf\241"
 146      A3377C68 
 146      51FCC07C 
 146      5170A549 
 146      C6DEA63E 
 147 02d7 82EDA246 		.ascii	"\202\355\242F\336d'\257`\037Qc\347\213\327\207\344\354"
 147      DE6427AF 
 147      601F5163 
 147      E78BD787 
 147      E4EC
 148 02e9 536A7466 		.ascii	"Sjtf\216\337\011d\207\210\341_6\261\243W\205\324\352"
 148      8EDF0964 
 148      8788E15F 
 148      36B1A357 
 148      85D4EA
 149 02fc 30B53A52 		.ascii	"0\265:R\255V\037\306\211\271\272\356\376TP\274\225\317"
 149      AD561FC6 
 149      89B9BAEE 
 149      FE5450BC 
 149      95CF
 150 030e D392ECAF 		.ascii	"\323\222\354\257@\3667Q\230\230g\015i\370E\360\301\020"
 150      40F63751 
 150      9898670D 
 150      69F845F0 
 150      C110
 151 0320 7EFDAB66 		.ascii	"~\375\253f\225\207\334 %_\025\311\371\302\225\343\221"
 151      9587DC20 
 151      255F15C9 
 151      F9C295E3 
 151      91
 152 0331 9D41E780 		.ascii	"\235A\347\200p\226\3700\035\366\214Za\373\315H\215\332"
 152      7096F830 
 152      1DF68C5A 
 152      61FBCD48 
 152      8DDA
 153 0343 004D8076 		.ascii	"\000M\200v@#\340\026\240\005\251I\207\322x=b\274\033"
 153      4023E016 
 153      A005A949 
 153      87D2783D 
 153      62BC1B
 154 0356 D2789C24 		.ascii	"\322x\234$\267=m^\356_Rn\265\230\0339\264\372.\020\346"
 154      B73D6D5E 
 154      EE5F526E 
 154      B5981B39 
 154      B4FA2E10 
ARM GAS  /tmp/ccJBFUMl.s 			page 11


 155 036b FD308911 		.ascii	"\3750\211\021\016L\014:\322\034^\310\327g\261D\352\372"
 155      0E4C0C3A 
 155      D21C5EC8 
 155      D767B144 
 155      EAFA
 156 037d AC614F20 		.ascii	"\254aO 1\356\337b\216\327f\257\311T\366n1\313\013\263"
 156      31EEDF62 
 156      8ED766AF 
 156      C954F66E 
 156      31CB0BB3 
 157 0391 979BB2E1 		.ascii	"\227\233\262\341\370\352\376\311jQ\260\027Y\322s\231"
 157      F8EAFEC9 
 157      6A51B017 
 157      59D27399 
 158 03a1 4787F3FD 		.ascii	"G\207\363\375Pd\030M\277\260\015\341\364\357\302\352"
 158      5064184D 
 158      BFB00DE1 
 158      F4EFC2EA 
 159 03b1 DB62CBE1 		.ascii	"\333b\313\341\335\274\247\370\350\016\324\374c\352\017"
 159      DDBCA7F8 
 159      E80ED4FC 
 159      63EA0F
 160 03c0 F1474A4E 		.ascii	"\361GJN\035\360\243\035X\202\257p\377\344\325g>l+\311"
 160      1DF0A31D 
 160      5882AF70 
 160      FFE4D567 
 160      3E6C2BC9 
 161 03d4 0795365D 		.ascii	"\007\2256]s\012\337\2409\330\331>\336\222\255d;\250"
 161      730ADFA0 
 161      39D8D93E 
 161      DE92AD64 
 161      3BA8
 162 03e6 F35D7FE7 		.ascii	"\363]\177\347\021\177\352\034\302\366\3663\005G\202"
 162      117FEA1C 
 162      C2F6F633 
 162      054782
 163 03f5 D9FBD4D9 		.ascii	"\331\373\324\331\356>\224\245\242\316\026l\357\312\255"
 163      EE3E94A5 
 163      A2CE166C 
 163      EFCAAD
 164 0404 AC50B26E 		.ascii	"\254P\262n\352,q\357\333%8?\007\363LSU\217\017;H}\316"
 164      EA2C71EF 
 164      DB25383F 
 164      07F34C53 
 164      558F0F3B 
 165 041b 9777B203 		.ascii	"\227w\262\003\330Qj\224\277\375\271X\301\276\241Fv\323"
 165      D8516A94 
 165      BFFDB958 
 165      C1BEA146 
 165      76D3
 166 042d 58B18CDD 		.ascii	"X\261\214\335,\307F@~\355\376s\201\010\332\\\030\221"
 166      2CC74640 
 166      7EEDFE73 
 166      8108DA5C 
 166      1891
 167 043f D30A721A 		.ascii	"\323\012r\032\012RI\352\334'T\343\005T\343\011\354\274"
 167      0A5249EA 
ARM GAS  /tmp/ccJBFUMl.s 			page 12


 167      DC2754E3 
 167      0554E309 
 167      ECBC
 168 0451 1FF00C30 		.ascii	"\037\360\0140\010\030\000<\006<\007<\005\270\305\256"
 168      0818003C 
 168      063C073C 
 168      05B8C5AE 
 169 0461 84EAB7B6 		.ascii	"\204\352\267\266\207o\"\015\202\353\337\013\365\307"
 169      876F220D 
 169      82EBDF0B 
 169      F5C7
 170 046f 52DE4A9F 		.ascii	"R\336J\237\231vi\200\376K2>q\314\355\222r\357M\357\017"
 170      99766980 
 170      FE4B323E 
 170      71CCED92 
 170      72EF4DEF 
 171 0484 20B7ACF4 		.ascii	" \267\254\364\220\037I\311\234D\267\303K}(\245V\317"
 171      901F49C9 
 171      9C44B7C3 
 171      4B7D28A5 
 171      56CF
 172 0496 D0ADF226 		.ascii	"\320\255\362&q^J\256\232A\036\362*?\220\222]\322\335"
 172      715E4AAE 
 172      9A411EF2 
 172      2A3F9092 
 172      5DD2DD
 173 04a9 E57985BB 		.ascii	"\345y\205\273\245\\\247\224\373\332\253{_\312\355\231"
 173      A55CA794 
 173      FBDAAB7B 
 173      5FCAED99 
 174 04b9 9184C32B 		.ascii	"\221\204\303+\334)%wH\257sM\033\271\316}\323\2573t\306"
 174      DC292577 
 174      48AF734D 
 174      1BB9CE7D 
 174      D3AF3374 
 175 04ce A589812D 		.ascii	"\245\211\201-\301\3546\322\031\262\226K\271=A(l\366"
 175      C1EC36D2 
 175      19B2964B 
 175      B93D4128 
 175      6CF6
 176 04e0 86402FA1 		.ascii	"\206@/\241\017\376OO\320\014\306\332\311\215\034\006"
 176      0FFE4F4F 
 176      D00CC6DA 
 176      C98D1C06 
 177 04f0 8121F146 		.ascii	"\201!\361F\366\221\033\011y\354\315)\272\027\034&\004"
 177      F6911B09 
 177      79ECCD29 
 177      BA171C26 
 177      04
 178 0501 AE7F6F60 		.ascii	"\256\177o`\346\203\243\202f\301\350\355F\337\371Gx\007"
 178      E683A382 
 178      66C1E8ED 
 178      46DFF947 
 178      7807
 179 0513 FCD71FEE 		.ascii	"\374\327\037\356M\334\315\363\011h\004tN\321\370SZ\035"
 179      4DDCCDF3 
 179      09680474 
ARM GAS  /tmp/ccJBFUMl.s 			page 13


 179      4ED1F853 
 179      5A1D
 180 0525 BF5905BF 		.ascii	"\277Y\005\277\356F\321|X\367\246\257\374\261J\265]\374"
 180      EE46D17C 
 180      58F7A6AF 
 180      FCB14AB5 
 180      5DFC
 181 0537 CF447E25 		.ascii	"\317D~%\210?p\306\220\312\223?<2*\215F\257\265\0327"
 181      883F70C6 
 181      90CA933F 
 181      3C322A8D 
 181      46AFB51A 
 182 054c 6A0C2683 		.ascii	"j\014&\203\335/\376\353o\"b\026-b\342\2714s\272\236"
 182      DD2FFEEB 
 182      6F226216 
 182      2D62E2B9 
 182      3473BA9E 
 183 0560 B3E98D86 		.ascii	"\263\351\215\206t\356\007\263u\275\301\264\216\213I"
 183      74EE07B3 
 183      75BDC1B4 
 183      8E8B49
 184 056f 33A41856 		.ascii	"3\244\030V$sf\033\227\2465r)f\255Ug\343\222Wi\222W}"
 184      2473661B 
 184      97A63572 
 184      2966AD55 
 184      67E39257 
 185 0587 B5383A2E 		.ascii	"\2658:.Z\023\233\230\034\263b\365\262\225k\250/*\225"
 185      5A139B98 
 185      1CB362F5 
 185      B2956BA8 
 185      2F2A95
 186 059a F1270F89 		.ascii	"\361'\017\211 \035b\263\247/\216\326\244\032\315\251"
 186      201D62B3 
 186      A72F8ED6 
 186      A41ACDA9 
 187 05aa EB49AC98 		.ascii	"\353I\254\230\017\010a1[\3558\002\310\323\317\270%\033"
 187      0F086131 
 187      5BED3802 
 187      C8D3CFB8 
 187      251B
 188 05bc 36608FC6 		.ascii	"6`\217\306h\324E\2451\241\026x\324\351\327j3\214vM\252"
 188      68D445A5 
 188      31A11678 
 188      D4E9D76A 
 188      338C764D 
 189 05d1 D9B4D6B0 		.ascii	"\331\264\326\260N\221\224\020\253\265k\345\332\265V"
 189      4E919410 
 189      ABB56BE5 
 189      DAB556
 190 05e0 A352A3C9 		.ascii	"\243R\243\3110\230\354\020\326\276\204\313\260Y9\255"
 190      3098EC10 
 190      D6BE84CB 
 190      B05939AD 
 191 05f0 357DA1C9 		.ascii	"5}\241\311l\322/\324kS\014\234\301\224j\314\320\351"
 191      6CD22FD4 
 191      6B530C9C 
 191      C1946ACC 
ARM GAS  /tmp/ccJBFUMl.s 			page 14


 191      D0E9
 192 0602 B9746D6A 		.ascii	"\271tmj\232\301\244\347\274J\366\215\026\275\015\344"
 192      9AC1A4E7 
 192      BC4AF68D 
 192      16BD0DE4 
 193 0612 FD3CAB3F 		.ascii	"\375<\253?\373\217\325\266\2156Nc\263\353\200\012KX"
 193      FB8FD5B6 
 193      8D364E63 
 193      B3EB800A 
 193      4B58
 194 0624 B3CEEA63 		.ascii	"\263\316\352c\311\260\350\254\276f\233E\257\327Y\025"
 194      C9B0E8AC 
 194      BE669B45 
 194      AFD75915 
 195 0634 662C67F5 		.ascii	"f,g\365I7\353\364V\234VZ\302G\356|\371\362X.>)q\305"
 195      4937EBF4 
 195      569C565A 
 195      C247EE7C 
 195      F9F2582E 
 196 064c F7D164EB 		.ascii	"\367\321d\353\026q\373\264\246\353,\006\263\306\246"
 196      1671FBB4 
 196      A6EB2C06 
 196      B3C6A6
 197 065b B7675834 		.ascii	"\267gX4vER<\336\276\")\216N\313\350\024K\247\030:}I"
 197      7645523C 
 197      DEBE2229 
 197      8E4ECBE8 
 197      144BA718 
 198 0672 A7A5744A 		.ascii	"\247\245tJ\304\223\177\322\322\3451\244\200\377\002"
 198      C4937FD2 
 198      D2E531A4 
 198      80FF02
 199 0681 2D44BB61 		.ascii	"-D\273a"
 200              		.text
 201              		.section	.gnu.lto_.symtab.b62bbf8342a88553,"",%progbits
 202 0000 5F5F6561 		.ascii	"__early_init\000"
 202      726C795F 
 202      696E6974 
 202      00
 203 000d 00       		.ascii	"\000"
 204 000e 00       		.ascii	"\000"
 205 000f 00       		.ascii	"\000"
 206 0010 00000000 		.ascii	"\000\000\000\000\000\000\000\000"
 206      00000000 
 207 0018 AD000000 		.ascii	"\255\000\000\000"
 208 001c 626F6172 		.ascii	"boardInit\000"
 208      64496E69 
 208      7400
 209 0026 00       		.ascii	"\000"
 210 0027 00       		.ascii	"\000"
 211 0028 00       		.ascii	"\000"
 212 0029 00000000 		.ascii	"\000\000\000\000\000\000\000\000"
 212      00000000 
 213 0031 AF000000 		.ascii	"\257\000\000\000"
 214 0035 70616C5F 		.ascii	"pal_default_config\000"
 214      64656661 
 214      756C745F 
ARM GAS  /tmp/ccJBFUMl.s 			page 15


 214      636F6E66 
 214      696700
 215 0048 00       		.ascii	"\000"
 216 0049 00       		.ascii	"\000"
 217 004a 00       		.ascii	"\000"
 218 004b 00000000 		.ascii	"\000\000\000\000\000\000\000\000"
 218      00000000 
 219 0053 F4000000 		.ascii	"\364\000\000\000"
 220 0057 73746D33 		.ascii	"stm32_clock_init\000"
 220      325F636C 
 220      6F636B5F 
 220      696E6974 
 220      00
 221 0068 00       		.ascii	"\000"
 222 0069 02       		.ascii	"\002"
 223 006a 00       		.ascii	"\000"
 224 006b 00000000 		.ascii	"\000\000\000\000\000\000\000\000"
 224      00000000 
 225 0073 B1000000 		.ascii	"\261\000\000\000"
 226              		.text
 227              		.section	.gnu.lto_.opts,"",%progbits
 228 0000 272D666D 		.ascii	"'-fmath-errno' '-fsigned-zeros' '-ftrapping-math' '"
 228      6174682D 
 228      6572726E 
 228      6F272027 
 228      2D667369 
 229 0033 2D666E6F 		.ascii	"-fno-trapv' '-fno-openmp' '-fno-openacc' '-mcpu=cor"
 229      2D747261 
 229      70762720 
 229      272D666E 
 229      6F2D6F70 
 230 0066 7465782D 		.ascii	"tex-m3' '-mno-thumb-interwork' '-mthumb' '-ggdb' '-"
 230      6D332720 
 230      272D6D6E 
 230      6F2D7468 
 230      756D622D 
 231 0099 4F322720 		.ascii	"O2' '-fomit-frame-pointer' '-falign-functions=16' '"
 231      272D666F 
 231      6D69742D 
 231      6672616D 
 231      652D706F 
 232 00cc 2D666675 		.ascii	"-ffunction-sections' '-fdata-sections' '-fno-common"
 232      6E637469 
 232      6F6E2D73 
 232      65637469 
 232      6F6E7327 
 233 00ff 2720272D 		.ascii	"' '-flto'\000"
 233      666C746F 
 233      2700
 234              		.text
 235              		.comm	__gnu_lto_v1,1,1
 236              		.comm	__gnu_lto_slim,1,1
 237              		.ident	"GCC: (GNU Tools for ARM Embedded Processors) 5.3.1 20160307 (release) [ARM/embedded-5-bran
ARM GAS  /tmp/ccJBFUMl.s 			page 16


DEFINED SYMBOLS
                            *ABS*:0000000000000000 board.c
                            *COM*:0000000000000001 __gnu_lto_v1
                            *COM*:0000000000000001 __gnu_lto_slim

NO UNDEFINED SYMBOLS
