ARM GAS  /tmp/cc7vK6Lo.s 			page 1


   1              		.syntax unified
   2              		.cpu cortex-m3
   3              		.fpu softvfp
   4              		.eabi_attribute 20, 1
   5              		.eabi_attribute 21, 1
   6              		.eabi_attribute 23, 3
   7              		.eabi_attribute 24, 1
   8              		.eabi_attribute 25, 1
   9              		.eabi_attribute 26, 1
  10              		.eabi_attribute 30, 2
  11              		.eabi_attribute 34, 1
  12              		.eabi_attribute 18, 4
  13              		.thumb
  14              		.syntax unified
  15              		.file	"chcore_v7m.c"
  16              		.text
  17              	.Ltext0:
  18              		.section	.gnu.lto_.profile.ef9a4ffe574899c6,"",%progbits
  19 0000 789C6361 		.ascii	"x\234ca```\001bF\006C\031\000\000\336\000W"
  19      60606001 
  19      62460643 
  19      190000DE 
  19      0057
  20              		.text
  21              		.section	.gnu.lto_.icf.ef9a4ffe574899c6,"",%progbits
  22 0000 789C6361 		.ascii	"x\234ca\200\000\021\006\004`f\350\376\375\265\231\205"
  22      80001106 
  22      046066E8 
  22      FEFDB599 
  22      85
  23 0011 F969EFFF 		.ascii	"\371i\357\377\333|,\313\216\364?cd\000\000d\371\011"
  23      DB7C2CCB 
  23      8EF43F63 
  23      64000064 
  23      F909
  24 0023 5F       		.ascii	"_"
  25              		.text
  26              		.section	.gnu.lto_.jmpfuncs.ef9a4ffe574899c6,"",%progbits
  27 0000 789C6361 		.ascii	"x\234ca\200\000^\006\004`\206\022, \032\000\002=\000"
  27      80005E06 
  27      04608612 
  27      2C201A00 
  27      023D00
  28 0013 1C       		.ascii	"\034"
  29              		.text
  30              		.section	.gnu.lto_.inline.ef9a4ffe574899c6,"",%progbits
  31 0000 789C6361 		.ascii	"x\234ca\200\0007\006\004`f`\340\027cd`\022\271\320\303"
  31      80003706 
  31      04606660 
  31      E0176364 
  31      6012B9D0 
  32 0015 C8C0B640 		.ascii	"\310\300\266@\236\011$\310\304\015\226\341\344\000J"
  32      9E0924C8 
  32      C40D96E1 
  32      E4004A
  33 0024 F03C8885 		.ascii	"\360<\210\205\213\2630pq\203\204\346D\302\205\030\271"
  33      8BB33070 
ARM GAS  /tmp/cc7vK6Lo.s 			page 2


  33      718384E6 
  33      44C28518 
  33      B9
  34 0035 40240010 		.ascii	"@$\000\020\230\006\321"
  34      9806D1
  35              		.text
  36              		.section	.gnu.lto_.pureconst.ef9a4ffe574899c6,"",%progbits
  37 0000 789C6361 		.ascii	"x\234ca``\340\002bf\206]\214\314\273\030Yv1\002\000"
  37      6060E002 
  37      6266865D 
  37      8CCCBB18 
  37      59763102 
  38 0015 0C14024A 		.ascii	"\014\024\002J"
  39              		.text
  40              		.section	.gnu.lto__port_irq_epilogue.part.0.ef9a4ffe574899c6,"",%progbits
  41 0000 789C9D54 		.ascii	"x\234\235T_LSg\024\377\316\367\335{[J\001\237\366\304"
  41      5F4C5367 
  41      14FFCEF7 
  41      DD7B5B4A 
  41      019FF6C4 
  42 0014 437920C6 		.ascii	"Cy \306\304x\215{\360i\211\013f\311\036\032I\373\260"
  42      C4788D7B 
  42      F069890B 
  42      66C91E1A 
  42      49FBB0
  43 0027 4733EF3A 		.ascii	"G3\357:i\244\264i\353\206O\\Z.\020\334\034\017J\246"
  43      69A4B469 
  43      EB864F5C 
  43      5A2E10DC 
  43      1C0F4AA6 
  44 003b D334421C 		.ascii	"\3234B\034\250c\010\256\333\200\315U\020\030\262A\230"
  44      A86308AE 
  44      DB80CD55 
  44      1018B241 
  44      98
  45 004c 7F5E240E 		.ascii	"\177^$\016\013\303e\232\005\014.\213I\271;\347\273\335"
  45      0BC3659A 
  45      050C2E8B 
  45      49B93BE7 
  45      BBDD
  46 005e 74E812B3 		.ascii	"t\350\022\263&\375\276{\3179\277s\316\367\373\235\357"
  46      26FDBE7B 
  46      CF39BF73 
  46      CEF7FB9D 
  46      EF
  47 006f 2ACCF9D5 		.ascii	"*\314\371\325\252\214M\343\376\006\376\301\305@\353"
  47      AA8C4DE3 
  47      FE06FEC1 
  47      C540EB
  48 007e 9CC5070D 		.ascii	"\234\305\007\015\270\3349\027\355[\231\351Qh\365\012"
  48      B8DC3917 
  48      ED5B99E9 
  48      5168F50A 
  49 008e 50C9DAEC 		.ascii	"P\311\332\354V\376~P\001\350\301t\003k\322\270PTh\202"
  49      56FE7E50 
  49      01E8C174 
  49      036BD2B8 
ARM GAS  /tmp/cc7vK6Lo.s 			page 3


  49      50546882 
  50 00a2 C7BCC061 		.ascii	"\307\274\300a\254me\230o\3535\361\2678\261\261\323\354"
  50      AC6D6598 
  50      6FEB35F1 
  50      B738B1B1 
  50      D3EC
  51 00b4 CB812518 		.ascii	"\313\201%\030\263\271S\025za\033\303\260\374\340\306"
  51      B3B95315 
  51      7A611BC3 
  51      B0FCE0C6 
  52 00c4 8932AD85 		.ascii	"\2112\255\205\302|\216\023\372\2608c\002\235\363-\227"
  52      C27C8E13 
  52      FAB03863 
  52      029DF32D 
  52      97
  53 00d5 4E8B756E 		.ascii	"N\213un\011\000\005_\327~<\265TN\257\034|\370\272rt"
  53      0900055F 
  53      D77E3CB5 
  53      544EAF1C 
  53      7CF8BA72 
  54 00ea E28A4BD4 		.ascii	"\342\212K\324\000\245\311\235\313\336\206\352\036\323"
  54      00A5C99D 
  54      CBDE86EA 
  54      1ED3
  55 00f8 4C998BD9 		.ascii	"L\231\213\331\326\267~:\327jv^u[B\300E\020\230\026."
  55      D6B77E3A 
  55      D76A765E 
  55      755B42C0 
  55      45109816 
  56 010d 40259C87 		.ascii	"@%\234\207J\247\366gP\215\230\017>,\254W\020\246Cvx"
  56      4AA7F667 
  56      508D980F 
  56      3E2CAC57 
  56      10A64376 
  57 0122 B22FD7E2 		.ascii	"\262/\327\342C\004{.\274_\206wL/wW\210\217@\326\373"
  57      43047B2E 
  57      BC5F8677 
  57      4C2F7757 
  57      888F40D6 
  58 0137 7D63A1C3 		.ascii	"}c\241\303\353\324\313\025\246*O\232\022\253\300\347"
  58      EBD4CB15 
  58      A62A4F9A 
  58      12ABC0E7 
  59 0147 2FA83600 		.ascii	"/\2506\000\325\003\001\323\264\355\264\3319\372\012"
  59      D50301D3 
  59      B4EDB4D9 
  59      39FA0A
  60 0156 784136C0 		.ascii	"xA6\300\245C\310Ua\226PU\\4\306V\221\003bt\225k\264"
  60      A543C855 
  60      61965055 
  60      5C34C656 
  60      91036274 
  61 016d 8B35CEE5 		.ascii	"\2135\316\345~\037\232\363\331\326\205]\2338#\270\244"
  61      7E1F9AF3 
  61      D9D6855D 
  61      9B3823B8 
  61      A4
ARM GAS  /tmp/cc7vK6Lo.s 			page 4


  62 017e 8C6D6233 		.ascii	"\214mb3wt\252\033\024\006\227@\2639l\246\232:`0H0\030"
  62      7774AA1B 
  62      14069740 
  62      B3396CA6 
  62      9A3A6030 
  63 0195 C215093F 		.ascii	"\302\025\011?\016\030\323u\254+\243TuC\306\374\030\317"
  63      0E18D375 
  63      AC2BA354 
  63      7543C6FC 
  63      18CF
  64 01a7 E3225821 		.ascii	"\343\"X!o-\225(\330\025\\\206*Ye2\177yDC\013|\001JZ"
  64      6F2D9528 
  64      D8155C86 
  64      2A596532 
  64      7F794443 
  65 01c0 2014B258 		.ascii	" \024\262X)\017\251Ej\220\362Qz\362\220m\242g^\241."
  65      290FA945 
  65      6A90F251 
  65      7AF2906D 
  65      A2675EA1 
  66 01d5 6449B602 		.ascii	"dI\266\002\251Gm7\201\014i\301\235\030.\335\003\004"
  66      A9476D37 
  66      810C69C1 
  66      9D182EDD 
  66      0304
  67 01e7 E118903E 		.ascii	"\341\030\220>\335z\373\374.'B\240\011+\336\270w\255"
  67      DD7AFBFC 
  67      2E2742A0 
  67      092BDEB8 
  67      77AD
  68 01f9 4B750661 		.ascii	"Ku\006a\321\266\355\012\370\022\311\375\027PP\346\365"
  68      D1B6ED0A 
  68      F812C9FD 
  68      175050E6 
  68      F5
  69 020a D5D9944A 		.ascii	"\325\331\224J6\204,\367>:QB\020\305\201\240\351\346"
  69      36842CF7 
  69      3E3A5142 
  69      10C581A0 
  69      E9E6
  70 021c DCFC4C69 		.ascii	"\334\374Li\006\3164#\003[,\341\306\334\360\025\251\204"
  70      06CE3423 
  70      035B2CE1 
  70      C6DCF015 
  70      A984
  71 022e BE876787 		.ascii	"\276\207g\207>\321\364~\"\307|\325\022%\3605d`C\016"
  71      3ED1F47E 
  71      22C77CD5 
  71      1225F035 
  71      6460430E 
  72 0242 2B0C834E 		.ascii	"+\014\203N\303\370\313\2239\231\320\003\030\343\206"
  72      C3F8CB93 
  72      3999D003 
  72      18E386
  73 0251 1144CAD3 		.ascii	"\021D\312\323\334\275\340q\232U\250\215bW\010\230z\260"
  73      DCBDE071 
  73      9A55A88D 
ARM GAS  /tmp/cc7vK6Lo.s 			page 5


  73      62570898 
  73      7AB0
  74 0263 7CC62D3E 		.ascii	"|\306->u\006\346\301\362\332xiq`\036\267\211\342\300"
  74      7506E6C1 
  74      F2DA7869 
  74      71601EB7 
  74      89E2C0
  75 0276 08187DC1 		.ascii	"\010\030}\301\300|C\007R\330}H\241\342+\233\024\317"
  75      C07C4307 
  75      52D87D48 
  75      A1E22B9B 
  75      14CF
  76 0288 CDDC0A50 		.ascii	"\315\334\012PDQY\376\334%\202o\245\252W\350\026\001"
  76      445159FE 
  76      DC25826F 
  76      A5AA57E8 
  76      1601
  77 029a CB92AADD 		.ascii	"\313\222\252\335\231\241?=U\343EUK\011\322\2774j\272"
  77      99A13F3D 
  77      55E34555 
  77      4B09D2BF 
  77      346ABA
  78 02ad A5AADF15 		.ascii	"\245\252\337\025U]85r\334C\252\346HU\005=W\345\255\353"
  78      555D3835 
  78      72DC43AA 
  78      E6485505 
  78      3D57E5AD 
  79 02c2 194CFDE0 		.ascii	"\031L\375\340\255\232|v$f\217\245\316z%x\214\3000.\345"
  79      AD9A7C76 
  79      24668FA5 
  79      CE7A2578 
  79      8CC0302E 
  80 02d7 77D4A0D6 		.ascii	"w\324\240\326\330\257\220\316\375|\335\353\320\242\""
  80      D8AF90CE 
  80      FD7CDDEB 
  80      D0A222
  81 02e6 6278F8E1 		.ascii	"bx\370\341\035WS\301l\227\314{m\216\237\002\270\006"
  81      1D5753C1 
  81      6C97CC7B 
  81      6D8E9F02 
  81      B806
  82 02f8 4D38F365 		.ascii	"M8\363e\354\036\264\334I\037x\032\334e\215\315\271\210"
  82      EC1EB4DC 
  82      491F781A 
  82      DC658DCD 
  82      B988
  83 030a 693AC144 		.ascii	"i:\301D\221\2255\204\264o\025\310\370\223\266\331\213"
  83      91953584 
  83      B46F15C8 
  83      F893B6D9 
  83      8B
  84 031b B5458E5F 		.ascii	"\265E\216_V\322\335$\351\244\224\024\210\342))\3513"
  84      56D2DD24 
  84      E9A49414 
  84      88E22929 
  84      E933
  85 032d 5D99472C 		.ascii	"]\231G,Qns:\366\367\330\026\325S\376\251\367\307\377"
ARM GAS  /tmp/cc7vK6Lo.s 			page 6


  85      516E733A 
  85      F6F7D816 
  85      D553FEA9 
  85      F7C7FF
  86 0340 AB37FDB4 		.ascii	"\2537\375\264\336\365\377\250\207\337^\230)\326S\345"
  86      DEF5FFA8 
  86      87DF5E98 
  86      29D653E5 
  87 0350 3DFF0D52 		.ascii	"=\377\015R[\234O\344*B\321\2024\357\321\353\242\221"
  87      5B9C4FE4 
  87      2A42D182 
  87      34EFD1EB 
  87      A291
  88 0362 909E08D5 		.ascii	"\220\236\010\325\207#\372\373\321\370\241p\303A\275"
  88      8723FAFB 
  88      D1F8A170 
  88      C341BD
  89 0371 A62E7C20 		.ascii	"\246.| \274/\250G\023\272\021\215D\242\015z,\032O&\364"
  89      BC2FA847 
  89      13BA118D 
  89      44A20D7A 
  89      2C1A4F26 
  90 0386 D703FE1A 		.ascii	"\327\003\376\032\177\243n\324\031\321xh\377{\273#;\014"
  90      7FA36ED4 
  90      19D17868 
  90      FF7BBB23 
  90      3B0C
  91 0398 A6C54389 		.ascii	"\246\305C\211\303\365\311\275/\227'\324\230\324k\374"
  91      C3F5C9BD 
  91      2F9727D4 
  91      98D46BFC 
  92 03a8 C137837A 		.ascii	"\3017\203z\270\301\250?\374NH7\"\211pb\377A\303\330"
  92      B8C1A83F 
  92      FC4E4837 
  92      22897062 
  92      FF41C3D8 
  93 03bc 51C71423 		.ascii	"Q\307\024#\331\030+\363\007\202\276\352\235\333}\261"
  93      D9182BF3 
  93      0782BEEA 
  93      9DDB7DB1 
  94 03cc 44CCC3C4 		.ascii	"D\314\303\304kqV\236\214\306\366\275[\033\217\032\301"
  94      6B71569E 
  94      8CC6F6BD 
  94      5B1B8F1A 
  94      C1
  95 03dd E4DBC6A1 		.ascii	"\344\333\306\2412\1770@\316\355\030\345a<\316D\"\306"
  95      327F3040 
  95      CEED18E5 
  95      613CCE44 
  95      22C6
  96 03ef FE027A22 		.ascii	"\376\002z\"\020\200"
  96      1080
  97              		.text
  98              		.section	.gnu.lto_SVC_Handler.ef9a4ffe574899c6,"",%progbits
  99 0000 789CA593 		.ascii	"x\234\245\223]h\024W\024\307\357\271w\366\303\315&\372"
  99      5D681457 
  99      14C7EFB9 
ARM GAS  /tmp/cc7vK6Lo.s 			page 7


  99      77F6C3CD 
  99      26FA
 100 0012 2658A1BB 		.ascii	"&X\241\273\017y\010\210#E\350S\301\022\037\364aQ\262"
 100      0F790888 
 100      2345E853 
 100      C1121FF4 
 100      6151B2
 101 0025 0F7D9438 		.ascii	"\017}\2248\035\335\305Lf\231\331\330\364\311\311&\233"
 101      1DDDC54C 
 101      6699D9D8 
 101      F4C9C926 
 101      9B
 102 0036 A04288C5 		.ascii	"\240B\210\305\006#\332\305\2105\255\237\211\306\217"
 102      0623DAC5 
 102      8835AD9F 
 102      89C68F
 103 0045 68376362 		.ascii	"h7cbb#iD\251\305B\036\342&n \202\030\251\340K\222\236"
 103      62236944 
 103      A9C5421E 
 103      E2266E20 
 103      8218A9E0 
 104 005c 736729BA 		.ascii	"sg)\272\021Z\350<\314\307=\377\363?\347\374\356\035"
 104      115AE83C 
 104      CCC73DFF 
 104      F33FE7FC 
 104      EE1D
 105 006e 8579D70F 		.ascii	"\205y\327\017\012c5\300\330'\370\016\202\001\357\232"
 105      0A6335C0 
 105      D827F80E 
 105      8201EF9A 
 106 007e 62AC25C8 		.ascii	"b\254%\310\001\350\305\011\002;\304\341\020\274\345"
 106      01E8C509 
 106      023BC4E1 
 106      10BCE5
 107 008d 4B1C463A 		.ascii	"K\034F:\212\267y\315y\007\257\231\261\234p\372\\\310"
 107      8AB779CD 
 107      7907AF99 
 107      B19C70FA 
 107      5CC8
 108 009f 0AC656B8 		.ascii	"\012\306V\270g\005\347\241\206\241\354q\333\325S\342"
 108      6705E7A1 
 108      86A1EC71 
 108      DBD553E2 
 109 00af 2F9E1500 		.ascii	"/\236\025\000\012~.\376vr\266\212>9D\360\363\310\304"
 109      0A7E2EFE 
 109      7672B68A 
 109      3E3944F0 
 109      F3C8C4
 110 00c2 5CEF5A51 		.ascii	"\\\357ZQ\013\244|\265<}$\\}\326q2\216{l|}\217\343\266"
 110      0BA47CB5 
 110      3C7D245C 
 110      7DD67132 
 110      8E7B6C7C 
 111 00da 45B242C0 		.ascii	"E\262B\300\317 \320\024~\202\215\320\007\033\2459\252"
 111      CF20D014 
 111      7E828DD0 
 111      071BA539 
ARM GAS  /tmp/cc7vK6Lo.s 			page 8


 111      AA
 112 00eb 0BFDCBDF 		.ascii	"\013\375\313\337W\372\333\250|\004.@\265W\030.\202\037"
 112      57FADBA8 
 112      7C042E40 
 112      B557182E 
 112      821F
 113 00fd FBE7B482 		.ascii	"\373\347\264\202\242\342\321\261|@\354\220\366\356\271"
 113      A2E2D1B1 
 113      7C40EC90 
 113      F6EEB9
 114 010c C13FC0B3 		.ascii	"\301?\300\263\237\031n\377\352\311\271v\247\353^0+\024"
 114      9F196EFF 
 114      EAC9B976 
 114      A7EB5E30 
 114      2B14
 115 011e B8B4BA00 		.ascii	"\270\264\272\000\\\206\352+u\256\263\262\322\212\323"
 115      5C86EA2B 
 115      75AEB3B2 
 115      D28AD3
 116 012d 7D7AEBDD 		.ascii	"}z\353\335B0\200<\320U\221w\037\313\012\237_\312\030"
 116      4230803C 
 116      D0559177 
 116      1FCB0A9F 
 116      5FCA18
 117 0140 7B8D9589 		.ascii	"{\215\225\211\317\"\347\364\024\363\320R\030n\237\376"
 117      CF22E7F4 
 117      14F3D052 
 117      186E9FFE 
 118 0150 ECC32EDD 		.ascii	"\354\303.\335\243\223-\240\310\016W8\254\032\201\234"
 118      A3932DA0 
 118      C80E5738 
 118      AC1A819C 
 119 0160 E00AF8B1 		.ascii	"\340\012\370\261\366U\274\343\020\307\0015\335\235\335"
 119      F655BCE3 
 119      10C70135 
 119      DD9DDD
 120 016f 3925DA0B 		.ascii	"9%\332\0139\347\004\302\360S\332R!;\273F\301\232\320"
 120      39E704C2 
 120      F053DA52 
 120      213BBB46 
 120      C19AD0
 121 0182 0F51C962 		.ascii	"\017Q\311b\274pm\310\217+0\000J\253 \213kX\251\000\231"
 121      BC706DC8 
 121      8F2B3000 
 121      4AAB208B 
 121      6B58A900 
 122 0197 196A83FC 		.ascii	"\031j\203\374\310\236\"\264\226-\272\212\344$\233/B"
 122      C89E22B4 
 122      962DBA8A 
 122      E4249B2F 
 122      42
 123 01a8 E64DC77D 		.ascii	"\346M\307}\240\205V!<\015\227\341\013\224\"P\320z\252"
 123      A0855621 
 123      3C0D97E1 
 123      0B942250 
 123      D07AAA
 124 01bb BDD853E5 		.ascii	"\275\330S\345)\320_\274\277\215\000\021\270\216\320"
ARM GAS  /tmp/cc7vK6Lo.s 			page 9


 124      29D05FBC 
 124      BF8D0011 
 124      B88ED0
 125 01ca 3E48523C 		.ascii	">HR<\327\345\036\277\227\344\243\245\222\002\223\037"
 125      D7E51EBF 
 125      97E4A3A5 
 125      9202931F 
 126 01da BC9C3B1D 		.ascii	"\274\234;\035\024?\202\204\360rnq\264\242\264\353K\177"
 126      143F8284 
 126      F0726E71 
 126      B4A2B4EB 
 126      4B7F
 127 01ec 869DAE16 		.ascii	"\206\235\256\026\271'\203\037\331\223\033\344\355c\363"
 127      B927831F 
 127      D9931BE4 
 127      ED63F3
 128 01fb 9041BCC5 		.ascii	"\220A\274\305r\274\023\217\200\024%\300\274\0340\203"
 128      72BC138F 
 128      801425C0 
 128      BC1C3083 
 129 020b 9B12EE2D 		.ascii	"\233\022\356-: \300\006\011non\340](:Z\202\033\240\224"
 129      3A20C006 
 129      096E6F6E 
 129      E05D283A 
 129      5A821BA0 
 130 0220 4BB3779C 		.ascii	"K\263w\234\240\204{\273\004w\372\344\320\361\020\301"
 130      A0847BBB 
 130      0477FAE4 
 130      D0F110C1 
 131 0230 1D22B83E 		.ascii	"\035\"\270>\214\334\221'\371l\177f2\034\035\177\177"
 131      8CDC9127 
 131      F96C7F66 
 131      321C1D7F 
 131      7F
 132 0241 67A63A33 		.ascii	"g\246:3g\3022\371.%\303/\360\317\330\2625\302\277\216"
 132      67C232F9 
 132      2E25C32F 
 132      F0CFD8B2 
 132      35C2BF8E 
 133 0255 84F3773B 		.ascii	"\204\363w;~\007\361\320#0\230\177v\"T:\230\217;\215"
 133      7E07F1D0 
 133      2330987F 
 133      7622543A 
 133      988F3B8D 
 134 0269 9E67738E 		.ascii	"\236gs\216\363\235\003D!\377\021\012\303\362dwgG\036"
 134      F39D0344 
 134      21FF110A 
 134      C3F26477 
 134      67471E
 135 027c 05680314 		.ascii	"\005h\003\024\234\306\305\230Gerk\031\225\303O\241D"
 135      9CC6C598 
 135      4765726B 
 135      1995C34F 
 135      A144
 136 028e 44941171 		.ascii	"D\224\021q\317\234\356\204\015\014\356QP)\013:o\247"
 136      CF9CEE84 
 136      0D0CEE51 
ARM GAS  /tmp/cc7vK6Lo.s 			page 10


 136      50290B3A 
 136      6FA7
 137 02a0 802A3118 		.ascii	"\200*1\030\241\260o5\315QI\363\276G\363\030\3777\232"
 137      A1B06F35 
 137      CD5149F3 
 137      BE47F318 
 137      FF379A
 138 02b3 63259ACB 		.ascii	"c%\232\313\271\347\371\012\2429\016\212\354\233\301"
 138      B9E7F90A 
 138      A2390E8A 
 138      EC9BC1
 139 02c2 0389B32F 		.ascii	"\003\211\263/?\372\"\034\355\345^v\220\264o.\017<\255"
 139      3FFA221C 
 139      EDE55E76 
 139      90B46F2E 
 139      0F3CAD
 140 02d5 90D9BF4A 		.ascii	"\220\331\277J\234\023\036N\211\200\261\005<\312/\026"
 140      9C131E4E 
 140      8980B105 
 140      3CCA2F16 
 141 02e5 82349C04 		.ascii	"\2024\234\004\363\032\177*\374\373P\276MM\230\206\256"
 141      F31A7F2A 
 141      FCFB50BE 
 141      4D4D9886 
 141      AE
 142 02f6 DA7A43D2 		.ascii	"\332zC\322P\2771\255\003\311\306\375jm\"\2717\271+\256"
 142      50BF31AD 
 142      03C9C6FD 
 142      6A6D22B9 
 142      37B92BAE 
 143 030a 9AB6AA99 		.ascii	"\232\266\252\231\206a6\252)\323J\333\352\227u\261\332"
 143      866136AA 
 143      29D34ADB 
 143      EA9775B1 
 143      DA
 144 031b 58B3AA25 		.ascii	"X\263\252%4\323\322\367\034\374\334\330\2541EK7\247"
 144      34D3D2F7 
 144      1CFCDCD8 
 144      AC31454B 
 144      37A7
 145 032d FC966E37 		.ascii	"\374\226n75\244\267\37773\2759\255\326\306\342;\343"
 145      35A4B7FF 
 145      3733BD39 
 145      ADD6C6E2 
 145      3BE3
 146 033f 6AB2516B 		.ascii	"j\262Qkh\372ZW5\303N\332{\366k\332\346\004\253\214\325"
 146      68FA5A57 
 146      35C34EDA 
 146      7BF66BDA 
 146      E604AB8C 
 147 0354 C523D55B 		.ascii	"\305#\325[6ERv*\304\304\027\026\253J\233\251]\373v["
 147      36455276 
 147      2AC4C417 
 147      16AB4A9B 
 147      A95DFB76 
 148 0369 A6164FD7 		.ascii	"\246\026O\327k\007*c\361:\012nBU\210q\213\011;\305|"
 148      6B072A63 
ARM GAS  /tmp/cc7vK6Lo.s 			page 11


 148      F13A0A6E 
 148      42558871 
 148      8B093BC5 
 149 037e 07EB1B9A 		.ascii	"\007\353\033\232\364\3779M\202\255#\357\275\365\266"
 149      F4FF394D 
 149      82AD23EF 
 149      BDF5B6
 150 038d 9EB292E4 		.ascii	"\236\262\222\344\317\002\206n\230\326\267\354oJ\222"
 150      CF02866E 
 150      98D6B7EC 
 150      6F4A92
 151 039c E5AA     		.ascii	"\345\252"
 152              		.text
 153              		.section	.gnu.lto__port_irq_epilogue.ef9a4ffe574899c6,"",%progbits
 154 0000 789CA553 		.ascii	"x\234\245SMHTQ\024\276\337\275o\306i\314\230U\220\270"
 154      4D485451 
 154      14BEDFBD 
 154      6FC669CC 
 154      985590B8 
 155 0014 18172E82 		.ascii	"\030\027.\202\350\271\210\\\005\205mZH\240\264\226\234"
 155      E8B9885C 
 155      05856D5A 
 155      48A0B496 
 155      9C
 156 0025 861CF239 		.ascii	"\206\034\36292\243\375\254\274:NVDDdX\024\003\265\320"
 156      32A3FDAC 
 156      BC3A4E56 
 156      44446458 
 156      1403B5D0 
 157 0039 2C7FCB6A 		.ascii	",\177\313jt\324I\023\012\324\010&\220\334\370\223\232"
 157      74D44913 
 157      0AD40826 
 157      90DCF893 
 157      9A
 158 004a 65A05150 		.ascii	"e\240QP\2243\235\373\236J\032Q\320\205\367\356\273\367"
 158      94339DFB 
 158      9E4A1A51 
 158      D085F7EE 
 158      BBF7
 159 005c FC7CE77C 		.ascii	"\374|\347|\347{\032\263\326\007\301\330{\332\367\321"
 159      E77B1AB3 
 159      D607C1D8 
 159      7BDAF7D1 
 160 006c 033B03BF 		.ascii	"\003;\003\277<\306X\215\203s\221\330\316\244S\213\345"
 160      3CC6588D 
 160      837391D8 
 160      CEA4538B 
 160      E5
 161 007d 31B955C0 		.ascii	"1\271U\300\246\256\241Y{\215\303\006\250\017\351\000"
 161      A6AEA159 
 161      7B8DC306 
 161      A80FE900 
 162 008d ABE642B3 		.ascii	"\253\346B\263\241\032_\370\012\307`\375\\\224\357l\222"
 162      A11A5FF8 
 162      0AC760FD 
 162      5C94EF6C 
 162      92
ARM GAS  /tmp/cc7vK6Lo.s 			page 12


 163 009e B4268793 		.ascii	"\264&\207\223\271\2629\2160\001\244\270\005\206&\354"
 163      B9B2398E 
 163      3001A4B8 
 163      058626EC 
 164 00ae 64E436DD 		.ascii	"d\3446\335\231l\310\260\327)7\267eD3\354\240\275\275"
 164      996CC8B0 
 164      D72937B7 
 164      654433EC 
 164      A0BDBD
 165 00c1 302E53A9 		.ascii	"0.S\251\220\224\251\334\261\034\007ga\001\241^\214-"
 165      9094A9DC 
 165      B11C0767 
 165      6101A15E 
 165      8C2D
 166 00d3 919BC25C 		.ascii	"\221\233\302\\\346\\\355b\032\265.\225\353U]\307M\361"
 166      E65CED62 
 166      1AB52E95 
 166      EB555DC7 
 166      4DF1
 167 00e5 99870587 		.ascii	"\231\207\005\207F\307\345\321\0333\333\324Q\300M\307"
 167      46C7E5D1 
 167      1B33DBD4 
 167      51C04DC7 
 168 00f5 F9587D02 		.ascii	"\371X}\002\"\037\312\263\273\177\274\321\231sG\312Z"
 168      221FCAB3 
 168      BB7FBCD1 
 168      997347CA 
 168      5A
 169 0106 39F9E0EC 		.ascii	"9\371\340\354\221\353\343o\245\274\"\251@\015\367 \250"
 169      91EBE36F 
 169      A5BC22A9 
 169      400DF720 
 169      A8
 170 0117 0CB4200B 		.ascii	"\014\264 \013w\221e\325z\0379\024T\277 \3734\225O\203"
 170      779165D5 
 170      7A1F3914 
 170      54BF20FB 
 170      34954F83 
 171 012b 1BAD649B 		.ascii	"\033\255d\233G\355t\367\205\221=\033\333\210\237O\302"
 171      47ED74F7 
 171      85913D1B 
 171      DB889F4F 
 171      C2
 172 013c 6C22C5B1 		.ascii	"l\"\305\261\251\303\370\354\305\357\330\301\320\246"
 172      A9C3F8EC 
 172      C5EFD8C1 
 172      D0A6
 173 014a 8C7C9351 		.ascii	"\214|\223Q.\214B!1\264+\263\370\215\035t\320T\030:\025"
 173      2E8C4221 
 173      31B42BB3 
 173      F88D1D74 
 173      D054183A 
 174 015f 3D602F41 		.ascii	"=`/A\366\333\221\256\257\316\354IDd\243;,l*\244u\246"
 174      F6DB91AE 
 174      AFCEEC49 
 174      4464A33B 
 174      2C6C2AA4 
ARM GAS  /tmp/cc7vK6Lo.s 			page 13


 175 0175 573A3462 		.ascii	"W:4b\010]\310f\352fi11\301\351\006\017hj\252n\206\207"
 175      085DC866 
 175      EA666931 
 175      31C1E906 
 175      0F686AAA 
 176 018c 2641CDFD 		.ascii	"&A\315\375C\263[\263gV\243\355\312\367S[\327\353t3\272"
 176      43B35BB3 
 176      6756A3ED 
 176      CAF7535B 
 176      D7EB7433 
 177 01a1 5B45E311 		.ascii	"[E\343\02146\015nR\300\330\034\006{\242\013\221\275"
 177      34360D6E 
 177      52C0D81C 
 177      067BA20B 
 177      91BD
 178 01b3 AABB9050 		.ascii	"\252\273\220PS\276\026\036|\231\2468I3{\255\211\306"
 178      53BE161E 
 178      7C99A638 
 178      49337BAD 
 178      89C6
 179 01c5 AEDAACA3 		.ascii	"\256\332\254\243|\023\222\333\324P\032k\247\034\021"
 179      7C1392DB 
 179      D4501A6B 
 179      A71C11
 180 01d4 DC22721D 		.ascii	"\334\"r\035xB\254>V\025\220a\261\341y\213So\225ud\331"
 180      7842AC3E 
 180      56159061 
 180      B1E1798B 
 180      536F9575 
 181 01ea 82282248 		.ascii	"\202(\"H\232\332@\017tB\012\3758\233\340\026\220\260"
 181      9ADA400F 
 181      74420AFD 
 181      389BE016 
 181      90B0
 182 01fc B03E8ECC 		.ascii	"\260>\216\314\3366\371\007\244\013\275\224f\012u\023"
 182      DE36F907 
 182      A40BBD94 
 182      660A7513 
 183 020c A1CC5527 		.ascii	"\241\314U'\362h_\214~\313\260<\030b\253\323[&*\023\333"
 183      F2685F8C 
 183      7ECBB03C 
 183      1862ABD3 
 183      5B262A13 
 184 0221 C53B845C 		.ascii	"\305;\204\\\312SAG\243\213\023i\325+\362\234\224\256"
 184      CA534147 
 184      A38B1369 
 184      D52BF29C 
 184      94AE
 185 0233 B070A6B8 		.ascii	"\260p\246\270F\260}\250&y\245\233\021\032\213\345\255"
 185      46B07DA8 
 185      2679A59B 
 185      111A8BE5 
 185      AD
 186 0244 CB6AA358 		.ascii	"\313j\243X\214\277\211\245\337\024\313:1\032\2252\360"
 186      8CBF89A5 
 186      DF14CB3A 
 186      311A9532 
ARM GAS  /tmp/cc7vK6Lo.s 			page 14


 186      F0
 187 0255 67B1BC98 		.ascii	"g\261\274\230\343\253b\261\375.\226K\310d\210+\243}"
 187      E3AB62B1 
 187      FD2E964B 
 187      C864882B 
 187      A37D
 188 0267 B358BE8C 		.ascii	"\263X\276\214A!1<\375\203X\006M\261\014\375\"\226dd"
 188      4121313C 
 188      FD835806 
 188      4DB10CFD 
 188      22966464 
 189 027b AA3F7D4D 		.ascii	"\252?}M\007\003\246\016\236\231:\330<\364\341\265\241"
 189      0703A60E 
 189      9E993AD8 
 189      3CF4E1B5 
 189      A1
 190 028c 2B00930F 		.ascii	"+\000\223\017\233\371\237\275W\204\230k\211\244M7\024"
 190      9BF99FBD 
 190      5784986B 
 190      89A44D37 
 190      14
 191 029d B25F2FF5 		.ascii	"\262_/\365\033^=\350-\363\031\372)\177\340\204\257\374"
 191      1B5E3DE8 
 191      2DF319FA 
 191      297FE084 
 191      AFFC
 192 02af B89E5FEA 		.ascii	"\270\236_\352+\361\035.\322\375A\335\3437\014\177\271"
 192      2BF11D2E 
 192      D2FD41DD 
 192      E3370C7F 
 192      B9
 193 02c0 5EE10F54 		.ascii	"^\341\017T\006\365\003\205\005\371\005\247uO\251\307"
 193      06F50385 
 193      05F905A7 
 193      754FA9C7 
 194 02d0 1FF0169F 		.ascii	"\037\360\026\237\3143v{\230\355\344\321\262*\357\177"
 194      CC33767B 
 194      98EDE4D1 
 194      B22AEF7F 
 195 02e0 A6296507 		.ascii	"\246)e\007\377-\201\367t\245\236_Pt\250H\367\225{\312"
 195      FF2D81F7 
 195      74A59E5F 
 195      5074A848 
 195      F7957BCA 
 196 02f4 AA8E7975 		.ascii	"\252\216yu\217\021\364\005\213\217{<\224\304UPT\350"
 196      8F11F405 
 196      8B8F7B3C 
 196      94C45550 
 196      54E8
 197 0306 2E391AF4 		.ascii	".9\032\364V\004|\273\3349\271\214\007X\232\3415\374"
 197      56047CBB 
 197      DC39B98C 
 197      07589AE1 
 197      35FC
 198 0318 8133EC27 		.ascii	"\2013\354'@\037\250\273"
 198      401FA8BB 
 199              		.text
ARM GAS  /tmp/cc7vK6Lo.s 			page 15


 200              		.section	.gnu.lto_.symbol_nodes.ef9a4ffe574899c6,"",%progbits
 201 0000 789C6361 		.ascii	"x\234ca``\250\001b\006\246=\214\365\014\014\023\316"
 201      6060A801 
 201      6206A63D 
 201      8CF50C0C 
 201      13CE
 202 0012 3130D433 		.ascii	"10\32430\356lY\330\240\300\300\300\270\215\261\236\021"
 202      30EE6C59 
 202      D8A0C0C0 
 202      C0B88DB1 
 202      9E11
 203 0024 2CC6C0D0 		.ascii	",\306\300\320\260\000$\260\235\261\236\011Y\200i3c="
 203      B00024B0 
 203      9DB19E09 
 203      59806933 
 203      633D
 204 0036 335417C3 		.ascii	"3T\027\303\256\006E\240\310\026\306z\026\024\021\306"
 204      AE0645A0 
 204      C816C67A 
 204      161411C6 
 205 0046 AD8CF5AC 		.ascii	"\255\214\365\2540M c\231\031X\031\226\264\277\221gf"
 205      304D2063 
 205      99195819 
 205      96B4BF91 
 205      6766
 206 0058 616078B4 		.ascii	"a`x\264R\215\001\000\254F\036Z"
 206      528D0100 
 206      AC461E5A 
 207              		.text
 208              		.section	.gnu.lto_.refs.ef9a4ffe574899c6,"",%progbits
 209 0000 789C6361 		.ascii	"x\234ca``\340\004b&\006&F~&&\001\006\000\001i\0006"
 209      6060E004 
 209      62260626 
 209      467E2626 
 209      01060001 
 210              		.text
 211              		.section	.gnu.lto_.decls.ef9a4ffe574899c6,"",%progbits
 212 0000 789CBD58 		.ascii	"x\234\275X}LTW\026\237\373\356\3000\303\000\006i\267"
 212      7D4C5457 
 212      169FFBEE 
 212      C030C300 
 212      0669B7
 213 0013 4DC8A6E9 		.ascii	"M\310\246\351\222\310\376QG\353&\333?\372\2078\352\352"
 213      92C8FE51 
 213      47EB26DB 
 213      3FFA8738 
 213      EAEA
 214 0025 1F6ECD50 		.ascii	"\037n\315P\315&Mv\212\303(\223\362\325\231qk\223M\372"
 214      CD264D76 
 214      8AC32893 
 214      F2D59971 
 214      6B934DFA 
 215 0039 0414FC1E 		.ascii	"\004\024\374\036\025\021\021\021P\221OA\371RQ\234\252"
 215      15111111 
 215      50914F41 
 215      F952519C 
 215      AA
ARM GAS  /tmp/cc7vK6Lo.s 			page 16


 216 004a 7C888522 		.ascii	"|\210\205\"(\210\200\240 ~!\202(\210\240\356\271\367"
 216      288880A0 
 216      207E2182 
 216      2888A0EE 
 216      B9F7
 217 005c BEC77B8C 		.ascii	"\276\307{\214`\233\335d_<\2179\357\375\316\357\234{"
 217      609BDD64 
 217      5F3C8F39 
 217      EFFDCEEF 
 217      9C7B
 218 006e EEB9E7DD 		.ascii	"\356\271\347\335\253R\301.\367\217\024\212<\254P\304"
 218      AB52C12E 
 218      F78F148A 
 218      3CAC50C4 
 219 007e 2185E22D 		.ascii	"!\205\342-\\Jx\266Z!]\356 \005 E \247@J@\312@*\025\357"
 219      5C4A78B6 
 219      5A215DEE 
 219      20052045 
 219      20A7404A 
 220 0098 5E04E723 		.ascii	"^\004\347#\330\373\202\370\201T\203\334\005\231\003"
 220      D8FB82F8 
 220      815483DC 
 220      059903
 221 00a7 7206A41F 		.ascii	"r\006\244\037\244\015\244\016d\025\310S\220A\220\363"
 221      A40DA40E 
 221      6415C853 
 221      904190F3 
 222 00b7 2043201C 		.ascii	" C \034\310-\220N\231\357\021\220q\301\247\030\207\353"
 222      C82D904E 
 222      99EF1190 
 222      71C1A718 
 222      87EB
 223 00c9 45E252BB 		.ascii	"E\342R\273\370\276+\370\237#\370%\276\024H\032W\211"
 223      F8BE2BF8 
 223      9F23F825 
 223      BE14481A 
 223      5789
 224 00db 8C9B83E7 		.ascii	"\214\233\203\347J\020\025z\227\233\214W+p\317q\031\233"
 224      4A10157A 
 224      979B8C57 
 224      2B70CF71 
 224      199B
 225 00ed C86904F9 		.ascii	"\310i\004\371'\310\237@\276\005\311\027\\}C8\005\216"
 225      27C89F40 
 225      BE05C917 
 225      5C7D4338 
 225      058E
 226 00ff 35F03B54 		.ascii	"5\360;T\360Q \363\351z\275\346\320\371\346\361\006e"
 226      F05120F3 
 226      E97ABDE6 
 226      D0F9E6F1 
 226      0665
 227 0111 3B6A4390 		.ascii	";jC\220\0174\213>E\210\335\021\025\005\023\252\302\017"
 227      0F348B3E 
 227      4588DD11 
 227      150513AA 
 227      C20F
ARM GAS  /tmp/cc7vK6Lo.s 			page 17


 228 0123 8EDE15D2 		.ascii	"\216\336\025\322#$\002\005\235\023\177*&\311\350?\301"
 228      23240205 
 228      9D137F2A 
 228      26C9E83F 
 228      C1
 229 0134 9ECE3DBD 		.ascii	"\236\316=\275(\211\304\216\004#\246\013\306\012$\350"
 229      2889C48E 
 229      0423A60B 
 229      C60A24E8 
 230 0144 9CE40031 		.ascii	"\234\344\0001U4\220\361\261p\005:)\346\3111!q\320\023"
 230      553490F1 
 230      B170053A 
 230      29E6C931 
 230      2171D013 
 231 0158 3B2ACBB4 		.ascii	";*\313\264\030\262\002\277\273\306\262\227\316\315\347"
 231      18B202BF 
 231      BBC6B297 
 231      CECDE7
 232 0167 E172F03C 		.ascii	"\341r\360<\367\245\224\231kqE\251\3709\207|5H\011\352"
 232      F7A59499 
 232      6B7145A9 
 232      F839877C 
 232      354809EA 
 233 017b 507D4A8F 		.ascii	"P}J\2177\250~\032\364\011\250\257\257\034L\341>J\242"
 233      37A87E1A 
 233      F409A8AF 
 233      AF1C4CE1 
 233      3E4AA2
 234 018e 76B1FC27 		.ascii	"v\261\374'J\264\372C\224\207\374Q.\362\007G\371\010"
 234      4AB4FA43 
 234      9487FC51 
 234      2EF20747 
 234      F908
 235 01a0 AA1DAD51 		.ascii	"\252\035\255Q2\246\261\201\201J\325\247\351\274\263"
 235      32A6B181 
 235      814AD5A7 
 235      E9BCB3
 236 01af 88EF3EF8 		.ascii	"\210\357>\370\320')6\256\026\314\346\021\024\312F\030"
 236      D0272936 
 236      AE16CCE6 
 236      1114CA46 
 236      18
 237 01c0 E5A0B924 		.ascii	"\345\240\271$:\370I\376\034G\355\020v\001\372\024,\237"
 237      3AF849FE 
 237      1C47ED10 
 237      7601FA14 
 237      2C9F
 238 01d2 D49F3AE5 		.ascii	"\324\237:\345\203\327\322@\337\357\261p\212\307\254"
 238      83D7D240 
 238      DFEFB170 
 238      8AC7AC
 239 01e1 0313959E 		.ascii	"\003\023\225\236\340\261\233\347\273\307j\"\343\217"
 239      E0B19BE7 
 239      BBC76A22 
 239      E38F
 240 01ef 6C763A10 		.ascii	"lv:\020\005\241\023\222\303\023\324!\374(\242\316\356"
 240      05A11392 
ARM GAS  /tmp/cc7vK6Lo.s 			page 18


 240      C313D421 
 240      FC28A2CE 
 240      EE
 241 0200 741F7BE6 		.ascii	"t\037{\346\211\317#\352m\250\3259\356\305\030\234\347"
 241      89CF23EA 
 241      6DA8D539 
 241      EEC5189C 
 241      E7
 242 0211 BAB4604E 		.ascii	"\272\264`N\255OJ\326'E\353S\324:\273\352\3711\214\257"
 242      AD4F4AD6 
 242      2745EB53 
 242      D43ABBEA 
 242      F9318CAF 
 243 0225 31EB821B 		.ascii	"1\353\202\0337\362\275\301:\235\214xl\301\001\336\031"
 243      37F2BDC1 
 243      3A9D8C78 
 243      6CC101DE 
 243      19
 244 0236 07617394 		.ascii	"\007as\224\242X\242(\226\217\270\204\322t\015\016\327"
 244      A258A228 
 244      968FB884 
 244      D2740D0E 
 244      D7
 245 0247 78E24E46 		.ascii	"x\342NFS\331p\266O\240q>\257\321\362\216\215|\372BJ"
 245      53D970B6 
 245      4FA0713E 
 245      AFD1F28E 
 245      8D7CFA42 
 246 025c 522A9194 		.ascii	"R*\221\224\312I\312(Iz\362\310Cw<\310H\352\253\232\223"
 246      CA49CA28 
 246      497AF2C8 
 246      43773CC8 
 246      48EAAB9A 
 247 0271 55782B9D 		.ascii	"Ux+\235me\357\211\222\026\214\324\376\010\022\207\002"
 247      6D65EF89 
 247      92168CD4 
 247      FE081287 
 247      02
 248 0282 E3793E86 		.ascii	"\343y>\206\037\214I\377\344{\005Z\340\217\346\371+\320"
 248      1F8C49FF 
 248      E47B055A 
 248      E08FE6F9 
 248      2BD0
 249 0294 391488CE 		.ascii	"9\024\210\316 X\340\350,@* \267)\274\007}\222\302'\360"
 249      2058E0E8 
 249      2C402A20 
 249      B729BC07 
 249      7D92C227 
 250 02a9 FC2CFA33 		.ascii	"\374,\3723K,\027\005Q\321i!\023,\367\315\003=N7\371"
 250      4B2C1705 
 250      51D16921 
 250      132CF7CD 
 250      033D4E37 
 251 02be 3C118834 		.ascii	"<\021\2104Q\347\247LT\346\351\344&!\315\335\327\366"
 251      51E7A74C 
 251      54E6E9E4 
 251      2621CDDD 
ARM GAS  /tmp/cc7vK6Lo.s 			page 19


 251      D7F6
 252 02d0 98C58902 		.ascii	"\230\305\211\002\020*\227\206X.\246\272\222\016\257"
 252      102A9786 
 252      582EA6BA 
 252      920EAF
 253 02df B336278F 		.ascii	"\2636'\217T\346\034\015\"\205\357\003\217\012\373\317"
 253      54E61C0D 
 253      2285EF03 
 253      8F0AFBCF 
 254 02ef 8C79B147 		.ascii	"\214y\261G\204\266i\327\263\243*|\231\216\231\253\336"
 254      84B669D7 
 254      B3A32A7C 
 254      998E99AB 
 254      DE
 255 0300 517CCA13 		.ascii	"Q|\312\023\005jh\324\335\027Z\026\357\216'sq\011i\320"
 255      056A68D4 
 255      DD175A16 
 255      EF8E2773 
 255      710969D0 
 256 0314 CF928F39 		.ascii	"\317\222\2179\032\270'\220\204@\324\276\265\336\212"
 256      1AB82790 
 256      8440D4BE 
 256      B5DE8A
 257 0323 C998D145 		.ascii	"\311\230\321E\310\011\020\023 r\302\303\013\360\020"
 257      C8091013 
 257      2072C2C3 
 257      0BF010
 258 0332 9CE41CDD 		.ascii	"\234\344\034\335\235\351\216\3430ur\240$wT3\351\244"
 258      9DE98EE3 
 258      307572A0 
 258      24775433 
 258      E9A4
 259 0344 2225209F 		.ascii	"\"% \237$\253\032|\\\226|\200\313\031\235TM\343\204"
 259      24AB1A7C 
 259      5C967C80 
 259      CB199D54 
 259      4DE384
 260 0357 D883A381 		.ascii	"\330\203\243\201\270{\335\236l%~\004\352\306\322#\273"
 260      B87BDD9E 
 260      6C257E04 
 260      EAC6D223 
 260      BB
 261 0368 B4B89CFA 		.ascii	"\264\270\234\372E\207;\206\012T\370\034\013\342\376"
 261      45873B86 
 261      0A54F81C 
 261      0BE2FE
 262 0377 EEAC620D 		.ascii	"\356\254b\015\322\006n\225<\310W\011\272\012>Vi\205"
 262      D2066E95 
 262      3CC85709 
 262      BA0A3E56 
 262      6985
 263 0389 6858A407 		.ascii	"hX\244\007o\257\035\212%\351\250CZtE\012u\225\226MP"
 263      6FAF1D8A 
 263      25E9A843 
 263      5A74450A 
 263      7595964D 
 264 039e D2FEDC9B 		.ascii	"\322\376\334\233j\034\243di\035\374\345\220\020\310"
ARM GAS  /tmp/cc7vK6Lo.s 			page 20


 264      6A1CA364 
 264      691DFCE5 
 264      9010C8
 265 03ad 2C501FA7 		.ascii	",P\037\247\336\272\245\305\233\330\273\342\232\241\032"
 265      DEBAA5C5 
 265      9BD8BBE2 
 265      9AA11A
 266 03bc 35DECE94 		.ascii	"5\336\316\224\224\212\347un\014\350\001j[c\3216o\354"
 266      948AE775 
 266      6E0CE801 
 266      6A5B63D1 
 266      366FEC
 267 03cf 60EF361F 		.ascii	"`\3576\037\2714\346\205\3672%\373Q\327\004\306IL\031"
 267      B934E685 
 267      F73225FB 
 267      51D704C6 
 267      494C19
 268 03e2 3F53C57B 		.ascii	"?S\305{\340\003L9^\323V\343\203S\231\"6\037_\326|N<"
 268      E0034C39 
 268      5ED356E3 
 268      83539922 
 268      361F5FD6 
 269 03f9 B890AA61 		.ascii	"\270\220\252a\275\210\347^s\232m\216\347\215J\0240;"
 269      BD88E75E 
 269      739A6D8E 
 269      E78D4A14 
 269      303B
 270 040b 00AE4090 		.ascii	"\000\256@\220L2~X\370?%\036\333\314;B\350\330~\205\261"
 270      4C327E58 
 270      F83F251E 
 270      DBCC3B42 
 270      E8D87E85 
 271 0420 B5A1D952 		.ascii	"\265\241\331R2\352i9\316\207\233b\267P\317<\262+P+\000"
 271      32EA6939 
 271      CE879B62 
 271      B750CF3C 
 271      B22B502B 
 272 0435 5A08E086 		.ascii	"Z\010\340\206`\001\031A\267!s\355(\000u\201t\200\334"
 272      60011941 
 272      B72173ED 
 272      28007581 
 272      7480DC
 273 0448 01B909D2 		.ascii	"\001\271\011\322\015\322\011r\013\005\320\012\245\236"
 273      0DD20972 
 273      0B05D00A 
 273      A59E
 274 0456 9D892D5A 		.ascii	"\235\211-Z\321m\255\253\333\032\3526\217\334\005\364"
 274      D16DADAB 
 274      DB1AEA36 
 274      8FDC05F4 
 275 0466 48F324FA 		.ascii	"H\363$\372\272+Z7\031#\303\276\222\260M\256\330F\344"
 275      BA2B5A37 
 275      1923C3BE 
 275      92B04DAE 
 275      D846E4
 276 0479 02DE2385 		.ascii	"\002\336#\205\361\313\364aP0-\004\347\213\275Z\036V"
 276      F1CBF461 
ARM GAS  /tmp/cc7vK6Lo.s 			page 21


 276      50302D04 
 276      E78BBD5A 
 276      1E56
 277 048b 3A801442 		.ascii	":\200\024B\015H\343\031k\366#-\014S\252\346ic\224\017"
 277      0D48E319 
 277      6BF6232D 
 277      0C53AAE6 
 277      6963940F 
 278 049f C821F96D 		.ascii	"\310!\371m\230>\353r\364\2044\244k\323\017\211\241a"
 278      983EEB72 
 278      F48434A4 
 278      6BD30F89 
 278      A161
 279 04b1 DE2FEDDC 		.ascii	"\336/\355\334\366\265V^\334r\260\002\335EZ\332%\340"
 279      F6B5565E 
 279      DC72B002 
 279      DD455ADA 
 279      25E0
 280 04c3 2F80ABDE 		.ascii	"/\200\253\336\216:}X\315@\215\240\375\203\215M\032M"
 280      8E3A7D58 
 280      CD408DA0 
 280      FD838D4D 
 280      1A4D
 281 04d5 82D09688 		.ascii	"\202\320\226\2101\274\220l{\311\322\204\241\240\036"
 281      31BC906C 
 281      7BC9D284 
 281      A1A01E
 282 04e4 B6B82F3E 		.ascii	"\266\270/>+:\256e\326X\266\004\375\330\022\274\361\362"
 282      2B3AAE65 
 282      D658B604 
 282      FDD812BC 
 282      F1F2
 283 04f6 FC2B2DCE 		.ascii	"\374+-\316\246\305\251,\216\351\312\360F\201\254\247"
 283      A6C5A92C 
 283      8EE9CAF0 
 283      4681ACA7 
 284 0506 6A64BDF1 		.ascii	"jd\275\3611\254\376\373Ro\244\015t\360'\362\2306U\362"
 284      31ACFEFB 
 284      526FA40D 
 284      74F027F2 
 284      983655F2 
 285 051a 97F682C1 		.ascii	"\227\366\202\301L\036v\207b\007~\000\245\366\230F\363"
 285      4C1E7687 
 285      62077E00 
 285      A5F69846 
 285      F3
 286 052b 08081FB2 		.ascii	"\010\010\037\262p2\367\275\274\203|\035\002\367BD\271"
 286      7032F7BD 
 286      BC837C1D 
 286      02F74244 
 286      B9
 287 053c FBE0FD3D 		.ascii	"\373\340\375=\032}?\362\025\307@\025\260(=\324\222\346"
 287      1A7D3FF2 
 287      15C74015 
 287      B0283DD4 
 287      92E6
 288 054e 39F3789F 		.ascii	"9\363x\237\210\343\235\347/_\331~le\337\034\355\032"
ARM GAS  /tmp/cc7vK6Lo.s 			page 22


 288      88E39DE7 
 288      2F5FD97E 
 288      6C65DF1C 
 288      ED1A
 289 0560 F512DC39 		.ascii	"\365\022\3349Ew\003\210eG\201\236RwO\230\273\247\324"
 289      45770388 
 289      6547819E 
 289      52774F98 
 289      BBA7D4
 290 0573 DDF5DEBC 		.ascii	"\335\365\336\274\223\332)sCz\270\344oP\230\233A:7\343"
 290      93DA2973 
 290      437AB8E4 
 290      6F50989B 
 290      413A37E3 
 291 0587 F70AEF4F 		.ascii	"\367\012\357OE\027NA\017\011\350!\212n\351hJV\343\002"
 291      45174E41 
 291      0F09E821 
 291      8A6EE968 
 291      4A56E302 
 292 059b D60A720B 		.ascii	"\326\012r\013\322\212\274q9S\266]\274\224\352\256\204"
 292      D28ABC71 
 292      3953B65D 
 292      BC94EAAE 
 292      84
 293 05ac 540FD334 		.ascii	"T\017\3234\303\223\212\215e>\362\217\017\351\300\022"
 293      C3938A8D 
 293      653EF28F 
 293      0FE9C012 
 294 05bc EF8B291F 		.ascii	"\357\213)\037\237\375\271\027\366y\212\373\222\276o"
 294      9FFDB917 
 294      F6798AFB 
 294      92BE6F
 295 05cb 735FDDE3 		.ascii	"s_\335\343\371=<\037\207\374\010\020=\023\273!z\216"
 295      F93D3C1F 
 295      87FC0810 
 295      3D13BB21 
 295      7A8E
 296 05dd 9444933E 		.ascii	"\224D\223>\263#\364;\324\237\325:\013ou\233!\222\370"
 296      B323F43B 
 296      D49FD53A 
 296      0B6F759B 
 296      2192F8
 297 05f0 FEA32D9C 		.ascii	"\376\243-\234\222l+I\014\340\2234\302\226\314\0053n"
 297      926C2B49 
 297      0CE09334 
 297      C296CC05 
 297      336E
 298 0602 615ED1E0 		.ascii	"a^\321\340\306\220\020\335\345\267\235#\356,:\347\276"
 298      C69010DD 
 298      E5B79D23 
 298      EE2C3AE7 
 298      BE
 299 0613 AB5FB23D 		.ascii	"\253_\262=D\206\206\300\320\350dh/!\264Qyh\3434\264"
 299      448686C0 
 299      D0E86468 
 299      2F21B451 
 299      7968E334 
ARM GAS  /tmp/cc7vK6Lo.s 			page 23


 300 0628 DEF182B3 		.ascii	"\336\361\202\263B\303t\007\365i\317\350]\217\231\213"
 300      42C37407 
 300      F569CFE8 
 300      5D8F998B 
 301 0638 E1B5580C 		.ascii	"\341\265X\014\023\254\332\236o\3354*l\375T\244I\367"
 301      13ACDA9E 
 301      6FDD342A 
 301      6CFD54A4 
 301      49F7
 302 064a A5EED4B2 		.ascii	"\245\356\324\262\342\370\2024\360\364\244\247\236\256"
 302      E2F88234 
 302      F0F4A4A7 
 302      9EAE
 303 0658 B5F816C8 		.ascii	"\265\370\026\310\336P2\236\363\025)\251\002\026Wz\013"
 303      DE50329E 
 303      F31529A9 
 303      0216577A 
 303      0B
 304 0669 2E7AE344 		.ascii	".z\343D\226\251\253\031cN$d},~i\312\315^!\353JZ\004"
 304      96A9AB19 
 304      634E2464 
 304      7D2C7E69 
 304      CACD5E21 
 305 0681 1BB9C96F 		.ascii	"\033\271\311o\020\374\224\306\025\303\221qu\037\276"
 305      10FC94C6 
 305      15C39171 
 305      751FBE
 306 0690 BFD70BE7 		.ascii	"\277\327\013\3470\246-;\036\017\272\011\031*Y'$\210"
 306      30A62D3B 
 306      1E0FBA09 
 306      192A5927 
 306      2488
 307 06a2 6DB26225 		.ascii	"m\262b%\226X9K\034ei\355\273\030\212Kg\232\270\216\376"
 307      9658394B 
 307      1C6569ED 
 307      BB188A4B 
 307      679AB88E 
 308 06b7 E127EAC9 		.ascii	"\341'\352\311\262\210\256}&\225\005\311\375&\221\032"
 308      B288AE7D 
 308      269505C9 
 308      FD26911A 
 309 06c7 6DE69444 		.ascii	"m\346\224D\223\330\343){~}M\207\220\275\004\004\372"
 309      93D8E329 
 309      7B7E7D4D 
 309      8790BD04 
 309      04FA
 310 06d9 DB876D47 		.ascii	"\333\207mG\324L\037\244\037\263\211C\345\202\356G\366"
 310      D44C1FA4 
 310      1FB38943 
 310      E582EE47 
 310      F6
 311 06ea B55D0E87 		.ascii	"\265]\016\207\212e7\235\300\357t\336\337\352\215/\261"
 311      8A65379D 
 311      C0EF74DE 
 311      DFEA8D2F 
 311      B1
 312 06fb E8BA8A4E 		.ascii	"\350\272\212N\216\272\315<q;8a\342r\331\304e\307d$*"
ARM GAS  /tmp/cc7vK6Lo.s 			page 24


 312      8EBACD3C 
 312      713B3861 
 312      E272D9C4 
 312      65C76424 
 313 0710 A5A9B1D3 		.ascii	"\245\251\261\323\322\333\306\371\243\255\034\201\357"
 313      D2DBC6F9 
 313      A3AD1C81 
 313      EF
 314 071d A453438D 		.ascii	"\244SC\215\010:\246\242m\267\320!\273\211^\332\324:"
 314      083AA6A2 
 314      6DB7D021 
 314      BB895EDA 
 314      D43A
 315 072f A2C6F5CC 		.ascii	"\242\306\365\314s\301M~\213\232x\216\005\317\216\337"
 315      73C14D7E 
 315      8B9A788E 
 315      05CF8EDF 
 316 073f DEAB80C9 		.ascii	"\336\253\200\311\3567\355\215nr\357\273\271\367xo\356"
 316      EE37ED8D 
 316      6E72EFBB 
 316      B9F7786F 
 316      EE
 317 0750 CB88133A 		.ascii	"\313\210\023:l#\321\313\372\256T\213\037u\222\207\212"
 317      6C23D1CB 
 317      FAAE548B 
 317      1F759287 
 317      8A
 318 0761 EA26D88F 		.ascii	"\352&\330\2174\261h\236\216fnyO\001'\211y\270\307\""
 318      34B1689E 
 318      8E666E79 
 318      4F012789 
 318      79B8C722 
 319 0775 893FD455 		.ascii	"\211?\324U\354\346\232\207D\210\204}~\366\323H\222\304"
 319      ECE69A87 
 319      4488847D 
 319      7EF6D348 
 319      92C4
 320 0787 486A375D 		.ascii	"Hj7]\330\377N\3343\242\267U\225V\013\323[K\364\2767"
 320      D8FF4EDC 
 320      33A2B755 
 320      95560BD3 
 320      5B4BF4BE 
 321 079c C5752ADC 		.ascii	"\305u*\334\312\342\334\273\347e\235\007ngJ\371@^\271"
 321      CAE2DCBB 
 321      E7659D07 
 321      6E674AF9 
 321      405EB9
 322 07af 17433AE5 		.ascii	"\027C:\345\272\237\240\017\347\015\036s\307]\014|\260"
 322      BA9FA00F 
 322      E70D1E73 
 322      C75D0C7C 
 322      B0
 323 07c0 ED4D918F 		.ascii	"\355M\221\217\324rY\310\207 \010\366\015<\314I"
 323      D47259C8 
 323      872008F6 
 323      0D3CCC49 
 324 07d0 2D973492 		.ascii	"-\2274\222\341\206x,G\223\220gD\213\013\330\227-\340"
ARM GAS  /tmp/cc7vK6Lo.s 			page 25


 324      E186782C 
 324      47939067 
 324      448B0BD8 
 324      972DE0
 325 07e3 E4B18C47 		.ascii	"\344\261\214G^\270\207\371m<\236\320\210\305y\376\035"
 325      5EB887F9 
 325      6D3C9ED0 
 325      88C579FE 
 325      1D
 326 07f4 7B52722A 		.ascii	"{Rr*\033\230(\364\306\017\230}E\371\271ja\2537\017\324"
 326      1B9828F4 
 326      C60F987D 
 326      45F9B96A 
 326      61AB370F 
 327 0809 BCFC9F1B 		.ascii	"\274\374\237\033<\361\023\366n\302q\270X\215\207\205"
 327      3CF113F6 
 327      6EC271B8 
 327      588D8785 
 328 0819 010E773E 		.ascii	"\001\016w>\024\312>\220|`\217\244\355Q\343\227\354\335"
 328      14CA3E90 
 328      7C608FA4 
 328      ED51E397 
 328      ECDD
 329 082b 5B47C201 		.ascii	"[G\302\001\025~\315\224\304\206\304#\2368\306\235\355"
 329      157ECD94 
 329      C486C423 
 329      9E38C69D 
 329      ED
 330 083c 091F24B6 		.ascii	"\011\037$\266!f\245\225\225\254\237P\262'Fv\356\367"
 330      2166A595 
 330      95AC9F50 
 330      B2274676 
 330      EEF7
 331 084e C4090CDB 		.ascii	"\304\011\014\333\332\026wF\300z\202\032\333\376\346"
 331      DA167746 
 331      C07A821A 
 331      DBFEE6
 332 085d A2CFCC35 		.ascii	"\242\317\3145S$\326L!GGU\270\2517\307\003\254\375I3"
 332      5324D64C 
 332      21474755 
 332      B8A937C7 
 332      03ACFD49 
 333 0872 931D29FC 		.ascii	"\223\035)\374\331\221\242\3049\\\240\304\333\251'\356"
 333      D991A2C4 
 333      395CA0C4 
 333      DBA927EE 
 334 0882 5A715B95 		.ascii	"Zq[\225Zv\244\370\343i\262\333/\2059(\226\032\217\377"
 334      5A76A4F8 
 334      E369B2DB 
 334      2F853928 
 334      961A8FFF 
 335 0896 E4667FEA 		.ascii	"\344f\177\352\007\276\204\013$\2444\253\247`\312N2\377"
 335      07BE840B 
 335      24A434AB 
 335      A760CA4E 
 335      32FF
 336 08a8 3987B32F 		.ascii	"9\207\263/{\341$\346\340I\342\343\004,;N|\230G\034\234"
ARM GAS  /tmp/cc7vK6Lo.s 			page 26


 336      7BE124E6 
 336      E049E2E3 
 336      042C3B4E 
 336      7C98471C 
 337 08bd 06076592 		.ascii	"\006\007e\222\203Rn\006\017\345\323{\270\220P\221\252"
 337      83526E06 
 337      0FE5D37B 
 337      B8905091 
 337      AA
 338 08ce 92376EC2 		.ascii	"\2227n\302W\000\357\363\351\372<C\213\246H\254\363\214"
 338      5700EFF3 
 338      E9FA3C43 
 338      8BA648AC 
 338      F38C
 339 08e0 2DC50E0D 		.ascii	"-\305\016\015+\214\337\305\236y\267\243\222\223\263"
 339      2B8CDFC5 
 339      9E79B7A3 
 339      9293B3
 340 08ef 9F7D1FFB 		.ascii	"\237}\037\373\371\246\216\2058\215\315\333\213\206\216"
 340      F9A68E85 
 340      388DCDDB 
 340      8B868E
 341 08fe 3B086732 		.ascii	";\010g2%\356\352\225\343*\234\305\224\376\234\372Zw"
 341      25EEEA95 
 341      E32A9CC5 
 341      94FE9CFA 
 341      5A77
 342 0910 9CCF94DE 		.ascii	"\234\317\224\336\276W\2471>\311\224\254\376\314\035"
 342      BE57A731 
 342      3EC994AC 
 342      FECC1D
 343 091f 6A5C26D8 		.ascii	"j\\&\330\364\0164\010\347\222\355d\352\306\007\313\256"
 343      F40E3408 
 343      E792ED64 
 343      EAC607CB 
 343      AE
 344 0930 8B5542CE 		.ascii	"\213UB\316\037\217^\334{\353\201\317Q\360\037\272\323"
 344      1F8F5EDC 
 344      7BEB81CF 
 344      51F01FBA 
 344      D3
 345 0941 92EBB428 		.ascii	"\222\353\264(\200^\263\003d\027;9\304\305\362\335\373"
 345      805EB303 
 345      64173B39 
 345      C4C5F2DD 
 345      FB
 346 0952 46FEF1E4 		.ascii	"F\376\361\344:\371,i\321\021\030D.\244\374*'\333\226"
 346      3AF92C69 
 346      D1111844 
 346      2EA4FC2A 
 346      27DB96
 347 0965 6673F29D 		.ascii	"fs\362\2356l\236;\276![Xhph\273\200\025\333\036\332"
 347      366C9E3B 
 347      BE215B58 
 347      687068BB 
 347      8015DB1E 
 348 097a C2C937BC 		.ascii	"\302\3117\274\300\356<\333N7\274\204\371\270+\36319"
ARM GAS  /tmp/cc7vK6Lo.s 			page 27


 348      C0EE3CDB 
 348      4E37BC84 
 348      F9B82BF3 
 348      3139
 349 098c 33019F96 		.ascii	"3\001\237\226\3009\323\207!\247\276-\241/\273\242\023"
 349      C039D387 
 349      21A7BE2D 
 349      A12FBBA2 
 349      13
 350 099d 5CA92B25 		.ascii	"\\\251+%\360QWp\206\004\236r8\272\004\303\272H\337\021"
 350      F0515770 
 350      86049E72 
 350      38BA04C3 
 350      BA48DF11 
 351 09b1 383919DD 		.ascii	"89\031\335\204j\270\306\005\240v\220V\220_A~\001\271"
 351      846AB8C6 
 351      05A07690 
 351      56905F41 
 351      7E01B9
 352 09c4 01721DA4 		.ascii	"\001r\035\244\031\244\012\244\026\244\006\244\036\244"
 352      19A40AA4 
 352      16A406A4 
 352      1EA4
 353 09d2 0EA411A4 		.ascii	"\016\244\021\244\001\244\015\244\011\244\005\344\026"
 353      01A40DA4 
 353      09A405E4 
 353      16
 354 09df 4835C815 		.ascii	"H5\310\025N<M\2218\323\2448\317\273\306);\3041\3609"
 354      4E3C4D91 
 354      38D3A438 
 354      CFBBC629 
 354      3BC431F0 
 355 09f4 099C357D 		.ascii	"\011\2345}r\305|%n\344\235Mt\336\322a\336\322\004\260"
 355      72C57C25 
 355      6EE49D4D 
 355      74DED261 
 355      DED204B0 
 356 0a08 D84351AA 		.ascii	"\330CQ\252k\272R%\346JWf\3719\205\241\033%t\346\364"
 356      6BBA5225 
 356      E64A5766 
 356      F93985A1 
 356      1B2574E6 
 357 0a1d C99D8C03 		.ascii	"\311\235\214\003\320I\014M\232\370\317\256h\371\021"
 357      D0490C4D 
 357      9AF8CFAE 
 357      68F911
 358 0a2c 90605B24 		.ascii	"\220`[$l\212+\366\300;\025Q\"\305\221\347\212n\231\032"
 358      6C8A2BF6 
 358      C03B1551 
 358      22C591E7 
 358      8A6E991A 
 359 0a40 35E4E3D4 		.ascii	"5\344\343\3247|\321\267\250\002\362qB\000\213\013X~"
 359      377CD1B7 
 359      A802F271 
 359      42008B0B 
 359      587E
 360 0a52 6064CC45 		.ascii	"`d\314E\022\363\271\351\247E\236\351\2334\323\311\300"
ARM GAS  /tmp/cc7vK6Lo.s 			page 28


 360      12F3B9E9 
 360      A7459EE9 
 360      9B34D3C9 
 360      C0
 361 0a63 BC4F008B 		.ascii	"\274O\000\213\037X\264\3275\323)\022\363\205\3513-;"
 361      1F58B4D7 
 361      35D32912 
 361      F385E933 
 361      2D3B
 362 0a75 B7EE6DA7 		.ascii	"\267\356m\247\347V\000M=\267\222T\3358\370\001;\267"
 362      E756004D 
 362      3DB79254 
 362      DD38F801 
 362      3BB7
 363 0a87 92641D9C 		.ascii	"\222d\035\234>Y\363\245\030o\321\030\367@\214\016\327"
 363      3E59F3A5 
 363      186FD118 
 363      F7408C0E 
 363      D7
 364 0a98 55BCCB35 		.ascii	"U\274\3135\306d)F\347\26436yhm\350\332\327\240\304\233"
 364      C6642946 
 364      E7B43336 
 364      79686DE8 
 364      DAD7A0C4 
 365 0aad 55B4AFF7 		.ascii	"U\264\257\367\\.\354\207\357\337l\026\373P;\"\261\337"
 365      5C2EEC87 
 365      EFDF6C16 
 365      FB503B22 
 365      B1DF
 366 0abf 06E30EA9 		.ascii	"\006\343\016\251\255\223\241\314\260\354P'\254\266\377"
 366      AD93A1CC 
 366      B0EC5027 
 366      ACB6FF
 367 0ace C7CA23FF 		.ascii	"\307\312#\377\2118\360`\257\317\2243\332mN~\332\356"
 367      8938F060 
 367      AFCF9433 
 367      DA6D4E7E 
 367      DAEE
 368 0ae0 E2D8190D 		.ascii	"\342\330\031\015\376N{\242\313\237r\242\353\026\320"
 368      FE4E7BA2 
 368      CB9F72A2 
 368      EB16D0
 369 0aef DD147D69 		.ascii	"\335\024}i\244\245@\205w\251\330\307\377\344\341\011"
 369      A4A54085 
 369      77A9D8C7 
 369      FFE4E109 
 370 0aff 0FF14050 		.ascii	"\017\361@P\363\357\003.\007\202;Rf\356\3107\333w\351"
 370      F3EF032E 
 370      07823B52 
 370      66EEC837 
 370      DB77E9
 371 0b12 663B6BF4 		.ascii	"f;k\364\3456o\234\311\230\236\245\325%c\341@p}\355\224"
 371      E5366F9C 
 371      C9989EA5 
 371      D52563E1 
 371      40707DED 
 372 0b27 03418FC4 		.ascii	"\003A\217\304\322#g\351\345>U|l\214\216\262\332\215"
ARM GAS  /tmp/cc7vK6Lo.s 			page 29


 372      D22367E9 
 372      E53E557C 
 372      6C8C8EB2 
 372      DA8D
 373 0b39 16EBF746 		.ascii	"\026\353\367Fs\264%<j\335z\363\334\350\020\253}\356"
 373      73B4253C 
 373      6ADD7AF3 
 373      DCE810AB 
 373      7DEE
 374 0b4b 3C8FBFFD 		.ascii	"<\217\277\375}\325'\372\371\363\025\013uaQ\021f\235"
 374      7DD527FA 
 374      F9F3150B 
 374      75615111 
 374      669D
 375 0b5d CD1C6E89 		.ascii	"\315\034n\211\320\375\020e\375\316\022\271N\247\017"
 375      D0FD1065 
 375      FDCE12B9 
 375      4EA70F
 376 0b6c B3ACB17C 		.ascii	"\263\254\261|\025\254\213\262\351LQ\021\021Q\221:\302"
 376      15AC8BB2 
 376      E94C5111 
 376      1151913A 
 376      C2
 377 0b7d 63D30519 		.ascii	"c\323\005\031V\350Wl\320\231\302LQV\263\361_\177\215"
 377      56E8576C 
 377      D099C24C 
 377      5156B3F1 
 377      5F7F8D
 378 0b90 986B527C 		.ascii	"\230kR|\300|\330~\260\330Ma\306\265\326\250\010\243"
 378      C07CD87E 
 378      B0D84D61 
 378      C6B5D6A8 
 378      08A3
 379 0ba2 C566FD1F 		.ascii	"\305f\375\037i\303\024\263\031\255y\203\305>I\352\031"
 379      69C314B3 
 379      19AD7983 
 379      C53E49EA 
 379      19
 380 0bb3 BC5A6F5C 		.ascii	"\274Zo\\\026\022\031\032n\266\372\276;\264\217Ma\301"
 380      1612191A 
 380      6EB6FABE 
 380      3BB48F4D 
 380      61C1
 381 0bc5 A6B0E5B6 		.ascii	"\246\260\345\266\225V\2639\"\332n\211\2124\230\277_"
 381      9556B339 
 381      22DA6E89 
 381      8A3498BF 
 381      5F
 382 0bd6 6FB19A43 		.ascii	"o\261\232C\335\214\213\242\242\302\027\374FLV\273\316"
 382      DD8C8BA2 
 382      A2C217FC 
 382      464C56BB 
 382      CE
 383 0be7 12690A5F 		.ascii	"\022i\012_\037j\206Pl\246\260P\010Cc4\256\267D\332\027"
 383      1F6A8650 
 383      6CA6B050 
 383      08436334 
ARM GAS  /tmp/cc7vK6Lo.s 			page 30


 383      AEB744DA 
 384 0bfc 7C6EB4FF 		.ascii	"|n\264\377E\267\336f\325\205X#>\213\214\2124\177f\016"
 384      45B7DE66 
 384      D5855823 
 384      3E8B8C8A 
 384      347F660E 
 385 0c10 596399C4 		.ascii	"Yc\231\304G\204\230\302,\221f\2351\324\2746d}\270\335"
 385      478498C2 
 385      2C91669D 
 385      31D4BC36 
 385      647DB8DD 
 386 0c24 68FF31DA 		.ascii	"h\3771\332l\003{\017\321\372\317\357\261\266\375h\323"
 386      6C037B0F 
 386      D1FACFEF 
 386      B1B6FD68 
 386      D3
 387 0c35 196DF650 		.ascii	"\031m\366P\200\202\211rC\264\315\352a5\257\003\260\321"
 387      80828972 
 387      43B4CDEA 
 387      6135AF03 
 387      B0D1
 388 0c47 FEE57F9D 		.ascii	"\376\345\177\235H\240\342\242M\356\341V\243=,\024[\347"
 388      48A0E2A2 
 388      4DEEE156 
 388      A33D2C14 
 388      5BE7
 389 0c59 7FCE5917 		.ascii	"\177\316Y\027pV\270\317\347\254\363<\205\354\332M\366"
 389      7056B8CF 
 389      E7ACF33C 
 389      85ECDA4D 
 389      F6
 390 0c6a 0D4A5358 		.ascii	"\015JSX\210Um4\2563\333\215+\203Wz\205\204\377\020\362"
 390      88556D34 
 390      AE33DB8D 
 390      2B83577A 
 390      8584FF10 
 391 0c7f A3CD6889 		.ascii	"\243\315h\211\014\207!-\376}\376\201I\247_\021\274<"
 391      0C87212D 
 391      FE7DFE81 
 391      49A75F11 
 391      BC3C
 392 0c91 584A6184 		.ascii	"XJa\204\315b3\2563\231 \016 \2671r?\352w}dx\224\351"
 392      CD6233AE 
 392      3399200E 
 392      20B73172 
 392      3FEA777D 
 393 0ca9 3B695E65 		.ascii	";i^e\017\275\030tQP\360\222\225\206\345j\303\222\340"
 393      0FBD1874 
 393      5150F092 
 393      9586E56A 
 393      C392E0
 394 0cbc 2586D54B 		.ascii	"%\206\325K\026\317S.\017\0162(W\254Xj\300A\213\015x"
 394      16CF532E 
 394      0F0E3228 
 394      57AC586A 
 394      C0418B0D 
 395 0cd1 31FC5DB9 		.ascii	"1\374]\271\324\240\014Z\032lP.Z\032dp\203W\000XL\364"
ARM GAS  /tmp/cc7vK6Lo.s 			page 31


 395      D4A00C5A 
 395      1A6C502E 
 395      5A1A6470 
 395      83570058 
 396 0ce7 65E4A687 		.ascii	"e\344\246\207\233[\3602}\260\001\007/[\251f\363\370"
 396      9B5BF032 
 396      7DB00107 
 396      2F5BA966 
 396      F3F8
 397 0cf9 85D1AE12 		.ascii	"\205\321\256\022\376b\275\036\336\350\015nA\313\015"
 397      FE62BD1E 
 397      DEE80D6E 
 397      41CB0D
 398 0d08 7A8372F5 		.ascii	"z\203r\365\327_\031\224\313\001\355\246_\271j\371b\270"
 398      D75F1994 
 398      CB01EDA6 
 398      5FB96AF9 
 398      62B8
 399 0d1a 07E90DFA 		.ascii	"\007\351\015\372\377z\360\244\220M\021\013H\005\004"
 399      FF7AF0A4 
 399      904D110B 
 399      480504
 400 0d29 EB1719BF 		.ascii	"\353\027\031\277\206r\360\245\243\2342p\365\344\243"
 400      8672F0A5 
 400      A39C3270 
 400      F5E4A3
 401 0d38 FF00D68B 		.ascii	"\377\000\326\213a9"
 401      6139
 402              		.text
 403              		.section	.gnu.lto_.symtab.ef9a4ffe574899c6,"",%progbits
 404 0000 5356435F 		.ascii	"SVC_Handler\000"
 404      48616E64 
 404      6C657200 
 405 000c 00       		.ascii	"\000"
 406 000d 00       		.ascii	"\000"
 407 000e 00       		.ascii	"\000"
 408 000f 00000000 		.ascii	"\000\000\000\000\000\000\000\000"
 408      00000000 
 409 0017 B4000000 		.ascii	"\264\000\000\000"
 410 001b 5F706F72 		.ascii	"_port_irq_epilogue\000"
 410      745F6972 
 410      715F6570 
 410      696C6F67 
 410      756500
 411 002e 00       		.ascii	"\000"
 412 002f 00       		.ascii	"\000"
 413 0030 00       		.ascii	"\000"
 414 0031 00000000 		.ascii	"\000\000\000\000\000\000\000\000"
 414      00000000 
 415 0039 B6000000 		.ascii	"\266\000\000\000"
 416 003d 5F706F72 		.ascii	"_port_switch_from_isr\000"
 416      745F7377 
 416      69746368 
 416      5F66726F 
 416      6D5F6973 
 417 0053 00       		.ascii	"\000"
 418 0054 02       		.ascii	"\002"
ARM GAS  /tmp/cc7vK6Lo.s 			page 32


 419 0055 00       		.ascii	"\000"
 420 0056 00000000 		.ascii	"\000\000\000\000\000\000\000\000"
 420      00000000 
 421 005e B0000000 		.ascii	"\260\000\000\000"
 422 0062 5F706F72 		.ascii	"_port_exit_from_isr\000"
 422      745F6578 
 422      69745F66 
 422      726F6D5F 
 422      69737200 
 423 0076 00       		.ascii	"\000"
 424 0077 02       		.ascii	"\002"
 425 0078 00       		.ascii	"\000"
 426 0079 00000000 		.ascii	"\000\000\000\000\000\000\000\000"
 426      00000000 
 427 0081 B2000000 		.ascii	"\262\000\000\000"
 428 0085 63685363 		.ascii	"chSchIsPreemptionRequired\000"
 428      68497350 
 428      7265656D 
 428      7074696F 
 428      6E526571 
 429 009f 00       		.ascii	"\000"
 430 00a0 02       		.ascii	"\002"
 431 00a1 00       		.ascii	"\000"
 432 00a2 00000000 		.ascii	"\000\000\000\000\000\000\000\000"
 432      00000000 
 433 00aa BE000000 		.ascii	"\276\000\000\000"
 434              		.text
 435              		.section	.gnu.lto_.opts,"",%progbits
 436 0000 272D666D 		.ascii	"'-fmath-errno' '-fsigned-zeros' '-ftrapping-math' '"
 436      6174682D 
 436      6572726E 
 436      6F272027 
 436      2D667369 
 437 0033 2D666E6F 		.ascii	"-fno-trapv' '-fno-openmp' '-fno-openacc' '-mcpu=cor"
 437      2D747261 
 437      70762720 
 437      272D666E 
 437      6F2D6F70 
 438 0066 7465782D 		.ascii	"tex-m3' '-mno-thumb-interwork' '-mthumb' '-ggdb' '-"
 438      6D332720 
 438      272D6D6E 
 438      6F2D7468 
 438      756D622D 
 439 0099 4F322720 		.ascii	"O2' '-fomit-frame-pointer' '-falign-functions=16' '"
 439      272D666F 
 439      6D69742D 
 439      6672616D 
 439      652D706F 
 440 00cc 2D666675 		.ascii	"-ffunction-sections' '-fdata-sections' '-fno-common"
 440      6E637469 
 440      6F6E2D73 
 440      65637469 
 440      6F6E7327 
 441 00ff 2720272D 		.ascii	"' '-flto'\000"
 441      666C746F 
 441      2700
 442              		.text
ARM GAS  /tmp/cc7vK6Lo.s 			page 33


 443              		.comm	__gnu_lto_v1,1,1
 444              		.comm	__gnu_lto_slim,1,1
 445              		.ident	"GCC: (GNU Tools for ARM Embedded Processors) 5.3.1 20160307 (release) [ARM/embedded-5-bran
ARM GAS  /tmp/cc7vK6Lo.s 			page 34


DEFINED SYMBOLS
                            *ABS*:0000000000000000 chcore_v7m.c
                            *COM*:0000000000000001 __gnu_lto_v1
                            *COM*:0000000000000001 __gnu_lto_slim

NO UNDEFINED SYMBOLS
