ARM GAS  /tmp/ccrw9c32.s 			page 1


   1              		.syntax unified
   2              		.cpu cortex-m3
   3              		.fpu softvfp
   4              		.eabi_attribute 20, 1
   5              		.eabi_attribute 21, 1
   6              		.eabi_attribute 23, 3
   7              		.eabi_attribute 24, 1
   8              		.eabi_attribute 25, 1
   9              		.eabi_attribute 26, 1
  10              		.eabi_attribute 30, 2
  11              		.eabi_attribute 34, 1
  12              		.eabi_attribute 18, 4
  13              		.thumb
  14              		.syntax unified
  15              		.file	"chdynamic.c"
  16              		.text
  17              	.Ltext0:
  18              		.section	.gnu.lto_.profile.444b29c28297c36e,"",%progbits
  19 0000 789C6361 		.ascii	"x\234ca```\001bF\206\014\003\000\001`\000\242"
  19      60606001 
  19      6246860C 
  19      03000160 
  19      00A2
  20              		.text
  21              		.section	.gnu.lto_.icf.444b29c28297c36e,"",%progbits
  22 0000 789C6361 		.ascii	"x\234ca\200\000>\006\004`bX\366\342\3551.\306\025\363"
  22      80003E06 
  22      04606258 
  22      F6E2ED31 
  22      2EC615F3 
  23 0014 A67CE360 		.ascii	"\246|\343`\000\0000\311\0069"
  23      000030C9 
  23      0639
  24              		.text
  25              		.section	.gnu.lto_.jmpfuncs.444b29c28297c36e,"",%progbits
  26 0000 789C6361 		.ascii	"x\234ca\200\200\245\014\010\300\304\300\306\010\006"
  26      8080A50C 
  26      08C0C4C0 
  26      C60806
  27 000f F68CF520 		.ascii	"\366\214\365 \300\302\300\310\330\301\364\227\211q\313"
  27      C0C2C0C8 
  27      D8C1F497 
  27      8971CB
  28 001e 91E36D1C 		.ascii	"\221\343m\034_\230Z\231\201\002\214\313\031e\030\030"
  28      5F985A99 
  28      81028CCB 
  28      19651818 
  29 002e 8182EBDF 		.ascii	"\201\202\353\337\354\374\311\013\022ddd`\\\001\024\004"
  29      ECFCC90B 
  29      12646464 
  29      605C0114 
  29      04
  30 003f EA676064 		.ascii	"\352g`da`c\252d`\004r*\201\004X\341\254\335_N\261\202"
  30      616063AA 
  30      64600472 
  30      2A810458 
  30      E1ACDD5F 
ARM GAS  /tmp/ccrw9c32.s 			page 2


  31 0056 14323172 		.ascii	"\02421r0\256\004)dd\005[#\217j\313\321\377\337\017\360"
  31      30AE0429 
  31      6464055B 
  31      238F6ACB 
  31      D1FFDF0F 
  32 006b 436C6162 		.ascii	"Clab\\\005\262\005\331X&\210\261\014\000\205\343#x"
  32      5C05B205 
  32      D9582688 
  32      B10C0085 
  32      E32378
  33              		.text
  34              		.section	.gnu.lto_.inline.444b29c28297c36e,"",%progbits
  35 0000 789C6361 		.ascii	"x\234ca\200\200p\006\004`b\220\2202bd`\222X\261\205"
  35      80807006 
  35      04606290 
  35      90326264 
  35      609258B1 
  36 0015 91816D81 		.ascii	"\221\201m\201<\023H\220\231\007(1\301\017L32\260\362"
  36      3C134890 
  36      99072831 
  36      C10F4C33 
  36      32B0F2
  37 0028 014526F8 		.ascii	"\001E&\370\001\371\214\020\265\322\327N12\260\337R\303"
  37      01F98C10 
  37      B5D2D74E 
  37      3132B0DF 
  37      52C3
  38 003a A2164C02 		.ascii	"\242\026L\002y\000\373p\012\354"
  38      7900FB70 
  38      0AEC
  39              		.text
  40              		.section	.gnu.lto_.pureconst.444b29c28297c36e,"",%progbits
  41 0000 789C6361 		.ascii	"x\234ca```\007b&\206]\214\214\273\030\001\005\304\001"
  41      60606007 
  41      6226865D 
  41      8C8CBB18 
  41      0105C401 
  42 0014 85       		.ascii	"\205"
  43              		.text
  44              		.section	.gnu.lto_chThdCreateFromHeap.444b29c28297c36e,"",%progbits
  45 0000 789C8D95 		.ascii	"x\234\215\225ilTU\024\307\357y\367\315\322\231\316P"
  45      696C5455 
  45      14C7EF79 
  45      F7CDD299 
  45      CE50
  46 0012 54040C1F 		.ascii	"T\004\014\037\312\207\246!\021\0361\032I\374\202A\023"
  46      CA87A621 
  46      111E311A 
  46      49FC8241 
  46      13
  47 0023 35698C14 		.ascii	"5i\214\024\023\022?\2202\214\314D\2463\231)\233\211"
  47      13123F90 
  47      328CCC44 
  47      A6339929 
  47      9B89
  48 0035 E96B675E 		.ascii	"\351kg^\241!\310b \264T\206`\032\300\322\005\004\244"
  48      A121C862 
ARM GAS  /tmp/ccrw9c32.s 			page 3


  48      20B45486 
  48      601AC0D2 
  48      0504A4
  49 0048 B4534696 		.ascii	"\264SF\226\251\224M\226\262\265`W\312Z\031\254\002*"
  49      A9944D96 
  49      B2B56057 
  49      CA5A19AC 
  49      022A
  50 005a 1DCFB96F 		.ascii	"\035\317\271oh\350\224\355%\223\276w\357\377\177\316"
  50      68E894ED 
  50      2593BE77 
  50      EFFF7FCE 
  51 006a BDE7FCEE 		.ascii	"\275\347\374\356\255\314\364'`f\354\035\300\037\276"
  51      ADCCF427 
  51      6066EC1D 
  51      C01FBE
  52 0079 838181B4 		.ascii	"\203\201\201\264\372$cEfI\222[8S-<\326\302\230\232\316"
  52      FA246345 
  52      6649925B 
  52      38532D3C 
  52      D6C2989A 
  53 008e 41D6C765 		.ascii	"A\326\307e\000zQ\315\300\012%.C!\374%=\222\340t\250"
  53      007A51CD 
  53      C00A252E 
  53      4321FC25 
  53      3D92E074 
  54 00a3 AE820F48 		.ascii	"\256\202\017H\032g \343g\374Dy\267\235>\0012\361s\243"
  54      1A6720E3 
  54      67FC4479 
  54      B79D3E01 
  54      32F173A3 
  55 00b7 7AA6D434 		.ascii	"z\246\3244i\253\252\026\253\035Gn\316^\023\324>\322"
  55      69ABAA16 
  55      AB1D476E 
  55      CE5E13D4 
  55      3ED2
  56 00c9 B8C41212 		.ascii	"\270\304\022\022\203m0\001\266\302\004J\276\035&\241"
  56      836D3001 
  56      B6C2044A 
  56      BE1D26A1 
  57 00d9 7677FF86 		.ascii	"vw\377\206{i\034W\204\357\345\253z\303\206\354J\362"
  57      7B691C57 
  57      84EFE5AB 
  57      7AC386EC 
  57      4AF2
  58 00eb A911A79A 		.ascii	"\251\021\247\232\246q\016?\002\177\322\207C\014\252"
  58      A6710E3F 
  58      027FD287 
  58      430CAA
  59 00fa 201BD55B 		.ascii	" \033\325[\212Z\217\331\370{\302\271\254:r\303\236t"
  59      8A5A8FD9 
  59      F87BC2B9 
  59      AC3A72C3 
  59      9E74
  60 010c 3E144E19 		.ascii	">\024N\031v\244:e\006\325\302Y\334\265\367<\360\351"
  60      76A43A65 
  60      06D5C259 
ARM GAS  /tmp/ccrw9c32.s 			page 4


  60      DCB5F73C 
  60      F0E9
  61 011e C2B9B975 		.ascii	"\302\271\271u\363b\335\030\275\020\233\\\246Fe\215\033"
  61      F362DD18 
  61      BD109B5C 
  61      A646658D 
  61      1B
  62 012f A026D58B 		.ascii	"\240&\325\213\225\252\025\336\252\342\276;\234\177("
  62      95AA15DE 
  62      AAE2BE3B 
  62      9C7F28
  63 013e BCA5471F 		.ascii	"\274\245G\037u\233\222Y\377\024Y\215P\227\35242\330"
  63      759B9259 
  63      FF14598D 
  63      5097EA34 
  63      32D8
  64 0150 299CC76F 		.ascii	")\234\307o6\3541\363O\2043\261\257\362ok2\355\245X\266"
  64      36EC31F3 
  64      4F8433B1 
  64      AFF26F6B 
  64      32EDA558 
  65 0165 9ED604BB 		.ascii	"\236\326\004\273R\315&\006?\011\363-uE\004x\2160\267"
  65      52CD2606 
  65      3F09F32D 
  65      75450478 
  65      8E30B7
  66 0178 9EDF3E2B 		.ascii	"\236\337>+\231\365\254\310j\206\335\251F3\203=\220M"
  66      99F5ACC8 
  66      6A86DDA9 
  66      4633833D 
  66      904D
  67 018a EAFE506F 		.ascii	"\352\376Po\207Uo\3258\374\254k\014\335I\266*\012\370"
  67      87556FD5 
  67      38FCAC6B 
  67      0CDD49B6 
  67      2A0AF8
  68 019d 7DA9B3B1 		.ascii	"}\251\263\261\337\302?\023\201\253{\332\027f\375\240"
  68      DFC23F13 
  68      81AB7BDA 
  68      1766FDA0 
  69 01ad 465535FA 		.ascii	"FU5\372oll\221\032\015ej<\015\366\351\301\177\306\340"
  69      6F6C6C91 
  69      1A0D656A 
  69      3C0DF6E9 
  69      C17FC6E0 
  70 01c1 7B45EB18 		.ascii	"{E\353\030\211\243\267\272\253d>K\030\273W\036Y%\243"
  70      89A3B7BA 
  70      AB643E4B 
  70      18BB571E 
  70      5925A3
  71 01d4 93B67325 		.ascii	"\223\266s%\226^\246;\315\260\177\370\262\222\316\303"
  71      965EA63B 
  71      CDB07FF8 
  71      B292CEC3 
  72 01e4 BDFF9DB1 		.ascii	"\275\377\235\261\362\331\302YT\265\261\"=\351l\213\331"
  72      F2D9C259 
  72      54B5B122 
ARM GAS  /tmp/ccrw9c32.s 			page 5


  72      3DE96C8B 
  72      D9
  73 01f5 934E091A 		.ascii	"\223N\011\032\237\352\354\3329\270\316f\014\251\370"
  73      9FEAECDA 
  73      39B8CE66 
  73      0CA9F8
  74 0204 644204B2 		.ascii	"dB\004\262\240\001\177\365\220Eh!QM`D\262\371\2233\265"
  74      A0017FF5 
  74      90456821 
  74      514D6044 
  74      B2F99333 
  75 0219 33A36A22 		.ascii	"3\243j\"\021\304*\033\373\037\374c~\003\2606\022B\215"
  75      11C42A1B 
  75      FB1FFC63 
  75      7E03B036 
  75      12428D
  76 022c 08198070 		.ascii	"\010\031\200p\300\012\243\324\014\324^+NZl@\375\032"
  76      C00AA3D4 
  76      0CD45E2B 
  76      4E5A6C40 
  76      FD1A
  77 023e 0554F8D1 		.ascii	"\005T\370\321@U\034\303(\"cw1\011\035\206\270$\321_"
  77      40551CC3 
  77      28226377 
  77      31091D86 
  77      B824D15F 
  78 0252 7E1D4AA2 		.ascii	"~\035J\242\361\030\247\264An\302\345\325\327\337n3\025"
  78      F118A7B4 
  78      416EC2E5 
  78      D5D7DF6E 
  78      3315
  79 0264 3E5297AB 		.ascii	">R\227\253j\206\306\255\011\011W\003\007\240\220\005"
  79      6A86C6AD 
  79      09095703 
  79      07A09005 
  80 0274 B91CE406 		.ascii	"\271\034\344\006\"\274a\240\305@\325O\0073\326\177\202"
  80      22BC61A0 
  80      C540D54F 
  80      0733D67F 
  80      82
  81 0285 C66DAC0B 		.ascii	"\306m\254\013$\261r\\\006\206a\235\020\272\034\354["
  81      24B1725C 
  81      0686619D 
  81      10BA1CEC 
  81      5B
  82 0296 694C8685 		.ascii	"iL\206\205)\372\356\343\022gx6\3715(.\217_\215\033h"
  82      29FAEEE3 
  82      12677836 
  82      F935282E 
  82      8F5F8D1B 
  83 02ab 1A03AE5E 		.ascii	"\032\003\256^\277i\205I\251\246\212d\020\270\270\345"
  83      BF698549 
  83      A9A68A64 
  83      10B8B8E5 
  84 02bb 41AA0583 		.ascii	"A\252\005\203_@\011\"\006\250_\017O\025[t1\220\370 "
  84      5F400922 
  84      06A85F0F 
ARM GAS  /tmp/ccrw9c32.s 			page 6


  84      4F155B74 
  84      3190F820 
  85 02cf 894D280E 		.ascii	"\211M(\016V\224\304*,zn+\016\341\262E\210g\246LF\021"
  85      5694C42A 
  85      2C7A6E2B 
  85      0EE1B245 
  85      8867A64C 
  86 02e5 F53F4451 		.ascii	"\365?DQ\254\244/\177zJ\243.\346$>Lb\333s\304&],\223"
  86      ACA42F7F 
  86      7A4AA32E 
  86      E6243E4C 
  86      62DB73C4 
  87 02fd F8088947 		.ascii	"\370\010\211G\015\023\017l\213\267\301\220\330\254\213"
  87      0D130F6C 
  87      8BB7C190 
  87      D8AC8B
  88 030c 0D248E91 		.ascii	"\015$\216\221x4\326\2658\203\240\351k\\v\016\370\027"
  88      7834D6B5 
  88      3883A0E9 
  88      6B5C760E 
  88      F817
  89 031e 02B73D4D 		.ascii	"\002\267=M\0277Xt\334:\276[\366y\331\305\036U]\253\202"
  89      17375874 
  89      DC3ABE5B 
  89      F679D9C5 
  89      1E555DAB 
  90 0333 C6EDD03C 		.ascii	"\306\355\320<\2228\370\025\262\350r\271\241Fdj\232\035"
  90      9238F815 
  90      B2E872B9 
  90      A146646A 
  90      9A1D
  91 0345 32E128CE 		.ascii	"2\341(\316\365\341\015\262n\305\361\267\207\023\031"
  91      F5E10DB2 
  91      6EC5F1B7 
  91      871319
  92 0354 2DED07C1 		.ascii	"-\355\007\301`\002\253\2212\025\331\364\200.\333\026"
  92      6002AB91 
  92      3215D9F4 
  92      802EDB16 
  93 0364 9AE4A993 		.ascii	"\232\344\251\223\225\337\356\207\361\224\213\3011\022"
  93      95DFEE87 
  93      F1948BC1 
  93      3112
  94 0372 C8A9A833 		.ascii	"\310\251\25038\016F\\\316\011\342\033X9\335\300[\302"
  94      380E465C 
  94      CE09E21B 
  94      5839DDC0 
  94      5BC2
  95 0384 BB1E5826 		.ascii	"\273\036X&VIau\003\036\230Q\342\370v7\250f\031;\001"
  95      56496175 
  95      031E9851 
  95      E2F87637 
  95      A866193B 
  96 0399 2761A238 		.ascii	"'a\2428/wo\237k\223p\004N\201,V\316\3407qaok:\324\233"
  96      2F776F9F 
  96      6B937004 
  96      4E812C56 
ARM GAS  /tmp/ccrw9c32.s 			page 7


  96      CEE03771 
  97 03b3 3EB126E9 		.ascii	">\261&\351\026e\272W\263\253\325*\334\247\311\015g@"
  97      1665BA57 
  97      B3ABD52A 
  97      DCA7C90D 
  97      6740
  98 03c5 26344511 		.ascii	"&4E\021\030\273\016\241\216\312\373Su0\306\214`}t\202"
  98      18BB0EA1 
  98      8ECAFB53 
  98      7530C68C 
  98      607D7482 
  99 03d9 4A0F6791 		.ascii	"J\017g\221u\234\273\266fM)\3079z\276\321\370+\324\033"
  99      759CBBB6 
  99      664D29C7 
  99      397ABED1 
  99      F82BD41B 
 100 03ed 72323807 		.ascii	"r28\007\205\032\177\225Z\243\332\004\364\021\202~\014"
 100      851A7F95 
 100      5AA3DA04 
 100      F411827E 
 100      0C
 101 03fe 3576A0EE 		.ascii	"5v\240\356\217\323<\331\333\365\332\301S&\252\270$\272"
 101      8FD33CD9 
 101      DBF5DAC1 
 101      5326AAB8 
 101      24BA
 102 0410 76BFB965 		.ascii	"v\277\271eyz\030\276/\242\200V\215\277\206\026h\245"
 102      797A18BE 
 102      2FA28056 
 102      8DBF8616 
 102      68A5
 103 0422 EDE06465 		.ascii	"\355\340deOq\215I\231\254\341\320y\010\303\240d\244"
 103      4F718D49 
 103      99ACE1D0 
 103      7908C3A0 
 103      64A4
 104 0434 CE5D0085 		.ascii	"\316]\000\205\376\271\034n.1S\234\327\001\340\"\032"
 104      FEB91C6E 
 104      2E31539C 
 104      D701E022 
 104      1A
 105 0445 AE83163D 		.ascii	"\256\203\026=\320,\020b#616A^\270$\016,\355\261\366"
 105      D02C1062 
 105      23363136 
 105      415EB824 
 105      0E2CEDB1 
 106 045a 76FD431B 		.ascii	"v\375C\033\331\307a\331/\323i\035?D\325p\222</\"\251"
 106      D9C761D9 
 106      2FD3691D 
 106      3F44D570 
 106      923C2F22 
 107 046f 4D9034B4 		.ascii	"M\2204\264/;\006l\177\016I\003\217I2\215d\341\012\261"
 107      2F3B066C 
 107      7F0E4903 
 107      8F49328D 
 107      64E10AB1 
 108 0483 3082AF30 		.ascii	"0\202\2570\225\367*Y\314#\371\272\202|\265\021_\277"
ARM GAS  /tmp/ccrw9c32.s 			page 8


 108      95F72A59 
 108      CC23F9BA 
 108      827CB511 
 108      5FBF
 109 0495 3F83AF0E 		.ascii	"?\203\257\016\301W\347\023|\015\206;\233\254\217\321"
 109      C157E713 
 109      7C0D863B 
 109      9BAC8FD1 
 110 04a5 6917E874 		.ascii	"i\027\350t\011tR9\351~\314\011%\020\027\225,n\307kp"
 110      09745239 
 110      E97ECC09 
 110      25101795 
 110      2C6EC76B 
 111 04ba B05D5C19 		.ascii	"\260]\\\031\324}\364\225uD\327\032\246\355U\227c\215"
 111      D47DF495 
 111      7544D71A 
 111      A6ED5597 
 111      638D
 112 04cc D218F4C0 		.ascii	"\322\030\364\3004v\223j\031\344t\003\335\303\006aG\245"
 112      3476936A 
 112      19E47403 
 112      DDC30661 
 112      47A5
 113 04de 9A81123B 		.ascii	"\232\201\022;\026\237\357\210\270\360\276\005\212\204"
 113      169FEF88 
 113      B8F0BE05 
 113      8A84
 114 04ec A9DE525C 		.ascii	"\251\336R\\^\217S\0118\027\270=\312b\257\377+w\376|"
 114      5E8F5309 
 114      3817B83D 
 114      CA62AFFF 
 114      2B77FE7C 
 115 0500 6586CB3D 		.ascii	"e\206\313=\327\375i\256\342\015(\376\002%\340w(\016"
 115      D7FD69AE 
 115      E20D28FE 
 115      0225E077 
 115      280E
 116 0512 D7BCA5F9 		.ascii	"\327\274\245\371y\036\267c\212\203\031\\\316<\237O\016"
 116      791EB763 
 116      8A83195C 
 116      CE3C9F4F 
 116      0E
 117 0523 B8BF76CA 		.ascii	"\270\277v\3128\346\224}~\267W\362}\311\363\374\363\245"
 117      38E6947D 
 117      7EB757F2 
 117      7DC9F3FC 
 117      F3A5
 118 0535 82797C71 		.ascii	"\202y|q\300'\025\370\014\213\362\026,tN\177Ax\207\327"
 118      C02715F8 
 118      0C8BF216 
 118      2C744E7F 
 118      417887D7 
 119 0549 E3F1E62B 		.ascii	"\343\361\346+>\257\277 \240\274?3gF\316\022\314\345"
 119      3EAFBF20 
 119      A0BC3F33 
 119      6746CE12 
 119      CCE5
ARM GAS  /tmp/ccrw9c32.s 			page 9


 120 055b F0FA9D73 		.ascii	"\360\372\235s\026\275\353\231\342b\037\274\\\000\347"
 120      16BDEB99 
 120      E2621FBC 
 120      5C00E7
 121 056a 92026546 		.ascii	"\222\002eFN\356\307\271\212;\337\261`\341<\247\342\360"
 121      4EEEC7B9 
 121      8A3BDFB1 
 121      60E13CA7 
 121      E2F0
 122 057c 04DC8139 		.ascii	"\004\334\2019\363\035\016\014\362\022\233\034\262\271"
 122      F31D0E0C 
 122      F2129B1C 
 122      B2B9
 123 058a 024B0368 		.ascii	"\002K\003h\311\310\311\235\23197/\340\304\315\275\231"
 123      C9C8C99D 
 123      9939372F 
 123      E0C4CDBD 
 123      99
 124 059b 99359549 		.ascii	"\2315\225I~f\3628=^\377R\366?U\2007\027"
 124      7E66F238 
 124      3D5EFF52 
 124      F63F5580 
 124      3717
 125              		.text
 126              		.section	.gnu.lto_chThdCreateFromMemoryPool.444b29c28297c36e,"",%progbits
 127 0000 789C8D95 		.ascii	"x\234\215\225[LTW\024\206\367:\37303\316p\263-U[\232"
 127      5B4C5457 
 127      1486F73A 
 127      FB3033CE 
 127      70B32D55 
 128 0016 C0033126 		.ascii	"\300\0031&\312i\233\232\372\322\244\255mR\223\2226\322"
 128      CA699B9A 
 128      FAD2A4AD 
 128      6D529392 
 128      36D2
 129 0028 3EF4C9E0 		.ascii	">\364\311\3408\225I\035\206\314\340\355\241a\303p\024"
 129      3895491D 
 129      86CCE0ED 
 129      A161C370 
 129      14
 130 0039 34A66AE2 		.ascii	"4\246j\342\005\324bj\250\027\012\012\255(r\351T\005"
 130      05D4626A 
 130      A8170A0A 
 130      AD2872E9 
 130      5405
 131 004b EB885A51 		.ascii	"\353\210ZQTD,0\\\254\267\212\305j\323\302t\255}\006"
 131      54442C30 
 131      5CACB78A 
 131      C56AD3C2 
 131      74AD7D06 
 132 005f 2283B779 		.ascii	"\"\203\267y\320s\316\376\377\265\366Z\353\333\033\225"
 132      D073CEFE 
 132      FFB5F65A 
 132      EBDB1B95 
 133 006f 19BF3316 		.ascii	"\031\2773\026\306f\001c\263\361\031\242\030(\353\317"
 133      C6660163 
 133      B3F119A2 
ARM GAS  /tmp/ccrw9c32.s 			page 10


 133      1828EBCF 
 134 007f 30966751 		.ascii	"0\226gQ\0245\300\231\260\362\346\000c\"\232\203j|W\001"
 134      1435C099 
 134      B0F2E600 
 134      63229A83 
 134      6A7C5701 
 135 0093 E8415880 		.ascii	"\350AX\200\345*\\\205\\\270\257\014+p\256\340\300v>"
 135      E52A5C85 
 135      5CB8AF0C 
 135      2B70AEE0 
 135      C0763E
 136 00a6 A4E89C81 		.ascii	"\244\350\234\201\212\257\203\247K\202\261\364\012\220"
 136      8AAF83A7 
 136      4B82B1F4 
 136      0A90
 137 00b4 84AFDB44 		.ascii	"\204\257\333Dk\221y\306n!\362EW\331\276/6\370\364\217"
 137      6B9179C6 
 137      6E21F245 
 137      57D9BE2F 
 137      36F8F48F 
 138 00c8 74AEB090 		.ascii	"t\256\260\220\302`\017$\302nH\244\344{a\006j\257\037"
 138      C2600F24 
 138      C26E48A4 
 138      E47B6106 
 138      6AAF1F
 139 00db 6E2EB4F0 		.ascii	"n.\264\360\331\300\360\271\273k\360\265\351ed\023\355"
 139      D9C0F0B9 
 139      BB6BF0B5 
 139      E9656413 
 139      ED
 140 00ec 0E3149E7 		.ascii	"\0161I\347\034\366\001\177\324\206\237\030\224\303t"
 140      1CF6017F 
 140      D4869F18 
 140      94C374
 141 00fb 14E7F7D4 		.ascii	"\024\347\367\324\\\004>G\032w\266\355\\\0366\0267G\213"
 141      5C043E47 
 141      1A77B6ED 
 141      5C1E3616 
 141      37478B
 142 010e F5A0E356 		.ascii	"\365\240\343V\177\210\264\252\014*\244\265<\177\340"
 142      7F88B4AA 
 142      0C2AA4B5 
 142      3C7FE0
 143 011d 36E7EF48 		.ascii	"6\347\357Hk\321\311\341\240\331\360\372\333\002\251"
 143      6BD1C9E1 
 143      A0D9F0FA 
 143      DB02A9
 144 012c C5C2AFEA 		.ascii	"\305\302\257\352<\012*#\315\330\252\375\322\334r\243"
 144      3C0A2A23 
 144      CDD8AAFD 
 144      D2DC72A3 
 145 013c EEA085BF 		.ascii	"\356\240\205\277/\315\241\303e\177\333\302\211\037\310"
 145      2FCDA1C3 
 145      657FDBC2 
 145      891FC8
 146 014b 1D9BE040 		.ascii	"\035\233\340@\244\323\304\240J:o\212\265\015\300?\224"
 146      A4D3C4A0 
ARM GAS  /tmp/ccrw9c32.s 			page 11


 146      4A3A6F8A 
 146      B50DC03F 
 146      94
 147 015c CEB68B7B 		.ascii	"\316\266\213{?\013\033\267\205wl\206\352H\253\231\301"
 147      3F0B1BB7 
 147      85776C86 
 147      EA48AB99 
 147      C1
 148 016d 8F309DF4 		.ascii	"\2170\235\364w\012\372\272lF\303\247\342\353\201\372"
 148      770AFABA 
 148      6C46C3A7 
 148      E2EB81FA 
 149 017d 82DBE186 		.ascii	"\202\333\341\206\373\001\337\333\273\353\357X\371<\031"
 149      FB01DFDB 
 149      BBEBEF58 
 149      F93C19
 150 018c BAA2F7EA 		.ascii	"\272\242\367\352\322\224]\302/\204\377\337\300\224<"
 150      D2945DC2 
 150      2F84FFDF 
 150      C0943C
 151 019b E12F48D2 		.ascii	"\341/H\322\271\005j\214\340\0071\370Or\000\214\304\376"
 151      B9056A8C 
 151      E00731F8 
 151      4F72008C 
 151      C4FE
 152 01ad 9BC17295 		.ascii	"\233\301r\225\177,\215\301uM\337\250\350\244V\264\007"
 152      7F2C8DC1 
 152      754DDFA8 
 152      E8A456B4 
 152      07
 153 01be A28B0DA7 		.ascii	"\242\213\015\247\031\016\217\337V\330y\274\357\277V"
 153      190E8FDF 
 153      56D879BC 
 153      EFBF56
 154 01cd 1BFF543A 		.ascii	"\033\377T:\363\312\267m\217\016;/\005b\303N\005\216"
 154      F3CAB76D 
 154      8F0E3B2F 
 154      0562C34E 
 154      058E
 155 01df 3CD6D953 		.ascii	"<\326\331S5\262)\306T \360\227\004u\220\002\265\220"
 155      35B229C6 
 155      5420F097 
 155      04759002 
 155      B590
 156 01f1 5284851D 		.ascii	"R\204\205\035\202\024b\004\321\250\007\023\"\312G\027"
 156      82146204 
 156      D1A80713 
 156      22CA4717 
 157 0201 6965FF7C 		.ascii	"ie\377|\277\010\205|8$k\211\357\320\026x\025\260?\012"
 157      BF08857C 
 157      38246B89 
 157      EFD01678 
 157      15B03F0A 
 158 0215 E2893460 		.ascii	"\342\2114`\207Qe\006\032\257\025?O\262\341?\326\030"
 158      87516506 
 158      1AAF153F 
 158      4FB2E13F 
ARM GAS  /tmp/ccrw9c32.s 			page 12


 158      D618
 159 0227 A089C501 		.ascii	"\240\211\305\001u\1772P#\023\030Ed\354.&!\252\007\025"
 159      757F3250 
 159      23131845 
 159      64EC2E26 
 159      21AA0715 
 160 023b 85FEE7D7 		.ascii	"\205\376\347\327\241\300?\030\340\224\326\307M\270\303"
 160      A1C03F18 
 160      E094D6C7 
 160      4DB8C3
 161 024a DADA5B1D 		.ascii	"\332\332[\035\346\334aQ(D\274\316m!\005w\003\015\220"
 161      E6DC6151 
 161      2844BCCE 
 161      6D210577 
 161      030D90
 162 025d CB7C1CE9 		.ascii	"\313|\034\351\210f=\240\310=bV4\260n(\270\342\033\330"
 162      88663DA0 
 162      C83D6256 
 162      34B06E28 
 162      B8E21BD8 
 163 0271 640A0780 		.ascii	"d\012\007\200T\243\324A\2053<N\274\037\362K\006\257"
 163      54A3D441 
 163      85333C4E 
 163      BC1FF24B 
 163      06AF
 164 0283 DD8BA265 		.ascii	"\335\213\242e\014\276~\363\267k\315Z\005\225\037O\234"
 164      0CBE7EF3 
 164      B76BCD5A 
 164      05951F4F 
 164      9C
 165 0294 62712354 		.ascii	"bq#T5\203F\320|8s\324o\206\307\212\255\206\030H\374"
 165      358346D0 
 165      7C3873D4 
 165      6F86C78A 
 165      AD861848 
 166 02a9 33894D24 		.ascii	"3\211M$>R\325[=\311\310mE\313f\375\350Y3\261\301\345"
 166      3E52D55B 
 166      3DC9C86D 
 166      45CB66FD 
 166      E85933B1 
 167 02bf 6C1E9C08 		.ascii	"l\036\234\010\024F\227\302\216<\212QJ]\213\301*\020"
 167      144697C2 
 167      8E3C8A51 
 167      4A5D8BC1 
 167      2A10
 168 02d1 9B44398C 		.ascii	"\233D9\214\262\336\374\312p\002\261\005)\214\205_\240"
 168      B2DEFCCA 
 168      7002B105 
 168      298C855F 
 168      A0
 169 02e2 14461439 		.ascii	"\024F\0249\207\243\240a\002\337\366U3\215\3606\314\210"
 169      87A3A061 
 169      02DFF655 
 169      338DF036 
 169      CC88
 170 02f4 49E40E9F 		.ascii	"I\344\016\237XQx\223\234\002\034\243M\332H_\362\370"
 170      58517893 
ARM GAS  /tmp/ccrw9c32.s 			page 13


 170      9C021CA3 
 170      4DDA485F 
 170      F2F8
 171 0306 8AA20CB1 		.ascii	"\212\242\014\261J\342\343$\216y\212\330d\210\243H\334"
 171      4AE2E324 
 171      8E798AD8 
 171      6488A348 
 171      DC
 172 0317 44E2B871 		.ascii	"D\342\270q\342\241=\203\0350&6\033b\023\211\233I<\031"
 172      E2A13D83 
 172      1D302636 
 172      1B621389 
 172      9B493C19 
 173 032b C7961F4F 		.ascii	"\307\226\037O5\017\324\257\276\000<]\266\347`\343\345"
 173      350FD4AF 
 173      BE003C5D 
 173      B6E760E3 
 173      E5
 174 033c AD5603DD 		.ascii	"\255V\003\335\256\277V}^|\271W\210\215\002\033\021\007"
 174      AEBF567D 
 174      5E7CB957 
 174      888D021B 
 174      1107
 175 034e 2726D20B 		.ascii	"'&\322\013\277B\012\232V\377!\032Tjq\034$\301I\\\033"
 175      BF420A9A 
 175      56FF211A 
 175      546A711C 
 175      24C1495C 
 176 0363 C0EBE8FE 		.ascii	"\300\353\350\376\232\226\267\306\323\355?yG\2210\207"
 176      9A96B7C6 
 176      D3ED3F79 
 176      47913087 
 177 0373 B09D114B 		.ascii	"\260\235\021K\303;\036\322\365\033\240E\036\271\330"
 177      C33B1ED2 
 177      F51BA045 
 177      1EB9D8
 178 0382 B7EE084C 		.ascii	"\267\356\010L\243\\\014N\221@\215<6\014Z\000+\203\323"
 178      A35C0C4E 
 178      91408D3C 
 178      360C5A00 
 178      2B83D3
 179 0395 7450806D 		.ascii	"tP\200m\244;\371\273\322\352\207\326\344]J\251\330\212"
 179      A43BF9BB 
 179      D2EA87D6 
 179      E45D4AA9 
 179      D88A
 180 03a7 874F165A 		.ascii	"\207O\026Z\021\254\023\026\025G\011g Y\216\373\356\255"
 180      11AC1316 
 180      15470967 
 180      20598EFB 
 180      EEAD
 181 03b9 0B1D0A7E 		.ascii	"\013\035\012~\201\263\240\312\2353\370M^\341{\032\217"
 181      81B3A0CA 
 181      9D33F84D 
 181      5EE17B1A 
 181      8F
 182 03ca F545277F 		.ascii	"\365E'\177\037vO&\355\275\312\3526\233t\237#7\264\202"
ARM GAS  /tmp/ccrw9c32.s 			page 14


 182      1F764F26 
 182      EDBDCAEA 
 182      369B749F 
 182      2337B482 
 183 03de 4AE4CB26 		.ascii	"J\344\313&0\206\207\246\253\351\320\033\006\030\011"
 183      308687A6 
 183      ABE9D01B 
 183      061809
 184 03ed 130ECD0B 		.ascii	"\023\016\315\013!\232\023\234\307C\203k\375\0336\024"
 184      219A139C 
 184      C743836B 
 184      FD1B3614 
 185 03fd 715CA3DF 		.ascii	"q\\\243\337\327:\177\221fCN\006\027 W\347/\321hD\214"
 185      D73A7F91 
 185      66434E06 
 185      172057E7 
 185      2FD16844 
 186 0412 3C537574 		.ascii	"<Sut\246\022h\260Cw\377l\345\341\331\216A\255L\204\332"
 186      A61268B0 
 186      4377FF6C 
 186      E5E1D98E 
 186      41AD4C84 
 187 0427 A6F304B4 		.ascii	"\246\363\004\264@\3338\244g\351\374e\270(Y6\323\344"
 187      40DB38A4 
 187      67E9FC65 
 187      B8285936 
 187      D3E4
 188 0439 2E81866B 		.ascii	".\201\206kM\241\007\3768\2123\005\217\360e4\020@UCc"
 188      4DA107FE 
 188      388A3305 
 188      8FF06534 
 188      10405543 
 189 044e 799E1AB8 		.ascii	"y\236\032\270\263!X\303)\260\031\332e`\013\005\276B"
 189      B32158C3 
 189      29B019DA 
 189      65600B05 
 189      BE42
 190 0460 70A9D80F 		.ascii	"p\251\330\017\335\177\376\224d\221M\350\306\324\020"
 190      DD7FFE94 
 190      64914DE8 
 190      C6D410
 191 046f 81081DF2 		.ascii	"\201\010\035\362\012\241f\355\277U\373O\014\355c\032"
 191      0AA166ED 
 191      BF55FB4F 
 191      0CED631A 
 192 047f CEEF2A24 		.ascii	"\316\357*$\352\374\2251<\307#\351z\026\222\235\022\311"
 192      EAFC9531 
 192      3CC723E9 
 192      7A16929D 
 192      12C9
 193 0491 B106C561 		.ascii	"\261\006\305a\300kOF\262\350\376(\222\346\211P\375N"
 193      C06B4F46 
 193      B2E8FE28 
 193      92E68950 
 193      FD4E
 194 04a3 504D00B5 		.ascii	"PM\000\265\224\346\324E\026\313DP;\021\324N\002\265"
 194      94E6D445 
ARM GAS  /tmp/ccrw9c32.s 			page 15


 194      16CB4450 
 194      3B11D44E 
 194      02B5
 195 04b5 FB09A0F6 		.ascii	"\373\011\240\366HP\203\217\200:R\332\335h\033e\360\232"
 195      4850838F 
 195      803A52DA 
 195      DD681B65 
 195      F09A
 196 04c7 64B05732 		.ascii	"d\260W2\030\011\\\337(p\224@^\250\252\274\257\373\341"
 196      18095CDF 
 196      28709440 
 196      5EA8AABC 
 196      AFFBE1
 197 04da E85579F7 		.ascii	"\350Uy\367\020F\350+\356\362o\214\232S#\012\261G\026"
 197      1046E82B 
 197      EEF26F8C 
 197      9A53230A 
 197      B14716
 198 04ed 06FD3087 		.ascii	"\006\3750\207\335\240^\3728\335\224\367\000h\202J\345"
 198      DDA05EFA 
 198      38DD94F7 
 198      0068824A 
 198      E5
 199 04fe D09A586C 		.ascii	"\320\232Xl>o\351\314\304\277\000@\2210\325\233Z\246"
 199      3E6FE9CC 
 199      C4BF0040 
 199      9130D59B 
 199      5AA6
 200 0510 DBE5D0BC 		.ascii	"\333\345\320\274\216%N\227\266\334\355\371\312\231\265"
 200      8E254E97 
 200      B6DCEDF9 
 200      CA99B5
 201 051f 589B9BE9 		.ascii	"X\233\233\351\\\350\374$]s{5O\216\346\365\3305{\346"
 201      5CE8FC24 
 201      5D737B35 
 201      4F8EE6F5 
 201      D8357BE6 
 202 0533 A2955919 		.ascii	"\242\225Y\031.\247=\325\316\024W\266\212\317\0165\333"
 202      2EA73DD5 
 202      CE1457B6 
 202      8ACF0E35 
 202      DB
 203 0544 E3742BD9 		.ascii	"\343t+\331_\362\014\317b%g\021_\356\315Vr\262\243\226"
 203      5FF20CCF 
 203      62256711 
 203      5FEECD56 
 203      72B2A396 
 204 0558 652C59EA 		.ascii	"e,Y\352x\367\031a\355n\227\313\235\245e\273=9^\355\275"
 204      78F71961 
 204      ED6E97CB 
 204      9DA565BB 
 204      3D395EED 
 205 056d F96973D3 		.ascii	"\371is\323V`\016\273\333\343X\260\354mWj&\373\340\371"
 205      56600EBB 
 205      DBE358B0 
 205      EC6D576A 
 205      26FBE0F9 
ARM GAS  /tmp/ccrw9c32.s 			page 16


 206 0581 023856E4 		.ascii	"\0028V\344hs\323\322\347\245k\316,\373\222\245\213\034"
 206      6873D3D2 
 206      E7A56BCE 
 206      2CFB92A5 
 206      8B1C
 207 0593 9ADDE575 		.ascii	"\232\335\345uz\027,\266\3331\310s\0247f\313\364\256"
 207      7A172CB6 
 207      DB31C873 
 207      143766CB 
 207      F4AE
 208 05a5 F4A2253E 		.ascii	"\364\242%>-}~\322\302\014\257\003\213\233\231\224\362"
 208      2D7D7ED2 
 208      C20CAF03 
 208      8B9B9994 
 208      F2
 209 05b6 3A533CCC 		.ascii	":S<\314\354r\270\334\236\225\354\177\344UU\205"
 209      EC72B8DC 
 209      9E95EC7F 
 209      E4555585 
 210              		.text
 211              		.section	.gnu.lto_.symbol_nodes.444b29c28297c36e,"",%progbits
 212 0000 789C55C9 		.ascii	"x\234U\311\273\015\2000\020\003P;\2375\020Lz\351\220"
 212      BB0D8030 
 212      1003503B 
 212      9F35104C 
 212      7AE990
 213 0013 A8A8A9B3 		.ascii	"\250\250\251\263\001?AM\315\014\024Y\003\304\001\015"
 213      013F414D 
 213      CD0C1459 
 213      03C4010D 
 214 0023 292C5BCF 		.ascii	"),[\317\016@\247\201\351)@\273\003Zk\250T\006\0123\341"
 214      0E40A781 
 214      E92940BB 
 214      035A6BA8 
 214      54060A33 
 215 0038 4C31AF00 		.ascii	"L1\257\000!\224\012\023\305f0R\\\006\013\305\377\301"
 215      21940A13 
 215      C5663052 
 215      5C060BC5 
 215      FFC1
 216 004a C2211E17 		.ascii	"\302!\036\027\255\256\255>\013\013\203\330h\323\177"
 216      ADAEAD3E 
 216      0B0B83D8 
 216      68D37F
 217 0059 AE4F7A9C 		.ascii	"\256Oz\234\006I\0357g\034'L"
 217      06491D37 
 217      671C274C 
 218              		.text
 219              		.section	.gnu.lto_.refs.444b29c28297c36e,"",%progbits
 220 0000 789C6361 		.ascii	"x\234ca```\004b\006\000\0002\000\006"
 220      60606004 
 220      62060000 
 220      320006
 221              		.text
 222              		.section	.gnu.lto_.decls.444b29c28297c36e,"",%progbits
 223 0000 789CB53A 		.ascii	"x\234\265:iTT\331\231u\337}\024EQ@\0374\231N\206$}r"
 223      695454D9 
ARM GAS  /tmp/ccrw9c32.s 			page 17


 223      9975DF7D 
 223      14455140 
 223      1F34994E 
 224 0018 CC0973E6 		.ascii	"\314\011s\346D\272\333\244\223\234\2239\211c\322I\317"
 224      44BADBA4 
 224      939C9339 
 224      8963D249 
 224      CF
 225 0029 4C4FA763 		.ascii	"LO\247c:s\346\234\231\251\301\242ZH\263YU\2642\177R"
 225      3A73E69C 
 225      99A9C1A2 
 225      5A48B359 
 225      55B4327F 
 226 003e 20E282C8 		.ascii	" \342\202\310.\373\"\002\262\012\212\242\262(\242\002"
 226      2EFB2202 
 226      B20A8AA2 
 226      B228A202 
 227 004e EE2C8A02 		.ascii	"\356,\212\002\262\010\012\"\373\"\253\350|\367\336W"
 227      B2080A22 
 227      FB22ABE8 
 227      7CF7DE57 
 228 005e F55E1555 		.ascii	"\365^\025U.9'\350W\357}\367}\367\333\277\357\336\267"
 228      2E3927E8 
 228      57EF7DF7 
 228      7DF7DBBF 
 228      EFDEB7
 229 0071 F032F6B7 		.ascii	"\3602\366\267\333K&\213s\224\311\236 \231\354%\374a"
 229      DB4B268B 
 229      7394C99E 
 229      2099EC25 
 229      FC61
 230 0083 18FB1300 		.ascii	"\030\373\023\0009z\000\310\001>\023h\311y\035\320\335"
 230      397A00C8 
 230      013E1368 
 230      C9791DD0 
 230      DD
 231 0094 01E80498 		.ascii	"\001\350\004\230\004x\006\260\204dk\376\010\335\267"
 231      047806B0 
 231      84646BFE 
 231      08DDB7
 232 00a3 E1E80EB0 		.ascii	"\341\350\016\260\036`\007\340\025\0007\340\274\221\\"
 232      1E6007E0 
 232      150037E0 
 232      BC915C
 233 00b2 073801F0 		.ascii	"\0078\001\360\005\300\010\214\377\034`\0311Ysp\254\201"
 233      05C0088C 
 233      FF1C6019 
 233      31597370 
 233      AC81
 234 00c4 E32A1C39 		.ascii	"\343*\0349\016t\001\340\001&\000\327\001|\210\230n\016"
 234      0E7401E0 
 234      012600D7 
 234      017C8898 
 234      6E0E
 235 00d6 1CD3E93E 		.ascii	"\034\323\351>\340`\202\354!\034\037\003\014\002\014"
 235      E06082EC 
 235      211C1F03 
ARM GAS  /tmp/ccrw9c32.s 			page 18


 235      0C020C
 236 00e5 030C003C 		.ascii	"\003\014\000<\002H\004p\022t\"\372*`\236\022\340\035"
 236      02480470 
 236      127422FA 
 236      2A609E12 
 236      E01D
 237 00f7 8ED9406C 		.ascii	"\216\331@lq\207\363\365\334Z;\210\255\177oeG+\262m\003"
 237      7187F3F5 
 237      DC5A3B88 
 237      AD7F6F65 
 237      472BB26D 
 238 010c D19DD8F1 		.ascii	"\321\235\330\361\015\340\263\010\307\333\202\275ok\213"
 238      0DE0B308 
 238      C7DB82BD 
 238      6F6B8B
 239 011b 93C4966B 		.ascii	"\223\304\226kv\354\361\025\350\356\010\376\177\225M"
 239      76ECF115 
 239      E8EE08FE 
 239      7F954D
 240 012a 243CDFB5 		.ascii	"$<\337\265\262m\225Cu\355+\267\370n\324\211\010\311"
 240      B26D9543 
 240      75ED2BB7 
 240      F86ED489 
 240      08C9
 241 013c 3B741421 		.ascii	";t\024!\366\213(\310\030P\024N8\372+\023\207\220\211"
 241      F68B28C8 
 241      1850144E 
 241      38FA2B13 
 241      879089
 242 014f 50C039D3 		.ascii	"P\3009\323\251\314\314\214\376\027\346\323\374\242\177"
 242      A9CCCC8C 
 242      FE17E6D3 
 242      FCA27F
 243 015e 9489C81D 		.ascii	"\224\211\310\035\011\223\030.L\226!\001\347D\001\210"
 243      0993182E 
 243      4C962101 
 243      E7440188 
 244 016e A1A60912 		.ascii	"\241\246\011\022~L]\201\235\250\263\331&d2:{\241p\305"
 244      7E4C5D81 
 244      9DA8B3D9 
 244      2664323A 
 244      7BA170C5 
 245 0182 1173889C 		.ascii	"\021s\210\234\367-\025~\274\261\324\010\177\261F#\267"
 245      F72D157E 
 245      BCB1D408 
 245      7FB14623 
 245      B7
 246 0193 51F4CCF1 		.ascii	"Q\364\314\361\322\225\012%\211\022\372B\205\266\361"
 246      D2950A25 
 246      8912FA42 
 246      85B6F1
 247 01a2 64A835A2 		.ascii	"d\2505\242\"\003\317q\310]\211x@\247o\246\015\272\002"
 247      2203CF71 
 247      C85D8978 
 247      40A76FA6 
 247      0DBA02
 248 01b5 BA5E89DE 		.ascii	"\272^\211\336\263=\341\376\236;Y\334\273\207)\367\335"
ARM GAS  /tmp/ccrw9c32.s 			page 19


 248      B33DE1FE 
 248      9E3B59DC 
 248      BB8729F7 
 248      DD
 249 01c6 C6F778F4 		.ascii	"\306\367x\364\247o\242R\344\201J\020\204\033\035G\357"
 249      A76FA252 
 249      E4814A10 
 249      841B1D47 
 249      EF
 250 01d7 C26F19E2 		.ascii	"\302o\031\342\231@c\2661\206S\0350\032\303\011\261{"
 250      994063B6 
 250      3186531D 
 250      301AC309 
 250      B17B
 251 01e9 B32B2190 		.ascii	"\263+!\220\220\227#\025*B\033\031qyC\336\230\002\177"
 251      90972315 
 251      2A421B19 
 251      717943DE 
 251      98027F
 252 01fc 8F98C01D 		.ascii	"\217\230\300\035mN*\300H\345io*:\211<%\263\013\210:"
 252      6D4E2AC0 
 252      48E5696F 
 252      2A3A893C 
 252      25B30B88 
 253 0211 FDD94754 		.ascii	"\375\331GT\205F\343;\350\004\214W ,\\#dL\300\236\212"
 253      8546E33B 
 253      E8048C57 
 253      202C5C23 
 253      644CC09E 
 254 0226 53358ED4 		.ascii	"S5\216\324\032BQ\214\250==\315E%\304\001?T\"\342r7\242"
 254      1A42518C 
 254      A83D3DCD 
 254      4525C401 
 254      3F5422E2 
 255 023d C8D8B925 		.ascii	"\310\330\271%\0276D(\332bf\362\034\361\377P\275\032"
 255      17364428 
 255      DA6266F2 
 255      1CF1FF50 
 255      BD1A
 256 024f A32B4F3A 		.ascii	"\243+O:#O%\023X\331\364\353\270\275\340bt\026)Q\225"
 256      234F2513 
 256      58D9F4EB 
 256      B8BDE062 
 256      74162951 
 257 0264 28F1874A 		.ascii	"(\361\207J\370\335'\252.\023\365>\003z\003_B\210N\303"
 257      F8DD27AA 
 257      2E13F53E 
 257      037A035F 
 257      42884EC3 
 258 0278 E0291804 		.ascii	"\340)\030\004\031Eyq\271r\234\205\250\220\324S\305\013"
 258      19457971 
 258      B9729C85 
 258      A890D453 
 258      C50B
 259 028a 4AB390EC 		.ascii	"J\263\220\354\250\015\245\304\252\032\220qN\224\001"
 259      A80DA5C4 
 259      AA1A9071 
ARM GAS  /tmp/ccrw9c32.s 			page 20


 259      4E9401
 260 0299 22ED0AA9 		.ascii	"\"\355\012\251\266-\304\230\270\222\355\202[\231\220"
 260      B62DC498 
 260      B892ED82 
 260      5B9990
 261 02a8 F4E40B75 		.ascii	"\364\344\013u\016H\351i\233\303y\033\034\230:\263\207"
 261      0E48E969 
 261      9BC3791B 
 261      1C983AB3 
 261      87
 262 02b9 7EDD4A6D 		.ascii	"~\335Jm\256\003}jE}j\250> \345tUX\032\313\031BQ\311"
 262      AE037D6A 
 262      457D6AA8 
 262      3E20E574 
 262      55581ACB 
 263 02d1 BC7C77B1 		.ascii	"\274|w\261nY\205\363i~\362\225\341}G\\\221\247\007\002"
 263      6E5985F3 
 263      697EF295 
 263      E17D475C 
 263      91A70702 
 264 02e5 C6885949 		.ascii	"\306\210YI\022U\206.\303\204z\204M\265\234f\004\345"
 264      1255862E 
 264      C3847A84 
 264      4DB59C66 
 264      04E5
 265 02f7 A6FE4286 		.ascii	"\246\376B\206\341\\A\217T\335\251\\\243\374]\031\332"
 265      E15C418F 
 265      54DDA95C 
 265      A3FC5D19 
 265      DA
 266 0308 E481DE07 		.ascii	"\344\201\336\007]/\202\256\344\222\014]\002\206\015"
 266      5D2F82AE 
 266      E4920C5D 
 266      02860D
 267 0317 CCD6AEA6 		.ascii	"\314\326\256\246\033\021r\245@\035\373:\352\321\222"
 267      1B1172A5 
 267      401DFB3A 
 267      EAD192
 268 0326 A10E578B 		.ascii	"\241\016W\213<\275\002\252\210y\332HS\210P\346\027^"
 268      3CBD02AA 
 268      8879DA48 
 268      538850E6 
 268      175E
 269 0338 2A5550EB 		.ascii	"*UP\353`\014]\260\314\241\317\326\346\320g,\207\362"
 269      600C5DB0 
 269      CCA1CFD6 
 269      E6D0672C 
 269      87F2
 270 034a 9626CFA8 		.ascii	"\226&\317\250p1\265\237\313\211.\033q0\307\267=\341"
 270      7031B59F 
 270      CB892E1B 
 270      7130C7B7 
 270      3DE1
 271 035c BF66F710 		.ascii	"\277f\367\020\207\336\000\221\327D\207~f?\276\327\301"
 271      87DE0091 
 271      D744877E 
 271      663FBED7 
ARM GAS  /tmp/ccrw9c32.s 			page 21


 271      C1
 272 036d 86CF84E8 		.ascii	"\206\317\204\350\\\205\301ff\305\321\013g\306y\252\033"
 272      5C85C166 
 272      66C5D10B 
 272      67C679AA 
 272      1B
 273 037e 61D5C474 		.ascii	"a\325\304tk\233\272\221\351\314\012\374\035@\253\206"
 273      6B9BBA91 
 273      E9CC0AFC 
 273      1D40AB86 
 274 038e AE362A59 		.ascii	"\2566*Y\201\033\021\340i5s\327\034\330e\005\240g&J\316"
 274      811B11E0 
 274      693573D7 
 274      1CD86505 
 274      A067264A 
 275 03a3 B8B0CBF5 		.ascii	"\270\260\313\365d\366\271Y\343)\027\374\210\365\225"
 275      64F6B959 
 275      E32917FC 
 275      88F595
 276 03b2 CB737D05 		.ascii	"\313s}\005*<\312\220\231\336\302b'<\305\220\330\007"
 276      2A3CCA90 
 276      99DEC262 
 276      273CC590 
 276      D807
 277 03c4 4BB5CE78 		.ascii	"K\265\316x^@VV\373\035\361\012C\306\363o\235t\002\206"
 277      5E405656 
 277      FB1DF10A 
 277      43C6F36F 
 277      9D740286 
 278 03d8 9E4AF417 		.ascii	"\236J\364\027\211[<\231[2\342\006\222\235p\030\246n"
 278      895B3C99 
 278      5B32E206 
 278      929D7018 
 278      A66E
 279 03ea 492A5ACC 		.ascii	"I*Z\314\345L\031\231\263\333\370\375\260\023`k+\330"
 279      E54C1999 
 279      B3DBF8FD 
 279      B013606B 
 279      2BD8
 280 03fc D7428CEE 		.ascii	"\327B\214\356\006\243=\005\243\357\303\340=sJV6\375"
 280      06A33D05 
 280      A3EFC3E0 
 280      3D734A56 
 280      36FD
 281 040e 372BC32E 		.ascii	"7+\303.0\273S\364\240\247\220\221{#\012c\234\361A&%"
 281      30BB53F4 
 281      A0A79091 
 281      7B230A63 
 281      9CF14126 
 282 0423 2B6EBE46 		.ascii	"+n\276Fi_J\257])\331Q?\244u\330\003B\036\210B\272Ly"
 282      695F4AAF 
 282      5D29D951 
 282      3FA475D8 
 282      03421E88 
 283 043b DF5BDE7D 		.ascii	"\337[\336}\231\307ILJCU\347\264\334\276\224\207v\245"
 283      99C7494C 
 283      4A4355E7 
ARM GAS  /tmp/ccrw9c32.s 			page 22


 283      B4DCBE94 
 283      8776A5
 284 044e C475071E 		.ascii	"\304u\007\036\241\331\320\017b\372D1=&1\371\221w\207"
 284      A1D9D00F 
 284      62FA4431 
 284      3D2631F9 
 284      917787
 285 0461 5D710F15 		.ascii	"]q\017\025\203J\033R\2579\343\021\206\344\206\335\275"
 285      834A1B52 
 285      AF39E311 
 285      86E486DD 
 285      BD
 286 0472 EE822718 		.ascii	"\356\202'\030\322\267\322{\032\343Y\206\024\277\230"
 286      D2B7D27B 
 286      1AE35986 
 286      14BF98
 287 0481 BBE68617 		.ascii	"\273\346\206\027\031\322\235\3258\242\302\221<\262\\"
 287      19D29DD5 
 287      38A2C291 
 287      3CB25C
 288 0490 11209F58 		.ascii	"\021 \237X\203\277\232\031W\344h\316\242',\213\2222"
 288      83BF9A19 
 288      57E468CE 
 288      A2272C8B 
 288      9232
 289 04a2 F2DDA54D 		.ascii	"\362\335\245M\037\226\003\261:\236\322\246?bj\372\231"
 289      1F9603B1 
 289      3A9ED2A6 
 289      3F626AFA 
 289      99
 290 04b3 D3F72255 		.ascii	"\323\367\"U\026\305\364\324\242\351\217J\233~e\357\241"
 290      16C5F4D4 
 290      A2E98F4A 
 290      9B7E65EF 
 290      A1
 291 04c4 4B2E3886 		.ascii	"K.8\206j\303\305\215$\207\271!O\025s\305\322\300\256"
 291      6AC3C58D 
 291      2487B921 
 291      4F1573C5 
 291      D2C0AE
 292 04d7 9436A3F1 		.ascii	"\2246\243\361=4\001\023\306DW\214\322b\264\307\037\215"
 292      3D340113 
 292      C644578C 
 292      D262B4C7 
 292      1F8D
 293 04e9 836F2D44 		.ascii	"\203o-D$\036\276_\354\206{\230\301\246\005\316]X\340"
 293      241EBE5F 
 293      EC867B98 
 293      C1A605CE 
 293      5D58E0
 294 04fc 9E5CC830 		.ascii	"\236\\\3100\225\003\007xa\371\361{\340PF[\262\020q\332"
 294      95030778 
 294      61F9F17B 
 294      E050465B 
 294      B21071DA 
 295 0510 0D8F33C4 		.ascii	"\015\2173\304T\031\356Be\024\016e\034R1\374g\200\336"
 295      5419EE42 
ARM GAS  /tmp/ccrw9c32.s 			page 23


 295      65140E65 
 295      1C5231FC 
 295      6780DE
 296 0523 69E9CD07 		.ascii	"i\351\315\007\1773\332\007\225\321\227\024\3709Cj\316"
 296      7F33DA07 
 296      95D19714 
 296      F839436A 
 296      CE
 297 0534 D4360A15 		.ascii	"\3246\012\025\366>\240\273\037e>t\305\021\016\364Zc"
 297      F63EA0BB 
 297      1F653E74 
 297      C5110EF4 
 297      5A63
 298 0546 4CC44125 		.ascii	"L\304A%\216\246\010wr(=\323\311\334\026fo\375\206\365"
 298      8EA60877 
 298      72283DD3 
 298      C9DC1666 
 298      6FFD86F5 
 299 055a D9E71085 		.ascii	"\331\347\020\205e\353>k\273/\254\330\356\373\351\263"
 299      65EB3E6B 
 299      BB2FACD8 
 299      EEFBE9B3 
 300 056a 3D234E4C 		.ascii	"=#NL\003O\262\326T\317\346\313q*\323\340\362`{\263\003"
 300      034FB2D6 
 300      54CFE6CB 
 300      712AD3E0 
 300      F2607BB3 
 301 057f CE65484E 		.ascii	"\316eHN\303\303\037\341Jv^\235T;\256\300g\0312\360\362"
 301      C3C31FE1 
 301      4A765E9D 
 301      543BAEC0 
 301      671932F0 
 302 0594 C59F7133 		.ascii	"\305\237q3;\337_\272\277\321\025\2670$\367B\315\230"
 302      3BDF5FBA 
 302      BFD115B7 
 302      3024F742 
 302      CD98
 303 05a6 23EE6748 		.ascii	"#\356gH\341\323\276\347\030O2\344\341\203\246\012W<"
 303      E1D3BEE7 
 303      184F32E4 
 303      E183A60A 
 303      573C
 304 05b8 CD909A85 		.ascii	"\315\220\232\205\364\032H@\206\334\034|9\243\304/\031"
 304      F41A4840 
 304      86DC1C7C 
 304      39A3C42F 
 304      19
 305 05c9 7226ED45 		.ascii	"r&\355E=\217#\345\024\331\023]\226L\242!g}\324\021\206"
 305      3D8F23E5 
 305      14D9135D 
 305      964CA221 
 305      677DD411 
 306 05de 1E4D2D57 		.ascii	"\036M-W\361l\210\270e\027\311\257\324\007'\\\361\001"
 306      F16C88B8 
 306      6517C9AF 
 306      D407275C 
 306      F101
ARM GAS  /tmp/ccrw9c32.s 			page 24


 307 05f0 3A85BBB0 		.ascii	":\205\273\260P\336\250\220,\310\277<Kj\364\020\247D"
 307      50DEA890 
 307      2CC8BF3C 
 307      4B6AF410 
 307      A744
 308 0602 0739B3CF 		.ascii	"\0079\263\317\344\202\313\214k]\026\315y\022\336\324"
 308      E482CB8C 
 308      6B5D16CD 
 308      7912DED4 
 309 0612 65519C07 		.ascii	"eQ\234\007:\300Q\227\315,M\235\342q\"\223Qw`\254N\014"
 309      3AC05197 
 309      CD2C4D9D 
 309      E2712293 
 309      517760AC 
 310 0628 4CF6F5EF 		.ascii	"L\366\365\357\225\020\031q #F\224\001\"\355\012\211"
 310      95101971 
 310      20234694 
 310      0122ED0A 
 310      89
 311 0639 B52DE4A1 		.ascii	"\265-\344\241q%U\2053\230\220\232\003=\220\242\264c"
 311      71255585 
 311      3398909A 
 311      033D90A2 
 311      B463
 312 064b D8E09068 		.ascii	"\330\340\220h\203\203)O>fy\222\000\372\304\213\372\304"
 312      8383294F 
 312      3E667992 
 312      00FAC48B 
 312      FAC4
 313 065d 7142C358 		.ascii	"qB\303XN8w\332\031\3472\017G%\215\027\270\342B\206\254"
 313      4E3877DA 
 313      19E7320F 
 313      47258D17 
 313      B8E24286 
 314 0672 3C49EC44 		.ascii	"<I\354D,/T\200\206\327t\306\271\261Z\350\247+\307\362"
 314      2C2F5480 
 314      86D774C6 
 314      B9B15AE8 
 314      A72BC7F2 
 315 0686 BE173C3E 		.ascii	"\276\027<>\315h\357\035l\357\226\343:\246\353\311\375"
 315      CD68EF1D 
 315      6CEF96E3 
 315      3AA6EBC9 
 315      FD
 316 0697 9DA90E76 		.ascii	"\235\251\016vu\315\260\247k}\274\034\364L\007=\323l"
 316      75CDB0A7 
 316      6B7DBC1C 
 316      F44C073D 
 316      D36C
 317 06a9 E8D9783B 		.ascii	"\350\331x;gV\201/1q\347\342\342!\373\2562\2447%\252"
 317      6756812F 
 317      3171E7E2 
 317      E221FBAE 
 317      32A43725 
 318 06be C6193F60 		.ascii	"\306\031?`\310\371\230\231\263Nx\220!{\027\007*\334"
 318      C8F99899 
 318      B34E7890 
ARM GAS  /tmp/ccrw9c32.s 			page 25


 318      217B1707 
 318      2ADC
 319 06d0 F018434C 		.ascii	"\360\030CL+\335z\266\322=\335]\377\220\307\263\354Z"
 319      2BDD7AB6 
 319      D23DDD5D 
 319      FF90C7B3 
 319      EC5A
 320 06e2 F99E4745 		.ascii	"\371\236GE\012\270\346\001\231\205$\353\220\007[\207"
 320      0AB8E601 
 320      998524EB 
 320      90075B87 
 321 06f2 4ED5CF96 		.ascii	"N\325\317\226\361x\221Y\327Z\331y\305I\222R\337\245"
 321      F1789159 
 321      D75AD979 
 321      C5499252 
 321      DFA5
 322 0704 2955086A 		.ascii	")U\010j\027\210j{\230\253\320r3r\014\214\367\020\214"
 322      17886A7B 
 322      98ABD072 
 322      33720C8C 
 322      F7108C
 323 0717 CF07E3F3 		.ascii	"\317\007\343\363X\250\213\262\013/\273\340pG*`<qt\037"
 323      58A88BB2 
 323      0B2FBBE0 
 323      70472A60 
 323      3C71741F 
 324 072b 96ECEFBE 		.ascii	"\226\354\357\276I\363\251\004\004\024\211\002\0129;"
 324      49F3A904 
 324      04148902 
 324      0A393B
 325 073a 128A6D4B 		.ascii	"\022\212mK\010Oh/u\302\007\230\204\304\262\262\022\261"
 325      084F682F 
 325      75C20798 
 325      84C4B2B2 
 325      12B1
 326 074c 2A660FFD 		.ascii	"*f\017\375\262\216H8\016\022JE\011%\366$\224\331\226"
 326      B28E4838 
 326      0E124A45 
 326      0925F624 
 326      94D996
 327 075f 909436F4 		.ascii	"\220\2246\364.\216wdyt\360E9\306)L\332B\335\321Sf\207"
 327      2E8E7764 
 327      7974F045 
 327      39C6294C 
 327      DA42DDD1 
 328 0776 D52FA277 		.ascii	"\325/\242w\320I\220T\361\006\222N\330\226\324\22399"
 328      D0499054 
 328      F106924E 
 328      D896D493 
 328      3939
 329 0788 CBE31C26 		.ascii	"\313\343\034&*\357Ry\253#.`\242V\373\306\317\270\232"
 329      2AEF5279 
 329      AB232E60 
 329      A256FBC6 
 329      CFB89A
 330 079b 452D83A8 		.ascii	"E-\203\250*\020u\352\015D\235\266-j\"\342q\277\260="
 330      2A1075EA 
ARM GAS  /tmp/ccrw9c32.s 			page 26


 330      0D449DB6 
 330      2D6A22E2 
 330      71BFB03D 
 331 07af 7A97144B 		.ascii	"z\227\024Kb\312&\\\316\004\027\264\216\305[\336\274"
 331      62CA265C 
 331      CE0417B4 
 331      8EC55BDE 
 331      BC
 332 07c0 F45B6C0A 		.ascii	"\364[l\012\317q\246Ma\370@U\007\302Ul"
 332      CF71A64D 
 332      61F84055 
 332      07C2556C 
 333 07d0 DAC59BBB 		.ascii	"\332\305\233\273\213\234q\015C\006V\217<r\304\027\031"
 333      8B9C710D 
 333      4306568F 
 333      3C72C417 
 333      19
 334 07e1 B2987235 		.ascii	"\262\230r5\317\00571$\276\264\345\236\034_gH\357\361"
 334      CF053731 
 334      24BEB4E5 
 334      9E1C5F67 
 334      48EFF1
 335 07f4 17B5727C 		.ascii	"\027\265r|\213!\331\017\246\313\034q+3x8\256\240Riu"
 335      8B21D90F 
 335      A6CB1C71 
 335      2B337838 
 335      AEA05269 
 336 0809 2324B9E3 		.ascii	"#$\271\343B\015`\326\027\226\267Aq\335_N\357&\035\341"
 336      420D60D6 
 336      1796B741 
 336      71DD5F4E 
 336      EF261DE1 
 337 081d 22A742F5 		.ascii	"\"\247B\365\242k\276\020n\203\372\303\033\333\025\270"
 337      A26BBE10 
 337      6E83FAC3 
 337      1BDB15B8 
 338 082d 8B099B9E 		.ascii	"\213\011\233\236\270\363\334\005\3672\304\270t\276K"
 338      B8F3DC05 
 338      F732C4B8 
 338      74BE4B
 339 083c 8E0718D2 		.ascii	"\216\007\030\322\235\264\330\357\204\0373\244\371n\324"
 339      9DB4D8EF 
 339      841F33A4 
 339      F96ED4
 340 084b 051E3F61 		.ascii	"\005\036?a\310\261\353\375F\007<\312\220\332\003\327"
 340      C8B1EBFD 
 340      46073CCA 
 340      90DA03D7 
 341 085b 9F2BF004 		.ascii	"\237+\360\004C\322\252\367\206+\3614CJ^\316\306\250"
 341      43D2AAF7 
 341      862BF134 
 341      434A5ECE 
 341      C6A8
 342 086d F09C607B 		.ascii	"\360\234`{mk.\307\374\274\201\354H\352\243\2321\253"
 342      6D6B2EC7 
 342      FCBC81EC 
 342      48EAA39A 
ARM GAS  /tmp/ccrw9c32.s 			page 27


 342      31AB
 343 087f D51C5877 		.ascii	"\325\034Xw\235\017\266wdqh\003\375[\347\011?\271\304"
 343      9D0FB677 
 343      64716803 
 343      FD5BE709 
 343      3FB9C4
 344 0892 DEFEB85C 		.ascii	"\336\376\270\\\357\336\266GFc\274\212\032s\001\214\271"
 344      EFDEB647 
 344      4663BC8A 
 344      1A73018C 
 344      B9
 345 08a3 C3AD13AD 		.ascii	"\303\255\023\255\237\242\201\370\200<h\240\023\352\317"
 345      9FA281F8 
 345      803C68A0 
 345      13EACF
 346 08b2 DF531963 		.ascii	"\337S\031c\275)q\2235q\013%.E\"\365\035\221\372\262"
 346      BD297193 
 346      35710B25 
 346      2E4522F5 
 346      1D91FAB2 
 347 08c6 35F519CE 		.ascii	"5\365\031\316\212u\207H|\3116\261\224u\265H}\325\232"
 347      8A758748 
 347      7CC936B1 
 347      9475B548 
 347      7DD59A
 348 08d9 DACB9AB8 		.ascii	"\332\313\232\270M$\276bM|K\242u\234p\253dD\006\031\272"
 348      4D24BE62 
 348      4D7C4BA2 
 348      759C70AB 
 348      64440619 
 349 08ee 09497C83 		.ascii	"\011I|\203#w\003\302\024\0103\272\013\351\320\301m@"
 349      237703C2 
 349      140833BA 
 349      0BE9D0C1 
 349      6D40
 350 0900 6D00F701 		.ascii	"m\000\367\001n\003\334\003h\007h\001h\005\270\305m\240"
 350      6E03DC03 
 350      68076801 
 350      6805B8C5 
 350      6DA0
 351 0912 B757AC86 		.ascii	"\267W\254\206f\017\253\214po\005\014dB\242\310\314z"
 351      660FAB8C 
 351      706F050C 
 351      6442A2C8 
 351      CC7A
 352 0924 9DBBB73E 		.ascii	"\235\273\267>\325X\037\201\251f\327l\232!qP\213hE\243"
 352      D5581F81 
 352      A966D76C 
 352      9A217150 
 352      8B6845A3 
 353 0938 6D2B24C4 		.ascii	"m+$\304\265\"q\263\355@Qb\3628g1-\301\311\242\014\245"
 353      B52271B3 
 353      ED405162 
 353      F2386731 
 353      2DC1C9A2 
 354 094e C432D469 		.ascii	"\3042\324i.\303\336\332\334\005\027|QA\022\016\247\226"
 354      2EC3DEDA 
ARM GAS  /tmp/ccrw9c32.s 			page 28


 354      DC05177C 
 354      5141120E 
 354      A796
 355 0960 F6CD3BA1 		.ascii	"\366\315;\241\015\236\353\204LJ\377t&?\222\210\004z"
 355      0D9EEB84 
 355      4C4AFF74 
 355      263F9288 
 355      047A
 356 0972 741E44F6 		.ascii	"t\036D\366\330\266\205y\245\362\000\365J\217\245W\342"
 356      D8B68579 
 356      A5F200F5 
 356      4A8FA557 
 356      E2
 357 0983 84F58EFA 		.ascii	"\204\365\216\372\337<\267K`F\374\377\000\374\337-\370"
 357      DF3CB74B 
 357      6046FCFF 
 357      00FCDF2D 
 357      F8
 358 0994 979440F8 		.ascii	"\227\224@\370\3608\306\267\250Fht\250\244\203\303\355"
 358      F038C6B7 
 358      A8466874 
 358      A8A483C3 
 358      ED
 359 09a5 0CC9E86B 		.ascii	"\014\311\350k\350\025\366d\227\011^\325\227\270_%\024"
 359      E815F664 
 359      97095ED5 
 359      97B85F25 
 359      14
 360 09b6 04791033 		.ascii	"\004y\0203<?\337!\307=\214\270\362eQ$\306\203\014y\236"
 360      3C3FDF21 
 360      C73D8CB8 
 360      F2655124 
 360      C6830C79 
 361 09cb 7FFBBE02 		.ascii	"\177\373\276\002\2171\344\342jg\206\022?\243\310/\226"
 361      8F31E4E2 
 361      6A678612 
 361      3FA3C82F 
 361      96
 362 09dc 4722265D 		.ascii	"G\"&]\320\206uP>\252u\302\177\362\317\323\223\034\340"
 362      D0867550 
 362      3EAA75C2 
 362      7FF2CFD3 
 362      931CE0
 363 09ef 773DBBB2 		.ascii	"w=\273\262\001\012L\245\"U\346\271\301\374\007\227="
 363      010A4CA5 
 363      2255E6B9 
 363      C1FC0797 
 363      3D
 364 0a00 3D99AF56 		.ascii	"=\231\257V\216m\2761\303\252\216l>\227`\3639,u\326\242"
 364      8E6DBE31 
 364      C3AA8E6C 
 364      3E9760F3 
 364      392C75D6 
 365 0a15 BD947C08 		.ascii	"\275\224|\010)\331OR\262\217cS\210K2\261'\312\300\033"
 365      29D94F52 
 365      B28F6353 
 365      884B32B1 
ARM GAS  /tmp/ccrw9c32.s 			page 29


 365      27CAC01B 
 366 0a29 503A401A 		.ascii	"P:@\032@*@\012@2\300a\200$\200D\200\004\000#\3002\244"
 366      402A400A 
 366      4032C061 
 366      80248044 
 366      80040023 
 367 0a40 E82CC010 		.ascii	"\350,\300\020\300S\200\021\200'\202KY\356\334M\370\016"
 367      C0538011 
 367      8027824B 
 367      59EEDC4D 
 367      F80E
 368 0a52 4B4B687C 		.ascii	"KKh|\003\234\225rs\326\231v\246\335\203Q\223\307\021"
 368      039C9572 
 368      73D69976 
 368      A6DD8351 
 368      93C711
 369 0a65 F3D6B63C 		.ascii	"\363\326\266<[\323\024\262M\334G!Q\026l\323S\366\322"
 369      5BD314B2 
 369      4DDC4721 
 369      51166CD3 
 369      53F6D2
 370 0a78 941CB348 		.ascii	"\224\034\263H\311Q\226\222\026\276\271\015WI\025\240"
 370      C9519692 
 370      16BEB90D 
 370      574915A0 
 371 0a88 47A0F198 		.ascii	"G\240\361\230\340\233\034\360M6\330<\0056\216Km\354"
 371      E09B1CF0 
 371      4D36D83C 
 371      05368E4B 
 371      6DEC
 372 0a9a 6F2BD991 		.ascii	"o+\331\221\274\333\330\374>\232\000-\356\"l!\301\242"
 372      BCDBD8FC 
 372      3E9A002D 
 372      EE226C21 
 372      C1A2
 373 0aac 9549D598 		.ascii	"\225I\325\230\264Pc\342Uj\034\001\321\257U\243~Qk\334"
 373      B45063E2 
 373      556A1C01 
 373      D1AF55A3 
 373      7E516BDC 
 374 0ac0 2F47D3A0 		.ascii	"/G\323\240\303\254m\035\326xb\306B\0052\223\325\217"
 374      C3AC6D1D 
 374      D67862C6 
 374      42053293 
 374      D58F
 375 0ad2 ED44C902 		.ascii	"\355D\311\002\311\177\243D1\222D\376\374\372L\004M\344"
 375      C97FA344 
 375      319244FE 
 375      FCFA4C04 
 375      4DE4
 376 0ae4 3910F242 		.ascii	"9\020\362B\010\246\3716|\325^\"\233)\226\240\236\347"
 376      08A6F936 
 376      7CD55E22 
 376      9B2996A0 
 376      9EE7
 377 0af6 05FD16E1 		.ascii	"\005\375\026\341|\001d<\263\360P\373\001!]\210\251F"
 377      7C01643C 
ARM GAS  /tmp/ccrw9c32.s 			page 30


 377      B3F050FB 
 377      01215D88 
 377      A946
 378 0b08 88EDBC9D 		.ascii	"\210\355\274\235V\317\004\324[\011x\211\360k\004\264"
 378      56CF04D4 
 378      5B097889 
 378      F06B04B4 
 379 0b18 5CA39D72 		.ascii	"\\\243\235rZ\310\203\265\354%m\353\002k[\363\226m\213"
 379      5AC883B5 
 379      EC256DEB 
 379      026B5BF3 
 379      966D8B
 380 0b2b 6D0B52CB 		.ascii	"m\013R\3137\247\305\207\301\3554qE\230\270- \304\242"
 380      37A7C587 
 380      C1ED3471 
 380      4598B82D 
 380      20C4A2
 381 0b3e C3BCAF09 		.ascii	"\303\274\257\011\225\277\002T\341\326\305\265*\306\334"
 381      95BF0254 
 381      E1D6C5B5 
 381      2AC6DC
 382 0b4d 762F7C09 		.ascii	"v/|\011&\254\012\346\274\200\363\347\026\246TJ}E\214"
 382      26AC0AE6 
 382      BC80F3E7 
 382      16A6544A 
 382      7D458C
 383 0b60 59B56D8C 		.ascii	"Y\265m\214m\336\2739l\22373\375\0043}\325\266\351\237"
 383      6DDEBB39 
 383      6C933733 
 383      FD04337D 
 383      D5B6E99F 
 384 0b74 A4C612D3 		.ascii	"\244\306\022\323\211Q\021\242\351\253\026\246\207^\025"
 384      895111A2 
 384      E9AB16A6 
 384      875E15
 385 0b83 4C0FC3EB 		.ascii	"L\017\303\353\321\036k\323\247$\271\022oK?\031\235G"
 385      D11E6BD3 
 385      A724B912 
 385      6F4B3F19 
 385      9D47
 386 0b95 948B8744 		.ascii	"\224\213\207D\216\203\004\215\005\210\001\210\0028\000"
 386      8E83048D 
 386      05880188 
 386      023800
 387 0ba4 1001B01B 		.ascii	"\020\001\260\033 \034K\235R\335F\343K:m$\010%L\354."
 387      201C4B9D 
 387      52DD46E3 
 387      4B3A6D24 
 387      08254CEC 
 388 0bb9 B1E9F192 		.ascii	"\261\351\361\222\336\264\367u\324\213\267)\347=X\205"
 388      DEB4F775 
 388      D48BB729 
 388      E73D5885 
 389 0bc9 F6D9A795 		.ascii	"\366\331\247\225\026o$\226\026/L\\\323?R\240r\223I\345"
 389      166F2496 
 389      162F4C5C 
 389      D33F52A0 
ARM GAS  /tmp/ccrw9c32.s 			page 31


 389      729349E5 
 390 0bdd 1E068E84 		.ascii	"\036\006\216\204\234\030\274\037\014\336\007\206\355"
 390      9C18BC1F 
 390      0CDE0786 
 390      ED
 391 0bea C5D2EA5B 		.ascii	"\305\322\352[:\031z\370\030]r\311\255\351~\201\336V"
 391      3A197AF8 
 391      185D72C9 
 391      ADE97E81 
 391      DE56
 392 0bfc FFA0F4F5 		.ascii	"\377\240\364\365]\016\244\327\220\354L\022h\315Ub\235"
 392      5D0EA4D7 
 392      90EC4C12 
 392      68CD5562 
 392      9D
 393 0c0d E79D4710 		.ascii	"\347\235G\020\0116\320XmZh \377\363\274\020Hr\253\231"
 393      0936D058 
 393      6D5A6820 
 393      FFF3BC10 
 393      4872AB99 
 394 0c21 FA3A2FD5 		.ascii	"\372:/\325\305\010>=\010~\312|3?Ec\351\363\257\203\314"
 394      C5083E3D 
 394      087ECA7C 
 394      333F4563 
 394      E9F3AF83 
 395 0c36 4FF6BA20 		.ascii	"O\366\272 :\004\356\021\033\241)%\275S\356\223\207["
 395      3A04EE11 
 395      1BA12925 
 395      BD53EE93 
 395      875B
 396 0c48 84559698 		.ascii	"\204U\226\230\222\323\264g\233\326\341\320\3329f\011"
 396      92D3B467 
 396      9BD6E1D0 
 396      DA396609 
 397 0c58 AC74D9AF 		.ascii	"\254t\331\2574\004\234\022w[X\350\210\3319\257\243\236"
 397      34049C12 
 397      775B58E8 
 397      88D939AF 
 397      A39E
 398 0c6a B9459383 		.ascii	"\271E\223\203\320\036\261O\313\334}\367\026u7\320\254"
 398      D01EB14F 
 398      CBDC7DF7 
 398      167537D0 
 398      AC
 399 0c7b DD23AE5E 		.ascii	"\335#\256^\367H6\326\207azwyT\250\032\341\236\213\325"
 399      F74836D6 
 399      87617A77 
 399      7954A81A 
 399      E19E8BD5 
 400 0c8f 4C2E273A 		.ascii	"L.':{\346\272\263\261\342\177\351\375a\271-\332M\"i"
 400      7BE6BAB3 
 400      B1E27FE9 
 400      FD61B92D 
 400      DA4D2269 
 401 0ca3 172325F7 		.ascii	"\027#%\367w\225\266H%!l\215\022B\010\267d\350\254u\345"
 401      7795B648 
 401      25216C8D 
ARM GAS  /tmp/ccrw9c32.s 			page 32


 401      124208B7 
 401      64E8AC75 
 402 0cb8 AEDD9C67 		.ascii	"\256\335\234g]\247\266\223'\370\325\266\251%\314c\257"
 402      5DA7B693 
 402      27F8D5B6 
 402      A925CC63 
 402      AF
 403 0cc9 9BFB6F8D 		.ascii	"\233\373o\2155\261ts\316\250_\210\335\272\3266\265$"
 403      35B17473 
 403      CEA85F88 
 403      DDBAD636 
 403      B524
 404 0cdb 062BD784 		.ascii	"\006+\327\204\210\221\355c\2355\371\332\373\225E\306"
 404      8891ED63 
 404      9D35F9DA 
 404      FB9545C6 
 405 0ceb 9C6C647A 		.ascii	"\234ldzmSK\230\317\377\013\2415\225\223\305\272g\035"
 405      6D534B98 
 405      CFFF0BA1 
 405      359593C5 
 405      BA671D
 406 0cfe DF67AC77 		.ascii	"\337g\254w\016\333\356\235\241\307\350\363%\222\322"
 406      0EDBEE9D 
 406      A1C7E8F3 
 406      2592D2
 407 0d0d 8362A20E 		.ascii	"\203b\242\016Kzg{\311\347\311\307\214Rqc\257\0227\353"
 407      4B7A677B 
 407      C9E7C9C7 
 407      8C527163 
 407      AF1237EB 
 408 0d21 4DA48DD9 		.ascii	"M\244\215\331\220V\337\371\230f\032\331\307<\026e\215"
 408      9056DFF9 
 408      98661AD9 
 408      C73C1665 
 408      8D
 409 0d32 5159B0DD 		.ascii	"QY\260\335m)\316MW\341\333\364\241\315\273\005\223+"
 409      6D29CE4D 
 409      57E1DBF4 
 409      A1CDBB05 
 409      932B
 410 0d44 55886C77 		.ascii	"U\210lwU\353\311\316\326s\335\006\266\341\205}\254\247"
 410      55EBC9CE 
 410      D673DD06 
 410      B6E1857D 
 410      ACA7
 411 0d56 692BBB5C 		.ascii	"i+\273\\\265#\355\244\221\364\025\3620\373\016,9y\370"
 411      B523EDA4 
 411      91F415F2 
 411      30FB0E2C 
 411      3979F8
 412 0d69 2D966719 		.ascii	"-\226g\031%'-\256\032j8\037Z\334Q\213\336\335\035)$"
 412      25272DAE 
 412      1A6A381F 
 412      5ADC518B 
 412      DEDD1D29 
 413 0d7e 5E01660B 		.ascii	"^\001f\013\332Z\356kz\3071I\245\311\310D\231iE\311!"
 413      DA5AEE6B 
ARM GAS  /tmp/ccrw9c32.s 			page 33


 413      7AC73149 
 413      A5C9C844 
 413      996945C9 
 414 0d93 2B4A8AAB 		.ascii	"+J\212\253dwp\016\244\026\011\253J)\234\227\200\006"
 414      6477700E 
 414      A41609AB 
 414      4A299C97 
 414      8006
 415 0da5 C50085D2 		.ascii	"\305\000\205\322F[\277\320\310\205Q-\312@\372 yT\014"
 415      465BBFD0 
 415      C885512D 
 415      CA40FA20 
 415      79540C
 416 0db8 536C78DF 		.ascii	"Slx\337\216\220\001a\306\253\205\364~L\342K\354k\267"
 416      8E900161 
 416      C6AB85F4 
 416      7E4CE24B 
 416      EC6BB7
 417 0dcb 2F8179E5 		.ascii	"/\201y\345^\244[\232\261>\345}\372\274\244\303>\265"
 417      5EA45B9A 
 417      B13EE57D 
 417      FABCA4C3 
 417      3EB5
 418 0ddd D05C1A31 		.ascii	"\320\\\0321\011y\221es\261\023\2162!\034gA\317r\320"
 418      09799165 
 418      73B1138E 
 418      32211C67 
 418      41CF72D0 
 419 0df1 F1B84538 		.ascii	"\361\270E8\2365\012\365D\202\375\0101\207\330\277\355"
 419      9E350AF5 
 419      4482FD08 
 419      3187D8BF 
 419      ED
 420 0e02 9E3545AF 		.ascii	"\2365E\257\002\242\367\330&\371\232\350\235\260X!+\254"
 420      02A2F7D8 
 420      26F99AE8 
 420      9DB05821 
 420      2BAC
 421 0e14 5748E2D8 		.ascii	"WH\342\330i\270<E[\011(Y)(\\\005\347\247A\341S\000'"
 421      69B83C45 
 421      5B092859 
 421      29285C05 
 421      E7A741E1 
 422 0e2b 2D1C9BD9 		.ascii	"-\034\233\331\344\301\242G\222~\006\264 S\314\333tI"
 422      E4C1A247 
 422      927E06B4 
 422      2053CCDB 
 422      7449
 423 0e3d CFB02365 		.ascii	"\317\260#eR\230\362j)){]\214\261\221*\232}m\302\014"
 423      5298F26A 
 423      29297B5D 
 423      8CB1912A 
 423      9A7D6DC2 
 424 0e52 73482C7B 		.ascii	"sH,{\007x&\261\2116\032\362\342eX \266\2738$\354\245"
 424      077826B1 
 424      89361AF2 
 424      E2655820 
ARM GAS  /tmp/ccrw9c32.s 			page 34


 424      B6BB3824 
 425 0e68 CDA312DB 		.ascii	"\315\243\022\333(\347\023\221\337%\327\210\323r\261"
 425      28E71391 
 425      DF25D788 
 425      D372B1
 426 0e77 B99C09A9 		.ascii	"\271\234\011\251\211b\272\221\026|\231\255\3315\215"
 426      8962BA91 
 426      167C99AD 
 426      D9358D
 427 0e86 DF21D788 		.ascii	"\337!\327\210\312C\342\013\020\222(\346v\301f\347Y\316"
 427      CA43E20B 
 427      109228E6 
 427      76C166E7 
 427      59CE
 428 0e98 26AFBF56 		.ascii	"&\257\277V\313N\260W\241$\2667\331K\254\351\350\347"
 428      CB4EB057 
 428      A124B637 
 428      D94BACE9 
 428      E8E7
 429 0eaa B10AE95B 		.ascii	"\261\012\351[,\322\245\305`\326b\362\032\253\006\013"
 429      2CD2A5C5 
 429      60D662F2 
 429      1AAB060B 
 430 0eba AFB14A56 		.ascii	"\257\261JVb\3568\177?\307\230Sa\354_\250\376<\255\012"
 430      62EE387F 
 430      3FC79853 
 430      61EC5FA8 
 430      FE3CAD0A 
 431 0ece 5662779E 		.ascii	"Vbw\236P\241BQ\233B\372\272\032\035C\335H\206\352\360"
 431      50A14251 
 431      9B42FABA 
 431      1A1D43DD 
 431      4886EAF0 
 432 0ee2 F761E295 		.ascii	"\367a\342\225\241\3743r|\313\331\352\005\233\371\013"
 432      A1FC3372 
 432      7CCBD9EA 
 432      059BF90B 
 433 0ef2 0ACBCF10 		.ascii	"\012\313\317\020.`:h\371\326\274\236\015Z\276l\276\310"
 433      2E603A68 
 433      F9D6BC9E 
 433      0D5ABE6C 
 433      BEC8
 434 0f04 0647D332 		.ascii	"\006G\3232Sx\374\204\261O\211/=\207\360\034E\370\241"
 434      5378FC84 
 434      B14F892F 
 434      3D87F01C 
 434      45F8A1
 435 0f17 AE91211E 		.ascii	"\256\221!\036\032\242Jh~q\003\237\034c\033\260&\241"
 435      1AA24A68 
 435      7E71039F 
 435      1C631BB0 
 435      26A1
 436 0f29 3D35DA0E 		.ascii	"=5\332\016\244\355\375\366e\314&\220\304j\206\304\272"
 436      A4EDFDF6 
 436      65CC2690 
 436      C46A86C4 
 436      BA
ARM GAS  /tmp/ccrw9c32.s 			page 35


 437 0f3a 222494B4 		.ascii	"\"$\224\264\034\032-\312\241\211\225\203\020Y\332\345"
 437      1C1A2DCA 
 437      A1899583 
 437      1059DAE5 
 438 0f4a 1BAD43E3 		.ascii	"\033\255C\343p\243#\355\261\033\242\317\371X\262%\230"
 438      70A323ED 
 438      B11BA2CF 
 438      F958B225 
 438      98
 439 0f5b CAD0A4E5 		.ascii	"\312\320\244\345\015\333Z2\352$i\215_\302\266\250\245"
 439      0DDB5A32 
 439      EA24698D 
 439      5FC2B6A8 
 439      A5
 440 0f6c 359ED268 		.ascii	"5\236\322h\221\3117\354\354@m\356qe\224\234\230\177"
 440      91C937EC 
 440      EC406DEE 
 440      7165949C 
 440      987F
 441 0f7e 13CCBF0A 		.ascii	"\023\314\277\0125u\015\340:\226\336v\3045\322\354\277"
 441      35750DE0 
 441      3A96DE76 
 441      C435D2EC 
 441      BF
 442 0f8f B12603DB 		.ascii	"\261&\003\333\016_)q\304\015*\372\0247\371\360\303"
 442      0E5F2971 
 442      C40D2AFA 
 442      1437F9F0 
 442      C3
 443 0fa0 5E57B4CE 		.ascii	"^W\264\316\323\366V\272\005\270\277^R&\313\365\333@"
 443      D3F656BA 
 443      05B8BF5E 
 443      5226CBF5 
 443      DB40
 444 0fb2 784BACA5 		.ascii	"xK\254\245\033XX\032\223\2732\376l\361\224\354\266E"
 444      1B58581A 
 444      93BB32FE 
 444      6CF194EC 
 444      B645
 445 0fc4 685AB1E9 		.ascii	"hZ\261\351)YA\366\323E9M*\030C\015,\251Z\353\363\313"
 445      295941F6 
 445      D345394D 
 445      2A18430D 
 445      2CA95AEB 
 446 0fda E4F64BA3 		.ascii	"\344\366K\243\235\226F\233\2514\242\303s#\220\2714>"
 446      9D96469B 
 446      A934A2C3 
 446      732390B9 
 446      343E
 447 0fec 29164A03 		.ascii	")\026J\003\250\320yQ58\025K\343\016-\215\250\362\322"
 447      A8D07951 
 447      3538154B 
 447      E30E2D8D 
 447      A8F2D2
 448 0fff 21       		.ascii	"!"
 449 1000 256EA14E 		.ascii	"%n\241NA\311\017'G\231\"d\023\312j\243\257:7\334\201"
 449      41C90F27 
ARM GAS  /tmp/ccrw9c32.s 			page 36


 449      47992264 
 449      13CA6AA3 
 449      AF3A37DC 
 450 1015 8E11053A 		.ascii	"\216\021\005:\230r\227\353\036\017\272\331\375\344\350"
 450      987297EB 
 450      1E0FBAD9 
 450      FDE4E8
 451 1024 3ED5ED9E 		.ascii	">\325\355\236I\267\316\305#q<\350\326Oo\0056?\257xd"
 451      49B7CEC5 
 451      23713CE8 
 451      D64F6F05 
 451      363FAF78 
 452 1039 DCE74EA9 		.ascii	"\334\347N\251\320]Q\267\273\230}e\202:\251^\361\305"
 452      D05D51B7 
 452      BB987D65 
 452      823AA95E 
 452      F1C5
 453 104b 1DB778DC 		.ascii	"\035\267x\334\303\364j\232/\313v\303\263\014\031N\217"
 453      C3F46A9A 
 453      2FCB76C3 
 453      B30C194E 
 453      8F
 454 105c CE51E225 		.ascii	"\316Q\342%\206\224\254\244\015\252\360\013\206T\324"
 454      8694ACA4 
 454      0DAAF00B 
 454      8654D4
 455 106b 468C0B9F 		.ascii	"F\214\013\237J\325\223WJ\243\306\250:\204#\\\310E\305"
 455      4AD59357 
 455      4AA3C6A8 
 455      3A84235C 
 455      C845C5
 456 107e F8E9F632 		.ascii	"\370\351\3662\214\326\261'k\033,\302\336\213=\204Mf"
 456      8CD6B127 
 456      6B1B2CC2 
 456      DE8B3D84 
 456      4D66
 457 1090 BF10F321 		.ascii	"\277\020\363!\210\371C\210\367c\200A\200a\200\001\200"
 457      88F94388 
 457      F7638041 
 457      80618001 
 457      80
 458 10a1 47D2C5AD 		.ascii	"G\322\305\255?\373\261\3528\333\312\230\366\255\375"
 458      3FFBB1EA 
 458      38DBCA98 
 458      F6ADFD
 459 10b0 AFAA93D9 		.ascii	"\257\252\223\331\306o\262:!M\246\033[Q\257y\036\333"
 459      C66FB23A 
 459      214DA61B 
 459      5B51AF79 
 459      1EDB
 460 10c2 1EF977E2 		.ascii	"\036\371w\342\026\372\2015\371\232\005b\231\225\025"
 460      16FA8135 
 460      F99A0562 
 460      999515
 461 10d1 F4B43EDB 		.ascii	"\364\264>\333\254-\236\2053b\302\271\307\232ZR\260,"
 461      AC2D9E85 
 461      3362C2B9 
ARM GAS  /tmp/ccrw9c32.s 			page 37


 461      C79A5A52 
 461      B02C
 462 10e3 CDD35941 		.ascii	"\315\323YA\365\257\271\265#\333-\223M\246\035\260\015"
 462      F5AFB9B5 
 462      23DB2D93 
 462      4DA61DB0 
 462      0D
 463 10f4 25192F88 		.ascii	"%\031/\210GC\337P5\306\373h<\270\356\334\352Q\027\353"
 463      4743DF50 
 463      35C6FB68 
 463      3CB8EEDC 
 463      EA5117EB 
 464 1108 02344502 		.ascii	"\0024E\002=\205\000\274i0\230\226\253\254\030G`\322"
 464      3D8500BC 
 464      69309896 
 464      ABAC1847 
 464      60D2
 465 111a 1331ABFA 		.ascii	"\0231\253\372M\305\330\326\220\360\310q\235 \254\336"
 465      4DC5D8D6 
 465      90F0C871 
 465      9D20ACDE 
 466 112a AE30D92B 		.ascii	"\2560\331+%\001\237\204\251\363'\224\026U=jQ\325c\346"
 466      25019F84 
 466      A9F32794 
 466      16553D6A 
 466      51D563E6 
 467 113e AA7E5916 		.ascii	"\252~Y\026\337\316\326\017\030\023\212\251\353\312\325"
 467      DFCED60F 
 467      18138AA9 
 467      EBCAD5
 468 114d 7FB45FD3 		.ascii	"\177\264_\323\023\264n\306Mu\323\324\335\262\317\231"
 468      13B46EC6 
 468      4D75D3D4 
 468      DDB2CF99 
 469 115d D54D7DE6 		.ascii	"\325M}\346m\327Tc\003OHP\227h^\227\251h&i\321\274<\332"
 469      6DD75463 
 469      034F4850 
 469      97685E97 
 469      A9682669 
 470 1175 5BE78233 		.ascii	"[\347\2023\\\336\354C\222iV\313\273c\013\012\305\205"
 470      5CDEEC43 
 470      926956CB 
 470      BB630B0A 
 470      C585
 471 1187 79860D5E 		.ascii	"y\206\015^K\313\213T\332\375\274d\216*:kR\364\352\374"
 471      4BCB8B54 
 471      DAFDBC64 
 471      8E2A3A6B 
 471      52F4EAFC 
 472 119b D9722753 		.ascii	"\331r'S\201Wm.<\311\012\034\250\320\224\250\353\224"
 472      81576D2E 
 472      3CC90A1C 
 472      A8D094A8 
 472      EB94
 473 11ad 49D76754 		.ascii	"I\327gT\327\213\317\366G+q9\323u\365IK\245\223\271\003"
 473      D78BCFF6 
 473      472B7139 
ARM GAS  /tmp/ccrw9c32.s 			page 38


 473      D375F549 
 473      4BA593B9 
 474 11c2 326557DA 		.ascii	"2eW\332\026\227UvUX\244*,\230T\310\033>:\353&\250\020"
 474      16975576 
 474      5558A42A 
 474      2C9854C8 
 474      1B3E3AEB 
 475 11d9 3BE05D7C 		.ascii	";\340]|\322\030\341Dh\320\274\250\300\274I\201%\252"
 475      D218E144 
 475      68D0BCA8 
 475      C0BC4981 
 475      25AA
 476 11eb 406D745C 		.ascii	"@mt\\\253\345\313D\242\260(a\231E\222\034\311n \263"
 476      ABE5CB44 
 476      A2B02861 
 476      9945921C 
 476      C96E20B3 
 477 11ff 23CB5929 		.ascii	"#\313Y)y\275N\336\023\210\304+\230|\277\346E\357\206"
 477      79BD4EDE 
 477      1388C42B 
 477      987CBFE6 
 477      45EF86
 478 1212 C986E3E5 		.ascii	"\311\206\343\345B\275\033{\227@\276a\271\277\320\267"
 478      42BD1B7B 
 478      9740BE61 
 478      B9BFD0B7 
 479 1222 E0E21E2B 		.ascii	"\340\342\036+l\240\177\205\350gup\023\216\236c2y\025"
 479      6CA07F85 
 479      E8677570 
 479      138E9E63 
 479      327915
 480 1235 BB9B5850 		.ascii	"\273\233XP\204|d\261RV-|\024#\007trpa@a_\372K\223\364"
 480      847C64B1 
 480      52562D7C 
 480      14230774 
 480      72706140 
 481 124f 17988A9F 		.ascii	"\027\230\212\237;\260gA\370\204\324Q\362a\314z\366a"
 481      3BB06741 
 481      F884D451 
 481      F261CC7A 
 481      F661
 482 1261 4C64CEE1 		.ascii	"Ld\316\341IgA\033\243I\2330\336\003\031y\302,\234w7"
 482      4967411B 
 482      A3499B30 
 482      DE031979 
 482      C22C9C77 
 483 1276 B1A40869 		.ascii	"\261\244\010i\244\373\216N\363\026\256\232\260p\325"
 483      A4FB8E4E 
 483      F316AE9A 
 483      B070D5
 484 1285 6E9EB90A 		.ascii	"n\236\271\012\216@\2355Z\224&\267\240\036\261(\221\010"
 484      8E409D35 
 484      5A9426B7 
 484      A01EB128 
 484      9108
 485 1297 813A8252 		.ascii	"\201:\202R\327>L\037\261\344}\337\202\367\036\201z\017"
 485      D73E4C1F 
ARM GAS  /tmp/ccrw9c32.s 			page 39


 485      B1E47DDF 
 485      82F71E81 
 485      7A0F
 486 12a9 A53EB8A7 		.ascii	"\245>\270\2478\314\021\327\010Ys5=\315\376\207\257{"
 486      38CC11D7 
 486      08597335 
 486      3DCDFE87 
 486      AF7B
 487 12bb 799221DB 		.ascii	"y\222!\333\204\004y6\3227\347\012\011R\017\013d\372"
 487      84047936 
 487      D237E70A 
 487      09520F0B 
 487      64FA
 488 12cd C48EDEFB 		.ascii	"\304\216\336\373\344)\216\321\030\201xB\210\"ys\232"
 488      E4298ED1 
 488      18817842 
 488      88227973 
 488      9A
 489 12de C0A9B848 		.ascii	"\300\251\270H\356\343I\252\024,,F\271\342E&u&\353Z\012"
 489      EEE349AA 
 489      142C2C46 
 489      B9E24526 
 489      7526EB5A 
 490 12f3 1638C5E6 		.ascii	"\0268\305\346~\236v\024\366sa\306\234\337Q\211h\277"
 490      7E9E7614 
 490      F67361C6 
 490      9CDF5189 
 490      68BF
 491 1305 C868BF94 		.ascii	"\310h\277\224\321\001\312\350\336P\203\017\016we\237"
 491      D101CAE8 
 491      DE50830F 
 491      0E77659F 
 492 1315 80956555 		.ascii	"\200\225eU\270\342X\206D5\\\312 +/:H'\221\017)\306\362"
 492      B8E25886 
 492      44355CCA 
 492      202B2F3A 
 492      4827910F 
 493 132c 3A385A12 		.ascii	":8Z\022\3443SV\022\235\035\271\233\354\332\033C\355"
 493      E4335356 
 493      129D1DB9 
 493      9BECDA1B 
 493      43ED
 494 133e 3DC40B06 		.ascii	"=\304\013\006?\030\233\035w\022\324\\\235\331\321<\363"
 494      3F189B1D 
 494      7712D45C 
 494      9DD9D13C 
 494      F3
 495 134f 5830783D 		.ascii	"X0x=\241DQ&=Q4\317\023LT5\226\252\3322Qs\320\031\017"
 495      A1445126 
 495      3D5134CF 
 495      134C5435 
 495      96AADA32 
 496 1368 32F55A56 		.ascii	"2\365ZV\233o\362f\357}\376\304\312{q\242\321qRN\361"
 496      9B6FF266 
 496      EF7DFEC4 
 496      CA7B71A2 
 496      D171524E 
ARM GAS  /tmp/ccrw9c32.s 			page 40


 497 137d 94537FF6 		.ascii	"\224S\177\366p\202\013\236d\234\366G\217N9\210\336\313"
 497      70820B9E 
 497      649CF647 
 497      8F4E3988 
 497      DECB
 498 138f B4F45E82 		.ascii	"\264\364^\202\310(A\312(\2212\232N_i\267L\254E\213T"
 498      C82841CA 
 498      2891329A 
 498      4E5F69B7 
 498      4CAC458B 
 499 13a4 49125225 		.ascii	"I\022R%\211\246\312\305\325\243\251\016x\205\211\035"
 499      89A6CAC5 
 499      D5A3A90E 
 499      7885891D 
 500 13b4 1E3E9228 		.ascii	"\036>\222(|\033\366m\3629C\302\305L9\253\210\026\262"
 500      7C1BF66D 
 500      F23943C2 
 500      C54C39AB 
 500      8816B2
 501 13c7 53387273 		.ascii	"S8rs\366\260\022\357w\243\264s\3117:\205\342\375\026"
 501      F6B012EF 
 501      77A3B473 
 501      C9373A85 
 501      E2FD16
 502 13da A0E9E14D 		.ascii	"\240\351\341M\373\225\366k/\235\027j/\215\247\265\367"
 502      FB95F66B 
 502      2F9D176A 
 502      2F8DA7B5 
 502      F7
 503 13eb B4BE7249 		.ascii	"\264\276rIa]])P]\311\264\2722hu\321I\364\203\243\274"
 503      615D5D29 
 503      505DC9B4 
 503      BA326875 
 503      D149F483 
 504 1401 DB319C94 		.ascii	"\3331\234\224\372\312\253\250g/\025\2669\376\340\250"
 504      FACAABA8 
 504      672F15B6 
 504      39FEE0A8 
 505 1411 B12587EC 		.ascii	"\261%\207\354\362v\024\027\030\367U\300\232\227\311"
 505      F2761417 
 505      18F755C0 
 505      9A97C9
 506 1420 BBA354F0 		.ascii	"\273\243T\360\034\354\350$s\017\303\310\037!\243\262"
 506      1CECE824 
 506      730FC3C8 
 506      1F21A3B2 
 507 1430 F81FC8D6 		.ascii	"\370\037\310\326i|\377\350\353\263E\247\3656h?\326\005"
 507      697CFFE8 
 507      EBB345A7 
 507      F536683F 
 507      D605
 508 1442 05FC4EEB 		.ascii	"\005\374N\353\035\254\370\355\277\177\361\336\226\017"
 508      1DACF8ED 
 508      BF7FF1DE 
 508      960F
 509 1450 3E90391A 		.ascii	">\2209\032\276\014\011\324\250\015\037y\371\006\005"
 509      BE0C09D4 
ARM GAS  /tmp/ccrw9c32.s 			page 41


 509      A80D1F79 
 509      F90605
 510 145f 68BDF45A 		.ascii	"h\275\364Z\177\277\000\257\235A\272\257\374\002\267"
 510      7FBF00AF 
 510      9D41BAAF 
 510      FC02B7
 511 146e 7B6DF1F5 		.ascii	"{m\361\365\333\346\367\331V\257 \275\227\316\340\345"
 511      DBE6F7D9 
 511      56AF20BD 
 511      97CEE0E5 
 512 147e 17A8F10F 		.ascii	"\027\250\361\017\361\321zi|\015\276\300\314G\277\321"
 512      F1D17A69 
 512      7C0DBEC0 
 512      CC47BFD1 
 513 148e 57A654AB 		.ascii	"W\246T\253C\374\002\015\233>T\033~\354\025\242\327y"
 513      43FC020D 
 513      9B3E541B 
 513      7EEC15A2 
 513      D779
 514 14a0 79EB027E 		.ascii	"y\353\002~\024\030\024\250\375\221\326{\233\237yJ\200"
 514      141814A8 
 514      FD91D67B 
 514      9B9F794A 
 514      80
 515 14b1 B7C6D72F 		.ascii	"\267\306\327/P\353\245\366\321~\351\035\342oP\033B\203"
 515      50EBA5F6 
 515      D17EE91D 
 515      E26F501B 
 515      4283
 516 14c3 B564BEC2 		.ascii	"\265d\276\3024\373\037^1[\037\252\367R\353\015>@\012"
 516      34FB1F5E 
 516      315B1FAA 
 516      F752EB0D 
 516      3E400A
 517 14d6 531C0DC1 		.ascii	"S\034\015\301:\277 \265\341__\243\261&(  (\320+8Hg\320"
 517      3ABF20B5 
 517      E15F5FA3 
 517      B1262820 
 517      2028D02B 
 518 14ee 7B6DFEC3 		.ascii	"{m\376\303\247[>\335E\306\202\375\374\265:\275\327o"
 518      A75B3EDD 
 518      45C682FD 
 518      FCB53ABD 
 518      D76F
 519 1500 B76C2186 		.ascii	"\267l!\206\010j\360\032_o\235\\\357\367\177Z\265\341"
 519      086AF01A 
 519      5F6F9D5C 
 519      EFF77F5A 
 519      B5E1
 520 1512 43AA89BF 		.ascii	"C\252\211\277\3376\257\355\032\215\225F?\331\270i\343"
 520      DF36AFED 
 520      1A8D9546 
 520      3FD9B869 
 520      E3
 521 1523 07A25E06 		.ascii	"\007\242^\006\037\260\007\246\313}\301\035Z\035\377"
 521      1FB007A6 
 521      CB7DC11D 
ARM GAS  /tmp/ccrw9c32.s 			page 42


 521      5A1DFF
 522 1532 A54EAB75 		.ascii	"\245N\253u\010\366\336\256\325\363\201\332]\006\007"
 522      08F6DEAE 
 522      D5F381DA 
 522      5D0607
 523 1541 6F7FBFED 		.ascii	"o\177\277\355\201\202\213>\372\261\332\2400\235(\365"
 523      81828B3E 
 523      FAB1DAA0 
 523      309D28F5 
 524 1551 86AFE845 		.ascii	"\206\257\350E\265\341\027\177\215\031\276\232 \235\026"
 524      B5E1177F 
 524      8D19BE9A 
 524      209D16
 525 1560 043B83E0 		.ascii	"\004;\203\340`\265 =D\257\365\341\211\015<\031u\221"
 525      60B5203D 
 525      44AFF5E1 
 525      890D3C19 
 525      7591
 526 1572 5C02C9C1 		.ascii	"\\\002\311\301\272\240\257\375\340T\025\240\015\330"
 526      BAA0AFFD 
 526      E05415A0 
 526      0DD8
 527 1580 AE1582FE 		.ascii	"\256\025\202\376\2537\223\035\244'\336\020\303\017,"
 527      AB37931D 
 527      A427DE10 
 527      C30F2C
 528 158f 4CF2E134 		.ascii	"L\362\3414H\027J\304\004\343\000\303.\207\240\235\201"
 528      48174AC4 
 528      04E300C3 
 528      2E87A09D 
 528      81
 529 15a0 5A9D02B2 		.ascii	"Z\235\002\262\303\237\004\311\021\206\374\375\364\006"
 529      C39F04C9 
 529      1186FCFD 
 529      F406
 530 15ae 8536581B 		.ascii	"\2056X\033\010\341\333\356\254\375Z\033h\010\360\326"
 530      08E1DBEE 
 530      ACFD5A1B 
 530      6808F0D6 
 531 15be 7F052A05 		.ascii	"\177\005*\005\350\267\357\010\321\206h\337\321\370\252"
 531      E8B7EF08 
 531      D18668DF 
 531      D1F8AA
 532 15cd 858C52D3 		.ascii	"\205\214R\323\001>X\247\375\332\315bHmp\334\351\355"
 532      013E58A7 
 532      FDDACD62 
 532      486D70DC 
 532      E9ED
 533 15df 6700166E 		.ascii	"g\000\026n\022j\302\333U\212\250\015(D\256\335I\004"
 533      126AC2DB 
 533      558AA80D 
 533      2844AEDD 
 533      4904
 534 15f1 C8771A40 		.ascii	"\310w\032@z0\034\364\332\200`\254\01148\251\325B\262"
 534      7A301CF4 
 534      DA8060AC 
 534      093438A9 
ARM GAS  /tmp/ccrw9c32.s 			page 43


 534      D542B2
 535 1604 390A4707 		.ascii	"9\012G\007\030\205_*A\005|\201\322;\330\027Ls\324\023"
 535      18855F2A 
 535      41057C81 
 535      D23BD817 
 535      4C73D413 
 536 1618 35F5DB1D 		.ascii	"5\365\333\035\000\200`\247\301\240\013vg\202\324:\355"
 536      008060A7 
 536      C1A00B76 
 536      6782D43A 
 536      ED
 537 1629 975A9D36 		.ascii	"\227Z\2356P\003:\001\363\240m\177\016Vhw\371\0314A>"
 537      50033A01 
 537      F3A06D7F 
 537      0E566877 
 537      F9193441 
 538 163e 5AB9CE27 		.ascii	"Z\271\316'\024f\360@\242wba\377\031H3\035\015d\034\330"
 538      1466F040 
 538      A2776261 
 538      FF194833 
 538      1D0D641C 
 539 1653 7DE9EFBD 		.ascii	"}\351\357\275]\357h\010\200\031\200\351\015P\227\012"
 539      5DEF6808 
 539      801980E9 
 539      0D50970A 
 540 1663 033D1096 		.ascii	"\003=\020\226\336\333\274\365Z>\320;@\353\020\344\017"
 540      DEDBBCF5 
 540      5A3ED03B 
 540      40EB10E4 
 540      0F
 541 1674 117308D4 		.ascii	"\021s\010\324\356\324\352\260\306\260\213\323\007s\376"
 541      EED4EAB0 
 541      C6B08BD3 
 541      0773FE
 542 1683 C4BBDB21 		.ascii	"\304\273\333!+\325\006\254\373\340\003\200\3679\335"
 542      2BD506AC 
 542      FBE00380 
 542      F739DD
 543 1692 CF39DDCF 		.ascii	"\3179\335\3178\335O9\335G\234\356'\234\356\307\316$"
 543      38DD4F39 
 543      DD479CEE 
 543      279CEEC7 
 543      CE24
 544 16a4 5B88B130 		.ascii	"[\210\2610\351\015cl#\277\324_\3774\000b\254\242\314"
 544      E90D636C 
 544      23BFD45F 
 544      FF340062 
 544      ACA2CC
 545 16b7 34418106 		.ascii	"4A\201\006Hi\236\204\325\311\034\002\207\200\340\240"
 545      48699E84 
 545      D5C91C02 
 545      8780E0A0 
 546 16c7 207F85E0 		.ascii	" \177\205\340\031\203\002.\004\204\000\235#\375U\033"
 546      1983022E 
 546      0484009D 
 546      23FD551B 
 547 16d7 36BD4D57 		.ascii	"6\275MW\321k|}@\336\207o3\007B\014S~\372VbB\365\246"
ARM GAS  /tmp/ccrw9c32.s 			page 44


 547      D16B7C7D 
 547      40DE876F 
 547      3307420C 
 547      537EFA56 
 548 16ef B27F2B51 		.ascii	"\262\177+Q\220\0340\305E\222\361j\303?\375u\005D&\277"
 548      901C30C5 
 548      4592F16A 
 548      C33FFD75 
 548      054426BF 
 549 1703 9978BD4E 		.ascii	"\231x\275N\003\364>\241\220\016~\232\215\032\331\267"
 549      03F43EA1 
 549      900E7E9A 
 549      8D1AD9B7 
 550 1713 AC7AF9A7 		.ascii	"\254z\371\247T\233\337C\020\234!\023\265\032\203\232"
 550      549BDF43 
 550      109C2113 
 550      B51A839A 
 551 1723 34006712 		.ascii	"4\000g\022\025\241\3667\377\3255N\230\350%&S\246\006"
 551      15A1F637 
 551      FFD5354E 
 551      98E82526 
 551      53A606
 552 1736 A893AD1A 		.ascii	"\250\223\255\032\337\377\360\376J\033\022\274\365\033"
 552      DFFFF0FE 
 552      4A1B12BC 
 552      F51B
 553 1744 1275B686 		.ascii	"\022u\266\206\350I\225k}>q \335%\230\337\011\230\303"
 553      E849956B 
 553      7D3E7120 
 553      DD2598DF 
 553      0998C3
 554 1757 4E92CDD8 		.ascii	"N\222\315\330[\267}\235\220$>Z\275F\347\027l\010\202"
 554      5BB77D9D 
 554      90243E5A 
 554      BD46E717 
 554      6C0882
 555 176a AEE4AEF1 		.ascii	"\256\344\256\361%\213\321f\177\377 \315f\322\016\265"
 555      258BD166 
 555      7FFF20CD 
 555      66D20EB5 
 556 177a 3ECE1A5F 		.ascii	">\316\032_b\015\035\202<\333\032\252\377\267 \315Wo"
 556      620D1D82 
 556      3CDB1AAA 
 556      FFB720CD 
 556      576F
 557 178c 17A850A2 		.ascii	"\027\250P\242\265\023M[\340\362\225\213\032\012\333"
 557      B5134D5B 
 557      E0F2958B 
 557      1A0ADB
 558 179b A0FEE7CD 		.ascii	"\240\376\347\315[\177\363\373?|\342\342\355\277\323"
 558      5B7FF3FB 
 558      3F7CE2E2 
 558      EDBFD3
 559 17aa 3B540FD5 		.ascii	";T\017\325\341\017+\322\257\337\314;\220\371^[>\335"
 559      E10F2BD2 
 559      AFDFCC3B 
 559      90F95E5B 
ARM GAS  /tmp/ccrw9c32.s 			page 45


 559      3EDD
 560 17bc FAC95651 		.ascii	"\372\311VQL\200\336O\257\206\025\202tA\252\347\027\201"
 560      4C80DE4F 
 560      AF861582 
 560      7441AAE7 
 560      1781
 561 17ce 4418     		.ascii	"D\030"
 562 17d0 2BBD9040 		.ascii	"+\275\220@A0\355\263\352\215\037m\372\360C\205\011\373"
 562      4130EDB3 
 562      EA8D1F6D 
 562      FAF04385 
 562      09FB
 563 17e2 7F8B6884 		.ascii	"\177\213h\204\213"
 563      8B
 564              		.text
 565              		.section	.gnu.lto_.symtab.444b29c28297c36e,"",%progbits
 566 0000 63685468 		.ascii	"chThdCreateFromHeap\000"
 566      64437265 
 566      61746546 
 566      726F6D48 
 566      65617000 
 567 0014 00       		.ascii	"\000"
 568 0015 00       		.ascii	"\000"
 569 0016 00       		.ascii	"\000"
 570 0017 00000000 		.ascii	"\000\000\000\000\000\000\000\000"
 570      00000000 
 571 001f BD010000 		.ascii	"\275\001\000\000"
 572 0023 63685468 		.ascii	"chThdCreateFromMemoryPool\000"
 572      64437265 
 572      61746546 
 572      726F6D4D 
 572      656D6F72 
 573 003d 00       		.ascii	"\000"
 574 003e 00       		.ascii	"\000"
 575 003f 00       		.ascii	"\000"
 576 0040 00000000 		.ascii	"\000\000\000\000\000\000\000\000"
 576      00000000 
 577 0048 D4010000 		.ascii	"\324\001\000\000"
 578 004c 63685363 		.ascii	"chSchWakeupS\000"
 578      6857616B 
 578      65757053 
 578      00
 579 0059 00       		.ascii	"\000"
 580 005a 02       		.ascii	"\002"
 581 005b 00       		.ascii	"\000"
 582 005c 00000000 		.ascii	"\000\000\000\000\000\000\000\000"
 582      00000000 
 583 0064 D9010000 		.ascii	"\331\001\000\000"
 584 0068 63685468 		.ascii	"chThdCreateSuspendedI\000"
 584      64437265 
 584      61746553 
 584      75737065 
 584      6E646564 
 585 007e 00       		.ascii	"\000"
 586 007f 02       		.ascii	"\002"
 587 0080 00       		.ascii	"\000"
 588 0081 00000000 		.ascii	"\000\000\000\000\000\000\000\000"
ARM GAS  /tmp/ccrw9c32.s 			page 46


 588      00000000 
 589 0089 EF010000 		.ascii	"\357\001\000\000"
 590 008d 63684865 		.ascii	"chHeapAllocAligned\000"
 590      6170416C 
 590      6C6F6341 
 590      6C69676E 
 590      656400
 591 00a0 00       		.ascii	"\000"
 592 00a1 02       		.ascii	"\002"
 593 00a2 00       		.ascii	"\000"
 594 00a3 00000000 		.ascii	"\000\000\000\000\000\000\000\000"
 594      00000000 
 595 00ab F5010000 		.ascii	"\365\001\000\000"
 596 00af 6368506F 		.ascii	"chPoolAlloc\000"
 596      6F6C416C 
 596      6C6F6300 
 597 00bb 00       		.ascii	"\000"
 598 00bc 02       		.ascii	"\002"
 599 00bd 00       		.ascii	"\000"
 600 00be 00000000 		.ascii	"\000\000\000\000\000\000\000\000"
 600      00000000 
 601 00c6 F9010000 		.ascii	"\371\001\000\000"
 602              		.text
 603              		.section	.gnu.lto_.opts,"",%progbits
 604 0000 272D666D 		.ascii	"'-fmath-errno' '-fsigned-zeros' '-ftrapping-math' '"
 604      6174682D 
 604      6572726E 
 604      6F272027 
 604      2D667369 
 605 0033 2D666E6F 		.ascii	"-fno-trapv' '-fno-openmp' '-fno-openacc' '-mcpu=cor"
 605      2D747261 
 605      70762720 
 605      272D666E 
 605      6F2D6F70 
 606 0066 7465782D 		.ascii	"tex-m3' '-mno-thumb-interwork' '-mthumb' '-ggdb' '-"
 606      6D332720 
 606      272D6D6E 
 606      6F2D7468 
 606      756D622D 
 607 0099 4F322720 		.ascii	"O2' '-fomit-frame-pointer' '-falign-functions=16' '"
 607      272D666F 
 607      6D69742D 
 607      6672616D 
 607      652D706F 
 608 00cc 2D666675 		.ascii	"-ffunction-sections' '-fdata-sections' '-fno-common"
 608      6E637469 
 608      6F6E2D73 
 608      65637469 
 608      6F6E7327 
 609 00ff 2720272D 		.ascii	"' '-flto'\000"
 609      666C746F 
 609      2700
 610              		.text
 611              		.comm	__gnu_lto_v1,1,1
 612              		.comm	__gnu_lto_slim,1,1
 613              		.ident	"GCC: (GNU Tools for ARM Embedded Processors) 5.3.1 20160307 (release) [ARM/embedded-5-bran
ARM GAS  /tmp/ccrw9c32.s 			page 47


DEFINED SYMBOLS
                            *ABS*:0000000000000000 chdynamic.c
                            *COM*:0000000000000001 __gnu_lto_v1
                            *COM*:0000000000000001 __gnu_lto_slim

NO UNDEFINED SYMBOLS
