ARM GAS  /tmp/ccamex6a.s 			page 1


   1              		.syntax unified
   2              		.cpu cortex-m3
   3              		.fpu softvfp
   4              		.eabi_attribute 20, 1
   5              		.eabi_attribute 21, 1
   6              		.eabi_attribute 23, 3
   7              		.eabi_attribute 24, 1
   8              		.eabi_attribute 25, 1
   9              		.eabi_attribute 26, 1
  10              		.eabi_attribute 30, 2
  11              		.eabi_attribute 34, 1
  12              		.eabi_attribute 18, 4
  13              		.thumb
  14              		.syntax unified
  15              		.file	"chmemcore.c"
  16              		.text
  17              	.Ltext0:
  18              		.section	.gnu.lto_.profile.ea5bf5bc1edbe4d5,"",%progbits
  19 0000 789C6361 		.ascii	"x\234ca```\001bF\006mu\000\000\335\000\\"
  19      60606001 
  19      6246066D 
  19      750000DD 
  19      005C
  20              		.text
  21              		.section	.gnu.lto_.icf.ea5bf5bc1edbe4d5,"",%progbits
  22 0000 789C6361 		.ascii	"x\234ca\200\0005\006\004`c\230\363\371\353Wv\306\275"
  22      80003506 
  22      04606398 
  22      F3F9EB57 
  22      76C6BD
  23 0013 0FDFB5B3 		.ascii	"\017\337\265\2632\203I\326\205\375\323;\331\331fM\235"
  23      328349D6 
  23      85FDD33B 
  23      D9D9664D 
  23      9D
  24 0024 738889FD 		.ascii	"s\210\211\375K\333\247\373\034\014\000qC\0220"
  24      4BDBA7FB 
  24      1C0C0071 
  24      431230
  25              		.text
  26              		.section	.gnu.lto_.jmpfuncs.ea5bf5bc1edbe4d5,"",%progbits
  27 0000 789C6361 		.ascii	"x\234ca\200\0001\006\004`\001bV&FF\346\372z6\010\305"
  27      80003106 
  27      04600162 
  27      56264646 
  27      E6FA7A36 
  28 0016 0E140100 		.ascii	"\016\024\001\000\027O\002;"
  28      174F023B 
  29              		.text
  30              		.section	.gnu.lto_.inline.ea5bf5bc1edbe4d5,"",%progbits
  31 0000 789C6361 		.ascii	"x\234ca\200\200\022\006\004`a``ead`bY \317\300\266@"
  31      80801206 
  31      04606160 
  31      60656164 
  31      60625920 
  32 0018 9E0924C6 		.ascii	"\236\011$\306\312 (\300\310\304\310\010d\0021\213\310"
  32      CA2028C0 
ARM GAS  /tmp/ccamex6a.s 			page 2


  32      C8C4C808 
  32      6402318B 
  32      C8
  33 0029 84998C10 		.ascii	"\204\231\214\0209\266\017z<\014L\027\370Y@\252\330\030"
  33      39B60F7A 
  33      3C0C4C17 
  33      F85940AA 
  33      D818
  34 003b 84851899 		.ascii	"\204\205\030\231@*@*Y$6\354@S\305\001R\305\316\300\306"
  34      402A402A 
  34      592436EC 
  34      4053C501 
  34      52C5CEC0 
  35 0050 0A341E28 		.ascii	"\0124\036(\0067\236\001\000\332;\014\363"
  35      06379E01 
  35      00DA3B0C 
  35      F3
  36              		.text
  37              		.section	.gnu.lto_.pureconst.ea5bf5bc1edbe4d5,"",%progbits
  38 0000 789C6361 		.ascii	"x\234ca``\340\002b\026\006\011V\011\266]\214\354,\000"
  38      6060E002 
  38      62160609 
  38      5609B65D 
  38      8CEC2C00 
  39 0014 059C0114 		.ascii	"\005\234\001\024"
  40              		.text
  41              		.section	.gnu.lto__core_init.ea5bf5bc1edbe4d5,"",%progbits
  42 0000 789C7D91 		.ascii	"x\234}\221OH\033A\024\306\347\233\0111\024\203\275\364"
  42      4F481B41 
  42      14C6E79B 
  42      09311483 
  42      BDF4
  43 0012 540F5E72 		.ascii	"T\017^r\360\322\365\344EAh\301SA\250'O\213\331.\315"
  43      F0D2F5E4 
  43      454168C1 
  43      5341A827 
  43      4F8BD92E 
  44 0027 A29B2DC9 		.ascii	"\242\233-\311\241\307L\324\370\247\247^\352A\020\005"
  44      A1C74CD4 
  44      F8A7A75E 
  44      EA411005 
  45 0037 0F5AABC6 		.ascii	"\017Z\253\306\370?'\227\340Q\024\012\301B\241H\251\012"
  45      F83F2797 
  45      E051140A 
  45      C142A148 
  45      A90A
  46 0049 226AB10A 		.ascii	"\"j\261\012\0121\276\331\015Z0t`xo\336\316\367\275\337"
  46      0A31BED9 
  46      0D5A3074 
  46      60786FDE 
  46      CEF7BDDF 
  47 005d BC0D307F 		.ascii	"\274\0150\177\275\344\214uQ|N\033\202\201\177\332a,"
  47      BDE48C75 
  47      517C4E1B 
  47      82817FDA 
  47      612C
  48 006f 1DE2804A 		.ascii	"\035\342\200Jd\010,\305\221\302%/q\024\206\016\363\274"
ARM GAS  /tmp/ccamex6a.s 			page 3


  48      64082CC5 
  48      91C2252F 
  48      7114860E 
  48      F3BC
  49 0081 715AD2DA 		.ascii	"qZ\322\332?8j\2223.2\202\2612\367\2550\215FF\327.?^"
  49      3F386A92 
  49      332E3282 
  49      B132F7AD 
  49      308D4646 
  50 0099 1C84451B 		.ascii	"\034\204E\033T>\271Y\330\255\213L\311})\335\342\340"
  50      543EB959 
  50      D8AD8B4C 
  50      C97D29DD 
  50      E2E0
  51 00ab B3B42CA4 		.ascii	"\263\264,\244\0332\002\230\201\250\310T\312\324\325"
  51      1B320298 
  51      81A8C854 
  51      CAD4D5
  52 00ba BDDF2B39 		.ascii	"\275\337+9\210\327\236\354g~!\027\254\310\276\265\273"
  52      88D79EEC 
  52      677E2117 
  52      ACC8BEB5 
  52      BB
  53 00cb 8B32A444 		.ascii	"\2132\244D\263\017\242\331\212\350W\356\366s88\240\220"
  53      B30FA2D9 
  53      8AE857EE 
  53      F6733838 
  53      A090
  54 00dd 1AF01511 		.ascii	"\032\360\025\021|A\304\007\302\034\202\240\230}\343"
  54      7C41C407 
  54      C21C82A0 
  54      987DE3
  55 00ec CA72B95F 		.ascii	"\312r\271_\272\233\301\354\367\263P\200\261s\372\254"
  55      BA9BC1EC 
  55      F7B35080 
  55      B173FAAC 
  56 00fc 1EF78773 		.ascii	"\036\367\207s\025\305!\372n\206N\307\232\225\202,G3"
  56      15C521FA 
  56      6E864EC7 
  56      9A95822C 
  56      4733
  57 010e 85DD9ABF 		.ascii	"\205\335\232\277<#\270\207\222\317\237\374\250I\225"
  57      3C23B887 
  57      92CF9FFC 
  57      A84995
  58 011d E4B0944F 		.ascii	"\344\260\224O\2516B}U\371x\273\270\365d\002\343i\351"
  58      A936427D 
  58      55F978BB 
  58      B8F56402 
  58      E369E9
  59 0130 D5051668 		.ascii	"\325\005\026hJ\363\250\247\306YL\340_\237@\025\237\300"
  59      4AF3A8A7 
  59      C6594CE0 
  59      5F9F4015 
  59      9FC0
  60 0142 8840351F 		.ascii	"\210@5\037 G>\213\312GM\357\346\272X\353kd\2132Z\"k"
  60      20473E8B 
ARM GAS  /tmp/ccamex6a.s 			page 4


  60      CA474DEF 
  60      E6BA58EB 
  60      6B648B32 
  61 0159 EAB08C14 		.ascii	"\352\260\214\024\363\250\257\356\251\037a\362\352\230"
  61      F3A8AFEE 
  61      A91F61F2 
  61      EA98
  62 0167 2BF798AB 		.ascii	"+\367\230\253>\346#.Q\235k\355\177\\\353>\327\006q\035"
  62      3EE6232E 
  62      519D6BED 
  62      7F5CEB3E 
  62      D706711D 
  63 017b A3CF2DB5 		.ascii	"\243\317-\265+*\357O\235\323\024i\310D\323\252\305\034"
  63      2B2AEF4F 
  63      9DD31469 
  63      C844D3AA 
  63      C51C
  64 018d DBD49266 		.ascii	"\333\324\222f\257ek\037\234D\217\025\177\247\275\212"
  64      AF656B1F 
  64      9C448F15 
  64      7FA7BD8A 
  65 019d 5951ABA3 		.ascii	"YQ\253\243Ss\222\232\341\330\266\023\247\254\327\212"
  65      5373929A 
  65      E1D8B613 
  65      A7ACD78A 
  66 01ad 6AC984A1 		.ascii	"j\311\204\241\0311\333\264\015'a\2760X\255\256\307\314"
  66      1931DBB4 
  66      0D2761BE 
  66      3058ADAE 
  66      C7CC
  67 01bf EEF7BA19 		.ascii	"\356\367\272\031\177\253\353\341\312!\332\2354u\375"
  67      7FABEBE1 
  67      CA21DA9D 
  67      3475FD
  68 01ce 0EED08F4 		.ascii	"\016\355\010\364\213"
  68      8B
  69              		.text
  70              		.section	.gnu.lto_chCoreAllocAlignedI.ea5bf5bc1edbe4d5,"",%progbits
  71 0000 789C9553 		.ascii	"x\234\225S\317KTQ\024\276\347\336\367\346M3\3168*m\302"
  71      CF4B5451 
  71      14BEE7DE 
  71      F7E64D33 
  71      CE382A6D 
  72 0015 851B1121 		.ascii	"\205\033\021!|\233\202\026Q\213Z\325\"\250\277 \207"
  72      7C9B8216 
  72      518B5AD5 
  72      22A8BF20 
  72      87
  73 0026 C179E438 		.ascii	"\301y\3448\342,\2026\336\361\315\214\271s\243dXb\021"
  73      E22C8236 
  73      DEF1CD8C 
  73      B973A364 
  73      586211
  74 0039 8EA9A9FD 		.ascii	"\216\251\251\375\036B\034B$\310\212\012C\212@\015\254"
  74      1E421C42 
  74      24C88A0A 
  74      438A400D 
ARM GAS  /tmp/ccamex6a.s 			page 5


  74      AC
  75 004a 11178E64 		.ascii	"\021\027\216d\011\251\3239\367\015\203\211\233.\314"
  75      09A9D339 
  75      F70D8389 
  75      9B2ECC
  76 0059 7DF77EF7 		.ascii	"}\367~\367|\347|\337\271w4\346\214\234`\354<~\217\343"
  76      7CE77CDF 
  76      B97734E6 
  76      8C9C60EC 
  76      3C7E8FE3 
  77 006d 0F7406BC 		.ascii	"\017t\006\274\373-cq7\347\332\017\203I\217H\3172&\313"
  77      FB2D6371 
  77      37E7DA0F 
  77      83498F48 
  77      CF3226CB 
  78 0081 04680EAE 		.ascii	"\004h\016\256\001\320B\272\201\265s\241A;l\362\035\016"
  78      01D042BA 
  78      81B573A1 
  78      413B6CF2 
  78      1D0E
  79 0093 EF1313FD 		.ascii	"\357\023\023\375\342'O\012\006\032n\363on~\363\323\026"
  79      E2274F0A 
  79      061A6EF3 
  79      6F6E7EF3 
  79      D316
  80 00a5 A0864E57 		.ascii	"\240\206NW\277'\274\365CRv\310\305\344\357\023}\351"
  80      BF27BCF5 
  80      435276C8 
  80      C5E4EF13 
  80      7DE9
  81 00b7 AC96149C 		.ascii	"\254\226\024\234\0258\2034T\303\020TS\361a\250\307\330"
  81      15388334 
  81      54C31054 
  81      53F161A8 
  81      C7D8
  82 00c9 3BF1F9D7 		.ascii	";\361\371\327>q\032\030\256;\307\246r\376\272{\304\223"
  82      3E711A18 
  82      AE3BC7A6 
  82      72FEBA7B 
  82      C493
  83 00db 3D217928 		.ascii	"=!y()\004\334\007\261\227\207\020\203\021\250\303\350"
  83      2904DC07 
  83      B1978710 
  83      8311A8C3 
  83      E8
  84 00ec EE3F3B8B 		.ascii	"\356?;\213\2068\253\230\366\340\347i\255\310\374\250"
  84      8638AB98 
  84      F6E0E769 
  84      ADC8FCA8 
  85 00fc 981A8CEE 		.ascii	"\230\032\214\356gj\014\306\240\216\302\347\262]\343"
  85      676A0CC6 
  85      A08EC2E7 
  85      B25DE3
  86 010b 1E714E51 		.ascii	"\036qNQw?\344\326\365\332\273D\315\276\350\364\367\311"
  86      773FE4D6 
  86      F5DABB44 
  86      CDBEE8F4 
ARM GAS  /tmp/ccamex6a.s 			page 6


  86      F7C9
  87 011d 6CA22629 		.ascii	"l\242&)tx\360/\235\006F/O\356\366\370\\\011\211\243"
  87      7478F02F 
  87      9D06462F 
  87      4FEEF6F8 
  87      5C0989A3 
  88 0131 06C6A1B6 		.ascii	"\006\306\241\266\013\333\211ahg\002\\\200\037\002\307"
  88      0BDB8961 
  88      6867025C 
  88      801F02C7 
  89 0141 2F6665A1 		.ascii	"/fe\241`\313l\306\330\332\332u\037\006,\316\2617X\035"
  89      60CB6CC6 
  89      D8DADA75 
  89      1F062CCE 
  89      B137581D 
  90 0155 FB89EA75 		.ascii	"\373\211\352uR\343\242\311\240\311\255,yp\251{i_F\223"
  90      52E3A2C9 
  90      A0C9AD2C 
  90      7970A97B 
  90      695F4693 
  91 0169 8F263F4D 		.ascii	"\217&?M\345\214\222\006\350\270\202\366\2254U\321\226"
  91      E58C9206 
  91      E8B882F6 
  91      953455D1 
  91      96
  92 017a B175AC4D 		.ascii	"\261u\254M\027\224\347\234\276b\005\354\336\324\247"
  92      1794E79C 
  92      BE6205EC 
  92      DED4A7
  93 0189 DBC7488E 		.ascii	"\333\307H\216-t[\010\033}\023\352r B\321\307\327W\303"
  93      2D745B08 
  93      1B7D13EA 
  93      722042D1 
  93      C7D757C3 
  94 019d 23EA0235 		.ascii	"#\352\0025(\340(\207I\364\270\002\035\013\3050\003\231"
  94      28E02887 
  94      49F4B802 
  94      1D0BC530 
  94      0399
  95 01af 44DB4ECD 		.ascii	"D\333N\315\200\203\270\025\327`\313\300\225WT\214 q"
  95      8083B815 
  95      D760CBC0 
  95      9557548C 
  95      2071
  96 01c1 7AF39B83 		.ascii	"z\363\233\203\272\023\344\301\324\275\311\227\357\014"
  96      BA13E4C1 
  96      D4BDC997 
  96      EF0C
  97 01cf 4AED52FD 		.ascii	"J\355R\375\315d\326\276\030\355;\362\272\224\001\304"
  97      CD64D6BE 
  97      18ED3BF2 
  97      BA9401C4 
  98 01df BA04A846 		.ascii	"\272\004\250F\256\316\315\317x\006\340V\\*\\\207G\370"
  98      AECECDCF 
  98      7806E056 
  98      5C2A5C87 
  98      47F8
ARM GAS  /tmp/ccamex6a.s 			page 7


  99 01f1 B61E52A3 		.ascii	"\266\036R\243\3411\014\000\345\3350\234\244^\314\273"
  99      E1310C00 
  99      E5DD309C 
  99      A45ECCBB 
 100 0201 D7429972 		.ascii	"\327B\231r\345\335\013\371\020-Z\260\267\213\230_\271"
 100      E5DD0BF9 
 100      102D5AB0 
 100      B78B985F 
 100      B9
 101 0212 F0A94C9D 		.ascii	"\360\251L\235G\035\254\034\341\222\003l*\"\216\203_"
 101      471DAC1C 
 101      E192036C 
 101      2A228E83 
 101      5F
 102 0223 71E14404 		.ascii	"q\341D\004\016\222\314\017\226\374\244$\371\351>\311"
 102      0E92CC0F 
 102      96FCA424 
 102      F9E93EC9 
 103 0233 159888B4 		.ascii	"\025\230\210\264\334Hms\007\251T\240\237-Ab\301>Rji"
 103      DC486D73 
 103      07A954A0 
 103      9F2D4162 
 103      C13E526A 
 104 0248 A57A5879 		.ascii	"\245zXy.\030\376\361\350\366\372S\263\003\247\234\343"
 104      2E18FEF1 
 104      E8F6FA53 
 104      B303A79C 
 104      E3
 105 0259 2AA5D769 		.ascii	"*\245\327i\361\222\217\260\377h\347\263\222\266\347"
 105      F1928FB0 
 105      FF68E7B3 
 105      92B6E7
 106 0268 A80D93A9 		.ascii	"\250\015\223\2512\232z$\253\320\021`61\331\006\0004"
 106      329A7A24 
 106      ABD01160 
 106      3631D906 
 106      0034
 107 027a 54F3B5A9 		.ascii	"T\363\265\251V,&F\247\303\370\242\200\202\320\362I3"
 107      562C2646 
 107      A7C3F8A2 
 107      8082D0F2 
 107      4933
 108 028c 1C8D84CC 		.ascii	"\034\215\204\314X\250\331\212\230W\243mW\254\226&\363"
 108      58A8D98A 
 108      9857A36D 
 108      57AC9626 
 108      F3
 109 029d 4CD86AB4 		.ascii	"L\330j\264.\\2\24313\030\215D\242-\270j\266\032\315"
 109      2E5C32A3 
 109      3133188D 
 109      44A22DB8 
 109      6AB61ACD 
 110 02b1 585BD00C 		.ascii	"X[\320\014\206#\241H0\332\026j\0102-f]\013\351\227\233"
 110      8623A148 
 110      30DA166A 
 110      08322D66 
 110      5D0BE997 
ARM GAS  /tmp/ccamex6a.s 			page 8


 111 02c6 ADA61668 		.ascii	"\255\246\026h\375\013\304\\Q\321"
 111      FD0BC45C 
 111      51D1
 112              		.text
 113              		.section	.gnu.lto_chCoreAllocAligned.ea5bf5bc1edbe4d5,"",%progbits
 114 0000 789C9554 		.ascii	"x\234\225TmL\233U\024\276\347\275o?\241\245c$F\303\217"
 114      6D4C9B55 
 114      14BEE7BD 
 114      6F3FA1A5 
 114      632446C3 
 115 0015 F203C992 		.ascii	"\362\003\311\222\205\327\030\21511~\204\375\321HL \376"
 115      85D7188D 
 115      31317E84 
 115      FDD1484C 
 115      20FE
 116 0027 5EA036B4 		.ascii	"^\2406\264\221R\322\262\271\371\207\027\332\302\320"
 116      9152D2B2 
 116      B9F98717 
 116      DAC2D0
 117 0036 982C7E10 		.ascii	"\230,~\0200\314f3\223\217\215\261u\342\306\030\3201"
 117      30CC6633 
 117      938F8DB1 
 117      75E2C618 
 117      D031
 118 0048 C40D18C8 		.ascii	"\304\015\030\3102\2248\227\360\241c \211@\234\222\310"
 118      32943897 
 118      F0A16320 
 118      89409C92 
 118      C8
 119 0059 87E7DCB7 		.ascii	"\207\347\334\267e\254E7\337\300\355\275\347\336\347"
 119      65AC4537 
 119      DFC0EDBD 
 119      E7DEE7
 120 0068 DC739E73 		.ascii	"\334s\236s\356#3\355\25320\36640\366<\316A\307@::\212"
 120      EE2333ED 
 120      AB3230F6 
 120      3430F63C 
 120      CE41C740 
 121 007f 46A324C9 		.ascii	"F\243$\311\367\014L5\363\226A\306\324T\016\262f\227"
 121      F70C4C35 
 121      F39641C6 
 121      D4540EB2 
 121      6697
 122 0091 0168A21A 		.ascii	"\001h\242\032\201UJ\\\206J\270/\255K0\036<\333\304\377"
 122      81554A5C 
 122      864AB82F 
 122      AD4B301E 
 122      3CDBC4FF 
 123 00a5 90429C81 		.ascii	"\220B\234\201\214\313\345\033\237\317Zi\011`\247\335"
 123      8CCBE51B 
 123      9FCF5A69 
 123      0960A7DD 
 124 00b5 85B960CA 		.ascii	"\205\271`\312\236fU\255V\247N~\365bcKT\016q\211mJ\014"
 124      9E6655AD 
 124      56A74E7E 
 124      F562634B 
 124      540E7189 
ARM GAS  /tmp/ccamex6a.s 			page 9


 125 00cc 5A20139A 		.ascii	"Z \023\232!\223.o\205=x\366D\325\304\260\205\277\002"
 125      21932E6F 
 125      853D78F6 
 125      44D5C4B0 
 125      85BF02
 126 00df 0CE7B5ED 		.ascii	"\014\347\265\355=\363\326\234\223\204S?q\252\246\020"
 126      3DF3D69C 
 126      9384533F 
 126      71AAA610 
 127 00ef E7D0067C 		.ascii	"\347\320\006|;\016M\014NA\016\236>\372\367\372\224\201"
 127      3B0E4D0C 
 127      4E410E9E 
 127      3EFAF7FA 
 127      9481
 128 0101 EF13C8C0 		.ascii	"\357\023\310\300\361\237\372\344\030r\\ e8\235\210\224"
 128      F19FFAE4 
 128      18725C20 
 128      65389D88 
 128      94
 129 0112 19B4430E 		.ascii	"\031\264C\016\035\037\211\326u\230\371\033\002\372\363"
 129      1D1F89D6 
 129      7598F91B 
 129      02FAF3
 130 0121 918D0B72 		.ascii	"\221\215\013r\366\227\004\215v\016\2456\252\321\240"
 130      F697048D 
 130      760EA536 
 130      AAD1A0
 131 0130 1DA38533 		.ascii	"\035\243\2053\017\303\351\303\3233\3476>\263\350\203"
 131      0FC3E9C3 
 131      D333E736 
 131      3EB3E883 
 132 0140 2A7E76E8 		.ascii	"*~v\350\200lJ\012s9\013z\344\224\230\251\277\267\272"
 132      806C4A0A 
 132      73390B7A 
 132      E49498A9 
 132      BFB7BA
 133 0153 6188B93B 		.ascii	"a\210\271;?\304c\356\222\362\240\017\316A6\"6n\316/"
 133      3FC463EE 
 133      92F2A00F 
 133      CE413622 
 133      366ECE2F 
 134 0167 E96288EE 		.ascii	"\351b\210\356Zk\014\241\333)\000\210@vGAT\335\334\014"
 134      5A6B0CA1 
 134      DB290088 
 134      40764741 
 134      54DDDC0C 
 135 017b A077F3EF 		.ascii	"\240w\363\357\027\333LO \347\310\007\326\011s\323S\226"
 135      17DB4C4F 
 135      20E7C807 
 135      D60973D3 
 135      5396
 136 018d 061A8C34 		.ascii	"\006\032\2144\230\304\025f\234\352Rh\235J\203\205\006"
 136      98C41566 
 136      9CEA5268 
 136      9D4A8385 
 136      06
 137 019e 2B0D69C2 		.ascii	"+\015i\302\237\215\266w\321:\235\206\335\264\314`T/"
ARM GAS  /tmp/ccamex6a.s 			page 10


 137      9F8DB677 
 137      D13A9D86 
 137      DDB4CC60 
 137      542F
 138 01b0 B684FF54 		.ascii	"\266\204\377T\375eI\242_>\003\3256\"a\356r\355-\340"
 138      FD6549A2 
 138      5F3E03D5 
 138      362261EE 
 138      72ED2DE0 
 139 01c4 6F0AFA3A 		.ascii	"o\012\372:{'\033\314Z\364S\0235o7N\376\242\252\037\253"
 139      7B271BCC 
 139      5AF45313 
 139      356F374E 
 139      FEA2AA1F 
 140 01d9 10E27A38 		.ascii	"\020\342z8\277C\002_\213\224k\347\325\036\231\372E\017"
 140      BF43025F 
 140      8B946BE7 
 140      D51E99FA 
 140      450F
 141 01eb 76E8C4BD 		.ascii	"v\350\304\2759\250\236\371\361\203\221\347\036f8Z7*"
 141      39A89EF9 
 141      F18391E7 
 141      1E66385A 
 141      372A
 142 01fd 096E3725 		.ascii	"\011n7%H ?:}l\225\332\367\033\332\224\0227[?\272\004"
 142      48203F3A 
 142      7D6C95DA 
 142      F71BDA94 
 142      12375B3F 
 143 0213 4FD25D0C 		.ascii	"O\322]\014.\320\001\236X:\006\027A\217\341tQ\335\200"
 143      2ED0019E 
 143      583A0617 
 143      418FE174 
 143      51DD80
 144 0226 7D48953B 		.ascii	"}H\225;\021\216\254\232\263\232\244\260\332\200\374"
 144      118EAC9A 
 144      B39AA4B0 
 144      DA80FC
 145 0235 1B08D23E 		.ascii	"\033\010\322>\333\255\032ed\001.A\226\250\377\322\342"
 145      DBAD1A65 
 145      64012E41 
 145      96A8FFD2 
 145      E2
 146 0246 ADDB125A 		.ascii	"\255\333\022Z\240\033d\0219\203\313\342\011\264\364"
 146      A01B6411 
 146      3983CBE2 
 146      09B4F4
 147 0255 5EFD3535 		.ascii	"^\37555+\034C\033\351\354\312\231\310D\212@\367\020"
 147      2B1C431B 
 147      E9ECCA99 
 147      C8448A40 
 147      F710
 148 0267 1A7A4166 		.ascii	"\032zAf3 \011\022\030\316\252\247\202\315 Z\007\253"
 148      33200912 
 148      18CEAAA7 
 148      82CD205A 
 148      07AB
ARM GAS  /tmp/ccamex6a.s 			page 11


 149 0279 14C0C6C6 		.ascii	"\024\300\306\306MZ\"\364\372l\377oRR\027%\365\264\240"
 149      4D5A22F4 
 149      FA6CFF6F 
 149      52521725 
 149      F5B4A0
 150 028c B48FC032 		.ascii	"\264\217\3002\273\013\201\372\232\037\276H\240P\375"
 150      BB0B81FA 
 150      9A1FBE48 
 150      A050FD
 151 029b EB531D9D 		.ascii	"\353S\035\235\240+bT\312I}\034\241\275\250 \344\012"
 151      A02B6254 
 151      CA497D1C 
 151      A1BDA820 
 151      E40A
 152 02ad E8031CFF 		.ascii	"\350\003\034\377\370v\227\232\325\200\033\210\274s\255"
 152      F876979A 
 152      D5801B88 
 152      BC73AD
 153 02bc F59478FA 		.ascii	"\365\224x\3722l\342\227\006\375\030\310]\250\236\324"
 153      326CE297 
 153      06FD18C8 
 153      5DA89ED4 
 154 02cc 6BC78C31 		.ascii	"k\307\2141\344Z\315\000h\026\223\300\032EzW\342\331"
 154      E45ACD00 
 154      681693C0 
 154      1A457A57 
 154      E2D9
 155 02de 9A0853BF 		.ascii	"\232\010S\277|\377\270N;d\246\267\023\352\0373\220k"
 155      7CFFB84E 
 155      3B64A6B7 
 155      13EA1F33 
 155      906B
 156 02f0 93287757 		.ascii	"\223(wW\327\342mC\345\272zDUmh\253\343\332\023\\\030"
 156      D7E26D43 
 156      E5BA7A44 
 156      556D68AB 
 156      E3DA135C 
 157 0305 99183087 		.ascii	"\231\0300\207\341X\225*\354:\030@U\272*J\361-\204\201"
 157      E158952A 
 157      EC3A1840 
 157      55BA2A4A 
 157      F12D8481 
 158 0319 FCAE1834 		.ascii	"\374\256\0304\247)\350Wd\021\213-\025cC\353v\223\005"
 158      A729E857 
 158      64118B2D 
 158      156343EB 
 158      769305
 159 032c ADB11402 		.ascii	"\255\261\024\002k1\233Uda\021\236j\367j\26644oe\020"
 159      6B319B55 
 159      6461119E 
 159      6AF76AB6 
 159      34346F65 
 160 0341 A10CD2B4 		.ascii	"\241\014\322\264\014\376\254\342\332\011\333N!\303\316"
 160      0CFEACE2 
 160      DA09DB4E 
 160      21C3CE
 161 0350 210F6E85 		.ascii	"!\017n\205\374]B\310\273\320\021\305\322P\263&i\226"
ARM GAS  /tmp/ccamex6a.s 			page 12


 161      FC5D42C8 
 161      BBD011C5 
 161      D250B326 
 161      6996
 162 0362 7461B4B2 		.ascii	"ta\264\262i\010N\006\236\332\2424]T\177\031{\033%\233"
 162      69084E06 
 162      9EDAA234 
 162      5D547F19 
 162      7B1B259B 
 163 0376 23A2A966 		.ascii	"#\242\251f0\374\262\266\275[\304\253Q<m!\333\377\240"
 163      30FCB2B6 
 163      BD5BC4AB 
 163      513C6D21 
 163      DBFFA0
 164 0389 F3DA566C 		.ascii	"\363\332Vl\32716t&\256\221\343\012\020\355\036\222\342"
 164      D7313674 
 164      26AE91E3 
 164      0A10ED1E 
 164      92E2
 165 039b 4DCBE22D 		.ascii	"M\313\342-K-\366`\021\331\276\350\2105\273-Y-<\217R"
 165      4B2DF660 
 165      11D9BEE8 
 165      8835BB2D 
 165      592D3C8F 
 166 03b0 8B21A116 		.ascii	"\213!\241\026[mAou\370?\324b,\256\026\272\344\367>B"
 166      5B6D416F 
 166      75F83FD4 
 166      622CAE16 
 166      BAE4F73E 
 167 03c5 ED9DA421 		.ascii	"\355\235\244!a\264\302\015\202\350\2235\344\016j\310"
 167      61B4C20D 
 167      82E89335 
 167      E40E6AC8 
 168 03d5 103D8DD1 		.ascii	"\020=\215\321\177\321\2201\361d\276\337\246!\033\341"
 168      7FD19031 
 168      F164BEDF 
 168      A6211BE1 
 169 03e5 E9DE94B8 		.ascii	"\351\336\224\270<\014\013\022\307\205<$j\301\315\270"
 169      3C0C0B12 
 169      C7853C24 
 169      6AC1CDB8 
 170 03f5 16D0056C 		.ascii	"\026\320\005l\001\265 \3246.\304 \30030\365\025\310"
 170      01B520D4 
 170      362EC420 
 170      C03330F5 
 170      15C8
 171 0407 80DC4C69 		.ascii	"\200\334Li\261\247\034K\311O\367\271P\214\201J\200."
 171      B1A71C4B 
 171      C94FF7B9 
 171      508C814A 
 171      802E
 172 0419 5E525C5E 		.ascii	"^R\\^\217S\361;K\335\036\345=\257\357]wY\211\222\347"
 172      8F53F13B 
 172      4BDD1EE5 
 172      3DAFEF5D 
 172      77598992 
 173 042e 7217BBDF 		.ascii	"r\027\273\337*T\274~\305\341\365x\274e8+u\027+~\237"
ARM GAS  /tmp/ccamex6a.s 			page 13


 173      2A54BC7E 
 173      C5E1F578 
 173      BC65382B 
 173      75172B7E 
 174 0443 4371B83C 		.ascii	"Cq\270<N\217\303\353s\346:\230\354w\277\357\324\025"
 174      4E8FC3EB 
 174      73E63A98 
 174      EC77BFEF 
 174      D415
 175 0455 95BA4BCA 		.ascii	"\225\272K\312\240\\w\260\250\364\200\363\325\307\363"
 175      A05C77B0 
 175      A8F480F3 
 175      D5C7F3
 176 0464 57EEF555 		.ascii	"W\356\365U\370\225\327\012\362\363\362\017\241K\362"
 176      F895D70A 
 176      F2F3F20F 
 176      A14BF2
 177 0473 B7FFE00B 		.ascii	"\267\377\340\013\236\\\027\333\367x\016\234\207*\224"
 177      9E5C17DB 
 177      F7780E9C 
 177      872A94
 178 0482 BCFCC2D7 		.ascii	"\274\374\302\327\013\025w\231\243\364\300;N\305\341"
 178      0B157799 
 178      A3F4C03B 
 178      4EC5E1
 179 0491 F1BBFDFB 		.ascii	"\361\273\375\373K\034\016t\362\354#\234\370*\036\300"
 179      4B1C0E74 
 179      F2EC239C 
 179      F82A1EC0 
 180 04a1 5CFEC37E 		.ascii	"\\\376\303~\204\330\362\013\013\354\305E~g\271\317\275"
 180      84D8F20B 
 180      0BECC545 
 180      7E67B9CF 
 180      BD
 181 04b2 D79EFD0C 		.ascii	"\327\236\375\014\223|\314\200\251z}\207\331?\001\377"
 181      937CCC80 
 181      A97A7D87 
 181      D93F01FF 
 182 04c2 CE97     		.ascii	"\316\227"
 183              		.text
 184              		.section	.gnu.lto_chCoreGetStatusX.ea5bf5bc1edbe4d5,"",%progbits
 185 0000 789C6D91 		.ascii	"x\234m\221;K\003A\020\307gv/\271 (\366\246Hc\221\306"
 185      3B4B0341 
 185      10C76776 
 185      2FB92028 
 185      F6A64863 
 186 0016 F3038820 		.ascii	"\363\003\210 6v\202~\203\034\2079\314\345 ),\263y\034"
 186      3676827E 
 186      831C8739 
 186      CCE52029 
 186      2CB3791C 
 187 002a 9A4E0B83 		.ascii	"\232N\013\203\370 \220&>\023-S)\242\235\017\024\255"
 187      F8209026 
 187      3E132D53 
 187      29A29D0F 
 187      14AD
 188 003c 0411058B 		.ascii	"\004\021\005\213`\221\210\2261\316$\301B\262\260\273"
ARM GAS  /tmp/ccamex6a.s 			page 14


 188      60918896 
 188      31CE24C1 
 188      42B2B0BB 
 189 004c F39F1D7E 		.ascii	"\363\237\035~\363\337]\015\272\243\204\000\223\264\217"
 189      F3DF5D0D 
 189      BAA38400 
 189      93B48F
 190 005b D0440928 		.ascii	"\320D\011(Vo\000\322\001\201\310\201\012 \244\004\246"
 190      566F00D2 
 190      0181C881 
 190      0A20A404 
 190      A6
 191 006c F05BB404 		.ascii	"\360[\264\004\336\345\216\267\345\227\360\250L#\331"
 191      DEE58EB7 
 191      E597F0A8 
 191      4C23D9
 192 007b BCDE7C1B 		.ascii	"\274\336|\033b\211\030\"\271\245\356\363z\270\254TF"
 192      62891822 
 192      B9A5EEF3 
 192      7AB8AC54 
 192      46
 193 008c BD5C56A6 		.ascii	"\275\\V\246\326\262\336\214'\005\264\005\340.\006\261"
 193      D6B2DE8C 
 193      2705B405 
 193      E02E06B1 
 194 009c 8C416EB1 		.ascii	"\214An\261\207a\240\342\327\223\237\365A\177N\321\010"
 194      8761A0E2 
 194      D7939FF5 
 194      417F4ED1 
 194      08
 195 00ad 71099DEC 		.ascii	"q\011\235\354\243\237\274@u\356L\265\333Y\245\332\343"
 195      A39FBC40 
 195      75EE4CB5 
 195      DB59A5DA 
 195      E3
 196 00be A7A30101 		.ascii	"\247\243\001\001\236\224\222\026M\343\310\307\221\237"
 196      9E949216 
 196      4DE3C8C7 
 196      919F
 197 00cc 171D180E 		.ascii	"\027\035\030\016\015\232l\264)\004\357\362\0353\205"
 197      0D9A6CB4 
 197      2904EFF2 
 197      1D3385
 198 00db E6734967 		.ascii	"\346sIgZV\262\351\202w~\253\263K\037r\343Z\355\343I"
 198      5A56B2E9 
 198      82777EAB 
 198      B34B1F72 
 198      E35AEDE3 
 199 00f0 4FB5D48A 		.ascii	"O\265\324\212R\303\224\313KjI\351\372\325\343\305@\021"
 199      52C394CB 
 199      4B6A49E9 
 199      FAD5E3C5 
 199      4011
 200 0102 77D2AA93 		.ascii	"w\322\252\223\227xH\227>`\313x\204E\004\342~\366\240"
 200      97784897 
 200      3E60CB78 
 200      844504E2 
ARM GAS  /tmp/ccamex6a.s 			page 15


 200      7EF6A0
 201 0115 92B8AC0B 		.ascii	"\222\270\254\013\330\325Z?*\366\247V\376\250\325\177"
 201      D8D55A3F 
 201      2AF6A756 
 201      FEA8D57F 
 202 0125 541F8148 		.ascii	"T\037\201Hg7\374]\335m\344\353\224,?\364Z\351\224\207"
 202      6737FC5D 
 202      DD6DE4EB 
 202      942C3FF4 
 202      5AE99487 
 203 0139 3A8A9EE2 		.ascii	":\212\236\342\377k\010\344\213\3233L\030Q\327\261\214"
 203      FF6B08E4 
 203      8BD3334C 
 203      1851D7B1 
 203      8C
 204 014a A415B31D 		.ascii	"\244\025\263\035c\311M,\332\361\005c:jG\354\331y\303"
 204      63C94D2C 
 204      DAF10563 
 204      3A6A47EC 
 204      D979C3
 205 015d 4D1AA6EB 		.ascii	"M\032\246\3538n\234\242\230\0351\222\011\3230\243\216"
 205      386E9CA2 
 205      981D3192 
 205      09D330A3 
 205      8E
 206 016e E5986EC2 		.ascii	"\345\230n\302\0323\341\027{\304\234\326"
 206      1A33E117 
 206      7BC49CD6 
 207              		.text
 208              		.section	.gnu.lto_.symbol_nodes.ea5bf5bc1edbe4d5,"",%progbits
 209 0000 789C55CB 		.ascii	"x\234U\313\311\015\2000\020C\321\357\011i\200\012\240"
 209      C90D8030 
 209      1043D1EF 
 209      0969800A 
 209      A0
 210 0011 3F7A9894 		.ascii	"?z\230\224@/\020\226\024AM\014\342\224\203e\351\311"
 210      402F1096 
 210      14414D0C 
 210      E2948365 
 210      E9C9
 211 0023 1E802582 		.ascii	"\036\200%\202U9\254\017D\2652C\336D\031!\345[\232b\222"
 211      5539AC0F 
 211      44B53243 
 211      DE441921 
 211      E55B9A62 
 212 0038 77D90F4D 		.ascii	"w\331\017M\351\003;\344\352>v\312\255\227K\236:\341"
 212      E9033BE4 
 212      EA3E76CA 
 212      AD974B9E 
 212      3AE1
 213 004a 05B75316 		.ascii	"\005\267S\026\233"
 213      9B
 214              		.text
 215              		.section	.gnu.lto_.refs.ea5bf5bc1edbe4d5,"",%progbits
 216 0000 789C0DC3 		.ascii	"x\234\015\303\261\015\200@\020\003\301]\373x\002D\362"
 216      B10D8040 
 216      1003C15D 
ARM GAS  /tmp/ccamex6a.s 			page 16


 216      FB780244 
 216      F2
 217 0011 0955D07F 		.ascii	"\011U\320\177{0\322\014\360\376\0075\321&\223\036\270"
 217      7B30D20C 
 217      F0FE0735 
 217      D126931E 
 217      B8
 218 0022 E8ADBB0B 		.ascii	"\350\255\273\013/\272\365\311I\305\362\001\026@\000"
 218      2FBAF5C9 
 218      49C5F201 
 218      164000
 219 0031 D3       		.ascii	"\323"
 220              		.text
 221              		.section	.gnu.lto_.decls.ea5bf5bc1edbe4d5,"",%progbits
 222 0000 789C8D56 		.ascii	"x\234\215VkPTG\026\276g\356\310\300\274bM\330\224?f"
 222      6B505447 
 222      16BE67EE 
 222      C8C0BC62 
 222      4DD8943F 
 223 0015 B7282B29 		.ascii	"\267(+)\335\037a\242\354f\363#?4$\233X\273\256\251\020"
 223      DD1F61A2 
 223      EC66F323 
 223      3F34249B 
 223      58BBAEA9 
 224 002a 52FB63AB 		.ascii	"R\373c\253n\015\303\304\231r\036\0263\304\270\177\366"
 224      6E0DC3C4 
 224      99721E16 
 224      33C4B87F 
 224      F6
 225 003b A2800475 		.ascii	"\242\200\004uw\324H\002\202\016\210.\250\010\012Y\320"
 225      77D44802 
 225      820E882E 
 225      A8080A59 
 225      D0
 226 004c 48769684 		.ascii	"Hv\226\204\227\002\242\256\">\002\211\370@Q\336;\362"
 226      9702A2AE 
 226      223E0289 
 226      F84051DE 
 226      3BF2
 227 005e 327BBAFB 		.ascii	"2{\272\373\016\367\242\242\2715g\246\273\347\364\367"
 227      0EF7A2A2 
 227      B93567A6 
 227      BBE7F4F7 
 228 006e 7D7DCEE9 		.ascii	"}}\316\351\276\255\346\330\343\325q\\@\305q9\300q?\341"
 228      BEADE6D8 
 228      E3D5715C 
 228      40C57139 
 228      C0713FE1 
 229 0082 B300C73E 		.ascii	"\263\000\307>\342\344G\215V\201V\213v\002\355\2244\326"
 229      E2E4478D 
 229      5681568B 
 229      7602ED94 
 229      34D6
 230 0094 8C761AAD 		.ascii	"\214v\032\255\015\255\203\233\373\020\377\010N+\332"
 230      0DAD839B 
 230      FB10FF08 
 230      4E2BDA
ARM GAS  /tmp/ccamex6a.s 			page 17


 231 00a3 59B426B4 		.ascii	"Y\264&\264N\351\177\220|\236\207C85h&\264X\264d\264"
 231      4EE97F90 
 231      7C9E8743 
 231      38356826 
 231      B458B464 
 232 00b8 1AB43512 		.ascii	"\032\2645\022\336Y\005\036\361\345\321z$\314\266\307"
 232      DE59051E 
 232      F1E5D17A 
 232      24CCB6C7 
 233 00c8 B08876ED 		.ascii	"\260\210v\3553\260n\243\335C\033R\340j\244y#hch\223"
 233      33B06EA3 
 233      DD431B52 
 233      E06AA479 
 233      23686368 
 234 00dd 12CF34DA 		.ascii	"\022\3174\332#4\325<\\$FQ\012\256\032\211\343\375\307"
 234      2334D53C 
 234      5C244651 
 234      0AAE1A89 
 234      E3FDC7
 235 00f0 349F9230 		.ascii	"4\237\2220\332$\034\3453\243\202\372\013S\035\352\253"
 235      DA241CE5 
 235      33A382FA 
 235      0B531DEA 
 235      AB
 236 0101 D00DE803 		.ascii	"\320\015\350\003\013\331,`\337@\215cF\273\330P\321o"
 236      0BD92C60 
 236      DF408D63 
 236      46BBD850 
 236      D16F
 237 0113 4E1E8288 		.ascii	"N\036\202\210\243\324WE\232\334,\030\375H\363i\376\351"
 237      A3D45745 
 237      9ADC2C18 
 237      FD48F369 
 237      FEE9
 238 0125 43416474 		.ascii	"CAdt\220&\261~D?H}\225L\000\254\033\231\240\300cr%8"
 238      9026B17E 
 238      443F487D 
 238      954C00AC 
 238      1B99A0C0 
 239 013d 59F3EC9A 		.ascii	"Y\363\354\232 \262\350\273\307\256\025\033y\025\220"
 239      20B2E8BB 
 239      C7AE151B 
 239      791590
 240 014c 76CF44D9 		.ascii	"v\317D\331\357\343\217\210\370\004DQ\365K92\3472\253"
 240      EFE38F88 
 240      F8044451 
 240      F54B3932 
 240      E732AB
 241 015f 0AF93115 		.ascii	"\012\3711\025\230\264\240\306\356p{\301\015#vc\265\020"
 241      98B4A0C6 
 241      EE707BC1 
 241      0D237663 
 241      B510
 242 0171 87DD99D6 		.ascii	"\207\335\231\326=\005\252Eyt\336f1N\015\037\275\004"
 242      3D05AA45 
 242      7974DE66 
 242      314E0D1F 
ARM GAS  /tmp/ccamex6a.s 			page 18


 242      BD04
 243 0183 87C10C87 		.ascii	"\207\301\014\207\300\214DG`\021~\247\250\031R\356\366"
 243      C08C4447 
 243      60117EA7 
 243      A81952EE 
 243      F6
 244 0194 2FB2F48B 		.ascii	"/\262\364\213\203b\260J\354\275>\255\317\333,\266\340"
 244      8362B04A 
 244      ECBD3EAD 
 244      CFDB2CB6 
 244      E0
 245 01a5 B438E205 		.ascii	"\2648\342\005e\300C9\304\023u\330$?\377\204\253(\273"
 245      65C04339 
 245      C41375D8 
 245      243FFF84 
 245      AB28BB
 246 01b8 0216E3CC 		.ascii	"\002\026\343\314\252\3639\255F>\211\012=zd\252J\253"
 246      AAF339AD 
 246      463E890A 
 246      3D7A64AA 
 246      4AAB
 247 01ca 26695AA3 		.ascii	"&iZ\243%\3208t\275\245\3740\221\210\003$\002/\340P\345"
 247      25D03874 
 247      BDA5FC30 
 247      91880324 
 247      022FE050 
 248 01df C0890903 		.ascii	"\300\211\011\003\033\"\036\245\023\203\265z~-i\253\202"
 248      1B221EA5 
 248      1383B57A 
 248      7E2D69AB 
 248      82
 249 01f0 DB2BFA17 		.ascii	"\333+\372\027\300R\355A\"\272\267~\313_F\263p\305P\003"
 249      C052ED41 
 249      22BAB77E 
 249      CB5F46B3 
 249      70C55003 
 250 0204 5A382EAB 		.ascii	"Z8.\253XC\0128G\0247\221u\231Z\214\334\354\262\240\032"
 250      58430A38 
 250      47143791 
 250      75995A8C 
 250      DCECB2A0 
 251 0219 96125CE2 		.ascii	"\226\022\\\342\010\307p\260\012\007\221\243\265hG\271"
 251      08C770B0 
 251      0A0791A3 
 251      B56847B9 
 252 0229 860A2350 		.ascii	"\206\012#P\225@\245\355.<`R\206'Y\257\010\317\277hx"
 252      9540A5ED 
 252      2E3C6052 
 252      862759AF 
 252      08CFBF68 
 253 023e BE02293E 		.ascii	"\276\002)>\373r;\372\001\343\323K\3423d\374\202\306"
 253      FB723BFA 
 253      01E3D34B 
 253      E23364FC 
 253      82C6
 254 0250 271047DC 		.ascii	"'\020G\334\340\250\254\354\2502>\2654>#\271\373\007"
 254      E0A8ACEC 
ARM GAS  /tmp/ccamex6a.s 			page 19


 254      A8323EB5 
 254      343E23B9 
 254      FB07
 255 0262 0C7C31D0 		.ascii	"\014|1\320\265n\255\312/\215a0\241\343\247\365b C\024"
 255      B56EADCA 
 255      2F8D6130 
 255      A1E3A7F5 
 255      62204314 
 256 0276 5750903A 		.ascii	"WP\220:\031\244N\011r\202\202T\016W\355\321\3605\014"
 256      19A44E09 
 256      72828254 
 256      0E57EDD1 
 256      F0350C
 257 0289 E46E617E 		.ascii	"\344na~\261A)\234\254IV\376\365\234\304fv\024\335\221"
 257      B141299C 
 257      AC4956FE 
 257      F59CC466 
 257      7614DD91 
 258 029d 121B1ACF 		.ascii	"\022\033\032\317\325\347\213\241L\234g\"^pR\346<\251"
 258      D5E78BA1 
 258      4C9C6722 
 258      5E7052E6 
 258      3CA9
 259 02af E43C4539 		.ascii	"\344<E9\357n\035\257V\361\215\214\2632\253\257<\032"
 259      EF6E1DAF 
 259      56F18D8C 
 259      B332ABAF 
 259      3C1A
 260 02c1 7366C634 		.ascii	"sf\3064\202\"\207f\226\303\232\320h\205\232o\247\276"
 260      82228766 
 260      96C39AD0 
 260      68859A6F 
 260      A7BE
 261 02d3 AA73D5DD 		.ascii	"\252s\325\335\2151\263I\354\351\370U\235(.\204\006\024"
 261      8D31B349 
 261      ECE9F855 
 261      9D282E84 
 261      0614
 262 02e5 199209CD 		.ascii	"\031\222\011\315\2639\034*\021\243\026q\220`\206\327"
 262      B3391C2A 
 262      11A31671 
 262      906086D7 
 263 02f5 3081FFC1 		.ascii	"0\201\377\301\004\232\245\004\376\033\327\364\015K`"
 263      049AA504 
 263      FE1BD7F4 
 263      0D4B60
 264 0304 F9BEB2EF 		.ascii	"\371\276\262\357\014\3746\272\037T\367?\277\227\303"
 264      0CFC36BA 
 264      1F54F73F 
 264      BF97C3
 265 0313 CF1274EF 		.ascii	"\317\022t\357|\3510!hD\202oe\002\344{:\303wOg\370\374"
 265      7CE93021 
 265      6844826F 
 265      6502E47B 
 265      3AC3774F 
 266 032a 4E738C3E 		.ascii	"Ns\214>W.*\212'G\265\011\364\322\246+\350/y\244\177"
 266      572E2A8A 
ARM GAS  /tmp/ccamex6a.s 			page 20


 266      2747B509 
 266      F4D2A62B 
 266      E82F79A4 
 267 033f 65BF2896 		.ascii	"e\277(\226\220\255\362\207\235\233\305\367\310\277P"
 267      90ADF287 
 267      9D9BC5F7 
 267      C8BF50
 268 034e CFB81573 		.ascii	"\317\270\025s\352IP\241\031^\301Y]}5\307\200\377\206"
 268      EA4950A1 
 268      195EC159 
 268      5D7D35C7 
 268      80FF86
 269 0361 6DE833DB 		.ascii	"m\3503\333\036\215\250L\001iG\257\000\302E\217\200V"
 269      1E8DA84C 
 269      016947AF 
 269      00C2458F 
 269      8056
 270 0373 30CD6EEE 		.ascii	"0\315n\356\202\353\373\313\214\310\323+\212\241\013"
 270      82EBFBCB 
 270      8CC8D32B 
 270      8AA10B
 271 0382 D9BFC810 		.ascii	"\331\277\310\020\033\200\374\017-4U\350L\033p\232\302"
 271      1B80FC0F 
 271      2D3455E8 
 271      4C1B709A 
 271      C2
 272 0393 0FEFEEDE 		.ascii	"\017\357\356\336\305\363m\014\276\271\356\324d4S\030"
 272      C5F36D0C 
 272      BEB9EED4 
 272      64345318 
 273 03a3 DAD1148B 		.ascii	"\332\321\024\2139WS\205g\236Px\206B\264Q\210\361\334"
 273      39575385 
 273      679E5078 
 273      8642B451 
 273      88F1DC
 274 03b6 D19B06FE 		.ascii	"\321\233\006\376\002\203\370\252\271r\223A\"\277\250"
 274      0283F8AA 
 274      B9729341 
 274      22BFA8
 275 03c5 206F8F90 		.ascii	" o\217\220\323\006t\320\231{\262+\003\2069\261#l2\313"
 275      D30674D0 
 275      997BB22B 
 275      038639B1 
 275      236C32CB 
 276 03d9 59163BF2 		.ascii	"Y\026;\362K6D\333\225A\230\343M\200e\357N\311\273\223"
 276      4B3644DB 
 276      954198E3 
 276      4D8065EF 
 276      4EC9BB93 
 277 03ed 7A37D6D7 		.ascii	"z7\326\327v\351\370^\246jx\272\2506\206\235w\261\344"
 277      76E9F85E 
 277      A66A78BA 
 277      A836869D 
 277      77B1E4
 278 0400 80EB0904 		.ascii	"\200\353\011\0044\354\274\013\222\242,n\037\315\323"
 278      34ECBC0B 
 278      92A22C6E 
ARM GAS  /tmp/ccamex6a.s 			page 21


 278      1FCDD3
 279 040f F20F98EF 		.ascii	"\362\017\230\357\330\211\354I#\363}\021\273\025\265"
 279      D889EC49 
 279      23F37D11 
 279      BB15B5
 280 041e 7995BC36 		.ascii	"y\225\2746G\3324\204\325\244L\357%\222\000\260\230\341"
 280      47DA3484 
 280      D5A44CEF 
 280      259200B0 
 280      98E1
 281 0430 22AB868B 		.ascii	"\"\253\206\213\017\353'\365|\230B\251\2537\365\024\033"
 281      0FEB27F5 
 281      7C9842A9 
 281      AB37F514 
 281      1B
 282 0441 61A919D0 		.ascii	"a\251\031\320\035X\325\221\203\230\303\315\242\205."
 282      1D58D591 
 282      8398C3CD 
 282      A2852E
 283 0450 2922F814 		.ascii	")\"\370\024\210\210?\36472\214\355h\372\373\224\002"
 283      88883FF4 
 283      37328CED 
 283      68FAFB94 
 283      02
 284 0461 BC8C0578 		.ascii	"\274\214\005x\225\362]A\300nF\330wyW\220W\226\004\301"
 284      95F25D41 
 284      C06E46D8 
 284      77795790 
 284      579604C1 
 285 0475 BE80FF9F 		.ascii	"\276\200\377\237\247\372\256\221\302`*\211\367\225\346"
 285      A7FAAE91 
 285      C2602A89 
 285      F795E6
 286 0484 B6CC28AD 		.ascii	"\266\314(\255\204\035x\036v\335h\371\004(\261\257?\013"
 286      841D781E 
 286      76DD68F9 
 286      0428B1AF 
 286      3F0B
 287 0496 BB2BE340 		.ascii	"\273+\343@;`\352;\203b\350\\3d\004C\031q\360=\246\350"
 287      3B60EA3B 
 287      8362E85C 
 287      33640443 
 287      1971F03D 
 288 04ac BF583E78 		.ascii	"\277X>x\246)f\236\303\221\0171\016=\264\014\"G\375\222"
 288      A629669E 
 288      C3910F31 
 288      0E3DB40C 
 288      2247FD92 
 289 04c0 278FFA25 		.ascii	"'\217\372%\354\2308\377\217\221R\015?\315vq\323\366"
 289      EC9838FF 
 289      8F91520D 
 289      3FCD7671 
 289      D3F6
 290 04d2 EAE33AC5 		.ascii	"\352\343:\3051\361\366\216-\344\254\357Cm?\312\333x"
 290      31F1F68E 
 290      2DE4ACEF 
 290      436D3FCA 
ARM GAS  /tmp/ccamex6a.s 			page 22


 290      DB78
 291 04e4 C9FC67FD 		.ascii	"\311\374g\375\015\\\353\022i#\377\200\203\275\322QQ"
 291      0D5CEB12 
 291      6923FF80 
 291      83BDD251 
 291      51
 292 04f5 BAA3248A 		.ascii	"\272\243$\212\337\302S\222\374\232Ca\255\342\250x\371"
 292      DFC25392 
 292      FC9A4361 
 292      ADE2A878 
 292      F9
 293 0506 08392A6E 		.ascii	"\0109*n#\307M\231\243\017\346'\271\365\024\0222\237"
 293      23C74D99 
 293      A30FE627 
 293      B9F51412 
 293      329F
 294 0518 EC91A24B 		.ascii	"\354\221\242K{u\363\227\324\235HI\275Fe5\376\024\016"
 294      7B75F397 
 294      D49D4849 
 294      BD466535 
 294      FE140E
 295 052b BDC0EA51 		.ascii	"\275\300\352QEB1\324V\244c\265\273\020\273\227\303="
 295      454231D4 
 295      56A463B5 
 295      BB10BB97 
 295      C33D
 296 053d 618394A2 		.ascii	"a\203\224\242P$\375w\021\253\237b\335\243)\242\210\264"
 296      5024FD77 
 296      11AB9F62 
 296      DDA329A2 
 296      88B4
 297 054f 430A66AA 		.ascii	"C\012f\252\342\244T\337Q\330\035\274\021\3761z~1\367"
 297      E2A454DF 
 297      51D81DBC 
 297      11FE317A 
 297      7E31F7
 298 0562 23620658 		.ascii	"#b\006X\220\306r\263\302\322\315A\203\335\262[\205\177"
 298      90C672B3 
 298      C2D2CD41 
 298      83DDB25B 
 298      857F
 299 0574 D733356F 		.ascii	"\32735o`7;\2307\250{\274\030\007\021\354\001\005\033"
 299      60373B98 
 299      37A87BBC 
 299      180711EC 
 299      01051B
 300 0587 A26AEE33 		.ascii	"\242j\35635CT\315\266\254C\031\032>@\203\016\343\375"
 300      354354CD 
 300      B6AC4319 
 300      1A3E4083 
 300      0EE3FD
 301 059a 3D63467C 		.ascii	"=cF|\347\204\360e9V\260a7{Y\276L/\023\303r\330\207\225"
 301      E784F065 
 301      3956B061 
 301      377B59BE 
 301      4C2F13C3 
 302 05b2 EF9C11FA 		.ascii	"\357\234\021\372\3169\030~\270\325\310\2673\230\221"
ARM GAS  /tmp/ccamex6a.s 			page 23


 302      CE39187E 
 302      B8D5C8B7 
 302      339891
 303 05c1 BDA7BFE4 		.ascii	"\275\247\277\344%\230\357\367&\347\037\027\305\317D"
 303      2598EFF7 
 303      26E71F17 
 303      C5CF44
 304 05d0 B1414D71 		.ascii	"\261AMqFe\234Q%\316\030\305\351\272\325\220\312\177"
 304      46659C51 
 304      25CE18C5 
 304      E9BAD590 
 304      CA7F
 305 05e2 A9A63087 		.ascii	"\251\2460\207*\366V\031\371\203\254\263\265\341\333"
 305      2AF65619 
 305      F983ACB3 
 305      B5E1DB
 306 05f1 C228BC08 		.ascii	"\302(\274\010\300\377\350$\034\3312PzIE\257\006\244"
 306      C0FFE824 
 306      1CD93250 
 306      7A4945AF 
 306      06A4
 307 0603 2AD8A5A5 		.ascii	"*\330\245\245\373RI\302\274\027\247\011\372~}\030\271"
 307      FB5249C2 
 307      BC17A709 
 307      FA7E7D18 
 307      B9
 308 0614 195C1B18 		.ascii	"\031\\\033\030\275\037#\251\354\276\261\276e\344\246"
 308      BD1F23A9 
 308      ECBEB1BE 
 308      65E4A6
 309 0623 28EE14C5 		.ascii	"(\356\024\305L\210%\2360\036\321\011aP\223\236,u\222"
 309      4C88259E 
 309      301ED109 
 309      6150939E 
 309      2C7592
 310 0636 4AED7CF0 		.ascii	"J\355|\360\3656\035?\301\344u\316\264\264\253%\260\361"
 310      F5361D3F 
 310      C1E475CE 
 310      B4B4AB25 
 310      B0F1
 311 0648 82779A0E 		.ascii	"\202w\232\016d\223+B\360=z]\203)y\315SJ\240i\012\324"
 311      64932B42 
 311      F03D7A5D 
 311      832979CD 
 311      534AA069 
 312 065e BBEFF62E 		.ascii	"\273\357\366.\003\237\265\200\002}\266\375\336\320\202"
 312      039FB580 
 312      027DB6FD 
 312      DED082
 313 066d D9D8B9E7 		.ascii	"\331\330\271\347\306nF\306\231Q\342<\202\305\234V\260"
 313      C66E46C6 
 313      9951E23C 
 313      82C59C56 
 313      B0
 314 067e 79D3EC82 		.ascii	"y\323\354\202\323\343\364G\277\373\247\344\270\304e"
 314      D3E3F447 
 314      BFFBA7E4 
ARM GAS  /tmp/ccamex6a.s 			page 24


 314      B8C465
 315 068d CBB8372D 		.ascii	"\313\2707-\016\257\333n\361\331]N\267e\2037m\235\323"
 315      0EAFDB6E 
 315      F1D95D4E 
 315      B7658337 
 315      6D9DD3
 316 06a0 B3D692E8 		.ascii	"\263\326\222\350p\2468\327$Y\274>\213\315\353v{=\330"
 316      70A638D7 
 316      2459BC3E 
 316      8BCDEB76 
 316      7B3DD8
 317 06b3 7239532C 		.ascii	"r9S,\2764\233\305\346p\333\335\004'\336\306\275hs$b"
 317      BE349BC5 
 317      E670DBDD 
 317      0427DEC6 
 317      BD687324 
 318 06c8 6BA5CBE5 		.ascii	"k\245\313\345\265\255t9\327z\354\251\253\242|\316\277"
 318      B5AD7439 
 318      D77AECA9 
 318      ABA27CCE 
 318      BF
 319 06d9 DA05FF72 		.ascii	"\332\005\377rK\272/\315B&\255\265\331,\3264\367\253"
 319      4BBA2FCD 
 319      4226ADB5 
 319      D92CD634 
 319      F7AB
 320 06eb 1EAFC7FE 		.ascii	"\036\257\307\376\252\335\232\342\264\3746>!~\231\305"
 320      AADD9AE2 
 320      B4FC363E 
 320      217E99C5 
 321 06fb E9B1B9D2 		.ascii	"\351\261\271\322S\221\332\237\232j\3778\336\301\231"
 321      5391DA9F 
 321      9A6AFF38 
 321      DEC199
 322 070a 9E445BC8 		.ascii	"\236D[\310\206\336\265\373\223\374V\177\272\357\317"
 322      86DEB5FB 
 322      93FC567F 
 322      BAEFCF
 323 0719 1A8FFD53 		.ascii	"\032\217\375S?\012\210\021\204t\247\307\377\206\340"
 323      3F0A8811 
 323      8474A7C7 
 323      FF86E0
 324 0728 FF0D259A 		.ascii	"\377\015%\232K\020\201v[m\016\247\307n\021\220\300\232"
 324      4B108176 
 324      5B6D0EA7 
 324      C76E1190 
 324      C09A
 325 073a EEF20BFE 		.ascii	"\356\362\013\376\215\353\355>\244\322H\223\177\375\214"
 325      8DEBED3E 
 325      A4D24893 
 325      7FFD8C
 326 0749 C9BE8D3E 		.ascii	"\311\276\215>\213\200\342\320\023g\030\004\301a\267"
 326      8B80E2D0 
 326      13671804 
 326      C161B7
 327 0758 AE1752AC 		.ascii	"\256\027R\254>\273 D\331=\251\250B/\015bO\020\320\343"
 327      3EBB2044 
ARM GAS  /tmp/ccamex6a.s 			page 25


 327      D93DA9A8 
 327      422F0D62 
 327      4F10D0E3 
 328 076c E3748F4D 		.ascii	"\343t\217M\020\342_OX\366zt\244\247\2669\254iZ&7a\271"
 328      10E25F4F 
 328      58F67A74 
 328      A4A7B639 
 328      AC695A26 
 329 0783 E08F8E34 		.ascii	"\340\217\2164bl\216\244\215\276?zm\353\226?'\007i\376"
 329      626C8EA4 
 329      8DBE3F7A 
 329      6DEB963F 
 329      270769FE 
 330 0797 59513607 		.ascii	"YQ6\007\312B91\353\275i~\001\003\265n\305\317K \361"
 330      CA423931 
 330      EBBD697E 
 330      0103B56E 
 330      C5CF4B20 
 331 07ac F759567E 		.ascii	"\367YV~\260:q\365\247\210B\013\341\223\337\271\331\312"
 331      B03A71F5 
 331      A788420B 
 331      E193DFB9 
 331      D9CA
 332 07be 7C76BFF0 		.ascii	"|v\277\360\326\312\244w\336\377`\225\301\352\332`\335"
 332      D6CAA477 
 332      DEFF6095 
 332      C1EADA60 
 332      DD
 333 07cf E8       		.ascii	"\350"
 334 07d0 C3227161 		.ascii	"\303\"qa\344\336\376y\340\230\023K\342\352\244UI\262"
 334      E4DEFE79 
 334      E098134B 
 334      E2EAA455 
 334      49B2
 335 07e2 4EB7CFE9 		.ascii	"N\267\317\351\0230\365H\240\243\013M\366\020\265:\252"
 335      1330F548 
 335      A0A30B4D 
 335      F610B53A 
 335      AA
 336 07f3 3B9DB6FF 		.ascii	";\235\266\377\017\215=zT"
 336      0F8D3D7A 
 336      54
 337              		.text
 338              		.section	.gnu.lto_.symtab.ea5bf5bc1edbe4d5,"",%progbits
 339 0000 5F636F72 		.ascii	"_core_init\000"
 339      655F696E 
 339      697400
 340 000b 00       		.ascii	"\000"
 341 000c 00       		.ascii	"\000"
 342 000d 00       		.ascii	"\000"
 343 000e 00000000 		.ascii	"\000\000\000\000\000\000\000\000"
 343      00000000 
 344 0016 AD000000 		.ascii	"\255\000\000\000"
 345 001a 6368436F 		.ascii	"chCoreAllocAlignedI\000"
 345      7265416C 
 345      6C6F6341 
 345      6C69676E 
ARM GAS  /tmp/ccamex6a.s 			page 26


 345      65644900 
 346 002e 00       		.ascii	"\000"
 347 002f 00       		.ascii	"\000"
 348 0030 00       		.ascii	"\000"
 349 0031 00000000 		.ascii	"\000\000\000\000\000\000\000\000"
 349      00000000 
 350 0039 B7000000 		.ascii	"\267\000\000\000"
 351 003d 6368436F 		.ascii	"chCoreAllocAligned\000"
 351      7265416C 
 351      6C6F6341 
 351      6C69676E 
 351      656400
 352 0050 00       		.ascii	"\000"
 353 0051 00       		.ascii	"\000"
 354 0052 00       		.ascii	"\000"
 355 0053 00000000 		.ascii	"\000\000\000\000\000\000\000\000"
 355      00000000 
 356 005b B9000000 		.ascii	"\271\000\000\000"
 357 005f 6368436F 		.ascii	"chCoreGetStatusX\000"
 357      72654765 
 357      74537461 
 357      74757358 
 357      00
 358 0070 00       		.ascii	"\000"
 359 0071 00       		.ascii	"\000"
 360 0072 00       		.ascii	"\000"
 361 0073 00000000 		.ascii	"\000\000\000\000\000\000\000\000"
 361      00000000 
 362 007b BC000000 		.ascii	"\274\000\000\000"
 363 007f 5F5F6865 		.ascii	"__heap_base__\000"
 363      61705F62 
 363      6173655F 
 363      5F00
 364 008d 00       		.ascii	"\000"
 365 008e 02       		.ascii	"\002"
 366 008f 00       		.ascii	"\000"
 367 0090 00000000 		.ascii	"\000\000\000\000\000\000\000\000"
 367      00000000 
 368 0098 CA000000 		.ascii	"\312\000\000\000"
 369 009c 5F5F6865 		.ascii	"__heap_end__\000"
 369      61705F65 
 369      6E645F5F 
 369      00
 370 00a9 00       		.ascii	"\000"
 371 00aa 02       		.ascii	"\002"
 372 00ab 00       		.ascii	"\000"
 373 00ac 00000000 		.ascii	"\000\000\000\000\000\000\000\000"
 373      00000000 
 374 00b4 CE000000 		.ascii	"\316\000\000\000"
 375              		.text
 376              		.section	.gnu.lto_.opts,"",%progbits
 377 0000 272D666D 		.ascii	"'-fmath-errno' '-fsigned-zeros' '-ftrapping-math' '"
 377      6174682D 
 377      6572726E 
 377      6F272027 
 377      2D667369 
 378 0033 2D666E6F 		.ascii	"-fno-trapv' '-fno-openmp' '-fno-openacc' '-mcpu=cor"
ARM GAS  /tmp/ccamex6a.s 			page 27


 378      2D747261 
 378      70762720 
 378      272D666E 
 378      6F2D6F70 
 379 0066 7465782D 		.ascii	"tex-m3' '-mno-thumb-interwork' '-mthumb' '-ggdb' '-"
 379      6D332720 
 379      272D6D6E 
 379      6F2D7468 
 379      756D622D 
 380 0099 4F322720 		.ascii	"O2' '-fomit-frame-pointer' '-falign-functions=16' '"
 380      272D666F 
 380      6D69742D 
 380      6672616D 
 380      652D706F 
 381 00cc 2D666675 		.ascii	"-ffunction-sections' '-fdata-sections' '-fno-common"
 381      6E637469 
 381      6F6E2D73 
 381      65637469 
 381      6F6E7327 
 382 00ff 2720272D 		.ascii	"' '-flto'\000"
 382      666C746F 
 382      2700
 383              		.text
 384              		.comm	__gnu_lto_v1,1,1
 385              		.comm	__gnu_lto_slim,1,1
 386              		.ident	"GCC: (GNU Tools for ARM Embedded Processors) 5.3.1 20160307 (release) [ARM/embedded-5-bran
ARM GAS  /tmp/ccamex6a.s 			page 28


DEFINED SYMBOLS
                            *ABS*:0000000000000000 chmemcore.c
                            *COM*:0000000000000001 __gnu_lto_v1
                            *COM*:0000000000000001 __gnu_lto_slim

NO UNDEFINED SYMBOLS
