ARM GAS  /tmp/ccAw26yY.s 			page 1


   1              		.syntax unified
   2              		.cpu cortex-m3
   3              		.fpu softvfp
   4              		.eabi_attribute 20, 1
   5              		.eabi_attribute 21, 1
   6              		.eabi_attribute 23, 3
   7              		.eabi_attribute 24, 1
   8              		.eabi_attribute 25, 1
   9              		.eabi_attribute 26, 1
  10              		.eabi_attribute 30, 2
  11              		.eabi_attribute 34, 1
  12              		.eabi_attribute 18, 4
  13              		.thumb
  14              		.syntax unified
  15              		.file	"chmsg.c"
  16              		.text
  17              	.Ltext0:
  18              		.section	.gnu.lto_.profile.b24f5e5a290c5e94,"",%progbits
  19 0000 789C6361 		.ascii	"x\234ca```\001bF\006?u\000\001#\000\177"
  19      60606001 
  19      6246063F 
  19      75000123 
  19      007F
  20              		.text
  21              		.section	.gnu.lto_.icf.b24f5e5a290c5e94,"",%progbits
  22 0000 789C6361 		.ascii	"x\234ca\200\000\021\006\004`fX\263\370\303{&\246eW\267"
  22      80001106 
  22      04606658 
  22      B3F8C37B 
  22      26A66557 
  23 0015 CDE063FE 		.ascii	"\315\340c\376vg\331\0366\006\000dv\011b"
  23      7667D91E 
  23      36060064 
  23      760962
  24              		.text
  25              		.section	.gnu.lto_.jmpfuncs.b24f5e5a290c5e94,"",%progbits
  26 0000 789C6361 		.ascii	"x\234ca\200\200P\006\004`f`bdd\256\257gb\374\313\304"
  26      80805006 
  26      04606660 
  26      626464AE 
  26      AF6762FC 
  27 0016 F8FBC594 		.ascii	"\370\373\305\224\233\214_\230Z\231\031\030y\030\227"
  27      9B8C5F98 
  27      5A991918 
  27      791897
  28 0025 33CA3030 		.ascii	"3\3120001U\202T1\001\021H\301\337;\215\377\230 \012"
  28      30315582 
  28      54310111 
  28      48C1DF3B 
  28      8DFF9820 
  29 003a F8185780 		.ascii	"\370\030W\200\0240\203\26432\262@\325U2\202(\000O\325"
  29      143083B4 
  29      3332B240 
  29      D5553282 
  29      28004FD5 
  30 004e 103C     		.ascii	"\020<"
  31              		.text
ARM GAS  /tmp/ccAw26yY.s 			page 2


  32              		.section	.gnu.lto_.inline.b24f5e5a290c5e94,"",%progbits
  33 0000 789C6361 		.ascii	"x\234ca\200\200X\006\004`f`\020\221add`d``\022\277\261"
  33      80805806 
  33      04606660 
  33      10916164 
  33      64606460 
  34 0018 999181F3 		.ascii	"\231\221\201\363\206\031\023H\202\211\233\001(\010&"
  34      86191348 
  34      82899B01 
  34      280826
  35 0027 27F83131 		.ascii	"'\37011\010\362\0039\022\007v32\260-\220GR\300\314\300"
  35      08F20339 
  35      12077633 
  35      32B02D90 
  35      4752C0CC 
  36 003c 21009461 		.ascii	"!\000\224aY \017\227`\346\001JN\360\233\340\307\000"
  36      59200F97 
  36      60E6014A 
  36      4EF09BE0 
  36      C700
  37 004e 00E2FB0A 		.ascii	"\000\342\373\012S"
  37      53
  38              		.text
  39              		.section	.gnu.lto_.pureconst.b24f5e5a290c5e94,"",%progbits
  40 0000 789C6361 		.ascii	"x\234ca``\340\002bf\206]\214L\273\030\231w1\002\000"
  40      6060E002 
  40      6266865D 
  40      8C4CBB18 
  40      99773102 
  41 0015 0C0B0248 		.ascii	"\014\013\002H"
  42              		.text
  43              		.section	.gnu.lto_chMsgSend.b24f5e5a290c5e94,"",%progbits
  44 0000 789C9555 		.ascii	"x\234\225UkLTW\020>s\317\3357\260\264\376i\033\023\361"
  44      6B4C5457 
  44      103E73CF 
  44      DD37B0B4 
  44      FE691B13 
  45 0015 073126AD 		.ascii	"\0071&\255\267V\223j\332\364\021\373\247?h\023i\323"
  45      B756936A 
  45      DAF411FB 
  45      A73F6813 
  45      69D3
  46 0027 9F46D78D 		.ascii	"\237F\327\215l\352\272\270\213V\2236\034\036\253\322"
  46      6CEABAB8 
  46      8B569336 
  46      1C1EABD2 
  47 0037 9A561B54 		.ascii	"\232V\033T\020\032b\213\361\255`\265uQ\351\372\000\254"
  47      101A628B 
  47      F1AD60B5 
  47      7551E9FA 
  47      00AC
  48 0049 4511958A 		.ascii	"E\021\225\212\202\362\020\026|\245R\333j\253,\2359\367"
  48      82F21016 
  48      7CA552DB 
  48      6AAB2C9D 
  48      39F7
  49 005b 82B00BA2 		.ascii	"\202\260\013\242\367\307\356\275\347\234\231o\346\373"
ARM GAS  /tmp/ccAw26yY.s 			page 3


  49      F7C7EEBD 
  49      E79C996F 
  49      E6FB
  50 0069 E6CCA84C 		.ascii	"\346\314\250L\177\266\330\030\373\000\030\233\211\357"
  50      7FB6D818 
  50      FB00189B 
  50      89EF
  51 0077 6062A0AC 		.ascii	"`b\240\254;\313X\216UQx\255\223\011\273z\372-&\0228"
  51      3BCB588E 
  51      555178AD 
  51      9309BB7A 
  51      FA2D2612 
  52 008c A8FAB20A 		.ascii	"\250\372\262\012@/\302\012,[\341*d\303\337J\277\002"
  52      402FC20A 
  52      2C5BE12A 
  52      64C3DF4A 
  52      BF02
  53 009e 8DF915A5 		.ascii	"\215\371\025\245\374/%\310\031\250\370\331wf\363\365"
  53      FC2F25C8 
  53      19A8F8D9 
  53      7766F3F5 
  54 00ae 24FA0448 		.ascii	"$\372\004H\301\317\256\320\252;\352\324m\002\237\366"
  54      C1CFAED0 
  54      AA3BEAD4 
  54      6D029FF6 
  55 00be EE5BB38A 		.ascii	"\356[\263\212\267\207\325 W\330\200\302`;L\204m0\221"
  55      B787D520 
  55      57D880C2 
  55      603B4C84 
  55      6D3091
  56 00d1 B077C054 		.ascii	"\260w\300T<{\262\373\321y\007\237\016\014\337K\267\265"
  56      3C7BB2FB 
  56      D179079F 
  56      0E0CDF4B 
  56      B7B5
  57 00e3 97DBA66C 		.ascii	"\227\333\246l\025\"W\210\373\013\205-\3109\354\004>"
  57      15225788 
  57      FB0B852D 
  57      C839EC04 
  57      3E
  58 00f4 DC0E9718 		.ascii	"\334\016\227\030\354\202)x\272\276\"tI\3453\245e\341"
  58      EC822978 
  58      BABE2274 
  58      49E533A5 
  58      65E1
  59 0106 AD9E6627 		.ascii	"\255\236f'Y\342S\342&K\005v\307Z\342\307\036\230B\307"
  59      59E253E2 
  59      264B0576 
  59      C75AE2C7 
  59      1E9842C7 
  60 011a EBA3071A 		.ascii	"\353\243\007\032\354|\2264\335}\247\346\2219\365\007"
  60      EC7C9634 
  60      DD7DA7E6 
  60      9139F507 
  61 012a 020DF7D5 		.ascii	"\002\015\367\325&\025\213p~\012\001\357\035iN\017\236"
  61      26158B70 
  61      7E0A01EF 
ARM GAS  /tmp/ccAw26yY.s 			page 4


  61      1D694E0F 
  61      9E
  62 013b EEAC8C6E 		.ascii	"\356\254\214nH4\347\023N\012\354\203\324\002\316(/L"
  62      4834E713 
  62      4E0AEC83 
  62      D402CE28 
  62      2F4C
  63 014d A702CCC8 		.ascii	"\247\002\314\310*\320\342\276\271a10\220'\302m\346+"
  63      2AD0E2BE 
  63      B9613130 
  63      9027C26D 
  63      E62B
  64 015f 0FEE5927 		.ascii	"\017\356Y'`\310\270j\002\202\267\000\205o\305pT;\376"
  64      60C8B86A 
  64      0282B700 
  64      856FC570 
  64      543BFE
  65 0172 98126550 		.ascii	"\230\022ePN\231\030\273\213\236\210\356>E\241\177\036"
  65      4E9918BB 
  65      8B9E88EE 
  65      3E45A17F 
  65      1E
  66 0183 81DCAACA 		.ascii	"\201\334\252\312\326FN\316\3638G\374\215\301\343\015"
  66      D6464ECE 
  66      F33847FC 
  66      8DC1E30D 
  67 0193 1662DA2C 		.ascii	"\026b\332,\203\017\205n\267X\262\373\305\032!\222q\255"
  67      830F856E 
  67      B758B2FB 
  67      C51A2192 
  67      71AD
  68 01a5 80838CF2 		.ascii	"\200\203\214\362f}\323I{\031|\227#\344\272\005\366\243"
  68      667DD349 
  68      7B197C97 
  68      23E4BA05 
  68      F6A3
  69 01b7 70959405 		.ascii	"p\225\224\005n~}\250\242\300\252\355\221\\}\022\344"
  69      6E7E7DA8 
  69      A2C0AAED 
  69      915C7D12 
  69      E4
  70 01c8 56F811CA 		.ascii	"V\370\021\312 \252\030\011\326\254m,\267j\257\020\003"
  70      20AA1809 
  70      D6AC6D2C 
  70      B76AAF10 
  70      03
  71 01d9 07408B2A 		.ascii	"\007@\213*@\271\035\004\215uB\256xCf\211\271`0\264\220"
  71      40B91D04 
  71      8D7542AE 
  71      78436689 
  71      B96030B4 
  72 01ee 4C163D47 		.ascii	"L\026=GV_\004\376\246\214\347`us\221]'\263}\303\252"
  72      565F04FE 
  72      A68CE760 
  72      7573915D 
  72      27B37DC3 
  73 0203 8F8B9BBB 		.ascii	"\217\213\233\273\204\370V@\220\333\340\247x>\341gHE"
ARM GAS  /tmp/ccAw26yY.s 			page 5


  73      84F85640 
  73      90DBE0A7 
  73      783EE167 
  73      4845
  74 0215 A3D537C4 		.ascii	"\243\3257\304Q\225r\262A\012\034\302\275\036\310\355"
  74      519572B2 
  74      410A1CC2 
  74      BD1EC8ED 
  75 0225 DCF465FD 		.ascii	"\334\364e\375\314\221|\207\013\256\201\244y@\201\030"
  75      CC917C87 
  75      0BAE81A4 
  75      79408118 
  76 0235 29C21DA5 		.ascii	")\302\035\245\017\250\226C\264\251\304n\356X[\005/\022"
  76      0FA89643 
  76      B4A9C46E 
  76      EE585B05 
  76      2F12
  77 0247 16832A3A 		.ascii	"\026\203*:\300c\205dp\030\314\030\316\021\222\020\330"
  77      C0638564 
  77      7018CC18 
  77      CE119210 
  77      D8
  78 0258 43C0FDEF 		.ascii	"C\300\375\357\313\366?\260O^\253\224\211\",\007;\231"
  78      CBF63FB0 
  78      4F5EAB94 
  78      89222C07 
  78      3B99
  79 026a ECB97E58 		.ascii	"\354\271~XXU$\012\216\302dI\326\335\333\027[\024\\\201"
  79      5855240A 
  79      8EC26449 
  79      D6DDDB17 
  79      5B145C81 
  80 027e 6A5065E4 		.ascii	"jPe\344\014~\221\027b{\365\211\356\204\311\337\030\326"
  80      0C7E9117 
  80      627BF589 
  80      EE84C9DF 
  80      18D6
  81 0290 0E3AFBE7 		.ascii	"\016:\373\347\336\375M\016i\035&k8\006*R\250H\022\030"
  81      DEFD4D0E 
  81      691D266B 
  81      38062A52 
  81      A8481218 
  82 02a4 43A53787 		.ascii	"C\2457\207n\224|D\371\015\227\231\313T\357\327\235^"
  82      6E947C44 
  82      F90D9799 
  82      CB54EFD7 
  82      9D5E
  83 02b6 9360E829 		.ascii	"\223`\350)\022\203<\001\371\207\343\206\236[\273r\367"
  83      12833C01 
  83      F987E386 
  83      9E5BBB72 
  83      F7
  84 02c7 5A48B144 		.ascii	"ZH\261D8!\225Tt%/\254\023E`\350<\203.\304I\322\223\023"
  84      38219554 
  84      74252FAC 
  84      134560E8 
  84      3C832EC4 
ARM GAS  /tmp/ccAw26yY.s 			page 6


  85 02df EF35A0E5 		.ascii	"\3575\240\345q\023\201\376\267\372\237\022\263^^\326"
  85      711381FE 
  85      B7FA9F12 
  85      B35E5ED6 
  86 02ef 61402031 		.ascii	"a@ 1,\361\030IP+1T\035\243\245\374X\271#\373\013,f\250"
  86      2CF11849 
  86      502B3154 
  86      1DA3A5FC 
  86      58B923FB 
  87 0307 C31A6170 		.ascii	"\303\032ap\012\262)+#\215\234]%\245\011\306\335j\253"
  87      0AB2292B 
  87      238D9C5D 
  87      25A509C6 
  87      DD6AAB
  88 031a E543776B 		.ascii	"\345Cwk\347(\265\360\353PU\205\373k\301p\320Zr-j\343"
  88      E728B5F0 
  88      EB505585 
  88      FB6BC170 
  88      D05A722D 
  89 0330 9B74C14F 		.ascii	"\233t\301O\004\217\345Z\342\274\251pz\024o\277\2217"
  89      048FE55A 
  89      E2BCA970 
  89      7A146FBF 
  89      9137
  90 0342 ABA4F5DF 		.ascii	"\253\244\365\337\253\007B\253&\305\324\304Wm\323\351"
  90      AB0742AB 
  90      26C5D4C4 
  90      576DD3E9 
  91 0352 0CA11A35 		.ascii	"\014\241\0325\245\306WE\275\254\21232\222\341\022$\217"
  91      A5C65745 
  91      BDAC8A33 
  91      3292E112 
  91      248F
  92 0364 AA8064BA 		.ascii	"\252\200d\272\375\376yw\261\235x:+y2\351^b\344\230M"
  92      FDFE7977 
  92      B19D783A 
  92      2B7932E9 
  92      5E62E498 
  93 0379 2434901C 		.ascii	"$4\220\034f}\037\316\221\"2\336\252\312H\361F \324<"
  93      667D1FCE 
  93      912232DE 
  93      AACA48F1 
  93      4620D43C 
  94 038d EE44BB48 		.ascii	"\356D\273Ha\316\000P)\250\3602~65\234)r<\216#\211Tj"
  94      61CE0050 
  94      29A8F032 
  94      7E36359C 
  94      29723C8E 
  95 03a5 34E2E839 		.ascii	"4\342\3509U\330\313\365\273{^\242[\014\357\027P\033"
  95      55D8CBF5 
  95      BB7B5EA2 
  95      5B0CEF17 
  95      501B
  96 03b7 74BD71CB 		.ascii	"t\275q\313\244g\313F8(\223\213\343e\322D\231\014b\375"
  96      A467CB46 
  96      3828938B 
  96      E365D244 
ARM GAS  /tmp/ccAw26yY.s 			page 7


  96      990C62FD 
  97 03cb 4E993825 		.ascii	"N\2318%\363}\221\342\317\307\004t\216\012\230N\200\227"
  97      F37D91E2 
  97      CFC70474 
  97      8E0A984E 
  97      8097
  98 03dd 9E00B894 		.ascii	"\236\000\270\224\000\233\207Sw\231\000\271\004\254\354"
  98      009B8753 
  98      779900B9 
  98      04ACEC
  99 03ec 19021C9F 		.ascii	"\031\002\034\237'\335_\"\371\2732\202\255\026\335!V"
  99      27DD5F22 
  99      F9BB3282 
  99      AD16DD21 
  99      56
 100 03fd 627BCD1F 		.ascii	"b{\315\037/\310\226Ge2X\327T7\362\302V\365\265\2557"
 100      2FC89647 
 100      653258D7 
 100      5437F2C2 
 100      56F5B5AD 
 101 0412 5AB3FD69 		.ascii	"Z\263\375i\356\216\023Z%\216\225\012\364*J\322\001\371"
 101      EE8E135A 
 101      258E950A 
 101      F42A4AD2 
 101      01F9
 102 0424 57F25E7A 		.ascii	"W\362^z\354\241\2775'\252\220\324&H\202kF)\367\341\225"
 102      ECA1BF35 
 102      27AA90D4 
 102      2648826B 
 102      4629F7E1 
 103 0439 AD75F25E 		.ascii	"\255u\362^\310\017\257\257\223\001\3047\376\344\001"
 103      C80FAFAF 
 103      9301C437 
 103      FEE401
 104 0448 648B411B 		.ascii	"d\213A\033^>D\016\362\347\244\235*g\010\031n\250\203"
 104      5E3E440E 
 104      F2E7A49D 
 104      2A670819 
 104      6EA883
 105 045b D10D9F1F 		.ascii	"\321\015\237\037P\250\304\333\321\020\367\036\366\026"
 105      50A8C4DB 
 105      D110F71E 
 105      F616
 106 0469 5E061D3F 		.ascii	"^\006\035?\001:`b\220O\320\363\354^\252\007\231\030"
 106      013A6062 
 106      904FD0F3 
 106      EC5EAA07 
 106      9918
 107 047b DB8B66B3 		.ascii	"\333\213f\263\261\233Q\347X\315\350mjF\327IB\0331\321"
 107      B19B51E7 
 107      58CDE86D 
 107      6A46D749 
 107      421B31D1 
 108 048f 650C17A7 		.ascii	"e\014\027\247$\027\207!\342\014\015\227\221\003\305"
 108      24178721 
 108      E20C0D97 
 108      9103C5
ARM GAS  /tmp/ccAw26yY.s 			page 8


 109 049e 3BDE40E9 		.ascii	";\336@\351\226\003e\250{\332\260\235G\2360P\"\203\003"
 109      960365A8 
 109      7BDAB09D 
 109      479E3050 
 109      228303
 110 04b1 C5127FF9 		.ascii	"\305\022\177\371{\350\362\307\215\2312*\220^2\261\306"
 110      7BE8F2C7 
 110      8D99322A 
 110      905E32B1 
 110      C6
 111 04c2 8F99AB38 		.ascii	"\217\231\2538f\272\251\241\334\030c\314\334\224\015"
 111      66BAA9A1 
 111      DC1863CC 
 111      DC940D
 112 04d1 E5D6B031 		.ascii	"\345\326\2601\023-\353\250v\014N\220\210\234 \267\345"
 112      132DEBA8 
 112      760C4E90 
 112      889C20B7 
 112      E5
 113 04e2 04891D17 		.ascii	"\004\211\035\027w\006\307\005\001\260\233T\233\367\316"
 113      7706C705 
 113      01B09B54 
 113      9BF7CE
 114 04f1 81210BE5 		.ascii	"\201!\013\345~\027\233$\352\215\026\323\264\014\237"
 114      7E179B24 
 114      EA8D16D3 
 114      B40C9F
 115 0500 D7AD05DC 		.ascii	"\327\255\005\334\213=^\3553\237\377S\317\222E\332\234"
 115      8B3D5EED 
 115      339FFF53 
 115      CF9245DA 
 115      9C
 116 0511 0CCF02CF 		.ascii	"\014\317\002\317\207\351\232/\240\371\263\264\200\337"
 116      87E99A2F 
 116      A0F9B3B4 
 116      80DF
 117 051f A5B932BC 		.ascii	"\245\2712\274\201E\323\\L\311\312\344\370\306]Y\231"
 117      8145D35C 
 117      4CC9CAE4 
 117      F8C65D59 
 117      99
 118 0530 A6E5F317 		.ascii	"\246\345\363\027/s\2773\216\275\313\347\365\372\226"
 118      2F73BF33 
 118      8EBDCBE7 
 118      F5FA96
 119 053f 68993E7F 		.ascii	"h\231>\177V@{wn\332\234\264\025\350\314\345\363\273"
 119      56407B77 
 119      6EDA9CB4 
 119      15E8CCE5 
 119      F3BB
 120 0551 E72D7FDD 		.ascii	"\347-\177\335;-\203\275\367t\016\334+\262\2649i\351"
 120      3B2D83BD 
 120      F7740EDC 
 120      2BB2B439 
 120      69E9
 121 0563 EFA76B9E 		.ascii	"\357\247k\236%\256\305\313\026\2725\2277\340\011\314"
 121      25AEC5CB 
ARM GAS  /tmp/ccAw26yY.s 			page 9


 121      16BA3597 
 121      37E009CC 
 122 0573 5BE472A1 		.ascii	"[\344r\241\223\327\306\317b\310,#\2602\200&\311i\351"
 122      93D7C6CF 
 122      62C82C23 
 122      B0328026 
 122      C969E9
 123 0586 735316CC 		.ascii	"sS\026\314\017\2703\375\236\227SR_e\212\237Y\274n\257"
 123      0FB833FD 
 123      9E975352 
 123      5F658A9F 
 123      59BC6EAF 
 124 059a CFBF92F1 		.ascii	"\317\277\222\361\254\245\2313\236\311\245+c!\372\374"
 124      ACA59933 
 124      9EC9A52B 
 124      6321FAFC 
 125 05aa 1F9576AF 		.ascii	"\037\225v\257\002"
 125      02
 126              		.text
 127              		.section	.gnu.lto_chMsgWait.b24f5e5a290c5e94,"",%progbits
 128 0000 789C9555 		.ascii	"x\234\225U_LSg\024\377\316\375n{\013-\214\347\205\007"
 128      5F4C5367 
 128      14FFCEFD 
 128      6E7B0B2D 
 128      8CE78507 
 129 0014 7CE0C144 		.ascii	"|\340\301D\275\272\271,\313^\266\270\207\355\201-\221"
 129      BDBAB92C 
 129      CB5EB6B8 
 129      87ED812D 
 129      91
 130 0025 2C5BB207 		.ascii	",[\262\007\243\265\261\315\254\305\026\235\306\007\276"
 130      A3B5B1CD 
 130      ACC5169D 
 130      C607BE
 131 0034 163A245B 		.ascii	"\026:$[\026]\234\001\3214\376\213:\347\037\234n\002"
 131      165D9C01 
 131      D134FE8B 
 131      3AE71F9C 
 131      6E02
 132 0046 8A45509C 		.ascii	"\212EP\234\242\014\204M\305) \210 1\260I\324m\264;\347"
 132      A20C844D 
 132      C5292088 
 132      2031B049 
 132      D46DB43B 
 133 005b BBB728B7 		.ascii	"\273\267(\267L\245\017\267\367\273\337w\316\371\235"
 133      4CA50FB7 
 133      F7BBDF77 
 133      CEF99D
 134 006a DFF99DEF 		.ascii	"\337\371\235\357\250\314\370\355\314`l=0\366\006\276"
 134      A8CCF8ED 
 134      CC606C3D 
 134      30F606BE 
 135 007a 838D81B2 		.ascii	"\203\215\201\262\351\012ca\207\242\360q\215\211L\265"
 135      E90A6361 
 135      87A2F071 
 135      8D894CB5 
 136 008a FA3C63C2 		.ascii	"\372<c\302\305A5\276\253\000\364\"\034\300J\024\256"
ARM GAS  /tmp/ccAw26yY.s 			page 10


 136      C54135BE 
 136      AB00F422 
 136      1CC04A14 
 136      AE
 137 009b 42098C2B 		.ascii	"B\011\214+\023\012\264\227\035\335\316\037*Q\316@\305"
 137      130AB497 
 137      1DDDCE1F 
 137      2A51CE40 
 137      C5
 138 00ac E5D8E56D 		.ascii	"\345\330\345mw\262i\011\220\207\313j\321Q\241\315\336"
 138      77B26909 
 138      9087CB6A 
 138      D151A1CD 
 138      DE
 139 00bd 274444F4 		.ascii	"'DD\364\014\374\363\351\346\322\350\373Q\256\260\244"
 139      0CFCF3E9 
 139      E6D2E8FB 
 139      51AEB0A4 
 140 00cd C2603FE4 		.ascii	"\302`?\344\302>\310\245\340\007`6\303\303\315\003\377"
 140      C23EC8A5 
 140      E0076036 
 140      C3C3CD03 
 140      FF
 141 00de 7638F902 		.ascii	"v8\371\002\240\367\360\301\352\355\256\374\335d\030"
 141      A0F7F0C1 
 141      EAEDAEFC 
 141      DD6418
 142 00ed 1F6BC9AE 		.ascii	"\037k\311\256\022\361\262<\264\204\357\201O5ft\272\257"
 142      12F1B23C 
 142      B484EF81 
 142      4F356674 
 142      BAAF
 143 00ff 26F15D96 		.ascii	"&\361]\226\275L\340/\017\016B>\005@\277?\200\035\363"
 143      BD4CE02F 
 143      0F0E423E 
 143      0540BF3F 
 143      801DF3
 144 0112 03FA7264 		.ascii	"\003\372rdq\\$\223\245\"~[\253\177\274+#\2073\364\246"
 144      715C2493 
 144      A5227E5B 
 144      AB7FBC2B 
 144      238733F4 
 145 0127 D2C3460F 		.ascii	"\322\303F\017\215\036\016|p'\243\343.zel\024\335P\322"
 145      8D1E0E7C 
 145      7027A3E3 
 145      2E7A656C 
 145      14DD50D2 
 146 013b 638A42FF 		.ascii	"c\212B\377\274\017\"9\024o\360Ty'\360\205\022\351\211"
 146      BC0F2239 
 146      146FF054 
 146      7927F085 
 146      12E989
 147 014e 866B9599 		.ascii	"\206k\225\231\006\322\236\361\003\005\215{\277\024\233"
 147      06D29EF1 
 147      03058D7B 
 147      BF149B
 148 015d C28E2832 		.ascii	"\302\216(2t(\035+\034\206|\264)\037\022\247UbI\205<"
ARM GAS  /tmp/ccAw26yY.s 			page 11


 148      74281D2B 
 148      1C867CB4 
 148      291F12A7 
 148      55624985 
 149 0172 38827B83 		.ascii	"8\202{\203\020\351{T\336\272pj.\361\212\011\220Y$\025"
 149      10E97B54 
 149      DEBA706A 
 149      2EF18A09 
 149      90592415 
 150 0186 B0A419DF 		.ascii	"\260\244\031\337\271\3751\025\355(m*\326\315\241\253"
 150      B9FD3115 
 150      ED286D2A 
 150      D6CDA1AB 
 151 0196 D500148B 		.ascii	"\325\000\024\213A\015\035\340V\222\030\034\003;\302"
 151      410D1DE0 
 151      5692181C 
 151      033BC2
 152 01a5 F9911802 		.ascii	"\371\221\030\002\366\027\340\376\256\330\261\307\231"
 152      F617E0FE 
 152      AED8B1C7 
 152      99
 153 01b2 B3CA9498 		.ascii	"\263\312\224\230\250D\252mdr\350N\275p\250H\002\034"
 153      A844AA6D 
 153      6472E84E 
 153      BD70A848 
 153      021C
 154 01c4 875992E9 		.ascii	"\207Y\222\351\321\221\316n\005\277\300\011P%r\006?\311"
 154      D191CE6E 
 154      05BFC009 
 154      50257206 
 154      3FC9
 155 01d6 C2EF6F68 		.ascii	"\302\357oh\032p\315*7\255\355t\366\317\303\307\272\234"
 155      1A70CD2A 
 155      37ADED74 
 155      F6CFC3C7 
 155      BA9C
 156 01e8 D2FA67B2 		.ascii	"\322\372g\262\206\223\240\262>P$\011\214\335\205H]\355"
 156      8693A0B2 
 156      3E502409 
 156      8CDD8548 
 156      5DED
 157 01fa F5D87CCA 		.ascii	"\365\330|\312\257\224\223\213\255\321\263m\032\261\242"
 157      AF94938B 
 157      ADD1B36D 
 157      1AB1A2
 158 0209 C96C6B6B 		.ascii	"\311lkkG\272\265\222\011\261Q\210\034\374V\301\215Z"
 158      47BAB592 
 158      09B15188 
 158      1CFC56C1 
 158      8D5A
 159 021b 0FB77635 		.ascii	"\017\267v5g\306`GX\310\357\016\250C)\326\022\022\334"
 159      67C66047 
 159      58C8EF0E 
 159      A84329D6 
 159      1212DC
 160 022e FCE6E4D1 		.ascii	"\374\346\344\321\012\207~\210r\024\253\243<\003\352"
 160      0A877E88 
ARM GAS  /tmp/ccAw26yY.s 			page 12


 160      7214ABA3 
 160      3C03EA
 161 023d 210609C5 		.ascii	"!\006\011\305\224\311\271\257\333\367\244v\027\220\232"
 161      94C9B9AF 
 161      DBF7A476 
 161      17909A
 162 024c 4E819E40 		.ascii	"N\201\236@j\021\333i\320\011\033\201\261\250\357vK\326"
 162      6A11DB69 
 162      D0091B81 
 162      B1A8EF76 
 162      4BD6
 163 025e F3D4070D 		.ascii	"\363\324\007\015\220\217\360e:O\332\216\237x\010\226"
 163      908FF065 
 163      3A4FDA8E 
 163      9F780896 
 164 026e 5A5C9A08 		.ascii	"Z\\\232\010c-\032\250\026\262\222jz-\316\310Z\304\211"
 164      632D1AA8 
 164      16B2926A 
 164      7A2DCEC8 
 164      5AC489
 165 0281 07DBB33C 		.ascii	"\007\333\263<\030U\177\324rq\243\353i\302\231\030\015"
 165      18557FD4 
 165      7271A3EB 
 165      69C29918 
 165      0D
 166 0292 1ACD7CF7 		.ascii	"\032\315|\367\366G\016kFF=g:>\256\261E\271\023\316\312"
 166      F6470E6B 
 166      46463D67 
 166      3A3EAEB1 
 166      45B913CE 
 167 02a7 9C15C32F 		.ascii	"\234\025\303/\036\272\272IT\202\231\366\006\362\332"
 167      1EBABA49 
 167      548299F6 
 167      06F2DA
 168 02b6 44697363 		.ascii	"Disc\037\2321s\004\377wy\247\335\200\340z\371\230\242"
 168      1F9A3173 
 168      04FF7779 
 168      A7DD80E0 
 168      7AF998A2 
 169 02ca 1B28E039 		.ascii	"\033(\3409K\300\356=\215{\234X9\372u\341\011\016\347"
 169      4BC0EE3D 
 169      8D7B9C58 
 169      39FA75E1 
 169      090EE7
 170 02dd 4137A2B5 		.ascii	"A7\242\265@\011\362\034\351\031H\304A\366'\021\303z"
 170      4009F21C 
 170      E91948C4 
 170      41F62711 
 170      C37A
 171 02ef A1EC46E9 		.ascii	"\241\354F\351\253\206\022l\210@2;\206\020\3075~\017"
 171      AB86126C 
 171      8840323B 
 171      8610C735 
 171      7E0F
 172 0301 CAE24F5A 		.ascii	"\312\342OZde\322U\341Jb\3772\270\200^qo\342f8\241\020"
 172      6465D255 
 172      E14A62FF 
ARM GAS  /tmp/ccAw26yY.s 			page 13


 172      32B8805E 
 172      716FE266 
 173 0318 7159900D 		.ascii	"qY\220\015\277@n\224gK?\252l^\252PM\262F3\302h3P\330"
 173      BF406E94 
 173      674B3FAA 
 173      6C5EAA50 
 173      4DB24633 
 174 0331 C53485CD 		.ascii	"\3054\205\315%m]J\327\326\\\242\267uRU\227S\3346\203"
 174      256D5D4A 
 174      D7D65CA2 
 174      B7755255 
 174      9753DC36 
 175 0346 11D561E1 		.ascii	"\021\325a\341Vl\006&\351\325,\364\316%^\257\230\274"
 175      566C0626 
 175      E9D52CF4 
 175      CE255EAF 
 175      98BC
 176 0358 322BA90B 		.ascii	"2+\251\013\210\3236t\316\340WIhJ\2707\253o%2\370YC8"
 176      88D33674 
 176      CEE05749 
 176      684AB837 
 176      AB6F2532 
 177 0370 4DD1C688 		.ascii	"M\321\306\210\226\246b\016\355\323\250\270\203T\354"
 177      96A6620E 
 177      EDD3A8B8 
 177      8354EC
 178 037f 309AB265 		.ascii	"0\232\262eo\375\371l\213\212\277J.\2453\246\206\355"
 178      6FFDF96C 
 178      8B8ABF4A 
 178      2EA533A6 
 178      86ED
 179 0391 962BBA67 		.ascii	"\226+\272g\307V\177U]\277\020\337\012x\311[\272\223"
 179      C7567F55 
 179      5DBF10DF 
 179      0A78C95B 
 179      BA93
 180 03a3 9C5D95C2 		.ascii	"\234]\225\302\357\"f\234x\340\356\226p\022\250~\034"
 180      EF22669C 
 180      78E0EE96 
 180      7012A87E 
 180      1C
 181 03b4 E6E0B2AB 		.ascii	"\346\340\262\253\355r\245\363i\035\234\304\322o&K\203"
 181      ED72A5F3 
 181      691D9CC4 
 181      D26F264B 
 181      83
 182 03c5 17B6DCE3 		.ascii	"\027\266\334\343\246\010?\243\220\277K\256\270\341\023"
 182      A6083FA3 
 182      90BF4BAE 
 182      B8E113
 183 03d4 AEC9768E 		.ascii	"\256\311v\216\210\267\3119\305\302\0002\271\232\007"
 183      88B7C939 
 183      C5C20032 
 183      B99A07
 184 03e3 55956044 		.ascii	"U\225`D\344\323\352\3349\255\3167P9\256\313\020\252"
 184      E4D3EADC 
 184      39ADCE37 
ARM GAS  /tmp/ccAw26yY.s 			page 14


 184      5039AECB 
 184      10AA
 185 03f5 11C2D257 		.ascii	"\021\302\322WU2\357\033fcI\014\335F\361\267\366\346"
 185      5532EF1B 
 185      6663490C 
 185      DD46F1B7 
 185      F6E6
 186 0407 52BC19E4 		.ascii	"R\274\031\344\223E\256nN\311\347\017\320\0210\271\333"
 186      9345AE6E 
 186      4EC9E70F 
 186      D01130B9 
 186      DB
 187 0418 36F6A02A 		.ascii	"6\366\240*h:LG\317\247E\377\026\241\277\365\034\364"
 187      683A4C47 
 187      CFA745FF 
 187      16A1BFF5 
 187      1CF4
 188 042a 9F50C4DB 		.ascii	"\237P\304\333\004\336f\006\354\241\200\016\331\252\347"
 188      04DE6606 
 188      ECA1800E 
 188      D9AAE7
 189 0439 92F28E96 		.ascii	"\222\362\216\226\345OIM\226orq\320\274\317\037\216&"
 189      E54F494D 
 189      966F7271 
 189      D0BCCF1F 
 189      8E26
 190 044b DBB9A9C4 		.ascii	"\333\271\251\304)*wNK-j\374\025\350\225\260\354\244"
 190      292A774E 
 190      4B2D6AFC 
 190      15E895B0 
 190      ECA4
 191 045d C13ED071 		.ascii	"\301>\320qo\367pm\223\315h\342,\270\203\006\251\241"
 191      6FF7706D 
 191      93CD68E2 
 191      2CB88306 
 191      A9A1
 192 046f 3B65D00E 		.ascii	";e\320\016}\370\202A\333/\007\355\344U\252\342\230\033"
 192      7DF88241 
 192      DB2F07ED 
 192      E455AAE2 
 192      981B
 193 0481 78CEA06D 		.ascii	"x\316\240mVLik\351\327\363]Ri\332\370\215\021M\203d"
 193      564C696B 
 193      E9D7F35D 
 193      5269DAF8 
 193      8D114D83 
 194 0496 E2481BBF 		.ascii	"\342H\033\277\367w\340\225\337O\012\277\367?\343wH*"
 194      F777E095 
 194      DF4F0ABF 
 194      F73FE377 
 194      482A
 195 04a8 7FF899F1 		.ascii	"\177\370\231\361\233\210\36568S\223u@N\326\373r\262"
 195      9B88F536 
 195      38539375 
 195      404ED6FB 
 195      72B2
 196 04ba 5AC7E848 		.ascii	"Z\307\350Hj\214R\0006L\025\332\325n\336/N\312}\024\333"
ARM GAS  /tmp/ccAw26yY.s 			page 15


 196      6A8C5200 
 196      364C15DA 
 196      D56EDE2F 
 196      4ECA7D14 
 197 04cf 1F2F3CB4 		.ascii	"\037/<\264\230\247{\003~\217\036\362\254\364\371\365"
 197      98A77B03 
 197      7E8F1EF2 
 197      ACF4F9F5 
 198 04df 2F02C1CF 		.ascii	"/\002\301\317}\253V\350\213\274\276e\276\217\012\365"
 198      7DAB56E8 
 198      8BBCBE65 
 198      BE8F0AF5 
 199 04ef 40480F16 		.ascii	"@H\017\026\353\241\240[w{\375\241\025\363\334L).\262"
 199      EBA1A05B 
 199      777BFDA1 
 199      15F3DC4C 
 199      292EB2
 200 0502 AD5DBA72 		.ascii	"\255]\272r\215\347\235\027\330\271\003~\177`\225^\024"
 200      8DE79D17 
 200      D8B9037E 
 200      7F60955E 
 200      14
 201 0513 081687F4 		.ascii	"\010\026\207\364w\027\027,*X\207N\334\201\240g\311\332"
 201      7717172C 
 201      2A58874E 
 201      DC81A067 
 201      C9DA
 202 0525 37FDF3BC 		.ascii	"7\375\363\274\354\275\227s\340YW\254/*(\374\240P\367"
 202      ECBD9773 
 202      E05957AC 
 202      2F2A28FC 
 202      A050F7
 203 0538 AD72AF5C 		.ascii	"\255r\257\\\263\334\243\273\375!_h\311\012\267\033\235"
 203      B3DCA3BB 
 203      FD215F68 
 203      C90AB71B 
 203      9D
 204 0549 BCF662F4 		.ascii	"\274\366b\364\223f\336\320\372\020\232\344\024\024."
 204      9366DED0 
 204      FA109AE4 
 204      14142E
 205 0558 CE5BB634 		.ascii	"\316[\2664\344)\012\372\346\344\345\317gJ\220i~\217"
 205      E4290AFA 
 205      E6E4E5CF 
 205      674A9069 
 205      7E8F
 206 056a 3F105C3F 		.ascii	"?\020\\?3wD\210\227\361\342\325E\257\317\010\205\333"
 206      33774488 
 206      97F1E2D5 
 206      45AFCF08 
 206      85DB
 207 057c BB1CEDFE 		.ascii	"\273\034\355\376\003\336\365\312\003"
 207      03DEF5CA 
 207      03
 208              		.text
 209              		.section	.gnu.lto_chMsgRelease.b24f5e5a290c5e94,"",%progbits
 210 0000 789C9553 		.ascii	"x\234\225SIO\024[\024>\347\336\352\001q`\257\213f\321"
ARM GAS  /tmp/ccAw26yY.s 			page 16


 210      494F145B 
 210      143EE7DE 
 210      EA017160 
 210      AF8B66D1 
 211 0014 21268612 		.ascii	"!&\206\022c\242\313g\320\305[\3643\201\037`\264\254"
 211      63A2CB67 
 211      D0C55BF4 
 211      33811F60 
 211      B4AC
 212 0026 D01D299A 		.ascii	"\320\035)\232t\341\264\342\202\2248l\\\210q\300t\034"
 212      74E1B4E2 
 212      8294386C 
 212      5C8871C0 
 212      741C
 213 0038 0828A280 		.ascii	"\010(\242\200c\013b\201\263q\210\200\017\0237-\006q"
 213      630B6281 
 213      B3718880 
 213      0F13372D 
 213      0671
 214 004a 5AE08BD3 		.ascii	"Z\340\213\323{Ol\317\275M\033\355\326\240w\323w8\337"
 214      7B4F6CCF 
 214      BD4D1BED 
 214      D6A077D3 
 214      7738DF
 215 005d 77CEF7F5 		.ascii	"w\316\367\365W\032\244W\223\006\260\002\001\346\322"
 215      571AA457 
 215      9306B002 
 215      01E6D2
 216 006c 1E3920DB 		.ascii	"\0369 \333u\017\240\316\317\020\345F\370\021j\031\326"
 216      750FA0CE 
 216      CF10E546 
 216      F8116A19 
 216      D6
 217 007d E23B36C9 		.ascii	"\342;6\311p\240\361Y\202\315o\025\264\222c\255%\242"
 217      70A0F159 
 217      82CD6F15 
 217      B49263AD 
 217      25A2
 218 008f CD458703 		.ascii	"\315E\207\003\244X\232\012[q>U=h\350l\346o\231\303\021"
 218      A4589A0A 
 218      5B713E55 
 218      3D68E86C 
 218      E66F99C3 
 219 00a4 353ABEB9 		.ascii	"5:\276\271\273\377\351lyd\030\240\343\325\261O\203\371"
 219      BBFFE96C 
 219      796418A0 
 219      E3D5B14F 
 219      83F9
 220 00b6 BC0481F6 		.ascii	"\274\004\201\366\315\255\311\243yE-B\324\013\361\377"
 220      CDADC9A3 
 220      79452D42 
 220      D40BF1FF 
 221 00c6 5A91E770 		.ascii	"Z\221\347p\216\307\221\023\037\036\303y\330\206\363"
 221      8EC79113 
 221      1F1EC379 
 221      D886F3
 222 00d5 80AE00DB 		.ascii	"\200\256\000\333\261\210\252\357t&F4\276X!w\277\032"
ARM GAS  /tmp/ccAw26yY.s 			page 17


 222      B188AAEF 
 222      74264634 
 222      BE582177 
 222      BF1A
 223 00e7 7F344722 		.ascii	"\1774G\"i\305M\211\324\360D6R\003\354\300\"Y>\332\365"
 223      69C54D89 
 223      D4F04436 
 223      5203ECC0 
 223      22593EDA 
 224 00fc B96996B7 		.ascii	"\271i\226\267AV\007\266g&\306\223\350%\341p\252\314"
 224      415607B6 
 224      6726C693 
 224      E825E170 
 224      AACC
 225 010e 15A9D416 		.ascii	"\025\251\324\026!\022%\035A\037MM\3554TP\230\240B\351"
 225      2112251D 
 225      411F4D4D 
 225      ED345450 
 225      98A042E9 
 226 0122 C31BC6E4 		.ascii	"\303\033\306\344/\037\305\372\002I8\336\3338\214|\251"
 226      2F1FC5FA 
 226      024938DE 
 226      DB388C7C 
 226      A9
 227 0133 9AE56CDF 		.ascii	"\232\345l\337\243\2753\202G\244\212\344\344\261P\177"
 227      A3BD3382 
 227      47A48AE4 
 227      E4B1507F 
 228 0143 CB56B1AB 		.ascii	"\313V\261\253\316\357p\017\236\372~\"\345Q'\006\011"
 228      CEEF700F 
 228      9EFA7E22 
 228      E5512706 
 228      09
 229 0154 D3F8425C 		.ascii	"\323\370B\\\322\244)\036\014`\027\275\215c\375h\252"
 229      D2A4291E 
 229      0C6017BD 
 229      8D63FD68 
 229      AA
 230 0165 F1CEE2EF 		.ascii	"\361\316\342\357\207uo\01535g\212a\226\016\267\253\371"
 230      87756F0D 
 230      3335678A 
 230      61960EB7 
 230      ABF9
 231 0177 237A00BB 		.ascii	"#z\000\273\345#\313~\374w\350\000\242\354\005xZ\026"
 231      E523CB7E 
 231      FC77E800 
 231      A2EC0578 
 231      5A16
 232 0189 F06C1700 		.ascii	"\360l\027\000\317\240\227\3069+=@\370\200\364~8\336"
 232      CFA097C6 
 232      392B3D40 
 232      F880F47E 
 232      38DE
 233 019b FD7146E1 		.ascii	"\375qF\3416\026\027{\003\016\367JH\307\323\036\341\327"
 233      3616177B 
 233      030EF74A 
 233      48C7D31E 
ARM GAS  /tmp/ccAw26yY.s 			page 18


 233      E1D7
 234 01ad C8043C87 		.ascii	"\310\004<\207\205 o&^\017?ft\203\347QS\223\003^P\377"
 234      85206F26 
 234      5E0F3F66 
 234      7483E751 
 234      5393035E 
 235 01c3 735BDF95 		.ascii	"s[\337\225\261\231\205;\247\320>Y\373\317\311\356\207"
 235      B199853B 
 235      A7D03E59 
 235      FBCFC9EE 
 235      87
 236 01d4 F90A9D90 		.ascii	"\371\012\235\220h\274\210\032\214\"S&\000\355\352\223"
 236      68BC881A 
 236      8C225326 
 236      00EDEA93 
 237 01e4 478FA394 		.ascii	"G\217\243\224G\265u\355\007\232g\246]t/\357\340\373"
 237      47B575ED 
 237      079A67A6 
 237      5D742FEF 
 237      E0FB
 238 01f6 84DB10F8 		.ascii	"\204\333\020\370A\036\224\207=\030\334B\271 \002w\350"
 238      411E9487 
 238      3D18DC42 
 238      B9200277 
 238      E8
 239 0207 7686A0E9 		.ascii	"v\206\240\351\277\221C\371\222@|K\220\023\013E\320+"
 239      BF9143F9 
 239      92407C4B 
 239      90130B45 
 239      D02B
 240 0219 0934788E 		.ascii	"\0114x\216Nrd\360}I\266\351\017\231\254\220m\246\314"
 240      4E7264F0 
 240      7D49B6E9 
 240      0F99AC90 
 240      6DA6CC
 241 022c D772EDBB 		.ascii	"\327r\355\273\244\354\353CeS\"\361\372\261\257vRl\023"
 241      A4ECEB43 
 241      655322F1 
 241      FAB1AF76 
 241      526C13
 242 023f A2C0E1FE 		.ascii	"\242\300\341\376\024\363\250w\274\214\265@\223R/\207"
 242      14F3A877 
 242      BC8CB540 
 242      93522F87 
 243 024f E749E92A 		.ascii	"\347I\351*s=i\365\351C\357\224\025\0059Qz\361\3274Q"
 243      733D69F5 
 243      E943EF94 
 243      15053951 
 243      7AF1D734 
 244 0264 725594F6 		.ascii	"rU\224\3668\003\367}\351(\001\366\377<J\333\377\316"
 244      3803F77D 
 244      E92801F6 
 244      FF3C4ADB 
 244      FFCE
 245 0276 44C99BAB 		.ascii	"D\311\233\253f@\252\311\011X\\j\270\"!\276\234\200\275"
 245      6640AAC9 
 245      09585C6A 
ARM GAS  /tmp/ccAw26yY.s 			page 19


 245      B82221BE 
 245      9C80BD
 246 0289 3A480173 		.ascii	":H\001s\245CW\177\022\260k\312\241\353\337\004\354s"
 246      A543577F 
 246      12B06BCA 
 246      A1EBDF04 
 246      EC73
 247 029b FC495F7E 		.ascii	"\374I_~&;\375*;7Tv\262\203r3\023\024\331\000^RPZ\332"
 247      263BFD2A 
 247      3B375476 
 247      B2837233 
 247      1314D900 
 248 02b4 F3E4F04A 		.ascii	"\363\344\360J\370\004}\014\3641Ry\261\036\216Z\246n"
 248      F8047D0C 
 248      F4315279 
 248      B11E8E5A 
 248      A66E
 249 02c6 9B95114B 		.ascii	"\233\225\021K\337\030\215\255\213TU\350\245\341\310"
 249      DF188DAD 
 249      8B5455E8 
 249      A5E1C8
 250 02d5 9AC8CA72 		.ascii	"\232\310\312r=j\353\261\032\335\216\031\272\021\266"
 250      3D6AEBB1 
 250      1ADD8E19 
 250      BA11B6
 251 02e4 EC8A6203 		.ascii	"\354\212b\003XM5\247\235g\303\352\312\365\346\037\323"
 251      584D35A7 
 251      9D67C3EA 
 251      CAF5E61F 
 251      D3
 252 02f5 608DA865 		.ascii	"`\215\250eE\253\364\352h\254\306\326\227\225\205JC\233"
 252      45ABF4EA 
 252      68ACC6D6 
 252      9795854A 
 252      439B
 253 0307 88C888C6 		.ascii	"\210\310\210\306\314U\033\226X\305aX\376k\004\346\246"
 253      CC551B96 
 253      58C56158 
 253      FE6B04E6 
 253      A6
 254 0318 1ABD3454 		.ascii	"\032\2754T\376g\271\036\2512*\327\2575u\303\262#\366"
 254      FE67B91E 
 254      A9322AD7 
 254      AF3575C3 
 254      B223F6
 255 032b AA0AC320 		.ascii	"\252\012\303 \222E\323+\370\012\013\333\233m\202\024"
 255      9245D32B 
 255      F80A0BDB 
 255      9B6D8214 
 256 033b 84CACB02 		.ascii	"\204\312\313\002kV\333fu,\262 \020\\\010,\006>\313\264"
 256      6B56DB66 
 256      752CB220 
 256      105C082C 
 256      063ECBB4 
 257 034f A2B1CDBF 		.ascii	"\242\261\315\277G'M\011\303\027Lf\371\311"
 257      47274D09 
 257      C3174C66 
ARM GAS  /tmp/ccAw26yY.s 			page 20


 257      F9C9
 258              		.text
 259              		.section	.gnu.lto_.symbol_nodes.b24f5e5a290c5e94,"",%progbits
 260 0000 789C55CB 		.ascii	"x\234U\313=\012\302@\030\204\341w\366\333\365\0321'"
 260      3D0AC240 
 260      1884E177 
 260      F6DBF51A 
 260      3127
 261 0012 FDB6B0B3 		.ascii	"\375\266\260\263\021r\224\370\023B\312\240`\341\035"
 261      117294F8 
 261      1342CAA0 
 261      60E11D
 262 0021 04499533 		.ascii	"\004I\2253\210\253\225[\014\003\3170\021\350J\010\275"
 262      88AB955B 
 262      0C03CF30 
 262      11E84A08 
 262      BD
 263 0032 1C0E0F28 		.ascii	"\034\016\017(5\346\026\322Yl\277\313Q\256j\011'y\250"
 263      35E616D2 
 263      596CBFCB 
 263      51AE6A09 
 263      2779A8
 264 0045 4483DC7E 		.ascii	"D\203\334~\0029\227\227.\362X\301$O\377`$^\367\233\031"
 264      02399797 
 264      2EF258C1 
 264      244FFF60 
 264      245EF79B 
 265 005a 91DD7E6D 		.ascii	"\221\335~m,D\346\353\"\263\015\363\363->\370\321#\300"
 265      2C44E6EB 
 265      22B30DF3 
 265      F32D3EF8 
 265      D123C0
 266              		.text
 267              		.section	.gnu.lto_.refs.b24f5e5a290c5e94,"",%progbits
 268 0000 789C6361 		.ascii	"x\234ca``\340\003bF bdbb`da`\344f\000\000\001\342\000"
 268      6060E003 
 268      62462062 
 268      64626260 
 268      646160E4 
 269 001a 2B       		.ascii	"+"
 270              		.text
 271              		.section	.gnu.lto_.decls.b24f5e5a290c5e94,"",%progbits
 272 0000 789CB55A 		.ascii	"x\234\265ZiT\024Y\226\316\027/H2\223\004\034\265{\352"
 272      69541459 
 272      96CE172F 
 272      48329304 
 272      1CB57BEA 
 273 0014 073D5353 		.ascii	"\007=SS\207\352b~tQ\226=U=s\372\234\261\333\236\351"
 273      87EA627E 
 273      7451963D 
 273      553D73FA 
 273      9CB1DB9E 
 274 0029 AA99A96E 		.ascii	"\252\231\251n\273\354\352\356s\346\314d!\246B\027[e"
 274      BBECEAEE 
 274      73E6CC64 
 274      21A64217 
 274      5B65
ARM GAS  /tmp/ccAw26yY.s 			page 21


 275 003b A6DBAF4E 		.ascii	"\246\333\257N\026E\020\025De\021\024AE\004\024\005E"
 275      16451015 
 275      44651114 
 275      41450414 
 275      0545
 276 004d 364D1110 		.ascii	"6M\021\020A\020EA\\X\\p\227Uvd\356[2#2\215\324\252>"
 276      41104541 
 276      5C585C70 
 276      97557664 
 276      EE5B3223 
 277 0066 67A8BA66 		.ascii	"g\250\272f\274\210\373\356\375\356\032/^\204\250b\177"
 277      BC88FBEE 
 277      FDEE1A2F 
 277      5E84A862 
 277      7F
 278 0077 7FF7B14A 		.ascii	"\177\367\261J\365/\236*\325;\202J5\007\177\"\234\373"
 278      F52F9E2A 
 278      D53B824A 
 278      35077F22 
 278      9CFB
 279 0089 031002F2 		.ascii	"\003\020\002\362\343<j\240h8\021\007\224\000\264\025"
 279      E33C6AA0 
 279      68381107 
 279      9400B415 
 280 0099 28052815 		.ascii	"(\005(\0251\276\001\244r\372#\274\013\341w\276\212\375"
 280      31BE01A4 
 280      72FA23BC 
 280      0BE177BE 
 280      8AFD
 281 00ab 9E04FA0D 		.ascii	"\236\004\372\015\234\033DL\346\020\374\276\000\272\001"
 281      9C1B444C 
 281      E610FCBE 
 281      00BA01
 282 00ba 540BE351 		.ascii	"T\013\343Q\370\235\004\372-\320\377\002\375\016\010"
 282      F89D04FA 
 282      2DD0FF02 
 282      FD0E08
 283 00c9 034D0125 		.ascii	"\003M\001%\003M\003%\001\351\200\367\001\374\266\002"
 283      034D0325 
 283      01E980F7 
 283      01FCB602 
 284 00d9 FD0FD06A 		.ascii	"\375\017\320j\240e@\033\200~\017\364%\220\011(\002H"
 284      A065401B 
 284      807E0FF4 
 284      25900928 
 284      0248
 285 00eb CB71BC22 		.ascii	"\313q\274\"\330\30065\220\227\300p\023\374\336p\354"
 285      D8C03635 
 285      9097C070 
 285      13FCDE70 
 285      EC
 286 00fc 2BD04BD4 		.ascii	"+\320K\324vW\033\210\255\363d6\330\361\313\361\312\355"
 286      76571B88 
 286      ADF36436 
 286      D8F1CBF1 
 286      CAED
 287 010e F82DC73D 		.ascii	"\370-\307=\315mL\3426x\3120/\34387\310\260j\271.9\316"
ARM GAS  /tmp/ccAw26yY.s 			page 22


 287      CD6D4CE2 
 287      3678CA30 
 287      2FE33837 
 287      C8B06AB9 
 288 0125 7F1018C6 		.ascii	"\177\020\030\306\367\005\011\247\222\237\023\270O\376"
 288      F70509A7 
 288      929F13B8 
 288      4FFE
 289 0133 E08293F8 		.ascii	"\340\202\223\370[\216\363\3070\1773\237\253\341\363"
 289      5B8EF3C7 
 289      307F339F 
 289      ABE1F3
 290 0142 E4FA0204 		.ascii	"\344\372\002\004\026K\271\256@\301Y\327\254\200j\332"
 290      164BB9AE 
 290      40C159D7 
 290      AC806ADA 
 291 0152 A75BC55B 		.ascii	"\247[\305[\250\013\021\226y\364,B\354_DI\305\210\016"
 291      A80B1196 
 291      79F42C42 
 291      EC5F4449 
 291      C5880E
 292 0165 E14050F1 		.ascii	"\341@P\361\374\260\237BvF>\026\354\207*\2070\372?\237"
 292      FCB09F42 
 292      76463E16 
 292      EC872A87 
 292      30FA3F9F 
 293 0179 4FF391FE 		.ascii	"O\363\221\376Q!\222t\304'\2611\237\254B|,H\012\020\033"
 293      51219274 
 293      C427B131 
 293      9FAC427C 
 293      2C480A10 
 294 018e DA27C8E4 		.ascii	"\332'\310\3441\270\\\234\204\331a\023\262\033\335W~"
 294      31B85C9C 
 294      84D96113 
 294      B21BDD57 
 294      7E
 295 019f AFC2130B 		.ascii	"\257\302\023\013\210\034\367L\036\376\367\017\213\254"
 295      881CF74C 
 295      1EFEF70F 
 295      8BAC
 296 01ad F0976CB5 		.ascii	"\360\227l\265\012~\222g6n-N\323\215\012H\255CD\274'"
 296      0A7E9267 
 296      366E2D4E 
 296      D38D0A48 
 296      AD4344BC 
 297 01c2 9CBA3F38 		.ascii	"\234\272?8uJd\247\310\204\365p*;\343\366q\037\374\003"
 297      754A64A7 
 297      C884F570 
 297      2A3BE3F6 
 297      711FFC03 
 298 01d6 2AEA4A5C 		.ascii	"*\352J\\I\026\206\313\363uH\204\341PK\346=\037\030."
 298      491686CB 
 298      F3754884 
 298      E1504BE6 
 298      3D1F182E 
 299 01ea D4A17767 		.ascii	"\324\241wg\005\341\354\370\261\006\015\012\320\035\""
 299      05E1ECF8 
ARM GAS  /tmp/ccAw26yY.s 			page 23


 299      B1060D0A 
 299      D01D22
 300 01f9 537BE766 		.ascii	"S{\347f\226\306Z\255\010\225 \035*B\030\025\240\017"
 300      96C65AAD 
 300      0895201D 
 300      2A421815 
 300      A00F
 301 020b 09423509 		.ascii	"\011B5\011\375f\212&\326:\277\321G\205\216\"?T\214\374"
 301      FD668A26 
 301      D63ABFD1 
 301      47858E22 
 301      3F548CFC 
 302 021f 54E8180A 		.ascii	"T\350\030\012 \212\011#*\204\223G\340$h\031\236\034"
 302      208A0923 
 302      2A849347 
 302      E0246819 
 302      9E1C
 303 0231 2C13F1EF 		.ascii	",\023\361\357\011\000\241&\361Y\215\326\241b\262\341"
 303      0900A126 
 303      F1598DD6 
 303      A162B2E1 
 304 0241 EF0BADD6 		.ascii	"\357\013\255\326y\250\024T\034\227T\200F\267:N(\353"
 304      79A81454 
 304      1C975480 
 304      46B73A4E 
 304      28EB
 305 0253 E84C6ABF 		.ascii	"\350Lj\277\245\306\233\020Ur\"\241+\303\003\351\002"
 305      A5C69B10 
 305      557222A1 
 305      2BC303E9 
 305      02
 306 0264 94259C52 		.ascii	"\224%\234R\220\300\340T4\375\352J<\270\030\235\004<"
 306      90C0E054 
 306      34FDEA4A 
 306      3CB8189D 
 306      043C
 307 0276 65129E52 		.ascii	"e\022\236R\212\007\264\244\365\015<U\213$\017\011\307"
 307      8A07B4A4 
 307      F50D3C55 
 307      8B240F09 
 307      C7
 308 0287 0A919C2B 		.ascii	"\012\221\234+\177QX\356\315\\j#\343\303\375Y\333\364"
 308      7F5158EE 
 308      CD5C6A23 
 308      E3C3FD59 
 308      DBF4
 309 0299 6CFC3318 		.ascii	"l\3743\030^k\353>\210\361\015\012\014\335i,($\356\377"
 309      5E6BEB3E 
 309      88F10D0A 
 309      0CDD692C 
 309      2824EEFF 
 310 02ad 8005CC17 		.ascii	"\200\005\314\027N\035{V1\351\315N\021\216\253\333\207"
 310      4E1D7B56 
 310      31E9CD4E 
 310      118EABDB 
 310      87
 311 02be 0F78E23E 		.ascii	"\017x\342>fG\303\326\322\023^vg\345\314\335\207\220"
ARM GAS  /tmp/ccAw26yY.s 			page 24


 311      6647C3D6 
 311      D2135E76 
 311      67E5CCDD 
 311      8790
 312 02d0 6AD059D0 		.ascii	"j\320Y\320\\#a\373\200\273*\346uC\317\200\241\037pC"
 312      5C2361FB 
 312      80BB2AE6 
 312      7543CF80 
 312      A11F7043 
 313 02e4 ABE16415 		.ascii	"\253\341d\025sU\301\201\224\\5~\306Td\224\035\031\327"
 313      7355C181 
 313      945C357E 
 313      C6546494 
 313      1D19D7
 314 02f7 49F1D8E4 		.ascii	"I\361\330\344_D\342Q\013:l\222\216\263\310\275\222s"
 314      5F44E251 
 314      0B3A6C92 
 314      8EB3C8BD 
 314      9273
 315 0309 CA4AAC3B 		.ascii	"\312J\254;\247\367y\343\227L\311\236\264\2635<\036\012"
 315      A7F779E3 
 315      974CC99E 
 315      B4B3353C 
 315      1E0A
 316 031b 12EA1524 		.ascii	"\022\352\025$\360x$\362x\324\001\236\363\022\236Z{<"
 316      F07824F2 
 316      78D4019E 
 316      F3129E5A 
 316      7B3C
 317 032d 6E976E3D 		.ascii	"n\227n=\257\301\263\314\271\231U\243M\036\314\361\032"
 317      AFC1B3CC 
 317      B99955A3 
 317      4D1ECCF1 
 317      1A
 318 033e 1826DF9E 		.ascii	"\030&\337\236\254\366\302\033Y\011\025\216\307\235\364"
 318      ACF6C21B 
 318      5909158E 
 318      C79DF4
 319 034d C5896C60 		.ascii	"\305\211l`\217\330B\036\261\251\324\212\223^8\231]\254"
 319      8FD8421E 
 319      B1A9D48A 
 319      935E3899 
 319      5DAC
 320 035f BBD7DEE8 		.ascii	"\273\327\336\350\201w\263ANm\337Op>;\256\334U\375\\"
 320      8177B341 
 320      4E6DDF4F 
 320      703E3BAE 
 320      DC55FD5C 
 321 0373 838BD8E0 		.ascii	"\203\213\330\340\334lW\226\016W\263\301\325\301K\331"
 321      DC6C5796 
 321      0E57B3C1 
 321      D5C14BD9 
 322 0383 5E4CF13C 		.ascii	"^L\361<\030\236\352\277\330\240c\342\255\010\3063\007"
 322      189EEABF 
 322      D8A063E2 
 322      AD08C633 
 322      07
ARM GAS  /tmp/ccAw26yY.s 			page 25


 323 0394 2FDFD0E0 		.ascii	"/\337\320\340:\306[U^\335\300A~\004\303\330\373\331"
 323      3AC65B55 
 323      5EDDC041 
 323      7E04C3D8 
 323      FBD9
 324 03a6 7D3EB885 		.ascii	"}>\270\205]k\330\036\227\244\303\035\002\313\341\376"
 324      5D6BD81E 
 324      97A4C31D 
 324      02CBE1FE 
 325 03b6 3DD98E42 		.ascii	"=\331\216B\261\355V\203\027:\301\013\327]\275\240\354"
 325      B1ED5683 
 325      173AC10B 
 325      D75DBDA0 
 325      EC
 326 03c7 D30EE5A8 		.ascii	"\323\016\345\250\354\031\271\363X\313\264\007\220L\250"
 326      EC19B9F3 
 326      58CBB407 
 326      904CA8
 327 03d6 1C39A8C6 		.ascii	"\0349\250\306w\231\366\273s\257\376\214\237\262\343"
 327      7799F6BB 
 327      73AFFE8C 
 327      9FB2E3
 328 03e5 84A28406 		.ascii	"\204\242\204\006\037<\302\006\271g\253\236y\342XL\007"
 328      1F3CC206 
 328      B967AB9E 
 328      79E2584C 
 328      07
 329 03f6 F68E319F 		.ascii	"\366\2161\237v\014t\370I\317\014\306;\330\265\276\333"
 329      760C74F8 
 329      49CF0CC6 
 329      3BD8B5BE 
 329      DB
 330 0407 174A7CF0 		.ascii	"\027J|\360N6\250\032\337S\345\213\367\260A\313\275\271"
 330      4E36A81A 
 330      DF53E58B 
 330      F7B041CB 
 330      BDB9
 331 0419 611DCE65 		.ascii	"a\035\316e\203\362\314W6\021\027\3609\326\351\014=."
 331      83F2CC57 
 331      361117F0 
 331      39D6E90C 
 331      3D2E
 332 042b A603A12A 		.ascii	"\246\003\241*\361\316\035\321m\335>pW\267\266L\342\235"
 332      F1CE1DD1 
 332      6DDD3E70 
 332      57B7B64C 
 332      E29D
 333 043d FBE09D7B 		.ascii	"\373\340\235{\0125\273e\327\363C>\270\224\251\233~\264"
 333      0A35BB65 
 333      D7F3433E 
 333      B894A99B 
 333      7EB4
 334 044f B30B31F8 		.ascii	"\263\0131\370z\030\306Tu\245\370\262P\365\322HNm~%b"
 334      7A18C654 
 334      75A5F8B2 
 334      50F5D248 
 334      4E6D7E25 
ARM GAS  /tmp/ccAw26yY.s 			page 26


 335 0464 1BE36DB8 		.ascii	"\033\343m\270\2343\242\301\215lP\221\262\003\242\337"
 335      9C33A2C1 
 335      8D6C5091 
 335      B203A2DF 
 336 0474 CA06DDE9 		.ascii	"\312\006\335\351[\252\274p\037\033\234\331>|Z\213\037"
 336      5BAABC70 
 336      1F1B9CD9 
 336      3E7C5A8B 
 336      1F
 337 0485 B141FCC4 		.ascii	"\261A\374\304\335\022_<\204\235\362b!\313\213'\261\266"
 337      DD125F3C 
 337      849DF262 
 337      21CB8B27 
 337      B1B6
 338 0497 3E114FB0 		.ascii	">\021O\260k\3076\336/\320\3005?\350\004H\326\006\374"
 338      6BC736DE 
 338      2FD0C035 
 338      3FE80448 
 338      D606FC
 339 04aa 581B28B3 		.ascii	"X\033(\263\215\024\213x\226\271\345JiW\275\3243\347"
 339      8D148B78 
 339      96B9E54A 
 339      6957BDD4 
 339      33E7
 340 04bc 467F41DB 		.ascii	"F\177A\333\362K\260wD\262\327\317\221\014\203\271V\365"
 340      F24BB077 
 340      44B2D7CF 
 340      910C83B9 
 340      56F5
 341 04ce 3B2AB4D8 		.ascii	";*\264\330\017}\004^\033\005\257\371q\257\015\203\327"
 341      0F7D045E 
 341      1B05AFF9 
 341      71AF0D83 
 341      D7
 342 04df 867813D8 		.ascii	"\206x\023\330w\270\316\033\307\213T\301\363\235O7cY"
 342      77B8CE1B 
 342      C78B54C1 
 342      F39D4F37 
 342      6359
 343 04f1 13F8216D 		.ascii	"\023\370!m\312\023\240`LR\360\022\271\3210\256\254!"
 343      CA13A060 
 343      4C52F012 
 343      B9D130AE 
 343      AC21
 344 0503 26B5BD48 		.ascii	"&\265\275H\213\2673\015;\213\213\013\245;KE\342\277"
 344      8BB7330D 
 344      3B8B8B0B 
 344      A53B4B45 
 344      E2BF
 345 0515 D6100DD3 		.ascii	"\326\020\015\323\240aR\3220\341N\303\224\262\206]\231"
 345      A06152D2 
 345      30E14EC3 
 345      94B2865D 
 345      99
 346 0526 FDEFE034 		.ascii	"\375\357\3404\252\000mIzu\014\343l\246m\274&\257L\252"
 346      AA006D49 
 346      7A750CE3 
ARM GAS  /tmp/ccAw26yY.s 			page 27


 346      6CA66DBC 
 346      26AF4CAA 
 347 053a 9D09340F 		.ascii	"\235\0114\017|\254C\263\337A\323+eMw\262\007FD|\220"
 347      7CAC43B3 
 347      DF41D32B 
 347      654D77B2 
 347      0746447C 
 348 054f A93A70FE 		.ascii	"\251:p\376\330\025O\\\310T\315\366</\367q\250\232\002"
 348      D8154F5C 
 348      C854CDF6 
 348      3C2FF771 
 348      A89A02
 349 0562 55B1820E 		.ascii	"U\261\202\016E\013oW\025#(\252z\021\367\240\2277\223"
 349      450B6F57 
 349      152328AA 
 349      7A11F7A0 
 349      973793
 350 0575 77486FDA 		.ascii	"wHo\332\231\276\030\2271\305\317\017\266\236 \325\033"
 350      99BE1897 
 350      31C5CF0F 
 350      B69E20D5 
 350      1B
 351 0586 A0437F91 		.ascii	"\240C\177\221\245L\000K\231\254\224\273iZ\\\305`\355"
 351      A54C004B 
 351      99AC94BB 
 351      695A5CC5 
 351      60ED
 352 0598 2A98C815 		.ascii	"*\230\310\025\354\0357'\326\372^\364qP\331\004j.\220"
 352      EC1D3727 
 352      D6FA5EF4 
 352      7150D904 
 352      6A2E90
 353 05ab 524A04DD 		.ascii	"RJ\004\335\001\\w\274\340\2076\011\366\226;\367\314"
 353      015C77BC 
 353      E0873609 
 353      F6963BF7 
 353      CC
 354 05bc BB828426 		.ascii	"\273\202\204&\001\254\330,Y\021\300\213)>\356\360v/"
 354      01ACD82C 
 354      5911C08B 
 354      293EEEF0 
 354      762F
 355 05ce DCC094EC 		.ascii	"\334\300\224\354M\031\253\322\271W\262\325\255\222\311"
 355      4D19ABD2 
 355      B957B2D5 
 355      AD92C9
 356 05dd 4D1FD0DB 		.ascii	"M\037\320\333L\022(\331\")\001\235LK\367\261[u\"\276"
 356      4C1228D9 
 356      2229019D 
 356      4C4BF7B1 
 356      5B7522BE 
 357 05f1 CCB4D49E 		.ascii	"\314\264\324\236\352\032R\273\327\222\354V\313\313\376"
 357      EA1A52BB 
 357      D792EC56 
 357      CBCBFE
 358 0600 90EC6B56 		.ascii	"\220\354kV\353\273h;\250\331&\251I\262\2539t\345\331"
 358      EBBB683B 
ARM GAS  /tmp/ccAw26yY.s 			page 28


 358      A8D926A9 
 358      49B2AB39 
 358      74E5D9
 359 0613 0E419F28 		.ascii	"\016A\237(5P\312i\3577*\224\"\350\371B+\346\356\251"
 359      3550CA69 
 359      EF372A94 
 359      22E8F942 
 359      2BE6EEA9 
 360 0627 0E84D33C 		.ascii	"\016\204\323<\250\243\257O\324L\351q\026\035\210\245"
 360      A8A3AF4F 
 360      D44CE971 
 360      161D88A5 
 361 0637 313DFB21 		.ascii	"1=\373!\376~\010f!\226\005d\221\246Bi *U\300\366ul\246"
 361      FE7E0866 
 361      21960564 
 361      91A64269 
 361      202A55C0 
 362 064f 15F00FFE 		.ascii	"\025\360\017\376\205\234\206c\015\375UH\212\235`\015"
 362      859C8663 
 362      0DFD5548 
 362      8A9D600D 
 363 065f B9A442BB 		.ascii	"\271\244B\273\301\226]\002M\211\233\027.\305\251u\234"
 363      C1965D02 
 363      4D899B17 
 363      2EC5A975 
 363      9C
 364 0670 3BF96DDC 		.ascii	";\371m\334O\013\373;|\234\254Jw\262*\303a\325\271\226"
 364      4F0BFB3B 
 364      7C9CAC4A 
 364      77B22AC3 
 364      61D5B996 
 365 0684 D8022FBC 		.ascii	"\330\002/\274\237Yuwv\377}O\234\317\006\023\351\027"
 365      9F597577 
 365      76FF7D4F 
 365      9CCF0613 
 365      E917
 366 0696 0F78E362 		.ascii	"\017x\343b6\330Q\324\326\251\306\307\331\240\373\350"
 366      36D851D4 
 366      D6A9C6C7 
 366      D9A0FBE8 
 367 06a6 AB6A352E 		.ascii	"\253j5.c\203}\267\207\212=q9\035\010\017S\016\225BW"
 367      63837DB7 
 367      878A3D71 
 367      391D080F 
 367      530E9542 
 368 06bb 0D906BFE 		.ascii	"\015\220k\376\303\017\245\366\275\037\300~\245\347A"
 368      C30FA5F6 
 368      BD1FC07E 
 368      A5E741
 369 06ca 60E5B2E7 		.ascii	"`\345\262\347\202/Y\321\344\010z\264O\212\317Wz\006"
 369      822F59D1 
 369      E4087AB4 
 369      4F8ACF57 
 369      7A06
 370 06dc AF37A6A1 		.ascii	"\2577\246\241]\203mL\325\320\213k3\336\270\216\015\254"
 370      5D836D4C 
 370      D5D08B6B 
ARM GAS  /tmp/ccAw26yY.s 			page 29


 370      33DEB88E 
 370      0DAC
 371 06ee 93676EAA 		.ascii	"\223gn\252q#\033\334\3325\321\253\305\315l\320x}\313"
 371      71231BDC 
 371      DA35D1AB 
 371      C5CD6CD0 
 371      787DCB
 372 0701 5911B7B2 		.ascii	"Y\021\267\262A~s\257\325\003_a\203\352\304\346\031\015"
 372      417E73AF 
 372      D5035F61 
 372      83EAC4E6 
 372      190D
 373 0713 BEC60699 		.ascii	"\276\306\006\231\225\3611:\334\311\006\205s#\333\365"
 373      95F1313A 
 373      DCC90685 
 373      7323DBF5 
 374 0723 F826B7BC 		.ascii	"\370&\267\274\372J\256\300\312\317\037\206Gl[\0321k"
 374      FA4AAEC0 
 374      CACF1F86 
 374      476C5B1A 
 374      316B
 375 0735 E139C2AC 		.ascii	"\3419\302\254\340\225\324\336\261W@\376\364oA\000\374"
 375      E095D4DE 
 375      B15740FE 
 375      F46F4100 
 375      FC
 376 0746 934BACED 		.ascii	"\223K\254\355\315\036\370\272\373\352}\253u\207\236"
 376      CD1EF8BA 
 376      FBEA7DAB 
 376      75879E
 377 0755 1AB3178C 		.ascii	"\032\263\027\214)\025\026H\266\337\241\236_D\226\356"
 377      29151648 
 377      B6DFA19E 
 377      5F4496EE 
 378 0765 7482ED4C 		.ascii	"t\202\355L\247\336\232\034D\231\017\2712_\240\314G\221"
 378      A7DE9A1C 
 378      44990FB9 
 378      325FA0CC 
 378      4791
 379 0777 C47D4DE2 		.ascii	"\304}M\342\316s\345\216\023\\DwH\314\271\312\314r\321"
 379      CE73E58E 
 379      135C4477 
 379      48CCB9CA 
 379      CC72D1
 380 078a 9512F761 		.ascii	"\225\022\367aW\356@W\346\253\022\363\001W\3466\031\352"
 380      57EE4057 
 380      E6AB12F3 
 380      0157E636 
 380      19EA
 381 079c 145E0656 		.ascii	"\024^\006VdQ\241\"H\315B\320\213\216\360)\020fT\006"
 381      6451A122 
 381      48CD42D0 
 381      8B8EF029 
 381      10665406 
 382 07b0 C97052F0 		.ascii	"\311pR\360G\307\201\312\201\216\002\235\002:\001t\014"
 382      47C781CA 
 382      818E029D 
ARM GAS  /tmp/ccAw26yY.s 			page 30


 382      023A0174 
 382      0C
 383 07c1 A804A858 		.ascii	"\250\004\250X\360\247\245\303red\267\236\344\012"
 383      F0A7A5C3 
 383      726564B7 
 383      9EE40A
 384 07d0 0850F144 		.ascii	"\010P\361DQ9pUt.\314\260\332\3420EV\240h\206\314Am\222"
 384      51397055 
 384      742ECCB0 
 384      DAE23045 
 384      56A06886 
 385 07e8 150795AD 		.ascii	"\025\007\225\255\2201WK\314\371\312\201\242\314\344"
 385      9031574B 
 385      CCF9CA81 
 385      A2CCE4
 386 07f7 31752233 		.ascii	"1u\"3U\353Twrf\025:\355\250\273\356\352\334qo\234\257"
 386      55EB5477 
 386      7266153A 
 386      EDA8BBEE 
 386      EADC716F 
 387 080d 26098733 		.ascii	"&\011\2073\212z\306\264\310?`\001\313\244\227\375\313"
 387      8A7AC6B4 
 387      C83F6001 
 387      CBA497FD 
 387      CB
 388 081e 0ABA5926 		.ascii	"\012\272Y&\301\004\224\015:\253\225\215an)M\244n\251"
 388      C104940D 
 388      3AAB958D 
 388      616E294D 
 388      A46EA9
 389 0831 76764B0A 		.ascii	"vvK\012_@\321\0008\346Vpa$\000U\020\200J\356`R\0031"
 389      5F40D100 
 389      38E65670 
 389      61240055 
 389      10804AEE 
 390 0849 0F9F635C 		.ascii	"\017\237c\\F!\241\247\375\205\035\002\256`\203\254\236"
 390      4621A1A7 
 390      FD851D02 
 390      AE6083AC 
 390      9E
 391 085a DA6EBE64 		.ascii	"\332n\276d\254#\343S=;\023\364\274\"\310#\344\303\261"
 391      AC23E353 
 391      3D3B13F4 
 391      BC22C823 
 391      E4C3B1
 392 086d B10E353E 		.ascii	"\261\0165>\317\230K\347\0126a|\221\016~>\3658n\300\033"
 392      CF984BE7 
 392      0A36617C 
 392      910E7E3E 
 392      F5386EC0 
 393 0882 F92F802A 		.ascii	"\371/\200*\321/\340\377\223\377\002\002\310\017\374"
 393      D12FE0FF 
 393      93FF0202 
 393      C80FFC
 394 0891 BB905DF1 		.ascii	"\273\220]\361\207:\322\353I1\005\370;\376\340r@\000"
 394      873AD2EB 
 394      493105F8 
ARM GAS  /tmp/ccAw26yY.s 			page 31


 394      3BFEE072 
 394      4000
 395 08a3 73C9F5B1 		.ascii	"s\311\365\261%\227\206\231K\310\012\370\032\334\306"
 395      25978699 
 395      4BC80AF8 
 395      1ADCC6
 396 08b2 EBE42E69 		.ascii	"\353\344.iw\227y6\310\274\263$\363\316\010l\0121|\012"
 396      77977936 
 396      C8BCB324 
 396      F3CE086C 
 396      0A317C0A 
 397 08c6 0C9F84EC 		.ascii	"\014\237\204\354\232\000\032\007\032\003z\0114\0124"
 397      9A001A07 
 397      1A037A09 
 397      340A34
 398 08d5 02340C34 		.ascii	"\0024\0144\0044\010t\007\250\023\250\015\350<\320\005"
 398      04340874 
 398      07A813A8 
 398      0DE83CD0 
 398      05
 399 08e6 A006A07A 		.ascii	"\240\006\240z\3568\226\"\327S\177\304\262\017\272\333"
 399      EE389622 
 399      D7537FC4 
 399      B20FBADB 
 400 08f6 39C105DC 		.ascii	"9\301\005\334i\327\204*o\367c\334\344\231\246\322\325"
 400      69D7842A 
 400      6FF763DC 
 400      E499A6D2 
 400      D5
 401 0907 968AD76A 		.ascii	"\226\212\327j\177\237]z#\244C\2032?\025/\317\274\213"
 401      7F9F5D7A 
 401      23A44383 
 401      323F152F 
 401      CFBC8B
 402 091a 4E99D7C8 		.ascii	"N\231\327\3102\317\3117W\340*Ivt\025D^\344\276\231\005"
 402      32CFC937 
 402      57E02A49 
 402      76741544 
 402      5EE4BE99 
 403 092f DFCC807D 		.ascii	"\337\314\200}-@Mr\033{\263\246\242\322b\255\215\037"
 403      2D404D72 
 403      1B7BB3A6 
 403      A2D262AD 
 403      8D1F
 404 0941 A16640D1 		.ascii	"\241f@\321\310\247(v,9\214KN0\232\337\004\343\025\250"
 404      C8A72876 
 404      2C398C4B 
 404      4E309ADF 
 404      04E315A8 
 405 0955 7E2B0CDB 		.ascii	"~+\014\333\204\321\232\240F\255\200\341\2422\206\327"
 405      84D19AA0 
 405      46AD80E1 
 405      A23286D7 
 406 0965 3C71D909 		.ascii	"<q\331\011\002\231\311\252D9Q\246A\363\377S\242XI\""
 406      0299C9AA 
 406      443951A6 
 406      41F3FF53 
ARM GAS  /tmp/ccAw26yY.s 			page 32


 406      A2584922 
 407 0979 2F6B1E8E 		.ascii	"/k\036\216\243\211|\005\224t\361`:\22627\334%\262\203"
 407      A3897C05 
 407      9474F160 
 407      3A963237 
 407      DC25B283 
 408 098d A30330B5 		.ascii	"\243\0030\265s|\327\341\370\032\350\270\352\344\241"
 408      737CD7E1 
 408      F81AE8B8 
 408      EAE4A1
 409 099c F6449E2E 		.ascii	"\366D\236.\304\324\026\320\320\356\246\2433\0056\027"
 409      C4D416D0 
 409      D0EEA6A3 
 409      33053617 
 410 09ac 0597F80C 		.ascii	"\005\227\370\014\367\012\332\232hCl\345y\360\272xYs"
 410      F70ADA9A 
 410      68436CE5 
 410      79F0BA78 
 410      5973
 411 09be 3ACB9A53 		.ascii	":\313\232S\273ssb\253\263\221\351%\231;\242auF\\\321"
 411      BB737362 
 411      ABB391E9 
 411      25993BA2 
 411      6175465C 
 412 09d3 2A2DCD09 		.ascii	"*-\315\011\263\344\260\257\233x\345\337\000\256\233"
 412      B3E4B0AF 
 412      9B78E5DF 
 412      00AE9B
 413 09e2 AED97F43 		.ascii	"\256\331\177C\212\271r\307\273\015&\334\344\346\334"
 413      8AB972C7 
 413      BB0D26DC 
 413      E4E6DC
 414 09f1 82E32E27 		.ascii	"\202\343.'SJ\345\276\"\306\334T6FY\366->\301U63\375"
 414      534AE5BE 
 414      22C6DC54 
 414      364659F6 
 414      2D3EC155 
 415 0a08 3833FDA6 		.ascii	"83\375\246\262\351\237e$\023\323\211Q\267%\323o:\231"
 415      B2E99F65 
 415      2413D389 
 415      51B725D3 
 415      6F3A99
 416 0a1b BEFE2237 		.ascii	"\276\376\"7\275[X\210\272]M\277#\313\225\035J\370Tt"
 416      BD5B5888 
 416      BA5D4DBF 
 416      23CB951D 
 416      4AF85474 
 417 0a2f 1E013700 		.ascii	"\036\0017\000\340^@\034\237\003=\003z\004\364\020\250"
 417      E05E401C 
 417      9F033D03 
 417      7A04F410 
 417      A8
 418 0a40 0FA817A8 		.ascii	"\017\250\027\250\307\311)\225Wi|I\247\355\001\245D\210"
 418      C7C92995 
 418      57697C49 
 418      A7ED01A5 
 418      4488
ARM GAS  /tmp/ccAw26yY.s 			page 33


 419 0a52 DB3BE99E 		.ascii	"\333;\351\236\035\262\336\324\3736\356\211\313T\362"
 419      1DB2DED4 
 419      FB36EE89 
 419      CB54F2
 420 0a61 5DE0ED73 		.ascii	"]\340\355s\317+/\336{N\305{W\241\177<\202\253\017\211"
 420      CF2B2FDE 
 420      7B4EC57B 
 420      57A17F3C 
 420      82AB0F89 
 421 0a75 807E9078 		.ascii	"\200~\220x\217G\243\037\014~\000\206\335w\252\276\366"
 421      8F47A31F 
 421      0C7E0086 
 421      DD77AABE 
 421      F6
 422 0a86 B9F5BBF3 		.ascii	"\271\365\273\3637\021\004d\247\340.\347W\352\037\224"
 422      37110464 
 422      A7E02EE7 
 422      57EA1F94 
 423 0a96 DF76D383 		.ascii	"\337v\323\203\364\032\222\235\315\234\327Q%\256y\336"
 423      F41A929D 
 423      CD9CD751 
 423      25AE79DE 
 424 0aa6 B59FEECC 		.ascii	"\265\237\356\314\335{mmB\003\371\2473<\220d\317\360"
 424      DD7B6D6D 
 424      4203F9A7 
 424      333C9064 
 424      CFF0
 425 0ab8 F1DBBC54 		.ascii	"\361\333\274T\263\235\373\3641\370\351\311w\363\323"
 425      B39DFBF4 
 425      31F8E9C9 
 425      77F3D3
 426 0ac7 136095FC 		.ascii	"\023`\225\374\364\230\371\311]\027DO\301=R#\264\247"
 426      F498F9C9 
 426      5D17444F 
 426      C13D5223 
 426      B4A7
 427 0ad9 E4D7E937 		.ascii	"\344\327\3517\310\263\022\021\365TJ\311V*\313~\037^"
 427      C8B31211 
 427      F5544AC9 
 427      562ACB7E 
 427      1F5E
 428 0aeb 5F3DCA2C 		.ascii	"_=\312,\201;\335\2637\032\002NI\271\314ot\304\354\347"
 428      813BDDB3 
 428      371A024E 
 428      49B9CC6F 
 428      74C4ECE7 
 429 0aff 6FE31E6E 		.ascii	"o\343\036n\245\311Ax_\270\347e\356\276\336J\335\015"
 429      A5C94178 
 429      5FB8E765 
 429      EEBEDE4A 
 429      DD0D
 430 0b11 3CAF2F05 		.ascii	"<\257/\005g\233\375\322\254\266hL\367\026\006y\325\360"
 430      679BFDD2 
 430      ACB6684C 
 430      F7160679 
 430      D5F0
 431 0b23 C7255633 		.ascii	"\307%V3\003\262\233\353p\263\227\265\344k\272;0\243"
ARM GAS  /tmp/ccAw26yY.s 			page 34


 431      03B29BEB 
 431      70B397B5 
 431      E46BBA3B 
 431      30A3
 432 0b35 C4BB5862 		.ascii	"\304\273Xb\275\311X\311\323\275UP`\225\205\360\312\026"
 432      BDC958C9 
 432      D3BD5550 
 432      609585F0 
 432      CA16
 433 0b47 1E427880 		.ascii	"\036Bx\200D\033]W\004\257\257\301\3676S\333\341\301"
 433      441B5D57 
 433      04AFAFC1 
 433      F73653DB 
 433      E1C1
 434 0b59 0CED50E6 		.ascii	"\014\355P\346\226\011Onv\364\337LWf\371\032\234q\277"
 434      96094F6E 
 434      76F4DF4C 
 434      5766F91A 
 434      9C71BF
 435 0b6c 92BAF51E 		.ascii	"\222\272\365\036enY\014\246\233x\304\310\"1\313\225"
 435      656E590C 
 435      A69B78C4 
 435      C82231CB 
 435      95
 436 0b7d FDF5C792 		.ascii	"\375\365\307\222\011&\234,dj\224\271e\302\307\376\203"
 436      09269C2C 
 436      646A94B9 
 436      65C2C7FE 
 436      83
 437 0b8e F0DACBA9 		.ascii	"\360\332\313\251\356M\345\364\222\365\316:\345\336\271"
 437      EE4DE5F4 
 437      92F5CE3A 
 437      E5DEB9
 438 0b9d 3E9F6E09 		.ascii	">\237n\011\223\224\256\225\036\032\353d\2753{jYZ\276"
 438      9394AE95 
 438      1E1AEB64 
 438      BD337B6A 
 438      595ABE
 439 0bb0 55AEEEE2 		.ascii	"U\256\356\342\233\324\215\004\021m\027\025\264\331\272"
 439      9BD48D04 
 439      116D1715 
 439      B4D9BA
 440 0bbf 1ED04C23 		.ascii	"\036\320L#\353\230\313RQ\\\244\272\310\213\231\312\334"
 440      EB98CB52 
 440      515CA4BA 
 440      C88B99CA 
 440      DC
 441 0bd0 180FFA3A 		.ascii	"\030\017\372:\2008\270\034\321\367\001;/'\245{\275\263"
 441      8038B81C 
 441      D1F7013B 
 441      2F27A57B 
 441      BDB3
 442 0be2 9BF7E477 		.ascii	"\233\367\344wE\232\323RuZ\361;\360\357\234 2\021\203"
 442      459AD352 
 442      755AF13B 
 442      F0EF9C20 
 442      321183
ARM GAS  /tmp/ccAw26yY.s 			page 35


 443 0bf5 832D79BA 		.ascii	"\203-y\272\367r\2549%\326\336\214\274\015\231G\241C"
 443      F772AC39 
 443      25D6DE8C 
 443      BC0D9947 
 443      A143
 444 0c07 455BAD4B 		.ascii	"E[\255K(#:,)\205C\362\223\017\367\035\025\212\306\357"
 444      28233A2C 
 444      298543F2 
 444      930FF71D 
 444      158AC6EF 
 445 0c1b C1DCC4E2 		.ascii	"\301\334\304\342\306\0045n\327\320\245w\\\355D\203F"
 445      C604356E 
 445      D7D0A577 
 445      5CED4483 
 445      46
 446 0c2c AEB6D5A9 		.ascii	"\256\266\325\251)\304R\265+\270\326\347\027\233\016"
 446      29C452B5 
 446      2BB8D6E7 
 446      179B0E
 447 0c3b E899565B 		.ascii	"\350\231V[\317\005o\022u+q*p\241\030\354\320\011\207"
 447      CF056F12 
 447      752B712A 
 447      70A118EC 
 447      D00987
 448 0c4e 92CE38AA 		.ascii	"\222\3168\252\263\364\330\325Q\001\337a:\225^\2078\373"
 448      B3F4D8D5 
 448      5101DF61 
 448      3A955E87 
 448      38FB
 449 0c60 6413A627 		.ascii	"d\023\246'\353j\036\334\363\225\203\223m\014\250\320"
 449      EB6A1EDC 
 449      F3958393 
 449      6D0CA8D0 
 450 0c70 668A2D1E 		.ascii	"f\212-\036sp\215\331G\236yppg\023\261\003\034\260\241"
 450      73708DD9 
 450      479E7970 
 450      706713B1 
 450      031CB0A1 
 451 0c84 8D12B88D 		.ascii	"\215\022\270\215rp\011\024\334\225\3475\325^\370\011"
 451      72700914 
 451      DC95E735 
 451      D55EF809 
 452 0c94 03D79C78 		.ascii	"\003\327\234x\372!\242@H\3152p\375{\343{\275\335\342"
 452      FA21A240 
 452      48CD3270 
 452      FD7BE37B 
 452      BDDDE2
 453 0ca7 48A238B6 		.ascii	"H\2428\266\330q\364Vn\337\344\0058zi\027\217\232.\271"
 453      D871F456 
 453      6EDFE405 
 453      387A6917 
 453      8F9A2EB9 
 454 0cbb 6FDD3C9F 		.ascii	"o\335<\237r\241D\011F\"f{<h+\203`\265\315a<\301 \304"
 454      72A14409 
 454      4622667B 
 454      3C682B83 
 454      60B5CD61 
ARM GAS  /tmp/ccAw26yY.s 			page 36


 455 0cd3 673E2C16 		.ascii	"g>,\026\035\276`\020.U\276\252\327\272\217S2\305\260"
 455      1DBE6010 
 455      2E55BEAA 
 455      D7BA8F53 
 455      32C5B0
 456 0ce6 DD8EA132 		.ascii	"\335\216\2412\245\257\317\207a\260Mv\373dXkE\302\202"
 456      A5AFCF87 
 456      61B04D76 
 456      FB64586B 
 456      45C282
 457 0cf9 B64900B6 		.ascii	"\266I\000\266\331\001\244P\000[\216\025\365\353p\234"
 457      D901A450 
 457      005B8E15 
 457      F5EB709C 
 458 0d09 9602E89A 		.ascii	"\226\002\350\232\330\237\"\362\351)\373\364t:q\343\016"
 458      D89F22F2 
 458      E929FBF4 
 458      743A71E3 
 458      0E
 459 0d1a 69FA0EFB 		.ascii	"i\372\016\373\364T:\275st\274V\207S\330\364\315}\361"
 459      F4543ABD 
 459      7374BC56 
 459      8753D8F4 
 459      CD7DF1
 460 0d2d ED3AF6EC 		.ascii	"\355:\366\3547A\237\022\363\246\307=\370\213\023\362"
 460      37419F12 
 460      F3A6C73D 
 460      F88B13F2 
 461 0d3d B271EE71 		.ascii	"\262q\356qW\036\1776\034$\327w\367\267\014k\361N6y\240"
 461      571E7F36 
 461      1C24D777 
 461      F7B70C6B 
 461      F14E3679 
 462 0d52 2FF6802F 		.ascii	"/\366\200/\336\307\0069\315\233[\2658\217\015J\222\243"
 462      DEC70639 
 462      CD9B5BB5 
 462      388F0D4A 
 462      92A3
 463 0d64 A3312E65 		.ascii	"\2431.e\203\030\353\323\355\036\344\2619\366-\333Ux"
 463      8318EBD3 
 463      ED1EE4B1 
 463      39F62DDB 
 463      5578
 464 0d76 A0ED800E 		.ascii	"\240\355\200\016-\010\360W^\216e\202I\331\230-\000\366"
 464      2D08F057 
 464      5E8E6582 
 464      49D9982D 
 464      00F6
 465 0d88 E200B40F 		.ascii	"\342\000\264\017\313\227c\023\177\013\011\004\227\235"
 465      CB976313 
 465      7F0B0904 
 465      979D
 466 0d96 6F1871B1 		.ascii	"o\030q\261V[F\346\217Y\323\313\302\320#\271\020\205"
 466      565B46E6 
 466      8F59D3CB 
 466      C2D023B9 
 466      1085
ARM GAS  /tmp/ccAw26yY.s 			page 37


 467 0da8 5B0F7957 		.ascii	"[\017yW\221\360\362\230\210k(n\341\302\360\324\214\006"
 467      91F0F298 
 467      886B286E 
 467      E1C2F0D4 
 467      8C06
 468 0dba 052CB0B7 		.ascii	"\005,\260\267\245?e\323%].\314\316\221\274KT\272[@\356"
 468      A53F65D3 
 468      255D2ECC 
 468      CE91BC4B 
 468      54BA5B40 
 469 0dcf 07944A88 		.ascii	"\007\224J\210A\323d\372\343\004o|\211y\350Q\343\330"
 469      41D364FA 
 469      E3046F7C 
 469      8979E851 
 469      E3D8
 470 0de1 030D6E67 		.ascii	"\003\015ng\203\355'o\315\370\342.\206an\254\377\244"
 470      83ED276F 
 470      CDF8E22E 
 470      86616EAC 
 470      FFA4
 471 0df3 CEED7BB5 		.ascii	"\316\355{\265|\354\346\275\232\255\263\200\266\265C"
 471      7CECE6BD 
 471      9AADB380 
 471      B6B543
 472 0e02 58870EE2 		.ascii	"X\207\016\342\327\337\252\365\025\325B_\271\307\024"
 472      D7DFAAF5 
 472      15D5425F 
 472      B9C714
 473 0e11 1E2D9A2E 		.ascii	"\036-\232.\321\321\034\376\312\236\30276^\333+\270\255"
 473      D1D11CFE 
 473      CA9EC237 
 473      365EDB2B 
 473      B8AD
 474 0e23 A2233483 		.ascii	"\242#4\203\013\354\031l\335g\335\356\274\311\012\014"
 474      0BEC196C 
 474      DD67DDEE 
 474      BCC90A0C 
 475 0e33 32F6426C 		.ascii	"2\366Bl_\211\220\327I\345;\013\275\360#f\335\266\252"
 475      5F8990D7 
 475      49E53B0B 
 475      BDF02366 
 475      DDB6AA
 476 0e46 9C735A14 		.ascii	"\234sZ\024\240g\230'7-$\230\217\002{\221\204\031f\273"
 476      A0679827 
 476      372D2498 
 476      8F027B91 
 476      841966BB 
 477 0e5a 2C75E4D2 		.ascii	",u\344\322Q1\270\300I\201\255\254\262T\217\207\230i"
 477      5131B8C0 
 477      4981ADAC 
 477      B2548F87 
 477      9869
 478 0e6c 4333D9E5 		.ascii	"C3\331\345<}\027\302p\266'9\331\223\357l\220W2\3059"
 478      3C7D17C2 
 478      70B62739 
 478      D993EF6C 
 478      905732C5 
ARM GAS  /tmp/ccAw26yY.s 			page 38


 479 0e81 23D918C7 		.ascii	"#\331\030\307\260\335u\333\364\351[z\274\211\016t\365"
 479      B0DD75DB 
 479      F4E95B7A 
 479      BC890E74 
 479      F5
 480 0e92 C3452D3E 		.ascii	"\303E->$\025\365\376t\373\302iIz\034\373\241\022L\336"
 480      2415F5FE 
 480      74FBC269 
 480      497A1CFB 
 480      A1124CDE 
 481 0ea6 8603CC32 		.ascii	"\206\003\3142\036\337j\000r\012\373\243J\240*\240\032"
 481      1EDF6A00 
 481      720AFBA3 
 481      4AA02AA0 
 481      1A
 482 0eb7 A0D34E19 		.ascii	"\240\323N\031\232z\301\237\330W\001\023J%\373\312\360"
 482      9A7AC19F 
 482      D8570113 
 482      4A25FBCA 
 482      F0
 483 0ec8 02D9FA2B 		.ascii	"\002\331\372+\352\006_\177\225c\366\300R\246\234\253"
 483      EA065F7F 
 483      9563F6C0 
 483      52A69CAB 
 484 0ed8 727F5460 		.ascii	"r\177T`\371\032\272\234\372\213\337\277Ou\320\3737\304"
 484      F91ABA9C 
 484      FA8BDFBF 
 484      4F75D0FB 
 484      37C4
 485 0eea F5047691 		.ascii	"\365\004v\221%[\033(\033w\022\014\372.\306\361\025\016"
 485      255B1B28 
 485      1B77120C 
 485      FA2EC6F1 
 485      150E
 486 0efc D34460B7 		.ascii	"\323D`\267(\302\226/+\216w\360e\010\311\317\003\256"
 486      28C2962F 
 486      2B8E77F0 
 486      6508C9CF 
 486      03AE
 487 0f0e C8640B0B 		.ascii	"\310d\013\013\276\211\3146\006\313\\\213\233>\341\331"
 487      BE89CC36 
 487      06CB5C8B 
 487      9B3EE1D9 
 488 0f1e 4591B439 		.ascii	"E\221\2649\254,\212\251\206\020\037<7f\323\341\335,"
 488      AC2C8AA9 
 488      86101F3C 
 488      3766D3E1 
 488      DD2C
 489 0f30 DE33278A 		.ascii	"\3363'\212g\324\270\230\016\324\217\237]\250\327 \272"
 489      67D4B898 
 489      0ED48F9F 
 489      5DA8D720 
 489      BA
 490 0f41 3FC5B6E9 		.ascii	"?\305\266\351lwv\363%\236=\022\365\312\221`\334/]-\252"
 490      6C7776F3 
 490      259E3D12 
 490      F5CA9160 
ARM GAS  /tmp/ccAw26yY.s 			page 39


 490      DC2F5D2D 
 491 0f56 7FA345B7 		.ascii	"\177\243E\267\230E\365J\026\355\352\224\211:\253,J\356"
 491      9845F54A 
 491      16EDEA94 
 491      893AAB2C 
 491      4AEE
 492 0f68 CC2139D0 		.ascii	"\314!9\320\026E\240\012\033\016\216m\2313\\\003\011"
 492      1645A00A 
 492      1B0E8E6D 
 492      99335C03 
 492      09
 493 0f79 732D84D9 		.ascii	"s-\204\331\006\241\255\003:\007t^\352W\251M'\236x\342"
 493      06A1AD03 
 493      3A07745E 
 493      EA57A94D 
 493      279E78E2 
 494 0f8d 53D45B42 		.ascii	"S\324[B\323\375\375\2674P\035\312\022\033A\312\333$"
 494      D3FDFDB7 
 494      34501DCA 
 494      121B41CA 
 494      DB24
 495 0f9f DA       		.ascii	"\332"
 496 0fa0 7B6A5456 		.ascii	"{jTV\011\351\251\027\200\275A\252\211z\314\227_\247"
 496      09E9A917 
 496      80BD41AA 
 496      897ACC97 
 496      5FA7
 497 0fb2 6B9E7FCC 		.ascii	"k\236\177\314\312\327\217\334*\357\014\331\370\333\326"
 497      CAD78FDC 
 497      2AEF0CD9 
 497      F8DBD6
 498 0fc1 5E52BE25 		.ascii	"^R\276%\255\333\262\240\207\262p\026\247D\247\012\370"
 498      ADDBB2A0 
 498      87B27016 
 498      A744A70A 
 498      F8
 499 0fd2 2A1B74C5 		.ascii	"*\033t\305\2176y\340^:\320\344g\327\267h\221}?\337^"
 499      8F3679E0 
 499      5E3AD0E4 
 499      67D7B768 
 499      917D3FDF 
 500 0fe7 6921DDBC 		.ascii	"i!\335\274\322\3506\012\350\276\212\335.\312!b\345\235"
 500      D2E8360A 
 500      E8BE8ADD 
 500      2ECA2162 
 500      E59D
 501 0ff9 7ED1D4CB 		.ascii	"~\321\324\313\366\005'"
 501      F60527
 502 1000 61575870 		.ascii	"aWXp2n\276\247l_e_}s\004Ow:\255\262\025\270_/\323&("
 502      326EBEA7 
 502      6C5F655F 
 502      7D73044F 
 502      773AADB2 
 503 101b D38BA44C 		.ascii	"\323\213\244L/q\350\304\333\355\340\355\313\340\345"
 503      2F71E8C4 
 503      DBEDE0ED 
 503      CBE0E5
ARM GAS  /tmp/ccAw26yY.s 			page 40


 504 102a 2B406D40 		.ascii	"+@m@\327\201\256\001\265:\365\241\223i4\371\256*%\337"
 504      D781AE01 
 504      B53AF5A1 
 504      936934F9 
 504      AE2A25DF 
 505 103e F534D986 		.ascii	"\3654\331\206I\246+\230\327\237>\370\373\002\373\323"
 505      49A62B98 
 505      D79F3EF8 
 505      FB02FBD3 
 506 104e 8702B7FD 		.ascii	"\207\002\267\375\326z\177`\367c\021?b\011T\377\260\365"
 506      D67A7F60 
 506      F763113F 
 506      620954FF 
 506      B0F5
 507 1060 13D99D75 		.ascii	"\023\331\235u}\346\014y2\275\001\263;\244,\270*\273"
 507      7DE60C79 
 507      32BD01B3 
 507      3BA42CB8 
 507      2ABB
 508 1072 B3BA5ADD 		.ascii	"\263\272Z\335\011\226~W\253Ay\333h\036\334\357^\262"
 508      09967E57 
 508      AB4179DB 
 508      681EDCEF 
 508      5EB2
 509 1084 E4A8CDA9 		.ascii	"\344\250\315\251\374\021\236c\307\243\2517{|p\214\027"
 509      FC119E63 
 509      C7A3A937 
 509      7B7C708C 
 509      17
 510 1095 1D3C2E6E 		.ascii	"\035<.no\3078\201\016\204\035\215\003\213\335\336x\273"
 510      6FC73881 
 510      0E841D8D 
 510      038BDDDE 
 510      78BB
 511 10a7 DDDD787B 		.ascii	"\335\335x{+\232~N_|\337\201\342\275\375\372\235\027"
 511      2B9A7E4E 
 511      5F7CDF81 
 511      E2BDFDFA 
 511      9D17
 512 10b9 5F8E2BBB 		.ascii	"_\216+\273\207\320\002\377\000\305\025\203\012\365p"
 512      87D002FF 
 512      00C51583 
 512      0AF570
 513 10c8 A3FA4043 		.ascii	"\243\372@C\257\274\303\366\266W\006\245\261\335\015"
 513      AFBCC3F6 
 513      B65706A5 
 513      B1DD0D
 514 10d7 22FB16C8 		.ascii	"\"\373\026\310\356Q\356H,\312CF\022\344\036\347 \223"
 514      EE51EE48 
 514      2CCA4346 
 514      12E41EE7 
 514      2093
 515 10e9 5B62DEA3 		.ascii	"[b\336\243\353j|\236\031y\242m\274\000\333\003a\233"
 515      EB6A7C9E 
 515      1979A26D 
 515      BC00DB03 
 515      619B
ARM GAS  /tmp/ccAw26yY.s 			page 41


 516 10fb F6261F59 		.ascii	"\366&\037Y\200\320\273\022\360\2367,o\356\001F%\274"
 516      80D0BB12 
 516      F09E372C 
 516      6FEE0146 
 516      25BC
 517 110d B382E7AD 		.ascii	"\263\202\347\255\316\232\245\264\344\002h?\245\353\353"
 517      CE9AA5B4 
 517      E402683F 
 517      A5EBEB
 518 111c 25CFF8D6 		.ascii	"%\317\370\326(\211s3\250xJJ\310\036Q\327\022\272z\213"
 518      28897333 
 518      A8784A4A 
 518      C81E51D7 
 518      12BA7A8B 
 519 1130 66168173 		.ascii	"f\026\201s\223\363:\024\247a\247<\004\356\323\377M\230"
 519      93F33A14 
 519      A761A73C 
 519      04EED3FF 
 519      4D98
 520 1142 C913633A 		.ascii	"\311\023c:gv\354\370\266\273>\247\246S^\322r\3628\257"
 520      6776ECF8 
 520      B6BB3EA7 
 520      A6535ED2 
 520      72F238AF 
 521 1156 A375C99F 		.ascii	"\243u\311\237\334\371\242$\223\026\313\323\327\212\205"
 521      DCF9A224 
 521      9316CBD3 
 521      D78A85
 522 1165 EC00DEE2 		.ascii	"\354\000\336\342\235\232,\0113\\A\272\335\353\335\015"
 522      9D9A2C09 
 522      335C41BA 
 522      DDEBDD0D 
 523 1175 26EF2226 		.ascii	"&\357\"&w\361)\304\177\217\301\177\017 i\037\001=\001"
 523      77F129C4 
 523      7F8FC17F 
 523      0F20691F 
 523      013D01
 524 1188 7A08D42F 		.ascii	"z\010\324/%p\315\306\2701o|\215E\255\2566\376\254(+"
 524      2570CDC6 
 524      B8316F7C 
 524      8D45ADAE 
 524      36FEAC28 
 525 119d 9F257B47 		.ascii	"\237%{GI\371\274\000Q\317\244\310=}\275|\034\232\237"
 525      49F9BC00 
 525      51CFA4C8 
 525      3D7DBD7C 
 525      1C9A9F
 526 11b0 83B6EFA8 		.ascii	"\203\266\357\250\371BCq=~?\217?#-\233\272\021\007\317"
 526      F9424371 
 526      3D7E3F8F 
 526      3F232D9B 
 526      BA1107CF 
 527 11c4 4854D74E 		.ascii	"HT\327N\246\313!UE\316\220\355\027\374>y\245\375\344"
 527      A6CB2155 
 527      45CE90ED 
 527      17FC3E79 
 527      A5FDE4
ARM GAS  /tmp/ccAw26yY.s 			page 42


 528 11d7 DEB8F3AA 		.ascii	"\336\270\363\252\360\212\323^\337 [\247\220_\362\216"
 528      F08AD35E 
 528      DF205BA7 
 528      905FF28E 
 529 11e7 A9E6F405 		.ascii	"\251\346\364\005/'\356\027N\253\232!\316=D\271Ofw\354"
 529      2F27EE17 
 529      4EAB9A21 
 529      CE3D44B9 
 529      4F6677EC 
 530 11fb F5D2C9BE 		.ascii	"\365\322\311\276!\"w\010\211y\030\223\027\346\201t\357"
 530      21227708 
 530      89791893 
 530      17E68174 
 530      EF
 531 120c 06B8EBE7 		.ascii	"\006\270\353\347\306m\276\354.\"\220\265\355x\317\270"
 531      C66DBEEC 
 531      2E2290B5 
 531      ED78CFB8 
 532 121c F7FC643A 		.ascii	"\367\374d:\331f]\202\350{\374\001\230<Bm\030\305\363"
 532      D9665D82 
 532      E87BFC01 
 532      983C426D 
 532      18C5F3
 533 122f ED22E880 		.ascii	"\355\"\350\200\264\256\351\342J\376E\224\232<\366\334"
 533      B4AEE9E2 
 533      4AFE4594 
 533      9A3CF6DC 
 534 123f 1BBFAB71 		.ascii	"\033\277\253q\257}\314\256\375%\246\352G\0237\216\363"
 534      AF7DCCAE 
 534      FD25A6EA 
 534      4713378E 
 534      F3
 535 1250 0F32C913 		.ascii	"\0172\311\023\225\375\343\301\205\354\343\301M9\273"
 535      95FDE3C1 
 535      85ECE3C1 
 535      4D39BB
 536 125f 07BC381A 		.ascii	"\007\2748\032\253\035\315\004xt\234\242\231\244h\306"
 536      AB1DCD04 
 536      78749CA2 
 536      99A468C6 
 537 126f 189A498A 		.ascii	"\030\232I\212\346\305pk\243\350\344\252d\247\345\366"
 537      E6C5706B 
 537      A3E8E4AA 
 537      64A7E5F6 
 538 127f 1477D514 		.ascii	"\024w\325\024u\325\351;\233\022\234\303\220\344\304"
 538      75D5E93B 
 538      9B129CC3 
 538      90E4C4
 539 128e 3DCDB9A7 		.ascii	"=\315\271\247)w\322\306#\321\236\270\227\265\303\331"
 539      2977D2C6 
 539      23D19EB8 
 539      97B5C3D9 
 540 129e 8B7B32DD 		.ascii	"\213{2\335?\004\314:m7\274|\3343J\236bm%\326\336\262"
 540      3F04CC3A 
 540      6D37BC7C 
 540      DC334A9E 
 540      626D25D6 
ARM GAS  /tmp/ccAw26yY.s 			page 43


 541 12b4 B3DF769F 		.ascii	"\263\337v\237\260Z\023\254\344Y\024\330\320\214\224"
 541      B05A13AC 
 541      E45914D8 
 541      D08C94
 542 12c3 9433F247 		.ascii	"\2243\362G\372W\364y\364\320\370\304\026\037\234\255"
 542      FA57F479 
 542      F4D0F8C4 
 542      161F9CAD 
 543 12d3 A73A87F7 		.ascii	"\247:\207\3676\245c.'k`Yf\036\335,\311\371\214\352C"
 543      36A5632E 
 543      276B6059 
 543      661EDD2C 
 543      C9F98CEA 
 544 12e8 7392A039 		.ascii	"s\222\2409\271 \253H\037l\373kW\342|&\347H\361\336\022"
 544      B920AB48 
 544      1F6CFB6B 
 544      57E27C26 
 544      E748F1DE 
 545 12fd 1F7C920D 		.ascii	"\037|\222\015\266\324\236\317\"\233\030(F\304\014n\374"
 545      B6D49ECF 
 545      229B1828 
 545      46C40C6E 
 545      FC
 546 130e B3031D02 		.ascii	"\263\003\035\002}\344\251ulktu\344.vk\355F\221X\033"
 546      7DE4A975 
 546      6C6B7475 
 546      E42E766B 
 546      ED469158 
 547 1323 2772736F 		.ascii	"'rso?\033y\256\3450\323\372\277m\034~\000\215\315j\215"
 547      3F1B79AE 
 547      E530D3FA 
 547      BF6D1C7E 
 547      008DCD6A 
 548 1338 430B0927 		.ascii	"C\013\011'\212\0269N\024+\212d$A\335D\241\3265\215\034"
 548      8A16394E 
 548      142B8A64 
 548      2441DD44 
 548      A1D6358D 
 549 134d D2E0CDDE 		.ascii	"\322\340\315\336\354C\261\316\314T\266\215\001\265\300"
 549      EC43B1CE 
 549      CC54B68D 
 549      01B5C0
 550 135c C1E4461F 		.ascii	"\301\344F\037n\3238\366\0256\213\364d\303\323\332\367"
 550      6ED338F6 
 550      15368BF4 
 550      64C3D3DA 
 550      F7
 551 136d DC224CA4 		.ascii	"\334\"L\244\010\023\354\010\333:Sz\365\034\341\365\261"
 551      0813EC08 
 551      DB3A537A 
 551      F51CE1F5 
 551      B1
 552 137e CFB2629B 		.ascii	"\317\262b\233\223\25491\326%\237\021F\024/:\034\031"
 552      93AC3931 
 552      D6259F11 
 552      46142F3A 
 552      1C19
ARM GAS  /tmp/ccAw26yY.s 			page 44


 553 1390 2F47B785 		.ascii	"/G\267\205\242k{Q\225\344\205w1tm\263\215-\242#\262"
 553      A26B7B51 
 553      95E48577 
 553      31746DB3 
 553      8D2DA223 
 554 13a5 BF7BE414 		.ascii	"\277{\344\024\331$IN\222\\\316V*\247w\337\303To\274"
 554      D924494E 
 554      925CCE56 
 554      2AA777DF 
 554      C3546FBC 
 555 13b9 9FC949D8 		.ascii	"\237\311I\330\372t\320C\212l\266sd\267I\202\266\311"
 555      FA74D043 
 555      8A6CB673 
 555      64B74982 
 555      B6C9
 556 13cb 056DA782 		.ascii	"\005m\247\202\016\224_\211\361\302\305L\320\354`\333"
 556      0E945F89 
 556      F1C2C54C 
 556      D0EC60DB 
 557 13db 2CFFFA56 		.ascii	",\377\372V\007\303\366\376\375q\274\236\332\310\345"
 557      07C3F6FE 
 557      FD71BC9E 
 557      DAC8E5
 558 13ea FD2D23BB 		.ascii	"\375-#\273u\270\212\361\026\236:X\311?\006\324\222\020"
 558      75B88AF1 
 558      169E3A58 
 558      C93F06D4 
 558      9210
 559 13fc CFE6E6BC 		.ascii	"\317\346\346\274\241o\354\022y\345\356\024\331\367m"
 559      A16FEC12 
 559      79E5EE14 
 559      D9F76D
 560 140b E965E382 		.ascii	"\351e\343\202km\356\020\375P\212H\330w\213\363\355\223"
 560      6B6DEE10 
 560      FD508A48 
 560      D8778BF3 
 560      ED93
 561 141d E8EA21FB 		.ascii	"\350\352!\373e\247(\347N\177\023w\361\343\313%\336\320"
 561      65A728E7 
 561      4E7F1377 
 561      F1E3CB25 
 561      DED0
 562 142f 56DB72C8 		.ascii	"V\333r\310\256\340\357\366\034\262n.!\037\015\211\363"
 562      AEE0EFF6 
 562      1CB26E2E 
 562      211F0D89 
 562      F3
 563 1440 512AF822 		.ascii	"Q*\370\"\032\277'\233\233\014g~\017\371\233.\222\316"
 563      1ABF279B 
 563      9B0C677E 
 563      0FF99B2E 
 563      92CE
 564 1452 7AE1D2CD 		.ascii	"z\341\322\315\004\035\256\363v\273\001\325R\337\236"
 564      041DAEF3 
 564      76BB01D5 
 564      52DF9E
 565 1461 EE89AF51 		.ascii	"\356\211\257Q\006\361\376\321\262\016\214\264\354\363"
ARM GAS  /tmp/ccAw26yY.s 			page 45


 565      06F1FED1 
 565      B20E8CB4 
 565      ECF3
 566 146f A58078FA 		.ascii	"\245\200x\372\211QL\316\273\337:>1\332'\006\240,QK\266"
 566      89514CCE 
 566      BBDF3A3E 
 566      31DA2706 
 566      A02C514B 
 567 1484 3240E15E 		.ascii	"2@\341^PH\276^\"g\350\027M\363\350\241\354\263'\030"
 567      5048BE5E 
 567      2267E817 
 567      4DF3E8A1 
 567      ECB32718 
 568 1498 A23DA2E3 		.ascii	"\242=\242\343\263'\32072\361\342\240Z\236\230\204Er"
 568      B327D037 
 568      32F1E2A0 
 568      5A9E9884 
 568      4572
 569 14aa 6B0ECDCC 		.ascii	"k\016\315\314L{fn\353\313o\361\344\211\360\362\305\206"
 569      4C7B666E 
 569      EBCB6FF1 
 569      E489F0F2 
 569      C586
 570 14bc 8C1BF779 		.ascii	"\214\033\367y\355\370\023N\224!eB\206<\023\366\323L"
 570      EDF8134E 
 570      94216542 
 570      863C13F6 
 570      D34C
 571 14ce 886EC88F 		.ascii	"\210n\310\217\365\304[}\334\026N\315P\333F\265\373\315"
 571      F5C45B7D 
 571      DC164ECD 
 571      50DB46B5 
 571      FBCD
 572 14e0 B703144B 		.ascii	"\267\003\024K\236\035KA\302\376YA\252\222\354\274V{"
 572      9E1D4B41 
 572      C2FE5941 
 572      AA92ECBC 
 572      567B
 573 14f2 950023CA 		.ascii	"\225\000#\312\225\240\344\312\241\034\244P\252\373\366"
 573      95A0E4CA 
 573      A11CA450 
 573      AAFBF6
 574 1501 3C76EEC3 		.ascii	"<v\356\303\233\235:\353!\221uV\370%\035\243\374N\254"
 574      9B9D3AEB 
 574      21917556 
 574      F8251DA3 
 574      FC4EAC
 575 1514 2FDEC780 		.ascii	"/\336\307\200g\237~T.8\\\360\371^\207\013\330\336]\276"
 575      679F7E54 
 575      2E385CF0 
 575      F95E870B 
 575      D8DE5DBE 
 576 1528 A4375FAE 		.ascii	"\2447_\256\3670\325[_S\336\011\305\300$\345=\2518\317"
 576      F730D55B 
 576      5F53DE09 
 576      C5C024E5 
 576      3DA938CF 
ARM GAS  /tmp/ccAw26yY.s 			page 46


 577 153c 3F36F626 		.ascii	"?6\366&Zrw\036\024Y1<\"\2277\2457\224k\335'|\221=\341"
 577      5A72771E 
 577      1459313C 
 577      229737A5 
 577      37946BDD 
 578 1555 C90B3672 		.ascii	"\311\0136r\253\352~\340\357\232\357\205\220\024Gh\026"
 578      ABEA7EE0 
 578      EF9AEF85 
 578      90144768 
 578      16
 579 1566 16D30C2E 		.ascii	"\026\323\014.\262gpU\345\355.\017\327|w\313=P[;\350"
 579      B2677055 
 579      E5ED2E0F 
 579      D77C77CB 
 579      3D505B3B 
 580 157b 21E5FB11 		.ascii	"!\345\373\021\236\357Gy\276'@\276Ks\013x\276\037\023"
 580      9EEF4779 
 580      BE2740BE 
 580      4B730B78 
 580      BE1F13
 581 158e DF576983 		.ascii	"\337Wi\203C\2760\257^n\214X\251\371\365o\276zw\351\242"
 581      43BE30AF 
 581      5E6E8C58 
 581      A9F9F56F 
 581      BE7A77E9 
 582 15a3 452AADC1 		.ascii	"E*\255\301\020\032aY\374\261\301\362\323\3005fS`\220"
 582      101A6159 
 582      FCB1C1F2 
 582      D3C03566 
 582      536090
 583 15b6 29FC2711 		.ascii	")\374'\021\221\021\306\237\030\203V\204\006\206F\004"
 583      9111C69F 
 583      18835684 
 583      06864604 
 584 15c6 87AD5969 		.ascii	"\207\255Yi\014\014\017\012\016\011\2150\006\032V\032"
 584      0C0C0F0A 
 584      0E098D30 
 584      061A561A 
 585 15d6 5705AD09 		.ascii	"W\005\255\011\263\030,\033\242\214\346\017CT\236|\362"
 585      B3182C1B 
 585      A28CE60F 
 585      43549E7C 
 585      F2
 586 15e7 3FBE61B2 		.ascii	"?\276a\262y\2039\320`\266\254\004V\230\341\021n^m\260"
 586      798339D0 
 586      60B6AC04 
 586      5698E111 
 586      6E5E6DB0 
 587 15fb FC676048 		.ascii	"\374g`Hd8\\2\206\205\206\007\256\2134}\023\032\261:"
 587      64385C32 
 587      86858607 
 587      AE8B347D 
 587      131AB13A 
 588 160f 706948E8 		.ascii	"piH\350\212\320\337.\017\2144\007\006G\206\207GF\004"
 588      8AD0DF2E 
 588      0F8C3407 
 588      06478687 
ARM GAS  /tmp/ccAw26yY.s 			page 47


 588      474604
 589 1622 46459A2C 		.ascii	"FE\232,\346\300_|\371\305\322/\326\223sQ\241aF\2239"
 589      E6C05F7C 
 589      F9C5D22F 
 589      D6937351 
 589      A1614693 
 590 1637 F0D74B97 		.ascii	"\360\327K\227\006\006\207\3301hL\306\240\260(Sh\244"
 590      060687D8 
 590      31684CC6 
 590      A0B02853 
 590      68A4
 591 1649 CE6058C3 		.ascii	"\316`X\303\361h\354\007\236\026r\005~\303-\353\303B"
 591      F168EC07 
 591      9E167205 
 591      7EC32DEB 
 591      C342
 592 165b CD1631C2 		.ascii	"\315\0261\302\270\336\342\021\271.\302h\362\370v\215"
 592      B8DEE211 
 592      B92EC268 
 592      F2F8768D 
 593 166b 718D715E 		.ascii	"q\215q^p\210\301\022\002\"V\232\015\364\204\030e2\256"
 593      7088C112 
 593      0222569A 
 593      0DF48418 
 593      6532AE
 594 167e F5753A45 		.ascii	"\365u:E\246\257\261\030\327\203\\\340\246\207\032c\024"
 594      A6AFB118 
 594      D7835CE0 
 594      A6871A63 
 594      14
 595 168f B811507B 		.ascii	"\270\021P{\031\327\032#,\341A\346o\340*\330F'x\256\013"
 595      19D71A23 
 595      2CE141E6 
 595      6FE02AD8 
 595      462778AE 
 596 16a4 0AB5C045 		.ascii	"\012\265\300E_\231p\242\335G>0X\320\032\265q\035\231"
 596      5F9970A2 
 596      DD473E30 
 596      58D01AB5 
 596      711D99
 597 16b7 AA5E6701 		.ascii	"\252^g\001|Q\360c6\206G\341\340\010\213\007\220\301"
 597      7C51F063 
 597      368647E1 
 597      E0088B07 
 597      90C1
 598 16c9 A287F970 		.ascii	"\242\207\371p&(*$\322d\3644\023E\346\325\036\353,\026"
 598      26282A24 
 598      D264F434 
 598      1345E6D5 
 598      1EEB2C16 
 599 16dd 53D47C26 		.ascii	"S\324|&\312`2\2562\232\214\021\301\000\022\246G\256"
 599      CA6032AE 
 599      329A8C11 
 599      C10012A6 
 599      47AE
 600 16ef F87394C6 		.ascii	"\370s\224\306\270>\324\022\034\271\322\2506\255\334"
 600      B83ED412 
ARM GAS  /tmp/ccAw26yY.s 			page 48


 600      1CB9D2A8 
 600      36ADDC
 601 16fe 00FC22B0 		.ascii	"\000\374\"\260\230\265\3147?\003S\354\277\026r\336`"
 601      98B5CC37 
 601      3F0353EC 
 601      BF1672DE 
 601      60
 602 170f F1581516 		.ascii	"\361X\025\026\264\332\354i\011\207\03102[\202,F\215"
 602      B4DAEC69 
 602      09871930 
 602      325B822C 
 602      468D
 603 1721 85FE1091 		.ascii	"\205\376\020\221A+\202\314F\356\331O~\312=K\016tf\313"
 603      412B82CC 
 603      46EED94F 
 603      7ECA3D4B 
 603      0E7466CB 
 604 1735 374161A1 		.ascii	"7Aa\241\253#\014\226\237\3775\321\014\011\006\233 |"
 604      AB230C96 
 604      9FFF35D1 
 604      0C09069B 
 604      207C
 605 1747 624450B8 		.ascii	"bDP\270Q\014\016\0112yD\206\255\204\260D\030\327\031"
 605      510C0E09 
 605      32794486 
 605      AD84B044 
 605      18D719
 606 175a 4D38D8B2 		.ascii	"M8\330\262^0G\011a&\010\357jH,\203\005\233\026-\002"
 606      5E304709 
 606      612608EF 
 606      6A482C83 
 606      059B162D 
 607 176f FA4830FD 		.ascii	"\372H0\375\263`\372\231`\372T0}\"\230\376I0\375\324"
 607      B360FA99 
 607      60FA5430 
 607      7D2298FE 
 607      4930FDD4 
 608 1783 8B482679 		.ascii	"\213H&y\014\223\226\374\325X\014k?\015\007<z*,82\002"
 608      0C9396FC 
 608      D5580C6B 
 608      3F0D073C 
 608      7A2A2C38 
 609 1799 A26C1149 		.ascii	"\242l\021I\366h\035Q\364\010\217\212\214\014\323p\327"
 609      F6681D51 
 609      F4088F8A 
 609      8C0CD370 
 609      D7
 610 17aa 5B16BF45 		.ascii	"[\026\277E\227\311\342(\202\340\020sp\310J\020\377\361"
 610      97C9E228 
 610      82E01073 
 610      70C84A10 
 610      FFF1
 611 17bc F7990349 		.ascii	"\367\231\003I\001S>\375^j6\230\355\205\361\275TA\232"
 611      01533EFD 
 611      5E6A3698 
 611      ED85F1BD 
 611      54419A
ARM GAS  /tmp/ccAw26yY.s 			page 49


 612 17cf C1       		.ascii	"\301"
 613 17d0 940FDF3E 		.ascii	"\224\017\337>\305l\012&\310\314\253?\014\346\015\345"
 613      C56C0A26 
 613      C8CCAB3F 
 613      0CE60DE5 
 614 17e0 8F90EC7A 		.ascii	"\217\220\354zz\364\2451\314\010\351\342\035\034\262"
 614      7AF4A531 
 614      CC08E9E2 
 614      1D1CB2
 615 17ef 3C38E4D7 		.ascii	"<8\344\327\221\313\303\214\306\250\345^t\364%xl\303"
 615      91CBC38C 
 615      C6A8E55E 
 615      74F42578 
 615      6CC3
 616 1801 E77A7AFC 		.ascii	"\347zz\374\307\240o\214k\242\226\013\301!\272\360 \010"
 616      C7A06F8C 
 616      6BA2960B 
 616      C121BAF0 
 616      2008
 617 1813 1B75275E 		.ascii	"\033u'^\271\202\326\0131\300\030\016\235f\305\232\325"
 617      B982D60B 
 617      31C0180E 
 617      9D66C59A 
 617      D5
 618 1824 DAA8A088 		.ascii	"\332\250\240\210\320`\003(\363\221\237\206\274\\k!%"
 618      D0600328 
 618      F3919F86 
 618      BC5C6B21 
 618      25
 619 1835 E4B1D218 		.ascii	"\344\261\322\030f\011\322\222k\241\341\220\256\342\252"
 619      6609D292 
 619      6BA1E190 
 619      AEE2AA
 620 1844 3511C19A 		.ascii	"5\021\301\232\265\026\362c\260\220\322^\033j\262\254"
 620      B516F263 
 620      B090D25E 
 620      1B6AB2AC 
 621 1854 090A3390 		.ascii	"\011\0123\220\353&\034\025d\362u:c\260\374\320\225\211"
 621      EB261C15 
 621      64F2753A 
 621      63B0FCD0 
 621      9589
 622 1866 15A7262C 		.ascii	"\025\247&,\310l!\343\037(\\\20421\221_\260\323@\240"
 622      C86C21E3 
 622      1F285C84 
 622      3231915F 
 622      B0D340A0 
 623 187a 6FA0673D 		.ascii	"o\240g=\203\327\230\240\022-z\351\224\301\242uX$X\302"
 623      83D798A0 
 623      122D7AE9 
 623      94C1A275 
 623      582458C2 
 624 188e D591AB56 		.ascii	"\325\221\253V\231\215\026O\223\205V\367\242\357\023"
 624      998D164F 
 624      938556F7 
 624      A2EF13
 625 189d 1F0B09CF 		.ascii	"\037\013\011\317<K\270!\030\212n\205)\310\022\032\011"
ARM GAS  /tmp/ccAw26yY.s 			page 50


 625      3C4BB821 
 625      188A6E85 
 625      29C8121A 
 625      09
 626 18ae 95E72539 		.ascii	"\225\347%9\214\250Z\276\301\374_\221\301\337|\277\300"
 626      8CA85ABE 
 626      C1FC5F91 
 626      C1DF7CBF 
 626      C0
 627 18bf 6F20B9A2 		.ascii	"o \271\242\245Y\037\006\223\275\015\320r,\206_\376b"
 627      A5591F06 
 627      93BD0DD0 
 627      722C865F 
 627      FE62
 628 18d1 F9BF2DFB 		.ascii	"\371\277-\373\362s\357\240\260uA\033\314P\\ap\003\370"
 628      F273EFA0 
 628      B075411B 
 628      CC505C61 
 628      7003F8
 629 18e4 D5772B2E 		.ascii	"\325w+.(\234\300\245_,\377|\271\244&\334\034j6\254\016"
 629      289CC0A5 
 629      5F2CFF7C 
 629      B9A426DC 
 629      1C6A36AC 
 630 18f9 0E2605C6 		.ascii	"\016&\005\306zjh\204\331h\"\006\000\350\257\"\210fV"
 630      7A6A6884 
 630      D9682206 
 630      00E8AF22 
 630      886656
 631 190c C66B2238 		.ascii	"\306k\"8\012\032D\303\207\237,\376\350S\215}\344K\323"
 631      0A1A44C3 
 631      879F2CFE 
 631      E8538D7D 
 631      E44BD3
 632 191f EC73F332 		.ascii	"\354s\3632\326|?\3670\374\022\012\362\373\325\024dn"
 632      D67C3FF7 
 632      30FC120A 
 632      F2FBD514 
 632      646E
 633 1931 88EA6F18 		.ascii	"\210\352o\030\210U\241\253\"!\204\341\221kI\322J\031"
 633      8855A1AB 
 633      222184E1 
 633      916B49D2 
 633      4A19
 634 1943 BC5CAE7F 		.ascii	"\274\\\256\177\321'\377\007g\002H\345"
 634      D127FF07 
 634      670248E5 
 635              		.text
 636              		.section	.gnu.lto_.symtab.b24f5e5a290c5e94,"",%progbits
 637 0000 63684D73 		.ascii	"chMsgSend\000"
 637      6753656E 
 637      6400
 638 000a 00       		.ascii	"\000"
 639 000b 00       		.ascii	"\000"
 640 000c 00       		.ascii	"\000"
 641 000d 00000000 		.ascii	"\000\000\000\000\000\000\000\000"
 641      00000000 
ARM GAS  /tmp/ccAw26yY.s 			page 51


 642 0015 81010000 		.ascii	"\201\001\000\000"
 643 0019 63684D73 		.ascii	"chMsgWait\000"
 643      67576169 
 643      7400
 644 0023 00       		.ascii	"\000"
 645 0024 00       		.ascii	"\000"
 646 0025 00       		.ascii	"\000"
 647 0026 00000000 		.ascii	"\000\000\000\000\000\000\000\000"
 647      00000000 
 648 002e 84010000 		.ascii	"\204\001\000\000"
 649 0032 63684D73 		.ascii	"chMsgRelease\000"
 649      6752656C 
 649      65617365 
 649      00
 650 003f 00       		.ascii	"\000"
 651 0040 00       		.ascii	"\000"
 652 0041 00       		.ascii	"\000"
 653 0042 00000000 		.ascii	"\000\000\000\000\000\000\000\000"
 653      00000000 
 654 004a 89010000 		.ascii	"\211\001\000\000"
 655 004e 636800   		.ascii	"ch\000"
 656 0051 00       		.ascii	"\000"
 657 0052 02       		.ascii	"\002"
 658 0053 00       		.ascii	"\000"
 659 0054 00000000 		.ascii	"\000\000\000\000\000\000\000\000"
 659      00000000 
 660 005c EF010000 		.ascii	"\357\001\000\000"
 661 0060 63685363 		.ascii	"chSchGoSleepS\000"
 661      68476F53 
 661      6C656570 
 661      5300
 662 006e 00       		.ascii	"\000"
 663 006f 02       		.ascii	"\002"
 664 0070 00       		.ascii	"\000"
 665 0071 00000000 		.ascii	"\000\000\000\000\000\000\000\000"
 665      00000000 
 666 0079 8D010000 		.ascii	"\215\001\000\000"
 667 007d 63685363 		.ascii	"chSchReadyI\000"
 667      68526561 
 667      64794900 
 668 0089 00       		.ascii	"\000"
 669 008a 02       		.ascii	"\002"
 670 008b 00       		.ascii	"\000"
 671 008c 00000000 		.ascii	"\000\000\000\000\000\000\000\000"
 671      00000000 
 672 0094 91010000 		.ascii	"\221\001\000\000"
 673 0098 63685363 		.ascii	"chSchWakeupS\000"
 673      6857616B 
 673      65757053 
 673      00
 674 00a5 00       		.ascii	"\000"
 675 00a6 02       		.ascii	"\002"
 676 00a7 00       		.ascii	"\000"
 677 00a8 00000000 		.ascii	"\000\000\000\000\000\000\000\000"
 677      00000000 
 678 00b0 93010000 		.ascii	"\223\001\000\000"
 679              		.text
ARM GAS  /tmp/ccAw26yY.s 			page 52


 680              		.section	.gnu.lto_.opts,"",%progbits
 681 0000 272D666D 		.ascii	"'-fmath-errno' '-fsigned-zeros' '-ftrapping-math' '"
 681      6174682D 
 681      6572726E 
 681      6F272027 
 681      2D667369 
 682 0033 2D666E6F 		.ascii	"-fno-trapv' '-fno-openmp' '-fno-openacc' '-mcpu=cor"
 682      2D747261 
 682      70762720 
 682      272D666E 
 682      6F2D6F70 
 683 0066 7465782D 		.ascii	"tex-m3' '-mno-thumb-interwork' '-mthumb' '-ggdb' '-"
 683      6D332720 
 683      272D6D6E 
 683      6F2D7468 
 683      756D622D 
 684 0099 4F322720 		.ascii	"O2' '-fomit-frame-pointer' '-falign-functions=16' '"
 684      272D666F 
 684      6D69742D 
 684      6672616D 
 684      652D706F 
 685 00cc 2D666675 		.ascii	"-ffunction-sections' '-fdata-sections' '-fno-common"
 685      6E637469 
 685      6F6E2D73 
 685      65637469 
 685      6F6E7327 
 686 00ff 2720272D 		.ascii	"' '-flto'\000"
 686      666C746F 
 686      2700
 687              		.text
 688              		.comm	__gnu_lto_v1,1,1
 689              		.comm	__gnu_lto_slim,1,1
 690              		.ident	"GCC: (GNU Tools for ARM Embedded Processors) 5.3.1 20160307 (release) [ARM/embedded-5-bran
ARM GAS  /tmp/ccAw26yY.s 			page 53


DEFINED SYMBOLS
                            *ABS*:0000000000000000 chmsg.c
                            *COM*:0000000000000001 __gnu_lto_v1
                            *COM*:0000000000000001 __gnu_lto_slim

NO UNDEFINED SYMBOLS
