ARM GAS  /tmp/ccs0ti6d.s 			page 1


   1              		.syntax unified
   2              		.cpu cortex-m3
   3              		.fpu softvfp
   4              		.eabi_attribute 20, 1
   5              		.eabi_attribute 21, 1
   6              		.eabi_attribute 23, 3
   7              		.eabi_attribute 24, 1
   8              		.eabi_attribute 25, 1
   9              		.eabi_attribute 26, 1
  10              		.eabi_attribute 30, 2
  11              		.eabi_attribute 34, 1
  12              		.eabi_attribute 18, 4
  13              		.thumb
  14              		.syntax unified
  15              		.file	"crt1.c"
  16              		.text
  17              	.Ltext0:
  18              		.section	.gnu.lto_.profile.75cf5918a54aaa8d,"",%progbits
  19 0000 789C6361 		.ascii	"x\234ca```\001bF\006IQ\000\000\247\0008"
  19      60606001 
  19      62460649 
  19      510000A7 
  19      0038
  20              		.text
  21              		.section	.gnu.lto_.icf.75cf5918a54aaa8d,"",%progbits
  22 0000 789C6361 		.ascii	"x\234ca\200\0005\006\004`cX?\363A\013\023#\230d\002"
  22      80003506 
  22      04606358 
  22      3FF3410B 
  22      13239864 
  23 0015 93CC8DB7 		.ascii	"\223\314\215\267O\375\344g9\362d\372[\026\326\213\337"
  23      4FFDE467 
  23      39F264FA 
  23      5B16D68B 
  23      DF
  24 0026 36F6F031 		.ascii	"6\366\3601\000\000R\374\021\272"
  24      000052FC 
  24      11BA
  25              		.text
  26              		.section	.gnu.lto_.jmpfuncs.75cf5918a54aaa8d,"",%progbits
  27 0000 789C6361 		.ascii	"x\234ca\200\000A\006\004`\005bF\006\006&\006\006f\006"
  27      80004106 
  27      04600562 
  27      46060626 
  27      06066606 
  28 0014 06162007 		.ascii	"\006\026 \007\000\003A\000%"
  28      00034100 
  28      25
  29              		.text
  30              		.section	.gnu.lto_.inline.75cf5918a54aaa8d,"",%progbits
  31 0000 789C6361 		.ascii	"x\234ca\200\200x\006\004`e``fbd`\0022\331\026\310\203"
  31      80807806 
  31      04606560 
  31      60666264 
  31      600232D9 
  32 0017 2806460C 		.ascii	"(\006F\014\021&\014\021f \017\"\302\002&\201\224\310"
  32      11260C11 
ARM GAS  /tmp/ccs0ti6d.s 			page 2


  32      66200F22 
  32      C2022681 
  32      94C8
  33 0029 4A0EA088 		.ascii	"J\016\240\210\322\246\347\215\214pe\014\000\000)\006"
  33      D2A6E78D 
  33      8C70650C 
  33      00002906 
  34 0039 B7       		.ascii	"\267"
  35              		.text
  36              		.section	.gnu.lto_.pureconst.75cf5918a54aaa8d,"",%progbits
  37 0000 789C6361 		.ascii	"x\234ca``\340\006bV\006\011F\011&\011f\023\026)\000"
  37      6060E006 
  37      62560609 
  37      46092609 
  37      66131629 
  38 0015 041100B5 		.ascii	"\004\021\000\265"
  39              		.text
  40              		.section	.gnu.lto___core_init.75cf5918a54aaa8d,"",%progbits
  41 0000 789C6361 		.ascii	"x\234ca\200\200j \366\001bi fdf`d\232p\216\201\241\221"
  41      80806A20 
  41      F6016269 
  41      20666466 
  41      60649A70 
  42 0018 83899111 		.ascii	"\203\211\221\021\304h\340`d\250gb\254g\374\312\364\227"
  42      C468E060 
  42      64A86762 
  42      AC67FCCA 
  42      F497
  43 002a 89F150FB 		.ascii	"\211\361P\373\263\235L\232\313\033\200\340A\3532\303"
  43      B39D4C9A 
  43      CB1B80E0 
  43      41EB32C3 
  44 003a 86150718 		.ascii	"\206\025\007\030[\231\031\030\3763A\214b\\\316\250\311"
  44      5B991918 
  44      FE33418C 
  44      625CCEA8 
  44      C9
  45 004b 0054F668 		.ascii	"\000T\366h\343\277\251\274l- e\012\020I\306\025\214"
  45      E3BFA9BC 
  45      6C2D2065 
  45      0A1049C6 
  45      158C
  46 005d 6C8C407A 		.ascii	"l\214@z}\320\201\206\377\377\233\033\032>\032\314S\005"
  46      7DD08186 
  46      FFFF9B1B 
  46      1A3E1ACC 
  46      5305
  47 006f 4A7C0062 		.ascii	"J|\000b\2205\037\231\230@4\363+F&\220R\260i\037\230"
  47      90351F99 
  47      984034F3 
  47      2B462690 
  47      52B0691F 
  48 0084 18416240 		.ascii	"\030Ab@\025^\372\031\371\271\251\372\305\2519\231\271"
  48      155EFA19 
  48      F9B9A9FA 
  48      C5A93999 
  48      B9
ARM GAS  /tmp/ccs0ti6d.s 			page 3


  49 0095 FAE5F945 		.ascii	"\372\345\371E\331\231y\351\372\316\031\231I\231\376"
  49      D99979E9 
  49      FACE1999 
  49      4999FE
  50 00a4 C1FAF9C5 		.ascii	"\301\372\371\305\372\311\371\271\271\371y\372\305%\211"
  50      FAC9F9B9 
  50      B9F979FA 
  50      C52589
  51 00b3 4525A505 		.ascii	"E%\245\005\372\216A\276\316\276\025 \321\202\314\234"
  51      FA8E41BE 
  51      CEBE1520 
  51      D182CC9C 
  52 00c3 D4A2627D 		.ascii	"\324\242b}wgg\375\344\242\022C\275d\006\000 \032G`"
  52      776767FD 
  52      E4A21243 
  52      BD640600 
  52      201A4760 
  53              		.text
  54              		.section	.gnu.lto___early_init.75cf5918a54aaa8d,"",%progbits
  55 0000 789C6361 		.ascii	"x\234ca\200\200* \366\001bi fdf`d\232p\216\201\241\221"
  55      80802A20 
  55      F6016269 
  55      20666466 
  55      60649A70 
  56 0018 83899111 		.ascii	"\203\211\221\021\304h\340`d\250gb\254g\374\312\364\227"
  56      C468E060 
  56      64A86762 
  56      AC67FCCA 
  56      F497
  57 002a 89F150FB 		.ascii	"\211\361P\373\263\235L\232\313\033\200\340\301\323u"
  57      B39D4C9A 
  57      CB1B80E0 
  57      C1D375
  58 0039 860D2B0E 		.ascii	"\206\015+\0160\266230\374g\202\030\305\270\234Q\223"
  58      30B63233 
  58      30FC6782 
  58      18C5B89C 
  58      5193
  59 004b 01A8ECD1 		.ascii	"\001\250\354\321\306\177Sy\331Z@\312\024 \222\214+\030"
  59      C67F5379 
  59      D95A40CA 
  59      1420928C 
  59      2B18
  60 005d D91881F4 		.ascii	"\331\030\201\364\372\240\003\015\377\377774|V`\004\212"
  60      FAA0030D 
  60      FFFF3737 
  60      347C5660 
  60      048A
  61 006f 7F006290 		.ascii	"\177\000b\220-\037\231\230@4\363+F&\220J\260a\037\230"
  61      2D1F9998 
  61      4034F32B 
  61      4626904A 
  61      B0611F98 
  62 0083 18416240 		.ascii	"\030Ab@\025^\372\031\371\271\251\372\305\2519\231\271"
  62      155EFA19 
  62      F9B9A9FA 
  62      C5A93999 
ARM GAS  /tmp/ccs0ti6d.s 			page 4


  62      B9
  63 0094 FAE5F945 		.ascii	"\372\345\371E\331\231y\351\372\316\031\231I\231\376"
  63      D99979E9 
  63      FACE1999 
  63      4999FE
  64 00a3 C1FAF9C5 		.ascii	"\301\372\371\305\372\311\371\271\271\371y\372\305%\211"
  64      FAC9F9B9 
  64      B9F979FA 
  64      C52589
  65 00b2 4525A505 		.ascii	"E%\245\005\372\216A\276\316\276\025 \321\202\314\234"
  65      FA8E41BE 
  65      CEBE1520 
  65      D182CC9C 
  66 00c2 D4A2627D 		.ascii	"\324\242b}wgg\375\344\242\022C\275d\006\000\345\177"
  66      776767FD 
  66      E4A21243 
  66      BD640600 
  66      E57F
  67 00d4 46F7     		.ascii	"F\367"
  68              		.text
  69              		.section	.gnu.lto___late_init.75cf5918a54aaa8d,"",%progbits
  70 0000 789C6361 		.ascii	"x\234ca\200\200* \366\001bi fdf`d\232p\216\201\241\221"
  70      80802A20 
  70      F6016269 
  70      20666466 
  70      60649A70 
  71 0018 83899111 		.ascii	"\203\211\221\021\304h\340`d\250gb\254g\374\312\364\227"
  71      C468E060 
  71      64A86762 
  71      AC67FCCA 
  71      F497
  72 002a 89F150FB 		.ascii	"\211\361P\373\263\235L\232\313\033\200\340\301\322m"
  72      B39D4C9A 
  72      CB1B80E0 
  72      C1D26D
  73 0039 860D2B0E 		.ascii	"\206\015+\0160\266230\374g\202\030\305\270\234Q\223"
  73      30B63233 
  73      30FC6782 
  73      18C5B89C 
  73      5193
  74 004b 01A8ECD1 		.ascii	"\001\250\354\321\306\177Sy\331Z@\312\024 \222\214+\030"
  74      C67F5379 
  74      D95A40CA 
  74      1420928C 
  74      2B18
  75 005d D91881F4 		.ascii	"\331\030\201\364\372\240\003\015\377\377774|T`\004\212"
  75      FAA0030D 
  75      FFFF3737 
  75      347C5460 
  75      048A
  76 006f 7F006290 		.ascii	"\177\000b\220-\037\231\230@4\363+F&\220J\260a\037\230"
  76      2D1F9998 
  76      4034F32B 
  76      4626904A 
  76      B0611F98 
  77 0083 18416240 		.ascii	"\030Ab@\025^\372\031\371\271\251\372\305\2519\231\271"
  77      155EFA19 
ARM GAS  /tmp/ccs0ti6d.s 			page 5


  77      F9B9A9FA 
  77      C5A93999 
  77      B9
  78 0094 FAE5F945 		.ascii	"\372\345\371E\331\231y\351\372\316\031\231I\231\376"
  78      D99979E9 
  78      FACE1999 
  78      4999FE
  79 00a3 C1FAF9C5 		.ascii	"\301\372\371\305\372\311\371\271\271\371y\372\305%\211"
  79      FAC9F9B9 
  79      B9F979FA 
  79      C52589
  80 00b2 4525A505 		.ascii	"E%\245\005\372\216A\276\316\276\025 \321\202\314\234"
  80      FA8E41BE 
  80      CEBE1520 
  80      D182CC9C 
  81 00c2 D4A2627D 		.ascii	"\324\242b}wgg\375\344\242\022C\275d\006\000\274\361"
  81      776767FD 
  81      E4A21243 
  81      BD640600 
  81      BCF1
  82 00d4 46BD     		.ascii	"F\275"
  83              		.text
  84              		.section	.gnu.lto___default_exit.75cf5918a54aaa8d,"",%progbits
  85 0000 789C6361 		.ascii	"x\234ca\200\200J \366\001bS fde`d\232p\216\201\241\221"
  85      80804A20 
  85      F6016253 
  85      20666465 
  85      60649A70 
  86 0018 83899119 		.ascii	"\203\211\221\031\304`dfd\201\010\260@\004\034\031\031"
  86      C4606466 
  86      648108B0 
  86      40041C19 
  86      19
  87 0029 EA999859 		.ascii	"\352\231\230Y\030\201\004\324\200\257L\177\231\030\017"
  87      188104D4 
  87      80AF4C7F 
  87      99180F
  88 0038 B53FDBC9 		.ascii	"\265?\333\311\244\271\274\001\010\036\034\335m\330\260"
  88      A4B9BC01 
  88      081E1CDD 
  88      6DD8B0
  89 0047 E200632B 		.ascii	"\342\000c+P\301\177&\210\032\306\345\214\232\014@e\217"
  89      50C17F26 
  89      881AC6E5 
  89      8C9A0C40 
  89      658F
  90 0059 36FE9BCA 		.ascii	"6\376\233\312\313\326\002R\246\000\221d\\\301\310\306"
  90      CBD60252 
  90      A6009164 
  90      5CC1C8C6 
  91 0069 08A4D707 		.ascii	"\010\244\327\007\035h\370\377\277\271\241\341\273\301"
  91      1D68F8FF 
  91      BFB9A1E1 
  91      BBC1
  92 0077 6F55A0C0 		.ascii	"oU\240\300\007\240$#\220d\002:\341\003\320.\240\335"
  92      07A02423 
  92      9064023A 
ARM GAS  /tmp/ccs0ti6d.s 			page 6


  92      E103D02E 
  92      A0DD
  93 0089 8C1F9858 		.ascii	"\214\037\230X\2404#\330T/\375\214\374\334T\375\342\324"
  93      A03423D8 
  93      542FFD8C 
  93      FCDC54FD 
  93      E2D4
  94 009b 9CCC5CFD 		.ascii	"\234\314\\\375\362\374\242\354\314\274t}\347\214\314"
  94      F2FCA2EC 
  94      CCBC747D 
  94      E78CCC
  95 00aa A44CFF60 		.ascii	"\244L\377`\375\374b\375\344\374\334\334\374<\375\342"
  95      FDFC62FD 
  95      E4FCDCDC 
  95      FC3CFDE2 
  96 00ba 92C4A292 		.ascii	"\222\304\242\222\322\002}\307 _g\337\012\220hAfNjQ\261"
  96      D2027DC7 
  96      205F67DF 
  96      0A906841 
  96      664E6A51 
  97 00cf BEBBB3B3 		.ascii	"\276\273\263\263~rQ\211\241^2\003\000\021\304J>"
  97      7E725189 
  97      A15E3203 
  97      0011C44A 
  97      3E
  98              		.text
  99              		.section	.gnu.lto___init_ram_areas.75cf5918a54aaa8d,"",%progbits
 100 0000 789C8D54 		.ascii	"x\234\215T]L\\E\024\2363s\357\335\273{\027v\033\360"
 100      5D4C5C45 
 100      149E3373 
 100      EFDDBB7B 
 100      17761BF0 
 101 0014 AD263CC8 		.ascii	"\255&<\310C_\274\342\223\361\3054<\230\230\240i\325"
 101      435FBCE2 
 101      93F1C534 
 101      3C9898A0 
 101      69D5
 102 0026 47A31589 		.ascii	"G\243\025\211\335\264\260\233\205F\037L\366\302.j\253"
 102      DDB4B09B 
 102      85461F4C 
 102      F6C22E6A 
 102      AB
 103 0037 3110D306 		.ascii	"1\020\323\006\371\221\230\306\024K\313B\353O\027Z\273"
 103      F99198C6 
 103      144BCB42 
 103      EB4F175A 
 103      BB
 104 0048 20164B56 		.ascii	" \026KV\264\244\351\2231\272F\222\2421\273,\215\261"
 104      B4A4E993 
 104      31BA4692 
 104      A231BB2C 
 104      8DB1
 105 005a B1E03967 		.ascii	"\261\3409g.q\241\326t\223\2753s\346\234\357|\347\233"
 105      2E71A1D6 
 105      7493BD33 
 105      73E69CEF 
 105      7CE79B
ARM GAS  /tmp/ccs0ti6d.s 			page 7


 106 006d 996308FD 		.ascii	"\231c\010\375\353\261\204x\036\307\217\361\017a\001"
 106      EBB18478 
 106      1EC78FF1 
 106      0F6101
 107 007c B26F4988 		.ascii	"\262oI\210n[\202\322\023\005\246\236\030z2k\233\322"
 107      6E5B82D2 
 107      1305A69E 
 107      187A326B 
 107      9BD2
 108 008e 78774108 		.ascii	"xwA\010/de\002\302\013[`\223\035\002z\234\265m\031\320"
 108      2F646502 
 108      C20B5B60 
 108      931D027A 
 108      9CB56D19 
 109 00a3 FB41DE0F 		.ascii	"\373A\336\017Jgb\236\226\241b\020\227\216\006\336\033"
 109      4A67629E 
 109      96A16210 
 109      978E06DE 
 109      1B
 110 00b4 02A0D1B3 		.ascii	"\002\240\321\263A\244\2442L+`\007\235\020\244\014% "
 110      41A4A432 
 110      4C2B6007 
 110      9D10A40C 
 110      2520
 111 00c6 6F201A7D 		.ascii	"o \032}\210\240\351\023\265\375\361\226\274#a\356\255"
 111      88A0E913 
 111      B5FDF196 
 111      BC2361EE 
 111      AD
 112 00d7 959CDC73 		.ascii	"\225\234\334s\312\303\337O\275\305&o,\017\275J\210M"
 112      CAC3DF4F 
 112      BDC5266F 
 112      2C0FBD4A 
 112      884D
 113 00e9 A97DE014 		.ascii	"\251}\340\024\354\021\350v-39\254\326e\257\0020pY\376"
 113      EC11E876 
 113      2D3339AC 
 113      D665AF02 
 113      307059FE 
 114 00fd 76F0975A 		.ascii	"v\360\227ZZJh\300eft,k\250\026 \317\323\177];\246\032"
 114      5A4A68C0 
 114      6566742C 
 114      6BA81620 
 114      CFD37F5D 
 115 0114 4F7A5E8F 		.ascii	"Oz^\217\227?\376\336\203\037x\371LC\257Rp\032\024\202"
 115      973FFEDE 
 115      831F78F9 
 115      4C43AF52 
 115      701A1482 
 116 0128 C227B01B 		.ascii	"\302'\260\033\306`7\203\243wqj\343x\215\225\241\364"
 116      C6603783 
 116      A377716A 
 116      E3788D95 
 116      A1F4
 117 013a 0D300E8D 		.ascii	"\0150\016\215:1\234\001\013\204PdA\247\371_\377^v\324"
 117      3A319C01 
 117      0B845064 
ARM GAS  /tmp/ccs0ti6d.s 			page 8


 117      41A7F95F 
 117      FF5E76D4 
 118 014e 3E86EF1E 		.ascii	">\206\357\036\037\032\016\373\360CK\021\037\336\200"
 118      1F1A0EFB 
 118      F0434B11 
 118      1FDE80
 119 015d B377C3C3 		.ascii	"\263w\303\303\004G\027\362G\263!\365\034Go,\337,\231"
 119      044717F2 
 119      47B321F5 
 119      1C476F2C 
 119      DF2C99
 120 0170 7EF4F052 		.ascii	"~\364\360R\330\353\353\266)8\373\037\301\223\320\230"
 120      D8EBEBB6 
 120      2938FB1F 
 120      C193D098 
 121 0180 DD9FF736 		.ascii	"\335\237\36767\323^\276\277\366\322\300\037\301\007"
 121      37D35EBE 
 121      BFF6D2C0 
 121      1FC107
 122 018f 401021C9 		.ascii	"@\020!\311\300\212=\014\376\332\374\015\261\335\341"
 122      C08A3D0C 
 122      FEDAFC0D 
 122      B1DDE1
 123 019e 7958206C 		.ascii	"yX l\015~\314\010\257\243\274\267\213\254ul\250g(!J"
 123      0D7ECC08 
 123      AFA3BCB7 
 123      8BAC756C 
 123      A8672821 
 124 01b3 586E4988 		.ascii	"XnI\210\262\2248\250\"\364\220f\\\276.\375D\357\334"
 124      B29438A8 
 124      22F49066 
 124      5CBE2EFD 
 124      44EFDC
 125 01c6 770112DA 		.ascii	"w\001\022\332b\376\351\333\227+\265\251;\336\200\347"
 125      62FEE9DB 
 125      972BB5A9 
 125      3BDE80E7 
 126 01d6 45D17654 		.ascii	"E\321vTi\025\257\016\216\037\032\205\221\356>6\007\340"
 126      6915AF0E 
 126      8E1F1A85 
 126      91EE3E36 
 126      07E0
 127 01e8 1CA4608A 		.ascii	"\034\244`\212\012\301\275\315\325s\023A\035\342\365"
 127      0AC1BDCD 
 127      D5731341 
 127      1DE2F5
 128 01f7 03019D87 		.ascii	"\003\001\235\207Q\024\027>\205\224\240\314Jd\002\224"
 128      5114173E 
 128      8594A0CC 
 128      4A640294 
 129 0207 39CA94D2 		.ascii	"9\312\224\322\012\304\012\364L\227\257T\324\316\363"
 129      0AC40AF4 
 129      4C97AF54 
 129      D4CEF3
 130 0216 C112883B 		.ascii	"\301\022\210;\037\017\002|\006VZ\205\252I*&\371\347"
 130      1F0F027C 
 130      06565A85 
ARM GAS  /tmp/ccs0ti6d.s 			page 9


 130      AA492A26 
 130      F9E7
 131 0228 C2E2DB61 		.ascii	"\302\342\333a\242CQ/b\3156\202\302\347>\237\017\007"
 131      A243512F 
 131      62CD3682 
 131      C2E73E9F 
 131      0F07
 132 023a 2E546ADD 		.ascii	".Tj\335\263D4\010_ \225\015\276jp\001\\\201,\274'\010"
 132      B3443408 
 132      5F20950D 
 132      BE6A7001 
 132      5C812CBC 
 133 0250 97522136 		.ascii	"\227R!63\351_P:\225\263\023\373\205\377\305\31616\020"
 133      33E95F50 
 133      3A95B313 
 133      FB85FFC5 
 133      CE313610 
 134 0264 F6F436EC 		.ascii	"\366\3646\354I\302v\204X\003\330.)j\377\320\226\252"
 134      49C27684 
 134      5803D82E 
 134      296AFFD0 
 134      96AA
 135 0276 30032939 		.ascii	"0\003)9\026H\253z\247p\353%\224\311\020\370\026\025"
 135      1648AB7A 
 135      A770EB25 
 135      94C910F8 
 135      1615
 136 0288 12BA7DEC 		.ascii	"\022\272}\354F\3561\315\250\246\272xc[\361\250t(\215"
 136      46EE31CD 
 136      A8A6BA78 
 136      635BF1A8 
 136      74288D
 137 029b CFE32251 		.ascii	"\317\343\"Q\203K$9\306\236\370\250\206\"w\026\022ag"
 137      834B2439 
 137      C69EF8A8 
 137      86227716 
 137      126167
 138 02ae E53B7F89 		.ascii	"\345;\177\211\316\210\215\376\351\3417\177\314=\242"
 138      CE888DFE 
 138      E9E1377F 
 138      CC3DA2
 139 02bd 7345C881 		.ascii	"sE\310\201ng\021\344\277eD\264\327J\356Q\355\025\245"
 139      6E6711E4 
 139      BF6544B4 
 139      D74AEE51 
 139      ED15A5
 140 02d0 9CD55E2C 		.ascii	"\234\325^,d\224\017\332\024\330'\374\223\346`%\364\202"
 140      64940FDA 
 140      14D827FC 
 140      93E66025 
 140      F482
 141 02e2 7DA43EF6 		.ascii	"}\244>\366\302yS#\205\267\027so\235/\263\316\374l\363"
 141      C2795323 
 141      85B71773 
 141      6F9D2FB3 
 141      CEFC6CF3 
 142 02f6 A8F3CF90 		.ascii	"\250\363\317\220YJwh\014\2050t\270k \3614\325\017\345"
ARM GAS  /tmp/ccs0ti6d.s 			page 10


 142      594A7768 
 142      0C853074 
 142      B86B20F1 
 142      34D50FE5 
 143 030a 37908B51 		.ascii	"7\220\213Q\250\274\262\006\270\345\250\337\311\0201"
 143      A8BCB206 
 143      B8E5A8DF 
 143      C91031
 144 0319 2E564860 		.ascii	".VH`\213\356!\272b&e\002\032\002[\212\257\227\256\237"
 144      8BEE21BA 
 144      62266502 
 144      1A025B8A 
 144      AF97AE9F 
 145 032d 54F7D6CD 		.ascii	"T\367\326\315\360u\233E\"\325\007\022\302\367:\207;"
 145      F0759B45 
 145      22D50712 
 145      C2F73A87 
 145      3B
 146 033e ACD08D69 		.ascii	"\254\320\215i_\307:\012\270K\307:V\310&\205\240J!\203"
 146      5FC73A0A 
 146      B84BC73A 
 146      56C82685 
 146      A04A2183 
 147 0352 4599BABE 		.ascii	"E\231\272\276%\312\256\373\025\345+\026\205/\322\374"
 147      25CAAEFB 
 147      15E52B16 
 147      852FD2FC 
 148 0362 0E510C84 		.ascii	"\016Q\014\204\321\242\340\314\266\360\250\353\002g\370"
 148      D1A2E0CC 
 148      B6F0A8EB 
 148      0267F8
 149 0371 8A054901 		.ascii	"\212\005I\001f[|\\\373\326c\002\204^.\025F\034\335}"
 149      665B7C5C 
 149      FBD66302 
 149      845E2E15 
 149      461CDD7D 
 150 0385 A3F07515 		.ascii	"\243\360u\025w~\260\365\032~fD\321\303\3045F\014\316"
 150      777EB0F5 
 150      1A7E6644 
 150      D1C3C435 
 150      460CCE
 151 0398 AC2F9A14 		.ascii	"\254/\232\024\341\200}\377}c\241\252o\364/\016\255\232"
 151      E1807DFF 
 151      7D63A1AA 
 151      6FF42F0E 
 151      AD9A
 152 03aa 4D590FF7 		.ascii	"MY\017\367\274#X*|\203%\301\025\335\036q\377\235\337"
 152      BC23582A 
 152      7C8325C1 
 152      15DD1E71 
 152      FF9DDF
 153 03bd 6E7E1FF1 		.ascii	"n~\037\361\373\312>z\372W\241\011\253]\344\256B\215"
 153      FBCA3E7A 
 153      FA57A109 
 153      AB5DE4AE 
 153      428D
 154 03cf CD11EF5B 		.ascii	"\315\021\357[P\226!jl\253\330\330\312O\353\276\301\233"
ARM GAS  /tmp/ccs0ti6d.s 			page 11


 154      5096216A 
 154      6CABD8D8 
 154      CA4FEBBE 
 154      C19B
 155 03e1 8056BC32 		.ascii	"\200V\2742O\271\007\343\355mng\333\341X\273\373Z<y("
 155      4FB907E3 
 155      ED6D6E67 
 155      DBE158BB 
 155      FB5A3C79 
 156 03f6 D6F1AADB 		.ascii	"\326\361\252\333|0\366r\354\231g\335x\247\333\032oo"
 156      7C30F672 
 156      EC9967DD 
 156      78A7DB1A 
 156      6F6F
 157 0408 8F77B89D 		.ascii	"\217w\270\235]\007\222]G\022\356\336\375-\315-\257\223"
 157      5D07925D 
 157      4712EEDE 
 157      FD2DCD2D 
 157      AF93
 158 041a 35113BDC 		.ascii	"5\021;\334\226\354t\237lnv[\223]M\017\267\012\225<\220"
 158      96EC749F 
 158      6C6E765B 
 158      935D4D0F 
 158      B70A953C 
 159 042f 905D0948 		.ascii	"\220]\011H\374\003v\034:\361"
 159      FC03761C 
 159      3AF1
 160              		.text
 161              		.section	.gnu.lto_ram_areas.75cf5918a54aaa8d,"",%progbits
 162 0000 789C75D1 		.ascii	"x\234u\321KO\023Q\030\306\361y\347\264\0147\301\013"
 162      4B4F1351 
 162      18C6F179 
 162      E7B40C37 
 162      C10B
 163 0012 2062D56F 		.ascii	" b\325o\340\011\256\272!\201tab$\032\375\004\32042\221"
 163      E009AEBA 
 163      21817461 
 163      62241AFD 
 163      04D03432 
 164 0027 32A453A3 		.ascii	"2\244S\243\273\316\202Qd\317\012\027.4\210\012\026Q"
 164      BBCE8251 
 164      64CF0A17 
 164      2E34880A 
 164      1651
 165 0039 B055A402 		.ascii	"\260U\244\002U\361\216\310\312\215\013\342\312\225\301"
 165      55F18EC8 
 165      CA8D0BE2 
 165      CA95C1
 166 0048 90805C4E 		.ascii	"\220\200\\N\347\231\205N\363\316b\376'\35799\371e&\244"
 166      E799854E 
 166      F3CE62FE 
 166      27EF3939 
 166      F96526A4 
 167 005c E1E9086B 		.ascii	"\341\351\010k\332Y\177\275\255S.\367\353\273\221\331"
 167      DA597FBD 
 167      AD532EF7 
 167      EBBB91D9 
ARM GAS  /tmp/ccs0ti6d.s 			page 12


 168 006c 76061DE7 		.ascii	"v\006\035\347\307\335\315\363\206+\264\233\242l\313"
 168      C7DDCDF3 
 168      862BB49B 
 168      A26CCB
 169 007b 99226F83 		.ascii	"\231\"o\203\3126lo\256\227\315\253\274\271\360\346\177"
 169      CA366C6F 
 169      AE97CDAB 
 169      BCB9F0E6 
 169      7F
 170 008c 7EAECD55 		.ascii	"~\256\315UF\247\235\301\333N\273+hG\327\350>evt\242"
 170      46A79DC1 
 170      DB4EBB2B 
 170      6847D7E8 
 170      3E657674 
 171 00a1 B15274BA 		.ascii	"\261Rt\272W\212\240Q\312\224\216\257\017\271\033b]w"
 171      578AA051 
 171      CA948EAF 
 171      0FB91B62 
 171      5D77
 172 00b3 854EC6FF 		.ascii	"\205N\306\377\267\026fo\264y\367\2068`\230\001V0@\203"
 172      B716666F 
 172      B479F786 
 172      38609801 
 172      56304083 
 173 00c7 0366017C 		.ascii	"\003f\001|\004\340\004\200\343\000\256m\215\347\353"
 173      04E00480 
 173      E300AE6D 
 173      8DE7EB
 174 00d6 00AC0800 		.ascii	"\000\254\010\000g|`%\007\254b\200\325\014\260\206\003"
 174      677C6025 
 174      07AC6280 
 174      D50CB086 
 174      03
 175 00e7 4E03F814 		.ascii	"N\003\370\024\300'\000N\001\270t'\377\267\026\300p\000"
 175      C027004E 
 175      01B87427 
 175      FFB716C0 
 175      7000
 176 00f9 38E9036B 		.ascii	"8\351\003k9\340>\006X\307\000\3539\340\013\000\237\003"
 176      39E03E06 
 176      58C700EB 
 176      39E00B00 
 176      9F03
 177 010b 98073007 		.ascii	"\230\0070\007\340\362@\366\226\377\213C\001\340\210"
 177      E0F240F6 
 177      96FF8B43 
 177      01E088
 178 011a 0FDCCF01 		.ascii	"\017\334\317\001\0170\300\203\014\360\020\007\234\007"
 178      0F30C083 
 178      0CF01007 
 178      9C07
 179 0128 F0158005 		.ascii	"\360\025\200\005\000\347\000\234\377\235\035\365\277"
 179      00E7009C 
 179      FF9D1DF5 
 179      BF
 180 0135 A0080087 		.ascii	"\240\010\000\207}`\003\007ld\200M\014\3600\007|\013"
 180      7D600307 
ARM GAS  /tmp/ccs0ti6d.s 			page 13


 180      6C64804D 
 180      0CF03007 
 180      7C0B
 181 0147 E01B005F 		.ascii	"\340\033\000_\003X\004\260\270\273Q\250\007P\017\000"
 181      035804B0 
 181      B8BB51A8 
 181      07500F00 
 182 0157 77AF03D8 		.ascii	"w\257\003\330\314\001\2170\300\026\006x\224\003~\002"
 182      CC018F30 
 182      C0160678 
 182      94037E02 
 183 0167 F023801F 		.ascii	"\360#\200\037\000|\017\340\277\242-_\024\341D\307\030"
 183      007C0FE0 
 183      BFA22D5F 
 183      14E144C7 
 183      18
 184 0178 D1714674 		.ascii	"\321qFt\202\023\255@\364\025\242e\210\276@40R\3344p"
 184      8213AD40 
 184      F415A265 
 184      88BE4034 
 184      3052DC34 
 185 018d DC11AE10 		.ascii	"\334\021\256\020\324\032\241o\024\245S\021\372\254\362"
 185      D41AA16F 
 185      14A55311 
 185      FAACF2
 186 019c 8E22B4A4 		.ascii	"\216\"\264\244\272\250\272\240\372RuV\365\231\352\214"
 186      BAA8BAA0 
 186      FA527556 
 186      F599EA8C 
 187 01ac EA63D549 		.ascii	"\352c\325I\325\207\252\017(\252\321\252z\235\221=V2"
 187      D587AA0F 
 187      28AAD1AA 
 187      7A9D913D 
 187      5632
 188 01be 21ED44AF 		.ascii	"!\355D\257\231\224W\255\324e\263\357\222\214\365\230"
 188      999457AD 
 188      D465B3EF 
 188      928CF598 
 189 01ce DDE6B98B 		.ascii	"\335\346\271\213\322\262e\334J&\255>i\247\273R\351+"
 189      D2B265DC 
 189      4A26AD3E 
 189      69A7BB52 
 189      E92B
 190 01e0 FDB2E342 		.ascii	"\375\262\343Bg\254\363Zi\332o\366&R\266<\035\213\311"
 190      67ACF35A 
 190      69DA6FF6 
 190      2652B63C 
 190      1D8BC9
 191 01f3 782ADD7A 		.ascii	"x*\335z2\256\355\001\252\375$("
 191      32AEED01 
 191      AAFD2428 
 192              		.text
 193              		.section	.gnu.lto_.symbol_nodes.75cf5918a54aaa8d,"",%progbits
 194 0000 789C55CD 		.ascii	"x\234U\315IR\302`\024E\341\223Ni\354\022QP@\302J\330"
 194      4952C260 
 194      1445E193 
 194      4E69EC12 
ARM GAS  /tmp/ccs0ti6d.s 			page 14


 194      515040C2 
 195 0016 0CFBF859 		.ascii	"\014\373\370Y\002\353a$\215\015\240\021\020E\245Q\304"
 195      02EB6124 
 195      8D0DA011 
 195      1045A551 
 195      C4
 196 0027 8590DC89 		.ascii	"\205\220\334\211\225\311\373\252N\335\252\347\002M+"
 196      95C9FBAA 
 196      4EDDAAE7 
 196      024D2B
 197 0036 3EF62D06 		.ascii	">\366-\006\332\021\011\235V=.]\214\225.=\214\235.}\214"
 197      DA11099D 
 197      563D2E5D 
 197      8C952E3D 
 197      8C9D2E7D 
 198 004b F35FFCB8 		.ascii	"\363_\374\270\0140nj\3435h\005\340xwXa\374\311\273\307"
 198      0C306E6A 
 198      E3356805 
 198      E0787758 
 198      61FCC9BB 
 199 0060 960F38F2 		.ascii	"\226\0178\362\021W\016\361\344\210\0039\346P>\221\221"
 199      11570EF1 
 199      E4880339 
 199      E6503E91 
 199      91
 200 0071 CF646544 		.ascii	"\317deDN\276\220\227\023\216\344\224c9\343D\276r*\347"
 200      4EBE9097 
 200      138EE494 
 200      6339E344 
 200      BE722AE7 
 201 0085 9CC9377C 		.ascii	"\234\3117|\371N \027\234\313\017\012\362\223\013\371"
 201      F94E2017 
 201      9CCB0F0A 
 201      F2930BF9 
 202 0095 C5A55C52 		.ascii	"\305\245\\R\224+Jr\315\225\334p-\277)\313\037*rKU\376"
 202      942B4A72 
 202      CD95DC70 
 202      2DBF29CB 
 202      1F2A724B 
 203 00ab 722377D4 		.ascii	"r#w\324\344\037a\"{\027\2628\344"
 203      E41F6122 
 203      7B17B238 
 203      E4
 204              		.text
 205              		.section	.gnu.lto_.refs.75cf5918a54aaa8d,"",%progbits
 206 0000 789C0DC3 		.ascii	"x\234\015\303\007\016\202@\000\000\260K\303!.\206\270"
 206      070E8240 
 206      0000B04B 
 206      C3212E86 
 206      B8
 207 0011 9021435E 		.ascii	"\220!C^\303\377\377#M\232\204\020\266\275D$\016c\224"
 207      C3FFFF23 
 207      4D9A8410 
 207      B6BD4424 
 207      0E6394
 208 0024 3AC81C9D 		.ascii	":\310\034\235\234]\\\345\012\245\312M\355\356\341\351"
 208      9C5D5CE5 
ARM GAS  /tmp/ccs0ti6d.s 			page 15


 208      0AA5CA4D 
 208      EDEEE1E9 
 209 0034 E5ADF1D1 		.ascii	"\345\255\361\321\352\364\006_\243\311l\361\263\206?"
 209      EAF4065F 
 209      A3C96CF1 
 209      B3863F
 210 0043 7C710399 		.ascii	"|q\003\231"
 211              		.text
 212              		.section	.gnu.lto_.decls.75cf5918a54aaa8d,"",%progbits
 213 0000 789C8596 		.ascii	"x\234\205\226kP\024W\026\307\373\316\035a\030\306\201"
 213      6B501457 
 213      16C7FBCE 
 213      1D6118C6 
 213      81
 214 0011 422A65A5 		.ascii	"B*e\245LBR\244tk\023'\370\374\232-\2676U[\225\335\255"
 214      4C4252A4 
 214      746B1327 
 214      F8FC9A2D 
 214      B736555B 
 215 0028 CD6EBE4E 		.ascii	"\315n\276N!N\342T`\260`\250\350\267\026\004A%\014\276"
 215      214EE254 
 215      60B060A8 
 215      E8B71604 
 215      41250CBE 
 216 003c 86970FD4 		.ascii	"\206\227\017\324\210\020\024\004\007\345!N\224\020\344"
 216      88101404 
 216      07E5214E 
 216      9410E4
 217 004b 25888AC8 		.ascii	"%\210\212\310\033T\004A\021P\004T\366\334s{\236=d\273"
 217      1B540441 
 217      11500454 
 217      F6DC737B 
 217      9E3D64BB 
 218 005f F8F7F4ED 		.ascii	"\370\367\364\3559\277\377\271\367\334\323\315(\005~"
 218      39BFFFB9 
 218      F7DCD3CD 
 218      28057E
 219 006e 7C182C08 		.ascii	"|\030,\010\337QA\330\243\020\204E8\374\341\336\267\202"
 219      DF5141D8 
 219      A3108445 
 219      38FCE1DE 
 219      B782
 220 0080 EB58062A 		.ascii	"\353X\006*\001\225\201l\240*P\015\350cP\037h\0004\004"
 220      0195816C 
 220      A02A500D 
 220      E863501F 
 220      68003404 
 221 0094 7A087A0C 		.ascii	"z\010z\014z\002\032\003\215\203\236\201&AS\240\031\320"
 221      7A021A03 
 221      8D839E81 
 221      264153A0 
 221      19D0
 222 00a6 2BD06BD0 		.ascii	"+\320k\320<\350\015\350\035K@\004A\001R\202\374@*\220"
 222      3CE80DE8 
 222      1D4B4004 
 222      41015282 
 222      FC402A90 
ARM GAS  /tmp/ccs0ti6d.s 			page 16


 223 00ba 1AA40169 		.ascii	"\032\244\001iA\301\240\020P(\350=\320J\320\373\240U"
 223      41C1A010 
 223      5028E83D 
 223      D04AD0FB 
 223      A055
 224 00cc A00F89E0 		.ascii	"\240\017\211\340q\224p;\347\374\211t\317\373(\363\021"
 224      7194703B 
 224      E7FC8974 
 224      CFFB28F3 
 224      11
 225 00dd 57E623CE 		.ascii	"W\346#\316\346#\316\346#\256\312G\\\225\2178V7\215\024"
 225      E623CEE6 
 225      23AECA47 
 225      5C958F38 
 225      56378D14 
 226 00f1 17020A05 		.ascii	"\027\002\012\005}\004\301\315\360\271\032\024\006\327"
 226      7D04C1CD 
 226      F0B91A14 
 226      06D7
 227 00ff BDF0D903 		.ascii	"\275\360\331\003\372\030\256\233\340\363_ %\250\023"
 227      FA18AE9B 
 227      E0F35F20 
 227      25A813
 228 010e D401BA03 		.ascii	"\324\001\272\003\272-\345\250\221>\373\274\362\364I"
 228      BA2DE5A8 
 228      913EFBBC 
 228      F2F449
 229 011d 4CB3E4C5 		.ascii	"L\263\344\305\362\364.\341\303\2160\201\327r\225T\333"
 229      F2F42EE1 
 229      C38E3081 
 229      D7729554 
 229      DB
 230 012e 9552AD43 		.ascii	"\225R\255C\245\332\007K{\241\221\366F%\355\225R\332"
 230      A5DA074B 
 230      7BA191F6 
 230      4625ED95 
 230      52DA
 231 0140 3B3609B6 		.ascii	";6\011\266\227lO\331\336\262=f{\315\366\234\355=\353"
 231      976C4FD9 
 231      DEB23D66 
 231      7BCDF69C 
 231      ED3DEB
 232 0153 01D60BAC 		.ascii	"\001\326\013\254'Xo\260\036a\275\302z\206\365\316\200"
 232      27586FB0 
 232      1E61BDC2 
 232      7A86F5CE 
 232      80
 233 0164 D7FCDF2A 		.ascii	"\327\374\337*\310\325\216\205Ve7\351\"\320\226$\230"
 233      C8D58E85 
 233      566537E9 
 233      22D09624 
 233      98
 234 0175 5795F033 		.ascii	"W\225\3603A\011\\8\204\013\005\236\005\327-\342\010"
 234      41095C38 
 234      840B059E 
 234      05D72DE2 
 234      08
ARM GAS  /tmp/ccs0ti6d.s 			page 17


 235 0186 94C60AC7 		.ascii	"\224\306\012\307\245\3404\303?\211\307\336\307\203\257"
 235      A5E034C3 
 235      3F89C7DE 
 235      C783AF
 236 0195 C7E94E24 		.ascii	"\307\351N$\210\217\035\373K\244\261\302\225\200\360"
 236      888F1DFB 
 236      4BA4B1C2 
 236      9580F0
 237 01a4 A10370F3 		.ascii	"\241\003p\363\343\323\225\354\\sv\256\2118\026}\371"
 237      E3D395EC 
 237      5C7376AE 
 237      8938167D 
 237      F9
 238 01b5 41C6EF7E 		.ascii	"A\306\357~\024*\012\327-=\023\305\313\250\026\257K\363"
 238      142A0AD7 
 238      2D3D13C5 
 238      CBA816AF 
 238      4BF3
 239 01c7 DEB4AB94 		.ascii	"\336\264\253\224\260\304BByd\377\334\271\277\255-\026"
 239      B0C44242 
 239      7964FFDC 
 239      B9BFAD2D 
 239      16
 240 01d8 E1B088A2 		.ascii	"\341\260\210\242\342\317\256\272\265\357)\315\2433\012"
 240      E2CFAEBA 
 240      B5EF29CD 
 240      A3330A
 241 01e7 12A2264A 		.ascii	"\022\242&J\030\276h\311\031\326\3020TM\302`\370\366"
 241      18BE68C9 
 241      19D6C230 
 241      544DC260 
 241      F8F6
 242 01f9 666E8E62 		.ascii	"fn\216b\345Q\344\222\3040%\371\366=r\236\254\"\305d"
 242      E551E492 
 242      C43025F9 
 242      F63D729E 
 242      AC22C564 
 243 020d 154CE302 		.ascii	"\025L\343\002Y\011\347\255J\356Tw\277\353\221\372\223"
 243      5909E7AD 
 243      4AEE5477 
 243      BFEB91FA 
 243      93
 244 021e 93E2C993 		.ascii	"\223\342\311\223\342\300\334@\350\321$\261\001r\205"
 244      E2C0DC40 
 244      E8D124B1 
 244      017285
 245 022d B128728E 		.ascii	"\261(r\216P\362\013Y\013\321ED\311Fl\025\005\244\033"
 245      50F20B59 
 245      0BD14544 
 245      C9466C15 
 245      05A41B
 246 0240 D655423E 		.ascii	"\326UB>ay'2Z\203\350\367K\314\276\363\336\221\226\000"
 246      61792732 
 246      5A83E8F7 
 246      4BCCBEF3 
 246      DE919600 
 247 0254 6E6D7FD5 		.ascii	"nm\177\325\250\021-\371\242\370%\032\227:\215/\202q"
ARM GAS  /tmp/ccs0ti6d.s 			page 18


 247      A8112DF9 
 247      A2F8251A 
 247      973A8D2F 
 247      8271
 248 0266 A9BB7119 		.ascii	"\251\273q\031\032?\2773\331G\251y\011c{\312[\255\344"
 248      1A3FBF33 
 248      D947A979 
 248      09637BCA 
 248      5BADE4
 249 0279 5BD6E4EE 		.ascii	"[\326\344\356[\356\364\275\004\276\345\356\2766\364"
 249      5BEEF4BD 
 249      04BEE5EE 
 249      BE36F4
 250 0288 2DEC7A79 		.ascii	"-\354zy=\220\212\004\215O\334\034\312\327\320\014>\030"
 250      3D908A04 
 250      8D4FDC1C 
 250      CAD7D00C 
 250      3E18
 251 029a 7D72A73B 		.ascii	"}r\247;\210e\271\354\3102\234\326^\023\340\310K\256"
 251      8865B9EC 
 251      C8329CD6 
 251      5E13E0C8 
 251      4BAE
 252 02ac 1025BB79 		.ascii	"\020%\273y\370\365\302d\020\313\235/\332{<rW8sWB\356"
 252      F8F5C264 
 252      10CB9D2F 
 252      DA7B3C72 
 252      57387357 
 253 02c2 0AF7DC55 		.ascii	"\012\367\334U\230\273-k\177\012\241Y<\335\320\350\255"
 253      98BB2D6B 
 253      7F0AA159 
 253      3CDDD0E8 
 253      AD
 254 02d3 01C27C4A 		.ascii	"\001\302|JE\273\245\025|v;|\252\035>\002\273t\231\324"
 254      45BBA515 
 254      7C763B7C 
 254      AA1D3E02 
 254      BB7499D4 
 255 02e7 A04965EB 		.ascii	"\240Ie\353\241\033ZZ\310M*\036\337\254W\363.\020\011"
 255      A11B5A5A 
 255      C84D2A1E 
 255      DFAC57F3 
 255      2E1009
 256 02fa DBF77B4F 		.ascii	"\333\367{O\353\010o\003Q\005\343\231}\311\263R\227\370"
 256      EB086F03 
 256      5105E399 
 256      7DC9B352 
 256      97F8
 257 030c C3B07AA8 		.ascii	"\303\260z\250-Q\243N\225\332\"\244A\313\276p\365\305"
 257      2D51A34E 
 257      95DA22A4 
 257      41CBBE70 
 257      F5C5
 258 031e AF440D67 		.ascii	"\257D\015g\335*b\207!\204\347T\3174.\34343\333;]\227"
 258      DD2A6287 
 258      2184E754 
 258      CF342EE3 
ARM GAS  /tmp/ccs0ti6d.s 			page 19


 258      3433DB3B 
 259 0334 A8A4E53C 		.ascii	"\250\244\345<soC\341/\314y\265\232\260\346\017\202["
 259      736F43E1 
 259      2FCC79B5 
 259      9AB0E60F 
 259      825B
 260 0346 25E39573 		.ascii	"%\343\225s\313\371-\026q;c\352\214?\255\305pE}zyY Y"
 260      CBF92D16 
 260      713B63EA 
 260      8C3FADC5 
 260      70457D7A 
 261 035e A33ECB72 		.ascii	"\243>\313r\017\224\267\3765s/\3643i jR\357Z\356j\310"
 261      0F94B7FE 
 261      35732FF4 
 261      3369206A 
 261      52EF5AEE 
 262 0374 2FC0F412 		.ascii	"/\300\364\022\245\351\011\316\311\221\337\311\032f\314"
 262      A5E909CE 
 262      C991DFC9 
 262      1A66CC
 263 0383 02C96F70 		.ascii	"\002\311op\263\216O\261\360L\346)?\372\216'\311\276"
 263      B38E4FB1 
 263      F04CE629 
 263      3FFA8E27 
 263      C9BE
 264 0395 5434AB76 		.ascii	"T4\253v&9q0\034\036\234`\322\0049n\272r4\220\245\223"
 264      26397130 
 264      1C1E9C60 
 264      D204396E 
 264      BA723490 
 265 03ab 34FA4E22 		.ascii	"4\372N\"\336=\036\252\331\347\"\320\322U\266f\242\221"
 265      DE3D1EAA 
 265      D9E722D0 
 265      D255B666 
 265      A291
 266 03bd 1ECAA6E6 		.ascii	"\036\312\246\346\364Z\177z\221?\330\226gyW\003i5\037"
 266      F45A7F7A 
 266      913FD896 
 266      67795703 
 266      69351F
 267 03d0 DC9E6C3E 		.ascii	"\334\236l>\026\310K\031\354\266o\241\322\276\335\032"
 267      16C84B19 
 267      ECB66FA1 
 267      D2BEDD1A 
 268 03e0 9FBDA2A6 		.ascii	"\237\275\242\246\215\030\353wf\367\3566J\302\303\303"
 268      8D18EB77 
 268      66F7EE36 
 268      4AC2C3C3 
 269 03f0 D7AC083F 		.ascii	"\327\254\010?\305\262\302c\371\315!x,\277`\251H;\254"
 269      C5B2C263 
 269      F9CD2178 
 269      2CBF60A9 
 269      483BAC
 270 0403 E51E59E1 		.ascii	"\345\036Y\341\232\365u\234\305yv\0260\336\336c\020\323"
 270      9AF5759C 
 270      C5797616 
 270      30DEDE63 
ARM GAS  /tmp/ccs0ti6d.s 			page 20


 270      10D3
 271 0415 FC30B8C5 		.ascii	"\3740\270\305;X\347\035\333\347\214\275\341\3338\202"
 271      3B58E71D 
 271      DBE78CBD 
 271      E1DB3882 
 272 0425 C56249ED 		.ascii	"\305bI\355]\006QT\261\030A\252&;2\245\267\223H\314\002"
 272      5D065154 
 272      B11841AA 
 272      263B32A5 
 272      B79348CC 
 273 043a 6903F616 		.ascii	"i\003\366\026b\314\011\202\310]\250i'\011'\035\240;"
 273      62CC0982 
 273      C85DA869 
 273      2709271D 
 273      A03B
 274 044c A0DB241C 		.ascii	"\240\333$\0341\236\275{\224d\213\366=\024'\320\352s"
 274      319EBD7B 
 274      94648BF6 
 274      3D1427D0 
 274      EA73
 275 045e B2981F6A 		.ascii	"\262\230\037jt\357~{}\000\355\304\032)\246^\225<T\222"
 275      74EF7E7B 
 275      7D00EDC4 
 275      1A29A65E 
 275      953C5492 
 276 0472 156B7C26 		.ascii	"\025k|&'\017 \347\377\313\317W4\275\034\272\260\013"
 276      270F20E7 
 276      FFCBCF57 
 276      34BD1CBA 
 276      B00B
 277 0484 42EFBB3A 		.ascii	"B\357\273:\204\255\0173\346\3256\235\325\206X\244\024"
 277      84AD0F33 
 277      E6D5369D 
 277      D58658A4 
 277      14
 278 0495 5F9A31F0 		.ascii	"_\2321\360\032$\251\305\025v\223\020\307C\303\242\007"
 278      1A24A9C5 
 278      15769310 
 278      C743C3A2 
 278      07
 279 04a6 67C63B14 		.ascii	"g\306;\024+\244\011\331\227\234\220\340s6\354\237B\352"
 279      2BA409D9 
 279      979C90E0 
 279      7336EC9F 
 279      42EA
 280 04b8 E8989F7B 		.ascii	"\350\230\237{\266\236?\312\366\252`\250\234|zZl\203"
 280      B69E3FCA 
 280      F6AA60A8 
 280      9C7C7A5A 
 280      6C83
 281 04ca 57E05CCA 		.ascii	"W\340\\\312G\273E\273\222\364\222\020r\225\257\303\015"
 281      47BB45BB 
 281      92F49210 
 281      7295AFC3 
 281      0D
 282 04db 6477FE03 		.ascii	"dw\376\003/\261>\362)pS3\351\227\202\350\010\357\312"
 282      2FB13EF2 
ARM GAS  /tmp/ccs0ti6d.s 			page 21


 282      29705333 
 282      E99782E8 
 282      08EFCA
 283 04ee 33A77E3B 		.ascii	"3\247~;\242\006\223\001\330\211\314\372\320l\361\272"
 283      A2069301 
 283      D889CCFA 
 283      D06CF1BA 
 284 04fe 127BBB5F 		.ascii	"\022{\273_2q\365x?{\021\221\001\264\030K\277\273\030"
 284      3271F578 
 284      3F7B1191 
 284      01B4184B 
 284      BFBB18
 285 0511 44E7B945 		.ascii	"D\347\271E\2655\263\207p\0131\327\260'\000\371A\031"
 285      B535B387 
 285      700B31D7 
 285      B02700F9 
 285      4119
 286 0523 3F88FC10 		.ascii	"?\210\374\020\362g\337\335\251\360\243\251\024\371\351"
 286      F267DFDD 
 286      A9F0A3A9 
 286      14F9E9
 287 0532 EC5BA554 		.ascii	"\354[\245T\342\273\034\374\260\214\037F\376!\362\331"
 287      E2BB1CFC 
 287      B08C1F46 
 287      FE21F2D9 
 288 0542 4513D96A 		.ascii	"E\023\331jj\345\374Yqx\237\203\317\256\327\330-\004"
 288      6AE5FC59 
 288      71789F83 
 288      CFAED7D8 
 288      2D04
 289 0554 1D1EC91C 		.ascii	"\035\036\311\034\036\241\303ctxt\243aPE\013\270C\177"
 289      1EA1C363 
 289      747874A3 
 289      6150450B 
 289      B8437F
 290 0567 525DA256 		.ascii	"R]\242V*\202\325\255\010#2\213\021\264x\202\026\211"
 290      2A82D5AD 
 290      0823328B 
 290      11B47882 
 290      1689
 291 0579 93D68B81 		.ascii	"\223\326\213\201\264\212[\354\267\025\333\251w\021F"
 291      B48A5BEC 
 291      B715DBA9 
 291      771146
 292 0588 65FC28F2 		.ascii	"e\374(\362c\310\267\333mE\376\264\201\363\347&>\363"
 292      63C8B7DB 
 292      6D45FEB4 
 292      81F3E726 
 292      3EF3
 293 059a 2EC15319 		.ascii	".\301S\031\375\024\351q\244\037\017\037\270\350G;9\235"
 293      FD14E971 
 293      A41F0F1F 
 293      B8E8473B 
 293      399D
 294 05ac 75B4F6AE 		.ascii	"u\264\366\256V^\202\011\231\303\004:<C\207\236\023\005"
 294      565E8209 
 294      99C3043A 
ARM GAS  /tmp/ccs0ti6d.s 			page 22


 294      3C43879E 
 294      1305
 295 05be 731A3AC2 		.ascii	"s\032:\302\035\032\256>;\354/\225\340\230[\011\236\313"
 295      1D1AAE3E 
 295      3BEC2F95 
 295      E0985B09 
 295      9ECB
 296 05d0 2C9EA3C5 		.ascii	",\236\243\305$ZX\253\232/\373\323ynq*\255\362\266\332"
 296      245A58AB 
 296      9A2FFBD3 
 296      796E712A 
 296      ADF2B6DA 
 297 05e4 BB042F64 		.ascii	"\273\004/d\374\013\344\247\220_l=\321\242\240\251J\276"
 297      FC0BE4A7 
 297      905F6C3D 
 297      D1A2A0A9 
 297      4ABE
 298 05f6 0B8B570B 		.ascii	"\013\213W\013\375\274\2130-\343\247\221\237A\276\261"
 298      FDBC8B30 
 298      2DE3A791 
 298      9F41BEB1 
 299 0606 E66035F4 		.ascii	"\346`5\364\001\347\033\353z3|\364\301K\231\303Ktx\205"
 299      01E71BEB 
 299      7A337CF4 
 299      C14B99C3 
 299      4B747885 
 300 061a 0E5907D2 		.ascii	"\016Y\007\322>\240\005\334\340pEwQ\220T\203r\267\032"
 300      3EA005DC 
 300      E0704577 
 300      51905483 
 300      72B71A
 301 062d CCCA1C66 		.ascii	"\314\312\034f\321\3415\177\026.T\332\002h\025\267\230"
 301      D1E1357F 
 301      162E54DA 
 301      026815B7 
 301      98
 302 063e 6D7E9125 		.ascii	"m~\221%\253\301\234\214\237C~\036\371\205\374\271\""
 302      ABC19C8C 
 302      9F437E1E 
 302      F985FCB9 
 302      22
 303 064f 256DE07C 		.ascii	"%m\340|qeE\201\312\273\006\0132~\001\3717\310\347\346"
 303      71654581 
 303      CABB060B 
 303      327E01F9 
 303      37C8E7E6 
 304 0663 1DAFD6D0 		.ascii	"\035\257\326\320N\316w\364\367\366)\3445x+sx\213\016"
 304      4ECE77F4 
 304      F7F629E4 
 304      35782B73 
 304      788B0E
 305 0676 EFD0E142 		.ascii	"\357\320\341BmoU\000\035\341\016S5%\211\313\245\"T\272"
 305      6D6F5500 
 305      1DE10E53 
 305      352589CB 
 305      A52254BA 
 306 068a 15615166 		.ascii	"\025aQf\261\210\026\242\202Y$\277N\311U\321yn\321U\237"
ARM GAS  /tmp/ccs0ti6d.s 			page 23


 306      B18816A2 
 306      825924BF 
 306      4EC955D1 
 306      796ED155 
 307 069f 61931561 		.ascii	"a\223\025a\267\302\233\207;pND\276\336\232~)\220\246"
 307      B7C29B87 
 307      3B704E44 
 307      BEDE9A7E 
 307      2990A6
 308 06b2 2E43FEC8 		.ascii	".C\376\310e\361\3762\357\"$\311\370$\344\367 \377\363"
 308      65F1FE32 
 308      EF2224C9 
 308      F824E4F7 
 308      20FFF3
 309 06c5 8CE5A692 		.ascii	"\214\345\246\222Z9\237\363sS#\221\027!Y\346\220\214"
 309      5A399FF3 
 309      73532391 
 309      172159E6 
 309      908C
 310 06d7 0E29E890 		.ascii	"\016)\350\220\366\353\331B5-\340\016-\315\266|\251\225"
 310      F6EBD942 
 310      352DE00E 
 310      2DCDB67C 
 310      A995
 311 06e9 ECD7DC8A 		.ascii	"\354\327\334\212\260Wf\261\027-R\321\242\352\\\311\024"
 311      B05766B1 
 311      172D52D1 
 311      A2EA5CC9 
 311      14
 312 06fa BC10B8C5 		.ascii	"\274\020\270\305\371\027c\226\000\357\"\244\311\370"
 312      F9176396 
 312      00EF22A4 
 312      C9F8
 313 0708 34E4F721 		.ascii	"4\344\367!\177e\342\301k?\332\300\371\352\371\261\033"
 313      7F65E2C1 
 313      6B3FDAC0 
 313      F9EAF9B1 
 313      1B
 314 0719 B2B7E27E 		.ascii	"\262\267\342~\031\277\037\371\003\310O7Y\340i\350\344"
 314      19BF1FF9 
 314      03C84F37 
 314      59E069E8 
 314      E4
 315 072a FC816B6D 		.ascii	"\374\201km\307\324\362\"\244\313\034\322\321\341't\250"
 315      C7D4F222 
 315      A4CB1CD2 
 315      D1E12774 
 315      A8
 316 073b AE59F880 		.ascii	"\256Y\370\200\216p\203\301'\303\247\244]\260\337u\253"
 316      8E7083C1 
 316      27C3A7A4 
 316      5DB0DF75 
 316      AB
 317 074c 4186CC21 		.ascii	"A\206\314!\003\035,\350`)\311\177\003\215\300-\346~"
 317      031D2CE8 
 317      6029C97F 
 317      038DC02D 
ARM GAS  /tmp/ccs0ti6d.s 			page 24


 317      E67E
 318 075e DA7F48F6 		.ascii	"\332\177H\366\237!S\306g\"\177\220\257\241\243\270s"
 318      9F2153C6 
 318      67227F90 
 318      AFA1A3B8 
 318      73
 319 076f 394DF543 		.ascii	"9M\365C\276`\360\364#\265w\015\016\311\370C\310\037"
 319      BE60F0F4 
 319      23B5770D 
 319      0EC9F843 
 319      C81F
 320 0781 467EC056 		.ascii	"F~\300VQ\242\245V\316\337\353Nj\363\361Z<\"s8\202\016"
 320      51A2A556 
 320      CEDFEB4E 
 320      6AF3F15A 
 320      3C227338 
 321 0797 47D1E1BC 		.ascii	"G\321\341\274e\330\352O\013\270Cr\336\203\251@\251\010"
 321      65D8EA4F 
 321      0BB84372 
 321      DE83A940 
 321      A908
 322 07a9 DD6E45B0 		.ascii	"\335nE\260\312,\254h\221\205\0269\035\207\341g{\025"
 322      CA2CAC68 
 322      91851639 
 322      1D87E167 
 322      7B15
 323 07bb B7B05E4F 		.ascii	"\267\260^O:\255\364.B\266\214\317F>\007\371\361\275"
 323      3AADF42E 
 323      42B68CCF 
 323      463E07F9 
 323      F1BD
 324 07cd FD7DD0   		.ascii	"\375}\320"
 325 07d0 089C4F59 		.ascii	"\010\234OY\254h\227\275\022re|.\362y\310[\247\347\223"
 325      AC6897BD 
 325      1272657C 
 325      2EF279C8 
 325      5BA7E793 
 326 07e4 A01138FF 		.ascii	"\240\0218\377\330v\251\322\307k\361\230\314\341\030"
 326      D876A9D2 
 326      C76BF198 
 326      CCE118
 327 07f3 3A1C4787 		.ascii	":\034G\207\326\206\212\373J\217\037\274=n\277\312\004"
 327      D6868AFB 
 327      4A8F1FBC 
 327      3D6EBFCA 
 327      04
 328 0804 7242813F 		.ascii	"rB\201?x\331'\253s\333\351\013\304#\232\375\016qE\237"
 328      78D927AB 
 328      73DBE90B 
 328      C4239AFD 
 328      0E71459F 
 329 0818 94A24F62 		.ascii	"\224\242Obtref\241\312\021mY\362\3074\311\007*P\257"
 329      74726566 
 329      A1CA116D 
 329      59F2C734 
 329      C9072A50 
 330 082d 8F8A8D33 		.ascii	"\217\212\2153\350\215&\243Y\371\243!\362\007\325W\377"
ARM GAS  /tmp/ccs0ti6d.s 			page 25


 330      E88D26A3 
 330      59F9A321 
 330      F207D557 
 330      FF
 331 083e F86FD896 		.ascii	"\370o\330\226\210\010\341\357\272\355\2611\006]\274"
 331      8808E1EF 
 331      BAEDB131 
 331      065DBC
 332 084d 21DA18A3 		.ascii	"!\332\030\243\37316\356\007\243\351{\335\226\355\306"
 332      FB3136EE 
 332      07A3E97B 
 332      DD96EDC6 
 333 085d ADC67F7E 		.ascii	"\255\306\177~\243\213\215\327E\305\306\304\304\232t"
 333      A38B8DD7 
 333      45C5C6C4 
 333      C49A74
 334 086c F1E6C838 		.ascii	"\361\346\3108s\302\016\335_\376\375\365\226\257w\262"
 334      73C20EDD 
 334      5FFEFDF5 
 334      96AF77B2 
 335 087c BB3B8CD1 		.ascii	"\273;\214\321\206\270x\335W[\266\350\242\342\314\021"
 335      86B878DD 
 335      575BB6E8 
 335      A2E2CC11 
 336 088c 6BA3048D 		.ascii	"k\243\004\215^o\210\214\213\336\205Y ct\244\231g\324"
 336      5E6F888C 
 336      8BDE8559 
 336      206374A4 
 336      9967D4
 337 089f EAF5DB0C 		.ascii	"\352\365\333\014\337E&D\233\365\206\235F\263\312\004"
 337      DF452644 
 337      9BF5869D 
 337      46B3CA04 
 338 08af 533127C4 		.ascii	"S1'\304\231\202\365\370\265>.2F\037\031g\210\214\017"
 338      9982F5F8 
 338      B53E2E32 
 338      461F1967 
 338      888C0F
 339 08c2 705EA9A3 		.ascii	"p^\251\243\242\301\013\257\325z}\202\321d^\277No\336"
 339      A2C10BAF 
 339      D57A7D82 
 339      D1645EBF 
 339      4E6FDE
 340 08d5 A04B888F 		.ascii	"\240K\210\217\323E\306\305|n\2125\031>7Dn5\352\214\246"
 340      D345C6C5 
 340      7C6E8A35 
 340      193E3744 
 340      6E35EA8C 
 341 08ea A8E8846D 		.ascii	"\250\350\204m\006]Ld\324v\243\311\240s\2462\357\332"
 341      065D4C64 
 341      D476A3C9 
 341      A073A632 
 341      EFDA
 342 08fc 61885FBB 		.ascii	"a\210_\273]P9\350?\375\001\035\277+^\247\2177o\203P"
 342      5D5039E8 
 342      3FFD011D 
 342      BF2B5EA7 
ARM GAS  /tmp/ccs0ti6d.s 			page 26


 342      8F376F83 
 343 0911 4002705A 		.ascii	"@\002pZ,\271\026\257\314\206\235|\2501\305\352\235\337"
 343      2CB916AF 
 343      CC869D7C 
 343      A831C5EA 
 343      9DDF
 344 0923 05B1D93A 		.ascii	"\005\261\331:Gzs\210\236\255\344\013\275\013\321/w\277"
 344      477A7388 
 344      9EADE40B 
 344      BD0BD12F 
 344      77BF
 345 0935 A5D74A23 		.ascii	"\245\327J#\2766}\22044\305\362\2579\037!\347#<\370\010"
 345      BE367D90 
 345      3434C5F2 
 345      AF391F21 
 345      E7233CF8 
 346 094a 4F3EC28B 		.ascii	"O>\302\213_'\347\327y\360\353<\371u^\374z9\277\336\203"
 346      5F27E7D7 
 346      79F0EB3C 
 346      F9755EFC 
 346      7A39BFDE 
 347 095f 5FEFC9AF 		.ascii	"_\357\311\257\367\3427\310\371\015\036\374\006O~\203"
 347      F7E237C8 
 347      F90D1EFC 
 347      064F7E83 
 348 096f 17BF51CE 		.ascii	"\027\277Q\316o\364\3407z\362\033\275\370Mr~\223\007"
 348      6FF4E037 
 348      7AF21BBD 
 348      F84D727E 
 348      9307
 349 0981 BFC993DF 		.ascii	"\277\311\223\337\344\305o\226\363\233=\370\315\236\374"
 349      E4C56F96 
 349      F39B3DF8 
 349      CD9EFC
 350 0990 6627FF3F 		.ascii	"f'\377?j\200H\031"
 350      6A804819 
 351              		.text
 352              		.section	.gnu.lto_.symtab.75cf5918a54aaa8d,"",%progbits
 353 0000 5F5F636F 		.ascii	"__core_init\000"
 353      72655F69 
 353      6E697400 
 354 000c 00       		.ascii	"\000"
 355 000d 01       		.ascii	"\001"
 356 000e 00       		.ascii	"\000"
 357 000f 00000000 		.ascii	"\000\000\000\000\000\000\000\000"
 357      00000000 
 358 0017 AF000000 		.ascii	"\257\000\000\000"
 359 001b 5F5F6561 		.ascii	"__early_init\000"
 359      726C795F 
 359      696E6974 
 359      00
 360 0028 00       		.ascii	"\000"
 361 0029 01       		.ascii	"\001"
 362 002a 00       		.ascii	"\000"
 363 002b 00000000 		.ascii	"\000\000\000\000\000\000\000\000"
 363      00000000 
 364 0033 B2000000 		.ascii	"\262\000\000\000"
ARM GAS  /tmp/ccs0ti6d.s 			page 27


 365 0037 5F5F6C61 		.ascii	"__late_init\000"
 365      74655F69 
 365      6E697400 
 366 0043 00       		.ascii	"\000"
 367 0044 01       		.ascii	"\001"
 368 0045 00       		.ascii	"\000"
 369 0046 00000000 		.ascii	"\000\000\000\000\000\000\000\000"
 369      00000000 
 370 004e B5000000 		.ascii	"\265\000\000\000"
 371 0052 5F5F6465 		.ascii	"__default_exit\000"
 371      6661756C 
 371      745F6578 
 371      697400
 372 0061 00       		.ascii	"\000"
 373 0062 01       		.ascii	"\001"
 374 0063 00       		.ascii	"\000"
 375 0064 00000000 		.ascii	"\000\000\000\000\000\000\000\000"
 375      00000000 
 376 006c BA000000 		.ascii	"\272\000\000\000"
 377 0070 5F5F696E 		.ascii	"__init_ram_areas\000"
 377      69745F72 
 377      616D5F61 
 377      72656173 
 377      00
 378 0081 00       		.ascii	"\000"
 379 0082 00       		.ascii	"\000"
 380 0083 00       		.ascii	"\000"
 381 0084 00000000 		.ascii	"\000\000\000\000\000\000\000\000"
 381      00000000 
 382 008c BC000000 		.ascii	"\274\000\000\000"
 383 0090 5F5F7261 		.ascii	"__ram0_init_text__\000"
 383      6D305F69 
 383      6E69745F 
 383      74657874 
 383      5F5F00
 384 00a3 00       		.ascii	"\000"
 385 00a4 02       		.ascii	"\002"
 386 00a5 00       		.ascii	"\000"
 387 00a6 00000000 		.ascii	"\000\000\000\000\000\000\000\000"
 387      00000000 
 388 00ae E0000000 		.ascii	"\340\000\000\000"
 389 00b2 5F5F7261 		.ascii	"__ram0_init__\000"
 389      6D305F69 
 389      6E69745F 
 389      5F00
 390 00c0 00       		.ascii	"\000"
 391 00c1 02       		.ascii	"\002"
 392 00c2 00       		.ascii	"\000"
 393 00c3 00000000 		.ascii	"\000\000\000\000\000\000\000\000"
 393      00000000 
 394 00cb E2000000 		.ascii	"\342\000\000\000"
 395 00cf 5F5F7261 		.ascii	"__ram0_clear__\000"
 395      6D305F63 
 395      6C656172 
 395      5F5F00
 396 00de 00       		.ascii	"\000"
 397 00df 02       		.ascii	"\002"
ARM GAS  /tmp/ccs0ti6d.s 			page 28


 398 00e0 00       		.ascii	"\000"
 399 00e1 00000000 		.ascii	"\000\000\000\000\000\000\000\000"
 399      00000000 
 400 00e9 E4000000 		.ascii	"\344\000\000\000"
 401 00ed 5F5F7261 		.ascii	"__ram0_noinit__\000"
 401      6D305F6E 
 401      6F696E69 
 401      745F5F00 
 402 00fd 00       		.ascii	"\000"
 403 00fe 02       		.ascii	"\002"
 404 00ff 00       		.ascii	"\000"
 405 0100 00000000 		.ascii	"\000\000\000\000\000\000\000\000"
 405      00000000 
 406 0108 E6000000 		.ascii	"\346\000\000\000"
 407 010c 5F5F7261 		.ascii	"__ram1_init_text__\000"
 407      6D315F69 
 407      6E69745F 
 407      74657874 
 407      5F5F00
 408 011f 00       		.ascii	"\000"
 409 0120 02       		.ascii	"\002"
 410 0121 00       		.ascii	"\000"
 411 0122 00000000 		.ascii	"\000\000\000\000\000\000\000\000"
 411      00000000 
 412 012a E8000000 		.ascii	"\350\000\000\000"
 413 012e 5F5F7261 		.ascii	"__ram1_init__\000"
 413      6D315F69 
 413      6E69745F 
 413      5F00
 414 013c 00       		.ascii	"\000"
 415 013d 02       		.ascii	"\002"
 416 013e 00       		.ascii	"\000"
 417 013f 00000000 		.ascii	"\000\000\000\000\000\000\000\000"
 417      00000000 
 418 0147 EA000000 		.ascii	"\352\000\000\000"
 419 014b 5F5F7261 		.ascii	"__ram1_clear__\000"
 419      6D315F63 
 419      6C656172 
 419      5F5F00
 420 015a 00       		.ascii	"\000"
 421 015b 02       		.ascii	"\002"
 422 015c 00       		.ascii	"\000"
 423 015d 00000000 		.ascii	"\000\000\000\000\000\000\000\000"
 423      00000000 
 424 0165 EC000000 		.ascii	"\354\000\000\000"
 425 0169 5F5F7261 		.ascii	"__ram1_noinit__\000"
 425      6D315F6E 
 425      6F696E69 
 425      745F5F00 
 426 0179 00       		.ascii	"\000"
 427 017a 02       		.ascii	"\002"
 428 017b 00       		.ascii	"\000"
 429 017c 00000000 		.ascii	"\000\000\000\000\000\000\000\000"
 429      00000000 
 430 0184 EE000000 		.ascii	"\356\000\000\000"
 431 0188 5F5F7261 		.ascii	"__ram2_init_text__\000"
 431      6D325F69 
ARM GAS  /tmp/ccs0ti6d.s 			page 29


 431      6E69745F 
 431      74657874 
 431      5F5F00
 432 019b 00       		.ascii	"\000"
 433 019c 02       		.ascii	"\002"
 434 019d 00       		.ascii	"\000"
 435 019e 00000000 		.ascii	"\000\000\000\000\000\000\000\000"
 435      00000000 
 436 01a6 F0000000 		.ascii	"\360\000\000\000"
 437 01aa 5F5F7261 		.ascii	"__ram2_init__\000"
 437      6D325F69 
 437      6E69745F 
 437      5F00
 438 01b8 00       		.ascii	"\000"
 439 01b9 02       		.ascii	"\002"
 440 01ba 00       		.ascii	"\000"
 441 01bb 00000000 		.ascii	"\000\000\000\000\000\000\000\000"
 441      00000000 
 442 01c3 F2000000 		.ascii	"\362\000\000\000"
 443 01c7 5F5F7261 		.ascii	"__ram2_clear__\000"
 443      6D325F63 
 443      6C656172 
 443      5F5F00
 444 01d6 00       		.ascii	"\000"
 445 01d7 02       		.ascii	"\002"
 446 01d8 00       		.ascii	"\000"
 447 01d9 00000000 		.ascii	"\000\000\000\000\000\000\000\000"
 447      00000000 
 448 01e1 F4000000 		.ascii	"\364\000\000\000"
 449 01e5 5F5F7261 		.ascii	"__ram2_noinit__\000"
 449      6D325F6E 
 449      6F696E69 
 449      745F5F00 
 450 01f5 00       		.ascii	"\000"
 451 01f6 02       		.ascii	"\002"
 452 01f7 00       		.ascii	"\000"
 453 01f8 00000000 		.ascii	"\000\000\000\000\000\000\000\000"
 453      00000000 
 454 0200 F6000000 		.ascii	"\366\000\000\000"
 455 0204 5F5F7261 		.ascii	"__ram3_init_text__\000"
 455      6D335F69 
 455      6E69745F 
 455      74657874 
 455      5F5F00
 456 0217 00       		.ascii	"\000"
 457 0218 02       		.ascii	"\002"
 458 0219 00       		.ascii	"\000"
 459 021a 00000000 		.ascii	"\000\000\000\000\000\000\000\000"
 459      00000000 
 460 0222 F8000000 		.ascii	"\370\000\000\000"
 461 0226 5F5F7261 		.ascii	"__ram3_init__\000"
 461      6D335F69 
 461      6E69745F 
 461      5F00
 462 0234 00       		.ascii	"\000"
 463 0235 02       		.ascii	"\002"
 464 0236 00       		.ascii	"\000"
ARM GAS  /tmp/ccs0ti6d.s 			page 30


 465 0237 00000000 		.ascii	"\000\000\000\000\000\000\000\000"
 465      00000000 
 466 023f FA000000 		.ascii	"\372\000\000\000"
 467 0243 5F5F7261 		.ascii	"__ram3_clear__\000"
 467      6D335F63 
 467      6C656172 
 467      5F5F00
 468 0252 00       		.ascii	"\000"
 469 0253 02       		.ascii	"\002"
 470 0254 00       		.ascii	"\000"
 471 0255 00000000 		.ascii	"\000\000\000\000\000\000\000\000"
 471      00000000 
 472 025d FC000000 		.ascii	"\374\000\000\000"
 473 0261 5F5F7261 		.ascii	"__ram3_noinit__\000"
 473      6D335F6E 
 473      6F696E69 
 473      745F5F00 
 474 0271 00       		.ascii	"\000"
 475 0272 02       		.ascii	"\002"
 476 0273 00       		.ascii	"\000"
 477 0274 00000000 		.ascii	"\000\000\000\000\000\000\000\000"
 477      00000000 
 478 027c FE000000 		.ascii	"\376\000\000\000"
 479 0280 5F5F7261 		.ascii	"__ram4_init_text__\000"
 479      6D345F69 
 479      6E69745F 
 479      74657874 
 479      5F5F00
 480 0293 00       		.ascii	"\000"
 481 0294 02       		.ascii	"\002"
 482 0295 00       		.ascii	"\000"
 483 0296 00000000 		.ascii	"\000\000\000\000\000\000\000\000"
 483      00000000 
 484 029e 00010000 		.ascii	"\000\001\000\000"
 485 02a2 5F5F7261 		.ascii	"__ram4_init__\000"
 485      6D345F69 
 485      6E69745F 
 485      5F00
 486 02b0 00       		.ascii	"\000"
 487 02b1 02       		.ascii	"\002"
 488 02b2 00       		.ascii	"\000"
 489 02b3 00000000 		.ascii	"\000\000\000\000\000\000\000\000"
 489      00000000 
 490 02bb 02010000 		.ascii	"\002\001\000\000"
 491 02bf 5F5F7261 		.ascii	"__ram4_clear__\000"
 491      6D345F63 
 491      6C656172 
 491      5F5F00
 492 02ce 00       		.ascii	"\000"
 493 02cf 02       		.ascii	"\002"
 494 02d0 00       		.ascii	"\000"
 495 02d1 00000000 		.ascii	"\000\000\000\000\000\000\000\000"
 495      00000000 
 496 02d9 04010000 		.ascii	"\004\001\000\000"
 497 02dd 5F5F7261 		.ascii	"__ram4_noinit__\000"
 497      6D345F6E 
 497      6F696E69 
ARM GAS  /tmp/ccs0ti6d.s 			page 31


 497      745F5F00 
 498 02ed 00       		.ascii	"\000"
 499 02ee 02       		.ascii	"\002"
 500 02ef 00       		.ascii	"\000"
 501 02f0 00000000 		.ascii	"\000\000\000\000\000\000\000\000"
 501      00000000 
 502 02f8 06010000 		.ascii	"\006\001\000\000"
 503 02fc 5F5F7261 		.ascii	"__ram5_init_text__\000"
 503      6D355F69 
 503      6E69745F 
 503      74657874 
 503      5F5F00
 504 030f 00       		.ascii	"\000"
 505 0310 02       		.ascii	"\002"
 506 0311 00       		.ascii	"\000"
 507 0312 00000000 		.ascii	"\000\000\000\000\000\000\000\000"
 507      00000000 
 508 031a 08010000 		.ascii	"\010\001\000\000"
 509 031e 5F5F7261 		.ascii	"__ram5_init__\000"
 509      6D355F69 
 509      6E69745F 
 509      5F00
 510 032c 00       		.ascii	"\000"
 511 032d 02       		.ascii	"\002"
 512 032e 00       		.ascii	"\000"
 513 032f 00000000 		.ascii	"\000\000\000\000\000\000\000\000"
 513      00000000 
 514 0337 0A010000 		.ascii	"\012\001\000\000"
 515 033b 5F5F7261 		.ascii	"__ram5_clear__\000"
 515      6D355F63 
 515      6C656172 
 515      5F5F00
 516 034a 00       		.ascii	"\000"
 517 034b 02       		.ascii	"\002"
 518 034c 00       		.ascii	"\000"
 519 034d 00000000 		.ascii	"\000\000\000\000\000\000\000\000"
 519      00000000 
 520 0355 0C010000 		.ascii	"\014\001\000\000"
 521 0359 5F5F7261 		.ascii	"__ram5_noinit__\000"
 521      6D355F6E 
 521      6F696E69 
 521      745F5F00 
 522 0369 00       		.ascii	"\000"
 523 036a 02       		.ascii	"\002"
 524 036b 00       		.ascii	"\000"
 525 036c 00000000 		.ascii	"\000\000\000\000\000\000\000\000"
 525      00000000 
 526 0374 0E010000 		.ascii	"\016\001\000\000"
 527 0378 5F5F7261 		.ascii	"__ram6_init_text__\000"
 527      6D365F69 
 527      6E69745F 
 527      74657874 
 527      5F5F00
 528 038b 00       		.ascii	"\000"
 529 038c 02       		.ascii	"\002"
 530 038d 00       		.ascii	"\000"
 531 038e 00000000 		.ascii	"\000\000\000\000\000\000\000\000"
ARM GAS  /tmp/ccs0ti6d.s 			page 32


 531      00000000 
 532 0396 10010000 		.ascii	"\020\001\000\000"
 533 039a 5F5F7261 		.ascii	"__ram6_init__\000"
 533      6D365F69 
 533      6E69745F 
 533      5F00
 534 03a8 00       		.ascii	"\000"
 535 03a9 02       		.ascii	"\002"
 536 03aa 00       		.ascii	"\000"
 537 03ab 00000000 		.ascii	"\000\000\000\000\000\000\000\000"
 537      00000000 
 538 03b3 12010000 		.ascii	"\022\001\000\000"
 539 03b7 5F5F7261 		.ascii	"__ram6_clear__\000"
 539      6D365F63 
 539      6C656172 
 539      5F5F00
 540 03c6 00       		.ascii	"\000"
 541 03c7 02       		.ascii	"\002"
 542 03c8 00       		.ascii	"\000"
 543 03c9 00000000 		.ascii	"\000\000\000\000\000\000\000\000"
 543      00000000 
 544 03d1 14010000 		.ascii	"\024\001\000\000"
 545 03d5 5F5F7261 		.ascii	"__ram6_noinit__\000"
 545      6D365F6E 
 545      6F696E69 
 545      745F5F00 
 546 03e5 00       		.ascii	"\000"
 547 03e6 02       		.ascii	"\002"
 548 03e7 00       		.ascii	"\000"
 549 03e8 00000000 		.ascii	"\000\000\000\000\000\000\000\000"
 549      00000000 
 550 03f0 16010000 		.ascii	"\026\001\000\000"
 551 03f4 5F5F7261 		.ascii	"__ram7_init_text__\000"
 551      6D375F69 
 551      6E69745F 
 551      74657874 
 551      5F5F00
 552 0407 00       		.ascii	"\000"
 553 0408 02       		.ascii	"\002"
 554 0409 00       		.ascii	"\000"
 555 040a 00000000 		.ascii	"\000\000\000\000\000\000\000\000"
 555      00000000 
 556 0412 18010000 		.ascii	"\030\001\000\000"
 557 0416 5F5F7261 		.ascii	"__ram7_init__\000"
 557      6D375F69 
 557      6E69745F 
 557      5F00
 558 0424 00       		.ascii	"\000"
 559 0425 02       		.ascii	"\002"
 560 0426 00       		.ascii	"\000"
 561 0427 00000000 		.ascii	"\000\000\000\000\000\000\000\000"
 561      00000000 
 562 042f 1A010000 		.ascii	"\032\001\000\000"
 563 0433 5F5F7261 		.ascii	"__ram7_clear__\000"
 563      6D375F63 
 563      6C656172 
 563      5F5F00
ARM GAS  /tmp/ccs0ti6d.s 			page 33


 564 0442 00       		.ascii	"\000"
 565 0443 02       		.ascii	"\002"
 566 0444 00       		.ascii	"\000"
 567 0445 00000000 		.ascii	"\000\000\000\000\000\000\000\000"
 567      00000000 
 568 044d 1C010000 		.ascii	"\034\001\000\000"
 569 0451 5F5F7261 		.ascii	"__ram7_noinit__\000"
 569      6D375F6E 
 569      6F696E69 
 569      745F5F00 
 570 0461 00       		.ascii	"\000"
 571 0462 02       		.ascii	"\002"
 572 0463 00       		.ascii	"\000"
 573 0464 00000000 		.ascii	"\000\000\000\000\000\000\000\000"
 573      00000000 
 574 046c 1E010000 		.ascii	"\036\001\000\000"
 575              		.text
 576              		.section	.gnu.lto_.opts,"",%progbits
 577 0000 272D666D 		.ascii	"'-fmath-errno' '-fsigned-zeros' '-ftrapping-math' '"
 577      6174682D 
 577      6572726E 
 577      6F272027 
 577      2D667369 
 578 0033 2D666E6F 		.ascii	"-fno-trapv' '-fno-openmp' '-fno-openacc' '-mcpu=cor"
 578      2D747261 
 578      70762720 
 578      272D666E 
 578      6F2D6F70 
 579 0066 7465782D 		.ascii	"tex-m3' '-mno-thumb-interwork' '-mthumb' '-ggdb' '-"
 579      6D332720 
 579      272D6D6E 
 579      6F2D7468 
 579      756D622D 
 580 0099 4F322720 		.ascii	"O2' '-fomit-frame-pointer' '-falign-functions=16' '"
 580      272D666F 
 580      6D69742D 
 580      6672616D 
 580      652D706F 
 581 00cc 2D666675 		.ascii	"-ffunction-sections' '-fdata-sections' '-fno-common"
 581      6E637469 
 581      6F6E2D73 
 581      65637469 
 581      6F6E7327 
 582 00ff 2720272D 		.ascii	"' '-flto'\000"
 582      666C746F 
 582      2700
 583              		.text
 584              		.comm	__gnu_lto_v1,1,1
 585              		.comm	__gnu_lto_slim,1,1
 586              		.ident	"GCC: (GNU Tools for ARM Embedded Processors) 5.3.1 20160307 (release) [ARM/embedded-5-bran
ARM GAS  /tmp/ccs0ti6d.s 			page 34


DEFINED SYMBOLS
                            *ABS*:0000000000000000 crt1.c
                            *COM*:0000000000000001 __gnu_lto_v1
                            *COM*:0000000000000001 __gnu_lto_slim

NO UNDEFINED SYMBOLS
