ARM GAS  /tmp/ccDC2JWx.s 			page 1


   1              		.syntax unified
   2              		.cpu cortex-m3
   3              		.fpu softvfp
   4              		.eabi_attribute 20, 1
   5              		.eabi_attribute 21, 1
   6              		.eabi_attribute 23, 3
   7              		.eabi_attribute 24, 1
   8              		.eabi_attribute 25, 1
   9              		.eabi_attribute 26, 1
  10              		.eabi_attribute 30, 2
  11              		.eabi_attribute 34, 1
  12              		.eabi_attribute 18, 4
  13              		.thumb
  14              		.syntax unified
  15              		.file	"hal.c"
  16              		.text
  17              	.Ltext0:
  18              		.section	.gnu.lto_.profile.d82a86e85bd3eaea,"",%progbits
  19 0000 789C6361 		.ascii	"x\234ca```\001bF\006Sv\000\000\321\000F"
  19      60606001 
  19      62460653 
  19      760000D1 
  19      0046
  20              		.text
  21              		.section	.gnu.lto_.icf.d82a86e85bd3eaea,"",%progbits
  22 0000 789C6361 		.ascii	"x\234ca\200\000\016\006\004`d\370\334qw\026\013\003"
  22      80000E06 
  22      046064F8 
  22      DC717716 
  22      0B03
  23 0012 000ED803 		.ascii	"\000\016\330\003\004"
  23      04
  24              		.text
  25              		.section	.gnu.lto_.jmpfuncs.d82a86e85bd3eaea,"",%progbits
  26 0000 789C6361 		.ascii	"x\234ca\200\000-\006\004`\204PL\214\177\231\030\233"
  26      80002D06 
  26      04608450 
  26      4C8C7F99 
  26      189B
  27 0012 7FEDFFCC 		.ascii	"\177\355\377\314W\377\267aFC\203@+3C'3H~9c=\003#\013"
  27      57FFB761 
  27      46438340 
  27      2B334327 
  27      33487E39 
  28 002b 900500F4 		.ascii	"\220\005\000\364\331\012U"
  28      D90A55
  29              		.text
  30              		.section	.gnu.lto_.inline.d82a86e85bd3eaea,"",%progbits
  31 0000 789C6361 		.ascii	"x\234ca\200\000=\006\004`d`\3404ed`\0022\331\026\310"
  31      80003D06 
  31      04606460 
  31      E0346564 
  31      600232D9 
  32 0016 338185B8 		.ascii	"3\201\205\270P\010&n\220*0\223\001\0004j\001v"
  32      5008266E 
  32      902A3093 
  32      0100346A 
ARM GAS  /tmp/ccDC2JWx.s 			page 2


  32      0176
  33              		.text
  34              		.section	.gnu.lto_.pureconst.d82a86e85bd3eaea,"",%progbits
  35 0000 789C6361 		.ascii	"x\234ca```\006bF\006\011\000\000g\000!"
  35      60606006 
  35      62460609 
  35      00006700 
  35      21
  36              		.text
  37              		.section	.gnu.lto_halInit.d82a86e85bd3eaea,"",%progbits
  38 0000 789C7590 		.ascii	"x\234u\220=K\003A\020\206gv/wQ\210X\012Z\330X\244\320"
  38      3D4B0341 
  38      10866776 
  38      2F775188 
  38      580A5AD8 
  39 0017 F53FD8D9 		.ascii	"\365?\330\331\010\372\0134\004s$1\220\024\226\267\361"
  39      08FA0B34 
  39      04732431 
  39      901496B7 
  39      F1
  40 0028 72A85D10 		.ascii	"r\250]\020\024\011h\312$F\363!6i\364Hg\243\205\225\330"
  40      140968CA 
  40      2446F321 
  40      3669F448 
  40      67A38595 
  41 003d 88858460 		.ascii	"\210\205\204`\021Q\033!\236\263\027\021\0133\260\314"
  41      11511B21 
  41      9EB31711 
  41      0B33B0CC 
  42 004d EECCB3EF 		.ascii	"\356\314\263\357|h0\260\013\004\020\344'\351 \007d\371"
  42      7C6830B0 
  42      0B0410E4 
  42      27E92007 
  42      64F9
  43 005f 1B806C90 		.ascii	"\033\200l\220!\252\213\014\"X\014-\374`}\206\355\355"
  43      21AA8B0C 
  43      22580C2D 
  43      FC607D86 
  43      EDED
  44 0071 E7160B97 		.ascii	"\347\026\013\227$\331\243s\314e\331E\207\003xl \205"
  44      24D9A373 
  44      CC65D945 
  44      8703786C 
  44      2085
  45 0083 250C0361 		.ascii	"%\014\003aO\315\257\375\220\236S\330\364 \211e\324\251"
  45      4FCDAFFD 
  45      909E53D8 
  45      F4208965 
  45      D4A9
  46 0095 0ED4975D 		.ascii	"\016\324\227]\351y\266\224\367\363\225\031\003\240G"
  46      E979B694 
  46      F7F39519 
  46      03A047
  47 00a4 4955E695 		.ascii	"IU\346\2251\345y\007m\267\037R\264\322i\265^\036\014"
  47      31E57907 
  47      6DB71F52 
  47      B4D269B5 
ARM GAS  /tmp/ccDC2JWx.s 			page 3


  47      5E1E0C
  48 00b7 AB2F77A4 		.ascii	"\253/w\244\034w8z\214$\260\202\0268\234A\007s\356\236"
  48      1C77387A 
  48      8C24B082 
  48      16389C41 
  48      0773EE9E 
  49 00cb FE3FCA3D 		.ascii	"\376?\312=\322\003<!\224r\007N\373\326xg\016\327P=\355"
  49      D2033C21 
  49      9472074E 
  49      FBD67867 
  49      0ED7503D 
  50 00e0 CFABB731 		.ascii	"\317\253\2671B\017}T\333\245\001T\370\272P\215\027\361"
  50      420F7D54 
  50      DBA50154 
  50      F8BA508D 
  50      17F1
  51 00f2 289BF7C3 		.ascii	"(\233\367\303\001<\245\241\2538\345\347\274\356ym\204"
  51      013CA5A1 
  51      AB38E5E7 
  51      BCEE796D 
  51      84
  52 0103 BE4C288D 		.ascii	"\276L(\2153,\242_\026kh9\\\007\325t\301\030\3324\351"
  52      332CA25F 
  52      166B6839 
  52      5C07D574 
  52      C118DA34 
  53 0118 63FDB769 		.ascii	"c\375\267i\333m\214\016E5B\033\177\320\313\341h\200"
  53      DB6D8C0E 
  53      4535421B 
  53      7FD0CBE1 
  53      6880
  54 012a D0E60FDA 		.ascii	"\320\346\017\332\305-\367n\321G\225\365hO\264L\332\300"
  54      C52DF76E 
  54      D14795F5 
  54      684FB44C 
  54      DAC0
  55 013c AC88A592 		.ascii	"\254\210\245\222Q\221\211&\314\244\330L\245\343\346"
  55      51918926 
  55      CCA4D84C 
  55      A5E3E6
  56 014b C6BA5888 		.ascii	"\306\272X\210\231k\346\322\212HeDl5!2\351\210\362s\021"
  56      996BE6D2 
  56      8A486544 
  56      6C352132 
  56      E988F273 
  57 0160 F806C34B 		.ascii	"\370\006\303K\252K"
  57      AA4B
  58              		.text
  59              		.section	.gnu.lto_.symbol_nodes.d82a86e85bd3eaea,"",%progbits
  60 0000 789C55C9 		.ascii	"x\234U\311\273\015\203@\024D\321;\373\241\016S\351\333"
  60      BB0D8340 
  60      1444D13B 
  60      FBA10E53 
  60      E9DB
  61 0012 80029C92 		.ascii	"\200\002\234\222S\005\261c\007\306\037B[\242\016\304"
  61      5305B163 
  61      07C61F42 
ARM GAS  /tmp/ccDC2JWx.s 			page 4


  61      5BA20EC4 
  62 0022 F3466C30 		.ascii	"\363Fl0:\322\235\004\214>\302C\006\327;8s\351!\277\304"
  62      3AD29D04 
  62      8C3EC243 
  62      06D73B38 
  62      73E921BF 
  63 0037 C51FAD32 		.ascii	"\305\037\2552\325\007J\361\242\217,4\341-\213Mx\312"
  63      D5074AF1 
  63      A28F2C34 
  63      E12D8B4D 
  63      78CA
  64 0049 52131659 		.ascii	"R\023\026Y>\207H\307\364\335\025\311\334\252\211\255"
  64      3E8748C7 
  64      F4DD15C9 
  64      DCAA89AD 
  65 0059 1A197E7F 		.ascii	"\032\031~\177\003\223\313\001\337\302&O"
  65      0393CB01 
  65      DFC2264F 
  66              		.text
  67              		.section	.gnu.lto_.refs.d82a86e85bd3eaea,"",%progbits
  68 0000 789C6361 		.ascii	"x\234ca```\003bF\006&F&\006\000\000\227\000\021"
  68      60606003 
  68      62460626 
  68      46260600 
  68      00970011 
  69              		.text
  70              		.section	.gnu.lto_.decls.d82a86e85bd3eaea,"",%progbits
  71 0000 789C9D56 		.ascii	"x\234\235V]P\023W\024\336\233\233\004\010\001\035pZ"
  71      5D501357 
  71      14DE9B9B 
  71      0408011D 
  71      705A
  72 0012 1F988EE3 		.ascii	"\037\230\216\343\304\221>\350\216\350\203\017}\261\240"
  72      C4913EE8 
  72      8EE8830F 
  72      7DB1A0
  73 0021 E88C5546 		.ascii	"\350\214UF[\235>e\"\211&S \231$\264:}\350*Q\021\177"
  73      5B9D3E65 
  73      22892653 
  73      209924B4 
  73      3A7DE82A 
  74 0038 806A2D50 		.ascii	"\200j-P\264*V~DA\360\007A\024\264*\242\010B\213\242"
  74      B42A567E 
  74      4441F007 
  74      4114B42A 
  74      A208428B 
  75 004d 1111058B 		.ascii	"\021\021\005\213\370\003*\002\362\327s\357\335da\205"
  75      F8032A02 
  75      F2D773EF 
  75      DD646185 
  76 005d 8E7687B3 		.ascii	"\216v\207\263w\317\236\357|\347\334s\356Y\242\344\330"
  76      77CF9EEF 
  76      7CE7DC73 
  76      EE59A2E4 
  76      D8
  77 006e 75C09FE3 		.ascii	"u\300\237\343*\025\034\227\011\317#p\301#\267\012\004"
  77      2A151C97 
ARM GAS  /tmp/ccDC2JWx.s 			page 5


  77      09CF2370 
  77      C123B70A 
  77      04
  78 007f 81748A18 		.ascii	"\201t\212\0305\310K\220n\220\327 = \375 \003\"n\210"
  78      35C84B90 
  78      6E90D720 
  78      3D20FD20 
  78      03226E88 
  79 0093 1B7B11AC 		.ascii	"\033{\021\254\217\3103\014\362\202p\213|OA\372d\274"
  79      8FC8330C 
  79      F282708B 
  79      7C4F41FA 
  79      64BC
  80 00a5 03225F8F 		.ascii	"\003\"_\217\310\337=\001\357\220\002\335r\025f\3427"
  80      C8DF3D01 
  80      EF9002DD 
  80      721566E2 
  80      37
  81 00b6 0A14A441 		.ascii	"\012\024\244AJP\273k2\036\005\202:E\203\246\201Zz\277"
  81      4A50BB6B 
  81      321E0582 
  81      3A4583A6 
  81      815A7ABF 
  82 00ca BBC29F59 		.ascii	"\273\302\237Y[\020\350%\345\317\303\230\0322\312:E\264"
  82      5B10E825 
  82      E5CFC398 
  82      1A32CA3A 
  82      45B4
  83 00dc 169E733D 		.ascii	"\026\236s=\017d\346\012\242o\337\234\274\315\007+\020"
  83      0F64E60A 
  83      A26FDF9C 
  83      BCCD072B 
  83      10
  84 00ed 89F3C2D5 		.ascii	"\211\363\302\325\326\"2M\005\265\276\353\306>Q\235\014"
  84      D622324D 
  84      05B5BEEB 
  84      C63E519D 
  84      0C
  85 00fe AA7BDB96 		.ascii	"\252{\333\226\375j\354G\221\367\253r\217\222\214fj\020"
  85      FD6AEC47 
  85      91F7AB72 
  85      8F928C66 
  85      6A10
  86 0110 A9DF2478 		.ascii	"\251\337$xU\360\354l\177\000{E\020\017\372s\026\315"
  86      55F0EC6C 
  86      7F007B45 
  86      100FFA73 
  86      16CD
  87 0122 CE17E04A 		.ascii	"\316\027\340J\021\004\305g\322f\352\223_\035\366\301"
  87      1104C567 
  87      D266EA93 
  87      5F1DF6C1 
  88 0132 9F1290E2 		.ascii	"\237\022\220\342\312\316\342\"\177\024\2529Bp-\277\374"
  88      CACEE222 
  88      7F14AA39 
  88      42702DBF 
  88      FC
ARM GAS  /tmp/ccDC2JWx.s 			page 6


  89 0143 A13D2B08 		.ascii	"\241=+\010\223\321i\244A'\021F\305h6\251\311L\015\334"
  89      93D169A4 
  89      41271146 
  89      C56836A9 
  89      C94C0DDC 
  90 0157 13056193 		.ascii	"\023\005a\223\220\222 \004U\005r(\007\205\240l\024\302"
  90      90922004 
  90      55057228 
  90      0785A06C 
  90      14C2
  91 0169 A1532894 		.ascii	"\241S(\224\304#@T\004/O\300K\010\221{8\365\220\032\257"
  91      C4234054 
  91      042F4FC0 
  91      4B08917B 
  91      38F5901A 
  92 017e A621D24F 		.ascii	"\246!\322O\346\365j\274!R\267\352\362I\210\263\020\342"
  92      E6F56ABC 
  92      2152B7EA 
  92      F24988B3 
  92      10E2
  93 0190 8C140222 		.ascii	"\214\024\002\"N\030\243d\374\030\255\245\356\215\012"
  93      4E18A364 
  93      FC18ADA5 
  93      EE8D0A
  94 019f 9C84E866 		.ascii	"\234\204\350f3\312\336T\253X\245|A}\271\373r\215\002"
  94      33CADE54 
  94      AB58A57C 
  94      417DB9FB 
  94      728D02
  95 01b2 EF62B6F6 		.ascii	"\357b\266\366;\011\351j\274\207))CM\202\032g2e\347\313"
  95      3B09E96A 
  95      BC872929 
  95      434D821A 
  95      673265E7 
  96 01c7 BE834A9C 		.ascii	"\276\203J\234\305\224\246\204\336\306\000\234K\025\277"
  96      C594A684 
  96      DEC6009C 
  96      4B15BF
  97 01d6 E3FDDB1F 		.ascii	"\343\375\333\037k\221N\027\254\323\205\352t\272C$\261"
  97      6B914E17 
  97      ACD385EA 
  97      74BA4324 
  97      B1
  98 01e7 96F2EB3F 		.ascii	"\226\362\353?\355\316\336\"\244\030h\366\245\220\375"
  98      EDCEDE22 
  98      A41868F6 
  98      A590FD
  99 01f6 25142CE5 		.ascii	"%\024,\345Y\0007\016\315\201\033G\361\025ok\265\036"
  99      5900370E 
  99      CD811B47 
  99      F1156F6B 
  99      B51E
 100 0208 70B91C5C 		.ascii	"p\271\034\\&\201S\305\036\011\310\311\241\243\000\310"
 100      268153C5 
 100      1E09C8C9 
 100      A1A300C8 
 101 0218 A3360287 		.ascii	"\2436\002\207=\243+\260\375?\221\016]\005\271\010R\005"
ARM GAS  /tmp/ccDC2JWx.s 			page 7


 101      3DA32BB0 
 101      FD3F910E 
 101      5D05B908 
 101      5205
 102 022a 5209720D 		.ascii	"R\011r\015\3442\322\321\256\262x\315R\274\013\362x\274"
 102      E432D2D1 
 102      AEB278CD 
 102      52BC0BF2 
 102      78BC
 103 023c 2CB7BDF5 		.ascii	",\267\275\365^l\205\034{\\\312\2156\255\342\036\020"
 103      5E6C851C 
 103      7B5CCA8D 
 103      36ADE21E 
 103      10
 104 024d 0BBE04C4 		.ascii	"\013\276\004\304\211\015\223\202\276\256\015I\027*\\"
 104      890D9382 
 104      BEAE0D49 
 104      172A5C
 105 025c 98529D1F 		.ascii	"\230R\235\0377l\016\222\342\276\223r<7~MF\243\177\226"
 105      376C0E92 
 105      E2BE9372 
 105      3C377E4D 
 105      46A37F96 
 106 0270 B22C1CBF 		.ascii	"\262,\034\277\334\014\015\355\2730\354\252S\343^\332"
 106      DC0C0DED 
 106      BB30ECAA 
 106      53E35EDA 
 107 0280 3E45C2E1 		.ascii	">E\302\341\356T_\024\032\314\322O\257G$\375\033\340"
 107      EE545F14 
 107      1ACCD24F 
 107      AF4724FD 
 107      1BE0
 108 0292 5D2D1D39 		.ascii	"]-\0359\262\233\011\212\217\256C\315?\246\376\020\377"
 108      B29B098A 
 108      8FAE43CD 
 108      3FA6FE10 
 108      FF
 109 02a3 754ED17E 		.ascii	"uN\321~_v\002s\310Xw\014]\351T\341$6\327\3715W\335\342"
 109      5F760273 
 109      C858770C 
 109      5DE954E1 
 109      2436D7F9 
 110 02bb F7239118 		.ascii	"\367#\221\030\033z\353\266jp*3\216t4e\3711c\027\321"
 110      1B7AEBB6 
 110      6A702A33 
 110      8E743465 
 110      F9316317 
 111 02d0 934EEDCE 		.ascii	"\223N\355\316\232\204\323\230\261\241\375\240K\313\214"
 111      9A84D398 
 111      B1A1FDA0 
 111      4BCB8C
 112 02df 7544DF95 		.ascii	"uD\337\225\\|B\203\177g\306\234\366\314]\242q>\250\247"
 112      5C7C4283 
 112      7F67C69C 
 112      F6CC5DA2 
 112      713EA8A7 
 113 02f3 6A4A9A55 		.ascii	"jJ\232U\370\010\263\271_5n\365\307\307\230R0\270'[\215"
ARM GAS  /tmp/ccDC2JWx.s 			page 8


 113      F808B3B9 
 113      5F356EF5 
 113      C7C79852 
 113      30B8275B 
 114 0308 4F32A5DA 		.ascii	"O2\245\332\335\367\320\207y\015\222d\236\356\034qk\305"
 114      DDF7D087 
 114      790D9264 
 114      9EEE1C71 
 114      6BC5
 115 031a 0F14F98E 		.ascii	"\017\024\371\216l\255\351\311V\3402\012\366O-\337w&"
 115      6CADE9C9 
 115      56E0320A 
 115      F64F2DDF 
 115      7726
 116 032c 00C11888 		.ascii	"\000\301\030\210W\350\230\202\335\205\2025\321>\270"
 116      57E89882 
 116      DD858235 
 116      D13EB8
 117 033b C56AB543 		.ascii	"\305j\265C\265\036@eZ@ZA\036\203<\002i\006i\003y\010"
 117      B51E4065 
 117      5A405A41 
 117      1E833C02 
 117      69066903 
 118 0351 725F3AB5 		.ascii	"r_:\265\320\235[\015!\033\351\001\"\375\271\007\375"
 118      D09D5B0D 
 118      211BE901 
 118      22FDB907 
 118      FD
 119 0362 2154DE4E 		.ascii	"!T\336N\344\216\031*\200\247\255$'\202`\353\344\330"
 119      E48E192A 
 119      80A7AD24 
 119      278260EB 
 119      E4D8
 120 0374 DAB1E707 		.ascii	"\332\261\347\007\300u+<\340;r0/\343\275\343\205\336"
 120      C0752B3C 
 120      E03B7230 
 120      2FE3BDE3 
 120      85DE
 121 0386 96438FBF 		.ascii	"\226C\217\277\307[\342M\342\230\034\234\377\036\270"
 121      C75BE24D 
 121      E2981C9C 
 121      FF1EB8
 122 0395 CBCBDC28 		.ascii	"\313\313\334(\007\377-\337]\212\227\270^\216\275%\307"
 122      07FF2DDF 
 122      5D8A97B8 
 122      5E8EBD25 
 122      C7
 123 03a6 F67979FF 		.ascii	"\366yy\377\222c\033\336K\242\320K|S\016\256\221\217"
 123      92631BDE 
 123      4BA2D04B 
 123      7C530EAE 
 123      918F
 124 03b8 7B593D1D 		.ascii	"{Y=\035w\367\330q\207\223Q\331\377l\363$|\221\236\014"
 124      77F7D871 
 124      879351D9 
 124      FF6CF324 
 124      7C919E0C 
ARM GAS  /tmp/ccDC2JWx.s 			page 9


 125 03cc 455D6572 		.ascii	"E]ers \012\036\377@\240\0168\007\377\347L\260\014z\032"
 125      73200A1E 
 125      FF40A00E 
 125      3807FFE7 
 125      4CB00C7A 
 126 03e1 E8C4FE03 		.ascii	"\350\304\376\003\004O\244\211u\323\211\205<~M\314\270"
 126      044FA489 
 126      75D38985 
 126      3C7E4DCC 
 126      B8
 127 03f2 3B29580C 		.ascii	";)X\014\\1a`\356\203\243\002g\331\216\214t\2156I\372"
 127      5C316160 
 127      EE83A302 
 127      67D98E8C 
 127      748D3649 
 128 0407 0F849E8E 		.ascii	"\017\204\236\216\372\332p\250\023i\011\222\254\200."
 128      FADA70A8 
 128      13690992 
 128      AC802E
 129 0416 6F18B8A9 		.ascii	"o\030\270\251\274\007\021\341\207\013\232L9\020bwD\205"
 129      BC0711E1 
 129      870B9A4C 
 129      39106277 
 129      4485
 130 0428 63425578 		.ascii	"cBUxP\320;'\275B\036\240\250+<\217\234\227\214\376\211"
 130      50D03B27 
 130      BD421EA0 
 130      A82B3C8F 
 130      9C978CFE 
 131 043d FEF44712 		.ascii	"\376\364G\022\275(\211\304\216D'\246\213\316\034\022"
 131      BD2889C4 
 131      8E4427A6 
 131      8BCE1C12 
 132 044d 75851400 		.ascii	"u\205\024\0001\325\3430\212\217\245+\322I9{\367\204"
 132      31D5E330 
 132      8A8FA52B 
 132      D249397B 
 132      F784
 133 045f 3C25EA2A 		.ascii	"<%\352*\026Z5\370\006\373\212\014]\373-C1u/\355A\202"
 133      165A35F8 
 133      06FB8A0C 
 133      5DFB2D43 
 133      31752FED 
 134 0475 304D8956 		.ascii	"0M\211V}2\252Z/\320T\270\257Q2\307\032\327\345k\252"
 134      7D32AA5A 
 134      2FD054B8 
 134      AF5132C7 
 134      1AD7E56B 
 135 048a E9078403 		.ascii	"\351\007\204\003\205BK\323\336/\366&\010U\3406\215\240"
 135      85424BD3 
 135      DE2FF626 
 135      0855E036 
 135      8DA0
 136 049c D073A9BF 		.ascii	"\320s\251\277\360H\226g\360\025\340\320K4\235|\213\212"
 136      F0489667 
 136      F015E0D0 
 136      4B349D7C 
ARM GAS  /tmp/ccDC2JWx.s 			page 10


 136      8B8A
 137 04ae 5E3C50E1 		.ascii	"^<P\341M\230\206\354\330\361\270T\0154-\360;\2428c\365"
 137      4D9886EC 
 137      D8F1B854 
 137      0D342DF0 
 137      3BA23863 
 138 04c3 C6AC2D15 		.ascii	"\306\254-\025)\210\306B]\022K\027e\201\207n\312p\243"
 138      2988C642 
 138      5D124B17 
 138      6581876E 
 138      CA70A3
 139 04d6 FDFE8FF8 		.ascii	"\375\376\217\370<#\350\034hi\324\212\004\205\315K\363"
 139      3C23E81C 
 139      6869D48A 
 139      0485CD4B 
 139      F3
 140 04e7 8B04971F 		.ascii	"\213\004\227\037u\177%\271\277\362\270\277\246\356\265"
 140      757F25B9 
 140      BFF2B8BF 
 140      A6EEB5
 141 04f6 D5598301 		.ascii	"\325Y\203\0018EI\375\357\272\006o{\022hn\265]\363\372"
 141      384549FD 
 141      EFBA066F 
 141      7B12686E 
 141      B55DF3FA 
 142 050a BF91FCDF 		.ascii	"\277\221\374\337x\374{\250\177^~z\233\037\256c\376y"
 142      78FC7BA8 
 142      7F5E7E7A 
 142      9B1FAE63 
 142      FE79
 143 051c 8D694501 		.ascii	"\215iE\001J\005;E\244:\360n`$7\337o\302:\366\321:\366"
 143      4A053B45 
 143      A43AF06E 
 143      602437DF 
 143      6FC23AF6 
 144 0533 22B190F7 		.ascii	"\"\261\220\367\252\207\313|\304\004\316]7\245\321\004"
 144      AA87CB7C 
 144      C404CE5D 
 144      37A5D104 
 145 0543 0083DE4A 		.ascii	"\000\203\336J\011\274\365$\320O\023H\337\237\\\210q"
 145      09BCF524 
 145      D04F1348 
 145      DF9F5C88 
 145      71
 146 0554 334BC055 		.ascii	"3K\300U\332\333\341)\300\351'\353\007\263\245\012\276"
 146      DADBE129 
 146      C0E927EB 
 146      07B3A50A 
 146      BE
 147 0565 9318DE79 		.ascii	"\223\030\336y\030\006(C\325\245\343o\375q\201\212\265"
 147      18062843 
 147      D5A5E36F 
 147      FD71818A 
 147      B5
 148 0576 3DF764A1 		.ascii	"=\367d\241jF\226\320\005\014\345\333\365i].!1\210\216"
 148      6A4696D0 
 148      050CE5DB 
ARM GAS  /tmp/ccDC2JWx.s 			page 11


 148      F5695D2E 
 148      2131888E 
 149 058a CA202318 		.ascii	"\312 #\030\365?a\220\360\240!4\203l\263\255\340\211"
 149      F53F6190 
 149      F0A02134 
 149      836CB3AD 
 149      E089
 150 059c 76CC7891 		.ascii	"v\314x\221\240\322F\207\241 b\370a:a\233j\205ec\360"
 150      A0D24687 
 150      A12062F8 
 150      613A619B 
 150      6A856563 
 151 05b1 7D63F023 		.ascii	"}c\360#\3428\222U\035\2658\302\3404(\015k\3551\276\221"
 151      E2389255 
 151      1DB538C2 
 151      E034280D 
 151      6BED31BE 
 152 05c6 CBBE9916 		.ascii	"\313\276\231\026>g\016\247\321\353\343-q\316\271az\347"
 152      3E670EA7 
 152      D1EBE32D 
 152      71CEB961 
 152      7AE7
 153 05d8 3C3EDE61 		.ascii	"<>\336a\347\015\366\330Yq\3268\323,\223a\215\205\267"
 153      E70DF6D8 
 153      5971D638 
 153      D32C9361 
 153      8D85B7
 154 05eb C445C7C4 		.ascii	"\304E\307\304\033M|\254!\332l\2113\361z\243i\255!>\306"
 154      1B4D7CAC 
 154      21DA6C89 
 154      33F17AA3 
 154      69AD213E 
 155 0600 A9776EB0 		.ascii	"\251wn\260\231\034\263\315\234\257\307\373\363\377\360"
 155      991CB3CD 
 155      9CAFC7FB 
 155      F3FFF0
 156 060f 766C70F0 		.ascii	"vlp\360z\207\323\010Pp\301V\243]e\213\267\031\355>V"
 156      7A87D308 
 156      5070C156 
 156      A35D658B 
 156      B719ED3E 
 157 0624 87CD6432 		.ascii	"\207\315d2\332\325VBgW\305Z\215&;\311\317\274\2307["
 157      DAD55642 
 157      6757C55A 
 157      8D263BC9 
 157      CFBC9837 
 158 0639 63C1D114 		.ascii	"c\301\321\024c\211\345\177\260\332\277\263\304\255\343"
 158      6389E57F 
 158      B0DABFB3 
 158      C4ADE3
 159 0648 C3CD9635 		.ascii	"\303\315\2265\226\345+y\253\2037\033bx\233\325\356t"
 159      96E52B79 
 159      AB83371B 
 159      62789BD5 
 159      EE74
 160 065a F02BBFFE 		.ascii	"\360+\277\376jn\030\277ti\004\037\031\265d\371\367a"
 160      6A6E18BF 
ARM GAS  /tmp/ccDC2JWx.s 			page 12


 160      7469041F 
 160      19B564F9 
 160      F761
 161 066c C4A4B781 		.ascii	"\304\244\267\201\304\304\030!X\220\303\031\013\351\255"
 161      C4C41821 
 161      5890C319 
 161      0BE9AD
 162 067b B359AC7A 		.ascii	"\263Y\254z\207\311\031o\323;\325Q\221\244\016\352\250"
 162      87C9196F 
 162      D33BD551 
 162      91A40EEA 
 162      A8
 163 068c 456C59C8 		.ascii	"ElY\310\226\010\266\204\263\345K\266,`\313\022\262\370"
 163      9608B684 
 163      B3E54BB6 
 163      2C60CB12 
 163      B2F8
 164 069e 452D581A 		.ascii	"E-X\032n\215[kY\347\0031\226\304Y\234\263> K\207=\232"
 164      6E8D5B6B 
 164      59E70331 
 164      96C4599C 
 164      B33E204B 
 165 06b5 ACB3A339 		.ascii	"\254\263\2439\265\303I\234\346}\200\223\247pd/\016R"
 165      B5C3499C 
 165      E67D8093 
 165      A770642F 
 165      0E52
 166 06c7 33BF3556 		.ascii	"3\2775V\203\335H\334#?\300\235\202Ii\364\264:\213\302"
 166      83DD48DC 
 166      233FC09D 
 166      824969F4 
 166      B43A8BC2 
 167 06db F4114B56 		.ascii	"\364\021KV\206/_\265p\305\267\314\006\214j\007\245\233"
 167      862F5FB5 
 167      70C5B7CC 
 167      068C6A07 
 167      A59B
 168 06ed FFB1D998 		.ascii	"\377\261\331\230\354\026\330\215\231\013\360\024Yo\001"
 168      EC16D88D 
 168      990BF014 
 168      596F01
 169 06fc 1AAD7994 		.ascii	"\032\255y\224\022\376\221\315cI\316[\277\2367K}#\354"
 169      12FE91CD 
 169      6349CE5B 
 169      BF9E374B 
 169      7D23EC
 170 070f 9EC3164D 		.ascii	"\236\303\026M\253\376/\247\337_\221"
 170      ABFE2FA7 
 170      DF5F91
 171              		.text
 172              		.section	.gnu.lto_.symtab.d82a86e85bd3eaea,"",%progbits
 173 0000 68616C49 		.ascii	"halInit\000"
 173      6E697400 
 174 0008 00       		.ascii	"\000"
 175 0009 00       		.ascii	"\000"
 176 000a 00       		.ascii	"\000"
 177 000b 00000000 		.ascii	"\000\000\000\000\000\000\000\000"
ARM GAS  /tmp/ccDC2JWx.s 			page 13


 177      00000000 
 178 0013 EF000000 		.ascii	"\357\000\000\000"
 179 0017 70616C5F 		.ascii	"pal_default_config\000"
 179      64656661 
 179      756C745F 
 179      636F6E66 
 179      696700
 180 002a 00       		.ascii	"\000"
 181 002b 02       		.ascii	"\002"
 182 002c 00       		.ascii	"\000"
 183 002d 00000000 		.ascii	"\000\000\000\000\000\000\000\000"
 183      00000000 
 184 0035 FD000000 		.ascii	"\375\000\000\000"
 185 0039 7374496E 		.ascii	"stInit\000"
 185      697400
 186 0040 00       		.ascii	"\000"
 187 0041 02       		.ascii	"\002"
 188 0042 00       		.ascii	"\000"
 189 0043 00000000 		.ascii	"\000\000\000\000\000\000\000\000"
 189      00000000 
 190 004b F1000000 		.ascii	"\361\000\000\000"
 191 004f 626F6172 		.ascii	"boardInit\000"
 191      64496E69 
 191      7400
 192 0059 00       		.ascii	"\000"
 193 005a 02       		.ascii	"\002"
 194 005b 00       		.ascii	"\000"
 195 005c 00000000 		.ascii	"\000\000\000\000\000\000\000\000"
 195      00000000 
 196 0064 F3000000 		.ascii	"\363\000\000\000"
 197 0068 7364496E 		.ascii	"sdInit\000"
 197      697400
 198 006f 00       		.ascii	"\000"
 199 0070 02       		.ascii	"\002"
 200 0071 00       		.ascii	"\000"
 201 0072 00000000 		.ascii	"\000\000\000\000\000\000\000\000"
 201      00000000 
 202 007a F5000000 		.ascii	"\365\000\000\000"
 203 007e 5F70616C 		.ascii	"_pal_lld_init\000"
 203      5F6C6C64 
 203      5F696E69 
 203      7400
 204 008c 00       		.ascii	"\000"
 205 008d 02       		.ascii	"\002"
 206 008e 00       		.ascii	"\000"
 207 008f 00000000 		.ascii	"\000\000\000\000\000\000\000\000"
 207      00000000 
 208 0097 F9000000 		.ascii	"\371\000\000\000"
 209 009b 68616C5F 		.ascii	"hal_lld_init\000"
 209      6C6C645F 
 209      696E6974 
 209      00
 210 00a8 00       		.ascii	"\000"
 211 00a9 02       		.ascii	"\002"
 212 00aa 00       		.ascii	"\000"
 213 00ab 00000000 		.ascii	"\000\000\000\000\000\000\000\000"
 213      00000000 
ARM GAS  /tmp/ccDC2JWx.s 			page 14


 214 00b3 FB000000 		.ascii	"\373\000\000\000"
 215              		.text
 216              		.section	.gnu.lto_.opts,"",%progbits
 217 0000 272D666D 		.ascii	"'-fmath-errno' '-fsigned-zeros' '-ftrapping-math' '"
 217      6174682D 
 217      6572726E 
 217      6F272027 
 217      2D667369 
 218 0033 2D666E6F 		.ascii	"-fno-trapv' '-fno-openmp' '-fno-openacc' '-mcpu=cor"
 218      2D747261 
 218      70762720 
 218      272D666E 
 218      6F2D6F70 
 219 0066 7465782D 		.ascii	"tex-m3' '-mno-thumb-interwork' '-mthumb' '-ggdb' '-"
 219      6D332720 
 219      272D6D6E 
 219      6F2D7468 
 219      756D622D 
 220 0099 4F322720 		.ascii	"O2' '-fomit-frame-pointer' '-falign-functions=16' '"
 220      272D666F 
 220      6D69742D 
 220      6672616D 
 220      652D706F 
 221 00cc 2D666675 		.ascii	"-ffunction-sections' '-fdata-sections' '-fno-common"
 221      6E637469 
 221      6F6E2D73 
 221      65637469 
 221      6F6E7327 
 222 00ff 2720272D 		.ascii	"' '-flto'\000"
 222      666C746F 
 222      2700
 223              		.text
 224              		.comm	__gnu_lto_v1,1,1
 225              		.comm	__gnu_lto_slim,1,1
 226              		.ident	"GCC: (GNU Tools for ARM Embedded Processors) 5.3.1 20160307 (release) [ARM/embedded-5-bran
ARM GAS  /tmp/ccDC2JWx.s 			page 15


DEFINED SYMBOLS
                            *ABS*:0000000000000000 hal.c
                            *COM*:0000000000000001 __gnu_lto_v1
                            *COM*:0000000000000001 __gnu_lto_slim

NO UNDEFINED SYMBOLS
