ARM GAS  /tmp/ccR26hja.s 			page 1


   1              		.syntax unified
   2              		.cpu cortex-m3
   3              		.fpu softvfp
   4              		.eabi_attribute 20, 1
   5              		.eabi_attribute 21, 1
   6              		.eabi_attribute 23, 3
   7              		.eabi_attribute 24, 1
   8              		.eabi_attribute 25, 1
   9              		.eabi_attribute 26, 1
  10              		.eabi_attribute 30, 2
  11              		.eabi_attribute 34, 1
  12              		.eabi_attribute 18, 4
  13              		.thumb
  14              		.syntax unified
  15              		.file	"hal_pal_lld.c"
  16              		.text
  17              	.Ltext0:
  18              		.section	.gnu.lto_.profile.73ffbd26e4eb6c60,"",%progbits
  19 0000 789C6361 		.ascii	"x\234ca```\003bF\206\313\214\027\031\001\005z\001\262"
  19      60606003 
  19      624686CB 
  19      8C171901 
  19      057A01B2 
  20              		.text
  21              		.section	.gnu.lto_.icf.73ffbd26e4eb6c60,"",%progbits
  22 0000 789C6361 		.ascii	"x\234ca\200\000>\006\004`b\270wbR\003+c\317\317\243"
  22      80003E06 
  22      046062B8 
  22      77625203 
  22      2B63CFCF 
  23 0015 7BF91800 		.ascii	"{\371\030\000-!\005\350"
  23      2D2105E8 
  24              		.text
  25              		.section	.gnu.lto_.jmpfuncs.73ffbd26e4eb6c60,"",%progbits
  26 0000 789C6361 		.ascii	"x\234ca\200\000\001\006\004`b`dd\254gd\006\222\354\365"
  26      80000106 
  26      04606260 
  26      6464AC67 
  26      640692EC 
  27 0015 F5F50C00 		.ascii	"\365\365\014\000\015\004\002$"
  27      0D040224 
  28              		.text
  29              		.section	.gnu.lto_.inline.73ffbd26e4eb6c60,"",%progbits
  30 0000 789C6361 		.ascii	"x\234ca\200\200M\014\010\300\304\300\320\316\330\306"
  30      80804D0C 
  30      08C0C4C0 
  30      D0CED8C6 
  31 0010 C8C8CEC0 		.ascii	"\310\310\316\300\310\300\254\000\"\034@D\002\210h`\004"
  31      C8C0AC00 
  31      221C4044 
  31      02886860 
  31      04
  32 0021 910BC0E4 		.ascii	"\221\013\300\344\0010\311 p\210\361\302kn\006\273\007"
  32      0130C920 
  32      7088F1C2 
  32      6B6E06BB 
  32      07
ARM GAS  /tmp/ccR26hja.s 			page 2


  33 0032 57989918 		.ascii	"W\230\231\030\030_\260\263@H\020\301\001fr\200\010\001"
  33      185FB0B3 
  33      404810C1 
  33      01667280 
  33      0801
  34 0044 30530044 		.ascii	"0S\000D(\200\231\012 \302\001\314t\000\021\015\214L"
  34      2880990A 
  34      20C201CC 
  34      7400110D 
  34      8C4C
  35 0056 100A4C32 		.ascii	"\020\012L2A8L \36702\234c\330\313\304\310\310\304\310"
  35      41384C20 
  35      F730329C 
  35      63D8CBC4 
  35      C8C8C4C8 
  36 006a C0C05C74 		.ascii	"\300\300\\t\341\217\"\203\304\234\213@\273\204.\364"
  36      E18F2283 
  36      C49C8B40 
  36      BB842EF4 
  37 007a 30B2805D 		.ascii	"0\262\200]\014\000s\023 ="
  37      0C007313 
  37      203D
  38              		.text
  39              		.section	.gnu.lto_.pureconst.73ffbd26e4eb6c60,"",%progbits
  40 0000 789C6361 		.ascii	"x\234ca```\005b&\006)F)\000\000\342\000A"
  40      60606005 
  40      62260629 
  40      46290000 
  40      E20041
  41              		.text
  42              		.section	.gnu.lto__pal_lld_init.73ffbd26e4eb6c60,"",%progbits
  43 0000 789CA599 		.ascii	"x\234\245\231yTT\347\031\207\347\273w\3307wM4\211Y\210"
  43      795454E7 
  43      1987E7BB 
  43      77D83777 
  43      4D348959 
  44 0015 5113C725 		.ascii	"Q\023\307%\2131{4\321\264i\323&=\247\177\366\264i\232"
  44      8B317B34 
  44      D1B469D3 
  44      263DA77F 
  44      F6B4699A 
  45 0029 786AA227 		.ascii	"xj\242'\351i\377t\020P\334q\301\250\304-\250\240(\210"
  45      E969FF74 
  45      1050DC71 
  45      C1A8C42D 
  45      A8A02888 
  46 003d 881BA288 		.ascii	"\210\033\242\210\340\202\242\242(*.\200\002\242F6Q\021"
  46      E082A2A2 
  46      282A2E80 
  46      02A24636 
  46      5111
  47 004f 61FABDBF 		.ascii	"a\372\275\277\371>\276\0316\347\316\345\034^\030\347"
  47      F93EBE19 
  47      36E7CEE5 
  47      1C5E18E7 
  48 005f F2DC67EE 		.ascii	"\362\334g\356\274<\300h\2658\337\302\306Z,\177\345\037"
  48      BC3CC068 
ARM GAS  /tmp/ccR26hja.s 			page 3


  48      B538DFC2 
  48      C65A2C7F 
  48      E51F
  49 0071 07F277A6 		.ascii	"\007\362w\246[\230\026{\322b\211\360\327\030\243O\354"
  49      5B98167B 
  49      D26289F0 
  49      D718A34F 
  49      EC
  50 0082 FECC325D 		.ascii	"\376\3142]c\323Y\243\326\242\261\234Y\225{\264\241\211"
  50      63D359A3 
  50      D6A2B19C 
  50      59957BB4 
  50      A189
  51 0094 76FE561A 		.ascii	"v\376V\032}w\244=)\233E\353\026\213Cs\242X\"\033\312"
  51      7D77A43D 
  51      299B45EB 
  51      168B4373 
  51      A258221B 
  52 00a9 8F2A8CDA 		.ascii	"\217*\214\332\366\213~O\213\326\031\263\362\233u\005"
  52      F68B7E4F 
  52      8BD619B3 
  52      F29B7505 
  53 00b9 2BAF87D2 		.ascii	"+\257\207\322M\215\015\3467\253[S\253\254\372\357\231"
  53      4D8D0DE6 
  53      37AB5B53 
  53      ABACFAEF 
  53      99
  54 00ca 857FBEE9 		.ascii	"\205\177\276\351j\374\237\207l\260\333g\330\355\361"
  54      6AFC9F87 
  54      6CB0DB67 
  54      D8EDF1
  55 00d9 DFD803A2 		.ascii	"\337\330\003\242u\235mf:\307\261Ml\020Kb\203,\374\237"
  55      759D6D66 
  55      3AC7B14D 
  55      6C104B62 
  55      832CFC9F 
  56 00ed 2C2C990D 		.ascii	",,\231\015\241\243\313\323Z\343B|\243\350\354\203\235"
  56      A1A3CBD3 
  56      5AE3427C 
  56      A3E8EC83 
  56      9D
  57 00fe E7645B98 		.ascii	"\347d[\230/\343\037S\277\314\266;\034\221v{\346\250"
  57      2FE31F53 
  57      BFCCB63B 
  57      1C91767B 
  57      E6A8
  58 0110 A4F0594C 		.ascii	"\244\360YL\343_f\325i\370\320\360\245\341\317\010\023"
  58      E35F66D5 
  58      69F8D0F0 
  58      A5E1CF08 
  58      13
  59 0121 489F06D1 		.ascii	"H\237\006\321\010\246\021B#\224F\030\215\0364z\322\350"
  59      08A61142 
  59      23944618 
  59      8D1E347A 
  59      D2E8
  60 0133 45A3378D 		.ascii	"E\2437\215>4\372\322\350G\243?\215\0014\236\242\361"
ARM GAS  /tmp/ccR26hja.s 			page 4


  60      3E34FAD2 
  60      E847A33F 
  60      8D01349E 
  60      A2F1
  61 0145 348D8134 		.ascii	"4\215\2014H\325\372\014\215gi<Gc0\215\347i\274@\343"
  61      48D5FA0C 
  61      8D67693C 
  61      4763308D 
  61      E769BC40 
  62 015a 451A2FD1 		.ascii	"E\032/\321\010\247\3612\215!4^\2411\224\3060\032\303"
  62      08A7F132 
  62      8D21345E 
  62      A13194C6 
  62      301AC3
  63 016d 69BC4AE3 		.ascii	"i\274J\3435\032#h\330h\214\2441\212\306h\032ch\274N"
  63      351A2368 
  63      D8688CA4 
  63      318AC668 
  63      1A6368BC 
  64 0182 E30D1A6F 		.ascii	"\343\015\032o\322x\213\306X\032o\323\030G\343\035\032"
  64      D2788BC6 
  64      581A6FD3 
  64      1847E31D 
  64      1A
  65 0193 EFD2788F 		.ascii	"\357\322x\217\306\3734>\240\361!\215\217h|Lc<\215\011"
  65      C6FB343E 
  65      A0F1218D 
  65      8F687C4C 
  65      633C8D09 
  66 01a7 343EA1F1 		.ascii	"4>\241\361)\215\2114&\321\260Xj\371%\247\235\250\323"
  66      298D8934 
  66      26D1B058 
  66      6AF925A7 
  66      9DA8D3
  67 01ba 34FAA857 		.ascii	"4\372\250W\262\234\275iw\326\371\320\263\020\251\323"
  67      B29CBD69 
  67      77D6F9D0 
  67      B310A9D3 
  68 01ca 7E2C8BCE 		.ascii	"~,\213\3169\345GO\265\017\236\336\250Uy\225\001\316"
  68      39E5474F 
  68      B50F9EDE 
  68      A8557995 
  68      01CE
  69 01dc 9BF6DA18 		.ascii	"\233\366\332\030;-\303\355k\315{|\326\260U|o|Y\012\177"
  69      3B2DC3ED 
  69      6BCD7B7C 
  69      D6B0557C 
  69      6F7C590A 
  70 01f1 92B7F227 		.ascii	"\222\267\362'\231\216\255_v\2724\330\266\325\036\025"
  70      998EAD5F 
  70      76BA34D8 
  70      B6D51E15 
  71 0201 61EF11AD 		.ascii	"a\357\021\255\373\261T\266\206\265b\257\3306f\263T\262"
  71      FBB154B6 
  71      86B562AF 
  71      D83666B3 
  71      54B2
ARM GAS  /tmp/ccR26hja.s 			page 5


  72 0213 C887BECE 		.ascii	"\310\207\276\316\023\351\316s\305\236;>\337Jp+s\350"
  72      13E9CE73 
  72      C59E3B3E 
  72      DF4A702B 
  72      73E8
  73 0225 2C8D63B8 		.ascii	",\215c\270\3172F\307\0309\317vu\236tf\343t\302\354-"
  73      CF3246C7 
  73      1839CF76 
  73      759E7466 
  73      E374C2EC 
  74 023a BCC39C27 		.ascii	"\274\303\234'\3631\302\332\001\026-$\313pw&\222\367"
  74      F331C2DA 
  74      01162D24 
  74      CB707726 
  74      92F7
  75 024c 8E3B1577 		.ascii	"\216;\025w\0279\372Z\312\331\214\354\302#\022T\374\353"
  75      1739FA5A 
  75      CAD98CEC 
  75      C2231254 
  75      FCEB
  76 025e FE25A1C3 		.ascii	"\376%\241\303\222\350\033#\273\360\217+\326\372G\353"
  76      92E81B23 
  76      BBF08F2B 
  76      D6FA47EB 
  77 026e FEE2BB9B 		.ascii	"\376\342\273\233\355f\303\\\237\030\035O\314\203#\371"
  77      ED66C35C 
  77      9F181D4F 
  77      CC8323F9 
  78 027e 31C1FCCC 		.ascii	"1\301\374\314\021\370\212Y\264\266\001\221\272?\333"
  78      11F88A59 
  78      B4B60191 
  78      BA3FDB
  79 028d 2304562F 		.ascii	"#\004V/\337\335\020\312\005\370\331\003\331^\234\235"
  79      DFDD10CA 
  79      05F8D903 
  79      D95E9C9D 
  80 029d 2E11BF27 		.ascii	".\021\277'c_\356\270\351-\366X\376\205~\374,,\223\331"
  80      635FEEB8 
  80      E92DF658 
  80      FE857EFC 
  80      2C2C93D9 
  81 02b1 48C2C2F6 		.ascii	"H\302\302\366\261\351\334J\023Fs+\222\"4\375K\234\254"
  81      B1E9DC4A 
  81      1346732B 
  81      922234FD 
  81      4B9CAC
  82 02c4 A6F06024 		.ascii	"\246\360`$\013O\240\357\362\354\272\231\372\012{v\324"
  82      0B4FA0EF 
  82      F2ECBA99 
  82      FA0A7B76 
  82      D4
  83 02d5 E0683D88 		.ascii	"\340h=\210e\271\177\247\303v?\013\347_q\257\244\374"
  83      65B97FA7 
  83      C3763F0B 
  83      E75F71AF 
  83      A4FC
  84 02e7 2423DB20 		.ascii	"$#\333 f\267\363\275a\007\370\375\356\0179\2565:1\260"
ARM GAS  /tmp/ccR26hja.s 			page 6


  84      66B7F3BD 
  84      6107F8FD 
  84      EE0F39AE 
  84      353A31B0 
  85 02fb 03D4BF7D 		.ascii	"\003\324\277}>\000\315f\341t\031\370\265\237\261\267"
  85      3E00CD66 
  85      E17419F8 
  85      B59FB1B7 
  86 030b EEC038F7 		.ascii	"\356\3008\367\222\330\023\026\3528\202\237\032=qh\254"
  86      92D81316 
  86      EA38829F 
  86      1A3D7168 
  86      AC
  87 031c 436CD841 		.ascii	"Cl\330A\376\020-,\207\236\312@\327\313\351\337\341r"
  87      FE102D2C 
  87      879ECA40 
  87      D7CBE9DF 
  87      E172
  88 032e F24B164C 		.ascii	"\362K\026L\227\362P\273K\311\257X\266\243\232?\325!"
  88      97F250BB 
  88      4BC9AF58 
  88      B6A39A3F 
  88      D521
  89 0340 2C171754 		.ascii	",\027\027TwRY\0366%g\331\272\276\304w\205\007\001\036"
  89      7752591E 
  89      362567D9 
  89      BABEC477 
  89      8507011E 
  90 0354 91716351 		.ascii	"\221qcQ\240\202\207\322\305`\207\005\275\345a\331\242"
  90      A08287D2 
  90      C5608705 
  90      BDE561D9 
  90      A2
  91 0365 30E7A6D8 		.ascii	"0\347\246\330G\321\252\034\001\333*\330Gi[\002\361\300"
  91      47D1AA1C 
  91      01DB2AD8 
  91      47695B02 
  91      F1C0
  92 0377 D372D7F9 		.ascii	"\323r\327\3719\037\300x\017\215{\220\3531\360|\004/"
  92      391FC078 
  92      0F8D7B90 
  92      EB31F07C 
  92      042F
  93 0389 BFBDAB31 		.ascii	"\277\275\2531\271\343\200\371\012\330\011\222\033\357"
  93      B9E380F9 
  93      0AD80992 
  93      1BEF
  94 0397 7C56DAE4 		.ascii	"|V\332\344&\030\221+\000\317O\360N\232\223;\005\230"
  94      2618912B 
  94      00CF4FF0 
  94      4E9A933B 
  94      0598
  95 03a9 BF809D26 		.ascii	"\277\200\235&\271\011\316+\227'\345>1\"W\010^\200\340"
  95      B909CE2B 
  95      9727E53E 
  95      31225708 
  95      5E80E0
ARM GAS  /tmp/ccR26hja.s 			page 7


  96 03bc 9D312777 		.ascii	"\2351'w\026\260@\001+\"\271O\234W\256M\356S#r\347\300"
  96      16B04001 
  96      2B22B94F 
  96      9C57AE4D 
  96      EE532372 
  97 03d2 0B12BCF3 		.ascii	"\013\022\274\363\346\344\212\001\013\026\260\013$\367"
  97      E6E48A01 
  97      0B16B00B 
  97      24F7
  98 03e0 A9F3CA1D 		.ascii	"\251\363\312\035\226r\023\215\310]\004/D\360.\231\223"
  98      9672138D 
  98      C85D042F 
  98      44F02E99 
  98      93
  99 03f1 2B012C54 		.ascii	"+\001,T\300.\223\334D\347\225k\223\233dD\356\012xa\202"
  99      C02E93DC 
  99      44E7956B 
  99      939B6444 
  99      EE0A7861 
 100 0406 77D59CDC 		.ascii	"w\325\234\3345\300z\010X)\311Mr\015\035\242$\263J\225"
 100      35C07A08 
 100      5829C94D 
 100      720D1DA2 
 100      24B34A95 
 101 041a B2E0DEF3 		.ascii	"\262\340\336\363~\036\204\277\014\341w+}\361\023J_\016"
 101      7E1E84BF 
 101      0CE1772B 
 101      7DF1134A 
 101      5F0E
 102 042c 9D9E9D97 		.ascii	"\235\236\235\227\376\272,\375\015\267\322\033\251{\005"
 102      FEBA2CFD 
 102      0DB7D21B 
 102      A97B05
 103 043b EABE32A7 		.ascii	"\352\2762\247\371P\200\250{\014\325\275R\324\275\330"
 103      F95080A8 
 103      7B0CD5BD 
 103      52D4BDD8 
 104 044b ABBA57F1 		.ascii	"\253\272W\361v\227uY\367T^w:\242\242\273\272\337D\335"
 104      76977559 
 104      F7545E77 
 104      3AA2A2BB 
 104      BADF44DD 
 105 045f AB691782 		.ascii	"\253i\027\202\370\235\025\307\226\314\014v\326}\020"
 105      F89D15C7 
 105      96CC0C76 
 105      D67D10
 106 046e BF59BBE8 		.ascii	"\277Y\273\350`\003k\267\032\267\304\345\313_\270~E\260"
 106      60036BB7 
 106      1AB7C4E5 
 106      CB5FB87E 
 106      45B0
 107 0480 7BDD6FCB 		.ascii	"{\335o\313\272\023\225\335Q\013R\215\2076\343\334\252"
 107      BA1395DD 
 107      510B528D 
 107      8736E3DC 
 107      AA
 108 0491 9A10D705 		.ascii	"\232\020\327\005\251tY\220\312\334Y\253\255\256\013"
ARM GAS  /tmp/ccR26hja.s 			page 8


 108      A9745990 
 108      CADC59AB 
 108      ADAE0B
 109 04a0 F29BCC39 		.ascii	"\362\233\3149`wiA\202T\316a\374\236\207\212\330\336"
 109      60776941 
 109      8254CE61 
 109      FC9E878A 
 109      D8DE
 110 04b2 1A9973F0 		.ascii	"\032\231s\360j\315\311\325\311\234\003VOr\357\251\234"
 110      6ACDC9D5 
 110      C99C0356 
 110      4F72EFA9 
 110      9C
 111 04c3 43EE7D23 		.ascii	"C\356}#r\0152\347\340\3353'\327(s\016\330}\222{_\345"
 111      720D32E7 
 111      E0DD3327 
 111      D728730E 
 111      D87D927B 
 112 04d9 1C721F18 		.ascii	"\034r\037\030\221{ s\016\336CsrM2\347\200=\"\271\017"
 112      917B2073 
 112      0EDE4373 
 112      724D32E7 
 112      803D22B9 
 113 04ee 54CE21F7 		.ascii	"T\316!\367\241\021\271f\231s\360\036\233\223k\2219\007"
 113      A111B966 
 113      9973F01E 
 113      9B936B91 
 113      3907
 114 0500 AC95E43E 		.ascii	"\254\225\344>T9\207\334GF\344\0342\347\340\3315Sr\021"
 114      543987DC 
 114      4746E41C 
 114      32E7E0D9 
 114      35537211 
 115 0514 9AC83960 		.ascii	"\232\3109`34.\367\221\3129\344>6\"\027\251\211\234\203"
 115      33342EF7 
 115      91CA39E4 
 115      3E362217 
 115      A9899C83 
 116 0528 17654E2E 		.ascii	"\027eN.Z\0239\007l&\311}\354Z6T\250-\347U2\347\227="
 116      5A133907 
 116      6C26C97D 
 116      EC5A3654 
 116      A82DE755 
 117 0540 C9F92CAD 		.ascii	"\311\371,\255C\316\257<!\3471\320\351\325y\316gk\"\347"
 117      43CEAF3C 
 117      21E731D0 
 117      E9D579CE 
 117      676B22E7 
 118 0554 73346F73 		.ascii	"s4os>W\243\234/\315YQ\024\"r\036K9\237\2479s~\305\253"
 118      3E57A39C 
 118      2FCD5951 
 118      1422721E 
 118      4B399FA7 
 119 056d 9CCFD7C2 		.ascii	"\234\317\327\302\351\261v\221\363L\236s:\202\237\272"
 119      E9B17691 
 119      F34C9E73 
 119      3A829FBA 
ARM GAS  /tmp/ccR26hja.s 			page 9


 120 057d EB9C2FD0 		.ascii	"\353\234/\320(\347\0135\276\013\301\224\3633;\217\204"
 120      28E70B35 
 120      BE0BC194 
 120      F3333B8F 
 120      84
 121 058e 3A733E96 		.ascii	":s>\226~B\333K6\264\377I\037\2539/\337\354\243\253\357"
 121      7E42DB4B 
 121      36B4FF49 
 121      1FAB392F 
 121      DFECA3AB 
 122 05a3 06B9E77C 		.ascii	"\006\271\347|\221&rNT\266X-\010\347\323SV\231\340\376"
 122      9126724E 
 122      54B6582D 
 122      08E7D353 
 122      5699E0FE 
 123 05b7 F39E3FFA 		.ascii	"\363\236?\372\266\005\331|o^z\200\353\202,\321D\316"
 123      B605D97C 
 123      6F5E7A80 
 123      EB822CD1 
 123      44CE
 124 05c9 015B4A0B 		.ascii	"\001[J\013\022\254r\016\343\267<T\304\366\306i\"\347"
 124      12AC720E 
 124      E3B73C54 
 124      C4F6C669 
 124      22E7
 125 05db E02D3327 		.ascii	"\340-3'\367\263&r\016\330r\222{K\345\034r\236^?\310"
 125      F7B32672 
 125      0ED87292 
 125      7B4BE51C 
 125      729E5E3F 
 126 05f0 ADD044CE 		.ascii	"\255\320D\316\301[iN.^\0239\007\354\027\222\033\253"
 126      C15B694E 
 126      2E5E1339 
 126      07EC1792 
 126      1BAB
 127 0602 720EB9B7 		.ascii	"r\016\271\267\215\310\255\322D\316\301[mNn\215&r\016"
 127      8DC8ADD2 
 127      44CEC15B 
 127      6D4E6E8D 
 127      26720E
 128 0615 D85A927B 		.ascii	"\330Z\222{[\345\034r\343\214\310\255\323D\316\301\373"
 128      5BE51C72 
 128      E38CC8AD 
 128      D344CEC1 
 128      FB
 129 0626 D59C5C82 		.ascii	"\325\234\\\202&r\016\330z\222\033\247r\016\271w\214"
 129      26720ED8 
 129      7A921BA7 
 129      720EB977 
 129      8C
 130 0637 C86DD044 		.ascii	"\310m\320D\316\301\333hN.Q\346\034\260$\222{G\345\034"
 130      CEC1DB68 
 130      4E2E51E6 
 130      1CB02492 
 130      7B47E51C 
 131 064b 72EF1A91 		.ascii	"r\357\032\221\333$s\016\336fsr\3112\347\200m!\271w]"
 131      DB24730E 
ARM GAS  /tmp/ccR26hja.s 			page 10


 131      DE667372 
 131      C932E780 
 131      6D21B977 
 132 0660 CB860AB5 		.ascii	"\313\206\012\265\345|\276&r^\357I\316\267v\314y\303"
 132      E57CBE26 
 132      725EEF49 
 132      CEB776CC 
 132      79C3
 133 0672 13729E02 		.ascii	"\023r\236\002\235\336\235\347<U\346|\233\3279OC\316"
 133      9DDE9DE7 
 133      3C55E67C 
 133      9BD7394F 
 133      43CE
 134 0684 63929726 		.ascii	"c\222\227&\350\"\347\313)\347\333E\316\033\274\312y"
 134      E822E7CB 
 134      29E7DB45 
 134      CE1BBCCA 
 134      79
 135 0695 3A8FF5D6 		.ascii	":\217\365\326.s^\305sNG\244u\227\363\035\310y\006\355"
 135      2E735EC5 
 135      734E47A4 
 135      7597F31D 
 135      C87906ED 
 136 06a9 4208BFF3 		.ascii	"B\010\277\363QzJ\265\370\355\274\210\016>\333\230^\355"
 136      517A4AB5 
 136      F8EDBC88 
 136      0E3EDB98 
 136      5EED
 137 06bb D36E3776 		.ascii	"\323n7v\212\335\270U\263\375p\240{\317w\311\236\023"
 137      8ADDB855 
 137      B3FD70A0 
 137      7BCF77C9 
 137      9E13
 138 06cd 96ED561B 		.ascii	"\226\355V\033\222\201\015\211\237\333Z\341\353\272!"
 138      92810D89 
 138      9FDB5AE1 
 138      EBBA21
 139 06dc DB5D36E4 		.ascii	"\333]6\344\\\303\376\205\276\256\033\262G\366\034\260"
 139      5CC3FE85 
 139      BEAE1BB2 
 139      47F61CB0 
 140 06ec BDB42121 		.ascii	"\275\264!!\252\347P\036\345\241\"\3267S\366\034\274"
 140      AAE7501E 
 140      E5A122D6 
 140      3753F61C 
 140      BC
 141 06fd 7DE6E4B2 		.ascii	"}\346\344\262d\317\001\333Or\243T\317!7\332\210\334"
 141      64CF01DB 
 141      4F72A354 
 141      CF2137DA 
 141      88DC
 142 070f 01D973F0 		.ascii	"\001\331s\360\262\315\311\035\224=\007,\207\344F\253"
 142      B2CDC91D 
 142      943D072C 
 142      87E446AB 
 143 071f 9E436E8C 		.ascii	"\236Cn\214\021\271C\262\347\340\345\232\223\313\223"
 143      11B943B2 
ARM GAS  /tmp/ccR26hja.s 			page 11


 143      E7E0E59A 
 143      93CB93
 144 072e 3D07EC30 		.ascii	"=\007\3540\311\215Q=\207\334\353F\344\216\310\236\203"
 144      C98D513D 
 144      87DCEB46 
 144      E48EC89E 
 144      83
 145 073f 77D49CDC 		.ascii	"w\324\234\3341\331s\300\362I\356u\325s\310\275aD\356"
 145      31D973C0 
 145      F249EE75 
 145      D573C8BD 
 145      6144EE
 146 0752 B8EC3978 		.ascii	"\270\3549x'\314\311\025\310\236\003v\222\344\336P=\207"
 146      27CCC915 
 146      C89E0376 
 146      92E4DE50 
 146      3D87
 147 0764 DC9B46E4 		.ascii	"\334\233F\344N\311\236\203w\332\234\\\241\3549`gH\356"
 147      4EC99E83 
 147      77DA9C5C 
 147      A1EC3960 
 147      6748EE
 148 0777 4DD7B421 		.ascii	"M\327\264!Cm=O\227=\177\350I\317\317v\354y\323\023z"
 148      436D3D4F 
 148      973D7FE8 
 148      49CFCF76 
 148      EC79D313 
 149 078c 5E049D3E 		.ascii	"^\004\235>\235\367\374\234\354\371y\257{^\214\236\227"
 149      9DF7FC9C 
 149      ECF979AF 
 149      7B5E8C9E 
 149      97
 150 079d A416DCF6 		.ascii	"\244\026\334\366\027=_K=\277 z\336\344U\317/\362Z\237"
 150      173D5F4B 
 150      3DBF207A 
 150      DEE455CF 
 150      2FF25A9F 
 151 07b1 EDB2E70D 		.ascii	"\355\262\347\015\274\347tDqw=\277\204\236\227\320.\204"
 151      BCE77444 
 151      71773DBF 
 151      849E97D0 
 151      2E84
 152 07c3 F23BCB22 		.ascii	"\362;\313\"N\335\014r\366\274\026W\""
 152      4EDD0C72 
 152      F6BC1657 
 152      22
 153 07d0 6DFD59FF 		.ascii	"m\375Y\377v\273qY\356Fu\312\015_\367\236_\221=',\273"
 153      76BB7159 
 153      EE4675CA 
 153      0D5FF79E 
 153      5F913D27 
 154 07e6 AA36A404 		.ascii	"\2526\244\004\033R~t\216\333\337o\027\\\026\344\340"
 154      1B527E74 
 154      8EDBDF6F 
 154      175C16E4 
 154      E0
 155 07f7 829B1B43 		.ascii	"\202\233\033C\334^\216\2239\007\253\224\026$T\345\034"
ARM GAS  /tmp/ccR26hja.s 			page 12


 155      DC5E8E93 
 155      3907AB94 
 155      162454E5 
 155      1C
 156 0808 C6C33D34 		.ascii	"\306\303=4\304\366\226\311\234\203Wn\312\355\272\254"
 156      C4F696C9 
 156      9C83576E 
 156      CAEDBAAC 
 157 0818 395837C8 		.ascii	"9X7\310m\270\2529\334^5\342V!k\016^\245)\267*\031s\260"
 157      6DB8AA39 
 157      DC5E35E2 
 157      56216B0E 
 157      5EA529B7 
 158 0830 6E92DBAB 		.ascii	"n\222\333\253*\346p{\315\210[\265\2149x\267L\271\335"
 158      2AE6707B 
 158      CD885BB5 
 158      8C3978B7 
 158      4CB9DD
 159 0843 962D07EB 		.ascii	"\226-\007\353\016\271\275\246Z\016\267\021F\334~\223"
 159      0EB9BDA6 
 159      5A0EB711 
 159      46DC7E93 
 160 0853 2D07EFAE 		.ascii	"-\007\357\256)\267\032\231r\260j\311m\204J9\334lF\334"
 160      29B71A99 
 160      72B06AC9 
 160      6D844A39 
 160      DC6C46DC 
 161 0867 EA64CAC1 		.ascii	"\352d\312\301\2537\345\326 K\016\326=r\263\251\222\303"
 161      AB37E5D6 
 161      204B0ED6 
 161      3D72B3A9 
 161      92C3
 162 0879 6DA411B7 		.ascii	"m\244\021\267FYr\360\356\233r{ C\016\326Cr\033\351\332"
 162      465972F0 
 162      EE9B727B 
 162      20430ED6 
 162      43721BE9 
 163 088e 34F4A72D 		.ascii	"4\364\247-\344\027e\310[=\011yS\307\220;\236\020\362"
 163      E41765C8 
 163      5B3D0979 
 163      53C7903B 
 163      9E10F2
 164 08a1 47D0E9DB 		.ascii	"G\320\351\333y\310\233e\310\037{\035\362\026\204\374"
 164      79C89B65 
 164      C81F7B1D 
 164      F21684FC 
 165 08b1 7462558C 		.ascii	"tbU\214\217\010y\022\205\274U\204\334\341U\310\035<"
 165      8F087912 
 165      85BC5584 
 165      DCE155C8 
 165      1D3C
 166 08c3 D34D5D86 		.ascii	"\323M]\206\334\301CNG\264t\027r\273N!\217\240\377\334"
 166      DCC1434E 
 166      47B47417 
 166      72BB4E21 
 166      8FA0FFDC 
 167 08d7 0EE377A6 		.ascii	"\016\343w\246<\330x\2149C>\217\321C\314:l\017k\267\032"
ARM GAS  /tmp/ccR26hja.s 			page 13


 167      3CD8788C 
 167      39433E8F 
 167      D143CC3A 
 167      6C0F6BB7 
 168 08ec 3374E7F5 		.ascii	"3t\347\365\253NX\274\265\335\013-\221\272\0109aY\224"
 168      AB4E58BC 
 168      B5DD0B2D 
 168      91BA0839 
 168      615994
 169 08ff DEB620FC 		.ascii	"\336\266 \374\004\364b\333\242\304+\001\256\033\322"
 169      04F462DB 
 169      A2C42B01 
 169      AE1BD2
 170 090e EAB221F5 		.ascii	"\352\262!\365u\305\005\376n\257\304\351\242\344\200"
 170      75C505FE 
 170      6EAFC4E9 
 170      A2E480
 171 091d CDD4F986 		.ascii	"\315\324\371\206\204\251\222C9\334CEl\357,]\224\034"
 171      84A99243 
 171      39DC4345 
 171      6CEF2C5D 
 171      941C
 172 092f BC187372 		.ascii	"\274\030sr\263u\221r\300\346\220\\\270J9\344^6\"7W\027"
 172      B3759172 
 172      C0E6905C 
 172      B84A39E4 
 172      5E362237 
 173 0945 29076F9E 		.ascii	")\007o\2369\271\371\272h9`\013H\356e\325r\310\0151\""
 173      39B9F9BA 
 173      6839600B 
 173      48EE65D5 
 173      72C80D31 
 174 095a B750172D 		.ascii	"\267P\027-\007/\326\234\334\"]\304\034\260\305$7D\305"
 174      072FD69C 
 174      DC225DC4 
 174      1CB0C524 
 174      3744C5
 175 096d 1C72AF18 		.ascii	"\034r\257\030\221[\242\213\230\203\267\324\234\\\234"
 175      915BA28B 
 175      9883B7D4 
 175      9C5C9C
 176 097c 2E6A0ED8 		.ascii	".j\016\3302\222{E\325\034rC\215\310\375\254\213\232"
 176      32927B45 
 176      D51C7243 
 176      8DC8FDAC 
 176      8B9A
 177 098e 83B7DC9C 		.ascii	"\203\267\334\234\334\012]\344\034\260\225$7T\345\034"
 177      DC0A5DE4 
 177      1CB09524 
 177      3754E51C 
 178 099e 72C38CC8 		.ascii	"r\303\214\310\305\353\"\347\340\375bNn\225.z\016\330"
 178      C5EB22E7 
 178      E0FD624E 
 178      6E952E7A 
 178      0ED8
 179 09b0 6A921BE6 		.ascii	"j\222\033\346\2326d\250\255\347\016\331\363\245\201"
 179      9A3664A8 
ARM GAS  /tmp/ccR26hja.s 			page 14


 179      ADE70ED9 
 179      F3A581
 180 09bf 1EF47C8D 		.ascii	"\036\364|\215\336\241\347qs\272\357\371Z\350\364\353"
 180      DEA1E771 
 180      73BAEFF9 
 180      5AE8F4EB 
 181 09cf BCE7EB74 		.ascii	"\274\347\353t\321\363_uo{\236\200\366,iL,\223=\337F"
 181      D1F35F75 
 181      6F7B9E80 
 181      F62C694C 
 181      2C933DDF 
 182 09e4 3D5FAF3B 		.ascii	"=_\257;{\036\227\357M\3177\350\341\364X\273\350y\362"
 182      7B1E97EF 
 182      4DCF37E8 
 182      E1F458BB 
 182      E879F2
 183 09f7 521D47F0 		.ascii	"R\035G\360Sw\335\363\215\350y\"\355B\017~g\205\303\241"
 183      5377DDF3 
 183      8DE87922 
 183      ED420F7E 
 183      6785C3A1 
 184 0a0b 3B739E44 		.ascii	";s\236D9oj<\275-\260\335j$\211\325x\274\362\332y?\367"
 184      396F6A3C 
 184      BD2DB0DD 
 184      6A2489D5 
 184      78BCF2DA 
 185 0a22 9C6F9239 		.ascii	"\234o\2229'*\333\254\026$\021\013\222\2658}\247\333"
 185      272ADBAC 
 185      1624110B 
 185      92B5387D 
 185      A7DB
 186 0a34 2B71FCD1 		.ascii	"+q\374\321\267-HB\375\226L\267\277\334\222e\316\001"
 186      B72D4842 
 186      FD964CB7 
 186      BFDC9265 
 186      CE01
 187 0a46 DB420BD2 		.ascii	"\333B\013\322C\345\034\306\317y\250\210\355\335*s\016"
 187      43E51CC6 
 187      CF79A888 
 187      EDDD2A73 
 187      0E
 188 0a57 5E8A39B9 		.ascii	"^\2129\271T\231s\300\266\221\334s*\347\220\033lD.M\346"
 188      549973C0 
 188      B691DC73 
 188      2AE7901B 
 188      6C442E4D 
 189 0a6c 1CBCEDE6 		.ascii	"\034\274\355\346\344\322e\316\001\333Ar\203U\316!\367"
 189      E4D265CE 
 189      01DB4172 
 189      8355CE21 
 189      F7
 190 0a7d BC11B90C 		.ascii	"\274\021\271\014\231s\360v\232\223\333%s\016\330n\222"
 190      9973F076 
 190      9A93DB25 
 190      730ED86E 
 190      92
 191 0a8e 7B5EE51C 		.ascii	"{^\345\034r/\030\221\333#s\016\336^sr\2312\347\200\355"
ARM GAS  /tmp/ccR26hja.s 			page 15


 191      722F1891 
 191      DB23730E 
 191      DE5E7372 
 191      9932E780 
 192 0aa3 23B91754 		.ascii	"#\271\027T\316!\367\242\021\271,\231s\360\366\233\223"
 192      CE21F7A2 
 192      11B92C99 
 192      73F0F69B 
 192      93
 193 0ab4 3B20730E 		.ascii	"; s\016X6\311\275\250r\016\271\227\214\310\035\2249"
 193      5836C9BD 
 193      A8720EB9 
 193      978CC81D 
 193      9439
 194 0ac6 072FC79C 		.ascii	"\007/\307\234\334!\231s\300rI\356%\327\262\241Bm9\337"
 194      DC219973 
 194      C07249EE 
 194      25D7B2A1 
 194      426D39DF 
 195 0ada A08B9CAF 		.ascii	"\240\213\234\257\364$\347y\035s\036\377\204\234\037"
 195      F424E779 
 195      1D731EFF 
 195      849C1F
 196 0ae9 864EFFCE 		.ascii	"\206N\377\316s~D\346\374\250\3279?\206\234\347\355H"
 196      737E44E6 
 196      FCA8D739 
 196      3F869CE7 
 196      ED48
 197 0afb 2E9239DF 		.ascii	".\2229\337M9\317\0279\217\367*\347\307y\254\363\272"
 197      4D39CF17 
 197      398FF72A 
 197      E7C779AC 
 197      F3BA
 198 0b0d CCF92E9E 		.ascii	"\314\371.\236s:\342Xw9?\201\234\027\320.\364\244\227"
 198      733AE258 
 198      77393F81 
 198      9C17D02E 
 198      F4A497
 199 0b20 C39223D2 		.ascii	"\303\222#\322\375\235=\317\245\236\337oj\031\336n5N"
 199      FD9D3DCF 
 199      A59EDF6F 
 199      6A19DE6E 
 199      354E
 200 0b32 8AD55893 		.ascii	"\212\325X\2231\207\377\241\354\226\363S2\347De\247\325"
 200      3187FFA1 
 200      EC96F353 
 200      32E74465 
 200      A7D5
 201 0b44 82146041 		.ascii	"\202\024`A\3564gU\273\275\020\227\357\262 \221)EUn\377"
 201      EE346755 
 201      BBBD1097 
 201      EFB22091 
 201      2945556E 
 202 0b59 4F5E2873 		.ascii	"O^(s\016\330\031Z\220\236*\3470~\3123C,\357YYs\340\212"
 202      0ED8195A 
 202      909E2AE7 
 202      307ECA33 
ARM GAS  /tmp/ccR26hja.s 			page 16


 202      432CEF59 
 203 0b71 CCB99D93 		.ascii	"\314\271\235\2235\007\354<\271=\245j\016\267\247\015"
 203      3507EC3C 
 203      B93DA56A 
 203      0EB7A70D 
 204 0b81 B815CB98 		.ascii	"\270\025\313\230\003w\301\234\333E\031s\300.\221\333"
 204      0377C19C 
 204      DB451973 
 204      C02E91DB 
 205 0b91 D32AE670 		.ascii	"\323*\346p\033h\300\255D\266\034\270\313\346\334\256"
 205      1B68C0AD 
 205      44B61CB8 
 205      CBE6DCAE 
 206 0ba1 C8960376 		.ascii	"\310\226\003v\225\334\006\252\226\303m\220\001\267k"
 206      95DC06AA 
 206      96C36D90 
 206      01B76B
 207 0bb0 32E5C095 		.ascii	"2\345\300\225\232s+\223)\007\254\234\334\006\251\224"
 207      9A732B93 
 207      2907AC9C 
 207      DC06A994 
 208 0bc0 C3ED1903 		.ascii	"\303\355\031\003n\327e\311\201\273a\316\255B\226\034"
 208      6ED765C9 
 208      81BB61CE 
 208      AD42961C 
 209 0bd0 B04A727B 		.ascii	"\260Jr{F\225\034n\317\032p\253\222!\007\356\2469\267"
 209      46951C6E 
 209      CF1A70AB 
 209      922107EE 
 209      A639B7
 210 0be3 6A1972C0 		.ascii	"j\031r\300n\221\333\263\256MC\177\332B~\\\206|\233'"
 210      6E91DBB3 
 210      AE4D437F 
 210      DA427E5C 
 210      867C9B27 
 211 0bf7 21BFDD31 		.ascii	"!\277\3351\344iO\010\371\035\350\014\350<\344\277\311"
 211      E4694F08 
 211      F91DE80C 
 211      E83CE4BF 
 211      C9
 212 0c08 90DFF53A 		.ascii	"\220\337\365:\3445\010\371\243\212\274\271\362\005\363"
 212      E43508F9 
 212      A38ABCB9 
 212      F205F3
 213 0c17 6C0A79AD 		.ascii	"l\012y\255\010y\232W!\257\343\231\276\335e\310\257\363"
 213      08799A57 
 213      21AFE399 
 213      BEDD65C8 
 213      AFF3
 214 0c29 90D31135 		.ascii	"\220\323\0215\335\205\274\036!o\240U\350\305\357<_\224"
 214      DD85BC1E 
 214      216FA055 
 214      E8C5EF3C 
 214      5F94
 215 0c3b B54EBCCE 		.ascii	"\265N\274\316RJ!?\233y\202~?v\333\215{b7~N\275\024\321"
 215      524A213F 
 215      9B79827E 
ARM GAS  /tmp/ccR26hja.s 			page 17


 215      3F76DB8D 
 215      7B62377E 
 216 0c53 EE17F346 		.ascii	"\356\027\363FYr\302\262\373jC\032\260!q\217o\320\313"
 216      5972C2B2 
 216      FB6A431A 
 216      B021718F 
 216      6FD0CB
 217 0c66 886A436A 		.ascii	"\210jCj]6\2449\2464\312\355/\267\007\262\344\200=\244"
 217      5D36A439 
 217      A634CAED 
 217      2FB707B2 
 217      E4803DA4 
 218 0c7a 0DE9A54A 		.ascii	"\015\351\245J\016\345\336\036*b}\233d\312\301{dN\256"
 218      0EE5DE1E 
 218      2A627D9B 
 218      64CAC17B 
 218      644EAE
 219 0c8d 59A61CB0 		.ascii	"Y\246\034\260\307$\327[\245\034r}\214\310\265\310\226"
 219      C724D75B 
 219      A51C727D 
 219      8CC8B5C8 
 219      96
 220 0c9e 83D76A4E 		.ascii	"\203\327jN\316![\016\230\335\312\345\372\250\226C\256"
 220      CE215B0E 
 220      98DDCAE5 
 220      FAA89643 
 220      AE
 221 0caf AF11B908 		.ascii	"\257\021\271\010\253\2109x3\254\246\344\"\255\"\346"
 221      AB883978 
 221      33ACA6E4 
 221      22AD22E6 
 222 0cbf 8045915C 		.ascii	"\200E\221\\_\025s\310\3653\"\027m\0255\007o\2469\271"
 222      5F1573C8 
 222      F5332217 
 222      6D153507 
 222      6FA639B9 
 223 0cd3 59565173 		.ascii	"YVQs\300bH\256\237\2529\344\372\033\221\233m\0259\007"
 223      C06248AE 
 223      9FAA39E4 
 223      FA1B919B 
 223      6D153907 
 224 0ce7 6F8E39B9 		.ascii	"o\2169\271\271V\221s\300\346\221\\\177\225s\310\015"
 224      B9569173 
 224      C0E6915C 
 224      7F9573C8 
 224      0D
 225 0cf8 302237DF 		.ascii	"0\"7\337*z\016\336\002sr\013\255\242\347\200\305\222"
 225      2A7A0EDE 
 225      0273720B 
 225      ADA2E780 
 225      C592
 226 0d0a DC00D7B4 		.ascii	"\334\000\327\264!Cm=\257\243\033\267\370\275\205\277"
 226      21436D3D 
 226      AFA31BB7 
 226      F8BD85BF 
 227 0d1a 4359E9AD 		.ascii	"CY\351\255\226\367)\366\244E\263X&\331\276\233\372\375"
 227      96F729F6 
ARM GAS  /tmp/ccR26hja.s 			page 18


 227      A445B358 
 227      26D9BE9B 
 227      FAFD
 228 0d2c 37B69FBE 		.ascii	"7\266\237\276\2312\371{\333\377\246\376\370\357\311"
 228      9932F97B 
 228      DBFFA6FE 
 228      F8EFC9
 229 0d3b 3F7C6B1B 		.ascii	"?|k\033\377\335\344\177L\376\342+\333\324\237l\337\375"
 229      FFDDE47F 
 229      4CFEE22B 
 229      DBD49F6C 
 229      DFFD
 230 0d4d 7D8A6DDA 		.ascii	"}\212m\332\324\037\377\363\223\355\253\277\374a\314"
 230      D41FFFF3 
 230      93EDABBF 
 230      FC61CC
 231 0d5c 68DBE79F 		.ascii	"h\333\347\237O\260M\374\323g_\374w4\335\365\267i\374"
 231      4FB04DFC 
 231      D3675FFC 
 231      7734DDF5 
 231      B769FC
 232 0d6f 7DCA947F 		.ascii	"}\312\224\177\216\370\332\342\373\365\324\037\3765\371"
 232      8EF8DAE2 
 232      FBF5D41F 
 232      FE35F9
 233 0d7e 5B9F6FA7 		.ascii	"[\237o\247M\236:\355\377y\034\207j"
 233      4D9E3AED 
 233      FF791C87 
 233      6A
 234              		.text
 235              		.section	.gnu.lto__pal_lld_setgroupmode.73ffbd26e4eb6c60,"",%progbits
 236 0000 789C9D57 		.ascii	"x\234\235WkPU\327\025>\353\354s\037\334\027\276\252"
 236      6B5055D7 
 236      153EEBEC 
 236      731FDC17 
 236      BEAA
 237 0012 4689210F 		.ascii	"F\211!\017B4\304\253\230(U\007\235\250\343\243 \230"
 237      4234C4AB 
 237      98285507 
 237      9DA8E3A3 
 237      2098
 238 0024 B4336DA7 		.ascii	"\2643m\247\323V\003S\231@\241@_\177\332\253\027\256"
 238      D3560353 
 238      9940A140 
 238      5F7FDAAB 
 238      17AE
 239 0036 46D1903A 		.ascii	"F\321\220:jtLM\332$h\002\012E\253X\322\020D\211\342"
 239      6A744C4D 
 239      DA246802 
 239      0A45AB58 
 239      D2104489 
 240 004b 23466B7C 		.ascii	"#Fk|\325\210(Q\244\012\027|d\312\243k\255}\356\323["
 240      D5882851 
 240      A40A177C 
 240      64CAA36B 
 240      AD7DEED3 
 241 0060 878199B3 		.ascii	"\207\201\231\2638g\355\357[g}k\257\275\317\276\232\242"
ARM GAS  /tmp/ccR26hja.s 			page 19


 241      3867EDEF 
 241      5B677D6B 
 241      AFBDCFBE 
 241      9AA2
 242 0072 FF0D5394 		.ascii	"\377\015S\2247\361\337^\274 Z\001\265\364\204\242\254"
 242      37F1DF5E 
 242      BC205A01 
 242      B5F484A2 
 242      AC
 243 0083 30AB20E4 		.ascii	"0\253 \344\215P\265\325\361\212\313b#k\323TC\307w\360"
 243      8D50B5D5 
 243      F18ACB62 
 243      236BD354 
 243      43C777F0 
 244 0097 29EADD24 		.ascii	")\352\335$|2\250F\0363\361\230\021\314\222b\362\335"
 244      7C32A846 
 244      1E33F198 
 244      11CC9262 
 244      F2DD
 245 00a9 98C1266F 		.ascii	"\230\301&o\242T\013\003\255\014\264\370\334V\337\215"
 245      A2540B03 
 245      AD0CB4F8 
 245      DC56DF8D 
 246 00b9 4D751499 		.ascii	"Mu\024\231p\334^\322\250 \300._\376\231\331\001@7.3"
 246      70DC5ED2 
 246      A820C02E 
 246      5FFE99D9 
 246      0140372E 
 247 00ce 287F5485 		.ascii	"(\177T\205f0\232\314Q\026\253\315\356\000|\324\363\277"
 247      66309ACC 
 247      5116ABCD 
 247      EE007CD4 
 247      F3BF
 248 00e0 ABF6AA50 		.ascii	"\253\366\252P\277\252\265F\035_\346\302\277+\327wOv"
 248      BFAAB546 
 248      1D5FE6C2 
 248      BF2BD777 
 248      4F76
 249 00f2 EDA88362 		.ascii	"\355\250\203b\004\364\253\022\003e0\036Q\247\212*\267"
 249      04F4AB12 
 249      0365301E 
 249      51A78A2A 
 249      B7
 250 0103 896EB558 		.ascii	"\211n\265X\000h\370\330y|k\213\203\036U\210\305\307"
 250      0068F8D8 
 250      797C6B8B 
 250      831E5588 
 250      C5C7
 251 0115 8327FAF7 		.ascii	"\203'\372\367[\304\367@\301\373\225\177\331\322`\217"
 251      5BC4F740 
 251      C1FB957F 
 251      D9D2608F 
 252 0125 FFC0E55A 		.ascii	"\377\300\345Z\351rm\317tE\025\013\001\037\201\300x\260"
 252      E9726DCF 
 252      7445150B 
 252      011F81C0 
 252      78B0
ARM GAS  /tmp/ccR26hja.s 			page 20


 253 0137 13626007 		.ascii	"\023b`\007\304(\350R\340c\210Gt\377\207\225o\230E:3"
 253      C428E852 
 253      E0638847 
 253      74FF8795 
 253      6F98453A 
 254 014c BFDDF8F9 		.ascii	"\277\335\370\371; \231uo5%lq\325i\305B\203\362p\262"
 254      3B209975 
 254      6F35256C 
 254      71D569C5 
 254      4283F270 
 255 0161 A6400593 		.ascii	"\246@\005\223\273\252?\330`\025?`r\323\372O~\250s74"
 255      BBAA3FD8 
 255      60153F60 
 255      72D3FA4F 
 255      7EA87337 
 256 0176 3D2BB906 		.ascii	"=+\271\006\330\025\3165(\260\033\342\211P\262b\347\025"
 256      D815CE35 
 256      28B01BE2 
 256      8950B262 
 256      E715
 257 0188 217ECCE4 		.ascii	"!~\314\344\353\247[n@\334_\231]\265\326\201\354\242"
 257      EBA75B6E 
 257      40DC5F99 
 257      5DB5D681 
 257      ECA2
 258 019a D8626184 		.ascii	"\330ba\204\312P:\375!zg\377\311?\231\305O\231\371\337"
 258      CA503AFD 
 258      217A67FF 
 258      C93F99C5 
 258      4F99F9DF 
 259 01ae 2F7A3C66 		.ascii	"/z<f\235\371\347&\233\253t\205\231\210\177\213H\274"
 259      9DF9E726 
 259      9BAB7485 
 259      99887F8B 
 259      48BC
 260 01c0 B3E1D071 		.ascii	"\263\341\320qU\274\306\304\365\333\2177;t\342\266\000"
 260      55BCC6C4 
 260      F5DB8F37 
 260      3B74E2B6 
 260      00
 261 01d1 714F4462 		.ascii	"qODb\3539\367\026\243\310bb\333\372=\247-:qk\200\370"
 261      EB39F716 
 261      A3C86262 
 261      DBFA3DA7 
 261      2D3A716B 
 262 01e7 F788C4D2 		.ascii	"\367\210\304\322\336\363.\243\370\025\023OuU\177\244"
 262      DEF32EA3 
 262      F815134F 
 262      75557FA4 
 263 01f7 E9C4B703 		.ascii	"\351\304\267\003\304\375\021\211\353\356<xO\023\277"
 263      C4FD1189 
 263      EBEE3C78 
 263      4F13BF
 264 0206 6362E3A5 		.ascii	"cb\343\245S7|\251n\012\020\017D$^\255\352\333h7\026"
 264      53377CA9 
 264      6E0A100F 
 264      44245EAD 
ARM GAS  /tmp/ccR26hja.s 			page 21


 264      EADB6837 
 265 021b 513BC5C2 		.ascii	"Q;\305\302? \016j\360\332\207\327^\274\252\361\252\202"
 265      3F200E6A 
 265      F0DA87D7 
 265      5EBCAAF1 
 265      AA82
 266 022d 38D95C50 		.ascii	"8\331\\P\013FP\024\313\377Ca\260\336\233U\037[\304\037"
 266      0B465014 
 266      CBFF4361 
 266      B0DE9B55 
 266      1F5BC41F 
 267 0241 388B0F6B 		.ascii	"8\213\017k{\327\371\262\330\267v\204\177\216>y8\015"
 267      7BD7F9B2 
 267      D8B77684 
 267      7F8E3E79 
 267      380D
 268 0253 F827B337 		.ascii	"\370'\2637\336l\255\322\304*`\272\267\357\360\327\372"
 268      DE6CADD2 
 268      C42A60BA 
 268      B7EFF0D7 
 268      FA
 269 0264 14BBEE66 		.ascii	"\024\273\356f\270\336\230M\334O#p\353\230\273\356\326"
 269      B8DE984D 
 269      DC4F2370 
 269      EB98BBEE 
 269      D6
 270 0275 9B6B41AC 		.ascii	"\233kA\254\221\334o<\267\3346\235\333\353\343~\026\201"
 270      91DC6F3C 
 270      B7DC369D 
 270      DBEBE37E 
 270      1681
 271 0287 5BCFDC92 		.ascii	"[\317\334\222\346w\313\242\304:\311]\263\377\332\263"
 271      E677CBA2 
 271      C43AC95D 
 271      B3FFDAB3 
 272 0297 3A7563A6 		.ascii	":uc\246N=\030\201\332\000q\273_\251s\365\367\273\261"
 272      4E3D1881 
 272      DA0071BB 
 272      5FA973F5 
 272      F7BBB1
 273 02aa 81AD17DF 		.ascii	"\201\255\027\337n\213z\005\270\317\021\210\005\302\005"
 273      6E8B7A05 
 273      B8CF1188 
 273      05C205
 274 02b9 8325C2CE 		.ascii	"\203%\302\316\307\"a\017c\231\214\012\025\311\002\324"
 274      C722610F 
 274      63998C0A 
 274      15C902D4 
 275 02c9 CF56C6D8 		.ascii	"\317V\306\330\260\277Mv\006:\3506\232\321C\350v(S\206"
 275      B0BF4D76 
 275      063AE836 
 275      9AD143E8 
 275      76285386 
 276 02dd D1ED7085 		.ascii	"\321\355p\205\012<\002(\366Hr\214\"3\232\314c\\\271"
 276      0A3C0228 
 276      F648728C 
 276      22339ACC 
ARM GAS  /tmp/ccR26hja.s 			page 22


 276      635CB9
 277 02f0 31786B1E 		.ascii	"1xk\036\313\205\240\025cz\234\236\307\261\270'\3506"
 277      CB85A015 
 277      637A9C9E 
 277      C7B1B827 
 277      E836
 278 0302 96937D12 		.ascii	"\226\223}\022h\005?E\200\247\311<C&\216L<\231\347\310"
 278      68053F45 
 278      80A7C93C 
 278      43268E4C 
 278      3C99E7C8 
 279 0316 8C273381 		.ascii	"\214'3\201L\002\231\027\310L$3\211\314d2\211d\246\220"
 279      4C029917 
 279      C84C2433 
 279      89CC6432 
 279      8964A690 
 280 032a 7989CC54 		.ascii	"y\211\314T2\323\310$\221\231Nf\006\231\231d\222\311"
 280      32D3C824 
 280      91994E66 
 280      06999964 
 280      92C9
 281 033c CC22339B 		.ascii	"\314\"3\233\314\313d\346\220\231Kf\036\231\371d\026"
 281      CCCB64E6 
 281      90994B66 
 281      1E99F964 
 281      16
 282 034d 90594866 		.ascii	"\220YHf\021\231\024\256c*\027f1\327$\215\313\221\316"
 282      119914AE 
 282      632A1766 
 282      31D7248D 
 282      CB91CE
 283 0360 555BC275 		.ascii	"U[\302uT\224\016\354I\334I;U\025\377\211Vp\367x.\227"
 283      54940EEC 
 283      49DC493B 
 283      5515FF89 
 283      5670F778 
 284 0376 275193BA 		.ascii	"'Q\223\272\205\325-,\264Uz+\313l\264\353\231@\300!\234"
 284      85D52D2C 
 284      B4557A2B 
 284      CB6CB4EB 
 284      9940C021 
 285 038b B9ABA072 		.ascii	"\271\253\240r\027c\030\004)H\362zZ\313\317\201d\331"
 285      17631804 
 285      2948F27A 
 285      5ACBCF81 
 285      64D9
 286 039d 24EB50FF 		.ascii	"$\353P\377\375\272hb\231\021}\030Y\034\373\232\016\262"
 286      FDBA6862 
 286      99117D18 
 286      591CFB9A 
 286      0EB2
 287 03af 230E417B 		.ascii	"#\016A{\032\032=f\031\032\2401(t\015\205\266\313\320"
 287      1A1A3D66 
 287      191AA031 
 287      28740D85 
 287      B6CBD0
 288 03c2 B7CB2FE8 		.ascii	"\267\313/\350,\007\206\206\204\260P\321\350\017Ik\037"
ARM GAS  /tmp/ccR26hja.s 			page 23


 288      2C078686 
 288      84B050D1 
 288      E80F496B 
 288      1F
 289 03d3 71A325F7 		.ascii	"q\243%\367\236?\255!2\255#\357\037\350\261\311\264\014"
 289      9E3FAD21 
 289      32AD23EF 
 289      1FE8B1C9 
 289      B40C
 290 03e5 F079785A 		.ascii	"\360yxZC\021\027\022k/\305\032*c\365\225w\350\260a2"
 290      43111712 
 290      6B2FC51A 
 290      2A63F595 
 290      77E8B061 
 291 03fa 56F79AE2 		.ascii	"V\367\232\342\373B\3062\301\221\360X\303\021\207\240"
 291      FB42C632 
 291      C191F058 
 291      C31187A0 
 292 040a 5DDEEE5D 		.ascii	"]\336\356]F)1\032\216\006\205\256\246\320\303\361qe"
 292      4629311A 
 292      8E0685AE 
 292      A6D0C3F1 
 292      7165
 293 041c 5DA5953D 		.ascii	"]\245\225=r\365o*\256?i\"\002n\023\320\304\013\245\023"
 293      72F56F2A 
 293      AE3F6922 
 293      026E13D0 
 293      C40BA513 
 294 0430 BF5DF859 		.ascii	"\277]\370Y\023\210\035\302\363\346\026FE>p\202\006\375"
 294      13881DC2 
 294      F3E61646 
 294      453E7082 
 294      06FD
 295 0442 81956BFA 		.ascii	"\201\225k\372\003\227P\350\017<U\252\376\200m\341\026"
 295      039750E8 
 295      0F3C55AA 
 295      FE806DE1 
 295      16
 296 0453 20B33D5B 		.ascii	" \263=[\221,\323\035\211.\236\202f(\272\350^\246;1\237"
 296      912CD31D 
 296      892E9E82 
 296      6628BAE8 
 296      5EA63B31 
 297 0468 DDED35DF 		.ascii	"\335\3555\337\332\245\000\005\216\311\205\353\005p\213"
 297      DAA50005 
 297      8EC985EB 
 297      05708B
 298 0477 112A9A14 		.ascii	"\021*\232\024{O\347r/\250\330\010j\355\371<\267H\267"
 298      7B4FE772 
 298      2FA8D808 
 298      6AEDF93C 
 298      B748B7
 299 048a 5FEACAF6 		.ascii	"_\352\312\366\202\300\351S\217\221#\325\376~\201\027"
 299      82C0E953 
 299      8F9123D5 
 299      FE7E8117 
 300 049a 349C12F5 		.ascii	"4\234\022\365\314\217\334b\261\275\266\253\320\013\006"
ARM GAS  /tmp/ccR26hja.s 			page 24


 300      CC8FDC62 
 300      B1BDB6AB 
 300      D00B06
 301 04a9 2CABDA4E 		.ascii	",\253\332N\343i\366cD0\222V\265\344\"z\226\330\333\273"
 301      E369F663 
 301      44309256 
 301      B5E4227A 
 301      96D8DBBB 
 302 04bd 7E8EA235 		.ascii	"~\216\2425eu\274l\311\333\025\245\020\276\313\342\232"
 302      6575BC6C 
 302      C9DB15A5 
 302      10BECBE2 
 302      9A
 303 04ce A5C54A0B 		.ascii	"\245\305J\013\224V&o\254\270\243\034\247\274Ga\201\202"
 303      9456266F 
 303      ACB8A31C 
 303      A7BC4761 
 303      8182
 304 04e0 27C88413 		.ascii	"'\310\204\023tBN\320VO\273&A\243\021\027\374\2157\201"
 304      74424ED0 
 304      564FBB26 
 304      41A31117 
 304      FC8D3781 
 305 04f4 062725A8 		.ascii	"\006'%\250\303\323\240J\320c<\221\243y\326\320AoE\247"
 305      C3D3A04A 
 305      D0633C91 
 305      A379D6D0 
 305      416F45A7 
 306 0508 C4DCAB98 		.ascii	"\304\334\253\230)Ac\340\371\030\232\222VX\351]u\006"
 306      294163E0 
 306      F9189A92 
 306      5658E95D 
 306      7506
 307 051a A4732CFA 		.ascii	"\244s,\372\375\264:\242\215\225\357\357\253\370\211"
 307      FDB43AA2 
 307      8D95EFEF 
 307      ABF889
 308 0529 44C4C82C 		.ascii	"D\304\310,\375+\305\204\340/|\011t\353a\036\307\206"
 308      FD2BC584 
 308      E02F7C09 
 308      74EB611E 
 308      C786
 309 053b 476868EC 		.ascii	"Ghh\354q\350\367\307\256\247\330\343$\353\360\256d\211"
 309      71E8F7C7 
 309      AEA7D8E3 
 309      24EBF0AE 
 309      6489
 310 054d 7822B8F5 		.ascii	"x\"\270\365\314\330z\247 \206t\204\204\211E\234?L\003"
 310      CCD87AA7 
 310      20867484 
 310      8489459C 
 310      3F4C03
 311 0560 85894540 		.ascii	"\205\211E@\375\201\316\356z\223D<\025\334\220\202\267"
 311      FD81CEEE 
 311      7A93443C 
 311      15DC9082 
 311      B7
ARM GAS  /tmp/ccR26hja.s 			page 25


 312 0571 F6FB8D47 		.ascii	"\366\373\215GW\333\266\303;x^\212r\213'\341Kj\011\364"
 312      57DBB6C3 
 312      3B785E8A 
 312      728B27E1 
 312      4B6A09F4 
 313 0585 7FE5F51E 		.ascii	"\177\345\365\036\2649+\\E8`\201\323\260\035\372\370"
 313      B4392B5C 
 313      45386081 
 313      D3B01DFA 
 313      F8
 314 0596 300567C0 		.ascii	"0\005g\300I\257\355\363\364\350\205\177Z/E\217\177*"
 314      49AFEDF3 
 314      F4E8857F 
 314      5A2F458F 
 314      7F2A
 315 05a8 9EC137A1 		.ascii	"\236\3017\241\237\234\017<\327\014\322I\355\213C\224"
 315      9F9C0F3C 
 315      D70CD249 
 315      ED8B4394 
 316 05b8 D1A6E691 		.ascii	"\321\246\346\221\344\013z\373\012j\002\3322\037\221"
 316      E40B7AFB 
 316      0A6A02DA 
 316      321F91
 317 05c7 C3BF0239 		.ascii	"\303\277\0029\234\005'\006dqUw}\342\342\007\254\346"
 317      9C052706 
 317      64715577 
 317      7DE2E207 
 317      ACE6
 318 05d9 2B8E0414 		.ascii	"+\216\004\024\351\234OM\203\236\346sz\361{<\335\272"
 318      E99C4F4D 
 318      839EE673 
 318      7AF17B3C 
 318      DDBA
 319 05eb 9AF1181A 		.ascii	"\232\361\030\032\375RM\273\016\233\200+\023\207\006"
 319      FD524DBB 
 319      0E9B802B 
 319      138706
 320 05fa AFE67C20 		.ascii	"\257\346| \207\013\244f\202\234*\277\232\204\001\253"
 320      870BA466 
 320      829C2ABF 
 320      9A8401AB 
 321 060a B9C891F8 		.ascii	"\271\310\221\3700r\211\325\320\256\245\347\376\002\013"
 321      307289D5 
 321      D0AEA5E7 
 321      FE020B
 322 0619 4A90B95F 		.ascii	"J\220\271_\322s\237\210[\014\016\015>\367\177\007\336"
 322      D2739F88 
 322      5B0C0E0D 
 322      3EF77F07 
 322      DE
 323 062a 7899729F 		.ascii	"x\231r\237H\273\314\005w\365\3461\362\005\262\357\025"
 323      48BBCC05 
 323      77F5E631 
 323      F205B2EF 
 323      15
 324 063b DEEA0CCA 		.ascii	"\336\352\014\312\003\213\300\341\223\356O7\307\310a"
 324      038BC0E1 
ARM GAS  /tmp/ccR26hja.s 			page 26


 324      93EE4F37 
 324      C7C861
 325 064a 7ADD91A3 		.ascii	"z\335\221\243\233w\330\344\266h\202\257\375h\243Rk\020"
 325      9B77D8E4 
 325      B66882AF 
 325      FD68A352 
 325      6B10
 326 065c 3CAD3D5F 		.ascii	"<\255=_\352\205\2304\340B\\\341\264\350w\0014\373\246"
 326      EA859834 
 326      E0425CE1 
 326      B4E87701 
 326      34FBA6
 327 066f D5378993 		.ascii	"\3257\211\223\345b\010*M\"\206F\177hi\246\360\026\221"
 327      E562082A 
 327      4D228646 
 327      7F6869A6 
 327      F01691
 328 0682 C8A5796F 		.ascii	"\310\245yoT\244\322\314zti\256\006rh\241\322LaY&\277"
 328      54A4D2CC 
 328      7A7469AE 
 328      067268A1 
 328      D24C6159 
 329 0698 AC5E9FAC 		.ascii	"\254^\237\254\227\006,\353\032\207\324(\344\365pYS\037"
 329      97062CEB 
 329      1A87D428 
 329      E4F57059 
 329      531F
 330 06aa 92350D43 		.ascii	"\2225\015C\243?TV\022\313\2326xY\255\201\034\276!YI"
 330      A33F5456 
 330      12CB9A36 
 330      7859AD81 
 330      1CBE2159 
 331 06bf 2CCB4C73 		.ascii	",\313Ls\313m\333{U\2275}\300\262npH\003\205\274\351"
 331      CB6DDB7B 
 331      5597357D 
 331      C0B26E70 
 331      480385BC 
 332 06d4 6B5B9FAC 		.ascii	"k[\237\254\031\334\266\323C\227\334Ll,\034\222m\033"
 332      19DCB6D3 
 332      4397DC4C 
 332      6C2C1C92 
 332      6D1B
 333 06e6 51C48C47 		.ascii	"Q\304\214G\213h\013\274\361\026\211\230\311\"\242\224"
 333      8B680BBC 
 333      F1168998 
 333      C922A294 
 334 06f6 D2183937 		.ascii	"\322\03097\015-\272\210\344\001\213h\017\204\374O\270"
 334      0D2DBA88 
 334      E4018B68 
 334      0F84FC4F 
 334      B8
 335 0707 88592C22 		.ascii	"\210Y,\"9T\304l\0261k\360\"n\007\336x\207D\314Vxq\225"
 335      3954C46C 
 335      16316BF0 
 335      226E07DE 
 335      788744CC 
 336 071f 6DF32DAE 		.ascii	"m\363-\256\240\325dQV;\244\264C\247ui/\017XZG\240\223"
ARM GAS  /tmp/ccR26hja.s 			page 27


 336      A0D56451 
 336      563BA4B4 
 336      43A77569 
 336      2F0F585A 
 337 0736 3BC3DB6E 		.ascii	";\303\333n\316Cm7\027C\243?\264\355\346q\333\315\035"
 337      CE436D37 
 337      1743A33F 
 337      B4EDE671 
 337      DBCD1D
 338 0749 7CDB7903 		.ascii	"|\333y\0039t\221\330y,\313\352\227u\330'k\376\200eu"
 338      397491D8 
 338      792CCBEA 
 338      9775D827 
 338      6BFE8065 
 339 075e 073AF96E 		.ascii	"\007:\371n\270\254\005\017\311Z\210\241\321\037*k\021"
 339      B8AC050F 
 339      C95A88A1 
 339      D11F2A6B 
 339      11
 340 076f CB5A3878 		.ascii	"\313Z8xY\367\0029\334'Y\213X\226\215\017\205\362l\272"
 340      59F70239 
 340      DC27598B 
 340      58968D0F 
 340      85F26CBA 
 341 0783 FF457962 		.ascii	"\377EybK\241c\334\363\201S&\237\365R\344v\333\262m\264"
 341      4BA163DC 
 341      F3815326 
 341      9FF552E4 
 341      76DBB26D 
 342 0798 0EF29DE3 		.ascii	"\016\362\235\3430\210])i\344 \035\236\2635\372\301?"
 342      30885D29 
 342      69E4201D 
 342      9EB335FA 
 342      C13F
 343 07aa 15BFBCC1 		.ascii	"\025\277\274\301A\370(\231*O\030\227k\246K\320b\374"
 343      41F82899 
 343      2A4F1897 
 343      6BA64BD0 
 343      62FC
 344 07bc A0F1C13E 		.ascii	"\240\361\301>\344\334\275X\242Zk\246JT\032~:BP|"
 344      E4DCBD58 
 344      A25A6BA6 
 344      4A541A7E 
 344      3A42507C 
 345 07d0 604D93A8 		.ascii	"`M\223\250\266\357JP:}\001\202A|\\M'\320&\317\275\232"
 345      B6EF4A50 
 345      3A7D0182 
 345      417C5C4D 
 345      27D026CF 
 346 07e6 4912B544 		.ascii	"I\022\265D~\010\366\256:Ve\221\037\002\200\007A$>\027"
 346      7E08F6AE 
 346      3A566591 
 346      1F028007 
 346      41243E17 
 347 07fa 2F61510E 		.ascii	"/aQ\016\3721\323\206'\353\352\023B\236\013\025\372\251"
 347      FA31D386 
 347      27EBEA13 
ARM GAS  /tmp/ccR26hja.s 			page 28


 347      429E0B15 
 347      FAA9
 348 080c 03E8C68F 		.ascii	"\003\350\306\217\320\002\347\362\334\234LgAfvV\216\363"
 348      D002E7F2 
 348      DC9C4C67 
 348      41667656 
 348      8EF3
 349 081e B7B9F9AF 		.ascii	"\267\271\371\257g\375\362\027\3169\313\263\226e\245"
 349      67FDF217 
 349      CE39CBB3 
 349      9665A5
 350 082d BDEACC2D 		.ascii	"\275\352\314-p._\232\355\314\313\315/,p\276\372\375"
 350      702E5F9A 
 350      EDCCCBCD 
 350      2F2C70BE 
 350      FAFD
 351 083f D42989CE 		.ascii	"\324)\211\316\224\224\271\316\371\351\013\323~\223H"
 351      9494B9CE 
 351      F9E90BD3 
 351      7E9348
 352 084e 433FCBC3 		.ascii	"C?\313\303+;;c\342k\212F(-gi\301\353ZNnF\246X\226U\250"
 352      2B3B3B63 
 352      E26B8A46 
 352      282D6769 
 352      C1EB5A4E 
 353 0869 2DCD2ECC 		.ascii	"-\315.\3147\344\375:/#\337\224[\220\227\231\231\221"
 353      37E4FD3A 
 353      2F23DF94 
 353      5B909799 
 353      9991
 354 087b 6FCC2DFC 		.ascii	"o\314-\374}^f\276\201 \371f\032'\206\2323Y\315ITs^\374"
 354      7D5E66BE 
 354      8120F966 
 354      1A27869A 
 354      3359CD49 
 355 0893 1F7FB5E0 		.ascii	"\037\177\265\340'"
 355      27
 356              		.text
 357              		.section	.gnu.lto_.symbol_nodes.73ffbd26e4eb6c60,"",%progbits
 358 0000 789C6361 		.ascii	"x\234ca``P\003b\006\246\313\214\365\014\014\023\316"
 358      60605003 
 358      6206A6CB 
 358      8CF50C0C 
 358      13CE
 359 0012 313000A9 		.ascii	"10\000\251]\015\212@\221+\214\365\214(\"\014\000\300"
 359      5D0D8A40 
 359      912B8CF5 
 359      8C28220C 
 359      00C0
 360 0024 C50947   		.ascii	"\305\011G"
 361              		.text
 362              		.section	.gnu.lto_.refs.73ffbd26e4eb6c60,"",%progbits
 363 0000 789C6361 		.ascii	"x\234ca```\004b\006\000\0002\000\006"
 363      60606004 
 363      62060000 
 363      320006
 364              		.text
ARM GAS  /tmp/ccR26hja.s 			page 29


 365              		.section	.gnu.lto_.decls.73ffbd26e4eb6c60,"",%progbits
 366 0000 789CCD58 		.ascii	"x\234\315X{PT\327\031\337s\317\262,\313\002\031\264"
 366      7B5054D7 
 366      19DF73CF 
 366      B22CCB02 
 366      19B4
 367 0012 1D336366 		.ascii	"\0353cf\234\224&\244\223d\005\323\244\177u\252\200b"
 367      9C9426A4 
 367      936405D3 
 367      A47F75AA 
 367      8062
 368 0024 6B22B398 		.ascii	"k\"\263\230t:\223\231-\021T\032^\003kkf:\323\225\327"
 368      743A9399 
 368      2D11541A 
 368      5E036B6B 
 368      663AD395 
 369 0039 8A883C54 		.ascii	"\212\210<T\004\001\037\200\012\212\212(\"\002\272\202"
 369      04011F80 
 369      0A8A8A28 
 369      2202BA82 
 370 0049 223E90A7 		.ascii	"\">\220\247\010\012\010\242\340\013\005Q\036\002\322"
 370      080A08A2 
 370      E00B0551 
 370      1E02D2
 371 0058 EF9C7377 		.ascii	"\357\234sw\357\335\313\322\244\217?\272\303\217s\276"
 371      EFDDCBD2 
 371      A48F3FBA 
 371      C38F73BE 
 372 0068 7B7EE7FB 		.ascii	"{~\347\373\276\363\235\327w\257\\\306~\243\357\311d"
 372      BEF39DD7 
 372      77AF5CC6 
 372      7EA3EFC9 
 372      64
 373 0079 FBB04CF6 		.ascii	"\373\260L\366-\222\311f\340\007U\33172\341\307\001\206"
 373      2D92C966 
 373      E00755D9 
 373      3732E1C7 
 373      0186
 374 008b 005F20D9 		.ascii	"\000_ \331\254\037y\356\302\363]\001\363\001\203\200"
 374      AC1F79EE 
 374      C2F35D01 
 374      F3018380 
 375 009b 0F0171C0 		.ascii	"\017\001q\300\217\005LC\335\010\3453(\267@\351\001\210"
 375      8F054C43 
 375      DD08E533 
 375      28B740E9 
 375      0188
 376 00ad 07240016 		.ascii	"\007$\000\026\003\336\205\347\021P\376\035\320\013\365"
 376      03DE85E7 
 376      1150FE1D 
 376      D00BF5
 377 00bc AB808FA1 		.ascii	"\253\200\217\241~\011\312_Ay\015Jw(k\210^(\257C\371"
 377      7E09CA5F 
 377      41790D4A 
 377      77286B88 
 377      5E28AF43 
 378 00d1 119457A0 		.ascii	"\021\224W\240\374\004\312Z(\177\001\345}(\037\000\372"
ARM GAS  /tmp/ccR26hja.s 			page 30


 378      FC04CA5A 
 378      287F01E5 
 378      7D281F00 
 378      FA
 379 00e2 010F013D 		.ascii	"\001\017\001=\200\001@\037\340\236h\034\333m\214\203"
 379      8001401F 
 379      E09E681C 
 379      DB6D8C83 
 380 00f2 8CCD5132 		.ascii	"\214\315Q2\216\317\340\331\030\224#\200\012~L~2\346"
 380      8ECFE0D9 
 380      18942380 
 380      0A7E4C7E 
 380      32E6
 381 0104 33199382 		.ascii	"3\031\223\202\367\223\370H\374#>\021\177\210/h\216x"
 381      F793F848 
 381      FC233E11 
 381      7F882F68 
 381      8E78
 382 0116 4D73A8AA 		.ascii	"Ms\250\252e\362\246\374.\352@\340\017z\207>E\210\375"
 382      65F2A6FC 
 382      2EEA40E0 
 382      0F7A873E 
 382      4588FD
 383 0129 47143206 		.ascii	"G\0242\006*B\205\223\361\372\314\217\220\231\310\313"
 383      2A428593 
 383      F1FACC8F 
 383      9099C8CB 
 384 0139 9CB92AB3 		.ascii	"\234\271*\263(\243\177|\177:\247\364G\225\010\332\021"
 384      28A37F7C 
 384      7F3AA7F4 
 384      479508DA 
 384      11
 385 014a DF89C97C 		.ascii	"\337\211\311|g\031\342eN0\200\230h\356 \322\307\334"
 385      6719E265 
 385      4E308098 
 385      68EE20D2 
 385      C7DC
 386 015c E5D5093E 		.ascii	"\345\325\011>[\306\204\314\203>R\224\371\320\001s\210"
 386      5BC684CC 
 386      833E5294 
 386      F9D00173 
 386      88
 387 016d D4EF4D14 		.ascii	"\324\357M\024,\377\264\310\000\277\024\203\201s\027"
 387      2CFFB4C8 
 387      00BF1483 
 387      817317
 388 017c 22D3145B 		.ascii	"\"\323\024[\234\215_q\310U\205\344 \016\327\357\351"
 388      9C8D5F71 
 388      C85585E4 
 388      200ED7EF 
 388      E9
 389 018d 730671BE 		.ascii	"s\006q\276\012-\002\361\\\327\260\311\221\265\366 \220"
 389      0A2D02F1 
 389      5CD7B0C9 
 389      91B5F620 
 389      90
 390 019e CF560D7A 		.ascii	"\317V\015z2q\241\250u>\337Z\\\031;\350\314\232MDN\214"
ARM GAS  /tmp/ccR26hja.s 			page 31


 390      3271A1A8 
 390      753EDF5A 
 390      5C193BE8 
 390      CC9A4D44 
 391 01b4 4B4EB0C7 		.ascii	"KN\260\307\357R\007\236\307>\354\3415-\000\261y\350"
 391      EF52079E 
 391      C73EECE1 
 391      352D00B1 
 391      79E8
 392 01c6 460E2FBE 		.ascii	"F\016/\276\003bgB\374^\005^D\231]u\205G\211G\037\252"
 392      03626742 
 392      FC5E055E 
 392      44995D75 
 392      85478947 
 393 01dc 1019B00B 		.ascii	"\020\031\260\013<:\361\254|\302\211=\"\214\346\344\227"
 393      3C3AF1AC 
 393      7CC2893D 
 393      228CE6E4 
 393      97
 394 01ed F9F6F897 		.ascii	"\371\366\370\227\244\316\325&\235*qD\356\252Cdl=M\007"
 394      A4CED526 
 394      9D2A7144 
 394      EEAA4364 
 394      6C3D4D07 
 395 0201 D5E506C3 		.ascii	"\325\345\006\303;\350,R\2413\010\243B\364)\211\310\207"
 395      3BE82C52 
 395      A13308A3 
 395      42F42989 
 395      C887
 396 0213 2AB20D0C 		.ascii	"*\262\015\014\206hCJ\214\301\265\316Y\206\216\242\205"
 396      8668434A 
 396      8CC1B5CE 
 396      59868EA2 
 396      85
 397 0224 E8085A28 		.ascii	"\350\010Z(Ce\310\235\250%DT\012\017O\303C0Q\230\237"
 397      4365C89D 
 397      A8254454 
 397      0A0F4FC3 
 397      43305198 
 398 0239 9AABC041 		.ascii	"\232\253\300A\324D\346\351#c*\213\211*\243[\0211Q\001"
 398      D444E6E9 
 398      23632A8B 
 398      892AA35B 
 398      11315101 
 399 024d 26CA0513 		.ascii	"&\312\005\023`qN\033\347l\333\270\177\256s3\2073\020"
 399      60714E1B 
 399      E76CDBB8 
 399      7FAE7333 
 399      873310
 400 0260 1DD39E8A 		.ascii	"\035\323\236\212W\327\354X@\224 \276\330q\271\236\303"
 400      57D7EC58 
 400      409420BE 
 400      D871B99E 
 400      C3
 401 0271 D9ACADBF 		.ascii	"\331\254\255\277=&S\201s\231\2202\335aP\340#LHz1~@\216"
 401      3D265381 
 401      73999032 
ARM GAS  /tmp/ccR26hja.s 			page 32


 401      DD6150E0 
 401      234C487A 
 402 0289 4F32A123 		.ascii	"O2\241#f\254\315\011\227Q\301\341\370D\342\0035rs\233"
 402      66ACCD09 
 402      9751C1E1 
 402      F844E203 
 402      3572739B 
 403 029d E7E6E6EE 		.ascii	"\347\346\346\356\346\346\226K\034\353\231\270\376\217"
 403      E6E6964B 
 403      1CEB99B8 
 403      FE8F
 404 02ab 1D87E30D 		.ascii	"\035\207\343\015)\001\324\373J\360\3762\232'\370Y\002"
 404      2901D4FB 
 404      4AF0FE32 
 404      9A27F859 
 404      02
 405 02bc FF64C803 		.ascii	"\377d\310\003\376\311(\3374\332\2406\223/H\311U\002"
 405      FEC928DF 
 405      34DAA036 
 405      932F48C9 
 405      5502
 406 02ce 39955F57 		.ascii	"9\225_W\006\244\227\241\343@8F\333\010\035\306\214\352"
 406      06A497A1 
 406      E3403846 
 406      DB081DC6 
 406      8CEA
 407 02e0 60F8B5C8 		.ascii	"`\370\265\310\015]\005\\\002\\\003\324\000\256\003\256"
 407      0D5D055C 
 407      025C03D4 
 407      00AE03AE 
 408 02f0 2037BA12 		.ascii	" 7\272\022\231\275n\301\336E\251=\215\304\267\364f\013"
 408      99BD6EC1 
 408      DE45A93D 
 408      8DC4B7F4 
 408      660B
 409 0302 B75ACA3D 		.ascii	"\267Z\312=)\370F'\315t\027\024\033\224\204$\343'L0:"
 409      29F84627 
 409      CD741714 
 409      1B948424 
 409      E3274C30 
 410 0317 D2B030D3 		.ascii	"\322\2600\323`\212\305T\225\311\246\331\243H\260\373"
 410      608AC554 
 410      95C9A6D9 
 410      A348B0FB 
 411 0327 46F0F1BC 		.ascii	"F\360\361\274\355\230\210\331i\202\227\247l\207\233"
 411      ED9888D9 
 411      698297A7 
 411      6C879B
 412 0336 B161FA2E 		.ascii	"\261a\372.\274\215mT\3408\272_\271\230\374\341T%r\237"
 412      BC8D6D54 
 412      E038BA5F 
 412      B998FCE1 
 412      5425729F 
 413 034a C7DCCF6C 		.ascii	"\307\334\317lF\304\375\233\320\373\206\260\344\310h"
 413      46C4FD9B 
 413      D0FB86B0 
 413      E4C868
ARM GAS  /tmp/ccR26hja.s 			page 33


 414 0359 E6083EAA 		.ascii	"\346\010>\252\207\230\377;\361\007\373#\005%{\225l\005"
 414      8798FF3B 
 414      F107FB23 
 414      05257B95 
 414      6C05
 415 036b 1690DDFB 		.ascii	"\026\220\335\373x\272\366\251\035\316`\347GQ\375\225"
 415      78BAF6A9 
 415      1DCE60E7 
 415      4751FD95 
 416 037b 4EFE98D8 		.ascii	"N\376\230\330B\032[\306\032\215*\274\2175\316<\356\310"
 416      421A5BC6 
 416      1A8D2ABC 
 416      8F35CE3C 
 416      EEC8
 417 038d 73608D43 		.ascii	"s`\215CD\336Z\272#\317\005\037b\215-\375\007b\325\254"
 417      44DE5ABA 
 417      23CF051F 
 417      628D2DFD 
 417      0762D5AC 
 418 03a1 B191C8DB 		.ascii	"\261\221\310\333\223O\235T\341c\254\261\240?{;\337\370"
 418      934F9D54 
 418      E163ACB1 
 418      A03F7B3B 
 418      DFF8
 419 03b3 1B104BEB 		.ascii	"\033\020K\353\317v\333\341\323\254\255\363e\233\321"
 419      CF76DBE1 
 419      D3ACADF3 
 419      659BD1
 420 03c2 115730E1 		.ascii	"\021W0\341\304\324\316\303\012\\\315\204k\235\343\275"
 420      C4D4CEC3 
 420      0A5CCD84 
 420      6B9DE3BD 
 421 03d2 F6ACD714 		.ascii	"\366\254\327\024q\346I\322L\247\232?\207\310qa\254\177"
 421      71E649D2 
 421      4CA79A3F 
 421      87C87161 
 421      AC7F
 422 03e4 7D98C357 		.ascii	"}\230\303W)\3311\265*\247\314\011\3016\340\177\356V"
 422      29D931B5 
 422      2AA7CC09 
 422      C136E07F 
 422      EE56
 423 03f6 01EB8480 		.ascii	"\001\353\204\200\335\245\363\320\315G\353\021D\253\027"
 423      DDA5F3D0 
 423      CD47EB11 
 423      44AB17
 424 0405 22731FF0 		.ascii	"\"s\037\360\000\320\017x\010\350\001\014\000\372\000"
 424      00D00F78 
 424      08E8010C 
 424      00FA00
 425 0414 F784550B 		.ascii	"\367\204U\013\263\323\324\262p3]@d~\272`~\210*\313L"
 425      B3D3D4B2 
 425      70335D40 
 425      647EBA60 
 425      7E882ACB 
 426 0429 14596D2A 		.ascii	"\024Ym*\240g\370\223\025A\270\315Rn\223\365\372\001"
 426      A067F893 
ARM GAS  /tmp/ccR26hja.s 			page 34


 426      1541B8CD 
 426      526E93F5 
 426      FA01
 427 043b 72A3D64C 		.ascii	"r\243\326L\276#%k$z\333-\324\016)\365\344,\275g-N\024"
 427      BE23256B 
 427      247ADB2D 
 427      D40E29F5 
 427      E42CBD67 
 428 0452 4BC92766 		.ascii	"K\311'f\221\207,\232\333\245\344\333\322\321\245X\024"
 428      91872C9A 
 428      DBA5E4DB 
 428      D2D1A558 
 428      14
 429 0463 B74AB92D 		.ascii	"\267J\271-R\356\270Eo\233\224{k\226\023\305\026\305"
 429      52EEB845 
 429      6F9B947B 
 429      6B9613C5 
 429      16C5
 430 0475 8D527283 		.ascii	"\215Rr\203t\273W4\323\355\336m\275\335ae\\\234x\026"
 430      74BB5734 
 430      D3EDDE6D 
 430      BDDD6165 
 430      5C9C7816 
 431 0489 E7821BD9 		.ascii	"\347\202\033\331\036k\274\230\334\355\214\346\331^\020"
 431      1E6BBC98 
 431      DCED8CE6 
 431      D95E10
 432 0498 E829AC83 		.ascii	"\350)\254\203\377dM0\017^\267\320\035\373\004\024<\026"
 432      FF644D30 
 432      0F5EB7D0 
 432      1DFB0414 
 432      3C16
 433 04aa 766C37DD 		.ascii	"vl7\335\261\340\307\356-{\356\270\314\343\015\233\346"
 433      B1E0C7EE 
 433      2D7BEEB8 
 433      CCE30D9B 
 433      E6
 434 04bb 342CFBC9 		.ascii	"4,\373\311VAg\305\266=\231*\365V\341\006B\317D\247\215"
 434      564167C5 
 434      B63D992A 
 434      F556E106 
 434      42CF44A7 
 435 04d0 0C0D22B5 		.ascii	"\014\015\"\26591h\313(q\222s\354\031\372NN\236M\316"
 435      393168CB 
 435      28719273 
 435      EC19FA4E 
 435      4E9E4DCE 
 436 04e4 1416392C 		.ascii	"\024\0269,H\247\036\305\030\026\311\3217?\027\365}\201"
 436      48A71EC5 
 436      1816C9D1 
 436      373F17F5 
 436      7D81
 437 04f6 16C0FFE7 		.ascii	"\026\300\377\347H\316\024\230\372\366T\250\336\337o"
 437      48CE1498 
 437      FAF654A8 
 437      DEDF6F
 438 0505 D85F6CE8 		.ascii	"\330_l\350y\235\376mo\211\301\220\000\035\345\204\007"
ARM GAS  /tmp/ccR26hja.s 			page 35


 438      799DFE6D 
 438      6F89C190 
 438      001DE584 
 438      07
 439 0516 878765BC 		.ascii	"\207\207e\274P%\305a\030\230\014\015\241\367\241\353"
 439      5025C561 
 439      18980C0D 
 439      A1F7A1EB 
 440 0526 E0C1981D 		.ascii	"\340\301\230\035.8\017\323\215|\244\276pJ\216\313\251"
 440      2E380FD3 
 440      8D7CA4BE 
 440      704A8ECB 
 440      A9
 441 0537 C045BF49 		.ascii	"\300E\277I,U\"\225\273\355;\364\225\215;\224]\310\023"
 441      2C552295 
 441      BBED3BF4 
 441      958D3B94 
 441      5DC813
 442 054a 89CB0FC6 		.ascii	"\211\313\017\306AR\203F\340\220})\030\257\24072X\031"
 442      41528346 
 442      E0907D29 
 442      18AFA037 
 442      325819
 443 055d EB355EC5 		.ascii	"\3535^\305t\270\204\301\206\033{i4\325\011W3\313\351"
 443      74B884C1 
 443      861B7B69 
 443      34D50957 
 443      33CBE9
 444 0570 ADBB471C 		.ascii	"\255\273G\034\347\264<>\227e\323\333y`u\014t\216\332"
 444      E7B43C3E 
 444      9765D3DB 
 444      7960750C 
 444      748EDA
 445 0583 B03A99FD 		.ascii	"\260:\231\375j\200\005\2310^#j6k\244\3531\177R\272\213"
 445      6A800599 
 445      305E236A 
 445      366BA4EB 
 445      317F52BA 
 446 0598 B22D5796 		.ascii	"\262-W\226m\215\037x\220\306\341\006\026\233\306\303"
 446      6D8D1F78 
 446      90C6E106 
 446      169BC6C3 
 447 05a8 5B1AB10A 		.ascii	"[\032\261\012\\\212\371\311\011E\361\314\316\036'\334"
 447      5C8AF9C9 
 447      0945F1CC 
 447      CE1E27DC 
 448 05b8 CAFA1F1B 		.ascii	"\312\372\037\033\277w\306\016w0!igu\265\034w3!/3\325"
 448      BF77C60E 
 448      77302169 
 448      6775B51C 
 448      7733212F 
 449 05ce 6887FB98 		.ascii	"h\207\373\230P\230\226R\254\302\017\231`\316\312\346"
 449      50989652 
 449      ACC20F99 
 449      60CECAE6 
 450 05de B3ACECF2 		.ascii	"\263\254\354\362\314\230\311\205\271\307\201\230q\344"
 450      CC98C985 
ARM GAS  /tmp/ccR26hja.s 			page 36


 450      B9C78198 
 450      71E4
 451 05ec F61B073C 		.ascii	"\366\033\007<\300\250\007\337L\016\221\013\341\003\222"
 451      C0A807DF 
 451      4C0E910B 
 451      E10392
 452 05fb A561518E 		.ascii	"\245aQ\216\366\001\313\321.\\\277zH\215\007Y\200\363"
 452      F601CBD1 
 452      2E5CBF7A 
 452      488D0759 
 452      80F3
 453 060d 4DD171C8 		.ascii	"M\321q\310\034`\030\220\252\000F\023\303-D\261\034\214"
 453      1C601890 
 453      AA004613 
 453      C32D44B1 
 453      1C8C
 454 061f 662BE74E 		.ascii	"f+\347Nz\321\321\030\341a<g\236\332\246\301\337\307"
 454      7AD1D118 
 454      E1613C67 
 454      9EDAA6C1 
 454      DFC7
 455 0631 C0B64409 		.ascii	"\300\266D\011\034\\;\234%\306\037\360!>\237z\267_\205"
 455      1C5C3B9C 
 455      25C61FF0 
 455      213E9F7A 
 455      B75F85
 456 0644 C7998DC2 		.ascii	"\307\231\215\302\241\033E.s\332H\232\323F\225\361=\232"
 456      A11B452E 
 456      73DA489A 
 456      D34695F1 
 456      3D9A
 457 0656 CF6D031B 		.ascii	"\317m\003\033\211\202\0150\311\214D\217\347V*\361f9"
 457      89820D30 
 457      C98C448F 
 457      E7562AF1 
 457      6639
 458 0668 31223FB6 		.ascii	"1\"?\266\263c\237\002AR\345\316'T\211!;\214\361\206"
 458      B3639F02 
 458      4152E5CE 
 458      27548921 
 458      3B8CF186 
 459 067c C63FD3EE 		.ascii	"\306?\323\356\333\241{\0127O\260*\034\321l\253\233`"
 459      DBA17B0A 
 459      374FB02A 
 459      1CD16CAB 
 459      9B60
 460 068e 309132D1 		.ascii	"0\2212\321\276\"lr\300\244\201{\311\234\033J\345\304"
 460      BE226C72 
 460      C0A4817B 
 460      C99C1B4A 
 460      E5C4
 461 06a0 E95049B2 		.ascii	"\351PI\262\332\254:\316\246j\220,'\316\276\006\216\234"
 461      DAAC3ACE 
 461      A66A902C 
 461      27CEBE06 
 461      8E9C
 462 06b2 3840B23E 		.ascii	"8@\262>\363\344\271\271\265\247\224h>\334|i\374\356"
ARM GAS  /tmp/ccR26hja.s 			page 37


 462      F3E4B9B9 
 462      B5A79468 
 462      3EDC7C69 
 462      FCEE
 463 06c4 A6E78DE0 		.ascii	"\246\347\215\340\304\016n>u\"\035\234\330\005N\354\344"
 463      C40E6E3E 
 463      75221D9C 
 463      D8054EEC 
 463      E4
 464 06d5 C4B75B69 		.ascii	"\304\267[i\003\206\333-\232\231\217\0067\010}\316\254"
 464      0386DB2D 
 464      9A998F06 
 464      37087DCE 
 464      AC
 465 06e6 2C479C4C 		.ascii	",G\234Lm\236\233\315|\316Jv&>\003GrN\277x\231\325\346"
 465      6D9E9BCD 
 465      7CCE4A76 
 465      263E0347 
 465      724EBF78 
 466 06fd 321FFCDD 		.ascii	"2\037\374\335<\267\2772+g\311\236\256\271U\252\306q"
 466      3CB7BF32 
 466      2B67C99E 
 466      AEB955AA 
 466      C671
 467 070f 74A6D0C3 		.ascii	"t\246\320\303\353'\242\2258\201\011{\353\217_\267\303"
 467      EB27A295 
 467      3881097B 
 467      EB8F5FB7 
 467      C3
 468 0720 494CA838 		.ascii	"IL\2508z\274\231\303;\230PT>\224\210p\026\023\206\215"
 468      7ABC99C3 
 468      3B985054 
 468      3E948870 
 468      1613868D 
 469 0734 27F43897 		.ascii	"'\3648\227\325csR\0328\266\366?\0061=!\273G\316\247"
 469      D5637352 
 469      1A38B6F6 
 469      3F06313D 
 469      21BB47CE 
 470 0749 18642F94 		.ascii	"\030d/\224\264\025T(q\001\345:e\245\237l\205UA~4\317"
 470      B4155428 
 470      7101E53A 
 470      65A59F6C 
 470      8555417E 
 471 075f 7027F976 		.ascii	"p'\371vl\214\301\264\333\034\215i\210F&D\343\0207W\272"
 471      6C8CC1B4 
 471      DB1C8D69 
 471      88462644 
 471      E3103757 
 472 0774 1D0B412E 		.ascii	"\035\013A.k\340\030}7\214\320 \245\237\264\242\203\366"
 472      6BE0187D 
 472      378CD020 
 472      A59FB4A2 
 472      83F6
 473 0786 999B22ED 		.ascii	"\231\233\"\3559R\272F\302>\317\362V\302\335/\345\276"
 473      3952BA46 
 473      C23ECFF2 
ARM GAS  /tmp/ccR26hja.s 			page 38


 473      56C2DD2F 
 473      E5BE
 474 0798 91AA3E2B 		.ascii	"\221\252>+\220g\220M?\330\325luu\356\203\265\271\227"
 474      9067904D 
 474      3FD8D56C 
 474      7575EE83 
 474      B5B997
 475 07ab AC48CA27 		.ascii	"\254H\312'+\352(\254\250<\230\244\"\300\021@\001\340"
 475      2BEA28AC 
 475      A83C98A4 
 475      22C01140 
 475      01E0
 476 07bd 00E03020 		.ascii	"\000\3400 \027p\020P\0108\006\310\267\254:\342@\206"
 476      17701050 
 476      083806C8 
 476      B7AC3AE2 
 476      4086
 477 07cf E0       		.ascii	"\340"
 478 07d0 4086EDB8 		.ascii	"@\206\355\270\231s\003\302\336)\260\367H\331U\263\330"
 478      997303C2 
 478      DE29B0F7 
 478      48D955B3 
 478      D8
 479 07e1 E704F65B 		.ascii	"\347\004\366[\351\340&\245\221H\023\310Y\266U\213\326"
 479      E9E026A5 
 479      914813C8 
 479      59B6558B 
 479      D6
 480 07f2 F3E44D9A 		.ascii	"\363\344M\232w\034\342$\257\031DQ\252x-d\333\234-\261"
 480      771CE224 
 480      AF194451 
 480      AA782D64 
 480      DB9C2DB1 
 481 0806 939582DD 		.ascii	"\223\225\202\335)\333NZ^\034L\365\343\247\355p\021]"
 481      29DB4E5A 
 481      5E1C4CF5 
 481      E3A7ED70 
 481      115D
 482 0818 8B5CDFD5 		.ascii	"\213\\\337\3257C\330\362\342\320\324@\323\220b\350}"
 482      3743D8F2 
 482      E2D0D440 
 482      D39062E8 
 482      7D
 483 0829 5C38DB88 		.ascii	"\\8\333\210\177s\314\035:\001S\366\337L\037\370S_\333"
 483      7F73CC1D 
 483      3A0153F6 
 483      DF4C1FF8 
 483      535FDB
 484 083c 7E516995 		.ascii	"~Qi\225\210\024s\342D\344$\247\346=\001rYB\306\200\023"
 484      881473E2 
 484      44E424A7 
 484      E63D0172 
 484      5942C680 
 485 0851 2E67CEA7 		.ascii	".g\316\247uNg\202\363j\346|K\372B\342\374i\240\227\010"
 485      754E6782 
 485      F36AE67C 
 485      4BFA42E2 
ARM GAS  /tmp/ccR26hja.s 			page 39


 485      FC69A097 
 486 0866 CE436F28 		.ascii	"\316Co(\346\322\216N\201\317V\006n\033c\3539z\017\023"
 486      E6D28E4E 
 486      81CF5606 
 486      6E1B63EB 
 486      397A0F13 
 487 087a 4513EC1E 		.ascii	"E\023\354\036\036\274\223\374D=g\266s\206#\331N)\307"
 487      1EBC93FC 
 487      443D67B6 
 487      738623D9 
 487      4E29C7
 488 088d 673BA5DB 		.ascii	"g;\245\333\217O+\315\331N\233\356\276%\333\001\036\032"
 488      8F4F2BCD 
 488      D94E9BEE 
 488      BE25DB01 
 488      1E1A
 489 089f 16AEFE61 		.ascii	"\026\256\376aq\266S\306\221l\347L\377\325Z\025;E\014"
 489      71B653C6 
 489      916CE74C 
 489      FFD55A15 
 489      3B450C
 490 08b2 E44DC554 		.ascii	"\344M\305T\273m\020\341K\354\210\331\322kl\341\033\307"
 490      BB6D10E1 
 490      4BEC88D9 
 490      D26B6CE1 
 490      1BC7
 491 08c4 69289E1F 		.ascii	"i(\236\037-sbg\214\211\276VU\217\265;\341k\214\\\232"
 491      2D736267 
 491      8C89BE56 
 491      558FB53B 
 491      E16B8C5C 
 492 08d9 D3B6D791 		.ascii	"\323\266\327\221\244\003\006\363\260\241\233\340r\025"
 492      A40306F3 
 492      B0A19BE0 
 492      7215
 493 08e7 B9AE6015 		.ascii	"\271\256`\025\241\3054\023\310\352x[\354\342\232\302"
 493      A1C53413 
 493      C8EA785B 
 493      ECE29AC2 
 494 08f7 5F3ABFD3 		.ascii	"_:\277\323\323\343\270\002\346\230-\331\363\234\253"
 494      D3E3B802 
 494      E6982DD9 
 494      F39CAB
 495 0906 B90FCD46 		.ascii	"\271\017\315F\313\357\0179\343Vf(\265\346\365\210#n"
 495      CBEF0F39 
 495      E3566628 
 495      B5E6F588 
 495      236E
 496 0918 674267EE 		.ascii	"gBg\356\316\203r\346\342#\"\347LM\305\312q\027k\214"
 496      CE8372E6 
 496      E22322E7 
 496      4C4DC5CA 
 496      71176B8C 
 497 092c AEE848E5 		.ascii	"\256\350H\345\323\203\036\232=D\357\310W\340\001\326"
 497      D3831E9A 
 497      3D44EFC8 
 497      57E001D6 
ARM GAS  /tmp/ccR26hja.s 			page 40


 498 093c 38F9FCF0 		.ascii	"8\371\374\360\220\002\0173\241\254w\327\005>\355i'r"
 498      90020F33 
 498      A1AC77D7 
 498      053EED69 
 498      2772
 499 094e CD48F6B0 		.ascii	"\315H\366\260\032O\262\306\270\374\326m\3668\316\216"
 499      1A4FB2C6 
 499      B8FCD66D 
 499      F638CE8E 
 500 095e 0A237793 		.ascii	"\012#w\223j\3258\231\011\227\352\372Z\2248\223\011\211"
 500      6AD53899 
 500      0997EAFA 
 500      5A943893 
 500      0989
 501 0970 974B6BF9 		.ascii	"\227Kk\3717\320:\"o~Tl\3048\2175\232C\347\312\207n\270"
 501      37D03A22 
 501      6F7E546C 
 501      C4388F35 
 501      9A43E7CA 
 502 0987 B166AB03 		.ascii	"\261f\253\003>\306\032\353\023\322vq\270\224\0113YC"
 502      3EC61AEB 
 502      13D27671 
 502      B8940933 
 502      5943
 503 0999 396A5CC5 		.ascii	"9j\\\305\204\312\274\270B%\276\302\204\212\262\312Z"
 503      84CABCB8 
 503      4225BEC2 
 503      848AB2CA 
 503      5A
 504 09aa FE0BCC62 		.ascii	"\376\013\314br\001\334L\352T\343\006\326v\374\221\321"
 504      7201DC4C 
 504      EA54E306 
 504      D676FC91 
 504      D1
 505 09bb 648F6FF3 		.ascii	"d\217o\363\275\352'\212\234\361=^\270[\252\301\217Y"
 505      BDEA278A 
 505      9CF13D5E 
 505      B85BAAC1 
 505      8F59
 506 09cd FDC0A372 		.ascii	"\375\300\243r\310m_2\241\267k`\2533\236dB\374\205]U"
 506      C86D5F32 
 506      A1B76B60 
 506      AB339E64 
 506      42FC855D 
 507 09e2 0E384EC1 		.ascii	"\0168N\301\206\325\323\215\360vV\177\272\325\324\301"
 507      86D5D38D 
 507      F076567F 
 507      BAD5D4C1 
 508 09f2 E1DD4C28 		.ascii	"\341\335L(,O\352\265\303\373\231\320W\026;*\307\371"
 508      2C4FEAB5 
 508      C3FB99D0 
 508      57163B2A 
 508      C7F9
 509 0a04 4C383AB5 		.ascii	"L8:\265\267\321\001\0272\241\361\\\317Cg|\222\011E\005"
 509      B7D10117 
 509      32A1F15C 
 509      CF43677C 
ARM GAS  /tmp/ccR26hja.s 			page 41


 509      92094505 
 510 0a18 5DFDF6FC 		.ascii	"]\375\366\374\242!\037\216\362\317\366\300yq\2326.\272"
 510      A2211F8E 
 510      F2CFF6C0 
 510      79719A36 
 510      2EBA
 511 0a2a 94726E0B 		.ascii	"\224rn\013Bn\266\177\356n\374K1\275\347{fF\"r\362\256"
 511      426EB67F 
 511      EE6EFC4B 
 511      31BDE77B 
 511      66462272 
 512 0a40 190CFBAB 		.ascii	"\031\014\373\253\021Y\037\350\026l\271I\330Y\346U3\373"
 512      11591FE8 
 512      166CB949 
 512      D859E655 
 512      33FB
 513 0a52 9278B55E 		.ascii	"\222x\265^8\320.\363l\313>\254\341$\354\323\"v\207\224"
 513      38D02EF3 
 513      6CCB3EAC 
 513      E124ECD3 
 513      22768794 
 514 0a66 6D75B7D1 		.ascii	"mu\267\321\324z={\245&\236TJ=9'\325\235\362\027Aw\271"
 514      D47A3D7B 
 514      A5269E54 
 514      4A3D3927 
 514      D59DF217 
 515 0a7d 54F7594E 		.ascii	"T\367YN\242{\\\244\273Z\252\373\242T\367\036\221\337"
 515      A27B5CA4 
 515      BB5AAAFB 
 515      A254F71E 
 515      91DF
 516 0a8f DD52DDB3 		.ascii	"\335R\335\263\216\3557\"\266I\312n\221F\260D\304\276"
 516      8EED3722 
 516      B649CA6E 
 516      9146B044 
 516      C4BE
 517 0aa1 2365CFBE 		.ascii	"#e\317\276\346\032E\364\026)\275\231\223\322\333D\364"
 517      E61A45F4 
 517      1629BD99 
 517      93D2DB44 
 517      F4
 518 0ab2 0629BDDE 		.ascii	"\006)\275\336**\220\271\235Y/$n\355\266\347G\374a\253"
 518      2A2A90B9 
 518      9D592F24 
 518      6EEDB6E7 
 518      47FC61AB 
 519 0ac6 55446F94 		.ascii	"UDo\224\322o\317r}\257\310\227N)}\366\025}^Do\265=R"
 519      D26FCF72 
 519      7DAFC897 
 519      4E297DF6 
 519      157D5E44 
 520 0ade 51189B45 		.ascii	"Q\030\233E\354&\333\276\210\330S\"\366\005\333S$v\245"
 520      EC26DBBE 
 520      88D85322 
 520      F605DB53 
 520      2476A5
 521 0af1 5B44BF2A 		.ascii	"[D\277*\245\337\232E?+\242\337\226\322ge\027\347D\354"
ARM GAS  /tmp/ccR26hja.s 			page 42


 521      A5DF9A45 
 521      3F2BA2DF 
 521      96D26765 
 521      17E744EC 
 522 0b05 36DB6CB1 		.ascii	"6\333l\261\362l\021\275\313v\024E\312\333E\354\233\266"
 522      F26C11BD 
 522      CB761445 
 522      CADB45EC 
 522      9BB6
 523 0b17 E75FACBC 		.ascii	"\347_\254\274XD\277k{1\212R\235]\003\276\233\311\253"
 523      5844BF6B 
 523      7B318A52 
 523      9D5D03BE 
 523      9BC9AB
 524 0b2a D9A434D7 		.ascii	"\331\2444\327\241\237T\007|\323b\014u\213\351\352\270"
 524      A19F5407 
 524      7CD3620C 
 524      758BE9EA 
 524      B8
 525 0b3b 22D5552B 		.ascii	"\"\325U+2m\225\204\364\300&d\237\300&\371\014d\002n"
 525      326D9584 
 525      F4C02664 
 525      9FC026F9 
 525      0C64026E 
 526 0b4f F3B7905D 		.ascii	"\363\267\220]<\002\214\002^\000\306\001O\000\017\000"
 526      3C028C02 
 526      5E00C601 
 526      4F000F00 
 527 0b5f 83805780 		.ascii	"\203\200W\200\327\200\373\200!\300S\3000\3409\340\031"
 527      D780FB80 
 527      21C053C0 
 527      30E039E0 
 527      19
 528 0b70 600CB019 		.ascii	"`\014\260\031\273\241)(G\0003\2007\200>\3004`\000\360"
 528      BBA12928 
 528      47003380 
 528      37803EC0 
 528      346000F0 
 529 0b84 18F012F0 		.ascii	"\030\360\022\360\020\320\0170`q2\332)\212\3145\333K"
 529      10D00F30 
 529      607132DA 
 529      298ACC35 
 529      DB4B
 530 0b96 4014F651 		.ascii	"@\024\366Q\021\373\222\355cQ\034\366\014\021\375\236"
 530      11FB92ED 
 530      63511CF6 
 530      0C11FD9E 
 531 0ba6 CDF345A4 		.ascii	"\315\363E\244{HD\256\263\035Wq\356*:\026{m\037\213\342"
 531      7B4844AE 
 531      B31D5771 
 531      EE2A3A16 
 531      7B6D1F8B 
 532 0bbb 2F6C7744 		.ascii	"/lwD\347\342\015\351\271x]P\016\267\314\353\242\242"
 532      E7E20DE9 
 532      B9785D50 
 532      0EB7CCEB 
 532      A2A2
ARM GAS  /tmp/ccR26hja.s 			page 43


 533 0bcd 2E479C68 		.ascii	".G\234hO\263\266\372\363\315\207\024\226\224s\367\223"
 533      4FB3B6FA 
 533      F3CD8714 
 533      969473F7 
 533      93
 534 0bde 05246B8B 		.ascii	"\005$k\213\305\360\266\210-\271\321\344\354\224\323"
 534      C5F0B688 
 534      2DB9D1E4 
 534      EC94D3
 535 0bed 3CDB2806 		.ascii	"<\333(\006\273\377\337L8\214\255\266\262\352\205\302"
 535      BBFFDF4C 
 535      388CADB6 
 535      B2EA85C2 
 536 0bfd 2A7D2563 		.ascii	"*}%c\021R\2558L\277\243\221\022\330\2435qF'\353/y\266"
 536      1152AD38 
 536      4CBFA391 
 536      12D8A335 
 536      714627EB 
 537 0c14 3EC2CB7E 		.ascii	">\302\313~\312\027\370tS\223\021YY\216\267\262l\344"
 537      CA17F874 
 537      53931159 
 537      598EB7B2 
 537      6CE4
 538 0c26 2D1BA9E5 		.ascii	"-\033\251\345\242-O\036\273\330\266,\373\351f\321\026"
 538      A22D4F1E 
 538      BBD8B62C 
 538      FBE966D1 
 538      16
 539 0c37 3C0F94D5 		.ascii	"<\017\224\325\335\352\313P\252\370\017`)?\376\265\011"
 539      DDEACB50 
 539      AAF80F60 
 539      293FFEB5 
 539      09
 540 0c48 256015F9 		.ascii	"%`\025\371\322\037\377\3426\306\273\355\331g\371\255"
 540      D21FFFE2 
 540      36C6BBED 
 540      D967F9AD 
 541 0c58 45375534 		.ascii	"E7U4\323\006\007\371\357l\373\257\037\314u\240\317H"
 541      D30607F9 
 541      EF6CFBAF 
 541      1FCC75A0 
 541      CF48
 542 0c6a 529E88E9 		.ascii	"R\236\210\351\303'\275I\205\2529\263\357$L\262\357m"
 542      C327BD49 
 542      85AA39B3 
 542      EF244CB2 
 542      EF6D
 543 0c7c 98CFBE73 		.ascii	"\230\317\276s\313\206\246\235!\3736\321\354\373\267"
 543      CB86A69D 
 543      21FB36D1 
 543      ECFBB7
 544 0c8b 392CFB8E 		.ascii	"9,\373\216\226\023\036\332*\2540\250\012\331\367v\374"
 544      96131EDA 
 544      2AAC30A8 
 544      0AD9F776 
 544      FC
 545 0c9c BECC4917 		.ascii	"\276\314I\027\021\020\242\013\011\011\324\005\207\005"
ARM GAS  /tmp/ccR26hja.s 			page 44


 545      1110A20B 
 545      0909D405 
 545      8705
 546 0caa EB952BBE 		.ascii	"\353\225+\276\372z\221\227\207\207L\341\347\353\035"
 546      FA7A9197 
 546      87874CE1 
 546      E7EB1D
 547 0cb9 A00F9007 		.ascii	"\240\017\220\007\254\213\014Q\351t\033\203\303\364K"
 547      AC8B0C51 
 547      E9741B83 
 547      C3F44B
 548 0cc8 3C75FACF 		.ascii	"<u\372\3174\033\243\"5\001\221\241\237\204\205\207\005"
 548      341BA322 
 548      350191A1 
 548      9F848587 
 548      05
 549 0cd9 7D1214F0 		.ascii	"}\022\024\360]\260&8lm\310\306\300 Mh\300\332\015\301"
 549      5DB02638 
 549      6C6DC8C6 
 549      C0204D68 
 549      C0DA0DC1 
 550 0ced 61411A5D 		.ascii	"aA\032]`\320\272\200\215!z\235\376\207\210\240\250O"
 550      60D0BA80 
 550      8D217A9D 
 550      FE8788A0 
 550      A84F
 551 0cff 37C894E6 		.ascii	"7\310\224\346\336\037\375\213\336Q?DitQ\372@\240B\027"
 551      DE1FFD8B 
 551      DE513F44 
 551      697451FA 
 551      40A04217 
 552 0d13 1C1E1869 		.ascii	"\034\036\030i\027\2611\"0\322><*\"((0R\021N\324E\332"
 552      17B13122 
 552      30D23E3C 
 552      2A222828 
 552      3052114E 
 553 0d2a 85860706 		.ascii	"\205\206\007\006E\022\2676\370j6\204\207B\307\240\220"
 553      4512B736 
 553      F86A3684 
 553      8742C7A0 
 553      90
 554 0d3b E050CDDF 		.ascii	"\340P\315\337\302#\277\017\016[\257\361\332\020\374"
 554      C223BF0F 
 554      0E5BAFF1 
 554      DA10FC
 555 0d4a 5DF06A7F 		.ascii	"]\360j\177Mx\224fC@\210&\"<R\037\245\361_\363\345\022"
 555      4D789466 
 555      43408826 
 555      223C521F 
 555      A5F15FF3 
 556 0d60 4FCDAA55 		.ascii	"O\315\252U\336\232\025~+W\377\325\2234\231\207\015\306"
 556      DE9A157E 
 556      2B57FFD5 
 556      93349987 
 556      0DC6
 557 0d72 5CA3F4A1 		.ascii	"\\\243\364\241\340\336\372\210\340p]T\220~c\204N\257"
 557      E0DEFA88 
ARM GAS  /tmp/ccR26hja.s 			page 45


 557      E0705D54 
 557      907E6384 
 557      4EAF
 558 0d84 F05B4186 		.ascii	"\360[A\206\257\360[\316\012\037Vx\263\302\213\025\313"
 558      AFF05BCE 
 558      0A1F5678 
 558      B3C28B15 
 558      CB
 559 0d95 58B19415 		.ascii	"X\261\224\025+I\341\340\267t\225Wx\330\272\340\365\377"
 559      2B49E1E0 
 559      B7749557 
 559      78D8BAE0 
 559      F5FF
 560 0da7 23EFD6CA 		.ascii	"#\357\326\312~f\231 \360m}d\370\306\010\022\002ep8)"
 560      7E669920 
 560      F06D7D64 
 560      F8C60812 
 560      02657038 
 561 0dbc 747A7570 		.ascii	"tzup8Q\023\032\020\365\275N/_\272\\\353K\376\255\222"
 561      3851131A 
 561      10F5BD4E 
 561      2F5FBA5C 
 561      EB4BFEAD 
 562 0dd1 AFF2FA83 		.ascii	"\257\362\372\203V\276\314_\253E\177D\276vkC\202\002"
 562      56BECC5F 
 562      AB457F44 
 562      BE766B43 
 562      8202
 563 0de3 22F979F4 		.ascii	"\"\371y\364\370\\\247W\232+\030\224\342\325\336Z\274"
 563      F85CA757 
 563      9A2B1894 
 563      E2D5DE5A 
 563      BC
 564 0df4 D25B6BE7 		.ascii	"\322[k\347\367\265\237\267\326~\265\277\237\217\217"
 564      F7B59FB7 
 564      D67EB5BF 
 564      9F8F8F
 565 0e03 B756B17A 		.ascii	"\267V\261z\315\237\374|\264v_\256\366\366\321\342eZ"
 565      CD9FFC7C 
 565      B4765FAE 
 565      F6F6D1E2 
 565      655A
 566 0e15 AD5A1426 		.ascii	"\255Z\024&\275\212\231\015\016\324\351\355\374\375\275"
 566      BD8A990D 
 566      0ED4E9ED 
 566      FCFDBD
 567 0e24 56681DB4 		.ascii	"Vh\035\264>\376>\332o|\274?\307^\376`\331\333Kx\364"
 567      3EFE3EDA 
 567      6F7CBC3F 
 567      C75EFE60 
 567      D9DB4B78 
 568 0e39 6B87A57E 		.ascii	"k\207\245~\313<W\371\371|\245%5\017V3\267~\346\260\324"
 568      CB3C57F9 
 568      F97CA525 
 568      350F5633 
 568      B77EE6B0 
 569 0e4e 77D912BE 		.ascii	"w\331\022\276\325\327\302\363\225\362\226\330\023-\360"
ARM GAS  /tmp/ccR26hja.s 			page 46


 569      D5D7C2F3 
 569      95F296D8 
 569      132DF0
 570 0e5d 84941EE2 		.ascii	"\204\224\036\342\026O{\242\201\266\370\362\014_k\206"
 570      164F7BA2 
 570      81B6F8F2 
 570      0C5F6B86 
 571 0e6d 8792F4D5 		.ascii	"\207\222\364\325\372\257\321\222\212\007\251X\332\026"
 571      FAAFD192 
 571      8A07A958 
 571      DA16
 572 0e7b 2B496FD6 		.ascii	"+Io\326\346k&\3712\022\366Z\251\225{-_\241\265\367["
 572      E66B26F9 
 572      3212F65A 
 572      A9957B2D 
 572      5FA1B5F7 
 573 0e90 B58A949C 		.ascii	"\265\212\224\234\227V\005\325\225\236\376D\372\303\217"
 573      975605D5 
 573      959EFE44 
 573      FAC38F
 574 0e9f 4CF2DAF0 		.ascii	"L\362\332\360\320\320\3600M\320&\275\306\353K\377\225"
 574      D0D0F030 
 574      4DD026BD 
 574      C6EB4BFF 
 574      95
 575 0eb0 FE30D76C 		.ascii	"\3760\327l\272\227{n\332\244\241\361\\\347\271\370\213"
 575      BA977B6E 
 575      DAA4A1F1 
 575      5CE7B9F8 
 575      8B
 576 0ec1 4D9B6015 		.ascii	"M\233`\025:j\275\274tk`\215{\007\255S\222\275H\002\375"
 576      3A6ABDBC 
 576      746B608D 
 576      7B07AD53 
 576      92BD4802 
 577 0ed6 4F7874C6 		.ascii	"Oxt\306n"
 577      6E
 578              		.text
 579              		.section	.gnu.lto_.symtab.73ffbd26e4eb6c60,"",%progbits
 580 0000 5F70616C 		.ascii	"_pal_lld_init\000"
 580      5F6C6C64 
 580      5F696E69 
 580      7400
 581 000e 00       		.ascii	"\000"
 582 000f 00       		.ascii	"\000"
 583 0010 00       		.ascii	"\000"
 584 0011 00000000 		.ascii	"\000\000\000\000\000\000\000\000"
 584      00000000 
 585 0019 F0000000 		.ascii	"\360\000\000\000"
 586 001d 5F70616C 		.ascii	"_pal_lld_setgroupmode\000"
 586      5F6C6C64 
 586      5F736574 
 586      67726F75 
 586      706D6F64 
 587 0033 00       		.ascii	"\000"
 588 0034 00       		.ascii	"\000"
 589 0035 00       		.ascii	"\000"
ARM GAS  /tmp/ccR26hja.s 			page 47


 590 0036 00000000 		.ascii	"\000\000\000\000\000\000\000\000"
 590      00000000 
 591 003e 37010000 		.ascii	"7\001\000\000"
 592              		.text
 593              		.section	.gnu.lto_.opts,"",%progbits
 594 0000 272D666D 		.ascii	"'-fmath-errno' '-fsigned-zeros' '-ftrapping-math' '"
 594      6174682D 
 594      6572726E 
 594      6F272027 
 594      2D667369 
 595 0033 2D666E6F 		.ascii	"-fno-trapv' '-fno-openmp' '-fno-openacc' '-mcpu=cor"
 595      2D747261 
 595      70762720 
 595      272D666E 
 595      6F2D6F70 
 596 0066 7465782D 		.ascii	"tex-m3' '-mno-thumb-interwork' '-mthumb' '-ggdb' '-"
 596      6D332720 
 596      272D6D6E 
 596      6F2D7468 
 596      756D622D 
 597 0099 4F322720 		.ascii	"O2' '-fomit-frame-pointer' '-falign-functions=16' '"
 597      272D666F 
 597      6D69742D 
 597      6672616D 
 597      652D706F 
 598 00cc 2D666675 		.ascii	"-ffunction-sections' '-fdata-sections' '-fno-common"
 598      6E637469 
 598      6F6E2D73 
 598      65637469 
 598      6F6E7327 
 599 00ff 2720272D 		.ascii	"' '-flto'\000"
 599      666C746F 
 599      2700
 600              		.text
 601              		.comm	__gnu_lto_v1,1,1
 602              		.comm	__gnu_lto_slim,1,1
 603              		.ident	"GCC: (GNU Tools for ARM Embedded Processors) 5.3.1 20160307 (release) [ARM/embedded-5-bran
ARM GAS  /tmp/ccR26hja.s 			page 48


DEFINED SYMBOLS
                            *ABS*:0000000000000000 hal_pal_lld.c
                            *COM*:0000000000000001 __gnu_lto_v1
                            *COM*:0000000000000001 __gnu_lto_slim

NO UNDEFINED SYMBOLS
