ARM GAS  /tmp/ccrecrg9.s 			page 1


   1              		.syntax unified
   2              		.cpu cortex-m3
   3              		.fpu softvfp
   4              		.eabi_attribute 20, 1
   5              		.eabi_attribute 21, 1
   6              		.eabi_attribute 23, 3
   7              		.eabi_attribute 24, 1
   8              		.eabi_attribute 25, 1
   9              		.eabi_attribute 26, 1
  10              		.eabi_attribute 30, 2
  11              		.eabi_attribute 34, 1
  12              		.eabi_attribute 18, 4
  13              		.thumb
  14              		.syntax unified
  15              		.file	"hal_st_lld.c"
  16              		.text
  17              	.Ltext0:
  18              		.section	.gnu.lto_.profile.e9360b993065c247,"",%progbits
  19 0000 789C6361 		.ascii	"x\234ca```\001bF\006K\031\000\000\356\000_"
  19      60606001 
  19      6246064B 
  19      190000EE 
  19      005F
  20              		.text
  21              		.section	.gnu.lto_.icf.e9360b993065c247,"",%progbits
  22 0000 789C6361 		.ascii	"x\234ca\200\000^\006\004`bXun\311Z\026\306\271k\326"
  22      80005E06 
  22      04606258 
  22      756EC95A 
  22      16C6B96B 
  23 0015 C9320000 		.ascii	"\3112\000\000$\261\004\366"
  23      24B104F6 
  24              		.text
  25              		.section	.gnu.lto_.jmpfuncs.e9360b993065c247,"",%progbits
  26 0000 789C6361 		.ascii	"x\234ca\200\000s\006\004`\002\223\214\014\014,\214\177"
  26      80007306 
  26      04600293 
  26      8C0C0C2C 
  26      8C7F
  27 0012 99189F9E 		.ascii	"\231\030\237\236\234\334\306\363\205\251\225\231\201"
  27      9CDCC6F3 
  27      85A99599 
  27      81
  28 001f 51867139 		.ascii	"Q\206q9\243\014P\006(\332\365\353z\037\007D\224\203"
  28      A30C5006 
  28      28DAF5EB 
  28      7A1F0744 
  28      9483
  29 0031 71054894 		.ascii	"q\005H\224\001\000\\\353\014\266"
  29      01005CEB 
  29      0CB6
  30              		.text
  31              		.section	.gnu.lto_.inline.e9360b993065c247,"",%progbits
  32 0000 789C6361 		.ascii	"x\234ca\200\000+\006\004`b`\340\021ed`\342\273\027\300"
  32      80002B06 
  32      04606260 
  32      E0116564 
ARM GAS  /tmp/ccrecrg9.s 			page 2


  32      60E2BB17 
  33 0015 C0B6409E 		.ascii	"\300\266@\236\011$\306\310\005'\030Dd\200\2222\017n"
  33      0924C6C8 
  33      05271844 
  33      64809232 
  33      0F6E
  34 0027 31C26599 		.ascii	"1\302e\231y\300\272\030\000\260\264\005a"
  34      79C0BA18 
  34      00B0B405 
  34      61
  35              		.text
  36              		.section	.gnu.lto_.pureconst.e9360b993065c247,"",%progbits
  37 0000 789C6361 		.ascii	"x\234ca```\003b&\206]\214\214R\000\003\225\000\343"
  37      60606003 
  37      6226865D 
  37      8C8C5200 
  37      039500E3 
  38              		.text
  39              		.section	.gnu.lto_VectorB0.e9360b993065c247,"",%progbits
  40 0000 789C8D54 		.ascii	"x\234\215TolSU\024?\347\276\327?\353\206\356+\204,\335"
  40      6F6C5355 
  40      143FE7BE 
  40      D73FEB86 
  40      EE2B842C 
  41 0015 87C59018 		.ascii	"\207\305\220\030.\"\011_5#&KhHV\364\3532JC\033\373\366"
  41      2E22095F 
  41      3523264B 
  41      684856F4 
  41      EB324A43 
  42 002c 48DF98F0 		.ascii	"H\337\230\360i\227ueF\2141&\232i\304&b\302D\267\261"
  42      69977565 
  42      468C3126 
  42      9A69C426 
  42      62C244B7 
  43 0041 29623718 		.ascii	")b7\030u\343\257t]H\300\020\367e\177d\210YL\321a5\322"
  43      75E3AF74 
  43      5D48C010 
  43      F7657F64 
  43      88594CD1 
  44 0058 3DEFB9AF 		.ascii	"=\357\271\257\233\243U\330\375\360\336\273\367w\316"
  44      9BA355D8 
  44      FDF0DEBB 
  44      F777CE
  45 0067 F9FDEEF9 		.ascii	"\371\375\356\371\235V\007g\325\271\000^C\200\035\362"
  45      9D560767 
  45      D5B9005E 
  45      43801DF2 
  46 0077 1B5D80EC 		.ascii	"\033]\200\354\335\034\300Q/c\332H\035\010\237\376\003"
  46      DD1CC051 
  46      2F63DA48 
  46      1D089FFE 
  46      03
  47 0088 0751A3A1 		.ascii	"\007Q\243\241\356\034\353\210\364!\274\010\235L\323"
  47      EE1CEB88 
  47      F421BC08 
  47      9D4CD3
  48 0097 B1131FB2 		.ascii	"\261\023\037\262\"\303\361\236\2054\333rJ\3105s\267"
ARM GAS  /tmp/ccrecrg9.s 			page 3


  48      22C3F19E 
  48      8534DB72 
  48      4AC83573 
  48      B7
  49 00a8 5025FA32 		.ascii	"P%\3722\230\324\000l\346p\340)\334\0022lnh\371\375\015"
  49      98D4006C 
  49      E670E029 
  49      DC02326C 
  49      6E68F9FD 
  50 00bd EE6E0AF3 		.ascii	"\356n\012\363; \366\241[\222\303`sF\330vB\210\3426\373"
  50      3B20F6A1 
  50      5B92C360 
  50      7346D876 
  50      4288E236 
  51 00d2 399F0649 		.ascii	"9\237\006I\311H\017\200\274\014#\312\007\214\321[[\300"
  51      C9480F80 
  51      BC0C23CA 
  51      078CD15B 
  51      5BC0
  52 00e4 F191A1C2 		.ascii	"\361\221\241\302\204\2132\023\232&\253~\220\034\237"
  52      848B3213 
  52      9A26AB7E 
  52      901C9F
  53 00f3 F22CB1A4 		.ascii	"\362,\261\244\306\220Hr\375\205\274\317\331\022\221"
  53      C6904872 
  53      FD85BCCF 
  53      D91291
  54 0102 2E8F4E0E 		.ascii	".\217N\016\374q\325\233\302\023R\224\206\247q3~\216"
  54      FC71D59B 
  54      C2135294 
  54      86A77133 
  54      7E8E
  55 0114 9B81624F 		.ascii	"\233\201bOO.\375\356\341\375\242[\":~\201)\\V\222\361"
  55      4F2EFDEE 
  55      E1FDA25B 
  55      223A7E81 
  55      295C5692 
  56 0129 4BE4B080 		.ascii	"K\344\260\200\211G\307\262\232C\244;\\\227\355B\346"
  56      8947C7B2 
  56      9A43A43B 
  56      5C97ED42 
  56      E6
  57 013a 592A8EC8 		.ascii	"Y*\216\310\260_V\231\305\356\351\304\246R\214\014\030"
  57      B05F5699 
  57      C5EEE9C4 
  57      A6528C0C 
  57      18
  58 014b 5C4CFFB5 		.ascii	"\\L\377\265\301\011\000\034 \032 \355\032\214\324\221"
  58      C109001C 
  58      201A20ED 
  58      1A8CD491 
  59 015b F4A57C61 		.ascii	"\364\245|a^I_\243\352(\311\014\302\223\265\015\376\253"
  59      5E495FA3 
  59      EA28C90C 
  59      C293B50D 
  59      FEAB
  60 016d ED0CF2B5 		.ascii	"\355\014\362\265\267\326%\321\220\314\231\303\256Z\312"
ARM GAS  /tmp/ccrecrg9.s 			page 4


  60      B7D625D1 
  60      90CC99C3 
  60      AE5ACA
  61 017c BBD97DE6 		.ascii	"\273\331}\346c\215\000\027\222\240\007\223\037\315?"
  61      638D0017 
  61      92A00793 
  61      1FCD3F
  62 018b 435B37FA 		.ascii	"C[7\372\345\366\336\371\236[\2505\251N\235\035\273\323"
  62      E5F6DEF9 
  62      9E5BA835 
  62      A94E9D1D 
  62      BBD3
  63 019d EB6B3829 		.ascii	"\353k8)D\227\230\271x\354\325\017\357\374$\304{B\322"
  63      449798B9 
  63      78ECD50F 
  63      EFFC24C4 
  63      7B42D2
  64 01b0 79F06BD4 		.ascii	"y\360k\324\244?\370\225\3243\\\272\004\236\305\006\231"
  64      A43FF895 
  64      D4335CBA 
  64      049EC506 
  64      99
  65 01c1 D4735F5C 		.ascii	"\324s_\\\320\251\236\007\375\370\215\304\356a\327\334"
  65      D0A99E07 
  65      FDF88DC4 
  65      EE61D7DC 
  66 01d1 CDB7B23B 		.ascii	"\315\267\262;\036\3677s\343QP\271k;\256\254\205\316"
  66      1EF73773 
  66      E35150B9 
  66      6B3BAEAC 
  66      85CE
  67 01e3 9D388EBD 		.ascii	"\2358\216\275n\300s\204\262rt\366\263k(\301o\011\324"
  67      6EC07384 
  67      B27274F6 
  67      B36B28C1 
  67      6F09D4
  68 01f6 CAC1E2DB 		.ascii	"\312\301\342\333\177\343F\3004\201z\031(\356O\"\211"
  68      7FE346C0 
  68      34817A19 
  68      28EE4F22 
  68      89
  69 0207 041C21D8 		.ascii	"\004\034!\330U1q8*\013\003\236\247\221C\030\245\301"
  69      55317138 
  69      2A0B039E 
  69      A7914318 
  69      A5C1
  70 0219 FD3435FC 		.ascii	"\37545\374\247\257>\313R\242\327\237\324\274\224\322"
  70      A7AF3ECB 
  70      52A2D79F 
  70      D4BC94D2 
  71 0229 3F3F2ABC 		.ascii	"??*\274\272l5^\300z\345D~\361\3264\223'8\206\272\272"
  71      BA6C355E 
  71      C07AE544 
  71      7EF1D634 
  71      93273886 
  72 023f 32E045D5 		.ascii	"2\340E\325\333\276\261\211\2735\365S\245\354*\212\375"
  72      DBBEB189 
ARM GAS  /tmp/ccrecrg9.s 			page 5


  72      BB35F553 
  72      A5EC2A8A 
  72      FD
  73 0250 6D60F876 		.ascii	"m`\370v\265\312\316P6~'\347x\016\231\352\036\300\317"
  73      B5CACE50 
  73      367E27E7 
  73      780E99EA 
  73      1EC0CF
  74 0263 9898F931 		.ascii	"\230\230\3711\227\335Xv\253\343\305\225^\271+E\217+"
  74      97DD5876 
  74      ABE3C595 
  74      5EB92B45 
  74      8F2B
  75 0275 D113A8A0 		.ascii	"\321\023\250\240tzq\332\323Y\024o\012Q\233\324|6\363"
  75      747A71DA 
  75      D359146F 
  75      0A519BD4 
  75      7C36F3
  76 0288 281C2F61 		.ascii	"(\034/a\247\034\240\352\325!x\334Z\343i\326^V\326\256"
  76      A71CA0EA 
  76      D52178DC 
  76      5AE369D6 
  76      5E56D6AE 
  77 029c 8E9447F6 		.ascii	"\216\224G\366\347\312\023\254]\225\353\255\264\366\023"
  77      E7CA13AC 
  77      5D95EBAD 
  77      B4F613
  78 02ab 65ED5542 		.ascii	"e\355UB\253*\255\375\225\304^#\320Wi\355;\270\011\360"
  78      AB2AADFD 
  78      95C45E23 
  78      D05769ED 
  78      3BB809F0 
  79 02bf 3A81D5E5 		.ascii	":\201\325\345\326>\314!\211\004\374\376\177\254\275"
  79      D63ECC21 
  79      8904FCFE 
  79      7FACBD
  80 02ce A1BA945D 		.ascii	"\241\272\224]c\355rjv\254z\305\265+\312\265I\345Z\271"
  80      63ED726A 
  80      76AC7AC5 
  80      B52BCAB5 
  80      49E55AB9 
  81 02e2 45B9158B 		.ascii	"E\271\025\213\210@\375Zu\365OCf]\262\221n\372\237\255"
  81      8840FD5A 
  81      75F54F43 
  81      665DB291 
  81      6EFA9FAD 
  82 02f6 AF91B953 		.ascii	"\257\221\271S\245\276\377\202]\031{\217\012\245\225"
  82      A5BEFF82 
  82      5D197B8F 
  82      0AA595
  83 0305 97432F4B 		.ascii	"\227C/KH\216Wx\3044\302\334\012\307\242\006\177\303"
  83      488E5778 
  83      C434C2DC 
  83      0AC7A206 
  83      7FC3
  84 0317 8CBF1E6D 		.ascii	"\214\277\036m;\300\033#\321}\321=AnZ<\322\032\343\007"
  84      3BC01B23 
ARM GAS  /tmp/ccrecrg9.s 			page 6


  84      D17DD13D 
  84      416E5A3C 
  84      D21AE307 
  85 032b CD78BBC5 		.ascii	"\315x\273\305\203{\003/n\347\273w\357\342{\233\002\035"
  85      837B032F 
  85      6EE7BB77 
  85      EFE27B9B 
  85      021D
  86 033d 2F10D262 		.ascii	"/\020\322b\265\267\304b\373\267\206\300\325\321\032"
  86      B5B7C462 
  86      FBB786C0 
  86      D5D11A
  87 034c 3B147EE9 		.ascii	";\024~\351)\305B\246a\230m\245z/7\007\032\003\207y("
  87      29C542A6 
  87      61986DA5 
  87      7A2F3707 
  87      1A038779 
  88 0361 1232E3E1 		.ascii	"\0222\343\341\226\216\235\306\326\010\354Z_\201\360"
  88      968E9DC6 
  88      D608EC5A 
  88      5F81F0
  89 0370 E176DE18 		.ascii	"\341v\336\030\0106\005y\264-\024;\264?\314C\206\025"
  89      08360579 
  89      B42D143B 
  89      B43FCC43 
  89      8615
  90 0382 B55A0E84 		.ascii	"\265Z\016\204B\262\310\366u\\\311\264\344#\336\256\336"
  90      42B2C8F6 
  90      755CC9B4 
  90      E423DEAE 
  90      DE
  91 0393 EB489191 		.ascii	"\353H\221\221\253L\021\353\210%Sj\003\301f\377\276V"
  91      AB4C11EB 
  91      8825536A 
  91      03C166FF 
  91      BE56
  92 03a5 2B7C301E 		.ascii	"+|0\036}\336\337\260\015X\034<F\3300\343G\340\037\224"
  92      7DDEDFB0 
  92      0D581C3C 
  92      46D830E3 
  92      47E01F94 
  93 03b9 F845C8   		.ascii	"\370E\310"
  94              		.text
  95              		.section	.gnu.lto_st_lld_init.e9360b993065c247,"",%progbits
  96 0000 789C9D94 		.ascii	"x\234\235\224KL\023A\030\200\347\337\335n\027\304\327"
  96      4B4C1341 
  96      1880E7DF 
  96      DD6E17C4 
  96      D7
  97 0011 D91EBCE2 		.ascii	"\331\036\274\342\201\021\364\356Ac4\201\230\010\027"
  97      8111F4EE 
  97      41633481 
  97      980817
  98 0020 4FC40791 		.ascii	"O\304\007\221\306b\015%z\354`\273H<(\206\330\033\341"
  98      C6620D25 
  98      7AEC60BB 
  98      483C2886 
ARM GAS  /tmp/ccrecrg9.s 			page 7


  98      D81BE1
  99 0033 60228896 		.ascii	"`\"\210\226\227\210\024QK\005\021\025\324h\300Dy\304"
  99      97881451 
  99      4B051115 
  99      D468C044 
  99      79C4
 100 0045 84860889 		.ascii	"\204\206\010\211\013\324GT\250\377?[\012\306\213t\222"
 100      0BD44754 
 100      A8FF3F5B 
 100      0AC68B74 
 100      92
 101 0056 9DD979F4 		.ascii	"\235\331y\364\373\376\177g\246\032\263\213\333\301\330"
 101      FBFE7F67 
 101      A61AB38B 
 101      DBC1D8
 102 0065 216C77E0 		.ascii	"!lw\340\003*\003\245n\224\261jC\001\240\027a\000\363"
 102      032A03A5 
 102      6E94B16A 
 102      4301A017 
 102      6100F3
 103 0078 2BE087AF 		.ascii	"+\340\207\257\312\262\002\261K\361\210\222\333$\260"
 103      CAB202B1 
 103      4BF18892 
 103      DB24B0
 104 0087 4CCFDC2C 		.ascii	"L\317\334,\020\315Q0U\306\222\212\215\202&\310e\270"
 104      10CD5130 
 104      55C6928A 
 104      8D8226C8 
 104      65B8
 105 0099 EC53C7CA 		.ascii	"\354S\307\312\365\315z\220\226\355\264'\241\031t\300"
 105      F5CD7A90 
 105      96EDB427 
 105      A11974C0 
 106 00a9 B6ED6854 		.ascii	"\266\355hT$\223\001!\026v\317\346nW\230\251\242\022"
 106      24930121 
 106      1676CFE6 
 106      6E5798A9 
 106      A212
 107 00bb 2B07553A 		.ascii	"+\007U:U\214Y\370\003R/(\012\265j\034b\275\013\357\366"
 107      558C59F8 
 107      03522F28 
 107      0AB56A1C 
 107      62BD0BEF 
 108 00d0 1222A052 		.ascii	"\022\"\240R\024!3\366\312\231PLU\001\262\005\033\006"
 108      142133F6 
 108      CA99504C 
 108      5501B205 
 108      1B06
 109 00e2 E3597657 		.ascii	"\343YvWX\265B\303\241\271\251_\021G#4`t*\264\200\013"
 109      58B542C3 
 109      A1B9A95F 
 109      11472334 
 109      60742AB4 
 110 00f8 6E818BD1 		.ascii	"n\201\213\321\332\305\320\353\351\034\036\026\301j\261"
 110      DAC5D0EB 
 110      E91C1E16 
 110      C16AB1
ARM GAS  /tmp/ccrecrg9.s 			page 8


 111 0107 CD5435B8 		.ascii	"\315T5\270\015\215\260\"\243\207;\300Y\034\002?t[\244"
 111      0D8DB022 
 111      A3873BC0 
 111      591C023F 
 111      745BA4
 112 011a DAAEAE81 		.ascii	"\332\256\256\201\241\032\203\340\200%\214\024\214&\004"
 112      A11A83E0 
 112      80258C14 
 112      8C2604
 113 0129 B464239A 		.ascii	"\264d#\232\3265M\033p\204\023\246\367\332\230f\273\034"
 113      D6354D1B 
 113      708413A6 
 113      F7DA9866 
 113      BB1C
 114 013b EB9372C8 		.ascii	"\353\223r\310\244.\007\372;\015\273+\242ub\013\016\275"
 114      A42E07FA 
 114      3B0DBB2B 
 114      A275620B 
 114      0EBD
 115 014d 9EEC19CB 		.ascii	"\236\354\031\313\266m:t\240\255=e\353^Z\274\272\336"
 115      B66D3A74 
 115      A0AD3D65 
 115      EB5E5ABC 
 115      BADE
 116 015f D6296DF4 		.ascii	"\326)m\364\271\341\356\337I\221\353\237,\376\233\333"
 116      B9E1EEDF 
 116      4991EB9F 
 116      2CFE9BDB 
 117 016f B5C6BD47 		.ascii	"\265\306\275GY\350\204IX\343Ag\212\224\316\301)s\030"
 117      59E88449 
 117      58E34167 
 117      8A94CEC1 
 117      297318
 118 0182 0D7FB7B2 		.ascii	"\015\177\267\262\355.\035\005\332\230\033\255\337\206"
 118      ED2E1D05 
 118      DA981BAD 
 118      DF86
 119 0190 0C7455D3 		.ascii	"\014tU\323\300>\334o\003\356\243\261;el\031I,9\311\010"
 119      C03EDC6F 
 119      03EEA3B1 
 119      3B656C19 
 119      492C39C9 
 120 01a5 E4EB913E 		.ascii	"\344\353\221>y|\"\300qzl~\345\267\203\200\032|\311\203"
 120      797C22C0 
 120      717A6C7E 
 120      E5B78380 
 120      1A7CC983 
 121 01b9 5E3B8F44 		.ascii	"^;\217D\373\307t\000\033\302?\220x\225\360}\022?\327"
 121      FBC77400 
 121      1BC23F90 
 121      7895F07D 
 121      123FD7
 122 01cc D7FE3E85 		.ascii	"\327\376>\205Ob\331\012\017S\006+C\303#i\320\310\360"
 122      4F62D90A 
 122      0F53062B 
 122      43C32369 
 122      D0C8F0
ARM GAS  /tmp/ccrecrg9.s 			page 9


 123 01df 581AD21F 		.ascii	"X\032\322\037H\003\006\321\325\370'2\241gA\277\244\343"
 123      480306D1 
 123      D5F82732 
 123      A16741BF 
 123      A4E3
 124 01f1 EDA5A964 		.ascii	"\355\245\251d\250cB\317o\243\275\022\307\210\037\003"
 124      A86342CF 
 124      6FA3BD12 
 124      C7881F03 
 125 0201 0EBB5CF2 		.ascii	"\016\273\\\362\310=\201\374\264\314\312H\246\301\200"
 125      C83D81FC 
 125      B4CCCA48 
 125      A6C180
 126 0210 94E9841B 		.ascii	"\224\351\204\033Dr:\366\311\314pO%\316I\270\241u8+C"
 126      44723AF6 
 126      C9CC704F 
 126      25CE49B8 
 126      A175382B 
 127 0225 DC338933 		.ascii	"\3343\2113\0107\214\270\360jtS\231\341\236K\\\026\341"
 127      08378CB8 
 127      F06A7453 
 127      99E19E4B 
 127      5C16E1
 128 0238 5EA470B3 		.ascii	"^\244p\263`F\353\337\312+C\353#\221\371\017N\377\262"
 128      6046EBDF 
 128      CA2B43EB 
 128      2391F90F 
 128      4EFFB2
 129 024b A8157435 		.ascii	"\250\025t5\262\223t+\340%\370inf\270\276&\2076y\023"
 129      B293742B 
 129      E025F869 
 129      6E66B8BE 
 129      26873679 
 130 0260 0A46C045 		.ascii	"\012F\300E\267\371\347\370\025\303\0362`\024\\\246\232"
 130      B7F9E7F8 
 130      15C31E32 
 130      60145CA6 
 130      9A
 131 0271 C33EC3C5 		.ascii	"\303>\303\305\350\233b\011\244b!\002\377\355\360\264"
 131      E89B6209 
 131      A4622102 
 131      FFEDF0B4 
 132 0281 1FE4E5DE 		.ascii	"\037\344\345\336\2122\356+\363\270+\370\005o\345\031"
 132      8A32EE2B 
 132      F3B82BF8 
 132      056FE519 
 133 0291 F7D9D37C 		.ascii	"\367\331\323|\177\271\373\204\373H1\367\372x\371q\017"
 133      7FB9FB84 
 133      FB4831F7 
 133      FA78F971 
 133      0F
 134 02a2 3FE7ADAC 		.ascii	"?\347\255\254\362\361\342\222\242=\005\274\260\360\000"
 134      F2F1E292 
 134      A23D05BC 
 134      B0F000
 135 02b1 2F395C74 		.ascii	"/9\\t>\237fJ}U\245\036\317\251\274\223\354\0177~\357"
 135      3E9F664A 
ARM GAS  /tmp/ccrecrg9.s 			page 10


 135      7D55A51E 
 135      CFA9BC93 
 135      EC0F377E 
 136 02c6 FC       		.ascii	"\374"
 137              		.text
 138              		.section	.gnu.lto_.symbol_nodes.e9360b993065c247,"",%progbits
 139 0000 789C55C8 		.ascii	"x\234U\310\273\015\2000\020\004\321Y\333\242\015\240"
 139      BB0D8030 
 139      1004D159 
 139      DBA20DA0 
 140 0010 442A3807 		.ascii	"D*8\007\226H\251\207\002\034\022\360\253\200\220\"8"
 140      9648A987 
 140      021C12F0 
 140      AB809022 
 140      38
 141 0021 118156AB 		.ascii	"\021\201V\253\221^\002\006?a\225\301\264\200g\316\275"
 141      915E0206 
 141      3F6195C1 
 141      B48067CE 
 141      BD
 142 0032 CB26D34F 		.ascii	"\313&\323O\264\313\302+\220s\347p\310\342\017NY\372"
 142      B4CBC22B 
 142      9073E770 
 142      C8E20F4E 
 142      59FA
 143 0044 42F4955A 		.ascii	"B\364\225Z\233H\240\214w\033\225\270\274<Ab\033\312"
 143      9B48A08C 
 143      771B95B8 
 143      BC3C4162 
 143      1BCA
 144              		.text
 145              		.section	.gnu.lto_.refs.e9360b993065c247,"",%progbits
 146 0000 789C6361 		.ascii	"x\234ca```\004b\006\000\0002\000\006"
 146      60606004 
 146      62060000 
 146      320006
 147              		.text
 148              		.section	.gnu.lto_.decls.e9360b993065c247,"",%progbits
 149 0000 789CCD59 		.ascii	"x\234\315YkLTI\026\356\272\325@\003-\270h&f\343&fBV"
 149      6B4C5449 
 149      16EEBAD5 
 149      40032DB8 
 149      682666E3 
 150 0018 7693B105 		.ascii	"v\223\261\005gw\366\327FmP\310\310\350v;f3\373\243\027"
 150      6777F6D7 
 150      466D50C8 
 150      C8E8763B 
 150      6633FBA3 
 151 002d B195DEE1 		.ascii	"\261\225\336\341\341\000:\232lv\256\202\202(#\017A\305"
 151      E1003A9A 
 151      6C76AE82 
 151      8228230F 
 151      41C5
 152 003f 17F21051 		.ascii	"\027\362\020QT\304\007\362PZPD\004\207AD\021\020T\024"
 152      54C407F2 
 152      505A5044 
 152      04874144 
ARM GAS  /tmp/ccrecrg9.s 			page 11


 152      11105414 
 153 0053 7C822020 		.ascii	"|\202  \210\262\247\252n\367\275}i\035w\223M\266\343"
 153      88B2A7AA 
 153      6EF7BD7D 
 153      691D7793 
 153      4DB6E3
 154 0066 47DF53F5 		.ascii	"G\337S\365\325W\247\352\324\255:\325*\025\354\363\227"
 154      D557A7EA 
 154      D4AD3AD5 
 154      2A15ECF3 
 154      97
 155 0077 E90AC56F 		.ascii	"\351\012\305o\034\024\012\177\244P\214\303\007C\331"
 155      1C140A7F 
 155      A4508CC3 
 155      0743D9
 156 0086 3200988A 		.ascii	"2\000\230\212\223\002\007\252\025g\000\305\200\022@"
 156      930207AA 
 156      156700C5 
 156      801240
 157 0095 19C0AC98 		.ascii	"\031\300\254\230\370!\034\265\320~&@\011\"\034\240\032"
 157      F8211CB5 
 157      D07E2640 
 157      09221CA0 
 157      1A
 158 00a6 9E3D0053 		.ascii	"\236=\000S\005M5\224\375\012\340\0018-\3645\012\230"
 158      054D3594 
 158      FD0AE001 
 158      382DF435 
 158      0A98
 159 00b8 24684C85 		.ascii	"$hL\205\202O\000\323\000\277\006\314\000|\212X\277\236"
 159      824F00D3 
 159      00BF06CC 
 159      007C8A58 
 159      BF9E
 160 00ca F0FD5B80 		.ascii	"\360\375[\200\027\340\367\210\371#\377\024\013Z\026"
 160      17E0F788 
 160      F923FF14 
 160      0B5A16
 161 00d9 3FA28017 		.ascii	"?\242\200\027)\370\301\303\367\017H\364\255\011\312"
 161      29F8C1C3 
 161      F70F48F4 
 161      AD09CA
 162 00e8 3620E657 		.ascii	"6 \346W\005\300\005\360\015\330\353\000C\360<\006\030"
 162      05C005F0 
 162      0DD8EB00 
 162      43F03C06 
 162      18
 163 00f9 068C005E 		.ascii	"\006\214\000^*\230\263\343\360\365\012\300\011}\331"
 163      2A98B3E3 
 163      F0F50AC0 
 163      097DD9
 164 0108 9B8BB71C 		.ascii	"\233\213\267\034j\257\311?\212_qh\246\013\"3\353\016"
 164      6AAFC93F 
 164      8A5F7168 
 164      A60B2233 
 164      EB0E
 165 011a 45279E95 		.ascii	"E'\236\225\214LbE\204\3211rx\301\254\002\036>I<\317"
ARM GAS  /tmp/ccrecrg9.s 			page 12


 165      8C4C6245 
 165      84D13172 
 165      78C1AC02 
 165      1E3E493C 
 166 012f 7162D3C6 		.ascii	"qb\323\306\355\3759N\330\225\222~\216-\334Kd<\\\220"
 166      EDFD394E 
 166      D895927E 
 166      8E2DDC4B 
 166      643C5C90 
 167 0143 12CC97F5 		.ascii	"\022\314\227\365\031\017\334\300\234\352\202f\274\345"
 167      190FDCC0 
 167      9CEA8266 
 167      BCE5
 168 0151 B8EAC453 		.ascii	"\270\352\304SE\256\310\313\345\020Q\351l\317Q\227\360"
 168      45AEC8CB 
 168      E51051E9 
 168      6CCF5197 
 168      F0
 169 0162 FC64741C 		.ascii	"\374dt\034\271\240#\010\243|4\213\270<\223\214*\236"
 169      B9A02308 
 169      A37C348B 
 169      B83C938C 
 169      2A9E
 170 0174 E737F249 		.ascii	"\3477\362I1\274G\215\233\002\025\240\351\350(\232\256"
 170      31BC478D 
 170      9B0215A0 
 170      E9E8289A 
 170      AE
 171 0185 40C79017 		.ascii	"@\307\220\027\361\206\020\321a(\314\203B\350%?'9\313"
 171      F18610D1 
 171      6128CC83 
 171      42E8253F 
 171      2739CB
 172 0198 117F491C 		.ascii	"\021\177I\034\340v\237>2\354b\355\242e\263g\001\351"
 172      E0769F3E 
 172      32EC62ED 
 172      A265B367 
 172      01E9
 173 01aa E2247471 		.ascii	"\342$tqB\354\002z|o\037\205v\372 \355\241\237\3637\336"
 173      42EC027A 
 173      7C6F1F85 
 173      76FA20ED 
 173      A19FF337 
 174 01bf 5C57B6A2 		.ascii	"\\W\266\242\026\004\203G\223\351\360\021b\177\021\205"
 174      16048347 
 174      93E9F011 
 174      627F1185 
 175 01cf 82819AF0 		.ascii	"\202\201\232\360\300\321\277\012\261\010Y\210\202\315"
 175      C0D1BF0A 
 175      B1085988 
 175      82CD
 176 01dd 591E1556 		.ascii	"Y\036\025V1\372OhO\3278\375P\021Q\035\011\215\230-4"
 176      31FA4F68 
 176      4FD738FD 
 176      5011511D 
 176      098D982D 
 177 01f2 5620C1E6 		.ascii	"V \301\346\304\016\0203-\015$z\314]AN\364\331:&d\211"
ARM GAS  /tmp/ccrecrg9.s 			page 13


 177      C40E1033 
 177      2D0D247A 
 177      CC5D414E 
 177      F4D93A26 
 178 0208 EEF3DE67 		.ascii	"\356\363\336gyn\370_4\272o\257\356\311\340\246\245\323"
 178      796EF85F 
 178      34BA6FAF 
 178      EEC9E0A6 
 178      A5D3
 179 021a 3510C3CF 		.ascii	"5\020\303\317P\242e\237X'N\201N\243i\360w\271\222\265"
 179      50A2659F 
 179      58274E81 
 179      4EA369F0 
 179      77B992B5 
 180 022e 3B5EBA39 		.ascii	";^\2729\301\375\323L>\263\220\357<P\033\221Z\304\363"
 180      C1FDD34C 
 180      3EB390EF 
 180      3C501B91 
 180      5AC4F3
 181 0241 5BA09D92 		.ascii	"[\240\235\222\320\320)1\026\360H\276\212P+8p\006}JV"
 181      D0D02931 
 181      16F048BE 
 181      8A502B38 
 181      70067D4A 
 182 0256 CDB6DE4C 		.ascii	"\315\266\336Lw|\035\321>\267]9\223\212\230\216\2718"
 182      777C1DD1 
 182      3EB75D39 
 182      938A988E 
 182      B938
 183 0268 05EFE6CD 		.ascii	"\005\357\346\315\261 \303Q\231\263\242\314Y\251L1\225"
 183      B120C351 
 183      99B3A2CC 
 183      59A94C31 
 183      95
 184 0279 E9E81BB8 		.ascii	"\351\350\033\270\342\212\3570\231#\317s\007\211L'\254"
 184      E28AEF30 
 184      9923CF73 
 184      07894C27 
 184      AC
 185 028a 8AB2ED61 		.ascii	"\212\262\355aq\331\233\315I\210\372\214\316\211*\347"
 185      71D99BCD 
 185      4988FA8C 
 185      CE892AE7 
 186 029a A80A3C94 		.ascii	"\250\012<\224P\205-\305U\211\030\037\347\250\002\177"
 186      50852DC5 
 186      5589181F 
 186      E7A8027F 
 187 02aa BEB55829 		.ascii	"\276\265X)(\244\244\257\335\021\223\351O\233\227\212"
 187      28A4A4AF 
 187      DD1193E9 
 187      4F9B978A 
 188 02ba CD4B2DCD 		.ascii	"\315K-\315\313h\363=M\367\2639\3626\220\346q\317r\232"
 188      CB68F33D 
 188      4DF7B339 
 188      F23690E6 
 188      71CF729A 
 189 02ce 39255939 		.ascii	"9%Y9d1\302,AYW\333\305\026wk\331yD\013w\246\247\015"
ARM GAS  /tmp/ccrecrg9.s 			page 14


 189      6431C22C 
 189      415957DB 
 189      C516776B 
 189      D979440B 
 190 02e6 3ABD7792 		.ascii	":\275w\222+\350$_@\302,\367o\211\257u\026\234\312\310"
 190      2BE8245F 
 190      40C22CF7 
 190      6F89AF75 
 190      169CCAC8 
 191 02fa 589C4C9C 		.ascii	"X\234L\234\002\012*\027\235*\2678e\246N\025\337K\253"
 191      020A2A17 
 191      9D2AB738 
 191      65A64E15 
 191      DF4BAB
 192 030d 70666FE8 		.ascii	"pfo\350m\242\220Q\366\252\326\201\331*R\375\342h\361"
 192      6DA29051 
 192      F6AAD681 
 192      D92A52FD 
 192      E268F1
 193 0320 24F6C69A 		.ascii	"$\366\306\232I\365\215G\007c\325\254\272\201\330U\315"
 193      49F58D47 
 193      0763D5AC 
 193      BA81D855 
 193      CD
 194 0331 57FA94F8 		.ascii	"W\372\224\370\022\246cj\310\213o\300.\360\036\305|\334"
 194      12A6636A 
 194      C88B6FC0 
 194      2EF01EC5 
 194      7CDC
 195 0343 7B044DEA 		.ascii	"{\004M\352\352\336\324;\340Z\326~\353\3453\325\302n"
 195      EADED43B 
 195      E05AD67E 
 195      EBE533D5 
 195      C26E
 196 0355 5143EC1D 		.ascii	"QC\354\035\245Ue\256\270\236U>H\270_\345\210\033\231"
 196      A55565AE 
 196      B89E553E 
 196      48B85FE5 
 196      881B99
 197 0368 6171CB43 		.ascii	"aq\313Cp\353@\353`-\302\315\254\262\254\270\274Z\030"
 197      70EB40EB 
 197      602DC2CD 
 197      ACB2ACB8 
 197      BC5A18
 198 037b C26CB21F 		.ascii	"\302l\262\037\365\325\355se\346d0\317>\272Z\355\302"
 198      F5D5ED73 
 198      65E66430 
 198      CF3EBA5A 
 198      EDC2
 199 038d 46C423F2 		.ascii	"F\304#\362\0267\266\315\305\255\254ee\177a\2360:\014"
 199      1637B6CD 
 199      C5ADAC65 
 199      657F619E 
 199      303A0C
 200 03a0 66EF70D6 		.ascii	"f\357p\326\026\025\031\017/\214\207T\210s\337H\266\015"
 200      1615190F 
 200      2F8C8754 
ARM GAS  /tmp/ccrecrg9.s 			page 15


 200      8873DF48 
 200      B60D
 201 03b2 A4998E7E 		.ascii	"\244\231\216~fc\211\333\327q\312\301#I\330\022\347F"
 201      666389DB 
 201      D771CAC1 
 201      2349D812 
 201      E746
 202 03c4 D328FE04 		.ascii	"\323(\376\004\364\353\224~\003yX\032\021\366\335\261"
 202      F4EB947E 
 202      0379581A 
 202      11F6DDB1 
 203 03d4 BD97B194 		.ascii	"\275\227\261\224]\375!\366\361\354\334\235.\270\203"
 203      5DFD21F6 
 203      F1ECDC9D 
 203      2EB883
 204 03e3 B9B967A0 		.ascii	"\271\271g\240\375\261\0203/0\017\015\225\305\250\360"
 204      FDB11033 
 204      2F300F0D 
 204      95C5A8F0 
 205 03f3 0356977A 		.ascii	"\003V\227za_\275\023\356f\206e\277\365\240\373-\332"
 205      615FBD13 
 205      EE668665 
 205      BFF5A0FB 
 205      2DDA
 206 0405 786B3E7E 		.ascii	"xk>~\312j*\222S\332\021\356e\306\213\330\207\235\302"
 206      CA6A2A92 
 206      53DA11EE 
 206      65C68BD8 
 206      879DC2
 207 0418 0C4D0333 		.ascii	"\014M\0033\355\332\323\231\370\025\253zWS5\023\217\262"
 207      EDDAD399 
 207      F815AB7A 
 207      57533513 
 207      8FB2
 208 042a E7EAB387 		.ascii	"\347\352\263\207\363\020\206W\226\256\264\214\352\247"
 208      F3108657 
 208      96AEB48C 
 208      EAA7
 209 0438 2E389619 		.ascii	".8\226\031\231\215{\317\251p\0343\016\275N?\244\306"
 209      998D7BCF 
 209      A9701C33 
 209      0EBD4E3F 
 209      A4C6
 210 044a DB98D154 		.ascii	"\333\230\321Tr3\336\025'3#\376\344\311]\2568\215\031"
 210      7233DE15 
 210      273323FE 
 210      E4C95DAE 
 210      388D19
 211 045d 1BCB5A92 		.ascii	"\033\313Z\222\335Y\247\235t\361\347ve:\013qq\004;\241"
 211      DD59A79D 
 211      74F1E776 
 211      653A0B71 
 211      71043BA1 
 212 0471 B16E18E1 		.ascii	"\261n\030\341\335\214|f_\363~\327\367G\242\307\022\211"
 212      DD8C7C66 
 212      5FF37ED7 
 212      F747A2C7 
ARM GAS  /tmp/ccrecrg9.s 			page 16


 212      1289
 213 0483 D934107B 		.ascii	"\3314\020{Z\336\025\272\013Sk\266\004\242\012\330\225"
 213      5ADE15BA 
 213      0B536BB6 
 213      04A20AD8 
 213      95
 214 0494 94FD984E 		.ascii	"\224\375\230Nm\217ej\213Rs\253URv\365\007\330\237\324"
 214      6D8F656A 
 214      8B5273AB 
 214      555276F5 
 214      07D89FD4 
 215 04a8 74741D77 		.ascii	"tt\035wF\236\262\217\227\247\347\024O\317,>6\206\357"
 215      469EB28F 
 215      97A7E714 
 215      4FCF2C3E 
 215      3686EF
 216 04bb 7C7BFFEF 		.ascii	"|{\377\357/\372\273x>EM\225.\303\253\367\016M\021\337"
 216      2FFABB78 
 216      3E454D95 
 216      2EC3ABF7 
 216      0E4D11DF 
 217 04cf 844B54B6 		.ascii	"\204KT\266\200\374U\320\026\346\242V5\237\024D\331\355"
 217      80FC55D0 
 217      16E6A256 
 217      359F1444 
 217      D9ED
 218 04e1 7276DB04 		.ascii	"rv\333\004\366.\221}_\316f.{\213\344\323\"\271UNn\221"
 218      F62E917D 
 218      5FCE662E 
 218      7B8BE4D3 
 218      22B9554E 
 219 04f7 931B4472 		.ascii	"\223\033Dr\235\234|m\202\037\345\"\373\246\234]/\227"
 219      9D9C7C6D 
 219      821FE522 
 219      FBA69C5D 
 219      2F97
 220 0509 CE10C9F7 		.ascii	"\316\020\311\367\354;-\225n\022\331W\345\354\032[\366"
 220      EC3B2D95 
 220      6E12D957 
 220      E5EC1A5B 
 220      F6
 221 051a 06DE7CE7 		.ascii	"\006\336|\347o\204\374\004y\240n\201l\211\036\272(\367"
 221      6F84FC04 
 221      79A06E81 
 221      6C891EBA 
 221      28F7
 222 052c 6387A8DC 		.ascii	"c\207\250\334%W\326\310\270\215\"\267\326\276\027\022"
 222      2557D6C8 
 222      B88D22B7 
 222      D6BE1712 
 223 053c F239917C 		.ascii	"\3629\221|[Nn\226\223\013E\362]\373\001\227\220\233"
 223      5B4E6E96 
 223      930B45F2 
 223      5DFB0197 
 223      909B
 224 054e 45F215FB 		.ascii	"E\362\025\373k\311[\234\213\013t.\232`.\032\004\256"
 224      6BC95B9C 
ARM GAS  /tmp/ccrecrg9.s 			page 17


 224      8B0B742E 
 224      9A602E1A 
 224      04AE
 225 0560 654B1162 		.ascii	"eK\021b\"\235\346\275\242r\247\\\371\272\250Ls's*\220"
 225      229DE6BD 
 225      A272A75C 
 225      F9BAA84C 
 225      7327732A 
 226 0575 79152129 		.ascii	"y\025!)\204\243Da\025*k\235N\016bL\245n\331\037\276"
 226      84A34461 
 226      152A6B9D 
 226      4E0E624C 
 226      A56ED91F 
 227 058a B4E3B362 		.ascii	"\264\343\263b\307w\354\257J\306N\026vG\036E+\320#`<"
 227      C777ECAF 
 227      4AC64E16 
 227      76471E45 
 227      2BD02360 
 228 059f A495840F 		.ascii	"\244\225\204\017.\2407p\246\274B\236\210\347<\321s\370"
 228      2EA03770 
 228      A6BC429E 
 228      88E73CD1 
 228      73F8
 229 05b1 7E091805 		.ascii	"~\011\030\005\214\003\206\001\317\000/\000o\001C\200"
 229      8C038601 
 229      CF002F00 
 229      6F014380 
 230 05c1 31401F60 		.ascii	"1@\037`\004\320\013\030\004\364\003^\003\236\002\006"
 230      04D00B18 
 230      04F4035E 
 230      039E0206 
 231 05d1 90A76450 		.ascii	"\220\247dP\373E';\354\317\216tH\351\"\373\201\335\205"
 231      FB45273B 
 231      ECCF8E74 
 231      48E922FB 
 231      81DD85
 232 05e4 C5C824B5 		.ascii	"\305\310$\265\256k>\354\206\273\350\306\3065\305\034"
 232      AE6B3EEC 
 232      86BBE8C6 
 232      C635C51C 
 233 05f4 CB47688A 		.ascii	"\313Gh\212\227\335\221\242\030\316\353\177>X\026\335"
 233      97DD91A2 
 233      18CEEB7F 
 233      3E5816DD 
 234 0604 F65644A2 		.ascii	"\366VD\242\273\221\233\2026p\326\\\201\004\233\372\314"
 234      BB919B82 
 234      3670D65C 
 234      81049BFA 
 234      CC
 235 0615 6FDA7DCB 		.ascii	"o\332}\313M\235 f\310\224)n\300\261\234\232\346\024"
 235      4D9D2066 
 235      C894296E 
 235      C0B19C9A 
 235      E614
 236 0627 F00DECCB 		.ascii	"\360\015\354\313\343\303fak\347$\007\360Tv\000\337|"
 236      E3C36661 
 236      6BE72407 
ARM GAS  /tmp/ccrecrg9.s 			page 18


 236      F0547600 
 236      DF7C
 237 0639 7D7E548D 		.ascii	"}~T\215\373\350\370\225\2476v\034tC^\323\021H!\226\245"
 237      FBE8F895 
 237      A736761C 
 237      74435ED3 
 237      11482196 
 238 064e 93EB8402 		.ascii	"\223\353\204\002m\345\\P\034\207-W\222\014\0366\377"
 238      6DE55C50 
 238      1C872D57 
 238      920C1E36 
 238      FF
 239 065f BE1F4831 		.ascii	"\276\037H1<\253\3507M\330\373\262x\307i\0124\207\356"
 239      3CABE837 
 239      4DD8FBB2 
 239      78C7690A 
 239      3487EE
 240 0672 FD281E26 		.ascii	"\375(\036&\214T)P\0027\035m\341\350qp{\270cx\222\270"
 240      8C542950 
 240      02371D6D 
 240      E1E87170 
 240      7BB86378 
 241 0688 C123AABD 		.ascii	"\301#\252\275\031\3527q\304\367m\234\270\301\023\203"
 241      19EA3771 
 241      C4F76D9C 
 241      B8C11383 
 242 0698 9C456F8E 		.ascii	"\234Eo\216\225\012\347&9\212z\037\014\337\377@\036\360"
 242      950AE726 
 242      398A7A1F 
 242      0CDFFF40 
 242      1EF0
 243 06aa 23279C3E 		.ascii	"#'\234>\211\254\277W\011\233\206\2054\306\011\314\303"
 243      89ACBF57 
 243      099B8685 
 243      34C609CC 
 243      C3
 244 06bb 8FF6FEA8 		.ascii	"\217\366\376\250f\303\377\023\230\2333\323{]\305s\237"
 244      66C3FF13 
 244      989B33D3 
 244      7B5DC573 
 244      9F
 245 06cc 799304DE 		.ascii	"y\223\004\336l\247\336$So\250$5\240\305\233\207'\272"
 245      6CA7DE24 
 245      536FA824 
 245      35A0C59B 
 245      8727BA
 246 06df D536934F 		.ascii	"\3256\223O\362L\261\377\024Nm\011X\012\235\377\356<"
 246      F24CB1FF 
 246      144E6D09 
 246      580A9DFF 
 246      EE3C
 247 06f1 7ED80D0F 		.ascii	"~\330\015\017\262\243\363\242\271\346\204\012RB3$\336"
 247      B2A3F3A2 
 247      B9E6840A 
 247      52423324 
 247      DE
 248 0702 279FF8C7 		.ascii	"'\237\370\307\307\\\333\306gn\344\347\262l5U\014v*'"
ARM GAS  /tmp/ccrecrg9.s 			page 19


 248      C75CDBC6 
 248      676EE4E7 
 248      B26C3555 
 248      0C762A27 
 249 0716 49997770 		.ascii	"I\231wp$9\354\033\272\226\214q\231\003\025*\217-Kr\022"
 249      2439EC1B 
 249      BA968C71 
 249      9903152A 
 249      8F2D4B72 
 250 072b 8452D20D 		.ascii	"\204R\322\015\3511|\015\014\301\223\312\244\2112iR\231"
 250      E9317C0D 
 250      0CC193CA 
 250      A4893269 
 250      5299
 251 073d 742A5335 		.ascii	"t*S5\324|\314\011\3271\231\361\223\007\306,\376\224"
 251      D47CCC09 
 251      D73199F1 
 251      9307C62C 
 251      FE94
 252 074f FEF4CFDD 		.ascii	"\376\364\317\335\354\"P\311.\002;E\235\235R\235]T\347"
 252      EC2250C9 
 252      2E023B45 
 252      9D9D529D 
 252      5D54E7
 253 0762 D0F0EBAD 		.ascii	"\320\360\353\255n\270\203\351\364\357\257\335\205\231"
 253      6EB883E9 
 253      F4EFAFDD 
 253      8599
 254 0770 8EB96925 		.ascii	"\216\271i%\273\007\034d\367\200\335\242\312n\251J\006"
 254      BB071C64 
 254      F780DDA2 
 254      CA6EA94A 
 254      06
 255 0781 55B9F5A8 		.ascii	"U\271\365\250r\005~\314D\216\034\333_\350\206\207\231"
 255      72057ECC 
 255      448E1CDB 
 255      5FE88687 
 255      99
 256 0792 B1B5B26A 		.ascii	"\261\265\262j\257#\244\337h/m\364\236$\275\2459k\316"
 256      AF23A4DF 
 256      682F6DF4 
 256      9E24BDA5 
 256      396BCE
 257 07a5 7BD3F103 		.ascii	"{\323\361\003\034I\307\367sB:\336\366l\340\271\2630"
 257      1C49C7F7 
 257      73423ADE 
 257      F66CE0B9 
 257      B330
 258 07b7 D63DFDAB 		.ascii	"\326=\375\253k\372\037BZ\300\363\261h*a\242=\026?\321"
 258      6BFA1F42 
 258      5AC0F3B1 
 258      682A61A2 
 258      3D163FD1 
 259 07cb 3E4E492C 		.ascii	">NI,\321"
 259      D1
 260 07d0 D54CEAEA 		.ascii	"\325L\352\352\353\301\213\027U\270\326\221\272\327R"
 260      EBC18B17 
ARM GAS  /tmp/ccrecrg9.s 			page 20


 260      55B8D691 
 260      BAD752
 261 07df 3734E062 		.ascii	"74\340b\015\344\272]\266\201<(\216\371\240T(\213\012"
 261      0DE4BA5D 
 261      B6813C28 
 261      8EF9A054 
 261      288B0A
 262 07f2 65DD6E29 		.ascii	"e\335n)r\304w\231Pn\321\221\207B \315\347\226\333\314"
 262      72C47799 
 262      506ED191 
 262      874220CD 
 262      E796DBCC 
 263 0806 5CB6A892 		.ascii	"\\\266\250\222-U\311\241*;r\257lQ\342\001\246\322:\220"
 263      2D55C9A1 
 263      2A3B72AF 
 263      6C51E201 
 263      A6D23A90 
 264 081a 780D5997 		.ascii	"x\015Y\227\303\032\233\345\220+\312\344Je\016Q\231\253"
 264      C31A9BE5 
 264      902BCAE4 
 264      4A650E51 
 264      99AB
 265 082c 5DC72ADD 		.ascii	"]\307*\335\360f'*s\355\340\210\331\"S\272}A\206\315"
 265      F066272A 
 265      73EDE088 
 265      D92253BA 
 265      7D4186CD 
 266 0840 72C81375 		.ascii	"r\310\023u\362\244:\207\251N\347\201\356\324Ix\017\323"
 266      F2A43A87 
 266      A94EE781 
 266      EED44978 
 266      0FD3
 267 0852 D992F8B4 		.ascii	"\331\222\370\264\317A\030\324\351U6\203\312\027U\362"
 267      CF4118D4 
 267      E9553683 
 267      CA1755F2 
 268 0862 A52A47A8 		.ascii	"\245*G\250\212\345>\340!\334\007\314\325\333\236#\234"
 268      8AE53EE0 
 268      21DC07CC 
 268      D5DB9E23 
 268      9C
 269 0873 C754E3EF 		.ascii	"\307T\343\357\305\335\020*_\323\305[9|{\022>\306*\307"
 269      C5DD102A 
 269      5FD3C55B 
 269      397C7B12 
 269      3EC62AC7 
 270 0887 1FB7640B 		.ascii	"\037\267d\013ix\037\275\251\225\334\357s\303\305\254"
 270      69781FBD 
 270      A995DCEF 
 270      73C3C5AC 
 271 0897 32B96A70 		.ascii	"2\271jp\300\025\2271\243-kG\256\2221{\210\275ol,V\211"
 271      C0159731 
 271      A32D6B47 
 271      AE92317B 
 271      88BD6F6C 
 272 08ae CDACB271 		.ascii	"\315\254\262qcj\216#\256e\306\233\027y}\216\270\211"
 272      636A8E23 
ARM GAS  /tmp/ccrecrg9.s 			page 21


 272      AE65C69B 
 272      17797D8E 
 272      B889
 273 08c0 1955037B 		.ascii	"\031U\003{_\252\361]fl\312i\332\346\204{\2301\320\232"
 273      5FAAF15D 
 273      666CCA69 
 273      DAE6847B 
 273      9831D09A 
 274 08d4 58ADC6FD 		.ascii	"X\255\306\375\314\270T\363\340\206\012\2171cCOa\034"
 274      CCB854F3 
 274      E0860A8F 
 274      3163434F 
 274      611C
 275 08e6 C69B552C 		.ascii	"\306\233U,\377o\250Jp\306I\314\250\337\222\002\357\346"
 275      FF6FA84A 
 275      70C649CC 
 275      A8DF9202 
 275      EFE6
 276 08f8 2E665836 		.ascii	".fX6%\017\266)\215\357\351\333\247\306\231\254\256<"
 276      250FB629 
 276      8DEFE9DB 
 276      A7C699AC 
 276      AE3C
 277 090a 7B53BE0A 		.ascii	"{S\276\012\037aF\354\365\30465.b\306\361\2368\263\023"
 277      1F6146EC 
 277      F5C43635 
 277      2E62C6F1 
 277      9E38B313 
 278 091e 2E1568F5 		.ascii	".\025h\365#\005n\270R0Z\317hp\035{>\330S\222\352\216"
 278      23056EB8 
 278      52305ACF 
 278      68701D7B 
 278      3ED85392 
 279 0934 6F32E35E 		.ascii	"o2\343^{w\202\033\276\313\214\315\025i\347\235q\017"
 279      7B77821B 
 279      BECB8CCD 
 279      1569E79D 
 279      710F
 280 0946 332E7542 		.ascii	"3.uB\356\363\222=?M0\267px\224\031\371%\211\367\034"
 280      EEF3923D 
 280      3F4D30B7 
 280      70789419 
 280      F92589F7 
 281 095b 708C33BB 		.ascii	"p\2143\273\366\025\307\016)q\0343\216\216\355op\306"
 281      F615C70E 
 281      29711C33 
 281      8E8EED6F 
 281      70C6
 282 096d DB98D150 		.ascii	"\333\230\321P\332\371\320\015\357`FA\375\2256a\317\215"
 282      DAF9D00D 
 282      EF604641 
 282      FD953661 
 282      CF8D
 283 097f 27512C38 		.ascii	"'Q,8\334\376\310I\270\267\222{l\316\271\3161\204wR\362"
 283      DCFEC849 
 283      B8B7927B 
 283      6CCEB9CE 
ARM GAS  /tmp/ccrecrg9.s 			page 22


 283      31847752 
 284 0994 8C4B49A5 		.ascii	"\214KI\245\361hB\016oM\345\247\260\207,\372\223Q\332"
 284      F168420E 
 284      6F4DE5A7 
 284      B0872CFA 
 284      9351DA
 285 09a7 D1EFF665 		.ascii	"\321\357\366e\327\362|f%\"W\001T\011\213\3511'I1'$w"
 285      D7F27C66 
 285      25225701 
 285      54098BE9 
 285      31274931 
 286 09be AF5689B9 		.ascii	"\257V\211\271\320\031\201mM\005\036NH\320%\354j9\333"
 286      D019816D 
 286      4D051E4E 
 286      48D025EC 
 286      6A39DB
 287 09d1 261724C7 		.ascii	"&\027$\307\364\273U\033(\233xr\\\356\3111N\246\235\364"
 287      F4BB551B 
 287      289B7872 
 287      5CEEC931 
 287      4EA69DF4 
 288 09e5 0F51BB40 		.ascii	"\017Q\273@\256}\224\223i\277\226h\237\222k\027\311\265"
 288      AE7D9493 
 288      69BF9668 
 288      9F926B17 
 288      C9B5
 289 09f7 33247E5F 		.ascii	"3$~_\223kk\344\331\321\250\204}R\316>!\327.\222\260"
 289      936B6BE4 
 289      D9D1A884 
 289      7D52CE3E 
 289      21D72E92 
 290 0a0c AFC8D913 		.ascii	"\257\310\331\023S\257\006\011\335,\247O\314z\233%\364"
 290      53AF0609 
 290      DD2CA74F 
 290      CC7A9B25 
 290      F4
 291 0a1d 7239FD9A 		.ascii	"r9\375\232\315\214o\204TU`\223\003\340\262\375\370X"
 291      CD8C6F84 
 291      54556093 
 291      03E0B2FD 
 291      F858
 292 0a2f C409BD49 		.ascii	"\304\011\275IB\277 \247\237\347\344\276\354\227\370"
 292      42BF20A7 
 292      9FE7E4BE 
 292      EC97F8
 293 0a3e 72554E9F 		.ascii	"rUN\237x/\272 \241_\264?R\351\375E\302\256\260\357\213"
 293      782FBA20 
 293      A15FB43F 
 293      52E9FD45 
 293      C2AEB0EF 
 294 0a53 843D2661 		.ascii	"\204=&a\027\332\017\221\324\225\273\022\37299}\342\025"
 294      17DA0F91 
 294      D495BB12 
 294      FA39397D 
 294      E215
 295 0a65 F79C847E 		.ascii	"\367\234\204~IN\237p\021-\225\260\253\354\263m\3561"
 295      494E9F70 
ARM GAS  /tmp/ccrecrg9.s 			page 23


 295      112D95B0 
 295      ABECB36D 
 295      EE31
 296 0a77 127AADFD 		.ascii	"\022z\255\375Y\224\210\337\226\260\313\354\307_*^(\241"
 296      599488DF 
 296      96B0CBEC 
 296      C75F2A5E 
 296      28A1
 297 0a89 D7D85F8C 		.ascii	"\327\330_\214\222[RZ\267\377\006H\342\011\313\366\232"
 297      925B525A 
 297      B7FF0648 
 297      E209CBF6 
 297      9A
 298 0a9a 4416C740 		.ascii	"D\026\307@\267\177\012\034\223\263\351\3528+\327\272"
 298      B77F0A1C 
 298      93B3E9EA 
 298      382BD7BA 
 299 0aaa F8BE8BCF 		.ascii	"\370\276\213\317uH\016\353i\000\010\237\334\005\272"
 299      75480EEB 
 299      6900089F 
 299      DC05BA
 300 0ab9 21CD7D06 		.ascii	"!\315}\006\367\200f@\027\240\035\360\010p\033\320\010"
 300      F7806640 
 300      17A01DF0 
 300      08701BD0 
 300      08
 301 0aca 6805DC07 		.ascii	"h\005\334\007<\0004\000\356\002Z\000\035\2006\300\035"
 301      3C003400 
 301      EE025A00 
 301      1D8036C0 
 301      1D
 302 0adb C043402F 		.ascii	"\300C@/\340\011\340\036\271S\000z\000?\003\236\002n"
 302      E009E01E 
 302      B953007A 
 302      003F039E 
 302      026E
 303 0aed 026E013A 		.ascii	"\002n\001:\0017\000M\200\027\234\364\202\324&\231\231"
 303      0137004D 
 303      80179CF4 
 303      82D42699 
 303      99
 304 0afe 12FB4B40 		.ascii	"\022\373K@2\355C\022\366i\373\333\242\315\257\034\022"
 304      32ED4312 
 304      F669FBDB 
 304      A2CDAF1C 
 304      12
 305 0b0f 7A9DDDFD 		.ascii	"z\235\335\375E\242\335'!\027\333\237W\011;E\262-\376"
 305      45A2DD27 
 305      2117DB9F 
 305      57093B45 
 305      B22DFE
 306 0b22 647F5BB4 		.ascii	"d\177[\264\276\322\020\322;\222}\261T\276/J~\007\200"
 306      BED210D2 
 306      3B927DB1 
 306      54BE2F4A 
 306      7E0780
 307 0b35 5366B0A0 		.ascii	"Sf\260\240\240\335\025\277\240\247\014W\177\241\361"
ARM GAS  /tmp/ccrecrg9.s 			page 24


 307      A0DD15BF 
 307      A0A70C57 
 307      7FA1F1
 308 0b44 9023F29A 		.ascii	"\220#\362\232\302\026\306\316'\323\310\005\253\037\032"
 308      C216C6CE 
 308      27D3C805 
 308      AB1F1A
 309 0b53 F789F908 		.ascii	"\367\211\371\010Y&\357\2116z\011A\376\177\0118\371\365"
 309      5926EF89 
 309      367A0941 
 309      FE7F0938 
 309      F9F5
 310 0b65 AFFC7CAF 		.ascii	"\257\374|\257\243\315-\244\337\346\0128 \\\001\007\350"
 310      A3CD2DA4 
 310      DFE60A38 
 310      205C0107 
 310      E8
 311 0b76 1564A4F1 		.ascii	"\025d\244\361\307M\016x\224\035\316U\355\205\205*\274"
 311      C74D0E78 
 311      941DCE55 
 311      ED85852A 
 311      BC
 312 0b87 81FDBFD1 		.ascii	"\201\375\277\321\333\256\212Ng\034O\015\307\276\204"
 312      DBAE8A4E 
 312      671C4F0D 
 312      C7BE84
 313 0b96 9C467A12 		.ascii	"\234Fz\022\303\251\313\202S\334<U\214\316 \314\324\330"
 313      C3A9CB82 
 313      53DC3C55 
 313      8CCE20CC 
 313      D4D8
 314 0ba8 87025FDA 		.ascii	"\207\002_\332l\275u\277\222s'\274\370\345\"y\310>\231"
 314      6CBD75BF 
 314      927327BC 
 314      F8E52279 
 314      C83E99
 315 0bbb 859D05EC 		.ascii	"\205\235\005\354T3\375\275cL\376\"\023\245\022\251\223"
 315      5433FDBD 
 315      634CFE22 
 315      13A512A9 
 315      93
 316 0bcc 75769DB4 		.ascii	"uv\235\264\363\036\213?\356\216\011a\035\205\260\016"
 316      F31E8B3F 
 316      EE8E0961 
 316      1D85B00E 
 317 0bdc C334BF01 		.ascii	"\3034\277\001\274\006\214\210\323\275\253\353m'\302"
 317      BC068C88 
 317      D3BDABEB 
 317      6D27C2
 318 0beb DBE93471 		.ascii	"\333\3514q)\243G \267\262,\245\212tzW\037\007\221\267"
 318      29A34720 
 318      B7B22CA5 
 318      8A747A57 
 318      1F0791B7 
 319 0bff E2521A9B 		.ascii	"\342R\032\233\270\224\254?\375\274\203~>\242\317\304"
 319      B894AC3F 
 319      FDBC837E 
ARM GAS  /tmp/ccrecrg9.s 			page 25


 319      3EA2CFC4 
 320 0c0f BB2D85D8 		.ascii	"\273-\205\330&\304\3436!\3461\0131|\223\364;\361Y\261"
 320      26C4E336 
 320      21E6310B 
 320      317C93F4 
 320      3BF159B1 
 321 0c23 BB0DBBC2 		.ascii	"\273\015\273\302\346Z\272A`\223o\325\302\257\276\236"
 321      E65ABA41 
 321      60936FD5 
 321      C2AFBE9E 
 322 0c33 A1F5F656 		.ascii	"\241\365\366V\270\030\014kL\341\321s|\014\321\237k\326"
 322      B8180C6B 
 322      4CE1D173 
 322      7C0CD19F 
 322      6BD6
 323 0c45 44456A82 		.ascii	"DEj\202\"\303>\013\217\0107~f\014Zn\322\230\302\203"
 323      22C33E0B 
 323      8F08377E 
 323      660C5A6E 
 323      D298C283 
 324 0c59 43D7AC30 		.ascii	"C\327\2540j\302\202\202CL\341F\215a\205qe\320\232\320"
 324      6AC28282 
 324      434CE146 
 324      8D618571 
 324      65D09AD0 
 325 0c6d 6843F4FA 		.ascii	"hC\364\372\325\306\250Y!\012\225\245\365\357>\320:j"
 325      D5C6A859 
 325      210A95A5 
 325      F5EF3ED0 
 325      3A6A
 326 0c7f 7D94C610 		.ascii	"}\224\306\020\025\275\002\250\244\3112cptD\344\374\331"
 326      15BD02A8 
 326      A4C93263 
 326      707444E4 
 326      FCD9
 327 0c91 0B342111 		.ascii	"\0134!\021aPk\0145\205i\276\217\210\374\326\024\276"
 327      61506B0C 
 327      358569BE 
 327      8F88FCD6 
 327      14BE
 328 0ca3 4AA30D31 		.ascii	"J\243\0151-7-\326k\"\2424!A\241\232\325\021\221\321"
 328      2D372DD6 
 328      6B22A234 
 328      2141A19A 
 328      D51191D1 
 329 0cb7 511AFDD2 		.ascii	"Q\032\375\322\3009>\232E\213|5K\003\002\327z\223\032"
 329      C0393E9A 
 329      458B7C35 
 329      4B0302D7 
 329      7A931A
 330 0cca D0338486 		.ascii	"\3203\204\206\256\230\025\254peO\006S\270)\332\303@"
 330      AE9815AC 
 330      70654F06 
 330      53B829DA 
 330      C340
 331 0cdc 1A184C91 		.ascii	"\032\030L\221\337\031\214\253M\241\021\253\326\030\347"
 331      DF198CAB 
ARM GAS  /tmp/ccrecrg9.s 			page 26


 331      4DA111AB 
 331      D618E7
 332 0ceb FE422FC1 		.ascii	"\376B/\301\021aa\021\341BG\363t\201\332\300u\232\340"
 332      11616111 
 332      E14247F3 
 332      7481DAC0 
 332      759AE0
 333 0cfe 90E08848 		.ascii	"\220\340\210H\243a\355\027a\340\257Gp\210~}\324RS\230"
 333      A361ED17 
 333      61E0AF47 
 333      70887E7D 
 333      D4525398 
 334 0d12 31D23F28 		.ascii	"1\322?(|E\25012\300\347\0274#\243\255c\017\016\201\321"
 334      7C45A831 
 334      32C0E717 
 334      3423A3AD 
 334      630F0E81 
 335 0d27 83CAE4F0 		.ascii	"\203\312\344\360\265\246`\277\360\240\345\241F6\376"
 335      B5A660BF 
 335      F0A0E5A1 
 335      4636FE
 336 0d36 3F7FF4E8 		.ascii	"?\177\364\350\005\017\005\337\210\016\3509h\265\201"
 336      050F05DF 
 336      880EE839 
 336      68B581
 337 0d45 BA39DC62 		.ascii	"\2729\334b\235\3227p\236\016\373ju\312\371\276KuX\253"
 337      9DD23770 
 337      9E0EFB6A 
 337      75CAF9BE 
 337      4B7558AB 
 338 0d59 D5611D60 		.ascii	"\325a\035`\236N\207\227\350\265X\373\325R\245V\353\247"
 338      9E4E8797 
 338      E8B558FB 
 338      D552A556 
 338      EBA7
 339 0d6b A37C1FFA 		.ascii	"\243|\037\372\327\033\373-\324qzh\031\340\247S\352\003"
 339      D71BFB2D 
 339      D4717A68 
 339      19E0A753 
 339      EA03
 340 0d7d 81ADD5F9 		.ascii	"\201\255\325\371\000\274\201\371W\235\337\177\035\226"
 340      00BC81F9 
 340      579DDF7F 
 340      1D96
 341 0d8b A8E830B2 		.ascii	"\250\3500\262\024Ld\326\\\255\206!Z\031\034\022\024"
 341      144C64D6 
 341      5CAD8621 
 341      5A191C12 
 341      14
 342 0d9c E9111115 		.ascii	"\351\021\021\025\024\012\023\271(\"\370\333\005\221"
 342      140A13B9 
 342      2822F8DB 
 342      0591
 343 0daa 1161017A 		.ascii	"\021a\001z\335/M#\351\211\264\"\363I\276\3114\322`H"
 343      DD2F4D23 
 343      E989B422 
 343      F349BEC9 
ARM GAS  /tmp/ccrecrg9.s 			page 27


 343      34D26048 
 344 0dbe 343C68C0 		.ascii	"4<h\300C\241\300\260\022J\014\246\250Hgk\321$\203!\312"
 344      43A1C0B0 
 344      124A0CA6 
 344      A848676B 
 344      D1248321 
 345 0dd3 186D983F 		.ascii	"\030m\230?O\357\267D\0270)(\364\373\240\365Q\260PBa"
 345      4FEFB744 
 345      17302928 
 345      F4FBA0F5 
 345      51B05042 
 346 0de8 2DFB7EDC 		.ascii	"-\373~\334\2720\256\213\326h\003\365\001z1\242aQ\246"
 346      BA30AE8B 
 346      D66803F5 
 346      017A31A2 
 346      6151A6
 347 0dfb 28C3AA60 		.ascii	"(\303\252`\022\205)\304\255\305\266\213c\2520\320\257"
 347      128529C4 
 347      ADC5B68B 
 347      63AA30D0 
 347      AF
 348 0e0c C343256E 		.ascii	"\303C%nR\277m\212\246R7\327\204\333\370\356*)t\320\353"
 348      52BF6D8A 
 348      A65237D7 
 348      84DBF8EE 
 348      2A2974D0 
 349 0e21 B50B75CE 		.ascii	"\265\013u\316:?\275\237n\231\237\357\037\261VO\202\254"
 349      3A3FBD9F 
 349      6E999FEF 
 349      1FB1564F 
 349      82AC
 350 0e33 158BFEE0 		.ascii	"\025\213\376\340<o\311|\237EK\374\276\322\221'o\366"
 350      3C6FC97C 
 350      9F454BFC 
 350      BED29127 
 350      6FF6
 351 0e45 64A9FDDC 		.ascii	"d\251\375\334y\236\377\3749B\255\277\225\347/\347\315"
 351      799EFFFC 
 351      3942ADBF 
 351      95E72FE7 
 351      CD
 352 0e56 71222A50 		.ascii	"q\"*PB\276\275\2455>ND\201\326\370\013\014\177[\206"
 352      42BEBDA5 
 352      353E4E44 
 352      81D6F80B 
 352      0C7F5B86 
 353 0e6a B78AB4D5 		.ascii	"\267\212\264\325\351\227\352\310\2037y\260\326\315V"
 353      E997EAC8 
 353      833779B0 
 353      D6CD56
 354 0e79 91D6ACCE 		.ascii	"\221\326\254\316\337B\362g$\254\015\320)\265\013\026"
 354      DF42F267 
 354      24AC0DD0 
 354      29B50B16 
 355 0e89 EA9C962C 		.ascii	"\352\234\226,ZD\2769\255\316\005\036\003|\364\304\372"
 355      5A44BE39 
 355      ADCE051E 
ARM GAS  /tmp/ccrecrg9.s 			page 28


 355      037CF4C4 
 355      FA
 356 0e9a F23F0D8E 		.ascii	"\362?\015\216~)[\215\013|\326\255c\353p\245\317\354"
 356      7E295B8D 
 356      0B7CD6AD 
 356      63EB70A5 
 356      CFEC
 357 0eac 2FD6AD23 		.ascii	"/\326\255#+Q\247\325\032\226\302~\345k\\\351H\234\\"
 357      2B51A7D5 
 357      1A96C27E 
 357      E56B5CE9 
 357      489C5C
 358 0ebf F08D6380 		.ascii	"\360\215c\200\257v\261\257\037\261|\026|\343\346;\177"
 358      AF76B1AF 
 358      1FB17C16 
 358      7CE3E63B 
 358      7F
 359 0ed0 61A0F66B 		.ascii	"a\240\366k\013\347\337C\277\0137"
 359      0BE7DF43 
 359      BF0B37
 360              		.text
 361              		.section	.gnu.lto_.symtab.e9360b993065c247,"",%progbits
 362 0000 56656374 		.ascii	"VectorB0\000"
 362      6F724230 
 362      00
 363 0009 00       		.ascii	"\000"
 364 000a 00       		.ascii	"\000"
 365 000b 00       		.ascii	"\000"
 366 000c 00000000 		.ascii	"\000\000\000\000\000\000\000\000"
 366      00000000 
 367 0014 B5000000 		.ascii	"\265\000\000\000"
 368 0018 73745F6C 		.ascii	"st_lld_init\000"
 368      6C645F69 
 368      6E697400 
 369 0024 00       		.ascii	"\000"
 370 0025 00       		.ascii	"\000"
 371 0026 00       		.ascii	"\000"
 372 0027 00000000 		.ascii	"\000\000\000\000\000\000\000\000"
 372      00000000 
 373 002f B7000000 		.ascii	"\267\000\000\000"
 374 0033 5F706F72 		.ascii	"_port_irq_epilogue\000"
 374      745F6972 
 374      715F6570 
 374      696C6F67 
 374      756500
 375 0046 00       		.ascii	"\000"
 376 0047 02       		.ascii	"\002"
 377 0048 00       		.ascii	"\000"
 378 0049 00000000 		.ascii	"\000\000\000\000\000\000\000\000"
 378      00000000 
 379 0051 B9000000 		.ascii	"\271\000\000\000"
 380 0055 63685379 		.ascii	"chSysTimerHandlerI\000"
 380      7354696D 
 380      65724861 
 380      6E646C65 
 380      724900
 381 0068 00       		.ascii	"\000"
ARM GAS  /tmp/ccrecrg9.s 			page 29


 382 0069 02       		.ascii	"\002"
 383 006a 00       		.ascii	"\000"
 384 006b 00000000 		.ascii	"\000\000\000\000\000\000\000\000"
 384      00000000 
 385 0073 BB000000 		.ascii	"\273\000\000\000"
 386 0077 6E766963 		.ascii	"nvicEnableVector\000"
 386      456E6162 
 386      6C655665 
 386      63746F72 
 386      00
 387 0088 00       		.ascii	"\000"
 388 0089 02       		.ascii	"\002"
 389 008a 00       		.ascii	"\000"
 390 008b 00000000 		.ascii	"\000\000\000\000\000\000\000\000"
 390      00000000 
 391 0093 C0000000 		.ascii	"\300\000\000\000"
 392              		.text
 393              		.section	.gnu.lto_.opts,"",%progbits
 394 0000 272D666D 		.ascii	"'-fmath-errno' '-fsigned-zeros' '-ftrapping-math' '"
 394      6174682D 
 394      6572726E 
 394      6F272027 
 394      2D667369 
 395 0033 2D666E6F 		.ascii	"-fno-trapv' '-fno-openmp' '-fno-openacc' '-mcpu=cor"
 395      2D747261 
 395      70762720 
 395      272D666E 
 395      6F2D6F70 
 396 0066 7465782D 		.ascii	"tex-m3' '-mno-thumb-interwork' '-mthumb' '-ggdb' '-"
 396      6D332720 
 396      272D6D6E 
 396      6F2D7468 
 396      756D622D 
 397 0099 4F322720 		.ascii	"O2' '-fomit-frame-pointer' '-falign-functions=16' '"
 397      272D666F 
 397      6D69742D 
 397      6672616D 
 397      652D706F 
 398 00cc 2D666675 		.ascii	"-ffunction-sections' '-fdata-sections' '-fno-common"
 398      6E637469 
 398      6F6E2D73 
 398      65637469 
 398      6F6E7327 
 399 00ff 2720272D 		.ascii	"' '-flto'\000"
 399      666C746F 
 399      2700
 400              		.text
 401              		.comm	__gnu_lto_v1,1,1
 402              		.comm	__gnu_lto_slim,1,1
 403              		.ident	"GCC: (GNU Tools for ARM Embedded Processors) 5.3.1 20160307 (release) [ARM/embedded-5-bran
ARM GAS  /tmp/ccrecrg9.s 			page 30


DEFINED SYMBOLS
                            *ABS*:0000000000000000 hal_st_lld.c
                            *COM*:0000000000000001 __gnu_lto_v1
                            *COM*:0000000000000001 __gnu_lto_slim

NO UNDEFINED SYMBOLS
