ARM GAS  /tmp/ccjP3UWI.s 			page 1


   1              		.syntax unified
   2              		.cpu cortex-m3
   3              		.fpu softvfp
   4              		.eabi_attribute 20, 1
   5              		.eabi_attribute 21, 1
   6              		.eabi_attribute 23, 3
   7              		.eabi_attribute 24, 1
   8              		.eabi_attribute 25, 1
   9              		.eabi_attribute 26, 1
  10              		.eabi_attribute 30, 2
  11              		.eabi_attribute 34, 1
  12              		.eabi_attribute 18, 4
  13              		.thumb
  14              		.syntax unified
  15              		.file	"hal_mmcsd.c"
  16              		.text
  17              	.Ltext0:
  18              		.section	.gnu.lto_.profile.a9fa331d7a6183f1,"",%progbits
  19 0000 789C6361 		.ascii	"x\234ca```\004b\006\000\0002\000\006"
  19      60606004 
  19      62060000 
  19      320006
  20              		.text
  21              		.section	.gnu.lto_.icf.a9fa331d7a6183f1,"",%progbits
  22 0000 789C6361 		.ascii	"x\234ca\200\000&\006d\000\000\000\212\000\007"
  22      80002606 
  22      64000000 
  22      8A0007
  23              		.text
  24              		.section	.gnu.lto_.jmpfuncs.a9fa331d7a6183f1,"",%progbits
  25 0000 789C6361 		.ascii	"x\234ca\200\000&\006d\000\000\000\212\000\007"
  25      80002606 
  25      64000000 
  25      8A0007
  26              		.text
  27              		.section	.gnu.lto_.inline.a9fa331d7a6183f1,"",%progbits
  28 0000 789C6361 		.ascii	"x\234ca\200\000&\006d\000\000\000\212\000\007"
  28      80002606 
  28      64000000 
  28      8A0007
  29              		.text
  30              		.section	.gnu.lto_.pureconst.a9fa331d7a6183f1,"",%progbits
  31 0000 789C6361 		.ascii	"x\234ca```\004b\006\000\0002\000\006"
  31      60606004 
  31      62060000 
  31      320006
  32              		.text
  33              		.section	.gnu.lto_.symbol_nodes.a9fa331d7a6183f1,"",%progbits
  34 0000 789C6361 		.ascii	"x\234ca```b\000\001\000\000>\000\007"
  34      60606062 
  34      00010000 
  34      3E0007
  35              		.text
  36              		.section	.gnu.lto_.refs.a9fa331d7a6183f1,"",%progbits
  37 0000 789C6361 		.ascii	"x\234ca```\004b\006\000\0002\000\006"
  37      60606004 
  37      62060000 
ARM GAS  /tmp/ccjP3UWI.s 			page 2


  37      320006
  38              		.text
  39              		.section	.gnu.lto_.decls.a9fa331d7a6183f1,"",%progbits
  40 0000 789C6361 		.ascii	"x\234ca@\000F V\001\342\377@\000b\2071\020\000\000\260"
  40      40004620 
  40      5601E2FF 
  40      40006287 
  40      31100000 
  41 0015 53047D   		.ascii	"S\004}"
  42              		.text
  43              		.section	.gnu.lto_.symtab.a9fa331d7a6183f1,"",%progbits
  44              		.text
  45              		.section	.gnu.lto_.opts,"",%progbits
  46 0000 272D666D 		.ascii	"'-fmath-errno' '-fsigned-zeros' '-ftrapping-math' '"
  46      6174682D 
  46      6572726E 
  46      6F272027 
  46      2D667369 
  47 0033 2D666E6F 		.ascii	"-fno-trapv' '-fno-openmp' '-fno-openacc' '-mcpu=cor"
  47      2D747261 
  47      70762720 
  47      272D666E 
  47      6F2D6F70 
  48 0066 7465782D 		.ascii	"tex-m3' '-mno-thumb-interwork' '-mthumb' '-ggdb' '-"
  48      6D332720 
  48      272D6D6E 
  48      6F2D7468 
  48      756D622D 
  49 0099 4F322720 		.ascii	"O2' '-fomit-frame-pointer' '-falign-functions=16' '"
  49      272D666F 
  49      6D69742D 
  49      6672616D 
  49      652D706F 
  50 00cc 2D666675 		.ascii	"-ffunction-sections' '-fdata-sections' '-fno-common"
  50      6E637469 
  50      6F6E2D73 
  50      65637469 
  50      6F6E7327 
  51 00ff 2720272D 		.ascii	"' '-flto'\000"
  51      666C746F 
  51      2700
  52              		.text
  53              		.comm	__gnu_lto_v1,1,1
  54              		.comm	__gnu_lto_slim,1,1
  55              		.ident	"GCC: (GNU Tools for ARM Embedded Processors) 5.3.1 20160307 (release) [ARM/embedded-5-bran
ARM GAS  /tmp/ccjP3UWI.s 			page 3


DEFINED SYMBOLS
                            *ABS*:0000000000000000 hal_mmcsd.c
                            *COM*:0000000000000001 __gnu_lto_v1
                            *COM*:0000000000000001 __gnu_lto_slim

NO UNDEFINED SYMBOLS
