ARM GAS  /tmp/ccOHnDqM.s 			page 1


   1              		.syntax unified
   2              		.cpu cortex-m3
   3              		.fpu softvfp
   4              		.eabi_attribute 20, 1
   5              		.eabi_attribute 21, 1
   6              		.eabi_attribute 23, 3
   7              		.eabi_attribute 24, 1
   8              		.eabi_attribute 25, 1
   9              		.eabi_attribute 26, 1
  10              		.eabi_attribute 30, 2
  11              		.eabi_attribute 34, 1
  12              		.eabi_attribute 18, 4
  13              		.thumb
  14              		.syntax unified
  15              		.file	"hal_pal.c"
  16              		.text
  17              	.Ltext0:
  18              		.section	.gnu.lto_.profile.219ec5f3c8eda42c,"",%progbits
  19 0000 789C6361 		.ascii	"x\234ca```\001bF\006\015\031\000\000\314\000N"
  19      60606001 
  19      6246060D 
  19      190000CC 
  19      004E
  20              		.text
  21              		.section	.gnu.lto_.icf.219ec5f3c8eda42c,"",%progbits
  22 0000 789C6361 		.ascii	"x\234ca\200\000\021\006\004`fX\377\346\325RV\306\331"
  22      80001106 
  22      04606658 
  22      FFE6D552 
  22      56C6D9
  23 0013 4B676DE2 		.ascii	"Kgm\342dZ\276\360\320uN\006\000_\301\010\315"
  23      645ABEF0 
  23      D0754E06 
  23      005FC108 
  23      CD
  24              		.text
  25              		.section	.gnu.lto_.jmpfuncs.219ec5f3c8eda42c,"",%progbits
  26 0000 789C6361 		.ascii	"x\234ca\200\000%\006\004`f`dd\254gdbdd\256\257g\002"
  26      80002506 
  26      04606660 
  26      6464AC67 
  26      64626464 
  27 0018 538C6C10 		.ascii	"S\214l\020)\246JF\020\005\0009V\002\275"
  27      29A64A46 
  27      10050039 
  27      5602BD
  28              		.text
  29              		.section	.gnu.lto_.inline.219ec5f3c8eda42c,"",%progbits
  30 0000 789C6361 		.ascii	"x\234ca\200\200\267\014\010\300\314\300\300\311\301"
  30      8080B70C 
  30      08C0CCC0 
  30      C0C9C1
  31 000f C8CCC008 		.ascii	"\310\314\300\010b\001\011\007\020\241\300\301\366A\217"
  31      62010907 
  31      10A1C0C1 
  31      F6418F
  32 001e 816D813C 		.ascii	"\201m\201<\023\003\343\013v\026\010\011\"8\300L\016"
ARM GAS  /tmp/ccOHnDqM.s 			page 2


  32      1303E30B 
  32      76160809 
  32      2238C04C 
  32      0E
  33 002f 10210066 		.ascii	"\020!\000f\012\200\314`d\340\343ed\001\033\301\310\010"
  33      0A80CC60 
  33      64E0E365 
  33      64011BC1 
  33      C808
  34 0041 E6332B80 		.ascii	"\3463+\200\315\342f\272\300\217a\014P\014\305\000\226"
  34      CDE266BA 
  34      C08F610C 
  34      500CC500 
  34      96
  35 0052 05F21220 		.ascii	"\005\362\022 \226\002\023\003\363\016q\005\006\240\325"
  35      96021303 
  35      F30E7105 
  35      06A0D5
  36 0061 16205399 		.ascii	"\026 S\231\030\270\205\221\034\0061\221\023(A\234\273"
  36      18B88591 
  36      1C063191 
  36      1328419C 
  36      BB
  37 0072 80D64880 		.ascii	"\200\326H\200\214a\341\005zr\202\037\0102\000\000\316"
  37      8C61E105 
  37      7A72821F 
  37      08320000 
  37      CE
  38 0083 2D1F7E   		.ascii	"-\037~"
  39              		.text
  40              		.section	.gnu.lto_.pureconst.219ec5f3c8eda42c,"",%progbits
  41 0000 789C6361 		.ascii	"x\234ca```\007bf\006)F)&I\000\001\236\000_"
  41      60606007 
  41      62660629 
  41      46292649 
  41      00019E00 
  42              		.text
  43              		.section	.gnu.lto_palReadBus.219ec5f3c8eda42c,"",%progbits
  44 0000 789C8D90 		.ascii	"x\234\215\220\317KTQ\024\307\317\367\2367\357\275)\353"
  44      CF4B5451 
  44      14C7CFF7 
  44      9E37EFBD 
  44      29EB
  45 0012 1FC885E0 		.ascii	"\037\310\205\340B\\\324E\010\374\003\334\264+\354\017"
  45      425CD445 
  45      08FC03DC 
  45      B42BEC0F 
  46 0022 08478666 		.ascii	"\010G\206fhl\304!Zz\2337/r\023\272\310 \213\241\305"
  46      686CC421 
  46      5A7A9B37 
  46      2F7213BA 
  46      C8208BA1 
  47 0037 60963FFB 		.ascii	"`\226?\373\265p\025\006\005\202\205mZEb\341\242\225"
  47      B5701506 
  47      0582856D 
  47      5A4562E1 
  47      A295
ARM GAS  /tmp/ccOHnDqM.s 			page 3


  48 0049 33286DCA 		.ascii	"3(m\312\351\2347\023\014\256\274p\357\371q\317\371\234"
  48      E99C3713 
  48      0CAEBC70 
  48      EFF971CF 
  48      F99C
  49 005b 1F1EB5CE 		.ascii	"\037\036\265\316\025C4(\362\234\\0\301L\177\"\272\023"
  49      15433428 
  49      F29C5C30 
  49      C14C7F22 
  49      BA13
  50 006d 1A401517 		.ascii	"\032@\025\027\202&\015&qh\376\032lWV\037\363\201\211"
  50      82260D26 
  50      7168FE1A 
  50      6C57561F 
  50      F38189
  51 0080 25CC13B3 		.ascii	"%\314\023\263\276\365\350\307Y5\201\0361\347\334\227"
  51      BEF5E8C7 
  51      5935811E 
  51      31E7DC97 
  52 0090 A9A07FDE 		.ascii	"\251\240\177\336\271\262\333\251\355\216\317D\361\245"
  52      B9B2DBA9 
  52      ED8ECF44 
  52      F1A5
  53 009e 980D350D 		.ascii	"\230\0155\015\341\031\2721\217n-\261\200~\211\215\267"
  53      E119BA31 
  53      8F6E2DB1 
  53      807E898D 
  53      B7
  54 00af 1FDE65BE 		.ascii	"\037\336e\276\010\022\375\333\367\235\205\260\257\246"
  54      0812FDDB 
  54      F79D85B0 
  54      AFA6
  55 00bd 796E26EB 		.ascii	"yn&\353\32213\236\203;\363\304Ex\201>\015\337];zp\306"
  55      D231339E 
  55      833BF3C4 
  55      4578813E 
  55      0DDF5D3B 
  56 00d4 AF38393D 		.ascii	"\25789=SL\312\027\354\"|\210\\\031~\347\232\315\310"
  56      534CCA17 
  56      EC227C88 
  56      5C197EE7 
  56      9ACDC8
  57 00e7 B9B981FB 		.ascii	"\271\271\201\373\275i\031B\222X\322=O\236TJ\036\337"
  57      BD691942 
  57      9258D23D 
  57      4F9E544A 
  57      1EDF
  58 00f9 572DD027 		.ascii	"W-\320'$\355\217\366\345\352\254ucT\362\036\312\353"
  58      24ED8FF6 
  58      E5EAAC75 
  58      6354F21E 
  58      CAEB
  59 010b F50F4F59 		.ascii	"\365\017OY\231\021\263\224\234\2157>\007:('\015\377"
  59      9911B394 
  59      9C8D373E 
  59      073A2827 
  59      0DFF
ARM GAS  /tmp/ccOHnDqM.s 			page 4


  60 011d FEB879AF 		.ascii	"\376\270y\257\253\212'\2109\210\330`I'\023\177\355g"
  60      AB8A2788 
  60      3988D860 
  60      4927137F 
  60      ED67
  61 012f 7939B0E7 		.ascii	"y9\260\347c\016\261\214*\216\2641\302\012,\355ac\035"
  61      630EB18C 
  61      2A8EB431 
  61      C20A2CED 
  61      61631D
  62 0142 2D9ED7C9 		.ascii	"-\236\327\311\013\217\363\322R\020\253m\336\327F\343"
  62      0B8FF3D2 
  62      5210AB6D 
  62      DED746E3 
  63 0152 7D975D72 		.ascii	"}\227]r\025\3718\205\265\004\251C\342e\202,\377G\246"
  63      15F93885 
  63      B504A943 
  63      E265822C 
  63      FF47A6
  64 0165 4ED2D369 		.ascii	"N\322\323i\274J\000\311\266^'\200\250\341\267\000\332"
  64      BC4A00C9 
  64      B65E2780 
  64      A8E1B700 
  64      DA
  65 0176 96603A99 		.ascii	"\226`:\231\301I\230\006o\022&+\363m\213\371\247\315"
  65      C1499806 
  65      6F12262B 
  65      F36D8BF9 
  65      A7CD
  66 0188 0C136C40 		.ascii	"\014\023l@\277`\332\016\335\306\276\014 ;\226&\006l"
  66      BF60DA0E 
  66      DDC6BE0C 
  66      203B9626 
  66      066C
  67 019a AE3896B5 		.ascii	"\2568\226\265\245l!?fo\027'n\344o^\267C\271|&\177\371"
  67      A56C213F 
  67      666F1727 
  67      6EE46F5E 
  67      B743B97C 
  68 01b1 AA2D966C 		.ascii	"\252-\226ln\244`K\023\243*\257\215\217\024.\214\022"
  68      6EA4604B 
  68      13A32AAF 
  68      8D8F142E 
  68      8C12
  69 01c3 676E95FE 		.ascii	"gn\225\376\001\347\227\306!"
  69      01E797C6 
  69      21
  70              		.text
  71              		.section	.gnu.lto_palWriteBus.219ec5f3c8eda42c,"",%progbits
  72 0000 789C8D52 		.ascii	"x\234\215RKk\023Q\024\276\337\334\311<\222\211\272\267"
  72      4B6B1351 
  72      14BEDFDC 
  72      C93C9289 
  72      BAB7
  73 0012 8B8242E8 		.ascii	"\213\202B\350B\307\200\013\027\356\004\267\202\376\000"
  73      42C7800B 
  73      17EE04B7 
ARM GAS  /tmp/ccOHnDqM.s 			page 5


  73      82FE00
  74 0021 696A30C1 		.ascii	"ij0\301\324H\243\270\354\230d|\340\306\215\021\244!"
  74      D448A3B8 
  74      EC98647C 
  74      E0C68D11 
  74      A421
  75 0033 2094366A 		.ascii	" \2246j\037\361U\323\215!\"\005\361A\025t%-Z\273p!i"
  75      1FF155D3 
  75      8D212205 
  75      F1411574 
  75      252D5ABB 
  76 004a 5574A189 		.ascii	"Ut\241\211\347\334\031\245t\325\013s\356=\347\236\357"
  76      E7DC19A5 
  76      74D50B73 
  76      EE3DE79E 
  76      EF
  77 005b 3BE77C73 		.ascii	";\347|su\021\254\335R\210\203\264\357\244\017R@\273"
  77      7511ACDD 
  77      528883B4 
  77      EFA40F52 
  77      40BB
  78 006d F64A880B 		.ascii	"\366J\210\013\226\006\360\301\263 F5\214\342\207\366"
  78      9606F0C1 
  78      B3204635 
  78      8CE287F6 
  79 007d 4743FBD2 		.ascii	"GC\373\322jS\033\230\360h-?\373\272\317\233l\301'xO"
  79      6A531B98 
  79      F0682D3F 
  79      FBBACF9B 
  79      6CC12778 
  80 0092 0BA83081 		.ascii	"\013\2500\201\001\312Z,\317\216\311\357\232/\001\235"
  80      01CA5A2C 
  80      CF8EC9EF 
  80      9A2F019D 
  81 00a2 DCB59737 		.ascii	"\334\265\2277?mcWC?\271\376\342\215\213R\356\207\240"
  81      3F6D6357 
  81      433FB9FE 
  81      E28D8B52 
  81      EE87A0
  82 00b5 F387A5E5 		.ascii	"\363\207\245\345\272\225\030\367\274\242\347};\341\331"
  82      BA9518F7 
  82      BCA2E77D 
  82      3BE1D9
  83 00c4 BE94B80D 		.ascii	"\276\224\270\015I|\250\243\017\223\350\023\024\022\270"
  83      497CA8A3 
  83      0F93E813 
  83      1412B8
  84 00d3 83046557 		.ascii	"\203\004eW\273\267\026b\362\200B6kcu#D\316\245\031\251"
  84      BBB71662 
  84      F2804236 
  84      6B637523 
  84      44CEA519 
  85 00e8 E3EE66A4 		.ascii	"\343\356f\244.0\205\004\247\177lt\257\307\21527\336"
  85      2E308504 
  85      A77F6C74 
  85      AFC78D32 
  85      37DE
ARM GAS  /tmp/ccOHnDqM.s 			page 6


  86 00fa 7FE55FC7 		.ascii	"\177\345_\307\230\206\001\332g\216\266\274^\257\344"
  86      988601DA 
  86      678EB6BC 
  86      5EAFE4
  87 0109 796F934F 		.ascii	"yo\223Ovm\247\301\251\234$xD\007\343#t4\0146&\033\213"
  87      766DA7C1 
  87      A99C2478 
  87      4407E323 
  87      74340C36 
  88 0120 8C69B389 		.ascii	"\214i\263\211\262\033c\343\260\211\263\021\242C\324"
  88      B21B63E3 
  88      B089B311 
  88      A243D4
  89 012f ACDC9AA6 		.ascii	"\254\334\232\246\361.WQ\234o,%\271XIJ\352\245\342\267"
  89      F12E5751 
  89      9C6F2C25 
  89      B958494A 
  89      EAA5E2B7 
  90 0143 5F9BAC87 		.ascii	"_\233\254\207T\223\374\\x~\331\251\241JJZ%\322h\206"
  90      5493FC5C 
  90      787ED9A9 
  90      A14A4A5A 
  90      25D26886 
  91 0157 5AE7F8F8 		.ascii	"Z\347\370\370Jq\332t\367\370\322\306,j\350*\215\321"
  91      4A71DA74 
  91      F7F8D2C6 
  91      2C6AE82A 
  91      8DD1
  92 0169 802B88B1 		.ascii	"\200+\210\261k\004|\221\022\015\311\025\020\370\306"
  92      6B047C91 
  92      120DC915 
  92      10F8C6
  93 0178 560875DC 		.ascii	"V\010u\334S\204<;\356+\302\322\357\220\320T\234\306"
  93      53843C3B 
  93      EE2BC2D2 
  93      EF90D054 
  93      9CC6
  94 018a 464E6B2B 		.ascii	"FNk+\234Q<P\234J\327\207\001g%\344\264\003\2167\235"
  94      9C513C50 
  94      9C4AD787 
  94      016725E4 
  94      B4038E37 
  95 019f 17D518CF 		.ascii	"\027\325\030\317mb\007\036\021\001\245t\302\224\250"
  95      6D62071E 
  95      1101A574 
  95      C294A8
  96 01ae AA6C6FEC 		.ascii	"\252lo\354$F\243\005\235\374\317rT\324\342\320\2570"
  96      2446A305 
  96      9DFCCF72 
  96      54D4E2D0 
  96      AF30
  97 01c0 14575887 		.ascii	"\024WX\207B\355\212\352w\243\300\366f\201\011-1\027"
  97      42ED8AEA 
  97      77A3C0F6 
  97      6681092D 
  97      3117
  98 01d2 F6FE7E7D 		.ascii	"\366\376~}\375\251\343Nye\272p\360X\265OO\203\257\256"
ARM GAS  /tmp/ccOHnDqM.s 			page 7


  98      FDA9E34E 
  98      7965BA70 
  98      F058B54F 
  98      4F83AFAE 
  99 01e6 AE7C7E17 		.ascii	"\256|~\027\011\257\342h\302\355j:\0176\017\227J\212"
  99      09AFE268 
  99      C2ED6A3A 
  99      0F360F97 
  99      4A8A
 100 01f8 2F28B67A 		.ascii	"/(\266z\207\271\232z\366\035R\222\3764\215\236t3\371"
 100      87B99A7A 
 100      F61D5292 
 100      FE348D9E 
 100      7433F9
 101 020b E1B45B48 		.ascii	"\341\264[H\347\262\303\356\371\374\310\251\354\351\223"
 101      E7B2C3EE 
 101      F9FCC8A9 
 101      ECE993
 102 021a EEA14C36 		.ascii	"\356\241L6\225=r\314\315\027\334\314`\316-\214\014\361"
 102      953D72CC 
 102      CD17DCCC 
 102      60CE2D8C 
 102      0CF1
 103 022c 7EFCCC60 		.ascii	"~\374\314`n\357\220\220\251s\005=\225=[\370\013\312"
 103      6EEF9090 
 103      A973053D 
 103      953D5BF8 
 103      0BCA
 104 023e A103E9   		.ascii	"\241\003\351"
 105              		.text
 106              		.section	.gnu.lto_palSetBusMode.219ec5f3c8eda42c,"",%progbits
 107 0000 789C8D90 		.ascii	"x\234\215\220;h\223Q\024\307\317\377\236/\337\227\330"
 107      3B689351 
 107      14C7CFFF 
 107      9E2FDF97 
 107      D8
 108 0011 56DCDBA1 		.ascii	"V\334\333\241\340\020:\350g\300\301\301\315Ap\021\354"
 108      E0103AE8 
 108      67C0C1C1 
 108      CD417011 
 108      EC
 109 0022 E2267D04 		.ascii	"\342&}\004\023L\2144\210c\256I?\255K)\210-\210\322)"
 109      134C8C34 
 109      8863AE49 
 109      3FAD4B29 
 109      882D88D2 
 110 0037 B4F5D187 		.ascii	"\264\365\321\207Q!\202\030\272\010\212Jg)\026\225\""
 110      51218218 
 110      BA088A4A 
 110      67291695 
 110      22
 111 0048 2292E0A3 		.ascii	"\"\222\340\243 \264\361\234\033\035t\352\201{\317\271"
 111      20B4F19C 
 111      1B1D74EA 
 111      817BCFB9 
 112 0058 97F3FF9D 		.ascii	"\227\363\377\235\207G\035;a\210\216\212\357\225\003"
 112      87471D3B 
ARM GAS  /tmp/ccOHnDqM.s 			page 8


 112      61888E8A 
 112      EF9503
 113 0067 2698A9D7 		.ascii	"&\230\251\327D\227\343\006\320\300\306A%\203\022~\230"
 113      4497E306 
 113      D0C0C641 
 113      2583127E 
 113      98
 114 0078 6D83D5AB 		.ascii	"m\203\325\253\233u30g\3056\252\277\016\331\371\006\""
 114      9B753330 
 114      67C536AA 
 114      BF0ED9F9 
 114      0622
 115 008a 266A9B0E 		.ascii	"&j\233\016\012s\030\220\254\265\361\345[\374\335D\014"
 115      0A731890 
 115      ACB5F1E5 
 115      5BFCDD44 
 115      0C
 116 009b 78F26CBD 		.ascii	"x\362l\275\272\371a\257>\015\372\345\031\255\315\\a"
 116      BAF961AF 
 116      3E0DFAE5 
 116      19ADCD5C 
 116      61
 117 00ac 3E0C9278 		.ascii	">\014\222x\375\335\306B<Y\265\266l\355\326\250MD\314"
 117      FDDDC642 
 117      3C59B5B6 
 117      6CEDD6A8 
 117      4D44CC
 118 00bf B803161E 		.ascii	"\270\003\026\036\026\320\207y\364\221|\021\356\")\331"
 118      16D08779 
 118      F4917C11 
 118      EE2229D9 
 119 00cf DF6AD5EB 		.ascii	"\337j\325\353]|\304)_N>=\375GXK\253\320\303\275\377"
 119      5D7CC429 
 119      5F4E3E3D 
 119      FD47584B 
 119      ABD0C3BD 
 120 00e4 851EE13E 		.ascii	"\205\036\341>\222\232\375~e\347F\217?\256}\367_\373"
 120      929AFD7E 
 120      65E7468F 
 120      3FAE7DF7 
 120      5FFB
 121 00f6 DB3016E1 		.ascii	"\3330\026\341C\374\322\251\206m\267+\326>K}\335\237"
 121      43FCD2A9 
 121      866DB72B 
 121      D63E4B7D 
 121      DD9F
 122 0108 90B9A51A 		.ascii	"\220\271\245\032\213<\346\311\345\307\344\012|\215\002"
 122      8B3CE6C9 
 122      E5C7E40A 
 122      7C8D02
 123 0117 381C3545 		.ascii	"8\0345E\254\253i\031\243\2367Q~\322\372\231R\\\205Y"
 123      ACAB6919 
 123      A39E3751 
 123      7ED2FA99 
 123      525C8559 
 124 012b AA4D47AB 		.ascii	"\252MG\253o\002\035\230]\253[\317_Lt\317\342\266\254"
 124      6F021D98 
ARM GAS  /tmp/ccOHnDqM.s 			page 9


 124      5DAB5BCF 
 124      5F4C74CF 
 124      E2B6AC
 125 013e 2A5E9125 		.ascii	"*^\221%,Is\372_\375X^\014\302\003\021'\260\214Y\354"
 125      2C4973FA 
 125      5FFD585E 
 125      0CC20311 
 125      27B08C59 
 126 0153 B8256205 		.ascii	"\270%b\005!)\021\035\236\267\033\300\036<p\000\235\006"
 126      2129111D 
 126      9EB71BC0 
 126      1E3C7000 
 126      9D06
 127 0165 B57F01B1 		.ascii	"\265\177\001\261\335\000\272\360\320\001\334Z\0369@"
 127      DD00BAF0 
 127      D001DC5A 
 127      1E3940
 128 0174 A5E97700 		.ascii	"\245\351w\000\332\204`\350\023\334\207\352\352\365/"
 128      DA8460E8 
 128      13DC87EA 
 128      EAF52F
 129 0183 6F83D2B6 		.ascii	"o\203\322\266\235\260v_\304\335m-\214\307(\221\314\357"
 129      9DB0765F 
 129      C4DD6D2D 
 129      8CC72891 
 129      CCEF
 130 0195 0441C43D 		.ascii	"\004A\304=\364\031\345\306\372q\247QkJ\226\254KJ\244"
 130      F419E5C6 
 130      FA71A751 
 130      6B4A96AC 
 130      4B4AA4
 131 01a8 C24C219F 		.ascii	"\302L!\237\016\213\351\\6\037^*\214\235\313\236?\033"
 131      0E8BE95C 
 131      361F5E2A 
 131      8C9DCB9E 
 131      3F1B
 132 01ba 1ECB6487 		.ascii	"\036\313d\207\263'\007\303B1\314\014\345\302\342\330"
 132      B32707C3 
 132      4231CC0C 
 132      E5C2E2D8 
 133 01ca 88FA3317 		.ascii	"\210\3723\027\206r\007G\210\207/\026\275|a4\375\033"
 133      86720747 
 133      88872F16 
 133      BD7C6134 
 133      FD1B
 134 01dc 829FC9EB 		.ascii	"\202\237\311\353"
 135              		.text
 136              		.section	.gnu.lto_.symbol_nodes.219ec5f3c8eda42c,"",%progbits
 137 0000 789C6361 		.ascii	"x\234ca``\010\004b\006\246K\214\365\014\014\023\316"
 137      60600804 
 137      6206A64B 
 137      8CF50C0C 
 137      13CE
 138 0012 313000A9 		.ascii	"10\000\251]\015\212@\221\313\214\365\214\250\"W\030"
 138      5D0D8A40 
 138      91CB8CF5 
 138      8CA82257 
ARM GAS  /tmp/ccOHnDqM.s 			page 10


 138      18
 139 0023 EB995044 		.ascii	"\353\231PD\030\2573\3263\203E\030\030\032\032\024\030"
 139      18AF33D6 
 139      33834518 
 139      181A1A14 
 139      18
 140 0034 18989998 		.ascii	"\030\230\231\230\031\226<\374\307\310\000\000X\000\024"
 140      19963CFC 
 140      C7C80000 
 140      580014
 141 0043 65       		.ascii	"e"
 142              		.text
 143              		.section	.gnu.lto_.refs.219ec5f3c8eda42c,"",%progbits
 144 0000 789C6361 		.ascii	"x\234ca```\004b\006\000\0002\000\006"
 144      60606004 
 144      62060000 
 144      320006
 145              		.text
 146              		.section	.gnu.lto_.decls.219ec5f3c8eda42c,"",%progbits
 147 0000 789CA558 		.ascii	"x\234\245XyP\023Y\032\357\327/\301\030\002X\350\316"
 147      79501359 
 147      1AEFD72F 
 147      C1180258 
 147      E8CE
 148 0012 58B55865 		.ascii	"X\265XeM\241\262U3f\321YK\367/W\361\332\325\305\212"
 148      4DA1B255 
 148      3366D159 
 148      4BF72F57 
 148      F1DAD5C5 
 149 0027 CE4C6DED 		.ascii	"\316Lm\355Ve#\004I\015\207E\302N\315_\323@\024\320e"
 149      56652304 
 149      490D8745 
 149      C24ECD5F 
 149      D34014D0 
 150 003c 04641050 		.ascii	"\004d\020PFEQNE\024\021\361\310\250\343\201 xp{\204"
 150      4645514E 
 150      451411F1 
 150      C8A8E381 
 150      2078707B 
 151 0051 05CFD191 		.ascii	"\005\317\321\221KA\020\331\357\275\327\235\0161q\255"
 151      4B4110D9 
 151      EFBDD79D 
 151      0E3171AD 
 152 0061 DA2E5E77 		.ascii	"\332.^w\177\257\277\343\367\375\276\357\275\356\240"
 152      7FAFBFE3 
 152      F7FDBEEF 
 152      BDEEA0
 153 0070 E0D8D1ED 		.ascii	"\340\330\321\355\317q\337\360\034' \216\033\207C\001"
 153      CF71DFF0 
 153      1C27208E 
 153      1B874301 
 154 0080 735F72F2 		.ascii	"s_r\362Ad5<\363\203\3611\214\031\210{\347 \3175p\005"
 154      4164353C 
 154      F383F131 
 154      8C19887B 
 154      E720CF35 
 155 0096 57DC3418 		.ascii	"W\3344\030\3250&\301\334\000\\\347\300\010\205\341\005"
ARM GAS  /tmp/ccOHnDqM.s 			page 11


 155      D53026C1 
 155      DC005CE7 
 155      C00885E1 
 155      05
 156 00a7 F22BB8F6 		.ascii	"\362+\270\366\3038\003cL\364\315\301|7\\\306a\360\210"
 156      C3380363 
 156      4CF4CDC1 
 156      7C375CC6 
 156      61F088
 157 00ba 8AD41FB9 		.ascii	"\212\324\037\271~\352\022\213`\360\025\361I\261H\034"
 157      7EEA128B 
 157      60F015F1 
 157      49B1481C 
 158 00ca 12CF5DAC 		.ascii	"\022\317]\25411^\233\030S)\306#qH\274\036\030-l\212"
 158      31315E9B 
 158      185329C6 
 158      237148BC 
 158      1E182D6C 
 159 00df FA26D760 		.ascii	"\372&\327`\227\230\037{\210\351\357!\277j1\356<\220"
 159      97981F7B 
 159      88E9EF21 
 159      BF6A31EE 
 159      3C90
 160 00f1 03606097 		.ascii	"\003``\227\230<'\363HB\375\321%\336\030\217\316\334"
 160      983C27F3 
 160      4842FDD1 
 160      25DE188F 
 160      CEDC
 161 0103 1ABDAEE8 		.ascii	"\032\275\256\350D\355\010t\321\024:\213\020;#:86\250"
 161      44ED0874 
 161      D1143A8B 
 161      103B233A 
 161      3836A8
 162 0116 08373C27 		.ascii	"\0107<'\372\222\246\220\244(\312\274t\3139\234\321?"
 162      FA92A690 
 162      A428CABC 
 162      74CB399C 
 162      D13F
 163 0128 D19ED69D 		.ascii	"\321\236\326\235\036\324\211\354\035\211FL\026\2159"
 163      1ED489EC 
 163      1D89464C 
 163      168D39
 164 0137 24CABC1C 		.ascii	"$\312\274\034\0001Q2p\362\307\340\212\356d\314\216\234"
 164      00315132 
 164      70F2C7E0 
 164      8AEE64CC 
 164      8E9C
 165 0149 909474D7 		.ascii	"\220\224t\327\315\323c*\014,\301\375\375\327E\313\347"
 165      CDD3632A 
 165      0C2CC1FD 
 165      FDD745CB 
 165      E7
 166 015a 960970A4 		.ascii	"\226\011p\244\013\002?Cf\346\206\265b7\036\344\221\277"
 166      0B023F43 
 166      66E686B5 
 166      62371EE4 
 166      91BF
ARM GAS  /tmp/ccOHnDqM.s 			page 12


 167 016c 1A2940EC 		.ascii	"\032)@\354k\310\353\366\005q\232\032\315\0041\257v\260"
 167      6BC8EBF6 
 167      05719A1A 
 167      CD0431AF 
 167      76B0
 168 017e 4EC99EAA 		.ascii	"N\311\236\252@\034?X\221\252\302\037Q\217w\257\024\227"
 168      401C3F58 
 168      91AAC21F 
 168      518F77AF 
 168      1497
 169 0190 12C3396A 		.ascii	"\022\3039jDp\371\301\324\221g5\257}\330\024\321\270"
 169      4470F9C1 
 169      D4916735 
 169      AF7DD814 
 169      D1B8
 170 01a2 B9BDFFC0 		.ascii	"\271\275\377\300$\374[r\317_J;V\351\215\202\324\007"
 170      24FC5B72 
 170      CF5F4A3B 
 170      56E98D82 
 170      D407
 171 01b4 09047B7E 		.ascii	"\011\004{~\241\246F\020\246\240J\244F\025\010\243b4"
 171      A1A64610 
 171      A6A04AA4 
 171      461508A3 
 171      6234
 172 01c6 97009FA3 		.ascii	"\227\000\237\243\206s\212 $\012\351I\202\377\025_\016"
 172      86738A20 
 172      240AE949 
 172      82FF155F 
 172      0E
 173 01d7 95A20054 		.ascii	"\225\242\000T\202\0028t\024\005\021\267D\021\035\201"
 173      82023874 
 173      140511B7 
 173      44111D81 
 174 01e7 C9C33009 		.ascii	"\311\3030\011!\212\017d\024x\341\277\323\020\271\307"
 174      218A0F64 
 174      1478E1BF 
 174      D310B9C7 
 175 01f7 4B86D48E 		.ascii	"K\206\324\216\020\271\311\201e$D\025\2048&\207\200\210"
 175      10B9C981 
 175      65244415 
 175      84382687 
 175      8088
 176 0209 1E631C77 		.ascii	"\036c\034w\037\303z\361U\206\017\376\036\321 \331\267"
 176      1FC37AF1 
 176      55860FFE 
 176      1ED120D9 
 176      B7
 177 021a 770E7823 		.ascii	"w\016x#u\220{\017'\335x`p\206\352\276;\260\031\230G"
 177      75907B0F 
 177      27DD7860 
 177      7086EABE 
 177      3BB01998 
 178 022f D580E784 		.ascii	"\325\200\347\204\214\247\212\342\201(\315}\375\331\276"
 178      8CA78AE2 
 178      8128CD7D 
 178      FDD9BE
ARM GAS  /tmp/ccOHnDqM.s 			page 13


 179 023e B8874641 		.ascii	"\270\207FA\273\006\356>\231\314h\017r*\212?+\312\360"
 179      BB06EE3E 
 179      99CC680F 
 179      722A8A3F 
 179      2BCAF0
 180 0251 BE9E4C1E 		.ascii	"\276\236L\036\377\302T\233\016\2454a5\300I\372\340\204"
 180      FFC2549B 
 180      0EA53461 
 180      35C049FA 
 180      E084
 181 0263 2AC6B3EC 		.ascii	"*\306\263\354>\270\227\331\377j}`\367f\276\247\203X"
 181      3EB897D9 
 181      FF6A7D60 
 181      F766BEA7 
 181      8358
 182 0275 3E7CFF84 		.ascii	">|\377\204\022\277d\317\322\262\316\237W\340\021&\354"
 182      12BF64CF 
 182      D2B2CE9F 
 182      57E01126 
 182      EC
 183 0286 CFCD4856 		.ascii	"\317\315HV\342q&\024g\246W\250q\002\353\255\233\275"
 183      E2712614 
 183      67A657A8 
 183      7102EBAD 
 183      9BBD
 184 0298 F5F9DEAC 		.ascii	"\365\371\336\254g\246\200\370\363\370\220\315\217y\344"
 184      67A680F8 
 184      F3F890CD 
 184      8F79E4
 185 02a7 41CC2969 		.ascii	"A\314)i\035\231\214\223\230j\341\310h/i\232\331\244"
 185      1D998C93 
 185      986AE1C8 
 185      682F699A 
 185      D9A4
 186 02b9 69B053CB 		.ascii	"i\260S\313\314f-s\356\332\325\203\032\234J\225\371\003"
 186      CC662D73 
 186      EEDAD583 
 186      1A9C4A95 
 186      F903
 187 02cb B6C4CD48 		.ascii	"\266\304\315H\342\032\362S\027Ar\027!\217\237Ir\327"
 187      E21AF253 
 187      17417217 
 187      218F9F49 
 187      72D7
 188 02dd 20B9D962 		.ascii	" \271\331brW`\362\262\203\353\374\347\177N\022\004\204"
 188      725760F2 
 188      B283EBFC 
 188      E77F4E12 
 188      0484
 189 02ef EA80EAAB 		.ascii	"\352\200\352\2532\325\263E\246\317ft>T\343,\026\243"
 189      32D5B345 
 189      A6CF6674 
 189      3E54E32C 
 189      16A3
 190 0301 B8B7BECC 		.ascii	"\270\267\276\314\317c\214\353\036c\344&\317\240\355"
 190      CF638CEB 
 190      1E63E426 
ARM GAS  /tmp/ccOHnDqM.s 			page 14


 190      CFA0ED
 191 0310 D50031EA 		.ascii	"\325\0001\352\345\030uR9\023\207\013N\253p>\015\242"
 191      E5187552 
 191      3913870B 
 191      4EAB703E 
 191      0DA2
 192 0322 28CF6ADF 		.ascii	"(\317j\337\343\205\002\247\006\006\025\2200\366\241"
 192      E38502A7 
 192      06061590 
 192      30F6A1
 193 0331 AD513B92 		.ascii	"\255Q;\222\267\010M\377\244\346\215`~\003M\225\243j"
 193      B7084DFF 
 193      A4E68D60 
 193      7E034D95 
 193      A36A
 194 0343 03C05330 		.ascii	"\003\300S0\234\270\014\272`m\220L\234\\V\216jC@t\013"
 194      9CB80CBA 
 194      606D904C 
 194      9C5C568E 
 194      6A434074 
 195 0358 E035A140 		.ascii	"\3405\241@t\023\005\322\345L\275\333*\267k$\327\227"
 195      741305D2 
 195      E54CBDDB 
 195      2AB76B24 
 195      D797
 196 036a DCBABE48 		.ascii	"\334\272\276H\234\260<l{\032yAP\021%N\314\201\355\013"
 196      9CB03C6C 
 196      7B1A7941 
 196      5011254E 
 196      CC81ED0B 
 197 037e 8A82824B 		.ascii	"\212\202\202K\307ThZ``P&\005A\030\2658\203\270\215\246"
 197      C754685A 
 197      60605026 
 197      054118B5 
 197      3883B88D 
 198 0393 5110AD00 		.ascii	"Q\020\255\000\242\005@4\313 \300oU#N\020l\211,\374\005"
 198      A2054034 
 198      CB20C06F 
 198      55234E10 
 198      6C892CFC 
 199 03a8 8041D41D 		.ascii	"\200A\324\035\215)g\310 \3477\006\344\0126+\246\253"
 199      8D2967C8 
 199      20E73706 
 199      E40A362B 
 199      A6AB
 200 03ba F5BC676D 		.ascii	"\365\274gm\206y\327v_\202\031t&bF/\372w\265\370M\003"
 200      8679D776 
 200      5F821974 
 200      2662462F 
 200      FA77B5F8 
 201 03d0 BC099EF1 		.ascii	"\274\011\236\361r\023\300:u\257?\353^\353\205\346*\015"
 201      7213C03A 
 201      75AF3FEB 
 201      5EEB85E6 
 201      2A0D
 202 03e2 DEC7DAF5 		.ascii	"\336\307\332\365\301\265#\211*\\\310\204\037\033\016"
 202      C1B52389 
ARM GAS  /tmp/ccOHnDqM.s 			page 15


 202      2A5CC884 
 202      1F1B0E
 203 03f1 5F53E262 		.ascii	"_S\342b&\324\226\036\276\311\343#L(\253\351\335\206"
 203      26D4961E 
 203      BEC9E323 
 203      4C28ABE9 
 203      DD86
 204 0403 703513FA 		.ascii	"p5\023\372\222\217X\360Yvo\315Oo\344\231\357OA\314N"
 204      928F58F0 
 204      59766FCD 
 204      4F6FE499 
 204      EF4F41CC 
 205 0418 DD6D57B0 		.ascii	"\335mW\260\205b'K\243\262\245\250V\205/R]\237]\331G"
 205      8562274B 
 205      A3B2A5A8 
 205      56852F52 
 205      5D9F5DD9 
 206 042d 6F439390 		.ascii	"oC\223\220c*9\005\005\006\026\010\326$\301\266S\"\347"
 206      632A3905 
 206      05061608 
 206      D624C1B6 
 206      5322E7
 207 0440 0C90D309 		.ascii	"\014\220\323\011\344<\006J\035\344\264#'.\255\300yu"
 207      E43C064A 
 207      1DE4B423 
 207      272EADC0 
 207      7975
 208 0452 23CFD4DB 		.ascii	"#\317\324\333 \341\237\\\325\317MP\007\357\343\327\235"
 208      20E19F5C 
 208      D5CF4D50 
 208      07EFE3D7 
 208      9D
 209 0463 BCDF7755 		.ascii	"\274\337wU\327\272h\237m\324\010\351\006\252\373\037"
 209      D7BA689F 
 209      6DD408E9 
 209      06AAFB1F 
 210 0473 57DD53AE 		.ascii	"W\335S\256\256O\312\3126\3678J\221\334\345\002+X\027"
 210      AE4FCACA 
 210      36F7384A 
 210      91DCE502 
 210      2B5817
 211 0486 68D8E9C3 		.ascii	"h\330\351\303\307b\227?\207\006{\0005\373\025\3063\030"
 211      C762973F 
 211      87067B00 
 211      35FB15C6 
 211      3318
 212 0498 4F6174C3 		.ascii	"Oat\303x\002\243\007\306#\030\277\300x\001\343\241\243"
 212      7802A307 
 212      C62318BF 
 212      C07801E3 
 212      A1A3
 213 04aa 0909801C 		.ascii	"\011\011\200\034\031@\207{\336\030\000\246\235%k\337"
 213      1940877B 
 213      DE1800A6 
 213      9D256BDF 
 214 04ba 71D52E7B 		.ascii	"q\325.{G\373\224\254}\326U\273\326\225\211LY\371\256"
 214      47FB94AC 
ARM GAS  /tmp/ccOHnDqM.s 			page 16


 214      7DD655BB 
 214      D695894C 
 214      59F9AE
 215 04cd 7BD74EED 		.ascii	"{\327N\355=z]C\332\373\361\304%\311\034e8\367\302=\267"
 215      3D7A5D43 
 215      DAFBF1C4 
 215      25C91C65 
 215      38F7C23D 
 216 04e2 D5720679 		.ascii	"\325r\006yZ\216{\332=H\246\015\275hk\030>\256\304W\330"
 216      5A8E7BDA 
 216      3D48A60D 
 216      BD686B18 
 216      3EAEC457 
 217 04f7 AED87D75 		.ascii	"\256\330}u\244\027\243\240\251\014\320\215FD\000\365"
 217      A417A3A0 
 217      A90CD08D 
 217      464400F5 
 218 0507 8375AFBC 		.ascii	"\203u\257\274\325\021|\036j\207\372\240d\377O\371\000"
 218      D5117C1E 
 218      6A87FAA0 
 218      64FF4FF9 
 218      00
 219 0518 4FC3A5B6 		.ascii	"O\303\245\266\237T\232\255\362k\226\306\227\227\363"
 219      9F549AAD 
 219      F26B96C6 
 219      9797F3
 220 0527 00D28848 		.ascii	"\000\322\210H@\271:5\347\221\017nf\3403\357\214\345"
 220      40B93A35 
 220      E7910F6E 
 220      66E033EF 
 220      8CE5
 221 0539 02780D03 		.ascii	"\002x\015\003\177+;\200\200\177\005\352\2032x\260\206"
 221      7F2B3B80 
 221      807F05EA 
 221      833278B0 
 221      86
 222 054a 8B27EFE8 		.ascii	"\213'\357\350%`\236\020`\364qV;b\013YCv\367\332\366"
 222      25609E10 
 222      60F47156 
 222      3B620B59 
 222      4376F7DA 
 223 055f 0C3F7121 		.ascii	"\014?q!\223\307\203;:\356\373b;?\341\303(\364\335\017"
 223      93C7833B 
 223      3AEEFB62 
 223      3B3FE1C3 
 223      28F4DD0F 
 224 0573 A350F696 		.ascii	"\243P\366\226{\326\324x\013\341G\014nNW\311\260\302"
 224      7BD6D478 
 224      0BE1470C 
 224      6E4E57C9 
 224      B0C2
 225 0585 E317C55B 		.ascii	"\343\027\305[@\022*\276\201Far\304\361\006j\337\271"
 225      40122ABE 
 225      81466172 
 225      C4F1066A 
 225      DFB9
 226 0597 E01C7903 		.ascii	"\340\034y\003\215Aq\337\310\231\205\262\027\220\262"
ARM GAS  /tmp/ccOHnDqM.s 			page 17


 226      8D4171DF 
 226      C89985B2 
 226      1790B2
 227 05a6 A3357F9B 		.ascii	"\2435\177\2337\012\224_:\003y\377\310<\264\205\264\003"
 227      370A945F 
 227      3A0379FF 
 227      C83CB485 
 227      B403
 228 05b8 B1780D16 		.ascii	"\261x\015\026\011\274\3736d{\362\351:\332;\204\270\032"
 228      09BCFB36 
 228      647BF2E9 
 228      3ADA3B84 
 228      B81A
 229 05ca 5765D737 		.ascii	"We\3277\224X\377ax>D\375\020mR\374$>\010\011| J\204"
 229      9458FF61 
 229      783E44FD 
 229      106D52FC 
 229      243E0809 
 230 05e2 313EE12D 		.ascii	"1>\341-\325\306\334\223\317\241r\267\356K\235\336RU"
 230      D5C6DC93 
 230      CFA172B7 
 230      EE4B9DDE 
 230      5255
 231 05f4 75744980 		.ascii	"utI\200\222\313\216\377\272x`\020\343FL\231,x\331V\200"
 231      92CB8EFF 
 231      BA786010 
 231      E3464C99 
 231      2C78D956 
 232 0609 1C5D3B50 		.ascii	"\034];PG\273v\0138\266\362\016z\210\013\017\250\321"
 232      47BB760B 
 232      38B6F20E 
 232      7A880B0F 
 232      A8D1
 233 061b 6600FB3E 		.ascii	"f\000\373>\340\020\357`w\375\035\315\204\256\334\302"
 233      E010EF60 
 233      77FD1DCD 
 233      84AEDCC2 
 234 062b 3B776532 		.ascii	";we2\257\221\220Y\213\354\274\202gsh\203\202\314\265"
 234      AF919059 
 234      8BECBC82 
 234      67736883 
 234      82CCB5
 235 063e 9CBBFEC2 		.ascii	"\234\273\376\302{z\266\370>\235\251\240\331\313\306"
 235      7B7AB6F8 
 235      3E9DA9A0 
 235      D9CBC6
 236 064d A9FC7438 		.ascii	"\251\374t8\247\360\012\346\341bGE\217\357'{\205\275"
 236      A7F00AE6 
 236      E1624745 
 236      8FEF277B 
 236      85BD
 237 065f 1582BDF3 		.ascii	"\025\202\275\363^H\327~(^\202 ,\246\212\250H.9\334\222"
 237      5E48D77E 
 237      285E8220 
 237      2CA68AA8 
 237      482E39DC 
 238 0674 CB217839 		.ascii	"\313!x9ph+\377\011\330\036\312I\272\346\215\223\025"
ARM GAS  /tmp/ccOHnDqM.s 			page 18


 238      70682BFF 
 238      09D81ECA 
 238      49BAE68D 
 238      9315
 239 0686 B4DDCA8F 		.ascii	"\264\335\312\217\247\014\373P($\036\203RS;Z\246v\300"
 239      A70CFB50 
 239      28241E83 
 239      52533B5A 
 239      A676C0
 240 0699 FB374F27 		.ascii	"\3737O'\273S\252&9\303\373\362#'t\337Sti\022\272\264"
 240      BB53AA26 
 240      39C3FBF2 
 240      232774DF 
 240      53746912 
 241 06af F1825C11 		.ascii	"\361\202\\\021\235\355\345\026Lv%\201|\337\202\032\332"
 241      9DEDE516 
 241      4C762581 
 241      7CDF821A 
 241      DA
 242 06c0 26F30DB7 		.ascii	"&\363\015\2672\266\355\024\333\330\275\356~\036\357"
 242      32B6ED14 
 242      DBD8BDEE 
 242      7E1EEF
 243 06cf 60D84A1A 		.ascii	"`\330J\032\212\337(\360>*\360\211#\333\252T\036\227"
 243      8ADF28F0 
 243      3E2AF089 
 243      23DBAA54 
 243      1E97
 244 06e1 C20EDEE3 		.ascii	"\302\016\336\343\307\365\326\345\205\364\343:\223W\243"
 244      C7F5D6E5 
 244      85F4E33A 
 244      9357A3
 245 06f0 0CFEDD8F 		.ascii	"\014\376\335\217\353\241\256\344\253\230fK4\030\003"
 245      EBA1AEE4 
 245      AB98664B 
 245      341803
 246 06ff 7DDDC30F 		.ascii	"}\335\303\017\275\034\014d1\006:+{\332}=R\220M)\370"
 246      BD1C0C64 
 246      31063A2B 
 246      7BDA7D3D 
 246      52904D29 
 247 0714 41A2E0E8 		.ascii	"A\242\340\350\203=\207T\216\002Y\272*\005!\025\014\025"
 247      833D8754 
 247      8E0259BA 
 247      2A052115 
 247      0C15
 248 0726 440FA5CB 		.ascii	"D\017\245\3130\322\2359\330I9x^\230\264\303\017\227"
 248      30D29D39 
 248      D8493978 
 248      5E98B4C3 
 248      0F97
 249 0738 300EDCA1 		.ascii	"0\016\334\241\033\335=\370H\256Y.C\327\232lm`=EVe\036"
 249      1BDD3DF8 
 249      48AE592E 
 249      43D79A6C 
 249      6D603D45 
 250 074f 9B7CDEB1 		.ascii	"\233|\336\261\375\251\306#\344\335\024\362.\011r\336"
ARM GAS  /tmp/ccOHnDqM.s 			page 19


 250      FDA9C623 
 250      E4DD14F2 
 250      2E0972DE 
 251 075f D0ED1A6F 		.ascii	"\320\355\032o\200l\247\254E\344T\364\010)\376T\013\345"
 251      806CA7AC 
 251      45E454F4 
 251      0829FE54 
 251      0BE5
 252 0771 C8807328 		.ascii	"\310\200s(`\270\311\247`_\337\272\324\357\203m\014l"
 252      60B8C9A7 
 252      605FDFBA 
 252      D4EF836D 
 252      0C6C
 253 0783 6BBBB546 		.ascii	"k\273\265F\334\011\275\311\316\333\365\303\271\311l"
 253      DC09BDC9 
 253      CEDBF5C3 
 253      B9C96C
 254 0792 276C238F 		.ascii	"'l#\217\3675\014d\253\361u\246;\326\3334\246a\272j\020"
 254      F7350C64 
 254      ABF175A6 
 254      3BD6DB34 
 254      A661BA6A 
 255 07a7 3B4AC74F 		.ascii	";J\307Ox\221\237*\202\264x\374\235\333\177?\017\325"
 255      78919F2A 
 255      82B478FC 
 255      9DDB7F3F 
 255      0FD5
 256 07b9 82B58F0A 		.ascii	"\202\265\217\012x\3723\245y\370\314\210\006\267RW\212"
 256      78FA33A5 
 256      79F8CC88 
 256      06B75257 
 256      8A
 257 07ca 6389F7F7 		.ascii	"c\211\367\367\371\242"
 257      F9A2
 258 07d0 A00004EA 		.ascii	"\240\000\004\352\210\375\304#?d\241\371\201\262\003"
 258      88FDC423 
 258      3F64A1F9 
 258      81B203
 259 07df 225E38F2 		.ascii	"\"^8\362\004\360\337\373\035\231\206{\025\275\322v\352"
 259      04F0DFFB 
 259      1D99867B 
 259      15BDD276 
 259      EA
 260 07f0 2D10BCA6 		.ascii	"-\020\274\246sh~\000\372=\364R!\364R\021\215w\210\017"
 260      73687E00 
 260      FA3DF452 
 260      21F45211 
 260      8D77880F 
 261 0804 400759C0 		.ascii	"@\007Y\300\226g;\223\221\177\272\350{1\242\276\367\302"
 261      96673B93 
 261      917FBAE8 
 261      7B31A2BE 
 261      F7C2
 262 0816 F33D3CC1 		.ascii	"\363=<\301W\314\373K(\211v\307\345z+\315\206\370N\377"
 262      57CCFB4B 
 262      288976C7 
 262      E57A2BCD 
ARM GAS  /tmp/ccOHnDqM.s 			page 20


 262      86F84EFF 
 263 082a 5FBE878A 		.ascii	"_\276\207\212\013\373|\235}\227\274\317w\232\275\262"
 263      0BFB7C9D 
 263      7D97BCCF 
 263      779ABDB2 
 264 083a DE6FD67E 		.ascii	"\336o\326~\241i/\351\254eG\023mB\322bT\312\373\243}"
 264      A1692FE9 
 264      AC654713 
 264      6D42D262 
 264      54CAFBA3 
 265 084f 502558E2 		.ascii	"P%X\342N\246?\302\314z \242\214\237\005\226m\307{\355"
 265      4EA63FC2 
 265      CC7A20A2 
 265      8C9F0596 
 265      6DC77BED 
 266 0863 93F01DC6 		.ascii	"\223\360\035\306\177R\347\333\363~\236\011?,\021\276"
 266      7F52E7DB 
 266      F37E9E09 
 266      3F2C11BE 
 267 0873 87614C12 		.ascii	"\207aL\022\222\307\336\311_\336\323\217P\214\207%\214"
 267      92C7DEC9 
 267      5FDED38F 
 267      508C8725 
 267      8C
 268 0884 27D3CACE 		.ascii	"'\323\312\316x\271f\344Q{\377X\352\033%\313\3106\274"
 268      78B966E4 
 268      517BFF58 
 268      EA1B25CB 
 268      C836BC
 269 0897 3CA5024A 		.ascii	"<\245\002JS!\246\003\273\202\223]\271\230\316Q\232\316"
 269      5321A603 
 269      BB82935D 
 269      B998CE51 
 269      9ACE
 270 08a9 E6B47B97 		.ascii	"\346\264{\227\025\023\366[\322\252r\012\225l\277%W\362"
 270      1513F65B 
 270      D2AA720A 
 270      956CBF25 
 270      57F2
 271 08bb 5F9E2797 		.ascii	"_\236'\227\233}\360S\261\371\356$\274\025\277\275}\311"
 271      9B7DF053 
 271      B1F9EE24 
 271      BC15BFBD 
 271      7DC9
 272 08cd BF2E9EB4 		.ascii	"\277.\236\264\357\027\033\265\227\002zZsA\374\317\206"
 272      EF171BB5 
 272      97027A5A 
 272      7341FCCF 
 272      86
 273 08de 0F88A9D7 		.ascii	"\017\210\251\327\352GU\236\251\252\226\250:\301\250"
 273      EA47559E 
 273      A9AA96A8 
 273      3AC1A8
 274 08ed 7AB42BB5 		.ascii	"z\264+\265N\341JU\025\324\3448\255\311I\232|\265\224"
 274      4EE14A55 
 274      15D4E438 
 274      ADC9499A 
ARM GAS  /tmp/ccOHnDqM.s 			page 21


 274      7CB594
 275 0900 BCF5467B 		.ascii	"\274\365F{1v\245\312\243\366\336N{\271X|[\313\012JU"
 275      3176A5CA 
 275      A3F6DE4E 
 275      7BB9587C 
 275      5BCB0A4A 
 276 0915 8D48156C 		.ascii	"\215H\025l\036Nv\307D\252N\361\2638\365&C\224\316h\010"
 276      1E4E76C7 
 276      44AA4EF1 
 276      B338F526 
 276      4394CE68 
 277 092a 5F126F56 		.ascii	"_\022oV\255\370\353\0273\227\006\007s\212h\203\371k"
 277      ADF8EB17 
 277      33970607 
 277      738A6883 
 277      F96B
 278 093c B55E1F6F 		.ascii	"\265^\037o\212\261\314\237\247\267|\256\2157\307i\015"
 278      8AB1CC9F 
 278      A7B77CAE 
 278      8D37C769 
 278      0D
 279 094d 71D19FC5 		.ascii	"q\321\237\305\304\306\030?3\0326\230\264\246\230\260"
 279      C4C6183F 
 279      331A3698 
 279      B4A698B0 
 280 095d A8F870A3 		.ascii	"\250\370p\2436\332\020\026i\2121j\365\341\306\010C|"
 280      36DA1016 
 280      698A316A 
 280      F5E1C608 
 280      437C
 281 096f 94456FF9 		.ascii	"\224Eo\371v\223\321<7\222SI\326\277{\217\265\371[\263"
 281      7693D13C 
 281      37925349 
 281      D6BF7B8F 
 281      B5F95BB3 
 282 0983 566FB684 		.ascii	"Vo\266\204\203*\230hL\261\233b\343,$\272\336\262R\033"
 282      832A9868 
 282      4CB19B62 
 282      E32C24BA 
 282      DEB2521B 
 283 0997 191B0D1A 		.ascii	"\031\033\015\032\306(S\264\366\233\330\270\257M1\033"
 283      C62853B4 
 283      F69BD8B8 
 283      AF4D311B 
 284 09a7 B54B234D 		.ascii	"\265K#M\033L\241\353\264\261fm\244!JK\264\315\332u\353"
 284      1B4CA1EB 
 284      B4B1666D 
 284      A4214A4B 
 284      B4CDDA75 
 285 09bc D7CC9FA7 		.ascii	"\327\314\237\247]\275:D\273b\355\252\320\177\315#\217"
 285      5DBD3A44 
 285      BB62EDAA 
 285      D07FCD23 
 285      8F
 286 09cd F490963E 		.ascii	"\364\220\226>**\034\274z\021-S\270\342O\313u+\311i\265"
 286      2A2A1CBC 
 286      7A112D53 
ARM GAS  /tmp/ccOHnDqM.s 			page 22


 286      B8E24FCB 
 286      752BC969 
 287 09e2 62F5D2BF 		.ascii	"b\365\322\277\350\024K\326\351t\350+\264R\031\026e4"
 287      E8144BD6 
 287      E974E82B 
 287      B4521916 
 287      6534
 288 09f4 C489D906 		.ascii	"\304\211\331\006/\320[T\322\0156\033-84D\207W\205\350"
 288      2FD05B54 
 288      D20D361B 
 288      2D383444 
 288      875785E8 
 289 0a08 946BBF58 		.ascii	"\224k\277X\033\242\233\024\272n\355\262e!:\257\320\365"
 289      1BA29B14 
 289      BA6EEDB2 
 289      65213AAF 
 289      D0F5
 290 0a1a 7F5BBB4C 		.ascii	"\177[\273L\247\\\023\032\262L\207\227\350t\032\263%"
 290      A75C131A 
 290      B24C8797 
 290      E8741AB3 
 290      25
 291 0a2b 1A72DDB8 		.ascii	"\032r\335\270\311\024\253\267\250Y\032\246p\275\305"
 291      C914ABB7 
 291      A8591AA6 
 291      70BDC5
 292 0a3a 2B362202 		.ascii	"+6\"\002\274h\210K}\204\301lY\250\267\004\276\217\017"
 292      BC68884B 
 292      7D84C16C 
 292      59A8B704 
 292      BE8F0F
 293 0a4d 898A3F7C 		.ascii	"\211\212?|@\366\222\221\230.X)W\205B\035\203?\300\326"
 293      40F69291 
 293      982E5829 
 293      5785421D 
 293      833FC0D6 
 294 0a61 1C17E6B0 		.ascii	"\034\027\346\260\013\343\274\341\362U\234\311b\004k"
 294      0BE3BCE1 
 294      F2559CC9 
 294      62046B
 295 0a70 1FB85F67 		.ascii	"\037\270_g\264\300\335\232\330p\243\312\024\033\015"
 295      B4C0DD9A 
 295      D870A3CA 
 295      141B0D
 296 0a7f 17BDE537 		.ascii	"\027\275\3457\022\243z\310gc\\l\374&2\357\243\327G\304"
 296      12A37AC8 
 296      67635C6C 
 296      FC2632EF 
 296      A3D747C4 
 297 0a93 C784E9F5 		.ascii	"\307\204\351\365s\027,\\\270H%I\212\260HC\234\363\263"
 297      73172C5C 
 297      B8482549 
 297      8AB04843 
 297      9CF3B3
 298 0aa6 459F4F90 		.ascii	"E\237O\220\026\375\027u\251Re"
 298      16FD1775 
 298      A95265
ARM GAS  /tmp/ccOHnDqM.s 			page 23


 299              		.text
 300              		.section	.gnu.lto_.symtab.219ec5f3c8eda42c,"",%progbits
 301 0000 70616C52 		.ascii	"palReadBus\000"
 301      65616442 
 301      757300
 302 000b 00       		.ascii	"\000"
 303 000c 00       		.ascii	"\000"
 304 000d 00       		.ascii	"\000"
 305 000e 00000000 		.ascii	"\000\000\000\000\000\000\000\000"
 305      00000000 
 306 0016 0A010000 		.ascii	"\012\001\000\000"
 307 001a 70616C57 		.ascii	"palWriteBus\000"
 307      72697465 
 307      42757300 
 308 0026 00       		.ascii	"\000"
 309 0027 00       		.ascii	"\000"
 310 0028 00       		.ascii	"\000"
 311 0029 00000000 		.ascii	"\000\000\000\000\000\000\000\000"
 311      00000000 
 312 0031 0F010000 		.ascii	"\017\001\000\000"
 313 0035 70616C53 		.ascii	"palSetBusMode\000"
 313      65744275 
 313      734D6F64 
 313      6500
 314 0043 00       		.ascii	"\000"
 315 0044 00       		.ascii	"\000"
 316 0045 00       		.ascii	"\000"
 317 0046 00000000 		.ascii	"\000\000\000\000\000\000\000\000"
 317      00000000 
 318 004e 17010000 		.ascii	"\027\001\000\000"
 319 0052 5F70616C 		.ascii	"_pal_lld_setgroupmode\000"
 319      5F6C6C64 
 319      5F736574 
 319      67726F75 
 319      706D6F64 
 320 0068 00       		.ascii	"\000"
 321 0069 02       		.ascii	"\002"
 322 006a 00       		.ascii	"\000"
 323 006b 00000000 		.ascii	"\000\000\000\000\000\000\000\000"
 323      00000000 
 324 0073 1D010000 		.ascii	"\035\001\000\000"
 325              		.text
 326              		.section	.gnu.lto_.opts,"",%progbits
 327 0000 272D666D 		.ascii	"'-fmath-errno' '-fsigned-zeros' '-ftrapping-math' '"
 327      6174682D 
 327      6572726E 
 327      6F272027 
 327      2D667369 
 328 0033 2D666E6F 		.ascii	"-fno-trapv' '-fno-openmp' '-fno-openacc' '-mcpu=cor"
 328      2D747261 
 328      70762720 
 328      272D666E 
 328      6F2D6F70 
 329 0066 7465782D 		.ascii	"tex-m3' '-mno-thumb-interwork' '-mthumb' '-ggdb' '-"
 329      6D332720 
 329      272D6D6E 
 329      6F2D7468 
ARM GAS  /tmp/ccOHnDqM.s 			page 24


 329      756D622D 
 330 0099 4F322720 		.ascii	"O2' '-fomit-frame-pointer' '-falign-functions=16' '"
 330      272D666F 
 330      6D69742D 
 330      6672616D 
 330      652D706F 
 331 00cc 2D666675 		.ascii	"-ffunction-sections' '-fdata-sections' '-fno-common"
 331      6E637469 
 331      6F6E2D73 
 331      65637469 
 331      6F6E7327 
 332 00ff 2720272D 		.ascii	"' '-flto'\000"
 332      666C746F 
 332      2700
 333              		.text
 334              		.comm	__gnu_lto_v1,1,1
 335              		.comm	__gnu_lto_slim,1,1
 336              		.ident	"GCC: (GNU Tools for ARM Embedded Processors) 5.3.1 20160307 (release) [ARM/embedded-5-bran
ARM GAS  /tmp/ccOHnDqM.s 			page 25


DEFINED SYMBOLS
                            *ABS*:0000000000000000 hal_pal.c
                            *COM*:0000000000000001 __gnu_lto_v1
                            *COM*:0000000000000001 __gnu_lto_slim

NO UNDEFINED SYMBOLS
