ARM GAS  /tmp/cci3dpIY.s 			page 1


   1              		.syntax unified
   2              		.cpu cortex-m3
   3              		.fpu softvfp
   4              		.eabi_attribute 20, 1
   5              		.eabi_attribute 21, 1
   6              		.eabi_attribute 23, 3
   7              		.eabi_attribute 24, 1
   8              		.eabi_attribute 25, 1
   9              		.eabi_attribute 26, 1
  10              		.eabi_attribute 30, 2
  11              		.eabi_attribute 34, 1
  12              		.eabi_attribute 18, 4
  13              		.thumb
  14              		.syntax unified
  15              		.file	"hal_lld.c"
  16              		.text
  17              	.Ltext0:
  18              		.section	.gnu.lto_.profile.d3ee91d29c2e3d18,"",%progbits
  19 0000 789C6361 		.ascii	"x\234ca```\001bF\206\244\004\000\001\204\000\314"
  19      60606001 
  19      624686A4 
  19      04000184 
  19      00CC
  20              		.text
  21              		.section	.gnu.lto_.icf.d3ee91d29c2e3d18,"",%progbits
  22 0000 789C6361 		.ascii	"x\234ca\200\000\021\006\004`fx\263\366\332\011^\306"
  22      80001106 
  22      04606678 
  22      B3F6DA09 
  22      5EC6
  23 0012 450B6E7D 		.ascii	"E\013n}\347`Z{\350\366<&\006\000f\217\011h"
  23      E7605A7B 
  23      E8F63C26 
  23      0600668F 
  23      0968
  24              		.text
  25              		.section	.gnu.lto_.jmpfuncs.d3ee91d29c2e3d18,"",%progbits
  26 0000 789C6361 		.ascii	"x\234ca\200\000\016\006\004`\002bF \006\000\001@\000"
  26      80000E06 
  26      04600262 
  26      46200600 
  26      014000
  27 0013 10       		.ascii	"\020"
  28              		.text
  29              		.section	.gnu.lto_.inline.d3ee91d29c2e3d18,"",%progbits
  30 0000 789C6361 		.ascii	"x\234ca\200\000]\006\004`b`\220\227cd`\262X\260\236"
  30      80005D06 
  30      04606260 
  30      90976364 
  30      60B258B0 
  31 0015 99816D81 		.ascii	"\231\201m\201<\023H\220\221\341(\303\026&\240h\013\343"
  31      3C134890 
  31      91E128C3 
  31      1626A068 
  31      0BE3
  32 0027 BEA5AA70 		.ascii	"\276\245\252pa\006\000\245/\007\030"
  32      610600A5 
ARM GAS  /tmp/cci3dpIY.s 			page 2


  32      2F0718
  33              		.text
  34              		.section	.gnu.lto_.pureconst.d3ee91d29c2e3d18,"",%progbits
  35 0000 789C6361 		.ascii	"x\234ca```\005b&\006)F)\000\000\342\000A"
  35      60606005 
  35      62260629 
  35      46290000 
  35      E20041
  36              		.text
  37              		.section	.gnu.lto_hal_lld_init.d3ee91d29c2e3d18,"",%progbits
  38 0000 789CA555 		.ascii	"x\234\245UKL\023Q\024}wfZZR\244\011\337 F7.\3308\240"
  38      4B4C1351 
  38      147D7766 
  38      5A5A52A4 
  38      09DF2046 
  39 0019 ACD9105D 		.ascii	"\254\331\020]\230\030\023qo\374\020!\202(\220\310\216"
  39      98181371 
  39      6FFC1021 
  39      822890C8 
  39      8E
  40 002a C1B6688C 		.ascii	"\301\266h\214FM\0247 \2720\200\374\025E>\312G\276\212"
  40      464D1437 
  40      20BA3080 
  40      FC15453E 
  40      CA47BE8A 
  41 003e 0514FC01 		.ascii	"\005\024\374\001\002\206\240\321h\212`T\240\324w\337"
  41      0286A0D1 
  41      688A6054 
  41      A0D477DF 
  42 004e 7B32EDC6 		.ascii	"{2\355\3068u\222\336\351\314\3349\237{\337\273\243\020"
  42      387592DE 
  42      E9CCDC39 
  42      9F7BDFBB 
  42      A310
  43 0060 7E9CB410 		.ascii	"~\234\264\020\262\223\236\223\351\017L\004\244KnB\212"
  43      B2939E93 
  43      E90F4C04 
  43      A44B6E42 
  43      8A
  44 0071 2C92240F 		.ascii	",\222$\017\246\020-T\351\017'\232M\006\205\337V\000"
  44      A6102D54 
  44      E90F279A 
  44      4D0685DF 
  44      5600
  45 0083 F08F6601 		.ascii	"\360\217f\001R(\311\012\024\302w\311+A\367\231\371\026"
  45      5228C90A 
  45      14C277C9 
  45      2B41F799 
  45      F916
  46 0095 29A142A3 		.ascii	")\241B\243\307L\357r\242V\331\011.\231\020\237\3049"
  46      C74CEF72 
  46      A256D909 
  46      2E99109F 
  46      C439
  47 00a7 A0021208 		.ascii	"\240\002\022\010M{\337\270v5\314\354\304\264-\374!T"
  47      4D7BDFB8 
  47      7635CCEC 
ARM GAS  /tmp/cci3dpIY.s 			page 3


  47      C4B42DFC 
  47      2154
  48 00b9 8219E8B9 		.ascii	"\202\031\350\271~_\247\346\36394m1\261t\353&\211\270"
  48      7E5FA7E6 
  48      F339346D 
  48      31B174EB 
  48      2689B8
  49 00cc 64AA8506 		.ascii	"d\252\205\006\013\006+\006\033\206p\014v\014\021\030"
  49      0B062B06 
  49      1B86700C 
  49      760C1118 
  50 00dc 22314461 		.ascii	"\"1Da\210\306\020\203!\026\003!\036\212\216J\027$\011"
  50      88C61083 
  50      21160321 
  50      1E8A8E4A 
  50      172409
  51 00ef CFF23C74 		.ascii	"\317\362<t\267.\374HB>\207\214\222K\\\335\303!K\222"
  51      B72EFC48 
  51      423E878C 
  51      924B5CDD 
  51      C3214B92 
  52 0103 4B9600A5 		.ascii	"K\226\000\2459\313z\347\255\374R\363\234\325\024z\353"
  52      39CB7AE7 
  52      ADFC52F3 
  52      9CD5147A 
  52      EB
  53 0114 F3F44A8B 		.ascii	"\363\364J\213\251\034\312\250\025\031nC<TA<\301\334"
  53      A91CCAA8 
  53      15196E43 
  53      3C54413C 
  53      C1DC
  54 0126 6F252333 		.ascii	"o%#36\265Vs\026iv\027-B5\224\303\032\263\0125\240\022"
  54      36B55673 
  54      16697617 
  54      2D423594 
  54      C31AB30A 
  55 013d 4A958F3C 		.ascii	"J\225\217<F ju\210:Pi\302\324@U\265\214z\000|\364\010"
  55      46206A75 
  55      883A5069 
  55      C2D44055 
  55      B58C7A00 
  56 0154 877AFAA6 		.ascii	"\207z\372\246!d@\334\006\035\267\221\341\256\333V\200"
  56      216440DC 
  56      061DB791 
  56      E1AEDB56 
  56      80
  57 0165 C01D8ED9 		.ascii	"\300\035\216\331:\272\012\2740&#\232\3572l\354\0364"
  57      3ABA0ABC 
  57      3026239A 
  57      EF326CEC 
  57      1E34
  58 0177 0569FB9E 		.ascii	"\005i\373\236\016q\037\324 =6\353 \017(\310\272)\257"
  58      0E711FD4 
  58      203D36EB 
  58      200F28C8 
  58      BA29AF
  59 018a 306531A2 		.ascii	"0e1\242\250\205\201\261\245\331\312L9~\2329\214\225"
ARM GAS  /tmp/cci3dpIY.s 			page 4


  59      A88581B1 
  59      A5D9CA4C 
  59      397E9A39 
  59      8C95
  60 019c 235DF04E 		.ascii	"#]\360Nw\3715f\003\264q\276\0220j\276]\247z\010*%\010"
  60      77F93566 
  60      03B471BE 
  60      12306ABE 
  60      5DA77A08 
  61 01b3 C2FB231D 		.ascii	"\302\373#\035\243\303\317\373\3455\341\335fDP'\003\223"
  61      A3C3CFFB 
  61      E535E1DD 
  61      66445027 
  61      0393
  62 01c5 11AC2BC8 		.ascii	"\021\254+\310\206v\353\020\217\203nh\217\016\322\353"
  62      8676EB10 
  62      8F836E68 
  62      8F0ED2EB 
  63 01d5 DF509F30 		.ascii	"\337P\2370\025nDQ\037\003S\020\254?\260\241v\216\324"
  63      156E4451 
  63      1F035310 
  63      AC3FB0A1 
  63      768ED4
  64 01e8 D7BABC68 		.ascii	"\327\272\274h\343\015\305\301\0040\020lC\007u\252'\330"
  64      E30DC5C1 
  64      0430106C 
  64      430775AA 
  64      27D8
  65 01fa 503B93BD 		.ascii	"P;\223\275\320\2761p\364i\325Wd6\370||\364\004LEx\012"
  65      D0BE3170 
  65      F469D557 
  65      6436F87C 
  65      7CF4044C 
  66 0211 66FAFE10 		.ascii	"f\372\376\020\012\214\360\337\257&\226{\323\353\254"
  66      0A8CF0DF 
  66      AF26967B 
  66      D3EBAC
  67 0220 B3F24B6D 		.ascii	"\263\362Km\246\210\215\251\353C\223=\241T^\021}\237"
  67      A6888DA9 
  67      EB43933D 
  67      A1545E11 
  67      7D9F
  68 0232 CA30839B 		.ascii	"\3120\203\233J|&$\272\207\317-\205\370I\034f\022M\234"
  68      4A7C2624 
  68      BA87CF2D 
  68      85F8491C 
  68      66124D9C 
  69 0246 06464441 		.ascii	"\006FDA\212\335\3152\247\214\344\254u\037;JCEM$\030"
  69      8ADDCD32 
  69      A78CE4AC 
  69      751F3B4A 
  69      43454D24 
  70 025b 5D2FC810 		.ascii	"]/\310\020+\210!\306\347\001\214/\260.\221|\215\246"
  70      2B8821C6 
  70      E7018C2F 
  70      B02E917C 
  70      8DA6
ARM GAS  /tmp/cci3dpIY.s 			page 5


  71 026d 70CA28BF 		.ascii	"p\312(\277\022\013\304\277-\2161\206g\026x\343\334\301"
  71      120BC4BF 
  71      2D8E3186 
  71      671678E3 
  71      DCC1
  72 027f 6AF198C4 		.ascii	"j\361\230\304\321\2429\340\334\255\271\033Va\300\014"
  72      D1A239E0 
  72      DCADB91B 
  72      5661C00C 
  73 028f 2F29D22C 		.ascii	"/)\322,8'\034q\"\211f\\\373\362+N$(\360\012\251\010"
  73      38271C71 
  73      2289665C 
  73      FBF22B4E 
  73      2428F00A 
  74 02a5 7E2D6432 		.ascii	"~-d2\230\202\037\213\245\206\216\315\302\356\277\211"
  74      98821F8B 
  74      A5868ECD 
  74      C2EEBF89 
  75 02b5 A34F9350 		.ascii	"\243O\223P\337\353\000}o\330\320\375\360\265\346|\310"
  75      DFEB007D 
  75      6FD8D0FD 
  75      F0B5E67C 
  75      C8
  76 02c6 9F25A6C0 		.ascii	"\237%\246\300[^\317%O\220\024\023\001\024\223b\213\240"
  76      5B5ECF25 
  76      4F901413 
  76      01149362 
  76      8BA0
  77 02d8 7A45FFD6 		.ascii	"zE\377\326\315u\211\226\306\030\355\330\024\203\017"
  77      CD758996 
  77      C618EDD8 
  77      14830F
  78 02e7 11F0EF44 		.ascii	"\021\360\357D\205\315\034-\226\0036]l\033\017\023Sp"
  78      85CD1C2D 
  78      9603365D 
  78      6C1B0F13 
  78      5370
  79 02f9 053F4FD3 		.ascii	"\005?O\323\377\263Ff\002\030gq\215\304\222Op\272\263"
  79      FFB34666 
  79      02186771 
  79      8DC4924F 
  79      70BAB3
  80 030c 6537EE13 		.ascii	"e7\356\023\326\032\017\335,\324\034\035u\251jFNv\272"
  80      D61A0FDD 
  80      2CD41C1D 
  80      75A96A46 
  80      4E76BA
  81 031f 9A979E95 		.ascii	"\232\227\236\225\231\255\236\312\311=\226y\374\250\232"
  81      99AD9ECA 
  81      C93D9679 
  81      FCA89A
  82 032e 9A917928 		.ascii	"\232\221y(so\232\232\223\247f\034\314RO\344\344\346"
  82      736F9A9A 
  82      93A7661C 
  82      CC524FE4 
  82      E4E6
  83 0340 E7A969FB 		.ascii	"\347\251i\373\367\354\330\316\343\256\344\202\002|r"
ARM GAS  /tmp/cci3dpIY.s 			page 6


  83      F7ECD8CE 
  83      E3AEE482 
  83      027C72
  84 034f 202BEBC8 		.ascii	" +\353\310\266\303\3447\223\013\346h"
  84      B6C3E437 
  84      930BE668 
  85              		.text
  86              		.section	.gnu.lto_stm32_clock_init.d3ee91d29c2e3d18,"",%progbits
  87 0000 789C9D57 		.ascii	"x\234\235WkL\024W\024\236s\3675\373b\2277\370\212F\243"
  87      6B4C1457 
  87      149E73F7 
  87      35FB6297 
  87      37F88A46 
  88 0015 51234B45 		.ascii	"Q#KE\223\376%\246\375\327\230\324\376o\372\260\225\024"
  88      93FE25A6 
  88      FDD798D4 
  88      FE6FFAB0 
  88      9514
  89 0027 4BA34DEB 		.ascii	"K\243M\353?g\331]\244\226\244\232Rc\332\240m\223V\353"
  89      3F67D95D 
  89      A496A49A 
  89      5263DAA0 
  89      6D9356EB 
  90 003b 0BF055C0 		.ascii	"\013\360U\300\027OWQA\324\332\252\224\207\"*\"\262\200"
  90      174F5751 
  90      41D4DAAA 
  90      9487222A 
  90      22B280
  91 004e 88BCB6F7 		.ascii	"\210\274\266\367\334{gf\3014\331]~|\263s\357\314w\276"
  91      DC7B6766 
  91      C134D95D 
  91      7E7CB373 
  91      EFCC77BE 
  92 0062 F39D73EF 		.ascii	"\363\235s\357\\\214\022\377\253uI\322[\364\272\036$"
  92      5C8C12FF 
  92      AB7549D2 
  92      5BF4BA1E 
  92      24
  93 0073 09322520 		.ascii	"\0112% \273Z$\311+\0230\360\037\006\222Q\022\224$\305"
  93      BB5A24C9 
  93      2B1330F0 
  93      1F069251 
  93      129424C5 
  94 0087 66F45B24 		.ascii	"f\364[$\305\221\301\307s\215`\342\363&\222\316\347\315"
  94      C591C1C7 
  94      738D60E2 
  94      F32692CE 
  94      E7CD
  95 0099 6C3E9D8F 		.ascii	"l>\235\217\347\232\301\302\347-$\215\317\313l>\215\217"
  95      E79AC1C2 
  95      E72D248D 
  95      CFCB6C3E 
  95      8D8F
  96 00ab E7CA60E5 		.ascii	"\347\312`\345\363V\222\312\347ml>\225\217\347\332\300"
  96      F35692CA 
  96      E76D6C3E 
  96      958FE7DA 
ARM GAS  /tmp/cci3dpIY.s 			page 7


  96      C0
  97 00bc CEE7ED24 		.ascii	"\316\347\355$\205\317;\330|\012\037\317u\020\347`*\035"
  97      85CF3BD8 
  97      7C0A1FCF 
  97      7510E760 
  97      2A1D
  98 00ce 75FDFC26 		.ascii	"u\375\374&\035u\222\204\210\273\004p\363w]\352\0177"
  98      1D759284 
  98      88BB0470 
  98      F3775DEA 
  98      0F37
  99 00e0 24F21F89 		.ascii	"$\362\037\211$\231\263%1\266d>\236\233\004\200WE\006"
  99      2499B325 
  99      31B6643E 
  99      9E9B0480 
  99      574506
 100 00f3 693B3164 		.ascii	"i;1d\030M\351fK\232lM\265\331S\034\316\004\227;19\011"
 100      184DE966 
 100      4B9A6C4D 
 100      B5D9531C 
 100      CE04973B 
 101 010a B65B0CC2 		.ascii	"\266[\014\3022\223\270Z\304\325*\256vqM\024\327\027"
 101      3293B85A 
 101      C4D52AAE 
 101      76714D14 
 101      D717
 102 011c 648A40FD 		.ascii	"d\212@\375\216\336j\262\374\200B\377\272~;\374\206r"
 102      8EDE6AB2 
 102      FC8042FF 
 102      BA7E3BFC 
 102      8672
 103 012e B0160294 		.ascii	"\260\026\002\224(L\3703p\000\226K\364\261\373\225\323"
 103      284CF833 
 103      7000964B 
 103      F4B1FB95 
 103      D3
 104 013f 3F38CD7E 		.ascii	"?8\315~|l!\237\204\203`\2465\221\312\337\255U\302a\237"
 104      7C6C219F 
 104      848360A6 
 104      3591CADF 
 104      AD55C261 
 105 0154 A24C644F 		.ascii	"\242LdO-_k\222\002\0060#\310\010V\004\033\202\035\301"
 105      2D5F6B92 
 105      02063023 
 105      C8085604 
 105      1B821DC1 
 106 0168 89E04270 		.ascii	"\211\340Bp#$\"$!\244\"\244!d d\"\314A\230\2130\037a"
 106      23242224 
 106      21A422A4 
 106      21642064 
 106      22CC4198 
 107 0180 01C24284 		.ascii	"\001\302B\204E\010\213\021\226 ,EX\206\260\002a%\302"
 107      45088B11 
 107      96202C45 
 107      5886B002 
 107      6125C2
 108 0193 2A842C04 		.ascii	"*\204,\004\017B6\302j\204\034\004I\032\244\031P\207"
ARM GAS  /tmp/cci3dpIY.s 			page 8


 108      0F4236C2 
 108      6A841C04 
 108      491AA419 
 108      5087
 109 01a5 4384D08B 		.ascii	"C\204\320\213\241\027\352G\006\333\013M\230\022\315"
 109      A117EA47 
 109      06DB0B4D 
 109      9812CD
 110 01b4 754FA0BE 		.ascii	"uO\240\276\3252B\002\006\002\230\272\277\254\251\327"
 110      D5324202 
 110      060298BA 
 110      BFACA9D7 
 111 01c4 CA6F95C1 		.ascii	"\312o\225\301b\305H\207\236vNT\233\366C\231\027\375"
 111      62C54887 
 111      9E764E54 
 111      9BF64399 
 111      17FD
 112 01d6 70060C06 		.ascii	"p\006\014\0068\004\363\340\017\230'\341\013C{\256w9"
 112      3804F3E0 
 112      0F9827E1 
 112      0B437BAE 
 112      7739
 113 01e8 3C47153F 		.ascii	"<G\025?u\322\010\207a?L37\341\010x\350\364\305\232\361"
 113      75D20887 
 113      613F4C33 
 113      37E10878 
 113      E8F4C59A 
 114 01fd 6107F201 		.ascii	"a\007\362\001\340\353\000G\351{LB\347q\303l\011&&\341"
 114      E0EB0047 
 114      E97B4C42 
 114      E771C36C 
 114      092626E1 
 115 0211 9729FF31 		.ascii	"\227)\3771+\277U\272\274L\302\276\253\355\215\266\010"
 115      2BBF55BA 
 115      BC4CC2BE 
 115      ABED8DB6 
 115      08
 116 0222 096628A7 		.ascii	"\011f(\247\022\216\011\011-\255;G,\232\204\012&\001"
 116      128E0909 
 116      2DAD3B47 
 116      2C9A840A 
 116      2601
 117 0234 8B05954C 		.ascii	"\213\005\225L\202Fo\004\011\216\363\3605\225\275<\274"
 117      82466F04 
 117      098EF3F0 
 117      3595BD3C 
 117      BC
 118 0245 CF608A48 		.ascii	"\317`\212H\021\3767;\257\342F\202\023\214\234u\304I"
 118      11FE373B 
 118      AFE24682 
 118      138C9C75 
 118      C449
 119 0257 EA762FF8 		.ascii	"\352v/\370\306\314\234F0\235l\014\026\311<_\200S<\330"
 119      C6CC9C46 
 119      309D6C0C 
 119      16C93C5F 
 119      80533CD8 
ARM GAS  /tmp/cci3dpIY.s 			page 9


 120 026b 1E108946 		.ascii	"\036\020\211F\035\346\264\036\346O\360Pr\372+D\014\022"
 120      1DE6B41E 
 120      E64FF050 
 120      72FA2B44 
 120      0C12
 121 027d 5D1758BF 		.ascii	"]\027X\277\232P\357\220P/GE\313\214\251\322I\253\271"
 121      9A50EF90 
 121      502F4745 
 121      CB8CA9D2 
 121      49ABB9
 122 0290 F6C9A21E 		.ascii	"\366\311\242\036\302i\254\234\251)\374\262\326\305\325"
 122      C269AC9C 
 122      A929FCB2 
 122      D6C5D5
 123 029f 13A8A12C 		.ascii	"\023\250\241,\335\340\277\353\373D<C\037(\357\257~\345"
 123      DDE0BFEB 
 123      FB443C43 
 123      1F28EFAF 
 123      7EE5
 124 02b1 E40F4870 		.ascii	"\344\017Hp\006\303H\330_\031\022]\310\020\"F\321`5\241"
 124      06C348D8 
 124      5F19125D 
 124      C8102246 
 124      D16035A1 
 125 02c5 67378440 		.ascii	"g7\204@[,y\237e\022qi\3039!Q\330k\347L\347G\003_\361"
 125      5B2C799F 
 125      65127169 
 125      C3392151 
 125      D86BE74C 
 126 02de F093E170 		.ascii	"\360\223\341p\330\005\347\343u\370\202\036\251\026\035"
 126      D805E7E3 
 126      75F8821E 
 126      A9161D
 127 02ed B6B3AED8 		.ascii	"\266\263\256\330= \374p\306\302U\247s\3253\325q\350"
 127      3D20FC70 
 127      C6C255A7 
 127      73D533D5 
 127      71E8
 128 02ff 69D0391A 		.ascii	"i\3209\032Q\217\223U\334\244W|\340\2760\324\025}\305"
 128      518F9355 
 128      DCA4577C 
 128      E0BE30D4 
 128      157DC5
 129 0312 9B74D28B 		.ascii	"\233t\322\213j\305\373E\206n\3164\361\270\364\016pG"
 129      6AC5FB45 
 129      866ECE34 
 129      F1B8F40E 
 129      7047
 130 0324 1D10E415 		.ascii	"\035\020\344\025\277\247V\334\035Q\342tQb\263V\342\021"
 130      BFA756DC 
 130      1D51E274 
 130      5162B356 
 130      E211
 131 0336 750525C6 		.ascii	"u\005%\306\222\350%\275\013/\317,q\022g*\277\034\010"
 131      92E825BD 
 131      0B2FCF2C 
 131      7112672A 
ARM GAS  /tmp/cci3dpIY.s 			page 10


 131      BF1C08
 132 0349 0A45AF00 		.ascii	"\012E\257\000\232\343-\360\025=\316U44\211\355:\025"
 132      9AE32DF0 
 132      153DCE55 
 132      343489ED 
 132      3A15
 133 035b 2F6E1866 		.ascii	"/n\030f1E\263\255]\323\215l\001\217\266\211\204\246"
 133      3145B3AD 
 133      5DD38D6C 
 133      018FB689 
 133      84A6
 134 036d 540B5263 		.ascii	"T\013Rc\221\326\252K\273>s\023I\343L\217\006\216\224"
 134      91D6AA4B 
 134      BB3E7313 
 134      49E34C8F 
 134      068E94
 135 0380 58D44DD3 		.ascii	"X\324M\323\010m\361zpC\017t\023=HcMe\321\233jZm\252"
 135      086DF17A 
 135      70430F74 
 135      133D4863 
 135      4D65D19B 
 136 0398 8CE89BEA 		.ascii	"\214\350\233\352\226N\372\227\332T\355\242\25129S\303"
 136      964EFA97 
 136      DA54EDA2 
 136      A9323953 
 136      C3
 137 03a9 BE7D7EA2 		.ascii	"\276}~\242\352\227\341\366\254\215$3\242\255\322D[\311"
 137      EA97E1F6 
 137      AC8D2433 
 137      A2ADD244 
 137      5BC9
 138 03bb 5A5B3535 		.ascii	"Z[55\010MsbI\365o\246\312\210\252\376\231\351\351\\"
 138      084D7362 
 138      49F56FA6 
 138      CA88AAFE 
 138      99E9E95C 
 139 03cf CA14FF4E 		.ascii	"\312\024\377N|G\347\275\213\026\316e\026Z5\013+/>\020"
 139      7C47E7BD 
 139      8B16CE65 
 139      165A350B 
 139      2B2F3E10 
 140 03e3 72E7476F 		.ascii	"r\347Go\341=\235\264}\366N\274\2002\275\266\365.\210"
 140      E13D9DB4 
 140      7DF64EBC 
 140      8032BDB6 
 140      F52E88
 141 03f6 702C5538 		.ascii	"p,U8fS?\346\025\327|\2468z\372_&\002\217O\320\301\276"
 141      66533FE6 
 141      15D77CA6 
 141      387AFA5F 
 141      26028F4F 
 142 040d 939DCD87 		.ascii	"\223\235\315\207\214\3743Y<\246\254\200N\365K\331rB"
 142      8CFC3359 
 142      3CA6AC80 
 142      4EF54BD9 
 142      7242
 143 041f 64B83016 		.ascii	"d\2700\026\343\272\3646\351\236Y\220E\234\251\355\341"
ARM GAS  /tmp/cci3dpIY.s 			page 11


 143      E3BAF436 
 143      E99E5990 
 143      459CA9ED 
 143      E1
 144 0430 78AB553B 		.ascii	"x\253U;\031\310p?\336\022=\320#\365`\211\026\261\022"
 144      19C8703F 
 144      DE123DD0 
 144      23F56089 
 144      16B112
 145 0443 D9F512F5 		.ascii	"\331\365\022\365\014\213\004\026G_\242\207:i\357\354"
 145      0C8B0416 
 145      475FA287 
 145      3A69EFEC 
 146 0453 122DE14C 		.ascii	"\022-\341LW\302%\317MZ\002nx4\253hK\"\212\226\"\212"
 146      57C225CF 
 146      4D5A026E 
 146      7834AB68 
 146      4B228A96 
 147 0469 E6D08A36 		.ascii	"\346\320\2126}3\236\215\350\261\276\021=aE\253\353\330"
 147      7D339E8D 
 147      E8B1BE11 
 147      3D6145AB 
 147      EBD8
 148 047b 5B64E555 		.ascii	"[d\345US\016\376\332h\200>\265l\375=\"\353\245\221g"
 148      530EFEDA 
 148      68803EB5 
 148      6CFD3D22 
 148      EBA59167 
 149 048f 200B3B62 		.ascii	" \013;b\355\364\325\035\227\371\255R\273KI\240C\327"
 149      EDF4D51D 
 149      97F9AD52 
 149      BB4B49A0 
 149      43D7
 150 04a1 3BAA6EDB 		.ascii	";\252n\333\270/2\364S\001O\205\200\323\303C\337\351"
 150      B82F32F4 
 150      53014F85 
 150      80D3C343 
 150      DFE9
 151 04b3 029E3101 		.ascii	"\002\2361\001x\036\201\001\352\013\313w\216\036\347"
 151      781E8101 
 151      EA0BCB77 
 151      8E1EE7
 152 04c2 7283529D 		.ascii	"r\203R\235\300=\331}\311\253\020x.,\010\021\2474\011"
 152      C03DD97D 
 152      C9AB1078 
 152      2E2C0811 
 152      A73409
 153 04d5 AC1EDD59 		.ascii	"\254\036\335Y\374\371e\221\272\254L\227\267\372l\251"
 153      FCF96591 
 153      BAAC4C97 
 153      B7FA6CA9 
 154 04e5 89DF2A77 		.ascii	"\211\337*w}LW\333\336\302n\231\353\262A\210\352\032"
 154      7D4C57DB 
 154      DEC26E99 
 154      EBB24188 
 154      EA1A
 155 04f7 14BAFA5A 		.ascii	"\024\272\372Z~\277`\247\272J\351\214\035\206\230.\374"
ARM GAS  /tmp/cci3dpIY.s 			page 12


 155      7EBF60A7 
 155      BA4AE98C 
 155      1D86982E 
 155      FC
 156 0508 27008655 		.ascii	"'\000\206U]5D\017\364S_Y\2718\270\324\371/\024\033a"
 156      5D35440F 
 156      F4535F59 
 156      B938B8D4 
 156      F92F141B 
 157 051d 44139620 		.ascii	"D\023\226 \005%~*\356\367\277v*v0]\217+\202\343N~\253"
 157      05257E2A 
 157      EEF7BF76 
 157      2A76305D 
 157      8F2B82E3 
 158 0534 8CF15371 		.ascii	"\214\361Sqp\257R\251\035I\327\322\203\266\023F\251\272"
 158      70AF52A9 
 158      1D49D7D2 
 158      83B61346 
 158      A9BA
 159 0546 17429D7F 		.ascii	"\027B\235\1774Xj\326\\{\311\324\311\250n\214\225\255"
 159      34586AD6 
 159      5C7BC9D4 
 159      C9A86E8C 
 159      95AD
 160 0558 AC63AA4A 		.ascii	"\254c\252J\034\264|\204~\347\3461%.\351\234\231+y\246"
 160      1CB47C84 
 160      7EE7E631 
 160      252EE99C 
 160      992B79A6 
 161 056c 298929CE 		.ascii	")\211)\316\270\036g\202\305i\373\376\211\327&\342$\300"
 161      B81E6782 
 161      C569FBFE 
 161      89D726E2 
 161      24C0
 162 057e A488E356 		.ascii	"\244\210\343V7\333\312\321[\242IV\304\262\342\246\364"
 162      37DBCAD1 
 162      5BA24956 
 162      C4B2E2A6 
 162      F4
 163 058f 2E9C9EB9 		.ascii	".\234\236\271\266WR&\266{\305\265\222\303:\257B\350"
 163      B6575226 
 163      B67BC5B5 
 163      92C33AAF 
 163      42E8
 164 05a1 4A5EC9D4 		.ascii	"J^\311\324&\352\337\253Q\265\247WE\277\222\275D#-$\263"
 164      26EADFAB 
 164      51B5A757 
 164      45BF92BD 
 164      44232D24 
 165 05b6 0E415994 		.ascii	"\016AY\224\351\265SO\026\245\370\361\314H\263X\3332"
 165      E9B5534F 
 165      16A5F8F1 
 165      CC48B358 
 165      DB32
 166 05c8 AD90BA8C 		.ascii	"\255\220\272\214\223\3052N\322\014\234^\303_\362\304"
 166      93C5324E 
 166      D20C9C5E 
ARM GAS  /tmp/cci3dpIY.s 			page 13


 166      C35FF2C4 
 167 05d8 92A79F49 		.ascii	"\222\247\237I\302\377T!@f\370\227\315\231\3565W\335"
 167      C2FF5421 
 167      4066F897 
 167      CD99EE35 
 167      57DD
 168 05ea D20E0000 		.ascii	"\322\016\000\000E$NCw\350\201\212\321\320l\2665\000"
 168      45244E43 
 168      77E8818A 
 168      D1D06CB6 
 168      3500
 169 05fc 8FB53A16 		.ascii	"\217\265:\026\246o\030\223\015\231v\316\224\234C\231"
 169      A66F1893 
 169      0D9976CE 
 169      949C4399 
 170 060c E257F8AD 		.ascii	"\342W\370\255\316[\202\012s\244>(\254\235\330\200<\302"
 170      CE5B820A 
 170      73A43E28 
 170      AC9DD880 
 170      3CC2
 171 061e 74A066D3 		.ascii	"t\240f\323\215x\235gS\301\346\215\236\255\033\363\363"
 171      8D789D67 
 171      53C1E68D 
 171      9EAD1BF3 
 171      F3
 172 062f 367BBE2E 		.ascii	"6{\276.\330\362Y\336\347\237z\326m\312\3730o\375\006"
 172      D8F259DE 
 172      E79F7AD6 
 172      6DCAFB30 
 172      6FFD06
 173 0642 4FC156CF 		.ascii	"O\301V\317\246\017\362=_\024l\371r\253g\303{\357\344"
 173      A60FF23D 
 173      5F146CF9 
 173      72AB67C3 
 173      7BEFE4
 174 0655 ACE6F8F6 		.ascii	"\254\346\370\366\232m\333p\346\375\374\374\217\263>"
 174      9A6DDB70 
 174      E6FDFCFC 
 174      8FB33E
 175 0664 92FE03AF 		.ascii	"\222\376\003\257)\\u"
 175      295C75
 176              		.text
 177              		.section	.gnu.lto_.symbol_nodes.d3ee91d29c2e3d18,"",%progbits
 178 0000 789C6361 		.ascii	"x\234ca``\320\007b\006\246+\214\365\014\014\023\316"
 178      6060D007 
 178      6206A62B 
 178      8CF50C0C 
 178      13CE
 179 0012 313000A9 		.ascii	"10\000\251]\015\212@\221\253\214\365\214(\"\254\227"
 179      5D0D8A40 
 179      91AB8CF5 
 179      8C2822AC 
 179      97
 180 0023 18191A85 		.ascii	"\030\031\032\205@\252\001!b\012\275"
 180      40AA0121 
 180      620ABD
 181              		.text
ARM GAS  /tmp/cci3dpIY.s 			page 14


 182              		.section	.gnu.lto_.refs.d3ee91d29c2e3d18,"",%progbits
 183 0000 789C6361 		.ascii	"x\234ca```\004b\006\000\0002\000\006"
 183      60606004 
 183      62060000 
 183      320006
 184              		.text
 185              		.section	.gnu.lto_.decls.d3ee91d29c2e3d18,"",%progbits
 186 0000 789CCD59 		.ascii	"x\234\315YkP\025\311\025\276=}y\\\236\006\335\215\331"
 186      6B5015C9 
 186      15BE3D7D 
 186      795C9E06 
 186      DD8DD9
 187 0013 2289D9B8 		.ascii	"\"\211\331\270\265l\252\326+\272I6\377\026/\262P\253"
 187      B56CAAD6 
 187      2BBA4936 
 187      FF162FB2 
 187      50AB
 188 0025 2B75AF6B 		.ascii	"+u\257k\222\335T\010\"*Q`K\260\326\375\223\032\001\001"
 188      92DD5408 
 188      222A5160 
 188      4BB0D6FD 
 188      931A0101 
 189 0039 5194A70F 		.ascii	"Q\224\247\017\004T\304\007\202\202\202\362TXQD\024D"
 189      0454C407 
 189      828282F2 
 189      54585144 
 189      1444
 190 004b 7C818080 		.ascii	"|\201\200\200\"\342\003\004Q\020\001\311\351\356\231"
 190      22E20304 
 190      511001C9 
 190      E9EE99
 191 005a 3B73E75E 		.ascii	";s\347^\\\177\245r\2133\323g\372\353sN\237s\272\247"
 191      5C7FA572 
 191      8B33D367 
 191      FAEB734E 
 191      9F73BAA7 
 192 006e CFA056B1 		.ascii	"\317\240V\261\337\211_\253T?`\225\312\025\251T\223\360"
 192      DF895FAB 
 192      543F6095 
 192      CA15A954 
 192      93F0
 193 0080 83A66A99 		.ascii	"\203\246j\231J\372q@\307\200\362\201\000\242*S\231\376"
 193      4AFA7140 
 193      C780F281 
 193      00A22A53 
 193      99FE
 194 0092 489F8D30 		.ascii	"H\237\2150\346c \027\000\375\002\350\014\264?\200\373"
 194      E6632017 
 194      00FD02E8 
 194      0CB43F80 
 194      FB
 195 00a3 AF806CA1 		.ascii	"\257\200l\241m\005\367\021\"\003\356\034\320(\264\337"
 195      6D05F711 
 195      2203EE1C 
 195      D028B4DF 
 196 00b3 87FB30DC 		.ascii	"\207\3730\334\337C\222\036b\207\362Gt;\375\214\216?"
 196      DF43921E 
ARM GAS  /tmp/cci3dpIY.s 			page 15


 196      6287F247 
 196      743BFD8C 
 196      8E3F
 197 00c5 007D02B4 		.ascii	"\000}\002\264\036(\034h.P\014P4\220\275J\322g\017\204"
 197      1E281C68 
 197      2E500C50 
 197      3490BD4A 
 197      D2670F84 
 198 00d9 C95C817F 		.ascii	"\311\\\201\177\011\364;h\257\002\372\017\220\032\310"
 198      09F43B68 
 198      AF02FA0F 
 198      901AC8
 199 00e8 0EB179E6 		.ascii	"\016\261y\346\233\233\241\232\340\320\231\353c\015\352"
 199      9B9BA19A 
 199      E0D099EB 
 199      630DEA
 200 00f7 56D482C0 		.ascii	"V\324\202\300^4\215>E\210]\021%\025#\312B\203S\011\362"
 200      5E348D3E 
 200      45885D11 
 200      251523CA 
 200      42835309 
 201 010c C4474804 		.ascii	"\304GH\004\012<'6UFa\364O\030OcB\177T\210$\035\011\203"
 201      0A3C2736 
 201      554661F4 
 201      4F184F63 
 201      427F5488 
 202 0124 182F0C56 		.ascii	"\030/\014V!\201\347$\005\210\261\342\000\231<f\256 "
 202      2181E724 
 202      0588B1E2 
 202      00993C66 
 202      AE20
 203 0136 4EB2D938 		.ascii	"N\262\3318'$Nzw\346\366\002\214!j\320\356\030=\3425"
 203      27244E7A 
 203      77E6F602 
 203      8C216AD0 
 203      EE183DE2 
 204 014b 278F875F 		.ascii	"'\217\207_\002\317s\277\225<s-\252 \035\277\340\220"
 204      02CF73BF 
 204      953C732D 
 204      AA201DBF 
 204      E090
 205 015d 8B1D5203 		.ascii	"\213\035R\003;X\237v\337\011\330\031vh\026\260\023\227"
 205      3B589F76 
 205      DF09D819 
 205      766816B0 
 205      1397
 206 016f F6A47133 		.ascii	"\366\244q3w\320q\221\374,5Z\366>\312E\256\350(r\005"
 206      77D07191 
 206      FC2C355A 
 206      F63ECA45 
 206      AEE82872 
 207 0184 45796826 		.ascii	"Eyh&\\\227\253\231\244\336\366\246C\216\037\356\343"
 207      5C97AB99 
 207      A4DEF6A6 
 207      438E1FEE 
 207      E3
 208 0195 F715F09D 		.ascii	"\367\025\360\235\203G\234wD\362\2650l\026A\241#\010"
ARM GAS  /tmp/cci3dpIY.s 			page 16


 208      83479C77 
 208      44F2B530 
 208      6C1641A1 
 208      2308
 209 01a7 A31C3487 		.ascii	"\243\0344\207X\007Mr;\214Z\301\354c\350C\030\311\367"
 209      58074D72 
 209      3B8C5AC1 
 209      EC63E843 
 209      18C9F7
 210 01ba 96B739E3 		.ascii	"\226\2679\343\177PC\371\210\354\027\016LJ\325\235:\007"
 210      7F5043F9 
 210      88EC170E 
 210      4C4AD59D 
 210      3A07
 211 01cc 3E6123CF 		.ascii	">a#\317\177Ae\034\227d\034\227\313\310\2472\332ksr\311"
 211      7F41651C 
 211      97641C97 
 211      CBC8A732 
 211      DA6B7372 
 212 01e1 3C3EB643 		.ascii	"<>\266C\304M\316\360(\377i\351\250#{D$7m\177\236m\203"
 212      C44DCEF0 
 212      28FF69E9 
 212      A8237B44 
 212      24376D7F 
 213 01f8 83499BAB 		.ascii	"\203I\233\253\211/<i\217\334\354\016\221\231u\016^\364"
 213      892F3C69 
 213      8FDCEC0E 
 213      9199750E 
 213      5EF4
 214 020a 4C8C01B7 		.ascii	"L\214\001\267\240\"d\207NJj>\266\203k,\317G\220\311"
 214      A0226487 
 214      4E4A6A3E 
 214      B6836B2C 
 214      CF4790C9 
 215 021e BBD43AA9 		.ascii	"\273\324:\251\214sG\205\310\215\310%@t\002\036\026\300"
 215      8C734785 
 215      C88DC825 
 215      4074021E 
 215      16C0
 216 0230 43D09193 		.ascii	"C\320\221\223\235\230e\215\217!\252dw\321\321\021;\243"
 216      9D98658D 
 216      8F21AA64 
 216      77D1D111 
 216      3BA3
 217 0242 92F62DB3 		.ascii	"\222\366-\263\301\377\323P1\3508%\351\000\225S*9mYI"
 217      C1FFD350 
 217      31E83825 
 217      E9009553 
 217      2A396D59 
 218 0257 F1D1FE1C 		.ascii	"\361\321\376\034\007\230\027\221\304\247\247\377\005"
 218      07981791 
 218      C4A7A7FF 
 218      05
 219 0264 1E15643F 		.ascii	"\036\025d?\370=\356\244jQ\335\253\270g\316\037\035\340"
 219      F83DEEA4 
 219      6A51DDAB 
 219      B867CE1F 
ARM GAS  /tmp/cci3dpIY.s 			page 17


 219      1DE0
 220 0276 F765C1CC 		.ascii	"\367e\301\314*\364\211\221\2747\205\2262\245\262\370"
 220      2AF48991 
 220      BC378596 
 220      32A5B2F8 
 221 0286 91272544 		.ascii	"\221'%DQ\031\372\010\006\236\356\271Tc\307R\201G\300"
 221      5119FA08 
 221      069EEEB9 
 221      5463C752 
 221      8147C0
 222 0299 57D56CED 		.ascii	"W\325l\355Cx\200Im<\034\333\210\355\300\316\310w\266"
 222      43788049 
 222      6D3C1CDB 
 222      88EDC0CE 
 222      C877B6
 223 02ac 33B62BE6 		.ascii	"3\266+\346\272 \357\025\341\323\312_\324Y1\336\226L"
 223      BA20EF15 
 223      E1D3CA5F 
 223      D45931DE 
 223      964C
 224 02be A33FB7D8 		.ascii	"\243?\267\330\221\245Z\025\351\236<7\322\354\210\207"
 224      91A55A15 
 224      E99E3C37 
 224      D2EC8887 
 225 02ce 99BA5319 		.ascii	"\231\272S\031\2672\355\211:^PGFI\226\237#^CZW4\227j"
 225      B732ED89 
 225      3A5E5047 
 225      4649969F 
 225      235E435A 
 226 02e6 DAD3F2A6 		.ascii	"\332\323\362\246\300\331%\201\242\253\370/\302\351|"
 226      C0D92581 
 226      A2ABF82F 
 226      C2E97C
 227 02f5 AB005D49 		.ascii	"\253\000]I\321\325\310E\034C\025=j9\240av\014\020~g"
 227      D1D5C845 
 227      1C43153D 
 227      6A39A061 
 227      760C107E 
 228 030a E9BD0127 		.ascii	"\351\275\001'\314\263\205\222X\375r\310\036G1\246-+"
 228      CCB38592 
 228      58FD72C8 
 228      1E4731A6 
 228      2D2B
 229 031c E5A09A21 		.ascii	"\345\240\232!{\011\2371>\036\245\306\233YgDyK\2423\353"
 229      7B099F31 
 229      3E1EA5C6 
 229      9B596744 
 229      794BA233 
 230 0331 ECA4F915 		.ascii	"\354\244\371\025\221\234m\215\223Y\347X\377\341\001"
 230      919C6D8D 
 230      9359E758 
 230      FFE101
 231 0340 6B9CC198 		.ascii	"k\234\301\230\342\256\324JAa3\341\253\207\322\007\035"
 231      E2AED44A 
 231      416133E1 
 231      AB87D207 
 231      1D
ARM GAS  /tmp/cci3dpIY.s 			page 18


 232 0351 F061D6B9 		.ascii	"\360a\326\271)\373\306V\033|\2021\327{\366G90d#\341"
 232      29FBC656 
 232      1B7C8231 
 232      D77BF647 
 232      39306423 
 233 0366 875AE36B 		.ascii	"\207Z\343k\034p9\353<_{\377\272-\276\300\230-\027N\325"
 233      1C7039EB 
 233      3C5F7BFF 
 233      BA2DBEC0 
 233      982D174E 
 234 037b 08EBB696 		.ascii	"\010\353\266\226\360\033{\013b0\276*(\024\\\353\"\270"
 234      F01B7B0B 
 234      6230BE2A 
 234      28145CEB 
 234      22B8
 235 038d 76B0B13A 		.ascii	"v\260\261:N\203[Xg\375\346\244T\016w1\346HO\3726A\341"
 235      4E835B58 
 235      67FDE6A4 
 235      540E7731 
 235      E6484FFA 
 236 03a4 E7C4357B 		.ascii	"\347\3045{\0062\034\360#\326Wq`S\216-\036bLyqE\215\020"
 236      06321CF0 
 236      23D65771 
 236      60538E2D 
 236      1E624C79 
 237 03bc BCB9C046 		.ascii	"\274\271\300F5\304\2679\3401\326w\2747\246\312\006G"
 237      35C4B739 
 237      E031D677 
 237      BC37A6CA 
 237      0647
 238 03ce 62CAEC19 		.ascii	"b\312\354\031j\177$L\326\215\010\251\037\315s\302[X"
 238      6A7F244C 
 238      D68D08A9 
 238      1FCD73C2 
 238      5B58
 239 03e0 9FB8BBB8 		.ascii	"\237\270\273\270\260\335\245\242\365\224\026\247\262"
 239      B0DDA5A2 
 239      F59416A7 
 239      B2
 240 03ed AEFDBDA5 		.ascii	"\256\375\275\245\311\3168\2231\375Q\017:\355\031n&\260"
 240      C9CE3893 
 240      31FD510F 
 240      3AED196E 
 240      26B0
 241 03ff 5DED0FE3 		.ascii	"]\355\017\343\234\360a\326\027]\231zF\203O0\246i\340"
 241      9CF061D6 
 241      175D997A 
 241      46834F30 
 241      A669E0
 242 0412 4A86009C 		.ascii	"J\206\000\234F<\324y\027\3412\326\365$\256\252\205\303"
 242      463CD479 
 242      17E132D6 
 242      F524AEAA 
 242      85C3
 243 0424 D58CC929 		.ascii	"\325\214\311)\215\357\262\302W\030s\2778jX\215\033\031"
 243      8DEFB2C2 
 243      571873BF 
ARM GAS  /tmp/cci3dpIY.s 			page 19


 243      386A588D 
 243      1B19
 244 0436 933B9ED9 		.ascii	"\223;\236\331\250\3017\031\323X\326\371\300\011\267"
 244      A8C13719 
 244      D358D6F9 
 244      C009B7
 245 0445 3326AFFE 		.ascii	"3&\257\376b\233\340\341X\262\034\362\216\264\367\330"
 245      629BE0E1 
 245      58B21CF2 
 245      8EB4F7D8 
 246 0455 08F94AF2 		.ascii	"\010\371J\3627\273\244s\034\341N\012\236u>\241,\026"
 246      37BBA473 
 246      1CE14E0A 
 246      9E753EA1 
 246      2C16
 247 0467 A1D9967F 		.ascii	"\241\331\226\177n\263\247\263F\026\335\011\212\367\206"
 247      6EB3A7B3 
 247      4616DD09 
 247      8AF786
 248 0476 EE6E8AE2 		.ascii	"\356n\212\342\371$\007\222\231\010LF\261\334tc\276\242"
 248      F9240792 
 248      99084C46 
 248      B1DC7463 
 248      BEA2
 249 0488 769AB4EE 		.ascii	"v\232\264\356pQe\361Q\221|\325\213U\273\371\252(\214"
 249      705165F1 
 249      51917CD5 
 249      8B55BBF9 
 249      AA288C
 250 049b CE40565F 		.ascii	"\316@V_\026\320\306\305wI\211.\222\241\273\225\350{"
 250      16D0C6C5 
 250      7749892E 
 250      92A1BB95 
 250      E87B
 251 04ad 7234FCAA 		.ascii	"r4\374\252\336\254\332H\321\304\222\237\224\226\234"
 251      DEACDA48 
 251      D1C4929F 
 251      94969C
 252 04bc 55CA4EF8 		.ascii	"U\312N\370\267$\273B)\273\\)\373\225Lv\255R\366E\245"
 252      B724BB42 
 252      29BB5C29 
 252      FB954C76 
 252      AD52F645 
 253 04d1 EC3499DD 		.ascii	"\3544\231\335\217\225\262\265\004\234\213$\364k\031"
 253      8F95B2B5 
 253      049C8B24 
 253      F46B19
 254 04e0 BA46893E 		.ascii	"\272F\211>\257\224}R\206\356Q\242\037 \245\360F\031"
 254      AF947D52 
 254      86EE51A2 
 254      1F20A5F0 
 254      4619
 255 04f2 BC5509BF 		.ascii	"\274U\011\277c\006\277%\203\337R\302o\230x%\202\257"
 255      6306BF25 
 255      83DF52C2 
 255      6F987825 
 255      82AF
ARM GAS  /tmp/cci3dpIY.s 			page 20


 256 0504 3A2DA0C9 		.ascii	":-\240\311\036u\337r|D\341\004~C\006oV\302o\233\331"
 256      1E75DF72 
 256      7C44E104 
 256      7E43066F 
 256      56C26F9B 
 257 0519 9229B3A5 		.ascii	"\222)\263\245W\011\2574\203\237\225\301\333,\317T\346"
 257      5709AF34 
 257      839F95C1 
 257      DB2CCF54 
 257      E6
 258 052a C62619BA 		.ascii	"\306&\031\272\305\262-2\364\270\014}\301r\210\344\246"
 258      C5B22D32 
 258      F4B80C7D 
 258      C17288E4 
 258      A6
 259 053b DC95C11B 		.ascii	"\334\225\301\033\225\360\253f\360\022\031\274K\011\357"
 259      95F0AB66 
 259      F01219BC 
 259      4B09EF
 260 054a 50DA5226 		.ascii	"P\332R&CwZF\313\205\247\313\340\217,{Q&\274Y\206\276"
 260      43775A46 
 260      CB85A7CB 
 260      E08F2C7B 
 260      5126BC59 
 261 0560 6939FE72 		.ascii	"i9\376r\341\0052\370C\313\311H\205\323sCU\352Co8\002"
 261      E10532F8 
 261      43CBC948 
 261      85D37343 
 261      55EA436F 
 262 0576 21825209 		.ascii	"!\202R\011\207\006\22519\206\036z'\3019k.\315\216z\245"
 262      87069531 
 262      39861E7A 
 262      27C1396B 
 262      2ECD8E7A 
 263 058b AC2B32D5 		.ascii	"\254+2\325\211\302\331\217G\341*\324\007\210\247\264"
 263      89C2D98F 
 263      47E12AD4 
 263      0788A7B4 
 264 059b 93E0C9A1 		.ascii	"\223\340\311\241 \232sC[\270\331\350%\232\215\"\341"
 264      209A7343 
 264      5BB8D9E8 
 264      259A8D22 
 264      E1
 265 05ac 3E0EF74D 		.ascii	">\016\367Mp\037\201\373 \320k\240\215\300G\000=\203"
 265      701F81FB 
 265      20D06BA0 
 265      8DC04700 
 265      3D83
 266 05be F604D02B 		.ascii	"\366\004\320+\2407@c@\243@Q\320\267\015h3\020\017\264"
 266      A0374063 
 266      40A34051 
 266      D0B70D68 
 266      33100FB4 
 267 05d2 15280668 		.ascii	"\025(\006h\000\372\342\340\376\002\356\303@\223@\317"
 267      00FAE2E0 
 267      FE02EEC3 
 267      409340CF 
ARM GAS  /tmp/cci3dpIY.s 			page 21


 268 05e2 818680E2 		.ascii	"\201\206\200\342\271\331\302t\210g\332d\236\271f9\005"
 268      B9D9C274 
 268      8867DA64 
 268      9EB96639 
 268      05
 269 05f3 646E1F96 		.ascii	"dn\037\226\241\353,o\213r\267\357\222\301\237X\334_"
 269      A1EB2C6F 
 269      8B72B7EF 
 269      92C19F58 
 269      DC5F
 270 0605 64B20764 		.ascii	"d\262\007d\340\006\313~\225\241\223d\333b\277\345m\321"
 270      E006CB7E 
 270      95A19364 
 270      DB62BFE5 
 270      6DD1
 271 0617 B8A421A4 		.ascii	"\270\244!\244wd\373\342u\345\276\330$\011\207\227\314"
 271      7764FBE2 
 271      75E5BED8 
 271      24098797 
 271      CC
 272 0628 CBBCBC76 		.ascii	"\313\274\274v{\\\254\246\007\312\372\263M\207\254\221"
 272      7B5CACA6 
 272      07CAFAB3 
 272      4D87AC91 
 273 0638 DB749618 		.ascii	"\333t\226\030;\037\317\344y[\224\010\203\267s\306\363"
 273      3B1FCFE4 
 273      795B9408 
 273      83B773C6 
 273      F3
 274 0649 24499329 		.ascii	"$I\223)\242\215\022 \310\377/\001\207\271\325T\234y"
 274      A28D1220 
 274      C8FF2F01 
 274      87B9D554 
 274      9C79
 275 065b 66ED1027 		.ascii	"f\355\020'\035}\351\\\244C^\022\347@\213\032\270Op\352"
 275      1D7DE95C 
 275      A4435E12 
 275      E7408B1A 
 275      B84F70EA 
 276 066f 6D3907FA 		.ascii	"m9\007\37294\335m\366\354D\341\234G''\235\362\222\205"
 276      3934DD6D 
 276      F6EC44E1 
 276      9C472727 
 276      9DF29285 
 277 0683 99A5C0CC 		.ascii	"\231\245\300\314v\200\366TA\023\363\326`\017[F\311\312"
 277      7680F654 
 277      4113F3D6 
 277      600F5B46 
 277      C9CA
 278 0695 6544E237 		.ascii	"eD\3427\322#,#q\253J~\353\273\347\305J\323L2G\213\341"
 278      D2232C23 
 278      71AB4A7E 
 278      EBBBE7C5 
 278      4AD34C32 
 279 06ac 4B3B79BE 		.ascii	"K;y\276\322\006W\263\360\225\235|vBc\014\337h\017\015"
 279      D20657B3 
 279      F0959D7C 
ARM GAS  /tmp/cci3dpIY.s 			page 22


 279      7642630C 
 279      DF680F0D 
 280 06c0 DF6E18BB 		.ascii	"\337n\030\273S\012_\262,|\212\031\242]0\261\251&\011"
 280      530A5FB2 
 280      2C7C8A19 
 280      A25D30B1 
 280      A92609
 281 06d3 BAE20F64 		.ascii	"\272\342\017d%;\230\270s\267\211;\323\004w\246\021w"
 281      253B98B8 
 281      73B7893B 
 281      D30477A6 
 281      1177
 282 06e5 A28CE6AC 		.ascii	"\242\214\346\254\263\034\276J-Cq\321\333\023\234\240"
 282      B31CBE4A 
 282      2D4371D1 
 282      DB139CA0 
 283 06f5 E8AA22A5 		.ascii	"\350\252\"\245[\311\232DZ\272%\260\322m\217d\0344\245"
 283      5BC99A44 
 283      5ABA25B0 
 283      D26D8F64 
 283      1C34A5
 284 0708 B22B9D23 		.ascii	"\262+\235#e\327h\323\266MV\3701\023S\335^P`\213\007"
 284      65D768D3 
 284      B64D56F8 
 284      311353DD 
 284      5E50608B 
 285 071d 19235613 		.ascii	"\031#V\0233\204jb\242\273\262S\203_\321N\353\201\270"
 285      33846A62 
 285      A2BBB253 
 285      835FD14E 
 285      EB81B8
 286 0730 EC267A5C 		.ascii	"\354&z\\\202\243\021\365igq\307\342\324\203\321|\202"
 286      82A311F5 
 286      696771C7 
 286      E2D483D1 
 286      7C82
 287 0742 3FF56A26 		.ascii	"?\365j&(=\364\266\365Yv\313A\304f(\261f\373s\205\004"
 287      283DF4B6 
 287      F55976CB 
 287      41C46628 
 287      B166FB73 
 288 0758 DE6719CC 		.ascii	"\336g\031\314\242\313\002S\010h\010\314!K\211Rzk\206"
 288      A2CB0253 
 288      086808CC 
 288      214B8952 
 288      7A6B86
 289 076b 69E8CD8D 		.ascii	"i\350\315\215\264\260\335\356\345\\\205}\375\220\020"
 289      B4B0DDEE 
 289      E55C857D 
 289      FD9010
 290 077a BE6C08DF 		.ascii	"\276l\010\337~\010\337A\240,\240\003R\030wuO\300\013"
 290      7E08DF41 
 290      A02CA003 
 290      52187775 
 290      4FC00B
 291 078d 6A92A54C 		.ascii	"j\222\245L\322\353\243Wl\215)S\271\003\021\313r@\310"
 291      D2EBA357 
ARM GAS  /tmp/cci3dpIY.s 			page 23


 291      6C8D2953 
 291      B90311CB 
 291      7240C8
 292 07a0 61292A87 		.ascii	"a)*\207\314W\274\250\020\035\001=\357\2403\376nK\001"
 292      CC57BCA8 
 292      101D013D 
 292      EFA033FE 
 292      6E4B01
 293 07b3 36499D1C 		.ascii	"6I\235\034\223\3249*\244\316Q\232:\203\343\031\305\302"
 293      93D4392A 
 293      A4CE519A 
 293      3A83E319 
 293      C5C2
 294 07c5 097F0609 		.ascii	"\011\177\006\011lGB\202p.\336"
 294      6C474282 
 294      702EDE
 295 07d0 4702DD51 		.ascii	"G\002\335Qpb\304j\352\322\355\030'\224nGY\225x$b\177"
 295      7062C46A 
 295      EAD2ED18 
 295      27946E47 
 295      59957824 
 296 07e6 8A5AA8DD 		.ascii	"\212Z\250\335x\261v\313\203\011\344r\004~\234s\021\007"
 296      78B176CB 
 296      8309E472 
 296      047E9C73 
 296      1107
 297 07f8 D1BAB0E9 		.ascii	"\321\272\260\351\366\260\006o\263\242)v\254\231\337"
 297      F6B0066F 
 297      B3A22976 
 297      AC99DF
 298 0807 AC116BD2 		.ascii	"\254\021k\322\204w\252I\023\337\2646Z\311\265\025po"
 298      8477AA49 
 298      13DFB436 
 298      5AC9B515 
 298      706F
 299 0819 D1565ED3 		.ascii	"\321V^\323t\011\341d\246\355\334\363\202\303B\251\204"
 299      7409E164 
 299      A6EDDCF3 
 299      82C342A9 
 299      84
 300 082a 817D3692 		.ascii	"\201}6\222\265\331v\352i\026\211\323,\344\250\342\230"
 300      B5D976EA 
 300      691689D3 
 300      2CE4A8E2 
 300      98
 301 083b 8C8E422B 		.ascii	"\214\216B+\3454\245\3048E\025\027\211\212k7U\35643s"
 301      E534A5C4 
 301      38451517 
 301      898A6B37 
 301      55EE3433 
 302 0850 4A74CF9B 		.ascii	"Jt\317\233\302:\033\274\213\231\231\234\364\252\316"
 302      C23A1BBC 
 302      8B99999C 
 302      F4AACE
 303 085f 16A73366 		.ascii	"\026\2473f(w\340\2405\336\307\230\226\241\206\030,\257"
 303      2877E0A0 
 303      35DEC798 
ARM GAS  /tmp/cci3dpIY.s 			page 24


 303      96A18618 
 303      2CAF
 304 0871 9289D029 		.ascii	"\222\211\320)\253\344]\243\373\037;\342l6\264\257\177"
 304      ABE45DA3 
 304      FB1F3BE2 
 304      6C36B4AF 
 304      7F
 305 0882 3CDF09E7 		.ascii	"<\337\011\3470&7\357\247\006{|\2341\343\011{\0135\270"
 305      302637EF 
 305      A7067B7C 
 305      9C31E309 
 305      7B0B35B8 
 306 0896 4870D181 		.ascii	"Hp\321\201\314$\015.e\314dB\354n\033|\2261)\015)\007"
 306      CC240D2E 
 306      65CC6442 
 306      EC6E1B7C 
 306      9631290D 
 307 08ac EC713563 		.ascii	"\354q5c\306zSZ\020\363\244\203\254\220\236!\024\322"
 307      C67A535A 
 307      10F3A483 
 307      AC909E21 
 307      14D2
 308 08be C787B7ED 		.ascii	"\307\207\267\355\264\307\227\030\366vKT\251\200\265"
 308      B4C79718 
 308      F6764B54 
 308      A980B5
 309 08cd 0736B2F5 		.ascii	"\0076\262\365\3159\347\251\275^#z\375\002\363z\376\246"
 309      CD39E7A9 
 309      BD5E237A 
 309      FD02F37A 
 309      FEA6
 310 08df EE1C5B18 		.ascii	"\356\034[\030\355j\007/!\331'!W\366I\250\250j\350\230"
 310      ED6A072F 
 310      21D92721 
 310      57F649A8 
 310      A86AE898 
 311 08f3 1AD7534D 		.ascii	"\032\327SM\334\265\302\226\013\032\3317\241\337\224"
 311      DCB5C296 
 311      0B1AD937 
 311      A1DF94
 312 0902 90CF3597 		.ascii	"\220\3175\227\301G\227\244\305\346j\374Z3\220\305[\317"
 312      C14797A4 
 312      C5E66AFC 
 312      5A3390C5 
 312      5BCF
 313 0914 54A1F9F4 		.ascii	"T\241\371\364\033\004\252\203\305\345*\244[-\304\351"
 313      1B04AA83 
 313      C5E52AA4 
 313      5B2DC4E9 
 314 0924 22D39FB3 		.ascii	"\"\323\237\263\367\310yG|\233)\350Ky\022\213e\337\203"
 314      F7C87947 
 314      7C9B29E8 
 314      4B79128B 
 314      65DF83
 315 0937 DECF250A 		.ascii	"\336\317%\012\032@\301\025I\301en\012\015\365\2265T"
 315      1A40C115 
 315      49C1656E 
ARM GAS  /tmp/cci3dpIY.s 			page 25


 315      0A0DF596 
 315      3554
 316 0949 C696A7DB 		.ascii	"\306\226\247\333H\231\202\250\274j\350?G\023\372*\315"
 316      489982A8 
 316      BC6AE83F 
 316      4713FA2A 
 316      CD
 317 095a 941A3153 		.ascii	"\224\0321S\366o.L\260c+\346\235\244g\335k;\313\311\245"
 317      F66F2E4C 
 317      B0632BE6 
 317      9DA467DD 
 317      6B3BCBC9 
 318 096f 37BE4DFA 		.ascii	"7\276M\372\231\246\266/p\007\213\333\313\20668\225\337"
 318      99A6B62F 
 318      70078BDB 
 318      CB863638 
 318      95DF
 319 0981 674CD4E5 		.ascii	"gL\324\345K\207m\360C\306<\315\251\257\265\306}\214"
 319      4B876DF0 
 319      43C63CCD 
 319      A9AFB5C6 
 319      7D8C
 320 0993 E9EE795D 		.ascii	"\351\356y]\202\361s\306\034z\232\025\257\301#\302\230"
 320      82F173C6 
 320      1C7A9A15 
 320      AFC123C2 
 320      98
 321 09a4 EEFE06A1 		.ascii	"\356\376\006\241\264\337JB76p\372\206\230%\244\374~"
 321      B4DF4A42 
 321      373670FA 
 321      869825A4 
 321      FC7E
 322 09b6 FCF2C1A4 		.ascii	"\374\362\301\244-\236\240\340_vf\356\252s\020\312\357"
 322      2D9EA0E0 
 322      5F7666EE 
 322      AA7310CA 
 322      EF
 323 09c7 E9A6A537 		.ascii	"\351\246\2457\251\272\311\013f\347\363\277\365\335\350"
 323      A9BAC90B 
 323      66E7F3BF 
 323      F5DDE8
 324 09d6 A65537D9 		.ascii	"\246U7\331\274\253\300\345]\362\315\333\244\352&\273"
 324      BCABC0E5 
 324      5DF2CDDB 
 324      A4EA26BB 
 325 09e6 6DDB77E4 		.ascii	"m\333w\344\245\001;\002\255\322\010V\334',\024/e\255"
 325      A5013B02 
 325      ADD20856 
 325      DC272C14 
 325      2F65AD
 326 09f9 C657CC59 		.ascii	"\306W\314Y\245d\2632\252D\002WZ6\303\244.\222\320w\224"
 326      A564B332 
 326      AA440257 
 326      5A36C3A4 
 326      2E92D077 
 327 0a0e E8A74AD1 		.ascii	"\350\247J\321g%p\205\022,+\320L\336\026-0\255f\032\317"
 327      67257085 
ARM GAS  /tmp/cci3dpIY.s 			page 26


 327      122C2BD0 
 327      4CDE162D 
 327      30AD661A 
 328 0a23 2EE155D1 		.ascii	".\341U\321\017\331\360\020^\021\203@}@\017\200\356\001"
 328      0FD9F010 
 328      5E118340 
 328      7D400F80 
 328      EE01
 329 0a35 3D017A0C 		.ascii	"=\001z\014\364\010\250\025\350.P;\320}\240N\240\036"
 329      F408A815 
 329      E82E503B 
 329      D07DA04E 
 329      A01E
 330 0a47 A06E7260 		.ascii	"\240nr`\004\352\005zJ\016\203@m@\035&'\375L\311\316"
 330      04EA057A 
 330      4A0E8340 
 330      6D401D26 
 330      27FD4CC9 
 331 0a5c EB4A3B1F 		.ascii	"\353J;\037\230\275\277%\360\031\313\316\025\375\225"
 331      98BDBF25 
 331      F019CBCE 
 331      15FD95
 332 0a6b 0207EB26 		.ascii	"\002\007\353&\032\2672\210[\251\0006\236\240n(%\247"
 332      1AB73288 
 332      5BA90036 
 332      9EA06E28 
 332      25A7
 333 0a7d 4B926F28 		.ascii	"K\222o(%\233\027\313\215\022\272\334\262s\215v\000z"
 333      259B17CB 
 333      8D12BADC 
 333      B2738D76 
 333      007A
 334 0a8f 0743934D 		.ascii	"\007C\223M\366\266\022-?\316\020\354-\011[\254\3046"
 334      F6B6122D 
 334      3FCE10EC 
 334      2D095BAC 
 334      C436
 335 0aa1 99D95124 		.ascii	"\231\331Q$\331\361\223\022\255\250e\301\037'\277\343"
 335      D9F19312 
 335      ADA865C1 
 335      1F27BFE3 
 336 0ab1 0BFE85AE 		.ascii	"\013\376\205\256\201?\316\013`q\001\233~\015\242\245"
 336      813FCE0B 
 336      6071019B 
 336      7E0DA2A5 
 337 0ac1 A924B9C9 		.ascii	"\251$\271\311rX\344\236n\246\236>\015\222O\012`\343"
 337      7258E49E 
 337      6EA69E3E 
 337      0D924F0A 
 337      60E3
 338 0ad3 C1C3AC58 		.ascii	"\301\303\254XK\223$\337\264\354iY\315\233\334J\217`"
 338      4B9324DF 
 338      B4EC6959 
 338      CD9BDC4A 
 338      8F60
 339 0ae5 5DCA2318 		.ascii	"]\312#\030q\325\315=\357\261#\030qV\211eg\271K6\336"
 339      71D5CD3D 
ARM GAS  /tmp/cci3dpIY.s 			page 27


 339      EFB12318 
 339      71568965 
 339      67B94B36 
 340 0afa A1369E00 		.ascii	"\2416\236\000\033\3639\305*6\373r\266K\262\361\226\305"
 340      1BF339C5 
 340      2A36FB72 
 340      B64BB2F1 
 340      96C5
 341 0b0c 88B1C9C3 		.ascii	"\210\261\311\303\346\323\320\221\332\240\306\027\255"
 341      E6D3D091 
 341      DAA0C617 
 341      AD
 342 0b19 E9BE7EFF 		.ascii	"\351\276~\377|\376S;\343!m\260\225\036\322^\300\340"
 342      7CFE533B 
 342      E3216DB0 
 342      951ED25E 
 342      C0E0
 343 0b2b E7D2B6DE 		.ascii	"\347\322\266\336e~H\023\227\035\032\202\325\366\277"
 343      657E4813 
 343      971D1A82 
 343      D5F6BF
 344 0b3a 587960F7 		.ascii	"Xy`\367\276\376\336dg\223\203\336\013\223\203\336K\341"
 344      BEFEDE64 
 344      679383DE 
 344      0B9383DE 
 344      4BE1
 345 0b4c A0F7921E 		.ascii	"\240\367\222\036\364\236\247\325<\261\303\215\326\354"
 345      F49EA7D5 
 345      3CB1C38D 
 345      D6EC
 346 0b5a BBEEF1A3 		.ascii	"\273\356\361\243Q\030_gL[\305\306\363N\270\2251]{#\272"
 346      51185F67 
 346      4C5BC5C6 
 346      F34EB895 
 346      315D7B23 
 347 0b6f AD702763 		.ascii	"\255p'c\012*\242\372\204\177 U\221m\373V_F\222\025\356"
 347      0A2AA2FA 
 347      847F2055 
 347      916DFB56 
 347      5F469215 
 348 0b84 A69DB6E3 		.ascii	"\246\235\266\343\011|\257=b;\264\233\260/\027\357\375"
 348      097CAF3D 
 348      623BB49B 
 348      B02F17EF 
 348      FD
 349 0b95 E74EE9E0 		.ascii	"\347N\351\340?\014.\233\230j\025\232\270\3575\270\217"
 349      3F0C2E9B 
 349      986A159A 
 349      B8EF35B8 
 349      8F
 350 0ba6 E5EF84E0 		.ascii	"\345\357\204\340\273\010\354\206\336\300|7b(G\201\306"
 350      BB08EC86 
 350      DEC07C37 
 350      62284781 
 350      C6
 351 0bb7 A11D09F7 		.ascii	"\241\035\011\367I\223\235\347\371]c\220G\225\312\224"
 351      49939DE7 
ARM GAS  /tmp/cci3dpIY.s 			page 28


 351      F95D6390 
 351      4795CA94 
 352 0bc7 55C6B884 		.ascii	"U\306\270\204\035Sb\315\277\032\016K\350\021\313\323"
 352      1D5362CD 
 352      BF1A0E4B 
 352      E811CBD3 
 353 0bd7 907FD395 		.ascii	"\220\177\323\225\300\257,\232!/I:\356\322\3650a\251"
 353      C0AF2C9A 
 353      212F493A 
 353      EED2F530 
 353      61A9
 354 0be9 2419BBAB 		.ascii	"$\031\273\253(I,X)\226\243\321-|\263=~\314\322\366q"
 354      28492C58 
 354      2996A3D1 
 354      2D7CB33D 
 354      7ECCD2F6 
 355 0bfe F9AB3C64 		.ascii	"\371\253<dL\333\311\2734m\243\361t\004a\026\323v\302"
 355      4CDBC9BB 
 355      346DA3F1 
 355      74046116 
 355      D376C2
 356 0c11 3C6D45BF 		.ascii	"<mE\277\243M\340\356wu=\350\336Z\022\035\343h\222zD"
 356      A34DE0EE 
 356      77753DE8 
 356      DE5A121D 
 356      E368927A 
 357 0c26 97947A31 		.ascii	"\227\224z1\230\245\036\271;\254\366_\353\267v\355\012"
 357      98A51EB9 
 357      3BACF65F 
 357      EBB776ED 
 357      0A
 358 0c37 BFA090A0 		.ascii	"\277\240\220\240p\333/\277\376f\226\316\335]\245\323"
 358      70DB2FBF 
 358      FE6696CE 
 358      DD5DA5D3 
 359 0c47 AE0E0D0E 		.ascii	"\256\016\015\016\324\206\005\256\015\012\326\376\020"
 359      D48605AE 
 359      0D0AD6FE 
 359      10
 360 0c54 BA6E4D50 		.ascii	"\272nMP\310*\255nu\320\362\240%\006mh\230\026\006i\277"
 360      C82AAD6E 
 360      75D0F2A0 
 360      25066D68 
 360      98160669 
 361 0c69 0F5D171E 		.ascii	"\017]\027\036\2465,]<\177\036\273z}\266a\203V\0207'"
 361      A6352C5D 
 361      3C7F1EBB 
 361      7A7DB661 
 361      83561037 
 362 0c7e 40352D2C 		.ascii	"@5-,<x\376<\277\200\265\241\001k\250t;?\277\365A!\341"
 362      3C78FE3C 
 362      BF80B5A1 
 362      016BA874 
 362      3B3FBFF5 
 363 0c95 F02CFC33 		.ascii	"\360,\3743\355\372\260uZ\377u\301\237\206\204\206\004"
 363      EDFAB075 
 363      5AFF75C1 
ARM GAS  /tmp/cci3dpIY.s 			page 29


 363      9F868486 
 363      04
 364 0ca6 7E1AE8BF 		.ascii	"~\032\350\277<H\033\024\022\260v\375\212@m\260\177\300"
 364      3C481B14 
 364      12B076FD 
 364      8A406DB0 
 364      7FC0
 365 0cb8 EAA09040 		.ascii	"\352\240\220@\255\337\212\300\225\376\353\327\206\373"
 365      ADDF8AC0 
 365      95FEEBD7 
 365      86FB
 366 0cc6 85FFF87D 		.ascii	"\205\377\370}`\330\234\325*[q\364'o\031\035\366c\230"
 366      60D89CD5 
 366      2A5B71F4 
 366      276F191D 
 366      F66398
 367 0cd9 D62F2C7C 		.ascii	"\326/,|\005@a\210\263\341\307\260\360\300`]\350\272"
 367      05406188 
 367      B3E1C7B0 
 367      F0C0605D 
 367      E8BA
 368 0ceb 401DB1C3 		.ascii	"@\035\261\303\312`\320}\251\327\350\027\032\026\352"
 368      CA60D07D 
 368      A9D7E817 
 368      1A16EA
 369 0cfa 972DF4FC 		.ascii	"\227-\364\374\023\326\031\364\352\005\236:\351\321\037"
 369      13D619F4 
 369      EA059E3A 
 369      E9D11F
 370 0d09 351EBE0B 		.ascii	"5\036\276\013\346-\362]\370\265\236\264\334YK\354\375"
 370      E62DF25D 
 370      F8B59EB4 
 370      DC594BEC 
 370      FD
 371 0d1a 4CE3E1BD 		.ascii	"L\343\341\275`\276\320\353m\304y+q\363m\210\024xB\356"
 371      60BED0EB 
 371      6DC4792B 
 371      71F36D88 
 371      147842EE 
 372 0d2e EEF29E79 		.ascii	"\356\362\236y6D\002\355\361\026\020\336\246\010w[2V"
 372      364402ED 
 372      F11610DE 
 372      A608775B 
 372      3256
 373 0d40 6F58AA27 		.ascii	"oX\252'\015w\3220\366\315\265%\243Y\237\267\010\362"
 373      0D77D230 
 373      F6CDB525 
 373      A3599FB7 
 373      08F2
 374 0d52 6620ACF3 		.ascii	"f \254\363\321\253u^_\352m|\027-\"wN\247\267\203\246"
 374      D1AB755E 
 374      5FEA6D7C 
 374      172D2277 
 374      4EA7B783 
 375 0d67 CF3C03E1 		.ascii	"\317<\003\341\276\372\231\220\006\204\006\007\207\206"
 375      BEFA9990 
 375      06840607 
ARM GAS  /tmp/cci3dpIY.s 			page 30


 375      8786
 376 0d75 68033784 		.ascii	"h\0037\204ku\213\015>\006\210\251\020\326y\020V\032"
 376      6B758B0D 
 376      3E0688A9 
 376      10D67910 
 376      561A
 377 0d87 CB95F3E6 		.ascii	"\313\225\363\346\376y\303\006p\253\275^\247\363[\012"
 377      FE79C306 
 377      70ABBD5E 
 377      A7F35B0A 
 378 0d97 61F10C5C 		.ascii	"a\361\014\\i\357\373W\275\330\376@L\246\345\376\001"
 378      69EFFB57 
 378      BDD8FE40 
 378      4CA6E5FE 
 378      01
 379 0da8 6BD67FEF 		.ascii	"k\326\177\357\267\"4\330?(\204\006\337\232\314\305\353"
 379      B72234D8 
 379      3F288406 
 379      DF9ACCC5 
 379      EB
 380 0db9 5B6B1F4F 		.ascii	"[k\037O\335\022\317\205\204\233\347\365\255\223\347"
 380      DD12CF85 
 380      849BE7F5 
 380      AD93E7
 381 0dc8 822F17EB 		.ascii	"\202/\027\353\276\021\207\253}\014\036z\365\342\305"
 381      BE1187AB 
 381      7D0C1E7A 
 381      F5E2C5
 382 0dd7 5E7AECE1 		.ascii	"^z\354\341\251\307\236p\367\365\322\253=\274H\220\274"
 382      A9C79E70 
 382      F7F5D2AB 
 382      3DBC4890 
 382      BC
 383 0de8 3CF456D0 		.ascii	"<\364V\320\005\000O\302{\223\213\016.V\006o\010\"6x"
 383      05004FC2 
 383      7B938B0E 
 383      2E56066F 
 383      08223678 
 384 0dfc FB6A587E 		.ascii	"\373jX~}\356\027n#\334\261N\007=:\275\225\207\217^\247"
 384      7DEE176E 
 384      23DCB14E 
 384      073D3ABD 
 384      95878F5E 
 385 0e11 572F5BBA 		.ascii	"W/[\272D\257\366\001\264\225\316\367\033\037O\270z\350"
 385      44AFF601 
 385      B495CEF7 
 385      1B1F4FB8 
 385      7AE8
 386 0e23 F43F97EA 		.ascii	"\364?\227\352f~\0213-\000\222\312/ x>\311L\203n\001"
 386      667E1133 
 386      2D0092CA 
 386      2F20783E 
 386      C94C836E 
 387 0e38 9D0467D0 		.ascii	"\235\004g\320\333,\361]\372\325\302\277\353\325\344"
 387      DB2CF15D 
 387      FAD5C2BF 
 387      EBD5E4
ARM GAS  /tmp/cci3dpIY.s 			page 31


 388 0e47 82418115 		.ascii	"\202A\201\025<\320\351\035\275\026y\030\274\305\231"
 388      3CD0E91D 
 388      BD167918 
 388      BCC599
 389 0e56 FE1705D6 		.ascii	"\376\027\005\326\211\026"
 389      8916
 390              		.text
 391              		.section	.gnu.lto_.symtab.d3ee91d29c2e3d18,"",%progbits
 392 0000 68616C5F 		.ascii	"hal_lld_init\000"
 392      6C6C645F 
 392      696E6974 
 392      00
 393 000d 00       		.ascii	"\000"
 394 000e 00       		.ascii	"\000"
 395 000f 00       		.ascii	"\000"
 396 0010 00000000 		.ascii	"\000\000\000\000\000\000\000\000"
 396      00000000 
 397 0018 AD000000 		.ascii	"\255\000\000\000"
 398 001c 73746D33 		.ascii	"stm32_clock_init\000"
 398      325F636C 
 398      6F636B5F 
 398      696E6974 
 398      00
 399 002d 00       		.ascii	"\000"
 400 002e 00       		.ascii	"\000"
 401 002f 00       		.ascii	"\000"
 402 0030 00000000 		.ascii	"\000\000\000\000\000\000\000\000"
 402      00000000 
 403 0038 AF000000 		.ascii	"\257\000\000\000"
 404 003c 53797374 		.ascii	"SystemCoreClock\000"
 404      656D436F 
 404      7265436C 
 404      6F636B00 
 405 004c 00       		.ascii	"\000"
 406 004d 00       		.ascii	"\000"
 407 004e 00       		.ascii	"\000"
 408 004f 00000000 		.ascii	"\000\000\000\000\000\000\000\000"
 408      00000000 
 409 0057 BA000000 		.ascii	"\272\000\000\000"
 410              		.text
 411              		.section	.gnu.lto_.opts,"",%progbits
 412 0000 272D666D 		.ascii	"'-fmath-errno' '-fsigned-zeros' '-ftrapping-math' '"
 412      6174682D 
 412      6572726E 
 412      6F272027 
 412      2D667369 
 413 0033 2D666E6F 		.ascii	"-fno-trapv' '-fno-openmp' '-fno-openacc' '-mcpu=cor"
 413      2D747261 
 413      70762720 
 413      272D666E 
 413      6F2D6F70 
 414 0066 7465782D 		.ascii	"tex-m3' '-mno-thumb-interwork' '-mthumb' '-ggdb' '-"
 414      6D332720 
 414      272D6D6E 
 414      6F2D7468 
 414      756D622D 
 415 0099 4F322720 		.ascii	"O2' '-fomit-frame-pointer' '-falign-functions=16' '"
ARM GAS  /tmp/cci3dpIY.s 			page 32


 415      272D666F 
 415      6D69742D 
 415      6672616D 
 415      652D706F 
 416 00cc 2D666675 		.ascii	"-ffunction-sections' '-fdata-sections' '-fno-common"
 416      6E637469 
 416      6F6E2D73 
 416      65637469 
 416      6F6E7327 
 417 00ff 2720272D 		.ascii	"' '-flto'\000"
 417      666C746F 
 417      2700
 418              		.text
 419              		.comm	__gnu_lto_v1,1,1
 420              		.comm	__gnu_lto_slim,1,1
 421              		.ident	"GCC: (GNU Tools for ARM Embedded Processors) 5.3.1 20160307 (release) [ARM/embedded-5-bran
ARM GAS  /tmp/cci3dpIY.s 			page 33


DEFINED SYMBOLS
                            *ABS*:0000000000000000 hal_lld.c
                            *COM*:0000000000000001 __gnu_lto_v1
                            *COM*:0000000000000001 __gnu_lto_slim

NO UNDEFINED SYMBOLS
