ARM GAS  /tmp/ccKxLucz.s 			page 1


   1              		.syntax unified
   2              		.cpu cortex-m3
   3              		.fpu softvfp
   4              		.eabi_attribute 20, 1
   5              		.eabi_attribute 21, 1
   6              		.eabi_attribute 23, 3
   7              		.eabi_attribute 24, 1
   8              		.eabi_attribute 25, 1
   9              		.eabi_attribute 26, 1
  10              		.eabi_attribute 30, 2
  11              		.eabi_attribute 34, 1
  12              		.eabi_attribute 18, 4
  13              		.thumb
  14              		.syntax unified
  15              		.file	"hal_st.c"
  16              		.text
  17              	.Ltext0:
  18              		.section	.gnu.lto_.profile.e7a89a27e2719e38,"",%progbits
  19 0000 789C6361 		.ascii	"x\234ca```\001bF\006)\036\000\000\240\0000"
  19      60606001 
  19      62460629 
  19      1E0000A0 
  19      0030
  20              		.text
  21              		.section	.gnu.lto_.icf.e7a89a27e2719e38,"",%progbits
  22 0000 789C6361 		.ascii	"x\234ca\200\000\005\006\004`e\230?\363\3201.\306\277"
  22      80000506 
  22      04606598 
  22      3FF3D031 
  22      2EC6BF
  23 0013 BD2B1E32 		.ascii	"\275+\03623\335\357<=\205\231\271\351\342\233\205l,"
  23      33DDEF3C 
  23      3D8599B9 
  23      E9E29B85 
  23      6C2C
  24 0025 17FB8ECD 		.ascii	"\027\373\216\315`e\000\000\365F\016\206"
  24      60650000 
  24      F5460E86 
  25              		.text
  26              		.section	.gnu.lto_.jmpfuncs.e7a89a27e2719e38,"",%progbits
  27 0000 789C6361 		.ascii	"x\234ca\200\0001\006\004`\005\021\214@P\317\304\300"
  27      80003106 
  27      04600511 
  27      8C4050CF 
  27      C4C0
  28 0012 C00CA259 		.ascii	"\300\014\242Y\200\002\000\015\260\001."
  28      8002000D 
  28      B0012E
  29              		.text
  30              		.section	.gnu.lto_.inline.e7a89a27e2719e38,"",%progbits
  31 0000 789C6361 		.ascii	"x\234ca\200\200T\006\004`e``\341ad`\0022\331\026\310"
  31      80805406 
  31      04606560 
  31      60E16164 
  31      600232D9 
  32 0016 83280646 		.ascii	"\203(\006F.\020\301\300\306\012\024f\373\240\007\027"
  32      2E10C1C0 
ARM GAS  /tmp/ccKxLucz.s 			page 2


  32      C60A1466 
  32      FBA00717 
  33 0026 67626061 		.ascii	"gb`a\006\0121]\340\207\0131c\012\261`\0121\000\000\233"
  33      060A315D 
  33      E0870B31 
  33      630AB160 
  33      0A310000 
  34 003b A4086D   		.ascii	"\244\010m"
  35              		.text
  36              		.section	.gnu.lto_.pureconst.e7a89a27e2719e38,"",%progbits
  37 0000 789C6361 		.ascii	"x\234ca``\340\006bV\006\011F)&)f)\026)\000\003\333\000"
  37      6060E006 
  37      62560609 
  37      46292629 
  37      66291629 
  38 0018 9F       		.ascii	"\237"
  39              		.text
  40              		.section	.gnu.lto_stInit.e7a89a27e2719e38,"",%progbits
  41 0000 789C6361 		.ascii	"x\234ca\200\200\225@l\004\304\322@\314\310\314\300\310"
  41      80809540 
  41      6C04C4D2 
  41      40CCC8CC 
  41      C0C8
  42 0012 34E11C03 		.ascii	"4\341\034\003C#\007\023##\210\321\300\301\310P\317\304"
  42      43230713 
  42      232388D1 
  42      C0C1C850 
  42      CFC4
  43 0024 58CFF895 		.ascii	"X\317\370\225\351/\023\343\241\366g;\2314\2277\000\301"
  43      E92F13E3 
  43      A1F6673B 
  43      99349737 
  43      00C1
  44 0036 83D6F9CC 		.ascii	"\203\326\371\314\015+\0160\266230\374g\202\030\305\270"
  44      0D2B0E30 
  44      B6323330 
  44      FC678218 
  44      C5B8
  45 0048 9C519301 		.ascii	"\234Q\223\001\250\354\321\306\177Sy\331Z@\312\024 \222"
  45      A8ECD1C6 
  45      7F5379D9 
  45      5A40CA14 
  45      2092
  46 005a 8C2B18D9 		.ascii	"\214+\030\331\030\201\364\372\240\003\015\377\37777"
  46      1881F4FA 
  46      A0030DFF 
  46      FF3737
  47 0069 345C37F8 		.ascii	"4\\7\370\317\004\324\371\001(\011\262\346#\023\023\210"
  47      CF04D4F9 
  47      012809B2 
  47      E6231313 
  47      88
  48 007a 667EC1D8 		.ascii	"f~\301\330|\340//H5\310\234\235;\337\334f\257\377\333"
  48      7CE02F2F 
  48      4835C89C 
  48      9D3BDFDC 
  48      66AFFFDB 
ARM GAS  /tmp/ccKxLucz.s 			page 3


  49 008e D0D1D020 		.ascii	"\320\321\320 \320\312\314\370\237\011h\004\343J\306"
  49      D0CACCF8 
  49      9F096804 
  49      E34AC6
  50 009d 7A865666 		.ascii	"z\206Vf&\206W\214M\007\376\263\202\225\202\300\007\240"
  50      2686578C 
  50      4D07FEB3 
  50      829582C0 
  50      07A0
  51 00af 24D004A0 		.ascii	"$\320\004\240y\006\372\031\371\271\251\372\305\2519"
  51      7906FA19 
  51      F9B9A9FA 
  51      C5A939
  52 00be 99B9FAE5 		.ascii	"\231\271\372\345\371E\331\231y\351\372\316\031\231I"
  52      F945D999 
  52      79E9FACE 
  52      199949
  53 00cd 99FEC1FA 		.ascii	"\231\376\301\372\371\305\372\031\2119\372\305E\311 "
  53      F9C5FA19 
  53      8939FAC5 
  53      45C920
  54 00dc 3ABEB844 		.ascii	":\276\270D/\231\001\000\010\357OY"
  54      2F990100 
  54      08EF4F59 
  55              		.text
  56              		.section	.gnu.lto_stStartAlarm.e7a89a27e2719e38,"",%progbits
  57 0000 789C9D52 		.ascii	"x\234\235RKhSA\024\2353\023_b@\355R0\213\200\224R\027"
  57      4B685341 
  57      149D3313 
  57      5F6240ED 
  57      52308B80 
  58 0017 9DC62E5D 		.ascii	"\235\306.]\270P\012B\213`\273q!\245\237`\202\211\221"
  58      B8500A42 
  58      8B60BB71 
  58      21A59F60 
  58      828991
  59 002a A4E8B293 		.ascii	"\244\350\262\2234\257Rq\241\202\005\213%\213R\332F\333"
  59      34AF5271 
  59      A182058B 
  59      258B52DA 
  59      46DB
  60 003c 247EAAB1 		.ascii	"$~\252\261\202\217PtQZ\021\0247*\241B\225\342\"\325"
  60      828F5074 
  60      515A1114 
  60      372AA142 
  60      95E222D5 
  61 0050 AA8B62E3 		.ascii	"\252\213b\343\235\227'XW\305\201\367\356\334\231s\317"
  61      9D972758 
  61      57C581F7 
  61      EEDC9973 
  61      CF
  62 0061 3977665C 		.ascii	"9wf\\\2546\0269cC\024\017\320\007\301\300\257-3\226"
  62      AC361639 
  62      6343140F 
  62      D007C1C0 
  62      AF2D3396 
  63 0075 F470404F 		.ascii	"\364p@O\224\007l\200c\000\337\371/\216\322\345\325\""
ARM GAS  /tmp/ccKxLucz.s 			page 4


  63      94076C80 
  63      6300DFF9 
  63      2F8ED2E5 
  63      D522
  64 0087 6F9C5434 		.ascii	"o\234T4\312\023\237\232\325\224\005S0V\3455*L\242\221"
  64      CA139F9A 
  64      D5940553 
  64      3056E535 
  64      2A4CA291 
  65 009b 50AFD2F9 		.ascii	"P\257\322\371\333b\203\233\002pQ\272\2764\372q\257N"
  65      DB62839B 
  65      027051BA 
  65      BE34FA71 
  65      AF4E
  66 00ad 39FC946E 		.ascii	"9\374\224nf\363\357\366\211\0260\232\177~V\276\201\206"
  66      66F3EFF6 
  66      8916309A 
  66      7F7E56BE 
  66      8186
  67 00bf 09A5524A 		.ascii	"\011\245RJm\366\251\335\246\020\310B\020\037\246\341"
  67      6DF6A9DD 
  67      A610C842 
  67      101FA6E1 
  68 00cf C3147C8C 		.ascii	"\303\024|\214\226\030\356\240A\303W\012[7\367\030i-"
  68      9618EEA0 
  68      41C3570A 
  68      5B37F718 
  68      692D
  69 00e1 EF1FFEA3 		.ascii	"\357\037\376\243\213\2730@1w\312R\325\352\240Rc\201"
  69      8BBB3040 
  69      3177CA52 
  69      D5EAA052 
  69      6381
  70 00f3 EC4183EC 		.ascii	"\354A\203\354\353\"V!\210\356c\235s\035\305\012Ru\232"
  70      EB225621 
  70      88EE639D 
  70      731DC50A 
  70      52759A
  71 0106 6AD8BAB2 		.ascii	"j\330\272\262\340\025Gl\027\231\354\334\027\324\217"
  71      E015476C 
  71      1799ECDC 
  71      17D48F
  72 0115 6B17D6FC 		.ascii	"k\027\326\374\220\270\245\254\264_;\231\331\356\304"
  72      90B8A5AC 
  72      B45F3B99 
  72      D9EEC4
  73 0124 EE7016F5 		.ascii	"\356p\026\365\203\202\263U\224F\213\013\205\267el\267"
  73      8382B355 
  73      94468B0B 
  73      85B7656C 
  73      B7
  74 0135 652DBE0E 		.ascii	"e-\276\016h\214\355\252\312\361\257k\206\034\014\242"
  74      688CEDAA 
  74      CAF1AF6B 
  74      861C0CA2 
  75 0145 C9C3A09D 		.ascii	"\311\303\240\235\021\263\364\322\255O\306e\003\227g"
  75      11B3F4D2 
ARM GAS  /tmp/ccKxLucz.s 			page 5


  75      AD4FC665 
  75      039767
  76 0154 7E56BCB5 		.ascii	"~V\274\265T\203\365\331\215\317\376x\341\311`,Iy\235"
  76      5483F5D9 
  76      8DCFFE78 
  76      E1C9602C 
  76      49799D
  77 0167 2976E11E 		.ascii	")v\341\036\231)h3\264\231]\332\370\346\2263*\235T\345"
  77      99296833 
  77      B4995DDA 
  77      F8E69633 
  77      2A9D54E5 
  78 017b EBCFCF7C 		.ascii	"\353\317\317|\025\2460p\037\031lQ\323\266\020\201\252"
  78      15A63070 
  78      1F196C51 
  78      D3B61081 
  78      AA
  79 018c 2385F746 		.ascii	"#\205\367F \247A\352\264)\334x\000\211C>\007\200\207"
  79      20A741EA 
  79      B429DC78 
  79      0089433E 
  79      078087
  80 019f 0838FD6C 		.ascii	"\0108\375l\344?\244\334\216\261\235\312\252\243\232"
  80      E43FA4DC 
  80      8EB19DCA 
  80      AAA39A
  81 01ae 71CE9684 		.ascii	"q\316\226\204\303\370\010\362\357\326\334\264\376\230"
  81      C3F808F2 
  81      EFD6DCB4 
  81      FE98
  82 01bc 2AB542E5 		.ascii	"*\265B\345\177\025\212\266\002w\024\236\330\012O3W\247"
  82      7F158AB6 
  82      0277149E 
  82      D80A4F33 
  82      57A7
  83 01ce BD35058E 		.ascii	"\2755\005\216y\252\244\253-O\254\355\267\337\203\276"
  83      79AAA4AB 
  83      2D4FACED 
  83      B7DF83BE 
  84 01de 02B68694 		.ascii	"\002\266\206\224\365\246U\347\366\335U\310\"=\001:\233"
  84      F5A655E7 
  84      F6DD55C8 
  84      223D013A 
  84      9B
  85 01ef 66198A45 		.ascii	"f\031\212E\2032\021\214\204\243\362R,~.|\376\254<\026"
  85      8332118C 
  85      84A3F252 
  85      2C7E2E7C 
  85      FEAC3C16 
  86 0203 0AF7844F 		.ascii	"\012\367\204Ov\310XB\206\272#2\021\357\325\261+\321"
  86      76C85842 
  86      86BA2332 
  86      11EFD5B1 
  86      2BD1
  87 0215 DFD4CBDC 		.ascii	"\337\324\313\334\335=\211\376p4\350\322\277\326\035"
  87      DD3D89FE 
  87      7034E8D2 
ARM GAS  /tmp/ccKxLucz.s 			page 6


  87      BFD61D
  88 0224 545F88C5 		.ascii	"T_\210\305\373\023\262\243\263\275\345\260lk;.;O\264"
  88      FB13B2A3 
  88      B3BDE5B0 
  88      6C6B3B2E 
  88      3B4FB4
  89 0237 5F0C387C 		.ascii	"_\0148|]\221H_S\210\375\006\362\023'F"
  89      5D91485F 
  89      5388FD06 
  89      F2132746 
  90              		.text
  91              		.section	.gnu.lto_stStopAlarm.e7a89a27e2719e38,"",%progbits
  92 0000 789C6361 		.ascii	"x\234ca\200\000\013F\006\206J -\015\304\214\314\014"
  92      80000B46 
  92      06864A20 
  92      2D0DC48C 
  92      CC0C
  93 0012 8C4C13CE 		.ascii	"\214L\023\316104r012\202\030\015\034\214\014\365L\214"
  93      31303472 
  93      30313282 
  93      180D1C8C 
  93      0CF54C8C 
  94 0026 F58C5F99 		.ascii	"\365\214_\231\37621\036j\177\266\223Isy\003\020<x\372"
  94      FE32311E 
  94      6A7FB693 
  94      49737903 
  94      103C78FA 
  95 003a CEA061C5 		.ascii	"\316\240a\305\001\306Vf\006\206\377L\020\243\030\227"
  95      01C65666 
  95      0686FF4C 
  95      10A31897 
  96 004a 336A3200 		.ascii	"3j2\000\225=\332\370o*/[\013H\231\002D\222q\005#\033"
  96      953DDAF8 
  96      6F2A2F5B 
  96      0B489902 
  96      44927105 
  97 0060 D01E86F5 		.ascii	"\320\036\206\365A\007\032\376\377onh\370h\260O\031\250"
  97      41071AFE 
  97      FF6F6E68 
  97      F868B04F 
  97      19A8
  98 0072 F3035012 		.ascii	"\363\003P\022d\315G&&\020\315\374\214\361\320\227\037"
  98      64CD4726 
  98      2610CDFC 
  98      8CF1D097 
  98      1F
  99 0083 5BCF1FE5 		.ascii	"[\317\037\345F5\345\300\351{\206`3\37631bX\300\270\222"
  99      4635E5C0 
  99      E97B8660 
  99      33FE3331 
  99      6258C0B8 
 100 0098 910D68C3 		.ascii	"\221\015h\303*F6\240\314\264\326C\347\331\2770\2652"
 100      2A4636A0 
 100      CCB4D643 
 100      E7D9BF30 
 100      B532
 101 00aa 3382159E 		.ascii	"3\202\025\236[\373\375\003\027\204\013R\314\002\024"
ARM GAS  /tmp/ccKxLucz.s 			page 7


 101      5BFBFD03 
 101      17840B52 
 101      CC0214
 102 00b9 5ABCEEDB 		.ascii	"Z\274\356\333q\216\371\214s\033\201|\201Vf&\3065\214"
 102      718EF98C 
 102      731B817C 
 102      81566626 
 102      C6358C
 103 00cc 328CAB19 		.ascii	"2\214\253\031e\030@\352W\235\375\362\231]\177mCKc\303"
 103      651840EA 
 103      579DFDF2 
 103      995D7F6D 
 103      434B63C3 
 104 00e0 83EB7BC5 		.ascii	"\203\353{\305\344[\231\231\031\3272\316g\374\007t'\330"
 104      E45B9999 
 104      19D732CE 
 104      67FC0774 
 104      27D8
 105 00f2 1EC6758C 		.ascii	"\036\306u\214\372\310\3260320\256\007j~\305\330\364"
 105      FAC8D630 
 105      333230AE 
 105      076A7EC5 
 105      D8F4
 106 0104 E0E87B0E 		.ascii	"\340\350{\016\220\033\301A\361\001\350P\240\207\200"
 106      901BC141 
 106      F101E850 
 106      A08780
 107 0113 DA0CF433 		.ascii	"\332\014\3643\362sS\365\213Ss2s\365\313\363\213\262"
 107      F27353F5 
 107      8B537332 
 107      73F5CBF3 
 107      8BB2
 108 0125 33F3D2F5 		.ascii	"3\363\322\365\23532\2232\375\203\365\363\213\3653\022"
 108      9D333293 
 108      32FD83F5 
 108      F38BF533 
 108      12
 109 0136 73F48B8B 		.ascii	"s\364\213\213\222At|q\211^2\203\033\021\032\012\362"
 109      9241747C 
 109      71895E32 
 109      831B111A 
 109      0AF2
 110 0148 8B4A8AF5 		.ascii	"\213J\212\365\203C|\215\215\364}|\\\364C<}\313\014\241"
 110      83437C8D 
 110      8DF47D7C 
 110      5CF4433C 
 110      7DCB0CA1 
 111 015c 46C4E7E4 		.ascii	"F\304\347\344\244\350e0\000\000\3662\236g"
 111      A4E86530 
 111      0000F632 
 111      9E67
 112              		.text
 113              		.section	.gnu.lto_stSetAlarm.e7a89a27e2719e38,"",%progbits
 114 0000 789C8D50 		.ascii	"x\234\215PMh\023A\030\2357\023wcA\355Q0\207\200\224"
 114      4D681341 
 114      189D3713 
 114      776341ED 
ARM GAS  /tmp/ccKxLucz.s 			page 8


 114      51308780 
 115 0015 520F9DC6 		.ascii	"R\017\235\306\036=*\212\320\"\330^<\225\376\004\263"
 115      1E3D2A8A 
 115      D022D85E 
 115      3C95FE04 
 115      B3
 116 0026 9818C946 		.ascii	"\230\030\311F=v\222f-\365\244\202\205\026%\207\022Z"
 116      3D769266 
 116      2DF5A482 
 116      85162587 
 116      125A
 117 0038 A36912AB 		.ascii	"\243i\022\253B\017\342\022\212\036\244\025\357V\226"
 117      420FE212 
 117      8A1EA415 
 117      EF5696
 118 0047 0A454424 		.ascii	"\012ED$\325\332\034\304\306o6\365PO\016\314~\363v\336"
 118      D5DA1CC4 
 118      C66F36F5 
 118      504F0ECC 
 118      7EF376DE 
 119 005b BCEFBD2F 		.ascii	"\274\357\275/\300Z\313\344\214\335\242z\2146\004\003"
 119      C05ACBE4 
 119      8CDDA27A 
 119      8C360403 
 120 006b BFB3C658 		.ascii	"\277\263\306X&\310\001}PA\260q\216q\374\344\2779j\223"
 120      26C8017D 
 120      5041B071 
 120      8E71FCE4 
 120      BF396A93 
 121 007f 9BCBBC6B 		.ascii	"\233\313\274k^\321\362\012;=j\301\205#\030k\362\226"
 121      5ED1F20A 
 121      3B3D6AC1 
 121      8523186B 
 121      F296
 122 0091 14E6D145 		.ascii	"\024\346\321E\254\367\271\312\003\261\315\035\001\004"
 122      ACF7B9CA 
 122      03B1CD1D 
 122      0104
 123 009f 086EADCE 		.ascii	"\010n\255\316~:\254!G\230\340\257b\345\303\021\321\013"
 123      7E3AAC21 
 123      4798E0AF 
 123      62E5C311 
 123      D10B
 124 00b1 46E7CFAF 		.ascii	"F\347\317\257\274{\350,(\225U\2521\246\016:B\240\010"
 124      BC7BE82C 
 124      289555AA 
 124      31A60E3A 
 124      42A008
 125 00c4 417A7884 		.ascii	"Azx\204\020\026\020b\364\213\3411:5}\243\272{\377\220"
 125      10161062 
 125      F48BE131 
 125      3A357DA3 
 125      BA7BFF90 
 126 00d8 91D3EDC3 		.ascii	"\221\323\355\303S\177\373\342\011\014P-_tU\2639\241"
 126      537FFBE2 
 126      090C502D 
 126      5F7455B3 
ARM GAS  /tmp/ccKxLucz.s 			page 9


 126      39A1
 127 00ea D44CE4E3 		.ascii	"\324L\344\343\361\000\331\327\217X\235(:\307\026\347"
 127      F100D9D7 
 127      8F589D28 
 127      3AC716E7 
 128 00fa BA8A0D64 		.ascii	"\272\212\015d\333\265\324\224{{\245M\234\362]\344\213"
 128      DBB5D494 
 128      7B7BA54D 
 128      9CF25DE4 
 128      8B
 129 010b 2FBEA263 		.ascii	"/\276\242cN\273p\227&\305\214rsa\355\244\264\337\211"
 129      4EBB7097 
 129      26C58C72 
 129      7361EDA4 
 129      B4DF89
 130 011e 9F70111D 		.ascii	"\237p\021\035\023\202\263M\324f\227W\252\353\036\366"
 130      1382B34D 
 130      D4669757 
 130      AAEB1EF6 
 131 012e DB72DF7E 		.ascii	"\333r\337~\213h\216\357\252\311\361\257k\2062\014\222"
 131      8B688EEF 
 131      AAC9F1AF 
 131      6B86320C 
 131      92
 132 013f A9C0A09B 		.ascii	"\251\300\240\233i\247\366\316\324\223\011\370\304\265"
 132      69A7F6CE 
 132      D49309F8 
 132      C4B5
 133 014d 52A3DED6 		.ascii	"R\243\336\326\202\232\254g7\267\270\363&\230\307\303"
 133      829AAC67 
 133      37B7B8F3 
 133      2698C7C3 
 134 015d 0CE17647 		.ascii	"\014\341vG\034\300S2S\325f\350\262\270\272\375\303\224"
 134      1CC05332 
 134      53D566E8 
 134      B2B8BAFD 
 134      C394
 135 016f 2595CB28 		.ascii	"%\225\313(\357\356\353\353\337\205#\014,!\217]\012\355"
 135      EFEEEBEB 
 135      DF85230C 
 135      2C218F5D 
 135      0AED
 136 0181 37225273 		.ascii	"7\"Rs\272\272nD\312\232\244.9\302\3043H\234\010\355"
 136      BABA6E44 
 136      CA9AA42E 
 136      39C2C433 
 136      489C08ED 
 137 0195 11F01C11 		.ascii	"\021\360\034\021\235\207\306\342\025\032G\375Yj\373"
 137      9D87C6E2 
 137      151A47FD 
 137      596AFB
 138 01a4 EC0BB2EE 		.ascii	"\354\013\262\356\313s\032\373\271\353\024\205\306G\272"
 138      CB731AFB 
 138      B9EB1485 
 138      C647BA
 139 01b3 3D32964C 		.ascii	"=2\226LD\245\035\215[\011y3\231\272b]\275,O\307\254"
 139      44A51D8D 
ARM GAS  /tmp/ccKxLucz.s 			page 10


 139      5B097933 
 139      99BA625D 
 139      BD2C4FC7 
 140 01c8 11EBC280 		.ascii	"\021\353\302\200L\33226\034\227vjT\327!;\335=\312\314"
 140      4CDA3236 
 140      1C97766A 
 140      54D7213B 
 140      DD3DCACC 
 141 01dc E1113B6D 		.ascii	"\341\021;m%\242\001\3759\373\037\257\257%Si[\016\014"
 141      25A201FD 
 141      39FB1FAF 
 141      AF255369 
 141      5B0E0C
 142 01ef F6F79E94 		.ascii	"\366\367\236\224}}g\344\340\371\376\033\221=\275\241"
 142      7D7D67E4 
 142      E0F9FE1B 
 142      913DBDA1 
 143 01ff 787CAC3B 		.ascii	"x|\254;\306\376\000\353\350\343r"
 143      C6FE00EB 
 143      E8E372
 144              		.text
 145              		.section	.gnu.lto_stGetAlarm.e7a89a27e2719e38,"",%progbits
 146 0000 789C8D4F 		.ascii	"x\234\215O=KcA\024\2353\023_\202\240\330Y\230B\330J"
 146      3D4B6341 
 146      149D3313 
 146      5F82A0D8 
 146      599842D8 
 147 0015 0BC7E84F 		.ascii	"\013\307\350OPDA\021\214\305v\262~`\202\321H\236(VN"
 147      50444111 
 147      8CC576B2 
 147      7E6082D1 
 147      489E2856 
 148 002a 4C5E61B7 		.ascii	"L^a\267[\230\302\017,\026qW\2151\205\255\210 b\341g"
 148      5B98C20F 
 148      2C167157 
 148      8D3185AD 
 148      882062E1 
 149 003f 63250405 		.ascii	"c%\004\005\013+\305/,|\317{\243\215V^\270\334{\2303"
 149      0B2BC52F 
 149      2C7CCF7B 
 149      A38D565E 
 149      B8DC7B98 
 150 0054 E7DCE313 		.ascii	"\347\334\343\023\3575\011j\232U\324P\002\362\367\221"
 150      EF35096A 
 150      9A55D450 
 150      02F2F791 
 151 0064 10C98004 		.ascii	"\020\311\200\004x1\001\210)\211)<\312W\211\323\364\346"
 151      78310188 
 151      2989293C 
 151      CA5789D3 
 151      F4E6
 152 0076 827A900E 		.ascii	"\202z\220\016\321|\004\357\016\347\256\312\031\002\325"
 152      D17C04EF 
 152      0EE7AECA 
 152      1902D5
 153 0085 04E7CDD9 		.ascii	"\004\347\315\331\214\277f\305\230iSXv\177\376I9\255"
 153      8CBF66C5 
ARM GAS  /tmp/ccKxLucz.s 			page 11


 153      98695358 
 153      767FFE49 
 153      39AD
 154 0097 8E92C293 		.ascii	"\216\222\302\223\002\377\020\304\012\202l\361\0375\202"
 154      02FF10C4 
 154      0A826CF1 
 154      1F3582
 155 00a6 C8977977 		.ascii	"\310\227yw\266\314J\033\252\352\031%\230E\217\253\260"
 155      B6CC4A1B 
 155      AAEA1925 
 155      98458FAB 
 155      B0
 156 00b7 E81C91EB 		.ascii	"\350\034\221\353\3321\236\2272\346\245\336\375A\022"
 156      DA319E97 
 156      32E6A5DE 
 156      FD4112
 157 00c6 2C236EA9 		.ascii	",#n\251\371\244;)y\252k\354n\277ly{\326g\265\235\003"
 157      F9A43B29 
 157      79AA6BEC 
 157      6EBF6C79 
 157      7BD667B5 
 158 00dc 1745214F 		.ascii	"\027E!O\342\253\221\300\032,\262Y\207\225R\034(\343"
 158      E2AB91C0 
 158      1A2CB259 
 158      8795521C 
 158      28E3
 159 00ee EC1EFB39 		.ascii	"\354\036\3739\201*r\217\262\317\267\245\357\220\371"
 159      812A728F 
 159      B2CFB7A5 
 159      EF90F9
 160 00fd 9CF1EFC6 		.ascii	"\234\361\357\306\323~`\011\213I\302\025\216\362a\203"
 160      D37E6009 
 160      8B49C215 
 160      8EF26183 
 161 010d A264390A 		.ascii	"\242d9\012=\256\036>\334\373u\326\244\223\246p\376Z"
 161      3DAE1E3E 
 161      DCFB75D6 
 161      A493A670 
 161      FE5A
 162 011f D9E6A812 		.ascii	"\331\346\250\022\344\260\004\227N-Z\021\307\313\344"
 162      E4B00497 
 162      4E2D5A11 
 162      C7CBE4
 163 012e 2FAC508E 		.ascii	"/\254P\2169f\021\216\262\260\011\215\332\340\007\003"
 163      3966118E 
 163      B2B0098D 
 163      DAE00703 
 164 013e 7984C40D 		.ascii	"y\204\304\015\246\013\313\336\011\370\354\024g\345\264"
 164      A60BCBDE 
 164      09F8EC14 
 164      67E5B4
 165 014d E094B4D7 		.ascii	"\340\224\264\327\353H|x@\333\003\261\350\260\236\210"
 165      EB487C78 
 165      40DB03B1 
 165      E8B09E88 
 166 015d 2786A223 		.ascii	"'\206\242#\203\272)\022\355\215v\206u\334\326\221_1"
 166      83BA2912 
ARM GAS  /tmp/ccKxLucz.s 			page 12


 166      ED8D7686 
 166      75DCD691 
 166      5F31
 167 016f 6D27FA78 		.ascii	"m'\372x\366\330cu}\242\345\033\037F\343\2111[\207\273"
 167      F6D86375 
 167      7DA2E51B 
 167      1F46E389 
 167      315B87BB 
 168 0183 3B1A1B74 		.ascii	";\032\033t{{\263\356n\353\030\017}H\364\304b\375u\021"
 168      7B7BB3EE 
 168      6EEB180F 
 168      7D48F4C4 
 168      62FD7511 
 169 0197 F106AF2E 		.ascii	"\361\006\257.\262\366"
 169      B2F6
 170              		.text
 171              		.section	.gnu.lto_.symbol_nodes.e7a89a27e2719e38,"",%progbits
 172 0000 789C55C8 		.ascii	"x\234U\310\271\015\200@\014\005\321\371{\364\001E\022"
 172      B90D8040 
 172      0C05D1F9 
 172      7BF40145 
 172      12
 173 0011 DB255004 		.ascii	"\333%P\004UP\004\301r\245T\202X\2219\030\215\364\012"
 173      555004C1 
 173      72A55482 
 173      58913918 
 173      8DF40A
 174 0024 30F5484D 		.ascii	"0\365HM\006\363\006}\253\217]v\231\242\034\262\024\345"
 174      06F3067D 
 174      AB8F5D76 
 174      99A21CB2 
 174      14E5
 175 0036 94E52897 		.ascii	"\224\345(\227\254\004\321-\253\277\200\373\000\231\312"
 175      AC04D12D 
 175      ABBF80FB 
 175      0099CA
 176 0045 F2BCE203 		.ascii	"\362\274\342\003\000\273\035\260"
 176      00BB1DB0 
 177              		.text
 178              		.section	.gnu.lto_.refs.e7a89a27e2719e38,"",%progbits
 179 0000 789C6361 		.ascii	"x\234ca```\004b\006\000\0002\000\006"
 179      60606004 
 179      62060000 
 179      320006
 180              		.text
 181              		.section	.gnu.lto_.decls.e7a89a27e2719e38,"",%progbits
 182 0000 789CB557 		.ascii	"x\234\265W{LTW\032\277\347\236\001\207a\000\213\246"
 182      7B4C5457 
 182      1ABFE79E 
 182      01876100 
 182      8BA6
 183 0012 71B36CD6 		.ascii	"q\263l\3264\030i6uD\366\345?\033\355`m\223\3326\203"
 183      34186936 
 183      7544F6E5 
 183      3F1BED60 
 183      6D93DA36 
 184 0027 DB6CB29B 		.ascii	"\333l\262\233L\020\261L\226\207a\306n\372\307\356^\005"
ARM GAS  /tmp/ccKxLucz.s 			page 13


 184      4C10B14C 
 184      968761C6 
 184      6EFAC7EE 
 184      5E05
 185 0039 11D1AE20 		.ascii	"\021\321\256 \010\212\200\274\337*\202\200\200\350("
 185      088A80BC 
 185      DF2A8280 
 185      80E828
 186 0048 3AA082A5 		.ascii	":\240\202\245( \"B}\340s\025\225\212\212\312~\347q\347"
 186      28202242 
 186      7DE07315 
 186      958A8ACA 
 186      7EE771E7 
 187 005c 5EC7C1BA 		.ascii	"^\307\301\272\233\354\015\337\334\363\235\363\373~\337"
 187      9BEC0DDF 
 187      DCF39DF3 
 187      FB7EDF
 188 006b EBDC7B0F 		.ascii	"\353\334{\017\032\201]\037\277#\010\305\242 \344#A\230"
 188      1A815D1F 
 188      BF2308C5 
 188      A220E423 
 188      4198
 189 007d 82CB13E6 		.ascii	"\202\313\023\346\276\024\224\213\350{A\016\203\034\001"
 189      BE14948B 
 189      E87B410E 
 189      831C01
 190 008c B183B481 		.ascii	"\261\203\264\201\234\024^\277\010\016s{\007H5\237\027"
 190      9C145EBF 
 190      080E737B 
 190      0748359F 
 190      17
 191 009d F99A3B1B 		.ascii	"\371\232;\033\302\253\3456\376 \263A\016\201\350 \036"
 191      C2ABE536 
 191      FE20B341 
 191      0E81E820 
 191      1E
 192 00ae 2DC84518 		.ascii	"-\310E\030wr\336)b\000s\023\234\223\330\352\021\235"
 192      7772DE29 
 192      62007313 
 192      9C93D8EA 
 192      119D
 193 00c0 127E8E5E 		.ascii	"\022~\216^\345%\261j8\257\314\325\311\314\235\366\004"
 193      E525B16A 
 193      38AFCCD5 
 193      C9CC9DF6 
 193      04
 194 00d1 F30B173B 		.ascii	"\363\013\027;\201\347\37061!\036\223\310m~\311c\231"
 194      81E7F836 
 194      31211E93 
 194      C86D7EC9 
 194      6399
 195 00e3 EFC249EA 		.ascii	"\357\302I\3525\343\277\340\"\370\3679\327\257\\\270"
 195      35E3BFE0 
 195      22F8F739 
 195      D7AF5CB8 
 196 00f3 5E88A8F5 		.ascii	"^\210\250\365\334\344Y\315 \032@\200E3\351,B\354\027"
 196      DCE459CD 
ARM GAS  /tmp/ccKxLucz.s 			page 14


 196      201A4080 
 196      4533E92C 
 196      42EC17
 197 0106 51119850 		.ascii	"Q\021\230P\025\006\242\300\271\344)$\003\271.\312C\301"
 197      1506A2C0 
 197      B9E42924 
 197      03B92ECA 
 197      43C1
 198 0118 4946FFB8 		.ascii	"IF\377\270=\335\027\364\242$\012;\342FL\347\306\002"
 198      3DDD17F4 
 198      A2240A3B 
 198      E2464CE7 
 198      C602
 199 012a E2BAA838 		.ascii	"\342\272\2508@L\225\015T|,\\N\247\304\354\314\011\311"
 199      404C950D 
 199      547C2C5C 
 199      4EA7C4EC 
 199      CC09C9
 200 013d 496FAABD 		.ascii	"Io\252\2757\354\201ED\306\303O\313?ZP-\301\225*I\342"
 200      37EC8145 
 200      44C6C34F 
 200      CB3F5A50 
 200      2DC1952A 
 201 0153 CF94CA7C 		.ascii	"\317\224\312|\237X\223\203\307E\344\257C\032P\037te"
 201      9F589383 
 201      C745E4AF 
 201      431A501F 
 201      7465
 202 0165 5FF50575 		.ascii	"_\365\005u\266\016\315\005\365\305\251\335\331\342\234"
 202      B60ECD05 
 202      F5C5A9DD 
 202      D9E29C
 203 0174 4C6A9720 		.ascii	"Lj\227 \315\325\240/\337EU(\000U\242\000pT\215\346\300"
 203      CDD5A02F 
 203      DF455528 
 203      0055A200 
 203      70548DE6 
 204 0189 EF2A0D63 		.ascii	"\357*\015c\332\222~\373\202\327{\371R~\2154\322;\026"
 204      DA927EFB 
 204      82D77BF9 
 204      527E8D34 
 204      D23B16
 205 019c B24BB227 		.ascii	"\262K\262'\202\231HP\250\034aT\201\026\220\350`Hneh"
 205      82994850 
 205      A81C6154 
 205      811690E8 
 205      60486E65 
 206 01b1 10C2DE8B 		.ascii	"\020\302\336\213\336\003\313\204\352\213)\036\330H\003"
 206      DE03CB84 
 206      EA8B291E 
 206      D84803
 207 01c0 1DEAA8A8 		.ascii	"\035\352\250\250\"\361\314\327!\222\256\037L\355\277"
 207      22F1CCD7 
 207      2192AE1F 
 207      4CEDBF
 208 01cf DBF4D487 		.ascii	"\333\364\324\207M\021D\317\266\207\3053\360\027d,:\276"
 208      4D1144CF 
ARM GAS  /tmp/ccKxLucz.s 			page 15


 208      B687C533 
 208      F017642C 
 208      3ABE
 209 01e1 ADABF546 		.ascii	"\255\253\365FA\272R\022\341\310\204#4m\023qY\207t\350"
 209      41BA5212 
 209      E1C88423 
 209      346D1371 
 209      598774E8 
 210 01f5 80E272BE 		.ascii	"\200\342r\276\016~\223%i\003I\302\277\303Wp\346\200"
 210      0E7E9325 
 210      690349C2 
 210      BFC35770 
 210      E680
 211 0207 6A5110E1 		.ascii	"jQ\020\341%@T\003\223\373a\022|T\024\247\025z\342TD"
 211      25405403 
 211      93FB6112 
 211      7C5414A7 
 211      157AE254 
 212 021c 9DEC3A58 		.ascii	"\235\354:X9\241s:y\224\022\010u\234\211\032\300\307"
 212      39A1733A 
 212      79941208 
 212      759C891A 
 212      C0C7
 213 022e 41C507B8 		.ascii	"A\305\007\270\234\326I\275{'\333\352\007\237\373\341"
 213      9CD649BD 
 213      7B27DBEA 
 213      079FFBE1 
 214 023e 36E664EA 		.ascii	"6\346d\352\361h\275\016\351\202\33434\271a`\341\264"
 214      F168BD0E 
 214      E982DC33 
 214      34B96160 
 214      E1B4
 215 0250 9CFD4D25 		.ascii	"\234\375M%\011\347\020\204\323\250\204\323@\303\001"
 215      09E71084 
 215      D3A884D3 
 215      40C301
 216 025f 277BAA86 		.ascii	"'{\252\206\212fh\310\266'\010\350\025\3145\324l{\340"
 216      8A6668C8 
 216      B62708E8 
 216      15CC35D4 
 216      6C7BE0
 217 0272 316D575B 		.ascii	"1mW[hW\233\021o\353\346c\02725\320\326\021\322\326q"
 217      68579B11 
 217      6FEBE663 
 217      173235D0 
 217      D611D2D6 
 218 0287 7D6682D4 		.ascii	"}f\202\324\001vs\011\014\355S\034\356S\267\3650m\353"
 218      01767309 
 218      0CED531C 
 218      EE53B7F5 
 218      306DEB
 219 029a A9C95A5F 		.ascii	"\251\311Z_\274\221\355\277\213O\307\266y0\026\373c\207"
 219      BC91EDBF 
 219      8B4FC7B6 
 219      793016FB 
 219      6387
 220 02ac 5E4A5D2F 		.ascii	"^J]/IK\350\326hU8Z\325\034G(\307\366\272\211=\0368\215"
ARM GAS  /tmp/ccKxLucz.s 			page 16


 220      494BE8D6 
 220      6855385A 
 220      D51C4728 
 220      C7F6BA89 
 221 02c4 918C96D5 		.ascii	"\221\214\226\325\327\3538Im\273LB\0029\252\220\034U"
 221      D7EB3849 
 221      6DBB4C42 
 221      0239AA90 
 221      1C55
 222 02d6 93D82949 		.ascii	"\223\330)I\365xw\255\017\316a$'\246\316\366\316P'O\352"
 222      F57877AD 
 222      0FCE6124 
 222      27A6CEF6 
 222      CE50274F 
 223 02eb A2647FFC 		.ascii	"\242d\177\374\225=\275{\363\341P\356\360Q\273\217sK"
 223      953DBD7B 
 223      F3E150EE 
 223      F051BB8F 
 223      734B
 224 02fd 03081D53 		.ascii	"\003\010\035S\\\036S\273l\243.\037l\275\237\357\207"
 224      5C1E53BB 
 224      6CA32E1F 
 224      6CBD9FEF 
 224      87
 225 030e CB98CBC6 		.ascii	"\313\230\313\306\211\347\243>\204\006\372\325\177\356"
 225      89E7A33E 
 225      8406FAD5 
 225      7FEE
 226 031c EFEB8B92 		.ascii	"\357\353\213\222\354\251\210>>\350\204\302r\202\262"
 226      ECA9883E 
 226      3EE884C2 
 226      7282B2
 227 032b C0E02465 		.ascii	"\300\340$e\230\274\276\377\206^\237\242l\007\212W\002"
 227      98BCBEFF 
 227      865E9FA2 
 227      6C078A57 
 227      02
 228 033c 7520BD6C 		.ascii	"u \275l\011C\342\345\207\035G\275\330\223|\201x\315"
 228      0943E2E5 
 228      871D47BD 
 228      D8937C81 
 228      78CD
 229 034e 6E193FED 		.ascii	"n\031?\355\301t-Y\276W\325\350\303\236l;Y>7Z\220\250"
 229      C1742D59 
 229      BE57D5E8 
 229      C39E6C3B 
 229      593E375A 
 230 0364 67CBDD44 		.ascii	"g\313\335Do\353k\037\323\340g,\342\356\262\344n\254"
 230      6FEB6B1F 
 230      D3E0672C 
 230      E2EEB2E4 
 230      6EAC
 231 0376 83BD98F0 		.ascii	"\203\275\230\360\326\273\271\263s\262\313\003K\230\332"
 231      D6BBB9B3 
 231      73B2CB03 
 231      4B98DA
 232 0385 6F3959EF 		.ascii	"o9Y\357\340o\225\016\242g4\267\265x\343\004\266x5\345"
ARM GAS  /tmp/ccKxLucz.s 			page 17


 232      E06F950E 
 232      A26734B7 
 232      B578E304 
 232      B67835E5 
 233 0399 4A9B274E 		.ascii	"J\233'Nf\212\034\226?\017k\317\340\217\247\021\336\312"
 233      668A1C96 
 233      3F0F6BCF 
 233      E08FA711 
 233      DECA
 234 03ab 165B1A0F 		.ascii	"\026[\032\017;x\012\013\311\223?\326\231\353\315\324"
 234      3B780A0B 
 234      C9933FD6 
 234      99EBCDD4 
 235 03bb 99641B8F 		.ascii	"\231d\033\217\236r\350XF\022\"/\371\236KKp\032\263<"
 235      9E72E858 
 235      4612222F 
 235      F99E4B4B 
 235      701AB33C 
 236 03cf FEB0A68C 		.ascii	"\376\260\246\214g\207A\275?Q\270YK\362\221\344b\372"
 236      678741BD 
 236      3F51B859 
 236      4BF291E4 
 236      62FA
 237 03e1 AB9B7E81 		.ascii	"\253\233~\201<-\310\020\200\372Y.\233r\207\353<\374"
 237      3C2DC810 
 237      80FA592E 
 237      9B7287EB 
 237      3CFC
 238 03f3 53F9EB72 		.ascii	"S\371\353r\211\215>\354\275\000?O\341\003\310_6\"\350"
 238      898D3EEC 
 238      BD003F4F 
 238      E103C85F 
 238      3622E8
 239 0406 CBCF734E 		.ascii	"\313\317sNb5\272\363M\350}E%Y:\274\203\205\271\373\321"
 239      6235BAF3 
 239      4DE87D45 
 239      25593ABC 
 239      8385B9FB 
 240 041b D02DDEB3 		.ascii	"\320-\336\263 PK\037\267$h\361.\266\226~$\267k\006\316"
 240      20504B1F 
 240      B72468F1 
 240      2EB6967E 
 240      24B76B06 
 241 0430 658AFC5E 		.ascii	"e\212\374^\366g\357\345\015\375\037\342\002\266r4m\373"
 241      F667EFE5 
 241      0DFD1FE2 
 241      02B67234 
 241      6DFB
 242 0442 10C2254C 		.ascii	"\020\302%L\271\227x}\204Wh\016\250;\316\334\231\217"
 242      B997787D 
 242      8457680E 
 242      A83BCEDC 
 242      998F
 243 0454 2BD9D2CB 		.ascii	"+\331\322\313\216\266\371\270\206\215\035\015\345e\010"
 243      8EB6F9B8 
 243      868D1D0D 
 243      E56508
ARM GAS  /tmp/ccKxLucz.s 			page 18


 244 0463 3730E561 		.ascii	"70\345a\266\343\216\01673%\277'\347\220\026\2672\245"
 244      B6E38E0E 
 244      373325BF 
 244      27E79016 
 244      B732A5
 245 0476 F44966A9 		.ascii	"\364If\251\036\037g\312\371\246\336do\334\316\224\344"
 245      1E1F67CA 
 245      F9A6DE64 
 245      6FDCCE94 
 245      E4
 246 0487 0307767A 		.ascii	"\003\007vz\3433L\331\3202\220\346\307\234\216\020\375"
 246      E3334CD9 
 246      D03290E6 
 246      C79C8E10 
 246      FD
 247 0498 5AC9B57C 		.ascii	"Z\311\265|/\336\027O\320Sz:'\020\376\216\201\353s\373"
 247      2FDE174F 
 247      D0537A3A 
 247      2710FE8E 
 247      81EB73FB 
 248 04ac F2BCA7EF 		.ascii	"\362\274\247\357\304=\271\023\013i#v\017\274\254\361"
 248      C43DB913 
 248      0B692376 
 248      0FBCACF1 
 249 04bc E3A5B5CB 		.ascii	"\343\245\265\313\2158\005\350\016\212\276OK{O.mmz\211"
 249      8D3805E8 
 249      0E8ABE4F 
 249      4B7B4F2E 
 249      6D6D7A89 
 250 04d0 43AB4677 		.ascii	"C\253Fw\276\001\375n\307\360\265}^(\320\345\012\012"
 250      BE01FD6E 
 250      C7F0B57D 
 250      5E28D0E5 
 250      0A0A
 251 04e2 0C9C1518 		.ascii	"\014\234\025\030X(%&H#\003y_g\226%I\251\341\224\350"
 251      58282526 
 251      48230379 
 251      5F679625 
 251      49A9E194 
 252 04f7 0C3CAA89 		.ascii	"\014<\252\211\342,\345A8MY\253\310\257@\015\354\265"
 252      E22CE541 
 252      384D59AB 
 252      C8AF400D 
 252      ECB5
 253 0509 837A197D 		.ascii	"\203z\031}\325\025}\3455\364N\005}\323\025\315\"\016"
 253      D5157DE5 
 253      35F44E05 
 253      7DD315CD 
 253      220E
 254 051b 56C00715 		.ascii	"V\300\007\025\360\017\256\340aWp\267\002\356q\005\177"
 254      F00FAEE0 
 254      615770B7 
 254      02EE7105 
 254      7F
 255 052c FF5A1C87 		.ascii	"\377Z\034\207\025\364\240+\372\234+u\266\002\276\341"
 255      15F4A02B 
 255      FA9C2B75 
ARM GAS  /tmp/ccKxLucz.s 			page 19


 255      B602BEE1 
 256 053c 3E6835F5 		.ascii	">h5\365y\005\375\235+\372\354\253\350\365\222\375\342"
 256      7905FD9D 
 256      2BFAECAB 
 256      E8F592FD 
 256      E2
 257 054d 9F09780C 		.ascii	"\237\011x\014\371\243\177s\260\334<\324\356\032G\206"
 257      F9A37F73 
 257      B0DC3CD4 
 257      EE1A4786 
 258 055d C27CDB95 		.ascii	"\302|\333\225\331\340\202\355Q\260\335\356\243P\201"
 258      D9E082ED 
 258      51B0DDEE 
 258      A35081
 259 056c 0F29E0CB 		.ascii	"\017)\340\313\256\340K\256\340\032\005|\315}\303U\340"
 259      AEE04BAE 
 259      E01A057C 
 259      CD7DC355 
 259      E0
 260 057d 3E05DCE5 		.ascii	">\005\334\345~/\005+\2658Bkq\021j\321\307\261\362\033"
 260      7E2F052B 
 260      B538426B 
 260      71116AD1 
 260      C7B1F21B 
 261 0591 85F7445D 		.ascii	"\205\367D]\346\034\205y\324\225\371\274\302LO\014\366"
 261      E61C8579 
 261      D495F9BC 
 261      C24C4F0C 
 261      F6
 262 05a2 74004B5A 		.ascii	"t\000KZ\002\022\370\007Dp\022\265\014\006\220\217\034"
 262      0212F807 
 262      447012B5 
 262      0C06908F 
 262      1C
 263 05b3 A65443EE 		.ascii	"\246TC\356\323W;nP\034\217\270\337\225\014\235\306_"
 263      D3573B6E 
 263      501C8FB8 
 263      DF950C9D 
 263      C65F
 264 05c5 8E12B209 		.ascii	"\216\022\262\011\350. \356\320E\202\207\020\320z1\010"
 264      E82E20EE 
 264      D0458287 
 264      10D07A31 
 264      08
 265 05d6 3D438128 		.ascii	"=C\201(I\014D\217\340>\001\"\301x#\310\013\030?\004"
 265      490C448F 
 265      E03E0122 
 265      C17823C8 
 265      0B183F04 
 266 05ea 19074900 		.ascii	"\031\007I\000\3759\3347\300\3751\334\247@~\004\231\004"
 266      FD39DC37 
 266      C0FD31DC 
 266      A7407E04 
 266      9904
 267 05fc 7902F212 		.ascii	"y\002\362\022\344\001\310S\024\250J*O\011\362\272\373"
 267      E401C853 
 267      14A84A2A 
ARM GAS  /tmp/ccKxLucz.s 			page 20


 267      4F09F2BA 
 267      FB
 268 060d EAA853CA 		.ascii	"\352\250S\312T\320\267\334n,\006&G\325\316\276r_\234"
 268      54D0B7DC 
 268      6E2C0626 
 268      47D5CEBE 
 268      725F9C
 269 0620 ADA1E7B7 		.ascii	"\255\241\347\267\363\011{+\020\232\025\3446S\264\031"
 269      F3097B2B 
 269      109A15E4 
 269      3653B419 
 270 0630 12FC7F27 		.ascii	"\022\374\177'\313\272;4\210Hw\223\301\331&\321y\266"
 270      CBBA3B34 
 270      88487793 
 270      C1D926D1 
 270      79B6
 271 0642 20CDA631 		.ascii	" \315\2461K\033w\365\373\276r\252HV%(\240\024QO\317"
 271      4B1B77F5 
 271      FBBE72AA 
 271      48562528 
 271      A014514F 
 272 0657 20700774 		.ascii	" p\007tA\335x\266\017.\245\031\242}\243\247\267\222"
 272      41DD78B6 
 272      0F2EA519 
 272      A27DA3A7 
 272      B792
 273 0669 538CBD86 		.ascii	"S\214\275\206\234b\376r\274$\211\034\300\362?\246'F"
 273      9C62FE72 
 273      BC24891C 
 273      C0F23FA6 
 273      2746
 274 067b B4457106 		.ascii	"\264Eq\006C\3458\264U$\207\231\376\015Y7\274q\023#*"
 274      43E538B4 
 274      55248799 
 274      FE0D5937 
 274      BC711323 
 275 0690 BADDD4C6 		.ascii	"\272\335\324\306\277\352>\240^*\314(\321\260\317\305"
 275      BFEA3EA0 
 275      5E2ACC28 
 275      D1B0CFC5 
 276 06a0 4DB25CD0 		.ascii	"M\262\\\320\365(S\207\333\031v\362f\306\000bX\022P\322"
 276      F5285387 
 276      DB1976F2 
 276      66C60062 
 276      581250D2 
 277 06b4 4E47A3D7 		.ascii	"NG\243\327\364_\217\355\"\377z\244\211\364\363\321\373"
 277      F45F8FED 
 277      22FF7AA4 
 277      89F4F3D1 
 277      FB
 278 06c5 A4F5991E 		.ascii	"\244\365\231\036wS*M\335\206\341\002_\024\024\200\000"
 278      77532A4D 
 278      DD86E102 
 278      5F141480 
 278      00
 279 06d6 8ED8619E 		.ascii	"\216\330a\236\374/$\240,Q\207\322E,\377\273\230-\001"
 279      FC2F24A0 
ARM GAS  /tmp/ccKxLucz.s 			page 21


 279      2C5187D2 
 279      452CFFBB 
 279      982D01
 280 06e9 FFD83FC9 		.ascii	"\377\330?\3114\214\265\364NO\345c\205\222\347\034\001"
 280      348CB5F4 
 280      4E4FE563 
 280      8592E71C 
 280      01
 281 06fa 85D08F13 		.ascii	"\205\320\217\023\312\2006fQ\177\231b\000\332\301\034"
 281      CA803666 
 281      517F9962 
 281      00DAC11C 
 282 070a 8E5FBE1E 		.ascii	"\216_\276\036\250\234\004\020\245\336\006\313\377\022"
 282      A89C0410 
 282      A5DE06CB 
 282      FF12
 283 0718 49783B45 		.ascii	"Ix;E\1779Hz&n\357L\364\324q\352\324\237\242ni\2764\340"
 283      7F39487A 
 283      266EEF4C 
 283      F4D471EA 
 283      D49FA26E 
 284 0730 A1E6DEF5 		.ascii	"\241\346\336\365&\356c\031y\325\236\363\212\244n8u\366"
 284      26EE6319 
 284      79D59EF3 
 284      8AA46E38 
 284      75F6
 285 0742 3ED7A74B 		.ascii	">\327\247K\211;%\015\312\026\375Q*4\012\316\347*\323"
 285      893B250D 
 285      CA16FD51 
 285      2A340ACE 
 285      E72AD3
 286 0755 6F616625 		.ascii	"oaf%\324a\2678\017,\007\247\232\362}p/+\377\331\236"
 286      D461B738 
 286      0F2C07A7 
 286      9AF27D70 
 286      2F2BFFD9 
 287 076a AD8D5A67 		.ascii	"\255\215Zg\317\327\250zN\016\2439J\317s\324=\317\245"
 287      CFD7A87A 
 287      4E0EA339 
 287      4ACF73D4 
 287      3DCFA5
 288 077d 3D3F7AAB 		.ascii	"=?z\2538[\203o0\242\306\256\315\245\210\021\331{\316"
 288      385B836F 
 288      30A2C6AE 
 288      CDA58811 
 288      D97BCE
 289 0790 E8190BDD 		.ascii	"\350\031\013\3358y\012I\236\232d\017%i\275\325\336\353"
 289      38790A49 
 289      9E9A640F 
 289      2569BDD5 
 289      DEEB
 290 07a2 839F3092 		.ascii	"\203\2370\222\376\201\304&\276\031\274U\007\336\331"
 290      FE81C426 
 290      BE19BC55 
 290      07DED9
 291 07b1 FCC0FB62 		.ascii	"\374\300\373b\254\373\005?\363\351Hy\253\246\032<\247"
 291      ACFB053F 
ARM GAS  /tmp/ccKxLucz.s 			page 22


 291      F3E94879 
 291      ABA61A3C 
 291      A7
 292 07c2 DF2BC5F2 		.ascii	"\337+\305\362^)b\365\355\273\233\265\011\271"
 292      5E2962F5 
 292      EDBB9BB5 
 292      09B9
 293 07d0 F6AE108A 		.ascii	"\366\256\020\212T@\213TB\353[,\327w\242\242\344\201"
 293      54408B54 
 293      42EB5B2C 
 293      D777A2A2 
 293      E481
 294 07e2 AF6B37A6 		.ascii	"\257k7\246E\037\271}\242S#w\343\256/\357F)\357\006\374"
 294      451FB97D 
 294      A2532377 
 294      E3AE2FEF 
 294      4629EF06 
 295 07f7 93A232CD 		.ascii	"\223\2422\315\347\335(\243\335h\310\332\361\007\234"
 295      E7DD28A3 
 295      DD68C8DA 
 295      F1079C
 296 0806 E441D36F 		.ascii	"\344A\323ohN\257\363s6\343\037\333\313\234\315 \377"
 296      684EAFF3 
 296      7336E31F 
 296      DBCB9CCD 
 296      20FF
 297 0818 8F942B75 		.ascii	"\217\224+u,W\327\261\202=\200%W\232\275p\026#\252,\030"
 297      2C57D7B1 
 297      823D8025 
 297      579ABD70 
 297      1623AA2C 
 298 082d BEE0E30C 		.ascii	"\276\340\343\014\307\317%\234\266W\302\251\344\341T"
 298      C7CF259C 
 298      B657C2A9 
 298      E4E154
 299 083c 89F3044F 		.ascii	"\211\363\004O\253\355\223X\213M\273\374\263?\3165\006"
 299      ABED9358 
 299      8B4DBBFC 
 299      B33FCE35 
 299      06
 300 084d 070B0B0D 		.ascii	"\007\013\013\015Qq1\221\006kd\264%\306\360\267\270\370"
 300      51713191 
 300      066B64B4 
 300      25C6F0B7 
 300      B8F8
 301 085f BF5A62BF 		.ascii	"\277Zb\2772\030\243,\253,\237\207\031\342\254\206\250"
 301      3218A32C 
 301      AB2C9F87 
 301      19E2AC86 
 301      A8
 302 0870 F0688335 		.ascii	"\360h\2035>\202\334\315V\333\202\010Ao\265\205\331\302"
 302      3E82DCCD 
 302      56DB8208 
 302      416FB585 
 302      D9C2
 303 0882 E36D4BA3 		.ascii	"\343mK\243\303\343ctf\363:K\254-d\221\331\366k\303:"
 303      C3E36374 
ARM GAS  /tmp/ccKxLucz.s 			page 23


 303      66F33A4B 
 303      AC2D6491 
 303      D9F66BC3 
 304 0897 6BBC01E6 		.ascii	"k\274\001\346>\210\215\213\215\374 2|\225\305`\211\215"
 304      3E888D8B 
 304      8DFC2032 
 304      7C95C560 
 304      898D
 305 08a9 885EB73A 		.ascii	"\210^\267:\322\020\023\036\021e\211\2154\230WG\256\011"
 305      D210131E 
 305      1165898D 
 305      34985747 
 305      AE09
 306 08bb 5F176D33 		.ascii	"_\027m3\333\276Y\033i]\020%he\353\367\337`m\375\306"
 306      DBBE591B 
 306      695D1025 
 306      6865EBF7 
 306      DF606DFD 
 307 08d0 6A00DFAB 		.ascii	"j\000\337\253\001\012&^\240\332,1\221f\333\357~\"\364"
 307      010A265E 
 307      A0DA2C31 
 307      9166DBEF 
 307      7E22F4
 308 08e3 789B9322 		.ascii	"x\233\223\"\"\212Xq\247\336$\203\270\265,\001\030G\332"
 308      228A5871 
 308      A7DE2483 
 308      B8B52C01 
 308      1847DA
 309 08f6 E4E1723E 		.ascii	"\344\341r>\004\2049:z\265\331\002\225\372\350-\012\264"
 309      0484393A 
 309      7AB5D902 
 309      95FAE82D 
 309      0AB4
 310 0908 362EDE66 		.ascii	"6.\336f5\204\255\\\021\262\310\360\351\247\241\206\225"
 310      3584AD5C 
 310      11B2C8F0 
 310      E9A7A186 
 310      95
 311 0919 9FACF83A 		.ascii	"\237\254\370:\230\227\214\020\201S\017\243q\205)D\374"
 311      98978C10 
 311      81530FA3 
 311      71852944 
 311      FC
 312 092a DCA4095D 		.ascii	"\334\244\011]\261\324\204C\215&\315\207\241+M\330h4"
 312      B1D48443 
 312      8D26CD87 
 312      A12B4DD8 
 312      6834
 313 093c 6113C852 		.ascii	"a\023\310R\223\011\177\021f\304\306\317Vj\214\306e&"
 313      93097F11 
 313      66C4C6CF 
 313      566A8CC6 
 313      6526
 314 094e 8A5F447F 		.ascii	"\212_D\177\203\361\262\345&1\014,?Yf\322\204\255\000"
 314      83F1B2E5 
 314      26310C2C 
 314      3F5966D2 
ARM GAS  /tmp/ccKxLucz.s 			page 24


 314      84AD00
 315 0961 B4D1B408 		.ascii	"\264\321\264\010$\030\220\1772-\373\237\003\264\332"
 315      2418907F 
 315      322DFB9F 
 315      03B4DA
 316 0970 6248ED2D 		.ascii	"bH\355-1\254(\\1\333\374y\372V\322gs8\251\210\217\331"
 316      31AC285C 
 316      31DBFC79 
 316      FA56D267 
 316      7338A988 
 317 0986 BC665D6C 		.ascii	"\274f]l\204\331\274\340\267\277_\274H+k\232\210\250"
 317      84D9BCE0 
 317      B7BF5FBC 
 317      482B6B9A 
 317      88A8
 318 0998 F0F8779C 		.ascii	"\360\370w\234\360\270\265\014=S\236\211tg\276X^\376"
 318      F0B8B50C 
 318      3D539E89 
 318      7467BE58 
 318      5EFE
 319 09aa CACDF2E2 		.ascii	"\312\315\362\342\205!\377\001\250\233\367\277"
 319      8521FF01 
 319      A89BF7BF 
 320              		.text
 321              		.section	.gnu.lto_.symtab.e7a89a27e2719e38,"",%progbits
 322 0000 7374496E 		.ascii	"stInit\000"
 322      697400
 323 0007 00       		.ascii	"\000"
 324 0008 00       		.ascii	"\000"
 325 0009 00       		.ascii	"\000"
 326 000a 00000000 		.ascii	"\000\000\000\000\000\000\000\000"
 326      00000000 
 327 0012 AD000000 		.ascii	"\255\000\000\000"
 328 0016 73745374 		.ascii	"stStartAlarm\000"
 328      61727441 
 328      6C61726D 
 328      00
 329 0023 00       		.ascii	"\000"
 330 0024 00       		.ascii	"\000"
 331 0025 00       		.ascii	"\000"
 332 0026 00000000 		.ascii	"\000\000\000\000\000\000\000\000"
 332      00000000 
 333 002e BC000000 		.ascii	"\274\000\000\000"
 334 0032 73745374 		.ascii	"stStopAlarm\000"
 334      6F70416C 
 334      61726D00 
 335 003e 00       		.ascii	"\000"
 336 003f 00       		.ascii	"\000"
 337 0040 00       		.ascii	"\000"
 338 0041 00000000 		.ascii	"\000\000\000\000\000\000\000\000"
 338      00000000 
 339 0049 BE000000 		.ascii	"\276\000\000\000"
 340 004d 73745365 		.ascii	"stSetAlarm\000"
 340      74416C61 
 340      726D00
 341 0058 00       		.ascii	"\000"
 342 0059 00       		.ascii	"\000"
ARM GAS  /tmp/ccKxLucz.s 			page 25


 343 005a 00       		.ascii	"\000"
 344 005b 00000000 		.ascii	"\000\000\000\000\000\000\000\000"
 344      00000000 
 345 0063 C0000000 		.ascii	"\300\000\000\000"
 346 0067 73744765 		.ascii	"stGetAlarm\000"
 346      74416C61 
 346      726D00
 347 0072 00       		.ascii	"\000"
 348 0073 00       		.ascii	"\000"
 349 0074 00       		.ascii	"\000"
 350 0075 00000000 		.ascii	"\000\000\000\000\000\000\000\000"
 350      00000000 
 351 007d C3000000 		.ascii	"\303\000\000\000"
 352 0081 73745F6C 		.ascii	"st_lld_init\000"
 352      6C645F69 
 352      6E697400 
 353 008d 00       		.ascii	"\000"
 354 008e 02       		.ascii	"\002"
 355 008f 00       		.ascii	"\000"
 356 0090 00000000 		.ascii	"\000\000\000\000\000\000\000\000"
 356      00000000 
 357 0098 C5000000 		.ascii	"\305\000\000\000"
 358              		.text
 359              		.section	.gnu.lto_.opts,"",%progbits
 360 0000 272D666D 		.ascii	"'-fmath-errno' '-fsigned-zeros' '-ftrapping-math' '"
 360      6174682D 
 360      6572726E 
 360      6F272027 
 360      2D667369 
 361 0033 2D666E6F 		.ascii	"-fno-trapv' '-fno-openmp' '-fno-openacc' '-mcpu=cor"
 361      2D747261 
 361      70762720 
 361      272D666E 
 361      6F2D6F70 
 362 0066 7465782D 		.ascii	"tex-m3' '-mno-thumb-interwork' '-mthumb' '-ggdb' '-"
 362      6D332720 
 362      272D6D6E 
 362      6F2D7468 
 362      756D622D 
 363 0099 4F322720 		.ascii	"O2' '-fomit-frame-pointer' '-falign-functions=16' '"
 363      272D666F 
 363      6D69742D 
 363      6672616D 
 363      652D706F 
 364 00cc 2D666675 		.ascii	"-ffunction-sections' '-fdata-sections' '-fno-common"
 364      6E637469 
 364      6F6E2D73 
 364      65637469 
 364      6F6E7327 
 365 00ff 2720272D 		.ascii	"' '-flto'\000"
 365      666C746F 
 365      2700
 366              		.text
 367              		.comm	__gnu_lto_v1,1,1
 368              		.comm	__gnu_lto_slim,1,1
 369              		.ident	"GCC: (GNU Tools for ARM Embedded Processors) 5.3.1 20160307 (release) [ARM/embedded-5-bran
ARM GAS  /tmp/ccKxLucz.s 			page 26


DEFINED SYMBOLS
                            *ABS*:0000000000000000 hal_st.c
                            *COM*:0000000000000001 __gnu_lto_v1
                            *COM*:0000000000000001 __gnu_lto_slim

NO UNDEFINED SYMBOLS
