ARM GAS  /tmp/ccwfCuIX.s 			page 1


   1              		.syntax unified
   2              		.cpu cortex-m3
   3              		.fpu softvfp
   4              		.eabi_attribute 20, 1
   5              		.eabi_attribute 21, 1
   6              		.eabi_attribute 23, 3
   7              		.eabi_attribute 24, 1
   8              		.eabi_attribute 25, 1
   9              		.eabi_attribute 26, 1
  10              		.eabi_attribute 30, 2
  11              		.eabi_attribute 34, 1
  12              		.eabi_attribute 18, 4
  13              		.thumb
  14              		.syntax unified
  15              		.file	"nvic.c"
  16              		.text
  17              	.Ltext0:
  18              		.section	.gnu.lto_.profile.faa33a6ea2a4b589,"",%progbits
  19 0000 789C6361 		.ascii	"x\234ca```\001bF\006)1\000\000\252\000:"
  19      60606001 
  19      62460629 
  19      310000AA 
  19      003A
  20              		.text
  21              		.section	.gnu.lto_.icf.faa33a6ea2a4b589,"",%progbits
  22 0000 789C6361 		.ascii	"x\234ca\200\000)\006\004`ax:\377\316>f\306eS\316ts0"
  22      80002906 
  22      04606178 
  22      3AFFCE3E 
  22      66C66553 
  23 0018 3D58F26C 		.ascii	"=X\362l\001/\363\266\357\013\237\2613\000\000\245\247"
  23      012FF3B6 
  23      EF0B9FB1 
  23      330000A5 
  23      A7
  24 0029 0C35     		.ascii	"\0145"
  25              		.text
  26              		.section	.gnu.lto_.jmpfuncs.faa33a6ea2a4b589,"",%progbits
  27 0000 789C6361 		.ascii	"x\234ca\200\000)\006\004`a`bdd\256\257g\004\202z&\010"
  27      80002906 
  27      04606160 
  27      626464AE 
  27      AF670482 
  28 0017 9B19C466 		.ascii	"\233\031\304f\000\000)B\0037"
  28      00002942 
  28      0337
  29              		.text
  30              		.section	.gnu.lto_.inline.faa33a6ea2a4b589,"",%progbits
  31 0000 789C4D8C 		.ascii	"x\234M\214\301\015\2000\014\003\235\324\264\201\017"
  31      C10D8030 
  31      0C039DD4 
  31      B4810F
  32 000f 23740346 		.ascii	"#t\003Fd\226\216\304(\214\200\241\250`)R\242\363\205"
  32      64968EC4 
  32      288C80A1 
  32      A8602952 
  32      A2F385
ARM GAS  /tmp/ccwfCuIX.s 			page 2


  33 0022 E8D9F185 		.ascii	"\350\331\361\205\3002\233\233i\3270\237\033r\253\016"
  33      C0329B9B 
  33      69D7309F 
  33      1B72AB0E 
  34 0032 3F564257 		.ascii	"?VBW\010\204P\024u\324Hl\2657\004\371|pL4\273_$Y?]I"
  34      08845014 
  34      75D4486C 
  34      B53704F9 
  34      7C704C34 
  35 004d 28F91507 		.ascii	"(\371\025\007\033\".H\225\014\375"
  35      1B222E48 
  35      950CFD
  36              		.text
  37              		.section	.gnu.lto_.pureconst.faa33a6ea2a4b589,"",%progbits
  38 0000 789C6361 		.ascii	"x\234ca``\340\004b\026\006)F)&)f)\000\002\242\000\200"
  38      6060E004 
  38      62160629 
  38      46292629 
  38      66290002 
  39              		.text
  40              		.section	.gnu.lto_nvicEnableVector.faa33a6ea2a4b589,"",%progbits
  41 0000 789C9D53 		.ascii	"x\234\235S\317k\023A\030\2357\223\315&\232\246G\017"
  41      CF6B1341 
  41      189D3793 
  41      CD269AA6 
  41      470F
  42 0012 162C7808 		.ascii	"\026,x\010\2758\344$\"\010\245\240\247\242\324\277@"
  42      BD38E424 
  42      2208A5A0 
  42      A7A2D4BF 
  42      40
  43 0023 4B31C126 		.ascii	"K1\301&[\022Qo\235f\263)\342\245\376h\375\201Z\204\226"
  43      5B12516F 
  43      9D66B329 
  43      E2A5FE68 
  43      FD815A84 
  44 0038 D6D6366D 		.ascii	"\326\3266m\255\332T\205\022\024\351\241\025AO\202\250"
  44      ADDA5485 
  44      1214E9A1 
  44      15414F82 
  44      A8
  45 0049 95084225 		.ascii	"\225\010B%-\025=\264\211\337\354\006\024T\020\007vf"
  45      2D153DB4 
  45      89DFEC06 
  45      14541007 
  45      7666
  46 005b BE99EF7D 		.ascii	"\276\231\357}\357\275\231Y\037\363\332>\301\330!\032"
  46      EFBD9959 
  46      1FF3DA3E 
  46      C1D8211A 
  47 006b 77D207C1 		.ascii	"w\322\007\301\300\373\226\031\353\011p@OT\000\254\233"
  47      C0FB9619 
  47      EB097040 
  47      4F5400AC 
  47      9B
  48 007c A31B5FF9 		.ascii	"\243\033_\371\026G\261\267T\340M#\212\332\273\341[B"
  48      1647B1B7 
ARM GAS  /tmp/ccwfCuIX.s 			page 3


  48      54E04D23 
  48      8ADABBE1 
  48      5B42
  49 008e 8D2EC021 		.ascii	"\215.\300!x\225{\2450\202&\312z\231\235\272!6\270#\000"
  49      78957BA5 
  49      308226CA 
  49      7A999DBA 
  49      2136B823 
  50 00a3 1F856B4B 		.ascii	"\037\205kK\327W\302:\344h\244pK]\036\010\213f0\232_"
  50      D757C23A 
  50      E468A470 
  50      4B5D1E08 
  50      8B66309A 
  51 00b8 2BF6BFA9 		.ascii	"+\366\277\251\213\014+\225Q\352B\207\012:B`\014\202"
  51      8B0C2B95 
  51      51EA4287 
  51      0A3A4260 
  51      0C82
  52 00ca EAE10E1A 		.ascii	"\352\341\016\0320\212\006FK\014\343\210P\366x\346\323"
  52      308A0646 
  52      4B0CE388 
  52      50F678E6 
  52      D3
  53 00db AA102D2E 		.ascii	"\252\020-.\362\334\342\326\212YC\026j\310\273\177@N"
  53      F2DCE2D6 
  53      8A594316 
  53      6AC8BB7F 
  53      404E
  54 00ed 20A2D33F 		.ascii	" \242\323?LW\372\353\374Y-\274\321\223\213I\370Ac\276"
  54      4C57FAEB 
  54      FC592DBC 
  54      D1938B49 
  54      F84163BE 
  55 0101 6D4155AB 		.ascii	"mAU\253\266R\257\243\347w\207\000\215\340\204\365\011"
  55      B652AFA3 
  55      E7778700 
  55      8DE084F5 
  55      09
  56 0112 DD19D0DC 		.ascii	"\335\031\320\334&M\215\200\356\202\324\371\031+S\005"
  56      264D8D80 
  56      EE82D4F9 
  56      192B5305 
  57 0122 7D3A6B9C 		.ascii	"}:k\234\353Q\224\220Y\357\255|\023\272\250-\270-\300"
  57      EB519490 
  57      59EFAD7C 
  57      13BAA82D 
  57      B82DC0
  58 0135 4AB0CB7E 		.ascii	"J\260\313~/\026\264\364\353\261\370\341C\236\004\226"
  58      2F16B4F4 
  58      EBB1F8E1 
  58      439E0496 
  59 0145 501C804E 		.ascii	"P\034\200N\241\315\001\247\370\302\324\233\246ko\366"
  59      A1CD01A7 
  59      F8C2D49B 
  59      A66B6FF6 
  60 0155 F697EF21 		.ascii	"\366\227\357!/TE[\205i\351\342\352\372\\x\0207{\264"
  60      2F54455B 
ARM GAS  /tmp/ccwfCuIX.s 			page 4


  60      8569E9E2 
  60      EAFA5C78 
  60      10377BB4 
  61 0169 897A4704 		.ascii	"\211zG\0040MF\247\250\216\006,\275\235\351\253\227\023"
  61      304D46A7 
  61      A88E062C 
  61      BD9DE9AB 
  61      9713
  62 017b 2A4B1712 		.ascii	"*K\027\022\304\014\006Qq/E\327\032\333\030\025\321\274"
  62      C40C0651 
  62      712F45D7 
  62      1ADB1815 
  62      D1BC
  63 018d CA1272AF 		.ascii	"\312\022r\257#\266\341\036\244-\014\367\302f\021%}Z"
  63      23B6E11E 
  63      A42D0CF7 
  63      C2661125 
  63      7D5A
  64 019f EC7A6EF9 		.ascii	"\354zn\371\352\021O\257I\273\204[\034\232\337\014yz"
  64      EA114FAF 
  64      49BB845B 
  64      1C9ADF0C 
  64      797A
  65 01b1 0DDC77F5 		.ascii	"\015\334w\365\332\233\271W>/)\340%]\032\232,\324\351"
  65      DA9BB957 
  65      3E2F29E0 
  65      255D1A9A 
  65      2CD4E9
  66 01c4 2403BBF0 		.ascii	"$\003\273\360\300K*\347>\326N\"\250\351\237>\317\005"
  66      C04B2AE7 
  66      3ED64E22 
  66      A8E99F3E 
  66      CF05
  67 01d6 BC32C043 		.ascii	"\2742\300C4\020\324u\376~G\315\372\277\033\333\2169"
  67      3410D475 
  67      FE7E47CD 
  67      FABF1BDB 
  67      8E39
  68 01e8 D7187E37 		.ascii	"\327\030~7\266\337\021!\024\2641\32356\257\215\005]"
  68      B6DF1121 
  68      14B431D3 
  68      3536AF8D 
  68      055D
  69 01fa A2E9676B 		.ascii	"\242\351gk\306\177P=r\251\370_\250\036\377\244z\342"
  69      C67F503D 
  69      72A9F85F 
  69      A81EFFA4 
  69      7AE2
  70 020c 517D4666 		.ascii	"Q}Ff\341\312AM\344\376\013eRIO\203\360\007d\314Jt\310"
  70      E1CA414D 
  70      E4FE0B65 
  70      52494F83 
  70      F00764CC 
  71 0223 7447673C 		.ascii	"tGg<!\317X\251\223\361\344\011\331\022\213\037\217\037"
  71      21CF58A9 
  71      93F1E409 
  71      D9128B1F 
ARM GAS  /tmp/ccwfCuIX.s 			page 5


  71      8F1F
  72 0235 3E2AADB4 		.ascii	">*\255\264\214\035\353\224]V\352TZ\266[\211\204\225"
  72      8C1DEB94 
  72      5D56EA54 
  72      5AB65B89 
  72      8495
  73 0247 94CD6DAD 		.ascii	"\224\315m\255-\255ge\362t\274}O;C\322\327\225\212[?"
  73      2DAD6765 
  73      F274BC7D 
  73      4F3B43D2 
  73      D7958A5B 
  74 025c 0034AD24 		.ascii	"\0004\255$\027"
  74      17
  75              		.text
  76              		.section	.gnu.lto_nvicDisableVector.faa33a6ea2a4b589,"",%progbits
  77 0000 789C8D52 		.ascii	"x\234\215R\315k\023A\024\237\337\314&\335\332&=z0`\301"
  77      CD6B1341 
  77      149FDFCC 
  77      26DDDA26 
  77      3D7A3060 
  78 0015 43E9C531 		.ascii	"C\351\3051'\017\202P\013\336\212R\377\202\032\202\011"
  78      270F8250 
  78      0BDE8A52 
  78      FF821A82 
  78      09
  79 0026 36596944 		.ascii	"6YiD\275u\332d\343\265X\033\210(E\2504F\333\2445j\353"
  79      BD75DA64 
  79      E3B5581B 
  79      882845A8 
  79      3446DBA4 
  80 003d 2904453C 		.ascii	")\004E<T\021\352I\020\277\310AP\222\022\301C\333\370"
  80      5411EA49 
  80      10BFC841 
  80      509212C1 
  80      43DBF8
  81 0050 DEAE07C1 		.ascii	"\336\256\007\301\213\003;o\336\360\373xo\336Z\302_\023"
  81      8B033B6F 
  81      DEF0FB78 
  81      6FDE5AC2 
  81      5F13
  82 0062 52885314 		.ascii	"R\210S\024\017\321\007% \347^\0131cK\200\017\306\206"
  82      0FD10725 
  82      20E75E0B 
  82      31634B80 
  82      0FC686
  83 0075 989698C6 		.ascii	"\230\226\230\306O\271'\321\270\336\334\224\303\313\206"
  83      4FB927D1 
  83      B8DEDC94 
  83      C3CB86
  84 0084 D6C717CD 		.ascii	"\326\307\027\315c\246T\207\253\204\350J_\012\313\030"
  84      63A65487 
  84      AB84E84A 
  84      5F0ACB18 
  85 0094 26D4DB5C 		.ascii	"&\324\333\\\365\266\352HW\001\026\245\355\255[_\302"
  85      F5B6EA48 
  85      570116A5 
  85      EDAD5B5F 
ARM GAS  /tmp/ccwfCuIX.s 			page 6


  85      C2
  86 00a5 9C4A0C52 		.ascii	"\234J\014R\272gn\026\302j\004\202\316\305\306\302\373"
  86      BA676E16 
  86      C26A0482 
  86      CEC5C6C2 
  86      FB
  87 00b6 D0D03D63 		.ascii	"\320\320=cf\215\231\217\233^W)\224\241H\017\367\021"
  87      668D998F 
  87      9B5E5729 
  87      94A1480F 
  87      F711
  88 00c8 41091141 		.ascii	"A\011\021AW\002\0170\304\360\317k\373\013\241`\216\355"
  88      57020F30 
  88      C4F0CF6B 
  88      FB0BA160 
  88      8EED
  89 00da 077D533C 		.ascii	"\007}S<D\020\024+\343u\323\355f\215)F\313Gl\200\031"
  89      4410142B 
  89      E375D3ED 
  89      668D2946 
  89      CB476C80 
  90 00ef 92B896E2 		.ascii	"\222\270\226\342\315\242- D\213\030\334S[J\216\252\211"
  90      CDA22D20 
  90      448B18DC 
  90      535B4A8E 
  90      AA89
  91 0101 EC4EBE59 		.ascii	"\354N\276Y<\313\"Y%\263\012\344\361j\351\331n?W\033"
  91      3CCB2259 
  91      25B30AE4 
  91      F16AE9D9 
  91      6E3F571B 
  92 0115 40002B54 		.ascii	"@\000+T\000\241v\363\333\226\017R>h~iu3\304 \013\207"
  92      00A176F3 
  92      DB960F52 
  92      3E687E69 
  92      7533C420 
  93 012b B1EA835A 		.ascii	"\261\352\203Z\371\257\312\007q\323\265\347/\363\266"
  93      F9AFCA07 
  93      71D3B5E7 
  93      2FF3B6
  94 013a 2F035410 		.ascii	"/\003T\020!*\201\032\205O\007\031C\200\202\333x\323"
  94      212A811A 
  94      854F0719 
  94      438082DB 
  94      78D3
  95 014c C380A0F7 		.ascii	"\303\200\240\367\022\265\273?~\365\373\251idM\230\256"
  95      12B5BB3F 
  95      7EF5FBA9 
  95      69644D98 
  95      AE
  96 015d 6E7CDFD9 		.ascii	"n|\337\331\010/\342\316\014\367;\340\252\036\254\321"
  96      082FE2CE 
  96      0CF73BE0 
  96      AA1EACD1 
  97 016d 9B54C98D 		.ascii	"\233T\311\215\011[\037\326\347\006\364\212\311\321\004"
  97      095B1FD6 
  97      E706F48A 
ARM GAS  /tmp/ccwfCuIX.s 			page 7


  97      C9D104
  98 017c 6CAC6311 		.ascii	"l\254c\021\373\336\024X\253\334)\251h\305\344\210y\302"
  98      FBDE1458 
  98      ABDC29A9 
  98      68C5E488 
  98      79C2
  99 018e 55BD7804 		.ascii	"U\275x\004M\375y\023\252!J\005r)\235\352v[\375)\346"
  99      4DFD7913 
  99      AA214A05 
  99      72299DEA 
  99      765BFD29 
 100 01a3 FFAD0EE0 		.ascii	"\377\255\016\340\261g\205\177\255\216\273\252\017O\330"
 100      B167857F 
 100      AD8EBBAA 
 100      0F4FD8
 101 01b2 0A9ED553 		.ascii	"\012\236\325SD\377\356\263\017\002\033\244\370\015\263"
 101      44FFEEB3 
 101      0F021BA4 
 101      F80DB3
 102 01c1 F577A7D9 		.ascii	"\365w\247\331\330\373gZ$E\303\240\352N\352\204\223\212"
 102      D8FB675A 
 102      2445C3A0 
 102      EA4EEA84 
 102      938A
 103 01d3 EB4C7C32 		.ascii	"\353L|2\231\322W\235\251\213\311\364\005=\232H\236O"
 103      99D2579D 
 103      A98BC9F4 
 103      053D9A48 
 103      9E4F
 104 01e5 9E39A79D 		.ascii	"\2369\247\235\214NLL\352K\316\324\345\214\2169\251\224"
 104      8C4E4C4C 
 104      EA4BCED4 
 104      E58C8E39 
 104      A994
 105 01f7 93D623E3 		.ascii	"\223\326#\343c\243c\327t\372J2v4&\220\376\015\212\222"
 105      63A363D7 
 105      74FA4A32 
 105      76342690 
 105      FE0D8A92 
 106 020b E23A     		.ascii	"\342:"
 107              		.text
 108              		.section	.gnu.lto_nvicSetSystemHandlerPriority.faa33a6ea2a4b589,"",%progbits
 109 0000 789C6D91 		.ascii	"x\234m\221\317k\023A\024\307\347;o\263\273\025\332\177"
 109      CF6B1341 
 109      14C7E73B 
 109      6FB3BB15 
 109      DA7F
 110 0012 C01E7A0B 		.ascii	"\300\036z\013\2758\366\344M(9\210\207 \324\233\267\032"
 110      BD38F6E4 
 110      4D283988 
 110      8720D49B 
 110      B71A
 111 0024 83594CB2 		.ascii	"\203YL\262%\021\365\326\311n\226\322\213\024\265E\245"
 111      2511F5D6 
 111      C96E96D2 
 111      8B14B545 
 111      A5
ARM GAS  /tmp/ccwfCuIX.s 			page 8


 112 0035 A10791D6 		.ascii	"\241\007\221\326\326\232V\275\004\213\204\200`\017*"
 112      D69A56BD 
 112      048B8480 
 112      600F2A
 113 0044 5E3DA985 		.ascii	"^=\251\205\025\305J*zL\343\233M\005\017\016\314\217"
 113      15C54A2A 
 113      7A4CE39B 
 113      4D050F0E 
 113      CC8F
 114 0056 37EF7DDE 		.ascii	"7\357}\336|\337<K\014\306W\010\221\345\3758O\220\200"
 114      7CDF3C4B 
 114      0CC65708 
 114      91E5FD38 
 114      4F9080
 115 0069 5C782B44 		.ascii	"\\x+D\315\225\2009h\027bVb\026\277eO\2423\027\267\344"
 115      CD958039 
 115      68176256 
 115      6216BF65 
 115      4FA23317 
 116 007f F8AAE6F1 		.ascii	"\370\252\346\361\361\325\217\223z\255\215\210\204\350"
 116      F1D58F93 
 116      7AAD8D88 
 116      84E8
 117 008d CB412AAC 		.ascii	"\313A*\254b\234\243\336\327\267\226\351\227\214\010"
 117      629CA3DE 
 117      D7B796E9 
 117      978C08
 118 009c B0D83C78 		.ascii	"\260\330<xs\177o\304\230\022cl\206\267_\356\2704\011"
 118      737F6FC4 
 118      9812636C 
 118      86B75FEE 
 118      B83409
 119 00af C1E77DBD 		.ascii	"\301\347}\275[\263\323\017\265\016\264n\345\365PD\204"
 119      5BB3D30F 
 119      B50EB46E 
 119      E5F55044 
 119      84
 120 00c0 7510E7C3 		.ascii	"u\020\347\303#\214b\015\243\202\257\0046\220\346\350"
 120      238C620D 
 120      A382AF04 
 120      3690E6E8 
 121 00d0 8DE0CB3E 		.ascii	"\215\340\313>\321\331\204\234\337\355\3559Gd\357\210"
 121      D1D9849C 
 121      DFEDED39 
 121      4764EF88 
 122 00e0 7CFC1F72 		.ascii	"|\374\037r\023i\023\376y\373pq\330\256\033\341c\363"
 122      136913FE 
 122      79FB7071 
 122      D8AE1BE1 
 122      63F3
 123 00f2 7F15E309 		.ascii	"\177\025\343\011l.^4\247\332\272\337\017\265\276g\277"
 123      6C2E5E34 
 123      A7DABADF 
 123      0FB5BE67 
 123      BF
 124 0103 B8090730 		.ascii	"\270\011\0070\224d\336\"\263\244`\336\027\242\313\214"
 124      9464DE22 
ARM GAS  /tmp/ccwfCuIX.s 			page 9


 124      B3A460DE 
 124      17A2CB8C 
 125 0113 F9920329 		.ascii	"\371\222\003)\315N1\202\237s\361\362\005\223&$\031\022"
 125      CD4E3182 
 125      9F73F1F2 
 125      05932624 
 125      1912
 126 0125 448CB06B 		.ascii	"D\214\260k\017l\342\253\177\377\"\005\013MV\025\243"
 126      0F6CE2AB 
 126      7FFF2205 
 126      0B4D5615 
 126      A3
 127 0136 B30413C2 		.ascii	"\263\004\023\302\316\245\250\363\3161N;\251\251\326"
 127      CEA5A8F3 
 127      CE314E3B 
 127      A9A9D6
 128 0145 DAB9931A 		.ascii	"\332\271\223\032\230\372C\250G\014~7\370\344\256\240"
 128      98FA43A8 
 128      470C7E37 
 128      F8E4AEA0 
 129 0155 5133CA87 		.ascii	"Q3\312\207#r\260\315\325mq\036\003|_|\275~Lm\352:w\301"
 129      2372B0CD 
 129      D56D711E 
 129      037C5F7C 
 129      BD7E4C6D 
 130 016d C553ACE0 		.ascii	"\305S\254\3400\351\004\273\036\334jd&\232\272\316\340"
 130      30E904BB 
 130      1EDC6A64 
 130      269ABACE 
 130      E0
 131 017e A98886F0 		.ascii	"\251\210\206\360\014*\244T\322\244\347\230`y\342\033"
 131      0C2AA454 
 131      D2A4E798 
 131      6079E21B 
 132 018e 8276E38C 		.ascii	"\202v\343\214Q\222\364\256+a\252b\376\264*\370\245\274"
 132      5192F4AE 
 132      2B61AA62 
 132      FEB42AF8 
 132      A5BC
 133 01a0 AAE68B5E 		.ascii	"\252\346\213^I]\367+W\274\362e\225)x\027\275s\347\225"
 133      495DF72B 
 133      57BCF265 
 133      95297817 
 133      BD73E795 
 134 01b4 5F5585E9 		.ascii	"_U\205\351\242\232\361+W\253*\347\227J~YMNe3\331\033"
 134      A29AF12B 
 134      57AB2AE7 
 134      974A7E59 
 134      4D4E6533 
 135 01ca AA7CCDCB 		.ascii	"\252|\315\313\235\310\011\2470]\276T\314W\254\231\212"
 135      9DC809A7 
 135      305DBE54 
 135      CC57AC99 
 135      8A
 136 01db E7FF0155 		.ascii	"\347\377\001U\367\272\375"
 136      F7BAFD
 137              		.text
ARM GAS  /tmp/ccwfCuIX.s 			page 10


 138              		.section	.gnu.lto_nvicClearPending.faa33a6ea2a4b589,"",%progbits
 139 0000 789C2551 		.ascii	"x\234%QMkSA\024\2353\363^\232B\223\376\000\003\026\\"
 139      4D6B5341 
 139      149D33F3 
 139      5E9A4293 
 139      FE000316 
 140 0015 94223866 		.ascii	"\224\"8f-\010\265\013W\245R\177\201\206`\0366y\322\210"
 140      2D08B50B 
 140      57A5527F 
 140      8186601E 
 140      3679D288 
 141 0029 BAEB342F 		.ascii	"\272\3534//\335Vm#\212\245\010-\215\3256mua]\205\207"
 141      2FDD566D 
 141      238AA508 
 141      2D8DD536 
 141      6D75615D 
 142 003f 1B17550A 		.ascii	"\033\027U\012\356\004\021\205\"\242\222\206\210.\332"
 142      EE041185 
 142      22A29286 
 142      882EDA
 143 004e A4F76606 		.ascii	"\244\367f\006f\346\336\303\271\347~9\302\236_\020\342"
 143      66E6DEC3 
 143      B9E77E39 
 143      C29E5F10 
 143      E2
 144 005f 12FDA7E8 		.ascii	"\022\375\247\350B\011\310\371\017B\314\306%\300\206"
 144      4209C8F9 
 144      0F42CCC6 
 144      25C086
 145 006e 8943CC48 		.ascii	"\211C\314H\314\340\257<\226\210\346\016v\345\310\232"
 145      CCE0AF3C 
 145      9688E60E 
 145      76E5C89A 
 146 007e A1F375F5 		.ascii	"\241\363u\365\337ySk TBt\245\225\302\032F\210\265_\336"
 146      DF79536B 
 146      20544274 
 146      A595C21A 
 146      4688B55F 
 147 0093 7AAADA32 		.ascii	"z\252\3322T\200C\356\341\336\223\357Iv%\206\310=6\013"
 147      548043EE 
 147      E1DE93EF 
 147      49762586 
 147      C83D360B 
 148 00a7 D5A41A85 		.ascii	"\325\244\032\205 \373q\264\37091\274jL\311\230\373Y"
 148      20FB71B4 
 148      F83931BC 
 148      6A4CC998 
 148      FB59
 149 00b9 D31F2A85 		.ascii	"\323\037*\205u(\322\303s\244PCJ\020$\360\002\303L\377"
 149      7528D2C3 
 149      73A45043 
 149      4A1024F0 
 149      02C34CFF 
 150 00cd B6DD594C 		.ascii	"\266\335YL\304\312\234~\310&\305K\304\250~Q\237l\230"
 150      C4CA9C7E 
 150      C826C54B 
 150      C4A87E51 
ARM GAS  /tmp/ccwfCuIX.s 			page 11


 150      9F6C98
 151 00e0 6E3730E6 		.ascii	"n70\346Q\372\307\2318\300\021\222b\035\305\217C\217"
 151      51FAC799 
 151      38C01192 
 151      621DC58F 
 151      438F
 152 00f2 EBB22544 		.ascii	"\353\262%D\223\302\270\261C)\371W\007\010Z\225\316\322"
 152      93C2B8B1 
 152      4329F957 
 152      07085A95 
 152      CED2
 153 0104 15560A94 		.ascii	"\025V\012\224\014\024(\321\373\225\267G\003\\\262\013"
 153      0C1428D1 
 153      FB95B747 
 153      035CB20B 
 154 0114 171B5405 		.ascii	"\027\033T\005\261\216*\357\034KR\226\364pes7\301$\007"
 154      B18E2AEF 
 154      1C4B5296 
 154      F4706573 
 154      37C12407 
 155 0128 A7B16949 		.ascii	"\247\261iI\315\312'eI\016\316\246\210J`\2515\327\226"
 155      CDCA2765 
 155      490ECEA6 
 155      884A60A9 
 155      35D796
 156 013b 16740927 		.ascii	"\026t\011'$\252\202}\322\250\206\321\307>\326\210\365"
 156      24AA827D 
 156      D2A886D1 
 156      C73ED688 
 156      F5
 157 014c E6F1FAD9 		.ascii	"\346\361\372\331\237\377\003\3265Q`\222\004=\370\335"
 157      9FFF03D6 
 157      35516092 
 157      043DF8DD 
 158 015c 7A935CC6 		.ascii	"z\223\\\306\322,w=\030\252>l\321d\352\224\216\003\366"
 158      D22C773D 
 158      18AA3E6C 
 158      D164EA94 
 158      8E03F6
 159 016f BEECCC0F 		.ascii	"\276\354\314\017\352\015S\246=\304\261\215etz\273`\255"
 159      EA0D53A6 
 159      3DC4B18D 
 159      65747ABB 
 159      60AD
 160 0181 F5764DA5 		.ascii	"\365vM\245\353\246L\221\027B\325\217\035hj\260\267\247"
 160      EBA64C91 
 160      1742D58F 
 160      1D686AB0 
 160      B7A7
 161 0193 57485331 		.ascii	"WHS1\342'J\215\375\313\\Jo}M\011\036\011Q.\352\234\237"
 161      E2274A8D 
 161      FDCB5C4A 
 161      6F7D4D09 
 161      1E09512E 
 162 01aa CFEA6276 		.ascii	"\317\352bv\312\313\353\273\376\364M\257pC\217\345\274"
 162      CACBEBBB 
 162      FEF44DAF 
ARM GAS  /tmp/ccwfCuIX.s 			page 12


 162      70438FE5 
 162      BC
 163 01bb EBDEC455 		.ascii	"\353\336\304U\355\027u\356\332\224\276\345O\337.\352"
 163      ED1775EE 
 163      DA94BEE5 
 163      4FDF2EEA 
 164 01cb 8C9FCFFB 		.ascii	"\214\237\317\373\005=:9>6~O\027\356x\231s\031\201\302"
 164      053D3A39 
 164      3E367E4F 
 164      17EE7899 
 164      731981C2 
 165 01df 09CD83B8 		.ascii	"\011\315\203\270\361"
 165      F1
 166              		.text
 167              		.section	.gnu.lto_.symbol_nodes.faa33a6ea2a4b589,"",%progbits
 168 0000 789C6361 		.ascii	"x\234ca``\360\002b\006\246K\214\365\014\014\023\316"
 168      6060F002 
 168      6206A64B 
 168      8CF50C0C 
 168      13CE
 169 0012 313000A9 		.ascii	"10\000\251]\015\212@\221\313\214\365\214\250\"W\030"
 169      5D0D8A40 
 169      91CB8CF5 
 169      8CA82257 
 169      18
 170 0023 EB995045 		.ascii	"\353\231PE\2562\3263\243\2100\000\000\323\222\022\213"
 170      AE32D633 
 170      A3883000 
 170      00D39212 
 170      8B
 171              		.text
 172              		.section	.gnu.lto_.refs.faa33a6ea2a4b589,"",%progbits
 173 0000 789C6361 		.ascii	"x\234ca```\004b\006\000\0002\000\006"
 173      60606004 
 173      62060000 
 173      320006
 174              		.text
 175              		.section	.gnu.lto_.decls.faa33a6ea2a4b589,"",%progbits
 176 0000 789CBD58 		.ascii	"x\234\275X{PT\327\031\337s\317\002\313\272\200A\222"
 176      7B5054D7 
 176      19DF73CF 
 176      02CBBA80 
 176      4192
 177 0012 389DED8C 		.ascii	"8\235\355\214\223!\243\2356\256\306\264Ig:i\310\252"
 177      9321A39D 
 177      36AEC6B4 
 177      49673A69 
 177      C8AA
 178 0024 95999AD0 		.ascii	"\225\231\232\320\305\330\231\244S\212\270\211\264\002"
 178      C5D899A4 
 178      538AB889 
 178      B402
 179 0032 29601BFF 		.ascii	")`\033\377\352U\326\010\032\315\"(\310Cy\210\240\210"
 179      EA55D608 
 179      1ACD2228 
 179      C8437988 
 179      A088
ARM GAS  /tmp/ccwfCuIX.s 			page 13


 180 0044 8020A0B8 		.ascii	"\200 \240\270\202/D\024D\224\227\200 \212\242\"\202"
 180      822F4414 
 180      44949780 
 180      208AA222 
 180      82
 181 0055 68105FF4 		.ascii	"h\020_\364;\217\273w\275\356\232\374\321\351\035\276"
 181      3B8FBB77 
 181      BDEE9AFC 
 181      D1E91DBE 
 182 0065 BDF7BBE7 		.ascii	"\275\367\273\347w~\347w\276s\316w\316E\255b\327\205"
 182      777EE777 
 182      BE73CE77 
 182      CE45AD62 
 182      D785
 183 0077 E92AD59F 		.ascii	"\351*\325\237\004\225*\025\251T\223p\271\301\273\245"
 183      04952A15 
 183      A9549370 
 183      B9C1BBA5 
 184 0087 2AF95283 		.ascii	"*\371R\203U\202U\203\331\300jT/_\244\334\213\327\363"
 184      55825583 
 184      D9C06A54 
 184      2F5FA4DC 
 184      8BD7F3
 185 009a 05F3032B 		.ascii	"\005\363\003+\003\323\203\315\004\373\024\3545\340\367"
 185      03D383CD 
 185      04FB14EC 
 185      35E0F7
 186 00a9 01EB80E7 		.ascii	"\001\353\200\347v\260A\260\233`\230\264\001\357\335"
 186      76B041B0 
 186      9B6098B4 
 186      01EFDD
 187 00b8 C13CC110 		.ascii	"\301<\301\020\347S^\244}\235\2236\224\374\022\257\324"
 187      E7535EA4 
 187      7D9D9336 
 187      94FC12AF 
 187      D4
 188 00c9 8E40B421 		.ascii	"\216@\264!\326\006\342<\312\213\364K\353B?\341^\006"
 188      D606E23C 
 188      CA8BF44B 
 188      EB423FE1 
 188      5E06
 189 00db 1543C13E 		.ascii	"\025C\301>D\214\223\360\374\231\363\331\270\377O\364"
 189      448C93F0 
 189      FC99F3D9 
 189      B8FF4FF4 
 190 00eb 22678D0B 		.ascii	"\"g\215\013N\2427\310\211^R\335\235s:\213\3613\001\331"
 190      4EA237C8 
 190      895E52DD 
 190      9D733A8B 
 190      F13301D9 
 191 00ff 2E3E6952 		.ascii	".>iRw\241N\004}BS\351[\204\330/\242\246bF]x\020T\234"
 191      77A14E04 
 191      7D4253E9 
 191      5B84D82F 
 191      A2A66246 
 192 0118 4F7A8524 		.ascii	"Oz\205$ \367\005\351Qe'\243\177\274>\235\017\364\242"
 192      20F705E9 
ARM GAS  /tmp/ccwfCuIX.s 			page 14


 192      516527A3 
 192      7FBC3E9D 
 192      0FF4A2
 193 012b 24323BE2 		.ascii	"$2;\342\225\230\317+\253\020\367\005\271\001\304\\\251"
 193      9598CF2B 
 193      AB10F705 
 193      B901C45C 
 193      A9
 194 013c 82031F93 		.ascii	"\202\003\037\223\313\351d\315\366>!\251\323\351\227"
 194      CBE964CD 
 194      F63E21A9 
 194      D3E997
 195 014b FA73052C 		.ascii	"\372s\005, \362\334;Q\260p\366>\021.\253(\012\277\224"
 195      20F2DC3B 
 195      51B070F6 
 195      3E112EAB 
 195      280ABF94 
 196 015f 23D353BF 		.ascii	"#\323S\277\247\020?\020\320L-\"\364>\360\252x\350\320"
 196      A7103F10 
 196      D04C2D22 
 196      F43EF0AA 
 196      78E8D0
 197 0172 84177B45 		.ascii	"\204\027{E\020-\337\337\337\345\201\365\364\371\202"
 197      102DDFDF 
 197      DFE581F5 
 197      F4F982
 198 0181 A52483A0 		.ascii	"\245$\203\240}\265H\015\356hc\3325op\375\264h\3063A"
 198      7DB5480D 
 198      EE6863DA 
 198      356F70FD 
 198      B468C633 
 199 0196 A8DB5476 		.ascii	"\250\333Tv`\012\232\245\335M\332\351\333\231\247;$\212"
 199      600A9AA5 
 199      DD4DDAE9 
 199      DB99A73B 
 199      248A
 200 01a8 535109D2 		.ascii	"SQ\011\322\242}\010\243=h6Q7\223\014m\274(\256\025\255"
 200      A27D08A3 
 200      3D683651 
 200      37930C6D 
 200      BC28AE15 
 201 01bd 71A26FBD 		.ascii	"q\242o\275\267\012\355GzT\204\364*T\214f\221F\011\020"
 201      B70AED47 
 201      7A5484F4 
 201      2A548C66 
 201      91460910 
 202 01d1 15C2CBBD 		.ascii	"\025\302\313\275\360\022Z\331\263+1\307\035\377\205"
 202      F0125AD9 
 202      B32B31C7 
 202      1DFF85
 203 01e0 0810B697 		.ascii	"\010\020\266\227\357\035\327\332\233H_\357\277\2174"
 203      EF1DD7DA 
 203      9B485FEF 
 203      BF8F34
 204 01ef 51064D94 		.ascii	"Q\006M\224\312M@\213.\3338\340\274\215\365C\273\332"
 204      CA4D408B 
 204      2EDB38E0 
ARM GAS  /tmp/ccwfCuIX.s 			page 15


 204      BC8DF543 
 204      BBDA
 205 0201 0435991D 		.ascii	"\0045\231\035\204k\231\232\274\273\336}\254\323\307"
 205      846B999A 
 205      BCBBDE7D 
 205      ACD3C7
 206 0210 FEAE1CD1 		.ascii	"\376\256\034\321\227)\333\266>\364\230\276\215F2N\234"
 206      9729DBB6 
 206      3EF498BE 
 206      8D46324E 
 206      9C
 207 0221 A1464BDF 		.ascii	"\241FK\337\260\223\253P\005\202\234\200\016\"5\013\356"
 207      B093AB50 
 207      05829C80 
 207      0E22350B 
 207      EE
 208 0232 86813D71 		.ascii	"\206\201=qnoe\211Y%b_M\303\357\266\305\211\365Po\006"
 208      6E6F6589 
 208      5925625F 
 208      4DC3EFB6 
 208      C589F550 
 209 0248 81A10259 		.ascii	"\201\241\002Y/<\222[>\352\202\221\254DoA\315\326+\266"
 209      2F3C925B 
 209      3EEA8291 
 209      AC446F41 
 209      CDD62BB6 
 210 025c 118C9B10 		.ascii	"\021\214\233\020r%\256\263-g\236K\031\207\251\214C\222"
 210      7225AEB3 
 210      2D679E4B 
 210      1987A98C 
 210      4392
 211 026e 8CE3BB6B 		.ascii	"\214\343\273k\037\3710\031\265\345u:\321\272F\024?\""
 211      1FF93019 
 211      B5E5753A 
 211      D1BA4614 
 211      3F22
 212 0280 2054258B 		.ascii	" T%\213\250r\024QME\224>\272\023\207q\037\023\221p\323"
 212      A8721451 
 212      4D45943E 
 212      BA138771 
 212      1F139170 
 213 0295 3AA1E524 		.ascii	":\241\345$\017\354$\244'Gd\222#\216$6Jb\313O\011\304"
 213      0FEC24A4 
 213      27476492 
 213      238E2436 
 213      4A62CB4F 
 214 02ab CF18C789 		.ascii	"\317\030\307\211*K\242\216s\034>\355(\344\250\314q\324"
 214      2A4BA28E 
 214      731C3EED 
 214      28E4A8CC 
 214      71D4
 215 02bd 91A38672 		.ascii	"\221\243\206r\354k\335Y\255c\323N\324\223ywl}9\367G"
 215      EC6BDD59 
 215      AD63D34E 
 215      D4937977 
 215      6C7D39F7 
 216 02d2 3CC04F2E 		.ascii	"<\300O.\272V\211\230o\365\003\177\2605?\315\213\315"
ARM GAS  /tmp/ccwfCuIX.s 			page 16


 216      BA568998 
 216      6FF5037F 
 216      B0353FCD 
 216      8BCD
 217 02e4 4B311BC1 		.ascii	"K1\033\301\213\314\247O-j\274\231\255\205\253m\317\317"
 217      8BCCA74F 
 217      2D6ABC99 
 217      AD85AB6D 
 217      CFCF
 218 02f6 F2491CE7 		.ascii	"\362I\034\347\006\376\323\216\270qom<\217%L\027R\"\007"
 218      06FED38E 
 218      B8716F6D 
 218      3C8F254C 
 218      17522207 
 219 030a B38ECC26 		.ascii	"\263\216\314&d\320\243Sl\252\324\264\266\027\270\371"
 219      64D0A353 
 219      6CAAD4B4 
 219      B617B8F9 
 220 031a 5AF95AFA 		.ascii	"Z\371Z\372(\226\016\312\011\200\037\247\360\323\310"
 220      28960ECA 
 220      09801FA7 
 220      F0D3C8
 221 0329 57AA4427 		.ascii	"W\252D'Q\336\365,O.\335\035\374o\023\373s\275\271t\242"
 221      51DEF52C 
 221      4F2EDD1D 
 221      FC6F13FB 
 221      73BDB974 
 222 033e AC39F1BB 		.ascii	"\2549\361\273$5\227J\026\337\346\366\304\337\343T&\264"
 222      2435974A 
 222      16DFE6F6 
 222      C4DFE354 
 222      26B4
 223 0350 A334A9C4 		.ascii	"\2434\251\304\215a\357\021\354\203\266\221\006\037\327"
 223      8D61EF11 
 223      EC83B691 
 223      061FD7
 224 035f 421B25A1 		.ascii	"B\033%\241\347\230\320\342u\327\367h\240\272\036\226"
 224      E798D0E2 
 224      75D7F768 
 224      A0BA1E96 
 225 036f 367258D7 		.ascii	"6rX\327z\266\256\313k\307\212\3248\2356%\\(\353<\345"
 225      7AB6AECB 
 225      6BC78AD4 
 225      389D3625 
 225      5C28EB3C 
 226 0384 292FDD87 		.ascii	")/\335\207\001q\242\210P\013\364\254Y\036\031\275}Y"
 226      0171A288 
 226      500BF4AC 
 226      591E19BD 
 226      7D59
 227 0396 8DE488EE 		.ascii	"\215\344\210\356\323Uh\236\036\315\2015u\001\326\224"
 227      D355689E 
 227      1ECD8135 
 227      7501D694 
 228 03a6 9EAFA9F3 		.ascii	"\236\257\251\363 \247\211\257\333\235\005'\275p\036"
 228      20A789AF 
 228      DB9D0527 
ARM GAS  /tmp/ccwfCuIX.s 			page 17


 228      BD701E
 229 03b5 6BE06EF2 		.ascii	"k\340n\362\235x\354\260p\337($\013\267\025\032\270("
 229      9D78ECB0 
 229      70DF2824 
 229      0BB7151A 
 229      B828
 230 03c7 37D0825C 		.ascii	"7\320\202\\\264p\311y\013\215\331\225\027\335\345\241"
 230      B470C979 
 230      0B8DD995 
 230      17DDE5A1 
 231 03d7 4094AF01 		.ascii	"@\224\257\001\312\317\320\200\264\321\241h\224\206\""
 231      CACFD080 
 231      B4D1A168 
 231      948622
 232 03e6 3BA1CCAA 		.ascii	";\241\314\252%\341\213\373i\354U5\2176\251\035\331\333"
 232      25E18BFB 
 232      69EC5535 
 232      8F36A91D 
 232      D9DB
 233 03f8 5FC55ED1 		.ascii	"_\305^\321\233\234\300\347d\026\311\215\207{Fk\2470"
 233      9B9CC0E7 
 233      6416C98D 
 233      877B466B 
 233      A730
 234 040a BF8F447F 		.ascii	"\277\217D\177b(\265U\303\007\332\233\254\205\261\214"
 234      6228B555 
 234      C307DA9B 
 234      AC85B18C 
 235 041a 511D2E62 		.ascii	"Q\035.b#}\274\313\026\317G\372}2]\033\213k\247\270\036"
 235      237DBCCB 
 235      16CF47FA 
 235      7D325D1B 
 235      8B6BA7B8 
 236 042f E82BD240 		.ascii	"\350+\322@\3670\241=\227*\356{*gd\027\300/Sx/\025zE"
 236      F730A13D 
 236      972AEE7B 
 236      2A676417 
 236      C02F5378 
 237 0447 129A7277 		.ascii	"\022\232rw\342g|B:\346p_\232\303\321\376\301\232\014"
 237      E2677C42 
 237      3AE6705F 
 237      9AC3D1FE 
 237      C19A0C
 238 045a 2D972910 		.ascii	"-\227)\020\231\027\323\013=p%\223\371`\303\272q\276"
 238      9917D30B 
 238      3D702593 
 238      F960C3BA 
 238      71BE
 239 046c 72C8B2AB 		.ascii	"r\310\262\253\356o^\253s-s@\222y\235\311\274\321\223"
 239      EE6F5EAB 
 239      732D7340 
 239      92799DC9 
 239      BCD193
 240 047f 5AE0A594 		.ascii	"Z\340\245\224\331\017\360\253\024~\203\312\034\220d"
 240      D90FF0AB 
 240      147E83CA 
 240      1C9064
ARM GAS  /tmp/ccwfCuIX.s 			page 18


 241 048e 36E7C737 		.ascii	"6\347\3077c6Z?5\211\267f\344\015\37386p\363U\015\214"
 241      63365A3F 
 241      3589B766 
 241      E40DFB38 
 241      3670F355 
 242 04a4 573CE9E2 		.ascii	"W<\351\342\035\317\302\340\257\255\356L\364\341\003"
 242      1DCFC2E0 
 242      AFADEE4C 
 242      F4E103
 243 04b3 E6B872FD 		.ascii	"\346\270r\375\370\312]3X\262\036\343#,\022c)\353\022"
 243      F8CA5D33 
 243      58B21EE3 
 243      232C1263 
 243      29EB12
 244 04c6 340CFC26 		.ascii	"4\014\374&\270myYy\202\353H\014K\221\270\313\2046\245"
 244      B86D7959 
 244      7982EB48 
 244      0C4B91B8 
 244      CB8436A5 
 245 04da 0E766A94 		.ascii	"\016vj\224\221\270\003\360\333\024~\217\012\035\226"
 245      91B803F0 
 245      DB147E8F 
 245      0A1D96
 246 04e9 8496DB46 		.ascii	"\204\226\333F\363\244\024B\204\016\024\366\347jq\035"
 246      F3A41442 
 246      840E14F6 
 246      E76A711D 
 247 04f9 13B2B776 		.ascii	"\023\262\267vc=\037\222,2^\223\351#\231:|\226\025J\203"
 247      633D1F92 
 247      2C325E93 
 247      E923993A 
 247      7C96154A 
 248 050e E9CB07F3 		.ascii	"\351\313\007\363\374\255\212R\001\267\262\302g\275V"
 248      FCAD8A52 
 248      01B7B2C2 
 248      67BD56
 249 051d AB07AF49 		.ascii	"\253\007\257I&hogk\251\016_f\205\0257\316\324I5IaBq"
 249      26686F67 
 249      6BA90E5F 
 249      66851537 
 249      CED44935 
 250 0535 FF46377C 		.ascii	"\377F7|\215'\320\236\233\033\274\361 sN\327\255\375"
 250      8D27D09E 
 250      9B1BBCF1 
 250      20734ED7 
 250      ADFD
 251 0547 3BBECF9E 		.ascii	";\276\317\236\317^\263\374\212U\262\2204}jW\351N\314"
 251      CF5EB3FC 
 251      8A55B290 
 251      347D6A57 
 251      E94ECC
 252 055a 229845D7 		.ascii	"\"\230E\327@\331\261\015q>x\234\202}\252\353\213O\370"
 252      40D9B10D 
 252      713E789C 
 252      827DAAEB 
 252      8B4FF8
 253 056d 20FF69FE 		.ascii	" \377i\376\366k\226\277\177\016M\017\023)\177\334\235"
ARM GAS  /tmp/ccwfCuIX.s 			page 19


 253      F66B96BF 
 253      7F0E4D0F 
 253      13297FDC 
 253      9D
 254 057e 07B10925 		.ascii	"\007\261\011%\241@C\220 Da\232=@\350\026\215\322\\r"
 254      A1404390 
 254      2044619A 
 254      3D40E816 
 254      8DD25C72 
 255 0592 C64CE431 		.ascii	"\306L\3441\024Q\254\012=\003\300SZF\3400;\320Fa\026"
 255      1451AC0A 
 255      3D03C053 
 255      5A46E030 
 255      3BD04661 
 256 05a7 4A10FC51 		.ascii	"J\020\374Q<\330&\260\015`q`\337\201}\0136\211\374\321"
 256      3CD826B0 
 256      0D607160 
 256      DF817D0B 
 256      3689FCD1 
 257 05bb 7AB8AF03 		.ascii	"z\270\257\003\263\200\255\005[#\370\323\303Q\216h\211"
 257      B380AD05 
 257      5B23F8D3 
 257      C3518E68 
 257      89
 258 05cc 836DEAB2 		.ascii	"\203m\352\262\216\350 3\3519\327a\237\206\265\262\016"
 258      8EE82033 
 258      E939D761 
 258      9F86B5B2 
 258      0E
 259 05dd AABBB6EA 		.ascii	"\252\273\266\352s\202\205\035\000\235\344Xi_@\307\034"
 259      7382851D 
 259      009DE458 
 259      695F40C7 
 259      1C
 260 05ee B1963562 		.ascii	"\261\2265bm\032\305\016\002\366!\307J3\025=Pb+>\027"
 260      6D1AC50E 
 260      02F621C7 
 260      4A33153D 
 260      50622B3E 
 261 0603 4BFE863A 		.ascii	"K\376\206:\000{\226c\2454\204\352\225\032\312)/\254"
 261      007B9663 
 261      A53484EA 
 261      951ACA29 
 261      2FAC
 262 0615 79D4CDB1 		.ascii	"y\324\315\261R&\200\343\257\202w\207]\303\250R\303\210"
 262      522680E3 
 262      AF827787 
 262      5DC3A852 
 262      C388
 263 0627 127BC08E 		.ascii	"\022{\300\216\275\246\304\366)5$\177.\215\335c\345\330"
 263      BDA6C4F6 
 263      2935247F 
 263      2E8DDD63 
 263      E5D8
 264 0639 5D55F26E 		.ascii	"]U\362n\261\363>Q\362\032\024\264\251v\332q%\355\017"
 264      B1F33E51 
 264      F21A14B4 
ARM GAS  /tmp/ccwfCuIX.s 			page 20


 264      A976DA71 
 264      25ED0F
 265 064c 322DDD61 		.ascii	"2-\335aj'\333u\242\250! \025\337]Tv\236\314\264\327"
 265      6A27DB75 
 265      A2A82120 
 265      15DF5D54 
 265      769ECCB4 
 266 0661 A1610BA6 		.ascii	"\241a\013\246TcJ\252\373J\205\333\354\012'\224\012\037"
 266      54634AAA 
 266      FB4A85DB 
 266      EC0A2794 
 266      0A1F
 267 0673 C95898DE 		.ascii	"\311X\230\336\317\333za\334k1\335\360\0165\356\352\364"
 267      CFDB7A61 
 267      DC6B31DD 
 267      F00E35EE 
 267      EAF4
 268 0685 44D36639 		.ascii	"D\323f9\235\241\310\012\023\363\1771IYgmi\002\351\354"
 268      9DA1C80A 
 268      13F37F31 
 268      4959676D 
 268      6902E9EC 
 269 0699 F740B859 		.ascii	"\367@\270Y\260\357\246\244\357\354C\340IV\251N\267A"
 269      B0EFA6A4 
 269      EFEC43E0 
 269      4956A94E 
 269      B741
 270 06ab 3E0F53A4 		.ascii	">\017S\244\234\236\022\005\035\375z\200;9l5\236\356"
 270      9C9E1205 
 270      1DFD7A80 
 270      3B396C35 
 270      9EEE
 271 06bd E619259E 		.ascii	"\346\031%\236,\332\311[\235\271<\375\214\020\266\321"
 271      2CDAC95B 
 271      9DB93CFD 
 271      8C10B6D1 
 272 06cd A79995DC 		.ascii	"\247\231\225\334\367sH#~R\032))\035ws\235\012\267\011"
 272      F7734823 
 272      7E521A29 
 272      291D7773 
 272      9D0AB709 
 273 06e1 3C1516B1 		.ascii	"<\025\026\261TX\2606;Y\255L\205[\005=J\026\010<E\360"
 273      5458B036 
 273      3B59AD4C 
 273      855B053D 
 273      4A16083C 
 274 06f7 952A11F4 		.ascii	"\225*\021\364\301\226\366\037<q\003\2150*\352\020\023"
 274      C196F61F 
 274      3C71038D 
 274      302AEA10 
 274      13
 275 0708 3CA51DC2 		.ascii	"<\245\035\302\372\223v\210\304\347]\315/\234\335\266"
 275      FA937688 
 275      C4E75DCD 
 275      2F9CDDB6 
 276 0718 0BAF68ED 		.ascii	"\013\257h\355\342\215l\013\337\322\233\351\227\320\310"
 276      E28D6C0B 
ARM GAS  /tmp/ccwfCuIX.s 			page 21


 276      DFD29BE9 
 276      97D0C8
 277 0727 B94CBEA5 		.ascii	"\271L\276\245Ou\310\221~<GV\327\265\234A\370<\023w\374"
 277      4F75C891 
 277      7E3C4756 
 277      D7B59C41 
 277      F83C1377 
 278 073c 7E493EAF 		.ascii	"~I>\257Kr\366\275\361\234\004\215\353\250dIQ\331)\260"
 278      4B72F6BD 
 278      F19C048D 
 278      EBA86449 
 278      51D929B0 
 279 0750 CF91CCDE 		.ascii	"\317\221\314\336\262\227\316\230\231\2403\203\352\314"
 279      B297CE98 
 279      99A03383 
 279      EACC
 280 075e A63AB324 		.ascii	"\246:\263$\235\365\353jR^\352\225K\364\306S\007\353"
 280      9DF5EB6A 
 280      525EEA95 
 280      4BF4C653 
 280      07EB
 281 0770 F8F8D6D3 		.ascii	"\370\370\326\323m\371yY\203\007\276\304d'my\324\240"
 281      6DF97959 
 281      8307BEC4 
 281      64276D79 
 281      D4A0
 282 0782 C11DCCA9 		.ascii	"\301\035\314\251\034.\254\364b\310Z\342\247U?h\340\247"
 282      1C2EACF4 
 282      62C85AE2 
 282      A7553F68 
 282      E0A7
 283 0794 148D43B1 		.ascii	"\024\215C\261\037/\036+\034\311s\307\335\254\356\301"
 283      1F2F1E2B 
 283      1CC973C7 
 283      DDACEEC1 
 284 07a4 CCB61DAF 		.ascii	"\314\266\035\2578\302\354\225:<\207\3667\275\363y\211"
 284      38C2EC95 
 284      3A3C87F6 
 284      37BDF379 
 284      89
 285 07b5 B473D74A 		.ascii	"\264s\327J\375-\200\036\344\323\036\024\322\036\354"
 285      FD2D801E 
 285      E4D31E14 
 285      D21EEC
 286 07c4 957AD039 		.ascii	"\225z\3209\326\264\036;\242I\177]"
 286      D6B41E3B 
 286      A2497F5D 
 287 07d0 A20B6E64 		.ascii	"\242\013ndl\346#\361\001\270\251\023\331\267\275p\037"
 287      6CE623F1 
 287      01B8A913 
 287      D9B7BD70 
 287      1F
 288 07e1 537977F8 		.ascii	"Syw\370i\2617\036`Nu\345\221:\336\2759\340\026\356;"
 288      69B1371E 
 288      604E75E5 
 288      913ADEBD 
 288      39E016EE 
ARM GAS  /tmp/ccwfCuIX.s 			page 22


 289 07f6 D63405DF 		.ascii	"\3264\005\337feO\255;\313<\361\010s\322\307zn\361\025"
 289      66654FAD 
 289      3BCB3CF1 
 289      0873D2C7 
 289      7A6EF115 
 290 080a 308B0C75 		.ascii	"0\213\014u\356\216-\236\370!+\233\264\306o\367\300\217"
 290      EE8E2D9E 
 290      F8212B9B 
 290      B4C66FF7 
 290      C08F
 291 081c 9993DC94 		.ascii	"\231\223\334\224\234;\005O2g\3302\320\307g\317tp\237"
 291      9C3B054F 
 291      3267D832 
 291      D0C767CF 
 291      74709F
 292 082f 0C2677F2 		.ascii	"\014&w\362o\026\235\303\351\303\217\237>\366\377\260"
 292      6F169DC3 
 292      E9C38F9F 
 292      3EF6FFB0 
 293 083f 39650A5E 		.ascii	"9e\012^\247\246U\333;-\2078v\012\270q]\317\217\277\342"
 293      A7A655DB 
 293      3B2D8738 
 293      760AB871 
 293      5DCF8FBF 
 294 0854 3BE08814 		.ascii	";\340\210\024\333j6\231j\342\2533<\224\247\344C\020"
 294      DB6A3699 
 294      6AE2AB33 
 294      3C94A7E4 
 294      4310
 295 0866 AE2A1A2E 		.ascii	"\256*\032.\033\015\327\021)\\9\375\335G\005\345\251"
 295      1B0DD711 
 295      295C39FD 
 295      DD4705E5 
 295      A9
 296 0877 D725DAD6 		.ascii	"\327%\332\326\322\375\021N`*\0376u_Ex\023s,g\317\344"
 296      D2FD114E 
 296      602A1F36 
 296      755F4578 
 296      13732C67 
 297 088d 7BE044E6 		.ascii	"{\340D\346\014\355i\254w\307)\314\271~\343q\025\306"
 297      0CED69AC 
 297      77C729CC 
 297      B97EE371 
 297      15C6
 298 089f 19CCD93D 		.ascii	"\031\314\331=\224\263\311\023g\363:\327\207\233x\204"
 298      94B3C913 
 298      67F33AD7 
 298      879B7884 
 299 08af BE230BEA 		.ascii	"\276#\013\352\311H\305%)&d\302\335~80\251\301\371\024"
 299      C948C525 
 299      292664C2 
 299      DD7E3830 
 299      A9C1F914 
 300 08c3 FC66DF8E 		.ascii	"\374f\337\216\324\006\035b\007\007\2073\004=E\370\263"
 300      D4061D62 
 300      07078733 
 300      043D45F8 
ARM GAS  /tmp/ccwfCuIX.s 			page 23


 300      B3
 301 08d4 BDBB32FD 		.ascii	"\275\2732\375\365\3554\317\223\335\373 $\306&\307\335"
 301      F5ED34CF 
 301      93DDFB20 
 301      24C626C7 
 301      DD
 302 08e5 BB4C506C 		.ascii	"\273LPl/\335_\220<\0179\200\356Z\004+e\006\224D\261"
 302      2FDD5F90 
 302      3C0F3980 
 302      EE5A042B 
 302      65069444 
 303 08fa FB915E3E 		.ascii	"\373\221^>\027t\331\317\005\007\224\314%\216\314\004"
 303      1774D9CF 
 303      050794CC 
 303      258ECC04 
 304 090a 5C2583CB 		.ascii	"\\%\203\313\235\313p\244\276\"\243O+\321[\224\324Ge"
 304      9DCB70A4 
 304      BE22A34F 
 304      2BD15B94 
 304      D44765
 305 091d 70B1125C 		.ascii	"p\261\022\\$\203_\330\205\352\240[\247hY\023\337\202"
 305      24835FD8 
 305      85EAA05B 
 305      A7685913 
 305      DF82
 306 092f BA600BBA 		.ascii	"\272`\013\272\004\333\312\025\260\313`-`\347\301:\300"
 306      04DBCA15 
 306      B0CB602D 
 306      60E7C13A 
 306      C0
 307 0940 DAC1DAC0 		.ascii	"\332\301\332\300\352\301\316\2025\2005\2035\202]\004"
 307      EAC1CE82 
 307      35803583 
 307      35825D04 
 308 0950 BB00D60D 		.ascii	"\273\000\326\015\326\012\326\011\326\003v\006\354\334"
 308      D60AD609 
 308      D6037606 
 308      ECDC
 309 095e 0BE7A81D 		.ascii	"\013\347\250\035\262\316Z\245\316\014e\247\216\310\340"
 309      B2CE5AA5 
 309      CE0C65A7 
 309      8EC8E0
 310 096d 52E7C195 		.ascii	"R\347\301\225\342\225\014\373s\013\035\267}0n{8X\312"
 310      E2950CFB 
 310      730B1DB7 
 310      7D306E7B 
 310      3858CA
 311 0980 0568B792 		.ascii	"\005h\267\2229Cf>\246d\316\177i$\232e\364~\347\301\265"
 311      3943663E 
 311      A664CE7F 
 311      69249A65 
 311      F47EE7C1 
 312 0995 EB00F436 		.ascii	"\353\000\3646\206&\311\350\244\022\355x\224!\3306\031"
 312      8626C9E8 
 312      A412ED78 
 312      9421D836 
 312      19
ARM GAS  /tmp/ccwfCuIX.s 			page 24


 313 09a6 BB4B89CD 		.ascii	"\273K\211\315}IG\271\254\243B\211f\007*;\232\234\324"
 313      7D4947B9 
 313      ACA34289 
 313      66072A3B 
 313      9A9CD4
 314 09b9 BE20A745 		.ascii	"\276 \247EX\304\3500\007K\313\027U*\343Q\"3\3278\037"
 314      58C4E830 
 314      074BCB17 
 314      552AE351 
 314      2233D738 
 315 09ce 16C74877 		.ascii	"\026\307Hw\320H\347\000\363\016\016\226v\031\224\256"
 315      D048E700 
 315      F30E0E96 
 315      761994AE 
 316 09de 644E9399 		.ascii	"dN\223\231\217;\217\264\303i-\251\213\236\326\232\224"
 316      8F3B8FB4 
 316      C3692DA9 
 316      8B9ED69A 
 316      94
 317 09ef A73512AA 		.ascii	"\2475\022\252Vi\025\223`\3459\017\326\\Y\343e\2521\015"
 317      56691593 
 317      60E5390F 
 317      D65C59E3 
 317      65AA310D 
 318 0a03 34A60A8A 		.ascii	"4\246\012\212U|\033)4\246\312\032O8\0351\326y\362\305"
 318      557C1B29 
 318      34A6CA1A 
 318      4F381D31 
 318      D679F2C5 
 319 0a17 D6BBB549 		.ascii	"\326\273\265I\215\213h\352\021\256\235,\036\202\324"
 319      8D8B68EA 
 319      11AE9D2C 
 319      1E82D4
 320 0a26 3F8D691F 		.ascii	"?\215i\037\355BD\373U\250\334+\037\276\232\350\341\313"
 320      ED4244FB 
 320      55A8DC2B 
 320      1FBE9AE8 
 320      E1CB
 321 0a38 E9B2437D 		.ascii	"\351\262C}\260\332\376\037+\017tg\015\017&\371\274p"
 321      B0DAFE1F 
 321      2B0F7467 
 321      0D0F26F9 
 321      BC70
 322 0a4a F4BBFAC2 		.ascii	"\364\273\372\302\321\257\237\037\375\372\351\321/\251"
 322      D1AF9F1F 
 322      FDFAE9D1 
 322      2FA9
 323 0a58 F1DB2E77 		.ascii	"\361\333.w\\\301\262q\316`\343\031\276\035\376\234|"
 323      5CC1B271 
 323      CE60E319 
 323      BE1DFE9C 
 323      7C
 324 0a69 5C270D6D 		.ascii	"\\'\015mF,\031\017\222\344\234\3358\266M\213O2l\225"
 324      462C190F 
 324      92E49CDD 
 324      38B64D8B 
 324      4F326C95 
ARM GAS  /tmp/ccwfCuIX.s 			page 25


 325 0a7d EDEEBB0C 		.ascii	"\355\356\273\014J\276\373\212\356$\316t\275=\015J\333"
 325      4ABEFB8A 
 325      EE24CE74 
 325      BD3D0D4A 
 325      DB
 326 0a8e D34DB63D 		.ascii	"\323M\266=\265>\262=\326\341FJ\244.[\333\233\355\215"
 326      B53EB23D 
 326      D6E1464A 
 326      A42E5BDB 
 326      9BED8D
 327 0aa1 66E911C0 		.ascii	"f\351\021\300\021\373g\021\371\207\265\012\335\205\301"
 327      11FB6711 
 327      F987B50A 
 327      DD85C1
 328 0ab0 BF25603E 		.ascii	"\277%`>3Ti\"\360\217\374\207\274\206g\015\275;\371\277"
 328      33546922 
 328      F08FFC87 
 328      BC86670D 
 328      BD3BF9BF 
 329 0ac4 D16D88EE 		.ascii	"\321m\210\356]\332\336\020\004\377\016k\320z\346\270"
 329      5DDADE10 
 329      04FF0E6B 
 329      D07AE6B8 
 330 0ad4 0D3BEE70 		.ascii	"\015;\356p\204{\000\312\257\323\2714Lw\270Ai\207\273"
 330      847B00CA 
 330      AFD3B934 
 330      4C77B841 
 330      6987BB
 331 0ae7 7CFA9CC5 		.ascii	"|\372\234\305]\313\271\255?\306\2759k}\212\247#\367"
 331      5DCBB9AD 
 331      3FC6BD39 
 331      6B7D8AA7 
 331      23F7
 332 0af9 BD57719F 		.ascii	"\275Wq\237//\032\361x;Wl\316\022\373\216n\370k\242h"
 332      2F2F1AF1 
 332      783B576C 
 332      CE12FB8E 
 332      6EF86BA2 
 333 0b0e 4915D568 		.ascii	"I\025\325h\004\346\356\015\230I6\364\226C\325k\360f"
 333      04E6EE0D 
 333      984936F4 
 333      9643D56B 
 333      F066
 334 0b20 09046254 		.ascii	"\011\004bTx[55\362_\341a\013\"C\227\2554/5\207\305F"
 334      785B3535 
 334      F25FE161 
 334      0B224397 
 334      AD342F35 
 335 0b37 456BFEF0 		.ascii	"Ek\376\360\311g3\214s\347\252\264!!\253\302#c\347\275"
 335      C967338C 
 335      73E7AAB4 
 335      2121ABC2 
 335      2363E7BD 
 336 0b4b 1B12FB9E 		.ascii	"\033\022\373\236aUL\264!4:\342\235\310\250H\363;\346"
 336      61554CB4 
 336      21343AE2 
 336      9DC8A848 
ARM GAS  /tmp/ccwfCuIX.s 			page 26


 336      F33BE6
 337 0b5e D065E186 		.ascii	"\320e\341\206\360\310\260\225\253\226\233\015\021\241"
 337      F0C8B095 
 337      AB969B0D 
 337      11A1
 338 0b6c 612BC223 		.ascii	"a+\302#\315\206\220\345\346/CW\255\214\015\211]\375"
 338      CD8690E5 
 338      E62F4357 
 338      AD8C0D89 
 338      5DFD
 339 0b7e B53966F6 		.ascii	"\2659f\366\012\225F\252\375\213W\324\216Y\035c\010\211"
 339      0A9546AA 
 339      FD8B57D4 
 339      8E591D63 
 339      0889
 340 0b90 895D0E50 		.ascii	"\211]\016P\250\362\241aET\004\2744\257\014\2170\374"
 340      A8F2A161 
 340      455404BC 
 340      34AF0C8F 
 340      30FC
 341 0ba2 3B2AFA1F 		.ascii	";*\372\037\341\221_\031\214+\302\227\205\177\032l\210"
 341      E1915F19 
 341      8C2BC297 
 341      857F1A6C 
 341      88
 342 0bb3 8A31AC08 		.ascii	"\2121\254\010]i\370:*:6\306\020\026\025\021\021\025"
 342      5D69F83A 
 342      2A3A36C6 
 342      10161511 
 342      1115
 343 0bc5 6908302D 		.ascii	"i\0100-6.\376\306@\3720;L\365\032\271\317\017\217\221"
 343      362EFEC6 
 343      40FA303B 
 343      4CF51AB9 
 343      CF0F8F91 
 344 0bd9 3BA3276F 		.ascii	";\243'o\202\315\261\301\253cb\315\021\213B#\227\257"
 344      82CDB1C1 
 344      AB6362CD 
 344      118B4223 
 344      97AF
 345 0beb 34470745 		.ascii	"4G\007E\207GE\207\307\256\246]7\2564\207F\007\231#A"
 345      87474587 
 345      C7AEA65D 
 345      37AE3487 
 345      46079923 
 346 0c00 C1579EA6 		.ascii	"\301W\236\246\005\301\013LK\027\314\377\265\020\030"
 346      05C10B4C 
 346      4B17CCFF 
 346      B51018
 347 0c0f E4C9BAFF 		.ascii	"\344\311\272\377AH\254\007\277\333\213\337S\007\006"
 347      4148AC07 
 347      BFDB8BDF 
 347      530706
 348 0c1e 7C6CB2BB 		.ascii	"|l\262\273\363\324\201\306 \331}W\035\030\034d\322\230"
 348      F3D481C6 
 348      20D97D57 
 348      1D181C64 
ARM GAS  /tmp/ccwfCuIX.s 			page 27


 348      D298
 349 0c30 9837170A 		.ascii	"\2307\027\012\027\310\205s\240p\201I\035\274$\320d\374"
 349      17C88573 
 349      A0708149 
 349      1DBC24D0 
 349      64FC
 350 0c42 91CEF22E 		.ascii	"\221\316\362.\232\277\2115\030\027\007\007\006\333c"
 350      9ABF8935 
 350      18170707 
 350      06DB63
 351 0c51 1616156D 		.ascii	"\026\026\025m\016\011\213\230\007\001\363\374di\240"
 351      0E098B98 
 351      0701F3FC 
 351      6469A0
 352 0c60 31640944 		.ascii	"1d\011D\034x\003L\352\305\213\027\232p\300|\023\236"
 352      1C78034C 
 352      EAC58B17 
 352      9A70C07C 
 352      139E
 353 0c72 0FF7A085 		.ascii	"\017\367\240\205&u\300\302`\223\372\343\205\001&7(\002"
 353      2675C0C2 
 353      6093FAE3 
 353      85012637 
 353      2802
 354 0c84 C07CE22F 		.ascii	"\300|\342/\"?F\370q\013^d\0146\341\340EA\330h\204\273"
 354      223F46F8 
 354      710B5E64 
 354      0C36E1E0 
 354      4541D868 
 355 0c9a D1E41600 		.ascii	"\321\344\026\000\302L\352\245K>5\201p@\030\203>\013"
 355      C24CEAA5 
 355      4B3E3581 
 355      70401883 
 355      3E0B
 356 0cac 9C0FBF01 		.ascii	"\234\017\277\001F\223&\330\3701m\313+$\344\313U\221"
 356      469326D8 
 356      F8316DCB 
 356      2B24E4CB 
 356      5591
 357 0cbe 612121B3 		.ascii	"a!!\263\177\363\301o\337\327H\236:lEh\364\177\001\020"
 357      7FF3C16F 
 357      DFD7489E 
 357      3A6C4568 
 357      F47F0110 
 358 0cd2 D1F7C3   		.ascii	"\321\367\303"
 359              		.text
 360              		.section	.gnu.lto_.symtab.faa33a6ea2a4b589,"",%progbits
 361 0000 6E766963 		.ascii	"nvicEnableVector\000"
 361      456E6162 
 361      6C655665 
 361      63746F72 
 361      00
 362 0011 00       		.ascii	"\000"
 363 0012 00       		.ascii	"\000"
 364 0013 00       		.ascii	"\000"
 365 0014 00000000 		.ascii	"\000\000\000\000\000\000\000\000"
 365      00000000 
ARM GAS  /tmp/ccwfCuIX.s 			page 28


 366 001c B7000000 		.ascii	"\267\000\000\000"
 367 0020 6E766963 		.ascii	"nvicDisableVector\000"
 367      44697361 
 367      626C6556 
 367      6563746F 
 367      7200
 368 0032 00       		.ascii	"\000"
 369 0033 00       		.ascii	"\000"
 370 0034 00       		.ascii	"\000"
 371 0035 00000000 		.ascii	"\000\000\000\000\000\000\000\000"
 371      00000000 
 372 003d BB000000 		.ascii	"\273\000\000\000"
 373 0041 6E766963 		.ascii	"nvicSetSystemHandlerPriority\000"
 373      53657453 
 373      79737465 
 373      6D48616E 
 373      646C6572 
 374 005e 00       		.ascii	"\000"
 375 005f 00       		.ascii	"\000"
 376 0060 00       		.ascii	"\000"
 377 0061 00000000 		.ascii	"\000\000\000\000\000\000\000\000"
 377      00000000 
 378 0069 BD000000 		.ascii	"\275\000\000\000"
 379 006d 6E766963 		.ascii	"nvicClearPending\000"
 379      436C6561 
 379      7250656E 
 379      64696E67 
 379      00
 380 007e 00       		.ascii	"\000"
 381 007f 00       		.ascii	"\000"
 382 0080 00       		.ascii	"\000"
 383 0081 00000000 		.ascii	"\000\000\000\000\000\000\000\000"
 383      00000000 
 384 0089 BF000000 		.ascii	"\277\000\000\000"
 385              		.text
 386              		.section	.gnu.lto_.opts,"",%progbits
 387 0000 272D666D 		.ascii	"'-fmath-errno' '-fsigned-zeros' '-ftrapping-math' '"
 387      6174682D 
 387      6572726E 
 387      6F272027 
 387      2D667369 
 388 0033 2D666E6F 		.ascii	"-fno-trapv' '-fno-openmp' '-fno-openacc' '-mcpu=cor"
 388      2D747261 
 388      70762720 
 388      272D666E 
 388      6F2D6F70 
 389 0066 7465782D 		.ascii	"tex-m3' '-mno-thumb-interwork' '-mthumb' '-ggdb' '-"
 389      6D332720 
 389      272D6D6E 
 389      6F2D7468 
 389      756D622D 
 390 0099 4F322720 		.ascii	"O2' '-fomit-frame-pointer' '-falign-functions=16' '"
 390      272D666F 
 390      6D69742D 
 390      6672616D 
 390      652D706F 
 391 00cc 2D666675 		.ascii	"-ffunction-sections' '-fdata-sections' '-fno-common"
ARM GAS  /tmp/ccwfCuIX.s 			page 29


 391      6E637469 
 391      6F6E2D73 
 391      65637469 
 391      6F6E7327 
 392 00ff 2720272D 		.ascii	"' '-flto'\000"
 392      666C746F 
 392      2700
 393              		.text
 394              		.comm	__gnu_lto_v1,1,1
 395              		.comm	__gnu_lto_slim,1,1
 396              		.ident	"GCC: (GNU Tools for ARM Embedded Processors) 5.3.1 20160307 (release) [ARM/embedded-5-bran
ARM GAS  /tmp/ccwfCuIX.s 			page 30


DEFINED SYMBOLS
                            *ABS*:0000000000000000 nvic.c
                            *COM*:0000000000000001 __gnu_lto_v1
                            *COM*:0000000000000001 __gnu_lto_slim

NO UNDEFINED SYMBOLS
