ARM GAS  /tmp/ccBBQ5Xd.s 			page 1


   1              		.syntax unified
   2              		.cpu cortex-m4
   3              		.fpu softvfp
   4              		.eabi_attribute 20, 1
   5              		.eabi_attribute 21, 1
   6              		.eabi_attribute 23, 3
   7              		.eabi_attribute 24, 1
   8              		.eabi_attribute 25, 1
   9              		.eabi_attribute 26, 1
  10              		.eabi_attribute 30, 2
  11              		.eabi_attribute 34, 1
  12              		.eabi_attribute 18, 4
  13              		.thumb
  14              		.syntax unified
  15              		.file	"chmemcore.c"
  16              		.text
  17              	.Ltext0:
  18              		.cfi_sections	.debug_frame
  19              		.section	.text._core_init,"ax",%progbits
  20              		.align	2
  21              		.p2align 4,,15
  22              		.global	_core_init
  23              		.thumb
  24              		.thumb_func
  25              		.type	_core_init, %function
  26              	_core_init:
  27              	.LFB227:
  28              		.file 1 "/home/selim/working/ChibiOS/os/rt/src/chmemcore.c"
  29              		.loc 1 78 0
  30              		.cfi_startproc
  31              		@ args = 0, pretend = 0, frame = 0
  32              		@ frame_needed = 0, uses_anonymous_args = 0
  33              		@ link register save eliminated.
  34              		.loc 1 84 0
  35 0000 054A     		ldr	r2, .L2
  36              		.loc 1 85 0
  37 0002 064B     		ldr	r3, .L2+4
  38              		.loc 1 84 0
  39 0004 0648     		ldr	r0, .L2+8
  40              		.loc 1 85 0
  41 0006 0749     		ldr	r1, .L2+12
  42              		.loc 1 84 0
  43 0008 22F00702 		bic	r2, r2, #7
  44              		.loc 1 85 0
  45 000c 23F00703 		bic	r3, r3, #7
  46              		.loc 1 84 0
  47 0010 0260     		str	r2, [r0]
  48              		.loc 1 85 0
  49 0012 0B60     		str	r3, [r1]
  50 0014 7047     		bx	lr
  51              	.L3:
  52 0016 00BF     		.align	2
  53              	.L2:
  54 0018 07000000 		.word	__heap_base__+7
  55 001c 00000000 		.word	__heap_end__
  56 0020 00000000 		.word	.LANCHOR0
  57 0024 00000000 		.word	.LANCHOR1
ARM GAS  /tmp/ccBBQ5Xd.s 			page 2


  58              		.cfi_endproc
  59              	.LFE227:
  60              		.size	_core_init, .-_core_init
  61              		.section	.text.chCoreAlloc,"ax",%progbits
  62              		.align	2
  63              		.p2align 4,,15
  64              		.global	chCoreAlloc
  65              		.thumb
  66              		.thumb_func
  67              		.type	chCoreAlloc, %function
  68              	chCoreAlloc:
  69              	.LFB228:
  70              		.loc 1 109 0
  71              		.cfi_startproc
  72              		@ args = 0, pretend = 0, frame = 0
  73              		@ frame_needed = 0, uses_anonymous_args = 0
  74              		@ link register save eliminated.
  75              	.LVL0:
  76 0000 10B4     		push	{r4}
  77              		.cfi_def_cfa_offset 4
  78              		.cfi_offset 4, -4
  79              	.LBB26:
  80              	.LBB27:
  81              	.LBB28:
  82              	.LBB29:
  83              		.file 2 "/home/selim/working/ChibiOS/os/ext/CMSIS/include/core_cmFunc.h"
  84              		.loc 2 546 0
  85 0002 2023     		movs	r3, #32
  86              		.syntax unified
  87              	@ 546 "/home/selim/working/ChibiOS/os/ext/CMSIS/include/core_cmFunc.h" 1
  88 0004 83F31188 		MSR basepri, r3
  89              	@ 0 "" 2
  90              	.LVL1:
  91              		.thumb
  92              		.syntax unified
  93              	.LBE29:
  94              	.LBE28:
  95              	.LBE27:
  96              	.LBE26:
  97              	.LBB30:
  98              	.LBB31:
  99              		.loc 1 138 0
 100 0008 094C     		ldr	r4, .L9
 101 000a 0A4B     		ldr	r3, .L9+4
 102 000c 2268     		ldr	r2, [r4]
 103 000e 1968     		ldr	r1, [r3]
 104              		.loc 1 136 0
 105 0010 C31D     		adds	r3, r0, #7
 106 0012 23F00703 		bic	r3, r3, #7
 107              	.LVL2:
 108              		.loc 1 138 0
 109 0016 891A     		subs	r1, r1, r2
 110 0018 8B42     		cmp	r3, r1
 111              	.LVL3:
 112              		.loc 1 143 0
 113 001a 9DBF     		ittte	ls
 114 001c 9B18     		addls	r3, r3, r2
ARM GAS  /tmp/ccBBQ5Xd.s 			page 3


 115              	.LVL4:
 116 001e 2360     		strls	r3, [r4]
 117              		.loc 1 145 0
 118 0020 1046     		movls	r0, r2
 119              	.LVL5:
 120              		.loc 1 140 0
 121 0022 0020     		movhi	r0, #0
 122              	.LVL6:
 123              	.LBE31:
 124              	.LBE30:
 125              	.LBB32:
 126              	.LBB33:
 127              	.LBB34:
 128              	.LBB35:
 129              	.LBB36:
 130              		.loc 2 546 0
 131 0024 0023     		movs	r3, #0
 132              		.syntax unified
 133              	@ 546 "/home/selim/working/ChibiOS/os/ext/CMSIS/include/core_cmFunc.h" 1
 134 0026 83F31188 		MSR basepri, r3
 135              	@ 0 "" 2
 136              	.LVL7:
 137              		.thumb
 138              		.syntax unified
 139              	.LBE36:
 140              	.LBE35:
 141              	.LBE34:
 142              	.LBE33:
 143              	.LBE32:
 144              		.loc 1 117 0
 145 002a 10BC     		pop	{r4}
 146              		.cfi_restore 4
 147              		.cfi_def_cfa_offset 0
 148 002c 7047     		bx	lr
 149              	.L10:
 150 002e 00BF     		.align	2
 151              	.L9:
 152 0030 00000000 		.word	.LANCHOR0
 153 0034 00000000 		.word	.LANCHOR1
 154              		.cfi_endproc
 155              	.LFE228:
 156              		.size	chCoreAlloc, .-chCoreAlloc
 157              		.section	.text.chCoreAllocI,"ax",%progbits
 158              		.align	2
 159              		.p2align 4,,15
 160              		.global	chCoreAllocI
 161              		.thumb
 162              		.thumb_func
 163              		.type	chCoreAllocI, %function
 164              	chCoreAllocI:
 165              	.LFB229:
 166              		.loc 1 131 0
 167              		.cfi_startproc
 168              		@ args = 0, pretend = 0, frame = 0
 169              		@ frame_needed = 0, uses_anonymous_args = 0
 170              		@ link register save eliminated.
 171              	.LVL8:
ARM GAS  /tmp/ccBBQ5Xd.s 			page 4


 172 0000 10B4     		push	{r4}
 173              		.cfi_def_cfa_offset 4
 174              		.cfi_offset 4, -4
 175              		.loc 1 138 0
 176 0002 084B     		ldr	r3, .L15
 177 0004 084C     		ldr	r4, .L15+4
 178 0006 1968     		ldr	r1, [r3]
 179 0008 2268     		ldr	r2, [r4]
 180              		.loc 1 136 0
 181 000a 0730     		adds	r0, r0, #7
 182              	.LVL9:
 183 000c 20F00703 		bic	r3, r0, #7
 184              	.LVL10:
 185              		.loc 1 138 0
 186 0010 891A     		subs	r1, r1, r2
 187 0012 8B42     		cmp	r3, r1
 188              	.LVL11:
 189              		.loc 1 143 0
 190 0014 9DBF     		ittte	ls
 191 0016 9B18     		addls	r3, r3, r2
 192              	.LVL12:
 193 0018 2360     		strls	r3, [r4]
 194              		.loc 1 145 0
 195 001a 1046     		movls	r0, r2
 196              	.LVL13:
 197              		.loc 1 140 0
 198 001c 0020     		movhi	r0, #0
 199              		.loc 1 146 0
 200 001e 10BC     		pop	{r4}
 201              		.cfi_restore 4
 202              		.cfi_def_cfa_offset 0
 203 0020 7047     		bx	lr
 204              	.L16:
 205 0022 00BF     		.align	2
 206              	.L15:
 207 0024 00000000 		.word	.LANCHOR1
 208 0028 00000000 		.word	.LANCHOR0
 209              		.cfi_endproc
 210              	.LFE229:
 211              		.size	chCoreAllocI, .-chCoreAllocI
 212              		.section	.text.chCoreGetStatusX,"ax",%progbits
 213              		.align	2
 214              		.p2align 4,,15
 215              		.global	chCoreGetStatusX
 216              		.thumb
 217              		.thumb_func
 218              		.type	chCoreGetStatusX, %function
 219              	chCoreGetStatusX:
 220              	.LFB230:
 221              		.loc 1 155 0
 222              		.cfi_startproc
 223              		@ args = 0, pretend = 0, frame = 0
 224              		@ frame_needed = 0, uses_anonymous_args = 0
 225              		@ link register save eliminated.
 226              		.loc 1 158 0
 227 0000 024A     		ldr	r2, .L18
 228 0002 034B     		ldr	r3, .L18+4
ARM GAS  /tmp/ccBBQ5Xd.s 			page 5


 229 0004 1068     		ldr	r0, [r2]
 230 0006 1B68     		ldr	r3, [r3]
 231              		.loc 1 160 0
 232 0008 C01A     		subs	r0, r0, r3
 233 000a 7047     		bx	lr
 234              	.L19:
 235              		.align	2
 236              	.L18:
 237 000c 00000000 		.word	.LANCHOR1
 238 0010 00000000 		.word	.LANCHOR0
 239              		.cfi_endproc
 240              	.LFE230:
 241              		.size	chCoreGetStatusX, .-chCoreGetStatusX
 242              		.section	.bss.endmem,"aw",%nobits
 243              		.align	2
 244              		.set	.LANCHOR1,. + 0
 245              		.type	endmem, %object
 246              		.size	endmem, 4
 247              	endmem:
 248 0000 00000000 		.space	4
 249              		.section	.bss.nextmem,"aw",%nobits
 250              		.align	2
 251              		.set	.LANCHOR0,. + 0
 252              		.type	nextmem, %object
 253              		.size	nextmem, 4
 254              	nextmem:
 255 0000 00000000 		.space	4
 256              		.text
 257              	.Letext0:
 258              		.file 3 "/usr/lib/gcc/arm-none-eabi/5.3.1/include/stddef.h"
 259              		.file 4 "/usr/arm-none-eabi/include/machine/_default_types.h"
 260              		.file 5 "/usr/arm-none-eabi/include/sys/_stdint.h"
 261              		.file 6 "/home/selim/working/ChibiOS/os/rt/ports/ARMCMx/compilers/GCC/chtypes.h"
 262              		.file 7 "/home/selim/working/ChibiOS/os/rt/include/chsystypes.h"
 263              		.file 8 "/home/selim/working/ChibiOS/os/rt/include/chschd.h"
 264              		.file 9 "/home/selim/working/ChibiOS/os/rt/ports/ARMCMx/chcore.h"
 265              		.file 10 "/home/selim/working/ChibiOS/os/rt/ports/ARMCMx/chcore_v7m.h"
 266              		.file 11 "/home/selim/working/ChibiOS/os/rt/include/chtm.h"
 267              		.file 12 "/home/selim/working/ChibiOS/os/rt/include/chsem.h"
 268              		.file 13 "/home/selim/working/ChibiOS/os/rt/include/chmtx.h"
 269              		.file 14 "/home/selim/working/ChibiOS/os/rt/include/chsys.h"
 270              		.file 15 "/home/selim/working/ChibiOS/os/ext/CMSIS/include/core_cm4.h"
 271              		.section	.debug_info,"",%progbits
 272              	.Ldebug_info0:
 273 0000 5E080000 		.4byte	0x85e
 274 0004 0400     		.2byte	0x4
 275 0006 00000000 		.4byte	.Ldebug_abbrev0
 276 000a 04       		.byte	0x4
 277 000b 01       		.uleb128 0x1
 278 000c 73030000 		.4byte	.LASF116
 279 0010 0C       		.byte	0xc
 280 0011 B4000000 		.4byte	.LASF117
 281 0015 00000000 		.4byte	.Ldebug_ranges0+0
 282 0019 00000000 		.4byte	0
 283 001d 00000000 		.4byte	.Ldebug_line0
 284 0021 02       		.uleb128 0x2
 285 0022 04       		.byte	0x4
ARM GAS  /tmp/ccBBQ5Xd.s 			page 6


 286 0023 05       		.byte	0x5
 287 0024 696E7400 		.ascii	"int\000"
 288 0028 03       		.uleb128 0x3
 289 0029 14000000 		.4byte	.LASF4
 290 002d 03       		.byte	0x3
 291 002e D8       		.byte	0xd8
 292 002f 33000000 		.4byte	0x33
 293 0033 04       		.uleb128 0x4
 294 0034 04       		.byte	0x4
 295 0035 07       		.byte	0x7
 296 0036 C7010000 		.4byte	.LASF0
 297 003a 04       		.uleb128 0x4
 298 003b 08       		.byte	0x8
 299 003c 05       		.byte	0x5
 300 003d FE000000 		.4byte	.LASF1
 301 0041 04       		.uleb128 0x4
 302 0042 08       		.byte	0x8
 303 0043 04       		.byte	0x4
 304 0044 97020000 		.4byte	.LASF2
 305 0048 04       		.uleb128 0x4
 306 0049 01       		.byte	0x1
 307 004a 06       		.byte	0x6
 308 004b 0C010000 		.4byte	.LASF3
 309 004f 03       		.uleb128 0x3
 310 0050 37000000 		.4byte	.LASF5
 311 0054 04       		.byte	0x4
 312 0055 1D       		.byte	0x1d
 313 0056 5A000000 		.4byte	0x5a
 314 005a 04       		.uleb128 0x4
 315 005b 01       		.byte	0x1
 316 005c 08       		.byte	0x8
 317 005d 2A030000 		.4byte	.LASF6
 318 0061 04       		.uleb128 0x4
 319 0062 02       		.byte	0x2
 320 0063 05       		.byte	0x5
 321 0064 4D030000 		.4byte	.LASF7
 322 0068 04       		.uleb128 0x4
 323 0069 02       		.byte	0x2
 324 006a 07       		.byte	0x7
 325 006b F4010000 		.4byte	.LASF8
 326 006f 03       		.uleb128 0x3
 327 0070 45020000 		.4byte	.LASF9
 328 0074 04       		.byte	0x4
 329 0075 3F       		.byte	0x3f
 330 0076 7A000000 		.4byte	0x7a
 331 007a 04       		.uleb128 0x4
 332 007b 04       		.byte	0x4
 333 007c 05       		.byte	0x5
 334 007d 5C010000 		.4byte	.LASF10
 335 0081 03       		.uleb128 0x3
 336 0082 1D050000 		.4byte	.LASF11
 337 0086 04       		.byte	0x4
 338 0087 41       		.byte	0x41
 339 0088 8C000000 		.4byte	0x8c
 340 008c 04       		.uleb128 0x4
 341 008d 04       		.byte	0x4
 342 008e 07       		.byte	0x7
ARM GAS  /tmp/ccBBQ5Xd.s 			page 7


 343 008f D0040000 		.4byte	.LASF12
 344 0093 03       		.uleb128 0x3
 345 0094 E0020000 		.4byte	.LASF13
 346 0098 04       		.byte	0x4
 347 0099 5B       		.byte	0x5b
 348 009a 9E000000 		.4byte	0x9e
 349 009e 04       		.uleb128 0x4
 350 009f 08       		.byte	0x8
 351 00a0 07       		.byte	0x7
 352 00a1 66000000 		.4byte	.LASF14
 353 00a5 03       		.uleb128 0x3
 354 00a6 92050000 		.4byte	.LASF15
 355 00aa 05       		.byte	0x5
 356 00ab 14       		.byte	0x14
 357 00ac 4F000000 		.4byte	0x4f
 358 00b0 03       		.uleb128 0x3
 359 00b1 22030000 		.4byte	.LASF16
 360 00b5 05       		.byte	0x5
 361 00b6 1F       		.byte	0x1f
 362 00b7 6F000000 		.4byte	0x6f
 363 00bb 03       		.uleb128 0x3
 364 00bc 9F040000 		.4byte	.LASF17
 365 00c0 05       		.byte	0x5
 366 00c1 20       		.byte	0x20
 367 00c2 81000000 		.4byte	0x81
 368 00c6 03       		.uleb128 0x3
 369 00c7 22000000 		.4byte	.LASF18
 370 00cb 05       		.byte	0x5
 371 00cc 26       		.byte	0x26
 372 00cd 93000000 		.4byte	0x93
 373 00d1 05       		.uleb128 0x5
 374 00d2 B0000000 		.4byte	0xb0
 375 00d6 03       		.uleb128 0x3
 376 00d7 4F050000 		.4byte	.LASF19
 377 00db 06       		.byte	0x6
 378 00dc 46       		.byte	0x46
 379 00dd BB000000 		.4byte	0xbb
 380 00e1 03       		.uleb128 0x3
 381 00e2 23020000 		.4byte	.LASF20
 382 00e6 06       		.byte	0x6
 383 00e7 49       		.byte	0x49
 384 00e8 A5000000 		.4byte	0xa5
 385 00ec 03       		.uleb128 0x3
 386 00ed 65010000 		.4byte	.LASF21
 387 00f1 06       		.byte	0x6
 388 00f2 4A       		.byte	0x4a
 389 00f3 A5000000 		.4byte	0xa5
 390 00f7 03       		.uleb128 0x3
 391 00f8 EB020000 		.4byte	.LASF22
 392 00fc 06       		.byte	0x6
 393 00fd 4B       		.byte	0x4b
 394 00fe A5000000 		.4byte	0xa5
 395 0102 03       		.uleb128 0x3
 396 0103 0A030000 		.4byte	.LASF23
 397 0107 06       		.byte	0x6
 398 0108 4D       		.byte	0x4d
 399 0109 BB000000 		.4byte	0xbb
ARM GAS  /tmp/ccBBQ5Xd.s 			page 8


 400 010d 03       		.uleb128 0x3
 401 010e 11020000 		.4byte	.LASF24
 402 0112 06       		.byte	0x6
 403 0113 4E       		.byte	0x4e
 404 0114 B0000000 		.4byte	0xb0
 405 0118 03       		.uleb128 0x3
 406 0119 39020000 		.4byte	.LASF25
 407 011d 06       		.byte	0x6
 408 011e 50       		.byte	0x50
 409 011f BB000000 		.4byte	0xbb
 410 0123 03       		.uleb128 0x3
 411 0124 C1010000 		.4byte	.LASF26
 412 0128 06       		.byte	0x6
 413 0129 52       		.byte	0x52
 414 012a B0000000 		.4byte	0xb0
 415 012e 03       		.uleb128 0x3
 416 012f FF040000 		.4byte	.LASF27
 417 0133 07       		.byte	0x7
 418 0134 33       		.byte	0x33
 419 0135 BB000000 		.4byte	0xbb
 420 0139 03       		.uleb128 0x3
 421 013a E7040000 		.4byte	.LASF28
 422 013e 07       		.byte	0x7
 423 013f 3F       		.byte	0x3f
 424 0140 44010000 		.4byte	0x144
 425 0144 06       		.uleb128 0x6
 426 0145 07020000 		.4byte	.LASF48
 427 0149 44       		.byte	0x44
 428 014a 08       		.byte	0x8
 429 014b C2       		.byte	0xc2
 430 014c 31020000 		.4byte	0x231
 431 0150 07       		.uleb128 0x7
 432 0151 54040000 		.4byte	.LASF29
 433 0155 08       		.byte	0x8
 434 0156 C3       		.byte	0xc3
 435 0157 3C020000 		.4byte	0x23c
 436 015b 00       		.byte	0
 437 015c 07       		.uleb128 0x7
 438 015d 03030000 		.4byte	.LASF30
 439 0161 08       		.byte	0x8
 440 0162 C5       		.byte	0xc5
 441 0163 3C020000 		.4byte	0x23c
 442 0167 04       		.byte	0x4
 443 0168 07       		.uleb128 0x7
 444 0169 F7000000 		.4byte	.LASF31
 445 016d 08       		.byte	0x8
 446 016e C7       		.byte	0xc7
 447 016f 02010000 		.4byte	0x102
 448 0173 08       		.byte	0x8
 449 0174 07       		.uleb128 0x7
 450 0175 D6050000 		.4byte	.LASF32
 451 0179 08       		.byte	0x8
 452 017a C8       		.byte	0xc8
 453 017b 6C040000 		.4byte	0x46c
 454 017f 0C       		.byte	0xc
 455 0180 07       		.uleb128 0x7
 456 0181 6E010000 		.4byte	.LASF33
ARM GAS  /tmp/ccBBQ5Xd.s 			page 9


 457 0185 08       		.byte	0x8
 458 0186 CA       		.byte	0xca
 459 0187 3C020000 		.4byte	0x23c
 460 018b 10       		.byte	0x10
 461 018c 07       		.uleb128 0x7
 462 018d AF020000 		.4byte	.LASF34
 463 0191 08       		.byte	0x8
 464 0192 CB       		.byte	0xcb
 465 0193 3C020000 		.4byte	0x23c
 466 0197 14       		.byte	0x14
 467 0198 07       		.uleb128 0x7
 468 0199 A1050000 		.4byte	.LASF35
 469 019d 08       		.byte	0x8
 470 019e D2       		.byte	0xd2
 471 019f EB050000 		.4byte	0x5eb
 472 01a3 18       		.byte	0x18
 473 01a4 07       		.uleb128 0x7
 474 01a5 57030000 		.4byte	.LASF36
 475 01a9 08       		.byte	0x8
 476 01aa DD       		.byte	0xdd
 477 01ab EC000000 		.4byte	0xec
 478 01af 1C       		.byte	0x1c
 479 01b0 07       		.uleb128 0x7
 480 01b1 5B040000 		.4byte	.LASF37
 481 01b5 08       		.byte	0x8
 482 01b6 E1       		.byte	0xe1
 483 01b7 E1000000 		.4byte	0xe1
 484 01bb 1D       		.byte	0x1d
 485 01bc 07       		.uleb128 0x7
 486 01bd 85050000 		.4byte	.LASF38
 487 01c1 08       		.byte	0x8
 488 01c2 E6       		.byte	0xe6
 489 01c3 F7000000 		.4byte	0xf7
 490 01c7 1E       		.byte	0x1e
 491 01c8 08       		.uleb128 0x8
 492 01c9 705F7500 		.ascii	"p_u\000"
 493 01cd 08       		.byte	0x8
 494 01ce 3101     		.2byte	0x131
 495 01d0 26050000 		.4byte	0x526
 496 01d4 20       		.byte	0x20
 497 01d5 09       		.uleb128 0x9
 498 01d6 5A020000 		.4byte	.LASF39
 499 01da 08       		.byte	0x8
 500 01db 3601     		.2byte	0x136
 501 01dd 42020000 		.4byte	0x242
 502 01e1 24       		.byte	0x24
 503 01e2 09       		.uleb128 0x9
 504 01e3 E3010000 		.4byte	.LASF40
 505 01e7 08       		.byte	0x8
 506 01e8 3C01     		.2byte	0x13c
 507 01ea 66020000 		.4byte	0x266
 508 01ee 28       		.byte	0x28
 509 01ef 09       		.uleb128 0x9
 510 01f0 C8050000 		.4byte	.LASF41
 511 01f4 08       		.byte	0x8
 512 01f5 4001     		.2byte	0x140
 513 01f7 0D010000 		.4byte	0x10d
ARM GAS  /tmp/ccBBQ5Xd.s 			page 10


 514 01fb 30       		.byte	0x30
 515 01fc 09       		.uleb128 0x9
 516 01fd 94040000 		.4byte	.LASF42
 517 0201 08       		.byte	0x8
 518 0202 4601     		.2byte	0x146
 519 0204 18010000 		.4byte	0x118
 520 0208 34       		.byte	0x34
 521 0209 09       		.uleb128 0x9
 522 020a 43030000 		.4byte	.LASF43
 523 020e 08       		.byte	0x8
 524 020f 4D01     		.2byte	0x14d
 525 0211 E5050000 		.4byte	0x5e5
 526 0215 38       		.byte	0x38
 527 0216 09       		.uleb128 0x9
 528 0217 09050000 		.4byte	.LASF44
 529 021b 08       		.byte	0x8
 530 021c 5101     		.2byte	0x151
 531 021e 02010000 		.4byte	0x102
 532 0222 3C       		.byte	0x3c
 533 0223 09       		.uleb128 0x9
 534 0224 18010000 		.4byte	.LASF45
 535 0228 08       		.byte	0x8
 536 0229 5801     		.2byte	0x158
 537 022b 19030000 		.4byte	0x319
 538 022f 40       		.byte	0x40
 539 0230 00       		.byte	0
 540 0231 03       		.uleb128 0x3
 541 0232 6D020000 		.4byte	.LASF46
 542 0236 07       		.byte	0x7
 543 0237 44       		.byte	0x44
 544 0238 3C020000 		.4byte	0x23c
 545 023c 0A       		.uleb128 0xa
 546 023d 04       		.byte	0x4
 547 023e 39010000 		.4byte	0x139
 548 0242 03       		.uleb128 0x3
 549 0243 AD050000 		.4byte	.LASF47
 550 0247 07       		.byte	0x7
 551 0248 49       		.byte	0x49
 552 0249 4D020000 		.4byte	0x24d
 553 024d 06       		.uleb128 0x6
 554 024e C0040000 		.4byte	.LASF49
 555 0252 04       		.byte	0x4
 556 0253 08       		.byte	0x8
 557 0254 B0       		.byte	0xb0
 558 0255 66020000 		.4byte	0x266
 559 0259 07       		.uleb128 0x7
 560 025a 54040000 		.4byte	.LASF29
 561 025e 08       		.byte	0x8
 562 025f B1       		.byte	0xb1
 563 0260 3C020000 		.4byte	0x23c
 564 0264 00       		.byte	0
 565 0265 00       		.byte	0
 566 0266 03       		.uleb128 0x3
 567 0267 6C050000 		.4byte	.LASF50
 568 026b 07       		.byte	0x7
 569 026c 50       		.byte	0x50
 570 026d 71020000 		.4byte	0x271
ARM GAS  /tmp/ccBBQ5Xd.s 			page 11


 571 0271 06       		.uleb128 0x6
 572 0272 E6000000 		.4byte	.LASF51
 573 0276 08       		.byte	0x8
 574 0277 08       		.byte	0x8
 575 0278 B7       		.byte	0xb7
 576 0279 96020000 		.4byte	0x296
 577 027d 07       		.uleb128 0x7
 578 027e 54040000 		.4byte	.LASF29
 579 0282 08       		.byte	0x8
 580 0283 B8       		.byte	0xb8
 581 0284 3C020000 		.4byte	0x23c
 582 0288 00       		.byte	0
 583 0289 07       		.uleb128 0x7
 584 028a 03030000 		.4byte	.LASF30
 585 028e 08       		.byte	0x8
 586 028f B9       		.byte	0xb9
 587 0290 3C020000 		.4byte	0x23c
 588 0294 04       		.byte	0x4
 589 0295 00       		.byte	0
 590 0296 03       		.uleb128 0x3
 591 0297 07000000 		.4byte	.LASF52
 592 029b 07       		.byte	0x7
 593 029c 57       		.byte	0x57
 594 029d A1020000 		.4byte	0x2a1
 595 02a1 0B       		.uleb128 0xb
 596 02a2 2B020000 		.4byte	.LASF53
 597 02a6 1C       		.byte	0x1c
 598 02a7 08       		.byte	0x8
 599 02a8 9001     		.2byte	0x190
 600 02aa FD020000 		.4byte	0x2fd
 601 02ae 09       		.uleb128 0x9
 602 02af AF040000 		.4byte	.LASF54
 603 02b3 08       		.byte	0x8
 604 02b4 9101     		.2byte	0x191
 605 02b6 66020000 		.4byte	0x266
 606 02ba 00       		.byte	0
 607 02bb 09       		.uleb128 0x9
 608 02bc 6C030000 		.4byte	.LASF55
 609 02c0 08       		.byte	0x8
 610 02c1 9201     		.2byte	0x192
 611 02c3 02010000 		.4byte	0x102
 612 02c7 08       		.byte	0x8
 613 02c8 09       		.uleb128 0x9
 614 02c9 B7020000 		.4byte	.LASF56
 615 02cd 08       		.byte	0x8
 616 02ce 9401     		.2byte	0x194
 617 02d0 6C040000 		.4byte	0x46c
 618 02d4 0C       		.byte	0xc
 619 02d5 09       		.uleb128 0x9
 620 02d6 8B010000 		.4byte	.LASF57
 621 02da 08       		.byte	0x8
 622 02db 9701     		.2byte	0x197
 623 02dd 3C020000 		.4byte	0x23c
 624 02e1 10       		.byte	0x10
 625 02e2 09       		.uleb128 0x9
 626 02e3 D8020000 		.4byte	.LASF58
 627 02e7 08       		.byte	0x8
ARM GAS  /tmp/ccBBQ5Xd.s 			page 12


 628 02e8 9801     		.2byte	0x198
 629 02ea 3C020000 		.4byte	0x23c
 630 02ee 14       		.byte	0x14
 631 02ef 09       		.uleb128 0x9
 632 02f0 CE020000 		.4byte	.LASF59
 633 02f4 08       		.byte	0x8
 634 02f5 9B01     		.2byte	0x19b
 635 02f7 3C020000 		.4byte	0x23c
 636 02fb 18       		.byte	0x18
 637 02fc 00       		.byte	0
 638 02fd 03       		.uleb128 0x3
 639 02fe 14050000 		.4byte	.LASF60
 640 0302 07       		.byte	0x7
 641 0303 5C       		.byte	0x5c
 642 0304 08030000 		.4byte	0x308
 643 0308 0A       		.uleb128 0xa
 644 0309 04       		.byte	0x4
 645 030a 0E030000 		.4byte	0x30e
 646 030e 0C       		.uleb128 0xc
 647 030f 19030000 		.4byte	0x319
 648 0313 0D       		.uleb128 0xd
 649 0314 19030000 		.4byte	0x319
 650 0318 00       		.byte	0
 651 0319 0E       		.uleb128 0xe
 652 031a 04       		.byte	0x4
 653 031b 03       		.uleb128 0x3
 654 031c F3020000 		.4byte	.LASF61
 655 0320 07       		.byte	0x7
 656 0321 61       		.byte	0x61
 657 0322 26030000 		.4byte	0x326
 658 0326 0B       		.uleb128 0xb
 659 0327 76040000 		.4byte	.LASF62
 660 032b 14       		.byte	0x14
 661 032c 08       		.byte	0x8
 662 032d 6B01     		.2byte	0x16b
 663 032f 75030000 		.4byte	0x375
 664 0333 09       		.uleb128 0x9
 665 0334 D4010000 		.4byte	.LASF63
 666 0338 08       		.byte	0x8
 667 0339 6C01     		.2byte	0x16c
 668 033b FD050000 		.4byte	0x5fd
 669 033f 00       		.byte	0
 670 0340 09       		.uleb128 0x9
 671 0341 9C010000 		.4byte	.LASF64
 672 0345 08       		.byte	0x8
 673 0346 6D01     		.2byte	0x16d
 674 0348 FD050000 		.4byte	0x5fd
 675 034c 04       		.byte	0x4
 676 034d 09       		.uleb128 0x9
 677 034e B7040000 		.4byte	.LASF65
 678 0352 08       		.byte	0x8
 679 0353 6E01     		.2byte	0x16e
 680 0355 2E010000 		.4byte	0x12e
 681 0359 08       		.byte	0x8
 682 035a 09       		.uleb128 0x9
 683 035b DC050000 		.4byte	.LASF66
 684 035f 08       		.byte	0x8
ARM GAS  /tmp/ccBBQ5Xd.s 			page 13


 685 0360 6F01     		.2byte	0x16f
 686 0362 FD020000 		.4byte	0x2fd
 687 0366 0C       		.byte	0xc
 688 0367 09       		.uleb128 0x9
 689 0368 57050000 		.4byte	.LASF67
 690 036c 08       		.byte	0x8
 691 036d 7101     		.2byte	0x171
 692 036f 19030000 		.4byte	0x319
 693 0373 10       		.byte	0x10
 694 0374 00       		.byte	0
 695 0375 03       		.uleb128 0x3
 696 0376 91000000 		.4byte	.LASF68
 697 037a 07       		.byte	0x7
 698 037b 66       		.byte	0x66
 699 037c 80030000 		.4byte	0x380
 700 0380 0B       		.uleb128 0xb
 701 0381 80020000 		.4byte	.LASF69
 702 0385 10       		.byte	0x10
 703 0386 08       		.byte	0x8
 704 0387 7B01     		.2byte	0x17b
 705 0389 C2030000 		.4byte	0x3c2
 706 038d 09       		.uleb128 0x9
 707 038e D4010000 		.4byte	.LASF63
 708 0392 08       		.byte	0x8
 709 0393 7C01     		.2byte	0x17c
 710 0395 FD050000 		.4byte	0x5fd
 711 0399 00       		.byte	0
 712 039a 09       		.uleb128 0x9
 713 039b 9C010000 		.4byte	.LASF64
 714 039f 08       		.byte	0x8
 715 03a0 7E01     		.2byte	0x17e
 716 03a2 FD050000 		.4byte	0x5fd
 717 03a6 04       		.byte	0x4
 718 03a7 09       		.uleb128 0x9
 719 03a8 B7040000 		.4byte	.LASF65
 720 03ac 08       		.byte	0x8
 721 03ad 8001     		.2byte	0x180
 722 03af 2E010000 		.4byte	0x12e
 723 03b3 08       		.byte	0x8
 724 03b4 09       		.uleb128 0x9
 725 03b5 A3020000 		.4byte	.LASF70
 726 03b9 08       		.byte	0x8
 727 03ba 8801     		.2byte	0x188
 728 03bc 2E010000 		.4byte	0x12e
 729 03c0 0C       		.byte	0xc
 730 03c1 00       		.byte	0
 731 03c2 03       		.uleb128 0x3
 732 03c3 4D000000 		.4byte	.LASF71
 733 03c7 07       		.byte	0x7
 734 03c8 6B       		.byte	0x6b
 735 03c9 CD030000 		.4byte	0x3cd
 736 03cd 0B       		.uleb128 0xb
 737 03ce 12030000 		.4byte	.LASF72
 738 03d2 04       		.byte	0x4
 739 03d3 08       		.byte	0x8
 740 03d4 A201     		.2byte	0x1a2
 741 03d6 E8030000 		.4byte	0x3e8
ARM GAS  /tmp/ccBBQ5Xd.s 			page 14


 742 03da 09       		.uleb128 0x9
 743 03db 36050000 		.4byte	.LASF73
 744 03df 08       		.byte	0x8
 745 03e0 AA01     		.2byte	0x1aa
 746 03e2 03060000 		.4byte	0x603
 747 03e6 00       		.byte	0
 748 03e7 00       		.byte	0
 749 03e8 03       		.uleb128 0x3
 750 03e9 17020000 		.4byte	.LASF74
 751 03ed 07       		.byte	0x7
 752 03ee 70       		.byte	0x70
 753 03ef F3030000 		.4byte	0x3f3
 754 03f3 0F       		.uleb128 0xf
 755 03f4 52010000 		.4byte	.LASF75
 756 03f8 5001     		.2byte	0x150
 757 03fa 08       		.byte	0x8
 758 03fb C201     		.2byte	0x1c2
 759 03fd 4F040000 		.4byte	0x44f
 760 0401 09       		.uleb128 0x9
 761 0402 8C050000 		.4byte	.LASF76
 762 0406 08       		.byte	0x8
 763 0407 C601     		.2byte	0x1c6
 764 0409 96020000 		.4byte	0x296
 765 040d 00       		.byte	0
 766 040e 09       		.uleb128 0x9
 767 040f 28010000 		.4byte	.LASF77
 768 0413 08       		.byte	0x8
 769 0414 CA01     		.2byte	0x1ca
 770 0416 75030000 		.4byte	0x375
 771 041a 1C       		.byte	0x1c
 772 041b 08       		.uleb128 0x8
 773 041c 64626700 		.ascii	"dbg\000"
 774 0420 08       		.byte	0x8
 775 0421 CE01     		.2byte	0x1ce
 776 0423 C2030000 		.4byte	0x3c2
 777 0427 2C       		.byte	0x2c
 778 0428 09       		.uleb128 0x9
 779 0429 86000000 		.4byte	.LASF78
 780 042d 08       		.byte	0x8
 781 042e D201     		.2byte	0x1d2
 782 0430 39010000 		.4byte	0x139
 783 0434 30       		.byte	0x30
 784 0435 08       		.uleb128 0x8
 785 0436 746D00   		.ascii	"tm\000"
 786 0439 08       		.byte	0x8
 787 043a D701     		.2byte	0x1d7
 788 043c 1B050000 		.4byte	0x51b
 789 0440 74       		.byte	0x74
 790 0441 09       		.uleb128 0x9
 791 0442 B2010000 		.4byte	.LASF79
 792 0446 08       		.byte	0x8
 793 0447 E301     		.2byte	0x1e3
 794 0449 08060000 		.4byte	0x608
 795 044d 78       		.byte	0x78
 796 044e 00       		.byte	0
 797 044f 04       		.uleb128 0x4
 798 0450 04       		.byte	0x4
ARM GAS  /tmp/ccBBQ5Xd.s 			page 15


 799 0451 07       		.byte	0x7
 800 0452 64020000 		.4byte	.LASF80
 801 0456 03       		.uleb128 0x3
 802 0457 93010000 		.4byte	.LASF81
 803 045b 09       		.byte	0x9
 804 045c 65       		.byte	0x65
 805 045d 19030000 		.4byte	0x319
 806 0461 03       		.uleb128 0x3
 807 0462 4F020000 		.4byte	.LASF82
 808 0466 09       		.byte	0x9
 809 0467 6D       		.byte	0x6d
 810 0468 C6000000 		.4byte	0xc6
 811 046c 06       		.uleb128 0x6
 812 046d 47050000 		.4byte	.LASF83
 813 0471 04       		.byte	0x4
 814 0472 09       		.byte	0x9
 815 0473 89       		.byte	0x89
 816 0474 85040000 		.4byte	0x485
 817 0478 10       		.uleb128 0x10
 818 0479 72313300 		.ascii	"r13\000"
 819 047d 09       		.byte	0x9
 820 047e 8A       		.byte	0x8a
 821 047f 00050000 		.4byte	0x500
 822 0483 00       		.byte	0
 823 0484 00       		.byte	0
 824 0485 06       		.uleb128 0x6
 825 0486 41000000 		.4byte	.LASF84
 826 048a 24       		.byte	0x24
 827 048b 0A       		.byte	0xa
 828 048c F4       		.byte	0xf4
 829 048d 00050000 		.4byte	0x500
 830 0491 08       		.uleb128 0x8
 831 0492 723400   		.ascii	"r4\000"
 832 0495 0A       		.byte	0xa
 833 0496 0701     		.2byte	0x107
 834 0498 56040000 		.4byte	0x456
 835 049c 00       		.byte	0
 836 049d 08       		.uleb128 0x8
 837 049e 723500   		.ascii	"r5\000"
 838 04a1 0A       		.byte	0xa
 839 04a2 0801     		.2byte	0x108
 840 04a4 56040000 		.4byte	0x456
 841 04a8 04       		.byte	0x4
 842 04a9 08       		.uleb128 0x8
 843 04aa 723600   		.ascii	"r6\000"
 844 04ad 0A       		.byte	0xa
 845 04ae 0901     		.2byte	0x109
 846 04b0 56040000 		.4byte	0x456
 847 04b4 08       		.byte	0x8
 848 04b5 08       		.uleb128 0x8
 849 04b6 723700   		.ascii	"r7\000"
 850 04b9 0A       		.byte	0xa
 851 04ba 0A01     		.2byte	0x10a
 852 04bc 56040000 		.4byte	0x456
 853 04c0 0C       		.byte	0xc
 854 04c1 08       		.uleb128 0x8
 855 04c2 723800   		.ascii	"r8\000"
ARM GAS  /tmp/ccBBQ5Xd.s 			page 16


 856 04c5 0A       		.byte	0xa
 857 04c6 0B01     		.2byte	0x10b
 858 04c8 56040000 		.4byte	0x456
 859 04cc 10       		.byte	0x10
 860 04cd 08       		.uleb128 0x8
 861 04ce 723900   		.ascii	"r9\000"
 862 04d1 0A       		.byte	0xa
 863 04d2 0C01     		.2byte	0x10c
 864 04d4 56040000 		.4byte	0x456
 865 04d8 14       		.byte	0x14
 866 04d9 08       		.uleb128 0x8
 867 04da 72313000 		.ascii	"r10\000"
 868 04de 0A       		.byte	0xa
 869 04df 0D01     		.2byte	0x10d
 870 04e1 56040000 		.4byte	0x456
 871 04e5 18       		.byte	0x18
 872 04e6 08       		.uleb128 0x8
 873 04e7 72313100 		.ascii	"r11\000"
 874 04eb 0A       		.byte	0xa
 875 04ec 0E01     		.2byte	0x10e
 876 04ee 56040000 		.4byte	0x456
 877 04f2 1C       		.byte	0x1c
 878 04f3 08       		.uleb128 0x8
 879 04f4 6C7200   		.ascii	"lr\000"
 880 04f7 0A       		.byte	0xa
 881 04f8 0F01     		.2byte	0x10f
 882 04fa 56040000 		.4byte	0x456
 883 04fe 20       		.byte	0x20
 884 04ff 00       		.byte	0
 885 0500 0A       		.uleb128 0xa
 886 0501 04       		.byte	0x4
 887 0502 85040000 		.4byte	0x485
 888 0506 11       		.uleb128 0x11
 889 0507 04       		.byte	0x4
 890 0508 0B       		.byte	0xb
 891 0509 38       		.byte	0x38
 892 050a 1B050000 		.4byte	0x51b
 893 050e 07       		.uleb128 0x7
 894 050f 40050000 		.4byte	.LASF85
 895 0513 0B       		.byte	0xb
 896 0514 3C       		.byte	0x3c
 897 0515 D6000000 		.4byte	0xd6
 898 0519 00       		.byte	0
 899 051a 00       		.byte	0
 900 051b 03       		.uleb128 0x3
 901 051c BD020000 		.4byte	.LASF86
 902 0520 0B       		.byte	0xb
 903 0521 3D       		.byte	0x3d
 904 0522 06050000 		.4byte	0x506
 905 0526 12       		.uleb128 0x12
 906 0527 04       		.byte	0x4
 907 0528 08       		.byte	0x8
 908 0529 FA       		.byte	0xfa
 909 052a 83050000 		.4byte	0x583
 910 052e 13       		.uleb128 0x13
 911 052f 1B000000 		.4byte	.LASF87
 912 0533 08       		.byte	0x8
ARM GAS  /tmp/ccBBQ5Xd.s 			page 17


 913 0534 0101     		.2byte	0x101
 914 0536 0D010000 		.4byte	0x10d
 915 053a 13       		.uleb128 0x13
 916 053b 7D000000 		.4byte	.LASF88
 917 053f 08       		.byte	0x8
 918 0540 0801     		.2byte	0x108
 919 0542 0D010000 		.4byte	0x10d
 920 0546 13       		.uleb128 0x13
 921 0547 9A050000 		.4byte	.LASF89
 922 054b 08       		.byte	0x8
 923 054c 0F01     		.2byte	0x10f
 924 054e 19030000 		.4byte	0x319
 925 0552 13       		.uleb128 0x13
 926 0553 4C010000 		.4byte	.LASF90
 927 0557 08       		.byte	0x8
 928 0558 1601     		.2byte	0x116
 929 055a 83050000 		.4byte	0x583
 930 055e 13       		.uleb128 0x13
 931 055f DC010000 		.4byte	.LASF91
 932 0563 08       		.byte	0x8
 933 0564 1E01     		.2byte	0x11e
 934 0566 AE050000 		.4byte	0x5ae
 935 056a 13       		.uleb128 0x13
 936 056b A8040000 		.4byte	.LASF92
 937 056f 08       		.byte	0x8
 938 0570 2701     		.2byte	0x127
 939 0572 E5050000 		.4byte	0x5e5
 940 0576 13       		.uleb128 0x13
 941 0577 4D040000 		.4byte	.LASF93
 942 057b 08       		.byte	0x8
 943 057c 2F01     		.2byte	0x12f
 944 057e 18010000 		.4byte	0x118
 945 0582 00       		.byte	0
 946 0583 0A       		.uleb128 0xa
 947 0584 04       		.byte	0x4
 948 0585 31020000 		.4byte	0x231
 949 0589 06       		.uleb128 0x6
 950 058a 87040000 		.4byte	.LASF94
 951 058e 0C       		.byte	0xc
 952 058f 0C       		.byte	0xc
 953 0590 34       		.byte	0x34
 954 0591 AE050000 		.4byte	0x5ae
 955 0595 07       		.uleb128 0x7
 956 0596 76010000 		.4byte	.LASF95
 957 059a 0C       		.byte	0xc
 958 059b 35       		.byte	0x35
 959 059c 66020000 		.4byte	0x266
 960 05a0 00       		.byte	0
 961 05a1 07       		.uleb128 0x7
 962 05a2 EE010000 		.4byte	.LASF96
 963 05a6 0C       		.byte	0xc
 964 05a7 37       		.byte	0x37
 965 05a8 23010000 		.4byte	0x123
 966 05ac 08       		.byte	0x8
 967 05ad 00       		.byte	0
 968 05ae 0A       		.uleb128 0xa
 969 05af 04       		.byte	0x4
ARM GAS  /tmp/ccBBQ5Xd.s 			page 18


 970 05b0 89050000 		.4byte	0x589
 971 05b4 06       		.uleb128 0x6
 972 05b5 7C050000 		.4byte	.LASF97
 973 05b9 10       		.byte	0x10
 974 05ba 0D       		.byte	0xd
 975 05bb 39       		.byte	0x39
 976 05bc E5050000 		.4byte	0x5e5
 977 05c0 07       		.uleb128 0x7
 978 05c1 20010000 		.4byte	.LASF98
 979 05c5 0D       		.byte	0xd
 980 05c6 3A       		.byte	0x3a
 981 05c7 66020000 		.4byte	0x266
 982 05cb 00       		.byte	0
 983 05cc 07       		.uleb128 0x7
 984 05cd CE050000 		.4byte	.LASF99
 985 05d1 0D       		.byte	0xd
 986 05d2 3C       		.byte	0x3c
 987 05d3 3C020000 		.4byte	0x23c
 988 05d7 08       		.byte	0x8
 989 05d8 07       		.uleb128 0x7
 990 05d9 F8040000 		.4byte	.LASF100
 991 05dd 0D       		.byte	0xd
 992 05de 3E       		.byte	0x3e
 993 05df 23060000 		.4byte	0x623
 994 05e3 0C       		.byte	0xc
 995 05e4 00       		.byte	0
 996 05e5 0A       		.uleb128 0xa
 997 05e6 04       		.byte	0x4
 998 05e7 B4050000 		.4byte	0x5b4
 999 05eb 0A       		.uleb128 0xa
 1000 05ec 04       		.byte	0x4
 1001 05ed F8050000 		.4byte	0x5f8
 1002 05f1 04       		.uleb128 0x4
 1003 05f2 01       		.byte	0x1
 1004 05f3 08       		.byte	0x8
 1005 05f4 E2040000 		.4byte	.LASF101
 1006 05f8 14       		.uleb128 0x14
 1007 05f9 F1050000 		.4byte	0x5f1
 1008 05fd 0A       		.uleb128 0xa
 1009 05fe 04       		.byte	0x4
 1010 05ff 1B030000 		.4byte	0x31b
 1011 0603 05       		.uleb128 0x5
 1012 0604 EB050000 		.4byte	0x5eb
 1013 0608 15       		.uleb128 0x15
 1014 0609 61040000 		.4byte	0x461
 1015 060d 18060000 		.4byte	0x618
 1016 0611 16       		.uleb128 0x16
 1017 0612 4F040000 		.4byte	0x44f
 1018 0616 1A       		.byte	0x1a
 1019 0617 00       		.byte	0
 1020 0618 03       		.uleb128 0x3
 1021 0619 A4010000 		.4byte	.LASF102
 1022 061d 0D       		.byte	0xd
 1023 061e 34       		.byte	0x34
 1024 061f B4050000 		.4byte	0x5b4
 1025 0623 0A       		.uleb128 0xa
 1026 0624 04       		.byte	0x4
ARM GAS  /tmp/ccBBQ5Xd.s 			page 19


 1027 0625 18060000 		.4byte	0x618
 1028 0629 0A       		.uleb128 0xa
 1029 062a 04       		.byte	0x4
 1030 062b A5000000 		.4byte	0xa5
 1031 062f 17       		.uleb128 0x17
 1032 0630 28050000 		.4byte	.LASF105
 1033 0634 02       		.byte	0x2
 1034 0635 2002     		.2byte	0x220
 1035 0637 03       		.byte	0x3
 1036 0638 49060000 		.4byte	0x649
 1037 063c 18       		.uleb128 0x18
 1038 063d AC010000 		.4byte	.LASF107
 1039 0641 02       		.byte	0x2
 1040 0642 2002     		.2byte	0x220
 1041 0644 BB000000 		.4byte	0xbb
 1042 0648 00       		.byte	0
 1043 0649 19       		.uleb128 0x19
 1044 064a 5C000000 		.4byte	.LASF103
 1045 064e 0A       		.byte	0xa
 1046 064f BC01     		.2byte	0x1bc
 1047 0651 03       		.byte	0x3
 1048 0652 19       		.uleb128 0x19
 1049 0653 2F010000 		.4byte	.LASF104
 1050 0657 0A       		.byte	0xa
 1051 0658 CA01     		.2byte	0x1ca
 1052 065a 03       		.byte	0x3
 1053 065b 17       		.uleb128 0x17
 1054 065c BC050000 		.4byte	.LASF106
 1055 0660 0E       		.byte	0xe
 1056 0661 6601     		.2byte	0x166
 1057 0663 03       		.byte	0x3
 1058 0664 76060000 		.4byte	0x676
 1059 0668 1A       		.uleb128 0x1a
 1060 0669 63040000 		.4byte	.LASF109
 1061 066d 86060000 		.4byte	0x686
 1062 0671 BC050000 		.4byte	.LASF106
 1063 0675 00       		.byte	0
 1064 0676 15       		.uleb128 0x15
 1065 0677 F8050000 		.4byte	0x5f8
 1066 067b 86060000 		.4byte	0x686
 1067 067f 16       		.uleb128 0x16
 1068 0680 4F040000 		.4byte	0x44f
 1069 0684 0B       		.byte	0xb
 1070 0685 00       		.byte	0
 1071 0686 14       		.uleb128 0x14
 1072 0687 76060000 		.4byte	0x676
 1073 068b 1B       		.uleb128 0x1b
 1074 068c 7E010000 		.4byte	.LASF118
 1075 0690 01       		.byte	0x1
 1076 0691 83       		.byte	0x83
 1077 0692 19030000 		.4byte	0x319
 1078 0696 01       		.byte	0x1
 1079 0697 B0060000 		.4byte	0x6b0
 1080 069b 1C       		.uleb128 0x1c
 1081 069c A8050000 		.4byte	.LASF108
 1082 06a0 01       		.byte	0x1
 1083 06a1 83       		.byte	0x83
ARM GAS  /tmp/ccBBQ5Xd.s 			page 20


 1084 06a2 28000000 		.4byte	0x28
 1085 06a6 1D       		.uleb128 0x1d
 1086 06a7 7000     		.ascii	"p\000"
 1087 06a9 01       		.byte	0x1
 1088 06aa 84       		.byte	0x84
 1089 06ab 19030000 		.4byte	0x319
 1090 06af 00       		.byte	0
 1091 06b0 19       		.uleb128 0x19
 1092 06b1 6C040000 		.4byte	.LASF110
 1093 06b5 0E       		.byte	0xe
 1094 06b6 5A01     		.2byte	0x15a
 1095 06b8 03       		.byte	0x3
 1096 06b9 1E       		.uleb128 0x1e
 1097 06ba 38030000 		.4byte	.LASF119
 1098 06be 01       		.byte	0x1
 1099 06bf 4E       		.byte	0x4e
 1100 06c0 00000000 		.4byte	.LFB227
 1101 06c4 28000000 		.4byte	.LFE227-.LFB227
 1102 06c8 01       		.uleb128 0x1
 1103 06c9 9C       		.byte	0x9c
 1104 06ca E5060000 		.4byte	0x6e5
 1105 06ce 1F       		.uleb128 0x1f
 1106 06cf 5E050000 		.4byte	.LASF111
 1107 06d3 01       		.byte	0x1
 1108 06d4 50       		.byte	0x50
 1109 06d5 E5060000 		.4byte	0x6e5
 1110 06d9 1F       		.uleb128 0x1f
 1111 06da 5F030000 		.4byte	.LASF112
 1112 06de 01       		.byte	0x1
 1113 06df 51       		.byte	0x51
 1114 06e0 E5060000 		.4byte	0x6e5
 1115 06e4 00       		.byte	0
 1116 06e5 15       		.uleb128 0x15
 1117 06e6 A5000000 		.4byte	0xa5
 1118 06ea F0060000 		.4byte	0x6f0
 1119 06ee 20       		.uleb128 0x20
 1120 06ef 00       		.byte	0
 1121 06f0 21       		.uleb128 0x21
 1122 06f1 2B000000 		.4byte	.LASF120
 1123 06f5 01       		.byte	0x1
 1124 06f6 6D       		.byte	0x6d
 1125 06f7 19030000 		.4byte	0x319
 1126 06fb 00000000 		.4byte	.LFB228
 1127 06ff 38000000 		.4byte	.LFE228-.LFB228
 1128 0703 01       		.uleb128 0x1
 1129 0704 9C       		.byte	0x9c
 1130 0705 D9070000 		.4byte	0x7d9
 1131 0709 22       		.uleb128 0x22
 1132 070a A8050000 		.4byte	.LASF108
 1133 070e 01       		.byte	0x1
 1134 070f 6D       		.byte	0x6d
 1135 0710 28000000 		.4byte	0x28
 1136 0714 00000000 		.4byte	.LLST0
 1137 0718 1D       		.uleb128 0x1d
 1138 0719 7000     		.ascii	"p\000"
 1139 071b 01       		.byte	0x1
 1140 071c 6E       		.byte	0x6e
ARM GAS  /tmp/ccBBQ5Xd.s 			page 21


 1141 071d 19030000 		.4byte	0x319
 1142 0721 23       		.uleb128 0x23
 1143 0722 B0060000 		.4byte	0x6b0
 1144 0726 02000000 		.4byte	.LBB26
 1145 072a 06000000 		.4byte	.LBE26-.LBB26
 1146 072e 01       		.byte	0x1
 1147 072f 70       		.byte	0x70
 1148 0730 60070000 		.4byte	0x760
 1149 0734 24       		.uleb128 0x24
 1150 0735 49060000 		.4byte	0x649
 1151 0739 02000000 		.4byte	.LBB27
 1152 073d 06000000 		.4byte	.LBE27-.LBB27
 1153 0741 0E       		.byte	0xe
 1154 0742 5C01     		.2byte	0x15c
 1155 0744 24       		.uleb128 0x24
 1156 0745 2F060000 		.4byte	0x62f
 1157 0749 02000000 		.4byte	.LBB28
 1158 074d 06000000 		.4byte	.LBE28-.LBB28
 1159 0751 0A       		.byte	0xa
 1160 0752 BF01     		.2byte	0x1bf
 1161 0754 25       		.uleb128 0x25
 1162 0755 3C060000 		.4byte	0x63c
 1163 0759 21000000 		.4byte	.LLST1
 1164 075d 00       		.byte	0
 1165 075e 00       		.byte	0
 1166 075f 00       		.byte	0
 1167 0760 23       		.uleb128 0x23
 1168 0761 8B060000 		.4byte	0x68b
 1169 0765 08000000 		.4byte	.LBB30
 1170 0769 1C000000 		.4byte	.LBE30-.LBB30
 1171 076d 01       		.byte	0x1
 1172 076e 71       		.byte	0x71
 1173 076f 8E070000 		.4byte	0x78e
 1174 0773 25       		.uleb128 0x25
 1175 0774 9B060000 		.4byte	0x69b
 1176 0778 36000000 		.4byte	.LLST2
 1177 077c 26       		.uleb128 0x26
 1178 077d 08000000 		.4byte	.LBB31
 1179 0781 1C000000 		.4byte	.LBE31-.LBB31
 1180 0785 27       		.uleb128 0x27
 1181 0786 A6060000 		.4byte	0x6a6
 1182 078a 01       		.uleb128 0x1
 1183 078b 52       		.byte	0x52
 1184 078c 00       		.byte	0
 1185 078d 00       		.byte	0
 1186 078e 28       		.uleb128 0x28
 1187 078f 5B060000 		.4byte	0x65b
 1188 0793 24000000 		.4byte	.LBB32
 1189 0797 06000000 		.4byte	.LBE32-.LBB32
 1190 079b 01       		.byte	0x1
 1191 079c 72       		.byte	0x72
 1192 079d 26       		.uleb128 0x26
 1193 079e 24000000 		.4byte	.LBB33
 1194 07a2 06000000 		.4byte	.LBE33-.LBB33
 1195 07a6 29       		.uleb128 0x29
 1196 07a7 68060000 		.4byte	0x668
 1197 07ab 24       		.uleb128 0x24
ARM GAS  /tmp/ccBBQ5Xd.s 			page 22


 1198 07ac 52060000 		.4byte	0x652
 1199 07b0 24000000 		.4byte	.LBB34
 1200 07b4 06000000 		.4byte	.LBE34-.LBB34
 1201 07b8 0E       		.byte	0xe
 1202 07b9 7301     		.2byte	0x173
 1203 07bb 24       		.uleb128 0x24
 1204 07bc 2F060000 		.4byte	0x62f
 1205 07c0 24000000 		.4byte	.LBB35
 1206 07c4 06000000 		.4byte	.LBE35-.LBB35
 1207 07c8 0A       		.byte	0xa
 1208 07c9 CD01     		.2byte	0x1cd
 1209 07cb 25       		.uleb128 0x25
 1210 07cc 3C060000 		.4byte	0x63c
 1211 07d0 77000000 		.4byte	.LLST3
 1212 07d4 00       		.byte	0
 1213 07d5 00       		.byte	0
 1214 07d6 00       		.byte	0
 1215 07d7 00       		.byte	0
 1216 07d8 00       		.byte	0
 1217 07d9 2A       		.uleb128 0x2a
 1218 07da 8B060000 		.4byte	0x68b
 1219 07de 00000000 		.4byte	.LFB229
 1220 07e2 2C000000 		.4byte	.LFE229-.LFB229
 1221 07e6 01       		.uleb128 0x1
 1222 07e7 9C       		.byte	0x9c
 1223 07e8 FD070000 		.4byte	0x7fd
 1224 07ec 25       		.uleb128 0x25
 1225 07ed 9B060000 		.4byte	0x69b
 1226 07f1 8B000000 		.4byte	.LLST4
 1227 07f5 27       		.uleb128 0x27
 1228 07f6 A6060000 		.4byte	0x6a6
 1229 07fa 01       		.uleb128 0x1
 1230 07fb 52       		.byte	0x52
 1231 07fc 00       		.byte	0
 1232 07fd 2B       		.uleb128 0x2b
 1233 07fe 3B010000 		.4byte	.LASF121
 1234 0802 01       		.byte	0x1
 1235 0803 9B       		.byte	0x9b
 1236 0804 28000000 		.4byte	0x28
 1237 0808 00000000 		.4byte	.LFB230
 1238 080c 14000000 		.4byte	.LFE230-.LFB230
 1239 0810 01       		.uleb128 0x1
 1240 0811 9C       		.byte	0x9c
 1241 0812 2C       		.uleb128 0x2c
 1242 0813 F0040000 		.4byte	.LASF113
 1243 0817 01       		.byte	0x1
 1244 0818 3E       		.byte	0x3e
 1245 0819 29060000 		.4byte	0x629
 1246 081d 05       		.uleb128 0x5
 1247 081e 03       		.byte	0x3
 1248 081f 00000000 		.4byte	nextmem
 1249 0823 2C       		.uleb128 0x2c
 1250 0824 00000000 		.4byte	.LASF114
 1251 0828 01       		.byte	0x1
 1252 0829 3F       		.byte	0x3f
 1253 082a 29060000 		.4byte	0x629
 1254 082e 05       		.uleb128 0x5
ARM GAS  /tmp/ccBBQ5Xd.s 			page 23


 1255 082f 03       		.byte	0x3
 1256 0830 00000000 		.4byte	endmem
 1257 0834 2D       		.uleb128 0x2d
 1258 0835 A7000000 		.4byte	.LASF115
 1259 0839 0F       		.byte	0xf
 1260 083a A706     		.2byte	0x6a7
 1261 083c D1000000 		.4byte	0xd1
 1262 0840 2E       		.uleb128 0x2e
 1263 0841 636800   		.ascii	"ch\000"
 1264 0844 08       		.byte	0x8
 1265 0845 0902     		.2byte	0x209
 1266 0847 E8030000 		.4byte	0x3e8
 1267 084b 1F       		.uleb128 0x1f
 1268 084c 5E050000 		.4byte	.LASF111
 1269 0850 01       		.byte	0x1
 1270 0851 50       		.byte	0x50
 1271 0852 E5060000 		.4byte	0x6e5
 1272 0856 1F       		.uleb128 0x1f
 1273 0857 5F030000 		.4byte	.LASF112
 1274 085b 01       		.byte	0x1
 1275 085c 51       		.byte	0x51
 1276 085d E5060000 		.4byte	0x6e5
 1277 0861 00       		.byte	0
 1278              		.section	.debug_abbrev,"",%progbits
 1279              	.Ldebug_abbrev0:
 1280 0000 01       		.uleb128 0x1
 1281 0001 11       		.uleb128 0x11
 1282 0002 01       		.byte	0x1
 1283 0003 25       		.uleb128 0x25
 1284 0004 0E       		.uleb128 0xe
 1285 0005 13       		.uleb128 0x13
 1286 0006 0B       		.uleb128 0xb
 1287 0007 03       		.uleb128 0x3
 1288 0008 0E       		.uleb128 0xe
 1289 0009 55       		.uleb128 0x55
 1290 000a 17       		.uleb128 0x17
 1291 000b 11       		.uleb128 0x11
 1292 000c 01       		.uleb128 0x1
 1293 000d 10       		.uleb128 0x10
 1294 000e 17       		.uleb128 0x17
 1295 000f 00       		.byte	0
 1296 0010 00       		.byte	0
 1297 0011 02       		.uleb128 0x2
 1298 0012 24       		.uleb128 0x24
 1299 0013 00       		.byte	0
 1300 0014 0B       		.uleb128 0xb
 1301 0015 0B       		.uleb128 0xb
 1302 0016 3E       		.uleb128 0x3e
 1303 0017 0B       		.uleb128 0xb
 1304 0018 03       		.uleb128 0x3
 1305 0019 08       		.uleb128 0x8
 1306 001a 00       		.byte	0
 1307 001b 00       		.byte	0
 1308 001c 03       		.uleb128 0x3
 1309 001d 16       		.uleb128 0x16
 1310 001e 00       		.byte	0
 1311 001f 03       		.uleb128 0x3
ARM GAS  /tmp/ccBBQ5Xd.s 			page 24


 1312 0020 0E       		.uleb128 0xe
 1313 0021 3A       		.uleb128 0x3a
 1314 0022 0B       		.uleb128 0xb
 1315 0023 3B       		.uleb128 0x3b
 1316 0024 0B       		.uleb128 0xb
 1317 0025 49       		.uleb128 0x49
 1318 0026 13       		.uleb128 0x13
 1319 0027 00       		.byte	0
 1320 0028 00       		.byte	0
 1321 0029 04       		.uleb128 0x4
 1322 002a 24       		.uleb128 0x24
 1323 002b 00       		.byte	0
 1324 002c 0B       		.uleb128 0xb
 1325 002d 0B       		.uleb128 0xb
 1326 002e 3E       		.uleb128 0x3e
 1327 002f 0B       		.uleb128 0xb
 1328 0030 03       		.uleb128 0x3
 1329 0031 0E       		.uleb128 0xe
 1330 0032 00       		.byte	0
 1331 0033 00       		.byte	0
 1332 0034 05       		.uleb128 0x5
 1333 0035 35       		.uleb128 0x35
 1334 0036 00       		.byte	0
 1335 0037 49       		.uleb128 0x49
 1336 0038 13       		.uleb128 0x13
 1337 0039 00       		.byte	0
 1338 003a 00       		.byte	0
 1339 003b 06       		.uleb128 0x6
 1340 003c 13       		.uleb128 0x13
 1341 003d 01       		.byte	0x1
 1342 003e 03       		.uleb128 0x3
 1343 003f 0E       		.uleb128 0xe
 1344 0040 0B       		.uleb128 0xb
 1345 0041 0B       		.uleb128 0xb
 1346 0042 3A       		.uleb128 0x3a
 1347 0043 0B       		.uleb128 0xb
 1348 0044 3B       		.uleb128 0x3b
 1349 0045 0B       		.uleb128 0xb
 1350 0046 01       		.uleb128 0x1
 1351 0047 13       		.uleb128 0x13
 1352 0048 00       		.byte	0
 1353 0049 00       		.byte	0
 1354 004a 07       		.uleb128 0x7
 1355 004b 0D       		.uleb128 0xd
 1356 004c 00       		.byte	0
 1357 004d 03       		.uleb128 0x3
 1358 004e 0E       		.uleb128 0xe
 1359 004f 3A       		.uleb128 0x3a
 1360 0050 0B       		.uleb128 0xb
 1361 0051 3B       		.uleb128 0x3b
 1362 0052 0B       		.uleb128 0xb
 1363 0053 49       		.uleb128 0x49
 1364 0054 13       		.uleb128 0x13
 1365 0055 38       		.uleb128 0x38
 1366 0056 0B       		.uleb128 0xb
 1367 0057 00       		.byte	0
 1368 0058 00       		.byte	0
ARM GAS  /tmp/ccBBQ5Xd.s 			page 25


 1369 0059 08       		.uleb128 0x8
 1370 005a 0D       		.uleb128 0xd
 1371 005b 00       		.byte	0
 1372 005c 03       		.uleb128 0x3
 1373 005d 08       		.uleb128 0x8
 1374 005e 3A       		.uleb128 0x3a
 1375 005f 0B       		.uleb128 0xb
 1376 0060 3B       		.uleb128 0x3b
 1377 0061 05       		.uleb128 0x5
 1378 0062 49       		.uleb128 0x49
 1379 0063 13       		.uleb128 0x13
 1380 0064 38       		.uleb128 0x38
 1381 0065 0B       		.uleb128 0xb
 1382 0066 00       		.byte	0
 1383 0067 00       		.byte	0
 1384 0068 09       		.uleb128 0x9
 1385 0069 0D       		.uleb128 0xd
 1386 006a 00       		.byte	0
 1387 006b 03       		.uleb128 0x3
 1388 006c 0E       		.uleb128 0xe
 1389 006d 3A       		.uleb128 0x3a
 1390 006e 0B       		.uleb128 0xb
 1391 006f 3B       		.uleb128 0x3b
 1392 0070 05       		.uleb128 0x5
 1393 0071 49       		.uleb128 0x49
 1394 0072 13       		.uleb128 0x13
 1395 0073 38       		.uleb128 0x38
 1396 0074 0B       		.uleb128 0xb
 1397 0075 00       		.byte	0
 1398 0076 00       		.byte	0
 1399 0077 0A       		.uleb128 0xa
 1400 0078 0F       		.uleb128 0xf
 1401 0079 00       		.byte	0
 1402 007a 0B       		.uleb128 0xb
 1403 007b 0B       		.uleb128 0xb
 1404 007c 49       		.uleb128 0x49
 1405 007d 13       		.uleb128 0x13
 1406 007e 00       		.byte	0
 1407 007f 00       		.byte	0
 1408 0080 0B       		.uleb128 0xb
 1409 0081 13       		.uleb128 0x13
 1410 0082 01       		.byte	0x1
 1411 0083 03       		.uleb128 0x3
 1412 0084 0E       		.uleb128 0xe
 1413 0085 0B       		.uleb128 0xb
 1414 0086 0B       		.uleb128 0xb
 1415 0087 3A       		.uleb128 0x3a
 1416 0088 0B       		.uleb128 0xb
 1417 0089 3B       		.uleb128 0x3b
 1418 008a 05       		.uleb128 0x5
 1419 008b 01       		.uleb128 0x1
 1420 008c 13       		.uleb128 0x13
 1421 008d 00       		.byte	0
 1422 008e 00       		.byte	0
 1423 008f 0C       		.uleb128 0xc
 1424 0090 15       		.uleb128 0x15
 1425 0091 01       		.byte	0x1
ARM GAS  /tmp/ccBBQ5Xd.s 			page 26


 1426 0092 27       		.uleb128 0x27
 1427 0093 19       		.uleb128 0x19
 1428 0094 01       		.uleb128 0x1
 1429 0095 13       		.uleb128 0x13
 1430 0096 00       		.byte	0
 1431 0097 00       		.byte	0
 1432 0098 0D       		.uleb128 0xd
 1433 0099 05       		.uleb128 0x5
 1434 009a 00       		.byte	0
 1435 009b 49       		.uleb128 0x49
 1436 009c 13       		.uleb128 0x13
 1437 009d 00       		.byte	0
 1438 009e 00       		.byte	0
 1439 009f 0E       		.uleb128 0xe
 1440 00a0 0F       		.uleb128 0xf
 1441 00a1 00       		.byte	0
 1442 00a2 0B       		.uleb128 0xb
 1443 00a3 0B       		.uleb128 0xb
 1444 00a4 00       		.byte	0
 1445 00a5 00       		.byte	0
 1446 00a6 0F       		.uleb128 0xf
 1447 00a7 13       		.uleb128 0x13
 1448 00a8 01       		.byte	0x1
 1449 00a9 03       		.uleb128 0x3
 1450 00aa 0E       		.uleb128 0xe
 1451 00ab 0B       		.uleb128 0xb
 1452 00ac 05       		.uleb128 0x5
 1453 00ad 3A       		.uleb128 0x3a
 1454 00ae 0B       		.uleb128 0xb
 1455 00af 3B       		.uleb128 0x3b
 1456 00b0 05       		.uleb128 0x5
 1457 00b1 01       		.uleb128 0x1
 1458 00b2 13       		.uleb128 0x13
 1459 00b3 00       		.byte	0
 1460 00b4 00       		.byte	0
 1461 00b5 10       		.uleb128 0x10
 1462 00b6 0D       		.uleb128 0xd
 1463 00b7 00       		.byte	0
 1464 00b8 03       		.uleb128 0x3
 1465 00b9 08       		.uleb128 0x8
 1466 00ba 3A       		.uleb128 0x3a
 1467 00bb 0B       		.uleb128 0xb
 1468 00bc 3B       		.uleb128 0x3b
 1469 00bd 0B       		.uleb128 0xb
 1470 00be 49       		.uleb128 0x49
 1471 00bf 13       		.uleb128 0x13
 1472 00c0 38       		.uleb128 0x38
 1473 00c1 0B       		.uleb128 0xb
 1474 00c2 00       		.byte	0
 1475 00c3 00       		.byte	0
 1476 00c4 11       		.uleb128 0x11
 1477 00c5 13       		.uleb128 0x13
 1478 00c6 01       		.byte	0x1
 1479 00c7 0B       		.uleb128 0xb
 1480 00c8 0B       		.uleb128 0xb
 1481 00c9 3A       		.uleb128 0x3a
 1482 00ca 0B       		.uleb128 0xb
ARM GAS  /tmp/ccBBQ5Xd.s 			page 27


 1483 00cb 3B       		.uleb128 0x3b
 1484 00cc 0B       		.uleb128 0xb
 1485 00cd 01       		.uleb128 0x1
 1486 00ce 13       		.uleb128 0x13
 1487 00cf 00       		.byte	0
 1488 00d0 00       		.byte	0
 1489 00d1 12       		.uleb128 0x12
 1490 00d2 17       		.uleb128 0x17
 1491 00d3 01       		.byte	0x1
 1492 00d4 0B       		.uleb128 0xb
 1493 00d5 0B       		.uleb128 0xb
 1494 00d6 3A       		.uleb128 0x3a
 1495 00d7 0B       		.uleb128 0xb
 1496 00d8 3B       		.uleb128 0x3b
 1497 00d9 0B       		.uleb128 0xb
 1498 00da 01       		.uleb128 0x1
 1499 00db 13       		.uleb128 0x13
 1500 00dc 00       		.byte	0
 1501 00dd 00       		.byte	0
 1502 00de 13       		.uleb128 0x13
 1503 00df 0D       		.uleb128 0xd
 1504 00e0 00       		.byte	0
 1505 00e1 03       		.uleb128 0x3
 1506 00e2 0E       		.uleb128 0xe
 1507 00e3 3A       		.uleb128 0x3a
 1508 00e4 0B       		.uleb128 0xb
 1509 00e5 3B       		.uleb128 0x3b
 1510 00e6 05       		.uleb128 0x5
 1511 00e7 49       		.uleb128 0x49
 1512 00e8 13       		.uleb128 0x13
 1513 00e9 00       		.byte	0
 1514 00ea 00       		.byte	0
 1515 00eb 14       		.uleb128 0x14
 1516 00ec 26       		.uleb128 0x26
 1517 00ed 00       		.byte	0
 1518 00ee 49       		.uleb128 0x49
 1519 00ef 13       		.uleb128 0x13
 1520 00f0 00       		.byte	0
 1521 00f1 00       		.byte	0
 1522 00f2 15       		.uleb128 0x15
 1523 00f3 01       		.uleb128 0x1
 1524 00f4 01       		.byte	0x1
 1525 00f5 49       		.uleb128 0x49
 1526 00f6 13       		.uleb128 0x13
 1527 00f7 01       		.uleb128 0x1
 1528 00f8 13       		.uleb128 0x13
 1529 00f9 00       		.byte	0
 1530 00fa 00       		.byte	0
 1531 00fb 16       		.uleb128 0x16
 1532 00fc 21       		.uleb128 0x21
 1533 00fd 00       		.byte	0
 1534 00fe 49       		.uleb128 0x49
 1535 00ff 13       		.uleb128 0x13
 1536 0100 2F       		.uleb128 0x2f
 1537 0101 0B       		.uleb128 0xb
 1538 0102 00       		.byte	0
 1539 0103 00       		.byte	0
ARM GAS  /tmp/ccBBQ5Xd.s 			page 28


 1540 0104 17       		.uleb128 0x17
 1541 0105 2E       		.uleb128 0x2e
 1542 0106 01       		.byte	0x1
 1543 0107 03       		.uleb128 0x3
 1544 0108 0E       		.uleb128 0xe
 1545 0109 3A       		.uleb128 0x3a
 1546 010a 0B       		.uleb128 0xb
 1547 010b 3B       		.uleb128 0x3b
 1548 010c 05       		.uleb128 0x5
 1549 010d 27       		.uleb128 0x27
 1550 010e 19       		.uleb128 0x19
 1551 010f 20       		.uleb128 0x20
 1552 0110 0B       		.uleb128 0xb
 1553 0111 01       		.uleb128 0x1
 1554 0112 13       		.uleb128 0x13
 1555 0113 00       		.byte	0
 1556 0114 00       		.byte	0
 1557 0115 18       		.uleb128 0x18
 1558 0116 05       		.uleb128 0x5
 1559 0117 00       		.byte	0
 1560 0118 03       		.uleb128 0x3
 1561 0119 0E       		.uleb128 0xe
 1562 011a 3A       		.uleb128 0x3a
 1563 011b 0B       		.uleb128 0xb
 1564 011c 3B       		.uleb128 0x3b
 1565 011d 05       		.uleb128 0x5
 1566 011e 49       		.uleb128 0x49
 1567 011f 13       		.uleb128 0x13
 1568 0120 00       		.byte	0
 1569 0121 00       		.byte	0
 1570 0122 19       		.uleb128 0x19
 1571 0123 2E       		.uleb128 0x2e
 1572 0124 00       		.byte	0
 1573 0125 03       		.uleb128 0x3
 1574 0126 0E       		.uleb128 0xe
 1575 0127 3A       		.uleb128 0x3a
 1576 0128 0B       		.uleb128 0xb
 1577 0129 3B       		.uleb128 0x3b
 1578 012a 05       		.uleb128 0x5
 1579 012b 27       		.uleb128 0x27
 1580 012c 19       		.uleb128 0x19
 1581 012d 20       		.uleb128 0x20
 1582 012e 0B       		.uleb128 0xb
 1583 012f 00       		.byte	0
 1584 0130 00       		.byte	0
 1585 0131 1A       		.uleb128 0x1a
 1586 0132 34       		.uleb128 0x34
 1587 0133 00       		.byte	0
 1588 0134 03       		.uleb128 0x3
 1589 0135 0E       		.uleb128 0xe
 1590 0136 49       		.uleb128 0x49
 1591 0137 13       		.uleb128 0x13
 1592 0138 34       		.uleb128 0x34
 1593 0139 19       		.uleb128 0x19
 1594 013a 1C       		.uleb128 0x1c
 1595 013b 0E       		.uleb128 0xe
 1596 013c 00       		.byte	0
ARM GAS  /tmp/ccBBQ5Xd.s 			page 29


 1597 013d 00       		.byte	0
 1598 013e 1B       		.uleb128 0x1b
 1599 013f 2E       		.uleb128 0x2e
 1600 0140 01       		.byte	0x1
 1601 0141 3F       		.uleb128 0x3f
 1602 0142 19       		.uleb128 0x19
 1603 0143 03       		.uleb128 0x3
 1604 0144 0E       		.uleb128 0xe
 1605 0145 3A       		.uleb128 0x3a
 1606 0146 0B       		.uleb128 0xb
 1607 0147 3B       		.uleb128 0x3b
 1608 0148 0B       		.uleb128 0xb
 1609 0149 27       		.uleb128 0x27
 1610 014a 19       		.uleb128 0x19
 1611 014b 49       		.uleb128 0x49
 1612 014c 13       		.uleb128 0x13
 1613 014d 20       		.uleb128 0x20
 1614 014e 0B       		.uleb128 0xb
 1615 014f 01       		.uleb128 0x1
 1616 0150 13       		.uleb128 0x13
 1617 0151 00       		.byte	0
 1618 0152 00       		.byte	0
 1619 0153 1C       		.uleb128 0x1c
 1620 0154 05       		.uleb128 0x5
 1621 0155 00       		.byte	0
 1622 0156 03       		.uleb128 0x3
 1623 0157 0E       		.uleb128 0xe
 1624 0158 3A       		.uleb128 0x3a
 1625 0159 0B       		.uleb128 0xb
 1626 015a 3B       		.uleb128 0x3b
 1627 015b 0B       		.uleb128 0xb
 1628 015c 49       		.uleb128 0x49
 1629 015d 13       		.uleb128 0x13
 1630 015e 00       		.byte	0
 1631 015f 00       		.byte	0
 1632 0160 1D       		.uleb128 0x1d
 1633 0161 34       		.uleb128 0x34
 1634 0162 00       		.byte	0
 1635 0163 03       		.uleb128 0x3
 1636 0164 08       		.uleb128 0x8
 1637 0165 3A       		.uleb128 0x3a
 1638 0166 0B       		.uleb128 0xb
 1639 0167 3B       		.uleb128 0x3b
 1640 0168 0B       		.uleb128 0xb
 1641 0169 49       		.uleb128 0x49
 1642 016a 13       		.uleb128 0x13
 1643 016b 00       		.byte	0
 1644 016c 00       		.byte	0
 1645 016d 1E       		.uleb128 0x1e
 1646 016e 2E       		.uleb128 0x2e
 1647 016f 01       		.byte	0x1
 1648 0170 3F       		.uleb128 0x3f
 1649 0171 19       		.uleb128 0x19
 1650 0172 03       		.uleb128 0x3
 1651 0173 0E       		.uleb128 0xe
 1652 0174 3A       		.uleb128 0x3a
 1653 0175 0B       		.uleb128 0xb
ARM GAS  /tmp/ccBBQ5Xd.s 			page 30


 1654 0176 3B       		.uleb128 0x3b
 1655 0177 0B       		.uleb128 0xb
 1656 0178 27       		.uleb128 0x27
 1657 0179 19       		.uleb128 0x19
 1658 017a 11       		.uleb128 0x11
 1659 017b 01       		.uleb128 0x1
 1660 017c 12       		.uleb128 0x12
 1661 017d 06       		.uleb128 0x6
 1662 017e 40       		.uleb128 0x40
 1663 017f 18       		.uleb128 0x18
 1664 0180 9742     		.uleb128 0x2117
 1665 0182 19       		.uleb128 0x19
 1666 0183 01       		.uleb128 0x1
 1667 0184 13       		.uleb128 0x13
 1668 0185 00       		.byte	0
 1669 0186 00       		.byte	0
 1670 0187 1F       		.uleb128 0x1f
 1671 0188 34       		.uleb128 0x34
 1672 0189 00       		.byte	0
 1673 018a 03       		.uleb128 0x3
 1674 018b 0E       		.uleb128 0xe
 1675 018c 3A       		.uleb128 0x3a
 1676 018d 0B       		.uleb128 0xb
 1677 018e 3B       		.uleb128 0x3b
 1678 018f 0B       		.uleb128 0xb
 1679 0190 49       		.uleb128 0x49
 1680 0191 13       		.uleb128 0x13
 1681 0192 3F       		.uleb128 0x3f
 1682 0193 19       		.uleb128 0x19
 1683 0194 3C       		.uleb128 0x3c
 1684 0195 19       		.uleb128 0x19
 1685 0196 00       		.byte	0
 1686 0197 00       		.byte	0
 1687 0198 20       		.uleb128 0x20
 1688 0199 21       		.uleb128 0x21
 1689 019a 00       		.byte	0
 1690 019b 00       		.byte	0
 1691 019c 00       		.byte	0
 1692 019d 21       		.uleb128 0x21
 1693 019e 2E       		.uleb128 0x2e
 1694 019f 01       		.byte	0x1
 1695 01a0 3F       		.uleb128 0x3f
 1696 01a1 19       		.uleb128 0x19
 1697 01a2 03       		.uleb128 0x3
 1698 01a3 0E       		.uleb128 0xe
 1699 01a4 3A       		.uleb128 0x3a
 1700 01a5 0B       		.uleb128 0xb
 1701 01a6 3B       		.uleb128 0x3b
 1702 01a7 0B       		.uleb128 0xb
 1703 01a8 27       		.uleb128 0x27
 1704 01a9 19       		.uleb128 0x19
 1705 01aa 49       		.uleb128 0x49
 1706 01ab 13       		.uleb128 0x13
 1707 01ac 11       		.uleb128 0x11
 1708 01ad 01       		.uleb128 0x1
 1709 01ae 12       		.uleb128 0x12
 1710 01af 06       		.uleb128 0x6
ARM GAS  /tmp/ccBBQ5Xd.s 			page 31


 1711 01b0 40       		.uleb128 0x40
 1712 01b1 18       		.uleb128 0x18
 1713 01b2 9742     		.uleb128 0x2117
 1714 01b4 19       		.uleb128 0x19
 1715 01b5 01       		.uleb128 0x1
 1716 01b6 13       		.uleb128 0x13
 1717 01b7 00       		.byte	0
 1718 01b8 00       		.byte	0
 1719 01b9 22       		.uleb128 0x22
 1720 01ba 05       		.uleb128 0x5
 1721 01bb 00       		.byte	0
 1722 01bc 03       		.uleb128 0x3
 1723 01bd 0E       		.uleb128 0xe
 1724 01be 3A       		.uleb128 0x3a
 1725 01bf 0B       		.uleb128 0xb
 1726 01c0 3B       		.uleb128 0x3b
 1727 01c1 0B       		.uleb128 0xb
 1728 01c2 49       		.uleb128 0x49
 1729 01c3 13       		.uleb128 0x13
 1730 01c4 02       		.uleb128 0x2
 1731 01c5 17       		.uleb128 0x17
 1732 01c6 00       		.byte	0
 1733 01c7 00       		.byte	0
 1734 01c8 23       		.uleb128 0x23
 1735 01c9 1D       		.uleb128 0x1d
 1736 01ca 01       		.byte	0x1
 1737 01cb 31       		.uleb128 0x31
 1738 01cc 13       		.uleb128 0x13
 1739 01cd 11       		.uleb128 0x11
 1740 01ce 01       		.uleb128 0x1
 1741 01cf 12       		.uleb128 0x12
 1742 01d0 06       		.uleb128 0x6
 1743 01d1 58       		.uleb128 0x58
 1744 01d2 0B       		.uleb128 0xb
 1745 01d3 59       		.uleb128 0x59
 1746 01d4 0B       		.uleb128 0xb
 1747 01d5 01       		.uleb128 0x1
 1748 01d6 13       		.uleb128 0x13
 1749 01d7 00       		.byte	0
 1750 01d8 00       		.byte	0
 1751 01d9 24       		.uleb128 0x24
 1752 01da 1D       		.uleb128 0x1d
 1753 01db 01       		.byte	0x1
 1754 01dc 31       		.uleb128 0x31
 1755 01dd 13       		.uleb128 0x13
 1756 01de 11       		.uleb128 0x11
 1757 01df 01       		.uleb128 0x1
 1758 01e0 12       		.uleb128 0x12
 1759 01e1 06       		.uleb128 0x6
 1760 01e2 58       		.uleb128 0x58
 1761 01e3 0B       		.uleb128 0xb
 1762 01e4 59       		.uleb128 0x59
 1763 01e5 05       		.uleb128 0x5
 1764 01e6 00       		.byte	0
 1765 01e7 00       		.byte	0
 1766 01e8 25       		.uleb128 0x25
 1767 01e9 05       		.uleb128 0x5
ARM GAS  /tmp/ccBBQ5Xd.s 			page 32


 1768 01ea 00       		.byte	0
 1769 01eb 31       		.uleb128 0x31
 1770 01ec 13       		.uleb128 0x13
 1771 01ed 02       		.uleb128 0x2
 1772 01ee 17       		.uleb128 0x17
 1773 01ef 00       		.byte	0
 1774 01f0 00       		.byte	0
 1775 01f1 26       		.uleb128 0x26
 1776 01f2 0B       		.uleb128 0xb
 1777 01f3 01       		.byte	0x1
 1778 01f4 11       		.uleb128 0x11
 1779 01f5 01       		.uleb128 0x1
 1780 01f6 12       		.uleb128 0x12
 1781 01f7 06       		.uleb128 0x6
 1782 01f8 00       		.byte	0
 1783 01f9 00       		.byte	0
 1784 01fa 27       		.uleb128 0x27
 1785 01fb 34       		.uleb128 0x34
 1786 01fc 00       		.byte	0
 1787 01fd 31       		.uleb128 0x31
 1788 01fe 13       		.uleb128 0x13
 1789 01ff 02       		.uleb128 0x2
 1790 0200 18       		.uleb128 0x18
 1791 0201 00       		.byte	0
 1792 0202 00       		.byte	0
 1793 0203 28       		.uleb128 0x28
 1794 0204 1D       		.uleb128 0x1d
 1795 0205 01       		.byte	0x1
 1796 0206 31       		.uleb128 0x31
 1797 0207 13       		.uleb128 0x13
 1798 0208 11       		.uleb128 0x11
 1799 0209 01       		.uleb128 0x1
 1800 020a 12       		.uleb128 0x12
 1801 020b 06       		.uleb128 0x6
 1802 020c 58       		.uleb128 0x58
 1803 020d 0B       		.uleb128 0xb
 1804 020e 59       		.uleb128 0x59
 1805 020f 0B       		.uleb128 0xb
 1806 0210 00       		.byte	0
 1807 0211 00       		.byte	0
 1808 0212 29       		.uleb128 0x29
 1809 0213 34       		.uleb128 0x34
 1810 0214 00       		.byte	0
 1811 0215 31       		.uleb128 0x31
 1812 0216 13       		.uleb128 0x13
 1813 0217 00       		.byte	0
 1814 0218 00       		.byte	0
 1815 0219 2A       		.uleb128 0x2a
 1816 021a 2E       		.uleb128 0x2e
 1817 021b 01       		.byte	0x1
 1818 021c 31       		.uleb128 0x31
 1819 021d 13       		.uleb128 0x13
 1820 021e 11       		.uleb128 0x11
 1821 021f 01       		.uleb128 0x1
 1822 0220 12       		.uleb128 0x12
 1823 0221 06       		.uleb128 0x6
 1824 0222 40       		.uleb128 0x40
ARM GAS  /tmp/ccBBQ5Xd.s 			page 33


 1825 0223 18       		.uleb128 0x18
 1826 0224 9742     		.uleb128 0x2117
 1827 0226 19       		.uleb128 0x19
 1828 0227 01       		.uleb128 0x1
 1829 0228 13       		.uleb128 0x13
 1830 0229 00       		.byte	0
 1831 022a 00       		.byte	0
 1832 022b 2B       		.uleb128 0x2b
 1833 022c 2E       		.uleb128 0x2e
 1834 022d 00       		.byte	0
 1835 022e 3F       		.uleb128 0x3f
 1836 022f 19       		.uleb128 0x19
 1837 0230 03       		.uleb128 0x3
 1838 0231 0E       		.uleb128 0xe
 1839 0232 3A       		.uleb128 0x3a
 1840 0233 0B       		.uleb128 0xb
 1841 0234 3B       		.uleb128 0x3b
 1842 0235 0B       		.uleb128 0xb
 1843 0236 27       		.uleb128 0x27
 1844 0237 19       		.uleb128 0x19
 1845 0238 49       		.uleb128 0x49
 1846 0239 13       		.uleb128 0x13
 1847 023a 11       		.uleb128 0x11
 1848 023b 01       		.uleb128 0x1
 1849 023c 12       		.uleb128 0x12
 1850 023d 06       		.uleb128 0x6
 1851 023e 40       		.uleb128 0x40
 1852 023f 18       		.uleb128 0x18
 1853 0240 9742     		.uleb128 0x2117
 1854 0242 19       		.uleb128 0x19
 1855 0243 00       		.byte	0
 1856 0244 00       		.byte	0
 1857 0245 2C       		.uleb128 0x2c
 1858 0246 34       		.uleb128 0x34
 1859 0247 00       		.byte	0
 1860 0248 03       		.uleb128 0x3
 1861 0249 0E       		.uleb128 0xe
 1862 024a 3A       		.uleb128 0x3a
 1863 024b 0B       		.uleb128 0xb
 1864 024c 3B       		.uleb128 0x3b
 1865 024d 0B       		.uleb128 0xb
 1866 024e 49       		.uleb128 0x49
 1867 024f 13       		.uleb128 0x13
 1868 0250 02       		.uleb128 0x2
 1869 0251 18       		.uleb128 0x18
 1870 0252 00       		.byte	0
 1871 0253 00       		.byte	0
 1872 0254 2D       		.uleb128 0x2d
 1873 0255 34       		.uleb128 0x34
 1874 0256 00       		.byte	0
 1875 0257 03       		.uleb128 0x3
 1876 0258 0E       		.uleb128 0xe
 1877 0259 3A       		.uleb128 0x3a
 1878 025a 0B       		.uleb128 0xb
 1879 025b 3B       		.uleb128 0x3b
 1880 025c 05       		.uleb128 0x5
 1881 025d 49       		.uleb128 0x49
ARM GAS  /tmp/ccBBQ5Xd.s 			page 34


 1882 025e 13       		.uleb128 0x13
 1883 025f 3F       		.uleb128 0x3f
 1884 0260 19       		.uleb128 0x19
 1885 0261 3C       		.uleb128 0x3c
 1886 0262 19       		.uleb128 0x19
 1887 0263 00       		.byte	0
 1888 0264 00       		.byte	0
 1889 0265 2E       		.uleb128 0x2e
 1890 0266 34       		.uleb128 0x34
 1891 0267 00       		.byte	0
 1892 0268 03       		.uleb128 0x3
 1893 0269 08       		.uleb128 0x8
 1894 026a 3A       		.uleb128 0x3a
 1895 026b 0B       		.uleb128 0xb
 1896 026c 3B       		.uleb128 0x3b
 1897 026d 05       		.uleb128 0x5
 1898 026e 49       		.uleb128 0x49
 1899 026f 13       		.uleb128 0x13
 1900 0270 3F       		.uleb128 0x3f
 1901 0271 19       		.uleb128 0x19
 1902 0272 3C       		.uleb128 0x3c
 1903 0273 19       		.uleb128 0x19
 1904 0274 00       		.byte	0
 1905 0275 00       		.byte	0
 1906 0276 00       		.byte	0
 1907              		.section	.debug_loc,"",%progbits
 1908              	.Ldebug_loc0:
 1909              	.LLST0:
 1910 0000 00000000 		.4byte	.LVL0
 1911 0004 22000000 		.4byte	.LVL5
 1912 0008 0100     		.2byte	0x1
 1913 000a 50       		.byte	0x50
 1914 000b 22000000 		.4byte	.LVL5
 1915 000f 38000000 		.4byte	.LFE228
 1916 0013 0400     		.2byte	0x4
 1917 0015 F3       		.byte	0xf3
 1918 0016 01       		.uleb128 0x1
 1919 0017 50       		.byte	0x50
 1920 0018 9F       		.byte	0x9f
 1921 0019 00000000 		.4byte	0
 1922 001d 00000000 		.4byte	0
 1923              	.LLST1:
 1924 0021 00000000 		.4byte	.LVL0
 1925 0025 08000000 		.4byte	.LVL1
 1926 0029 0300     		.2byte	0x3
 1927 002b 08       		.byte	0x8
 1928 002c 20       		.byte	0x20
 1929 002d 9F       		.byte	0x9f
 1930 002e 00000000 		.4byte	0
 1931 0032 00000000 		.4byte	0
 1932              	.LLST2:
 1933 0036 08000000 		.4byte	.LVL1
 1934 003a 16000000 		.4byte	.LVL2
 1935 003e 0100     		.2byte	0x1
 1936 0040 50       		.byte	0x50
 1937 0041 16000000 		.4byte	.LVL2
 1938 0045 1E000000 		.4byte	.LVL4
ARM GAS  /tmp/ccBBQ5Xd.s 			page 35


 1939 0049 0100     		.2byte	0x1
 1940 004b 53       		.byte	0x53
 1941 004c 1E000000 		.4byte	.LVL4
 1942 0050 22000000 		.4byte	.LVL5
 1943 0054 0600     		.2byte	0x6
 1944 0056 70       		.byte	0x70
 1945 0057 07       		.sleb128 7
 1946 0058 09       		.byte	0x9
 1947 0059 F8       		.byte	0xf8
 1948 005a 1A       		.byte	0x1a
 1949 005b 9F       		.byte	0x9f
 1950 005c 22000000 		.4byte	.LVL5
 1951 0060 24000000 		.4byte	.LVL6
 1952 0064 0900     		.2byte	0x9
 1953 0066 F3       		.byte	0xf3
 1954 0067 01       		.uleb128 0x1
 1955 0068 50       		.byte	0x50
 1956 0069 23       		.byte	0x23
 1957 006a 07       		.uleb128 0x7
 1958 006b 09       		.byte	0x9
 1959 006c F8       		.byte	0xf8
 1960 006d 1A       		.byte	0x1a
 1961 006e 9F       		.byte	0x9f
 1962 006f 00000000 		.4byte	0
 1963 0073 00000000 		.4byte	0
 1964              	.LLST3:
 1965 0077 24000000 		.4byte	.LVL6
 1966 007b 2A000000 		.4byte	.LVL7
 1967 007f 0200     		.2byte	0x2
 1968 0081 30       		.byte	0x30
 1969 0082 9F       		.byte	0x9f
 1970 0083 00000000 		.4byte	0
 1971 0087 00000000 		.4byte	0
 1972              	.LLST4:
 1973 008b 00000000 		.4byte	.LVL8
 1974 008f 0C000000 		.4byte	.LVL9
 1975 0093 0100     		.2byte	0x1
 1976 0095 50       		.byte	0x50
 1977 0096 0C000000 		.4byte	.LVL9
 1978 009a 10000000 		.4byte	.LVL10
 1979 009e 0300     		.2byte	0x3
 1980 00a0 70       		.byte	0x70
 1981 00a1 79       		.sleb128 -7
 1982 00a2 9F       		.byte	0x9f
 1983 00a3 10000000 		.4byte	.LVL10
 1984 00a7 18000000 		.4byte	.LVL12
 1985 00ab 0100     		.2byte	0x1
 1986 00ad 53       		.byte	0x53
 1987 00ae 18000000 		.4byte	.LVL12
 1988 00b2 1C000000 		.4byte	.LVL13
 1989 00b6 0600     		.2byte	0x6
 1990 00b8 70       		.byte	0x70
 1991 00b9 00       		.sleb128 0
 1992 00ba 09       		.byte	0x9
 1993 00bb F8       		.byte	0xf8
 1994 00bc 1A       		.byte	0x1a
 1995 00bd 9F       		.byte	0x9f
ARM GAS  /tmp/ccBBQ5Xd.s 			page 36


 1996 00be 1C000000 		.4byte	.LVL13
 1997 00c2 2C000000 		.4byte	.LFE229
 1998 00c6 0900     		.2byte	0x9
 1999 00c8 F3       		.byte	0xf3
 2000 00c9 01       		.uleb128 0x1
 2001 00ca 50       		.byte	0x50
 2002 00cb 23       		.byte	0x23
 2003 00cc 07       		.uleb128 0x7
 2004 00cd 09       		.byte	0x9
 2005 00ce F8       		.byte	0xf8
 2006 00cf 1A       		.byte	0x1a
 2007 00d0 9F       		.byte	0x9f
 2008 00d1 00000000 		.4byte	0
 2009 00d5 00000000 		.4byte	0
 2010              		.section	.debug_aranges,"",%progbits
 2011 0000 34000000 		.4byte	0x34
 2012 0004 0200     		.2byte	0x2
 2013 0006 00000000 		.4byte	.Ldebug_info0
 2014 000a 04       		.byte	0x4
 2015 000b 00       		.byte	0
 2016 000c 0000     		.2byte	0
 2017 000e 0000     		.2byte	0
 2018 0010 00000000 		.4byte	.LFB227
 2019 0014 28000000 		.4byte	.LFE227-.LFB227
 2020 0018 00000000 		.4byte	.LFB228
 2021 001c 38000000 		.4byte	.LFE228-.LFB228
 2022 0020 00000000 		.4byte	.LFB229
 2023 0024 2C000000 		.4byte	.LFE229-.LFB229
 2024 0028 00000000 		.4byte	.LFB230
 2025 002c 14000000 		.4byte	.LFE230-.LFB230
 2026 0030 00000000 		.4byte	0
 2027 0034 00000000 		.4byte	0
 2028              		.section	.debug_ranges,"",%progbits
 2029              	.Ldebug_ranges0:
 2030 0000 00000000 		.4byte	.LFB227
 2031 0004 28000000 		.4byte	.LFE227
 2032 0008 00000000 		.4byte	.LFB228
 2033 000c 38000000 		.4byte	.LFE228
 2034 0010 00000000 		.4byte	.LFB229
 2035 0014 2C000000 		.4byte	.LFE229
 2036 0018 00000000 		.4byte	.LFB230
 2037 001c 14000000 		.4byte	.LFE230
 2038 0020 00000000 		.4byte	0
 2039 0024 00000000 		.4byte	0
 2040              		.section	.debug_line,"",%progbits
 2041              	.Ldebug_line0:
 2042 0000 AA020000 		.section	.debug_str,"MS",%progbits,1
 2042      02003602 
 2042      00000201 
 2042      FB0E0D00 
 2042      01010101 
 2043              	.LASF114:
 2044 0000 656E646D 		.ascii	"endmem\000"
 2044      656D00
 2045              	.LASF52:
 2046 0007 72656164 		.ascii	"ready_list_t\000"
 2046      795F6C69 
ARM GAS  /tmp/ccBBQ5Xd.s 			page 37


 2046      73745F74 
 2046      00
 2047              	.LASF4:
 2048 0014 73697A65 		.ascii	"size_t\000"
 2048      5F7400
 2049              	.LASF87:
 2050 001b 7264796D 		.ascii	"rdymsg\000"
 2050      736700
 2051              	.LASF18:
 2052 0022 75696E74 		.ascii	"uint64_t\000"
 2052      36345F74 
 2052      00
 2053              	.LASF120:
 2054 002b 6368436F 		.ascii	"chCoreAlloc\000"
 2054      7265416C 
 2054      6C6F6300 
 2055              	.LASF5:
 2056 0037 5F5F7569 		.ascii	"__uint8_t\000"
 2056      6E74385F 
 2056      7400
 2057              	.LASF84:
 2058 0041 706F7274 		.ascii	"port_intctx\000"
 2058      5F696E74 
 2058      63747800 
 2059              	.LASF71:
 2060 004d 73797374 		.ascii	"system_debug_t\000"
 2060      656D5F64 
 2060      65627567 
 2060      5F7400
 2061              	.LASF103:
 2062 005c 706F7274 		.ascii	"port_lock\000"
 2062      5F6C6F63 
 2062      6B00
 2063              	.LASF14:
 2064 0066 6C6F6E67 		.ascii	"long long unsigned int\000"
 2064      206C6F6E 
 2064      6720756E 
 2064      7369676E 
 2064      65642069 
 2065              	.LASF88:
 2066 007d 65786974 		.ascii	"exitcode\000"
 2066      636F6465 
 2066      00
 2067              	.LASF78:
 2068 0086 6D61696E 		.ascii	"mainthread\000"
 2068      74687265 
 2068      616400
 2069              	.LASF68:
 2070 0091 76697274 		.ascii	"virtual_timers_list_t\000"
 2070      75616C5F 
 2070      74696D65 
 2070      72735F6C 
 2070      6973745F 
 2071              	.LASF115:
 2072 00a7 49544D5F 		.ascii	"ITM_RxBuffer\000"
 2072      52784275 
 2072      66666572 
ARM GAS  /tmp/ccBBQ5Xd.s 			page 38


 2072      00
 2073              	.LASF117:
 2074 00b4 2F686F6D 		.ascii	"/home/selim/working/ChibiOS/os/rt/src/chmemcore.c\000"
 2074      652F7365 
 2074      6C696D2F 
 2074      776F726B 
 2074      696E672F 
 2075              	.LASF51:
 2076 00e6 63685F74 		.ascii	"ch_threads_queue\000"
 2076      68726561 
 2076      64735F71 
 2076      75657565 
 2076      00
 2077              	.LASF31:
 2078 00f7 705F7072 		.ascii	"p_prio\000"
 2078      696F00
 2079              	.LASF1:
 2080 00fe 6C6F6E67 		.ascii	"long long int\000"
 2080      206C6F6E 
 2080      6720696E 
 2080      7400
 2081              	.LASF3:
 2082 010c 7369676E 		.ascii	"signed char\000"
 2082      65642063 
 2082      68617200 
 2083              	.LASF45:
 2084 0118 705F6D70 		.ascii	"p_mpool\000"
 2084      6F6F6C00 
 2085              	.LASF98:
 2086 0120 6D5F7175 		.ascii	"m_queue\000"
 2086      65756500 
 2087              	.LASF77:
 2088 0128 76746C69 		.ascii	"vtlist\000"
 2088      737400
 2089              	.LASF104:
 2090 012f 706F7274 		.ascii	"port_unlock\000"
 2090      5F756E6C 
 2090      6F636B00 
 2091              	.LASF121:
 2092 013b 6368436F 		.ascii	"chCoreGetStatusX\000"
 2092      72654765 
 2092      74537461 
 2092      74757358 
 2092      00
 2093              	.LASF90:
 2094 014c 77747472 		.ascii	"wttrp\000"
 2094      7000
 2095              	.LASF75:
 2096 0152 63685F73 		.ascii	"ch_system\000"
 2096      79737465 
 2096      6D00
 2097              	.LASF10:
 2098 015c 6C6F6E67 		.ascii	"long int\000"
 2098      20696E74 
 2098      00
 2099              	.LASF21:
 2100 0165 74737461 		.ascii	"tstate_t\000"
ARM GAS  /tmp/ccBBQ5Xd.s 			page 39


 2100      74655F74 
 2100      00
 2101              	.LASF33:
 2102 016e 705F6E65 		.ascii	"p_newer\000"
 2102      77657200 
 2103              	.LASF95:
 2104 0176 735F7175 		.ascii	"s_queue\000"
 2104      65756500 
 2105              	.LASF118:
 2106 017e 6368436F 		.ascii	"chCoreAllocI\000"
 2106      7265416C 
 2106      6C6F6349 
 2106      00
 2107              	.LASF57:
 2108 018b 725F6E65 		.ascii	"r_newer\000"
 2108      77657200 
 2109              	.LASF81:
 2110 0193 72656761 		.ascii	"regarm_t\000"
 2110      726D5F74 
 2110      00
 2111              	.LASF64:
 2112 019c 76745F70 		.ascii	"vt_prev\000"
 2112      72657600 
 2113              	.LASF102:
 2114 01a4 6D757465 		.ascii	"mutex_t\000"
 2114      785F7400 
 2115              	.LASF107:
 2116 01ac 76616C75 		.ascii	"value\000"
 2116      6500
 2117              	.LASF79:
 2118 01b2 69646C65 		.ascii	"idle_thread_wa\000"
 2118      5F746872 
 2118      6561645F 
 2118      776100
 2119              	.LASF26:
 2120 01c1 636E745F 		.ascii	"cnt_t\000"
 2120      7400
 2121              	.LASF0:
 2122 01c7 756E7369 		.ascii	"unsigned int\000"
 2122      676E6564 
 2122      20696E74 
 2122      00
 2123              	.LASF63:
 2124 01d4 76745F6E 		.ascii	"vt_next\000"
 2124      65787400 
 2125              	.LASF91:
 2126 01dc 77747365 		.ascii	"wtsemp\000"
 2126      6D7000
 2127              	.LASF40:
 2128 01e3 705F6D73 		.ascii	"p_msgqueue\000"
 2128      67717565 
 2128      756500
 2129              	.LASF96:
 2130 01ee 735F636E 		.ascii	"s_cnt\000"
 2130      7400
 2131              	.LASF8:
 2132 01f4 73686F72 		.ascii	"short unsigned int\000"
ARM GAS  /tmp/ccBBQ5Xd.s 			page 40


 2132      7420756E 
 2132      7369676E 
 2132      65642069 
 2132      6E7400
 2133              	.LASF48:
 2134 0207 63685F74 		.ascii	"ch_thread\000"
 2134      68726561 
 2134      6400
 2135              	.LASF24:
 2136 0211 6D73675F 		.ascii	"msg_t\000"
 2136      7400
 2137              	.LASF74:
 2138 0217 63685F73 		.ascii	"ch_system_t\000"
 2138      79737465 
 2138      6D5F7400 
 2139              	.LASF20:
 2140 0223 746D6F64 		.ascii	"tmode_t\000"
 2140      655F7400 
 2141              	.LASF53:
 2142 022b 63685F72 		.ascii	"ch_ready_list\000"
 2142      65616479 
 2142      5F6C6973 
 2142      7400
 2143              	.LASF25:
 2144 0239 6576656E 		.ascii	"eventmask_t\000"
 2144      746D6173 
 2144      6B5F7400 
 2145              	.LASF9:
 2146 0245 5F5F696E 		.ascii	"__int32_t\000"
 2146      7433325F 
 2146      7400
 2147              	.LASF82:
 2148 024f 73746B61 		.ascii	"stkalign_t\000"
 2148      6C69676E 
 2148      5F7400
 2149              	.LASF39:
 2150 025a 705F7761 		.ascii	"p_waiting\000"
 2150      6974696E 
 2150      6700
 2151              	.LASF80:
 2152 0264 73697A65 		.ascii	"sizetype\000"
 2152      74797065 
 2152      00
 2153              	.LASF46:
 2154 026d 74687265 		.ascii	"thread_reference_t\000"
 2154      61645F72 
 2154      65666572 
 2154      656E6365 
 2154      5F7400
 2155              	.LASF69:
 2156 0280 63685F76 		.ascii	"ch_virtual_timers_list\000"
 2156      69727475 
 2156      616C5F74 
 2156      696D6572 
 2156      735F6C69 
 2157              	.LASF2:
 2158 0297 6C6F6E67 		.ascii	"long double\000"
ARM GAS  /tmp/ccBBQ5Xd.s 			page 41


 2158      20646F75 
 2158      626C6500 
 2159              	.LASF70:
 2160 02a3 76745F6C 		.ascii	"vt_lasttime\000"
 2160      61737474 
 2160      696D6500 
 2161              	.LASF34:
 2162 02af 705F6F6C 		.ascii	"p_older\000"
 2162      64657200 
 2163              	.LASF56:
 2164 02b7 725F6374 		.ascii	"r_ctx\000"
 2164      7800
 2165              	.LASF86:
 2166 02bd 746D5F63 		.ascii	"tm_calibration_t\000"
 2166      616C6962 
 2166      72617469 
 2166      6F6E5F74 
 2166      00
 2167              	.LASF59:
 2168 02ce 725F6375 		.ascii	"r_current\000"
 2168      7272656E 
 2168      7400
 2169              	.LASF58:
 2170 02d8 725F6F6C 		.ascii	"r_older\000"
 2170      64657200 
 2171              	.LASF13:
 2172 02e0 5F5F7569 		.ascii	"__uint64_t\000"
 2172      6E743634 
 2172      5F7400
 2173              	.LASF22:
 2174 02eb 74726566 		.ascii	"trefs_t\000"
 2174      735F7400 
 2175              	.LASF61:
 2176 02f3 76697274 		.ascii	"virtual_timer_t\000"
 2176      75616C5F 
 2176      74696D65 
 2176      725F7400 
 2177              	.LASF30:
 2178 0303 705F7072 		.ascii	"p_prev\000"
 2178      657600
 2179              	.LASF23:
 2180 030a 74707269 		.ascii	"tprio_t\000"
 2180      6F5F7400 
 2181              	.LASF72:
 2182 0312 63685F73 		.ascii	"ch_system_debug\000"
 2182      79737465 
 2182      6D5F6465 
 2182      62756700 
 2183              	.LASF16:
 2184 0322 696E7433 		.ascii	"int32_t\000"
 2184      325F7400 
 2185              	.LASF6:
 2186 032a 756E7369 		.ascii	"unsigned char\000"
 2186      676E6564 
 2186      20636861 
 2186      7200
 2187              	.LASF119:
ARM GAS  /tmp/ccBBQ5Xd.s 			page 42


 2188 0338 5F636F72 		.ascii	"_core_init\000"
 2188      655F696E 
 2188      697400
 2189              	.LASF43:
 2190 0343 705F6D74 		.ascii	"p_mtxlist\000"
 2190      786C6973 
 2190      7400
 2191              	.LASF7:
 2192 034d 73686F72 		.ascii	"short int\000"
 2192      7420696E 
 2192      7400
 2193              	.LASF36:
 2194 0357 705F7374 		.ascii	"p_state\000"
 2194      61746500 
 2195              	.LASF112:
 2196 035f 5F5F6865 		.ascii	"__heap_end__\000"
 2196      61705F65 
 2196      6E645F5F 
 2196      00
 2197              	.LASF55:
 2198 036c 725F7072 		.ascii	"r_prio\000"
 2198      696F00
 2199              	.LASF116:
 2200 0373 474E5520 		.ascii	"GNU C11 5.3.1 20160307 (release) [ARM/embedded-5-br"
 2200      43313120 
 2200      352E332E 
 2200      31203230 
 2200      31363033 
 2201 03a6 616E6368 		.ascii	"anch revision 234589] -mcpu=cortex-m4 -mno-thumb-in"
 2201      20726576 
 2201      6973696F 
 2201      6E203233 
 2201      34353839 
 2202 03d9 74657277 		.ascii	"terwork -mthumb -ggdb -O2 -fomit-frame-pointer -fal"
 2202      6F726B20 
 2202      2D6D7468 
 2202      756D6220 
 2202      2D676764 
 2203 040c 69676E2D 		.ascii	"ign-functions=16 -ffunction-sections -fdata-section"
 2203      66756E63 
 2203      74696F6E 
 2203      733D3136 
 2203      202D6666 
 2204 043f 73202D66 		.ascii	"s -fno-common\000"
 2204      6E6F2D63 
 2204      6F6D6D6F 
 2204      6E00
 2205              	.LASF93:
 2206 044d 65776D61 		.ascii	"ewmask\000"
 2206      736B00
 2207              	.LASF29:
 2208 0454 705F6E65 		.ascii	"p_next\000"
 2208      787400
 2209              	.LASF37:
 2210 045b 705F666C 		.ascii	"p_flags\000"
 2210      61677300 
 2211              	.LASF109:
ARM GAS  /tmp/ccBBQ5Xd.s 			page 43


 2212 0463 5F5F6675 		.ascii	"__func__\000"
 2212      6E635F5F 
 2212      00
 2213              	.LASF110:
 2214 046c 63685379 		.ascii	"chSysLock\000"
 2214      734C6F63 
 2214      6B00
 2215              	.LASF62:
 2216 0476 63685F76 		.ascii	"ch_virtual_timer\000"
 2216      69727475 
 2216      616C5F74 
 2216      696D6572 
 2216      00
 2217              	.LASF94:
 2218 0487 63685F73 		.ascii	"ch_semaphore\000"
 2218      656D6170 
 2218      686F7265 
 2218      00
 2219              	.LASF42:
 2220 0494 705F6570 		.ascii	"p_epending\000"
 2220      656E6469 
 2220      6E6700
 2221              	.LASF17:
 2222 049f 75696E74 		.ascii	"uint32_t\000"
 2222      33325F74 
 2222      00
 2223              	.LASF92:
 2224 04a8 77746D74 		.ascii	"wtmtxp\000"
 2224      787000
 2225              	.LASF54:
 2226 04af 725F7175 		.ascii	"r_queue\000"
 2226      65756500 
 2227              	.LASF65:
 2228 04b7 76745F64 		.ascii	"vt_delta\000"
 2228      656C7461 
 2228      00
 2229              	.LASF49:
 2230 04c0 63685F74 		.ascii	"ch_threads_list\000"
 2230      68726561 
 2230      64735F6C 
 2230      69737400 
 2231              	.LASF12:
 2232 04d0 6C6F6E67 		.ascii	"long unsigned int\000"
 2232      20756E73 
 2232      69676E65 
 2232      6420696E 
 2232      7400
 2233              	.LASF101:
 2234 04e2 63686172 		.ascii	"char\000"
 2234      00
 2235              	.LASF28:
 2236 04e7 74687265 		.ascii	"thread_t\000"
 2236      61645F74 
 2236      00
 2237              	.LASF113:
 2238 04f0 6E657874 		.ascii	"nextmem\000"
 2238      6D656D00 
ARM GAS  /tmp/ccBBQ5Xd.s 			page 44


 2239              	.LASF100:
 2240 04f8 6D5F6E65 		.ascii	"m_next\000"
 2240      787400
 2241              	.LASF27:
 2242 04ff 73797374 		.ascii	"systime_t\000"
 2242      696D655F 
 2242      7400
 2243              	.LASF44:
 2244 0509 705F7265 		.ascii	"p_realprio\000"
 2244      616C7072 
 2244      696F00
 2245              	.LASF60:
 2246 0514 76746675 		.ascii	"vtfunc_t\000"
 2246      6E635F74 
 2246      00
 2247              	.LASF11:
 2248 051d 5F5F7569 		.ascii	"__uint32_t\000"
 2248      6E743332 
 2248      5F7400
 2249              	.LASF105:
 2250 0528 5F5F7365 		.ascii	"__set_BASEPRI\000"
 2250      745F4241 
 2250      53455052 
 2250      4900
 2251              	.LASF73:
 2252 0536 70616E69 		.ascii	"panic_msg\000"
 2252      635F6D73 
 2252      6700
 2253              	.LASF85:
 2254 0540 6F666673 		.ascii	"offset\000"
 2254      657400
 2255              	.LASF83:
 2256 0547 636F6E74 		.ascii	"context\000"
 2256      65787400 
 2257              	.LASF19:
 2258 054f 7274636E 		.ascii	"rtcnt_t\000"
 2258      745F7400 
 2259              	.LASF67:
 2260 0557 76745F70 		.ascii	"vt_par\000"
 2260      617200
 2261              	.LASF111:
 2262 055e 5F5F6865 		.ascii	"__heap_base__\000"
 2262      61705F62 
 2262      6173655F 
 2262      5F00
 2263              	.LASF50:
 2264 056c 74687265 		.ascii	"threads_queue_t\000"
 2264      6164735F 
 2264      71756575 
 2264      655F7400 
 2265              	.LASF97:
 2266 057c 63685F6D 		.ascii	"ch_mutex\000"
 2266      75746578 
 2266      00
 2267              	.LASF38:
 2268 0585 705F7265 		.ascii	"p_refs\000"
 2268      667300
ARM GAS  /tmp/ccBBQ5Xd.s 			page 45


 2269              	.LASF76:
 2270 058c 726C6973 		.ascii	"rlist\000"
 2270      7400
 2271              	.LASF15:
 2272 0592 75696E74 		.ascii	"uint8_t\000"
 2272      385F7400 
 2273              	.LASF89:
 2274 059a 77746F62 		.ascii	"wtobjp\000"
 2274      6A7000
 2275              	.LASF35:
 2276 05a1 705F6E61 		.ascii	"p_name\000"
 2276      6D6500
 2277              	.LASF108:
 2278 05a8 73697A65 		.ascii	"size\000"
 2278      00
 2279              	.LASF47:
 2280 05ad 74687265 		.ascii	"threads_list_t\000"
 2280      6164735F 
 2280      6C697374 
 2280      5F7400
 2281              	.LASF106:
 2282 05bc 63685379 		.ascii	"chSysUnlock\000"
 2282      73556E6C 
 2282      6F636B00 
 2283              	.LASF41:
 2284 05c8 705F6D73 		.ascii	"p_msg\000"
 2284      6700
 2285              	.LASF99:
 2286 05ce 6D5F6F77 		.ascii	"m_owner\000"
 2286      6E657200 
 2287              	.LASF32:
 2288 05d6 705F6374 		.ascii	"p_ctx\000"
 2288      7800
 2289              	.LASF66:
 2290 05dc 76745F66 		.ascii	"vt_func\000"
 2290      756E6300 
 2291              		.ident	"GCC: (GNU Tools for ARM Embedded Processors) 5.3.1 20160307 (release) [ARM/embedded-5-bran
ARM GAS  /tmp/ccBBQ5Xd.s 			page 46


DEFINED SYMBOLS
                            *ABS*:0000000000000000 chmemcore.c
     /tmp/ccBBQ5Xd.s:20     .text._core_init:0000000000000000 $t
     /tmp/ccBBQ5Xd.s:26     .text._core_init:0000000000000000 _core_init
     /tmp/ccBBQ5Xd.s:54     .text._core_init:0000000000000018 $d
     /tmp/ccBBQ5Xd.s:62     .text.chCoreAlloc:0000000000000000 $t
     /tmp/ccBBQ5Xd.s:68     .text.chCoreAlloc:0000000000000000 chCoreAlloc
     /tmp/ccBBQ5Xd.s:152    .text.chCoreAlloc:0000000000000030 $d
     /tmp/ccBBQ5Xd.s:158    .text.chCoreAllocI:0000000000000000 $t
     /tmp/ccBBQ5Xd.s:164    .text.chCoreAllocI:0000000000000000 chCoreAllocI
     /tmp/ccBBQ5Xd.s:207    .text.chCoreAllocI:0000000000000024 $d
     /tmp/ccBBQ5Xd.s:213    .text.chCoreGetStatusX:0000000000000000 $t
     /tmp/ccBBQ5Xd.s:219    .text.chCoreGetStatusX:0000000000000000 chCoreGetStatusX
     /tmp/ccBBQ5Xd.s:237    .text.chCoreGetStatusX:000000000000000c $d
     /tmp/ccBBQ5Xd.s:243    .bss.endmem:0000000000000000 $d
     /tmp/ccBBQ5Xd.s:247    .bss.endmem:0000000000000000 endmem
     /tmp/ccBBQ5Xd.s:250    .bss.nextmem:0000000000000000 $d
     /tmp/ccBBQ5Xd.s:254    .bss.nextmem:0000000000000000 nextmem
                     .debug_frame:0000000000000010 $d

UNDEFINED SYMBOLS
__heap_base__
__heap_end__
