ARM GAS  /tmp/cchAztiG.s 			page 1


   1              		.syntax unified
   2              		.cpu cortex-m4
   3              		.fpu softvfp
   4              		.eabi_attribute 20, 1
   5              		.eabi_attribute 21, 1
   6              		.eabi_attribute 23, 3
   7              		.eabi_attribute 24, 1
   8              		.eabi_attribute 25, 1
   9              		.eabi_attribute 26, 1
  10              		.eabi_attribute 30, 2
  11              		.eabi_attribute 34, 1
  12              		.eabi_attribute 18, 4
  13              		.thumb
  14              		.syntax unified
  15              		.file	"hal.c"
  16              		.text
  17              	.Ltext0:
  18              		.cfi_sections	.debug_frame
  19              		.section	.text.halInit,"ax",%progbits
  20              		.align	2
  21              		.p2align 4,,15
  22              		.global	halInit
  23              		.thumb
  24              		.thumb_func
  25              		.type	halInit, %function
  26              	halInit:
  27              	.LFB258:
  28              		.file 1 "/home/selim/working/ChibiOS/os/hal/src/hal.c"
  29              		.loc 1 56 0
  30              		.cfi_startproc
  31              		@ args = 0, pretend = 0, frame = 0
  32              		@ frame_needed = 0, uses_anonymous_args = 0
  33 0000 08B5     		push	{r3, lr}
  34              		.cfi_def_cfa_offset 8
  35              		.cfi_offset 3, -8
  36              		.cfi_offset 14, -4
  37              		.loc 1 62 0
  38 0002 FFF7FEFF 		bl	hal_lld_init
  39              	.LVL0:
  40              		.loc 1 65 0
  41 0006 0948     		ldr	r0, .L3
  42 0008 FFF7FEFF 		bl	_pal_lld_init
  43              	.LVL1:
  44              		.loc 1 95 0
  45 000c FFF7FEFF 		bl	pwmInit
  46              	.LVL2:
  47              		.loc 1 98 0
  48 0010 FFF7FEFF 		bl	sdInit
  49              	.LVL3:
  50              		.loc 1 104 0
  51 0014 FFF7FEFF 		bl	spiInit
  52              	.LVL4:
  53              		.loc 1 110 0
  54 0018 FFF7FEFF 		bl	usbInit
  55              	.LVL5:
  56              		.loc 1 116 0
  57 001c FFF7FEFF 		bl	sduInit
ARM GAS  /tmp/cchAztiG.s 			page 2


  58              	.LVL6:
  59              		.loc 1 130 0
  60 0020 FFF7FEFF 		bl	boardInit
  61              	.LVL7:
  62              		.loc 1 139 0
  63 0024 BDE80840 		pop	{r3, lr}
  64              		.cfi_restore 14
  65              		.cfi_restore 3
  66              		.cfi_def_cfa_offset 0
  67              		.loc 1 137 0
  68 0028 FFF7FEBF 		b	stInit
  69              	.LVL8:
  70              	.L4:
  71              		.align	2
  72              	.L3:
  73 002c 00000000 		.word	pal_default_config
  74              		.cfi_endproc
  75              	.LFE258:
  76              		.size	halInit, .-halInit
  77              		.text
  78              	.Letext0:
  79              		.file 2 "/usr/arm-none-eabi/include/machine/_default_types.h"
  80              		.file 3 "/usr/arm-none-eabi/include/sys/_stdint.h"
  81              		.file 4 "/home/selim/working/ChibiOS/os/rt/ports/ARMCMx/compilers/GCC/chtypes.h"
  82              		.file 5 "/home/selim/working/ChibiOS/os/rt/include/chsystypes.h"
  83              		.file 6 "/home/selim/working/ChibiOS/os/rt/include/chschd.h"
  84              		.file 7 "/home/selim/working/ChibiOS/os/rt/ports/ARMCMx/chcore.h"
  85              		.file 8 "/home/selim/working/ChibiOS/os/rt/ports/ARMCMx/chcore_v7m.h"
  86              		.file 9 "/home/selim/working/ChibiOS/os/rt/include/chtm.h"
  87              		.file 10 "/home/selim/working/ChibiOS/os/rt/include/chsem.h"
  88              		.file 11 "/home/selim/working/ChibiOS/os/rt/include/chmtx.h"
  89              		.file 12 "/home/selim/working/ChibiOS/os/hal/ports/STM32/LLD/GPIOv2/pal_lld.h"
  90              		.file 13 "/home/selim/working/ChibiOS/os/ext/CMSIS/include/core_cm4.h"
  91              		.file 14 "/home/selim/working/ChibiOS/os/hal/ports/STM32/STM32F4xx/hal_lld.h"
  92              		.file 15 "/home/selim/working/ChibiOS/os/hal/include/pwm.h"
  93              		.file 16 "/home/selim/working/ChibiOS/os/hal/include/serial.h"
  94              		.file 17 "/home/selim/working/ChibiOS/os/hal/include/spi.h"
  95              		.file 18 "/home/selim/working/ChibiOS/os/hal/include/usb.h"
  96              		.file 19 "/home/selim/working/ChibiOS/os/hal/include/serial_usb.h"
  97              		.file 20 "/home/selim/working/ChibiOS/os/hal/boards/ST_STM32F4_DISCOVERY/board.h"
  98              		.file 21 "/home/selim/working/ChibiOS/os/hal/include/st.h"
  99              		.file 22 "/home/selim/working/ChibiOS/os/hal/osal/rt/osal.h"
 100              		.section	.debug_info,"",%progbits
 101              	.Ldebug_info0:
 102 0000 0C080000 		.4byte	0x80c
 103 0004 0400     		.2byte	0x4
 104 0006 00000000 		.4byte	.Ldebug_abbrev0
 105 000a 04       		.byte	0x4
 106 000b 01       		.uleb128 0x1
 107 000c A4030000 		.4byte	.LASF131
 108 0010 0C       		.byte	0xc
 109 0011 62000000 		.4byte	.LASF132
 110 0015 00000000 		.4byte	.Ldebug_ranges0+0
 111 0019 00000000 		.4byte	0
 112 001d 00000000 		.4byte	.Ldebug_line0
 113 0021 02       		.uleb128 0x2
 114 0022 04       		.byte	0x4
ARM GAS  /tmp/cchAztiG.s 			page 3


 115 0023 05       		.byte	0x5
 116 0024 696E7400 		.ascii	"int\000"
 117 0028 03       		.uleb128 0x3
 118 0029 04       		.byte	0x4
 119 002a 07       		.byte	0x7
 120 002b B1010000 		.4byte	.LASF0
 121 002f 03       		.uleb128 0x3
 122 0030 08       		.byte	0x8
 123 0031 05       		.byte	0x5
 124 0032 02010000 		.4byte	.LASF1
 125 0036 03       		.uleb128 0x3
 126 0037 08       		.byte	0x8
 127 0038 04       		.byte	0x4
 128 0039 A8020000 		.4byte	.LASF2
 129 003d 03       		.uleb128 0x3
 130 003e 01       		.byte	0x1
 131 003f 06       		.byte	0x6
 132 0040 10010000 		.4byte	.LASF3
 133 0044 04       		.uleb128 0x4
 134 0045 3D000000 		.4byte	.LASF7
 135 0049 02       		.byte	0x2
 136 004a 1D       		.byte	0x1d
 137 004b 4F000000 		.4byte	0x4f
 138 004f 03       		.uleb128 0x3
 139 0050 01       		.byte	0x1
 140 0051 08       		.byte	0x8
 141 0052 56030000 		.4byte	.LASF4
 142 0056 03       		.uleb128 0x3
 143 0057 02       		.byte	0x2
 144 0058 05       		.byte	0x5
 145 0059 81030000 		.4byte	.LASF5
 146 005d 03       		.uleb128 0x3
 147 005e 02       		.byte	0x2
 148 005f 07       		.byte	0x7
 149 0060 EF010000 		.4byte	.LASF6
 150 0064 04       		.uleb128 0x4
 151 0065 47020000 		.4byte	.LASF8
 152 0069 02       		.byte	0x2
 153 006a 3F       		.byte	0x3f
 154 006b 6F000000 		.4byte	0x6f
 155 006f 03       		.uleb128 0x3
 156 0070 04       		.byte	0x4
 157 0071 05       		.byte	0x5
 158 0072 3C010000 		.4byte	.LASF9
 159 0076 04       		.uleb128 0x4
 160 0077 49050000 		.4byte	.LASF10
 161 007b 02       		.byte	0x2
 162 007c 41       		.byte	0x41
 163 007d 81000000 		.4byte	0x81
 164 0081 03       		.uleb128 0x3
 165 0082 04       		.byte	0x4
 166 0083 07       		.byte	0x7
 167 0084 FC040000 		.4byte	.LASF11
 168 0088 04       		.uleb128 0x4
 169 0089 FD020000 		.4byte	.LASF12
 170 008d 02       		.byte	0x2
 171 008e 5B       		.byte	0x5b
ARM GAS  /tmp/cchAztiG.s 			page 4


 172 008f 93000000 		.4byte	0x93
 173 0093 03       		.uleb128 0x3
 174 0094 08       		.byte	0x8
 175 0095 07       		.byte	0x7
 176 0096 96000000 		.4byte	.LASF13
 177 009a 04       		.uleb128 0x4
 178 009b BD050000 		.4byte	.LASF14
 179 009f 03       		.byte	0x3
 180 00a0 14       		.byte	0x14
 181 00a1 44000000 		.4byte	0x44
 182 00a5 04       		.uleb128 0x4
 183 00a6 4E030000 		.4byte	.LASF15
 184 00aa 03       		.byte	0x3
 185 00ab 1F       		.byte	0x1f
 186 00ac 64000000 		.4byte	0x64
 187 00b0 04       		.uleb128 0x4
 188 00b1 CB040000 		.4byte	.LASF16
 189 00b5 03       		.byte	0x3
 190 00b6 20       		.byte	0x20
 191 00b7 76000000 		.4byte	0x76
 192 00bb 04       		.uleb128 0x4
 193 00bc 34000000 		.4byte	.LASF17
 194 00c0 03       		.byte	0x3
 195 00c1 26       		.byte	0x26
 196 00c2 88000000 		.4byte	0x88
 197 00c6 05       		.uleb128 0x5
 198 00c7 A5000000 		.4byte	0xa5
 199 00cb 04       		.uleb128 0x4
 200 00cc 7A050000 		.4byte	.LASF18
 201 00d0 04       		.byte	0x4
 202 00d1 46       		.byte	0x46
 203 00d2 B0000000 		.4byte	0xb0
 204 00d6 04       		.uleb128 0x4
 205 00d7 25020000 		.4byte	.LASF19
 206 00db 04       		.byte	0x4
 207 00dc 49       		.byte	0x49
 208 00dd 9A000000 		.4byte	0x9a
 209 00e1 04       		.uleb128 0x4
 210 00e2 4C010000 		.4byte	.LASF20
 211 00e6 04       		.byte	0x4
 212 00e7 4A       		.byte	0x4a
 213 00e8 9A000000 		.4byte	0x9a
 214 00ec 04       		.uleb128 0x4
 215 00ed 08030000 		.4byte	.LASF21
 216 00f1 04       		.byte	0x4
 217 00f2 4B       		.byte	0x4b
 218 00f3 9A000000 		.4byte	0x9a
 219 00f7 04       		.uleb128 0x4
 220 00f8 30030000 		.4byte	.LASF22
 221 00fc 04       		.byte	0x4
 222 00fd 4D       		.byte	0x4d
 223 00fe B0000000 		.4byte	0xb0
 224 0102 04       		.uleb128 0x4
 225 0103 13020000 		.4byte	.LASF23
 226 0107 04       		.byte	0x4
 227 0108 4E       		.byte	0x4e
 228 0109 A5000000 		.4byte	0xa5
ARM GAS  /tmp/cchAztiG.s 			page 5


 229 010d 04       		.uleb128 0x4
 230 010e 3B020000 		.4byte	.LASF24
 231 0112 04       		.byte	0x4
 232 0113 50       		.byte	0x50
 233 0114 B0000000 		.4byte	0xb0
 234 0118 04       		.uleb128 0x4
 235 0119 AB010000 		.4byte	.LASF25
 236 011d 04       		.byte	0x4
 237 011e 52       		.byte	0x52
 238 011f A5000000 		.4byte	0xa5
 239 0123 04       		.uleb128 0x4
 240 0124 2B050000 		.4byte	.LASF26
 241 0128 05       		.byte	0x5
 242 0129 33       		.byte	0x33
 243 012a B0000000 		.4byte	0xb0
 244 012e 04       		.uleb128 0x4
 245 012f 1B050000 		.4byte	.LASF27
 246 0133 05       		.byte	0x5
 247 0134 3F       		.byte	0x3f
 248 0135 39010000 		.4byte	0x139
 249 0139 06       		.uleb128 0x6
 250 013a 09020000 		.4byte	.LASF47
 251 013e 44       		.byte	0x44
 252 013f 06       		.byte	0x6
 253 0140 C2       		.byte	0xc2
 254 0141 26020000 		.4byte	0x226
 255 0145 07       		.uleb128 0x7
 256 0146 8C040000 		.4byte	.LASF28
 257 014a 06       		.byte	0x6
 258 014b C3       		.byte	0xc3
 259 014c 31020000 		.4byte	0x231
 260 0150 00       		.byte	0
 261 0151 07       		.uleb128 0x7
 262 0152 20030000 		.4byte	.LASF29
 263 0156 06       		.byte	0x6
 264 0157 C5       		.byte	0xc5
 265 0158 31020000 		.4byte	0x231
 266 015c 04       		.byte	0x4
 267 015d 07       		.uleb128 0x7
 268 015e FB000000 		.4byte	.LASF30
 269 0162 06       		.byte	0x6
 270 0163 C7       		.byte	0xc7
 271 0164 F7000000 		.4byte	0xf7
 272 0168 08       		.byte	0x8
 273 0169 07       		.uleb128 0x7
 274 016a 1B060000 		.4byte	.LASF31
 275 016e 06       		.byte	0x6
 276 016f C8       		.byte	0xc8
 277 0170 61040000 		.4byte	0x461
 278 0174 0C       		.byte	0xc
 279 0175 07       		.uleb128 0x7
 280 0176 5D010000 		.4byte	.LASF32
 281 017a 06       		.byte	0x6
 282 017b CA       		.byte	0xca
 283 017c 31020000 		.4byte	0x231
 284 0180 10       		.byte	0x10
 285 0181 07       		.uleb128 0x7
ARM GAS  /tmp/cchAztiG.s 			page 6


 286 0182 C0020000 		.4byte	.LASF33
 287 0186 06       		.byte	0x6
 288 0187 CB       		.byte	0xcb
 289 0188 31020000 		.4byte	0x231
 290 018c 14       		.byte	0x14
 291 018d 07       		.uleb128 0x7
 292 018e CC050000 		.4byte	.LASF34
 293 0192 06       		.byte	0x6
 294 0193 D2       		.byte	0xd2
 295 0194 E0050000 		.4byte	0x5e0
 296 0198 18       		.byte	0x18
 297 0199 07       		.uleb128 0x7
 298 019a 8B030000 		.4byte	.LASF35
 299 019e 06       		.byte	0x6
 300 019f DD       		.byte	0xdd
 301 01a0 E1000000 		.4byte	0xe1
 302 01a4 1C       		.byte	0x1c
 303 01a5 07       		.uleb128 0x7
 304 01a6 93040000 		.4byte	.LASF36
 305 01aa 06       		.byte	0x6
 306 01ab E1       		.byte	0xe1
 307 01ac D6000000 		.4byte	0xd6
 308 01b0 1D       		.byte	0x1d
 309 01b1 07       		.uleb128 0x7
 310 01b2 A2050000 		.4byte	.LASF37
 311 01b6 06       		.byte	0x6
 312 01b7 E6       		.byte	0xe6
 313 01b8 EC000000 		.4byte	0xec
 314 01bc 1E       		.byte	0x1e
 315 01bd 08       		.uleb128 0x8
 316 01be 705F7500 		.ascii	"p_u\000"
 317 01c2 06       		.byte	0x6
 318 01c3 3101     		.2byte	0x131
 319 01c5 1B050000 		.4byte	0x51b
 320 01c9 20       		.byte	0x20
 321 01ca 09       		.uleb128 0x9
 322 01cb 6B020000 		.4byte	.LASF38
 323 01cf 06       		.byte	0x6
 324 01d0 3601     		.2byte	0x136
 325 01d2 37020000 		.4byte	0x237
 326 01d6 24       		.byte	0x24
 327 01d7 09       		.uleb128 0x9
 328 01d8 CD010000 		.4byte	.LASF39
 329 01dc 06       		.byte	0x6
 330 01dd 3C01     		.2byte	0x13c
 331 01df 5B020000 		.4byte	0x25b
 332 01e3 28       		.byte	0x28
 333 01e4 09       		.uleb128 0x9
 334 01e5 E9050000 		.4byte	.LASF40
 335 01e9 06       		.byte	0x6
 336 01ea 4001     		.2byte	0x140
 337 01ec 02010000 		.4byte	0x102
 338 01f0 30       		.byte	0x30
 339 01f1 09       		.uleb128 0x9
 340 01f2 C0040000 		.4byte	.LASF41
 341 01f6 06       		.byte	0x6
 342 01f7 4601     		.2byte	0x146
ARM GAS  /tmp/cchAztiG.s 			page 7


 343 01f9 0D010000 		.4byte	0x10d
 344 01fd 34       		.byte	0x34
 345 01fe 09       		.uleb128 0x9
 346 01ff 77030000 		.4byte	.LASF42
 347 0203 06       		.byte	0x6
 348 0204 4D01     		.2byte	0x14d
 349 0206 DA050000 		.4byte	0x5da
 350 020a 38       		.byte	0x38
 351 020b 09       		.uleb128 0x9
 352 020c 35050000 		.4byte	.LASF43
 353 0210 06       		.byte	0x6
 354 0211 5101     		.2byte	0x151
 355 0213 F7000000 		.4byte	0xf7
 356 0217 3C       		.byte	0x3c
 357 0218 09       		.uleb128 0x9
 358 0219 1C010000 		.4byte	.LASF44
 359 021d 06       		.byte	0x6
 360 021e 5801     		.2byte	0x158
 361 0220 0E030000 		.4byte	0x30e
 362 0224 40       		.byte	0x40
 363 0225 00       		.byte	0
 364 0226 04       		.uleb128 0x4
 365 0227 7E020000 		.4byte	.LASF45
 366 022b 05       		.byte	0x5
 367 022c 44       		.byte	0x44
 368 022d 31020000 		.4byte	0x231
 369 0231 0A       		.uleb128 0xa
 370 0232 04       		.byte	0x4
 371 0233 2E010000 		.4byte	0x12e
 372 0237 04       		.uleb128 0x4
 373 0238 DA050000 		.4byte	.LASF46
 374 023c 05       		.byte	0x5
 375 023d 49       		.byte	0x49
 376 023e 42020000 		.4byte	0x242
 377 0242 06       		.uleb128 0x6
 378 0243 EC040000 		.4byte	.LASF48
 379 0247 04       		.byte	0x4
 380 0248 06       		.byte	0x6
 381 0249 B0       		.byte	0xb0
 382 024a 5B020000 		.4byte	0x25b
 383 024e 07       		.uleb128 0x7
 384 024f 8C040000 		.4byte	.LASF28
 385 0253 06       		.byte	0x6
 386 0254 B1       		.byte	0xb1
 387 0255 31020000 		.4byte	0x231
 388 0259 00       		.byte	0
 389 025a 00       		.byte	0
 390 025b 04       		.uleb128 0x4
 391 025c 89050000 		.4byte	.LASF49
 392 0260 05       		.byte	0x5
 393 0261 50       		.byte	0x50
 394 0262 66020000 		.4byte	0x266
 395 0266 06       		.uleb128 0x6
 396 0267 EA000000 		.4byte	.LASF50
 397 026b 08       		.byte	0x8
 398 026c 06       		.byte	0x6
 399 026d B7       		.byte	0xb7
ARM GAS  /tmp/cchAztiG.s 			page 8


 400 026e 8B020000 		.4byte	0x28b
 401 0272 07       		.uleb128 0x7
 402 0273 8C040000 		.4byte	.LASF28
 403 0277 06       		.byte	0x6
 404 0278 B8       		.byte	0xb8
 405 0279 31020000 		.4byte	0x231
 406 027d 00       		.byte	0
 407 027e 07       		.uleb128 0x7
 408 027f 20030000 		.4byte	.LASF29
 409 0283 06       		.byte	0x6
 410 0284 B9       		.byte	0xb9
 411 0285 31020000 		.4byte	0x231
 412 0289 04       		.byte	0x4
 413 028a 00       		.byte	0
 414 028b 04       		.uleb128 0x4
 415 028c 13000000 		.4byte	.LASF51
 416 0290 05       		.byte	0x5
 417 0291 57       		.byte	0x57
 418 0292 96020000 		.4byte	0x296
 419 0296 0B       		.uleb128 0xb
 420 0297 2D020000 		.4byte	.LASF52
 421 029b 1C       		.byte	0x1c
 422 029c 06       		.byte	0x6
 423 029d 9001     		.2byte	0x190
 424 029f F2020000 		.4byte	0x2f2
 425 02a3 09       		.uleb128 0x9
 426 02a4 DB040000 		.4byte	.LASF53
 427 02a8 06       		.byte	0x6
 428 02a9 9101     		.2byte	0x191
 429 02ab 5B020000 		.4byte	0x25b
 430 02af 00       		.byte	0
 431 02b0 09       		.uleb128 0x9
 432 02b1 9D030000 		.4byte	.LASF54
 433 02b5 06       		.byte	0x6
 434 02b6 9201     		.2byte	0x192
 435 02b8 F7000000 		.4byte	0xf7
 436 02bc 08       		.byte	0x8
 437 02bd 09       		.uleb128 0x9
 438 02be C8020000 		.4byte	.LASF55
 439 02c2 06       		.byte	0x6
 440 02c3 9401     		.2byte	0x194
 441 02c5 61040000 		.4byte	0x461
 442 02c9 0C       		.byte	0xc
 443 02ca 09       		.uleb128 0x9
 444 02cb 6D010000 		.4byte	.LASF56
 445 02cf 06       		.byte	0x6
 446 02d0 9701     		.2byte	0x197
 447 02d2 31020000 		.4byte	0x231
 448 02d6 10       		.byte	0x10
 449 02d7 09       		.uleb128 0x9
 450 02d8 F5020000 		.4byte	.LASF57
 451 02dc 06       		.byte	0x6
 452 02dd 9801     		.2byte	0x198
 453 02df 31020000 		.4byte	0x231
 454 02e3 14       		.byte	0x14
 455 02e4 09       		.uleb128 0x9
 456 02e5 EB020000 		.4byte	.LASF58
ARM GAS  /tmp/cchAztiG.s 			page 9


 457 02e9 06       		.byte	0x6
 458 02ea 9B01     		.2byte	0x19b
 459 02ec 31020000 		.4byte	0x231
 460 02f0 18       		.byte	0x18
 461 02f1 00       		.byte	0
 462 02f2 04       		.uleb128 0x4
 463 02f3 40050000 		.4byte	.LASF59
 464 02f7 05       		.byte	0x5
 465 02f8 5C       		.byte	0x5c
 466 02f9 FD020000 		.4byte	0x2fd
 467 02fd 0A       		.uleb128 0xa
 468 02fe 04       		.byte	0x4
 469 02ff 03030000 		.4byte	0x303
 470 0303 0C       		.uleb128 0xc
 471 0304 0E030000 		.4byte	0x30e
 472 0308 0D       		.uleb128 0xd
 473 0309 0E030000 		.4byte	0x30e
 474 030d 00       		.byte	0
 475 030e 0E       		.uleb128 0xe
 476 030f 04       		.byte	0x4
 477 0310 04       		.uleb128 0x4
 478 0311 10030000 		.4byte	.LASF60
 479 0315 05       		.byte	0x5
 480 0316 61       		.byte	0x61
 481 0317 1B030000 		.4byte	0x31b
 482 031b 0B       		.uleb128 0xb
 483 031c A2040000 		.4byte	.LASF61
 484 0320 14       		.byte	0x14
 485 0321 06       		.byte	0x6
 486 0322 6B01     		.2byte	0x16b
 487 0324 6A030000 		.4byte	0x36a
 488 0328 09       		.uleb128 0x9
 489 0329 BE010000 		.4byte	.LASF62
 490 032d 06       		.byte	0x6
 491 032e 6C01     		.2byte	0x16c
 492 0330 F2050000 		.4byte	0x5f2
 493 0334 00       		.byte	0
 494 0335 09       		.uleb128 0x9
 495 0336 7E010000 		.4byte	.LASF63
 496 033a 06       		.byte	0x6
 497 033b 6D01     		.2byte	0x16d
 498 033d F2050000 		.4byte	0x5f2
 499 0341 04       		.byte	0x4
 500 0342 09       		.uleb128 0x9
 501 0343 E3040000 		.4byte	.LASF64
 502 0347 06       		.byte	0x6
 503 0348 6E01     		.2byte	0x16e
 504 034a 23010000 		.4byte	0x123
 505 034e 08       		.byte	0x8
 506 034f 09       		.uleb128 0x9
 507 0350 21060000 		.4byte	.LASF65
 508 0354 06       		.byte	0x6
 509 0355 6F01     		.2byte	0x16f
 510 0357 F2020000 		.4byte	0x2f2
 511 035b 0C       		.byte	0xc
 512 035c 09       		.uleb128 0x9
 513 035d 82050000 		.4byte	.LASF66
ARM GAS  /tmp/cchAztiG.s 			page 10


 514 0361 06       		.byte	0x6
 515 0362 7101     		.2byte	0x171
 516 0364 0E030000 		.4byte	0x30e
 517 0368 10       		.byte	0x10
 518 0369 00       		.byte	0
 519 036a 04       		.uleb128 0x4
 520 036b C7000000 		.4byte	.LASF67
 521 036f 05       		.byte	0x5
 522 0370 66       		.byte	0x66
 523 0371 75030000 		.4byte	0x375
 524 0375 0B       		.uleb128 0xb
 525 0376 91020000 		.4byte	.LASF68
 526 037a 10       		.byte	0x10
 527 037b 06       		.byte	0x6
 528 037c 7B01     		.2byte	0x17b
 529 037e B7030000 		.4byte	0x3b7
 530 0382 09       		.uleb128 0x9
 531 0383 BE010000 		.4byte	.LASF62
 532 0387 06       		.byte	0x6
 533 0388 7C01     		.2byte	0x17c
 534 038a F2050000 		.4byte	0x5f2
 535 038e 00       		.byte	0
 536 038f 09       		.uleb128 0x9
 537 0390 7E010000 		.4byte	.LASF63
 538 0394 06       		.byte	0x6
 539 0395 7E01     		.2byte	0x17e
 540 0397 F2050000 		.4byte	0x5f2
 541 039b 04       		.byte	0x4
 542 039c 09       		.uleb128 0x9
 543 039d E3040000 		.4byte	.LASF64
 544 03a1 06       		.byte	0x6
 545 03a2 8001     		.2byte	0x180
 546 03a4 23010000 		.4byte	0x123
 547 03a8 08       		.byte	0x8
 548 03a9 09       		.uleb128 0x9
 549 03aa B4020000 		.4byte	.LASF69
 550 03ae 06       		.byte	0x6
 551 03af 8801     		.2byte	0x188
 552 03b1 23010000 		.4byte	0x123
 553 03b5 0C       		.byte	0xc
 554 03b6 00       		.byte	0
 555 03b7 04       		.uleb128 0x4
 556 03b8 53000000 		.4byte	.LASF70
 557 03bc 05       		.byte	0x5
 558 03bd 6B       		.byte	0x6b
 559 03be C2030000 		.4byte	0x3c2
 560 03c2 0B       		.uleb128 0xb
 561 03c3 38030000 		.4byte	.LASF71
 562 03c7 04       		.byte	0x4
 563 03c8 06       		.byte	0x6
 564 03c9 A201     		.2byte	0x1a2
 565 03cb DD030000 		.4byte	0x3dd
 566 03cf 09       		.uleb128 0x9
 567 03d0 54050000 		.4byte	.LASF72
 568 03d4 06       		.byte	0x6
 569 03d5 AA01     		.2byte	0x1aa
 570 03d7 F8050000 		.4byte	0x5f8
ARM GAS  /tmp/cchAztiG.s 			page 11


 571 03db 00       		.byte	0
 572 03dc 00       		.byte	0
 573 03dd 04       		.uleb128 0x4
 574 03de 19020000 		.4byte	.LASF73
 575 03e2 05       		.byte	0x5
 576 03e3 70       		.byte	0x70
 577 03e4 E8030000 		.4byte	0x3e8
 578 03e8 0F       		.uleb128 0xf
 579 03e9 32010000 		.4byte	.LASF74
 580 03ed 5001     		.2byte	0x150
 581 03ef 06       		.byte	0x6
 582 03f0 C201     		.2byte	0x1c2
 583 03f2 44040000 		.4byte	0x444
 584 03f6 09       		.uleb128 0x9
 585 03f7 B7050000 		.4byte	.LASF75
 586 03fb 06       		.byte	0x6
 587 03fc C601     		.2byte	0x1c6
 588 03fe 8B020000 		.4byte	0x28b
 589 0402 00       		.byte	0
 590 0403 09       		.uleb128 0x9
 591 0404 86010000 		.4byte	.LASF76
 592 0408 06       		.byte	0x6
 593 0409 CA01     		.2byte	0x1ca
 594 040b 6A030000 		.4byte	0x36a
 595 040f 1C       		.byte	0x1c
 596 0410 08       		.uleb128 0x8
 597 0411 64626700 		.ascii	"dbg\000"
 598 0415 06       		.byte	0x6
 599 0416 CE01     		.2byte	0x1ce
 600 0418 B7030000 		.4byte	0x3b7
 601 041c 2C       		.byte	0x2c
 602 041d 09       		.uleb128 0x9
 603 041e BC000000 		.4byte	.LASF77
 604 0422 06       		.byte	0x6
 605 0423 D201     		.2byte	0x1d2
 606 0425 2E010000 		.4byte	0x12e
 607 0429 30       		.byte	0x30
 608 042a 08       		.uleb128 0x8
 609 042b 746D00   		.ascii	"tm\000"
 610 042e 06       		.byte	0x6
 611 042f D701     		.2byte	0x1d7
 612 0431 10050000 		.4byte	0x510
 613 0435 74       		.byte	0x74
 614 0436 09       		.uleb128 0x9
 615 0437 9C010000 		.4byte	.LASF78
 616 043b 06       		.byte	0x6
 617 043c E301     		.2byte	0x1e3
 618 043e FD050000 		.4byte	0x5fd
 619 0442 78       		.byte	0x78
 620 0443 00       		.byte	0
 621 0444 03       		.uleb128 0x3
 622 0445 04       		.byte	0x4
 623 0446 07       		.byte	0x7
 624 0447 75020000 		.4byte	.LASF79
 625 044b 04       		.uleb128 0x4
 626 044c 75010000 		.4byte	.LASF80
 627 0450 07       		.byte	0x7
ARM GAS  /tmp/cchAztiG.s 			page 12


 628 0451 65       		.byte	0x65
 629 0452 0E030000 		.4byte	0x30e
 630 0456 04       		.uleb128 0x4
 631 0457 58020000 		.4byte	.LASF81
 632 045b 07       		.byte	0x7
 633 045c 6D       		.byte	0x6d
 634 045d BB000000 		.4byte	0xbb
 635 0461 06       		.uleb128 0x6
 636 0462 65050000 		.4byte	.LASF82
 637 0466 04       		.byte	0x4
 638 0467 07       		.byte	0x7
 639 0468 89       		.byte	0x89
 640 0469 7A040000 		.4byte	0x47a
 641 046d 10       		.uleb128 0x10
 642 046e 72313300 		.ascii	"r13\000"
 643 0472 07       		.byte	0x7
 644 0473 8A       		.byte	0x8a
 645 0474 F5040000 		.4byte	0x4f5
 646 0478 00       		.byte	0
 647 0479 00       		.byte	0
 648 047a 06       		.uleb128 0x6
 649 047b 47000000 		.4byte	.LASF83
 650 047f 24       		.byte	0x24
 651 0480 08       		.byte	0x8
 652 0481 F4       		.byte	0xf4
 653 0482 F5040000 		.4byte	0x4f5
 654 0486 08       		.uleb128 0x8
 655 0487 723400   		.ascii	"r4\000"
 656 048a 08       		.byte	0x8
 657 048b 0701     		.2byte	0x107
 658 048d 4B040000 		.4byte	0x44b
 659 0491 00       		.byte	0
 660 0492 08       		.uleb128 0x8
 661 0493 723500   		.ascii	"r5\000"
 662 0496 08       		.byte	0x8
 663 0497 0801     		.2byte	0x108
 664 0499 4B040000 		.4byte	0x44b
 665 049d 04       		.byte	0x4
 666 049e 08       		.uleb128 0x8
 667 049f 723600   		.ascii	"r6\000"
 668 04a2 08       		.byte	0x8
 669 04a3 0901     		.2byte	0x109
 670 04a5 4B040000 		.4byte	0x44b
 671 04a9 08       		.byte	0x8
 672 04aa 08       		.uleb128 0x8
 673 04ab 723700   		.ascii	"r7\000"
 674 04ae 08       		.byte	0x8
 675 04af 0A01     		.2byte	0x10a
 676 04b1 4B040000 		.4byte	0x44b
 677 04b5 0C       		.byte	0xc
 678 04b6 08       		.uleb128 0x8
 679 04b7 723800   		.ascii	"r8\000"
 680 04ba 08       		.byte	0x8
 681 04bb 0B01     		.2byte	0x10b
 682 04bd 4B040000 		.4byte	0x44b
 683 04c1 10       		.byte	0x10
 684 04c2 08       		.uleb128 0x8
ARM GAS  /tmp/cchAztiG.s 			page 13


 685 04c3 723900   		.ascii	"r9\000"
 686 04c6 08       		.byte	0x8
 687 04c7 0C01     		.2byte	0x10c
 688 04c9 4B040000 		.4byte	0x44b
 689 04cd 14       		.byte	0x14
 690 04ce 08       		.uleb128 0x8
 691 04cf 72313000 		.ascii	"r10\000"
 692 04d3 08       		.byte	0x8
 693 04d4 0D01     		.2byte	0x10d
 694 04d6 4B040000 		.4byte	0x44b
 695 04da 18       		.byte	0x18
 696 04db 08       		.uleb128 0x8
 697 04dc 72313100 		.ascii	"r11\000"
 698 04e0 08       		.byte	0x8
 699 04e1 0E01     		.2byte	0x10e
 700 04e3 4B040000 		.4byte	0x44b
 701 04e7 1C       		.byte	0x1c
 702 04e8 08       		.uleb128 0x8
 703 04e9 6C7200   		.ascii	"lr\000"
 704 04ec 08       		.byte	0x8
 705 04ed 0F01     		.2byte	0x10f
 706 04ef 4B040000 		.4byte	0x44b
 707 04f3 20       		.byte	0x20
 708 04f4 00       		.byte	0
 709 04f5 0A       		.uleb128 0xa
 710 04f6 04       		.byte	0x4
 711 04f7 7A040000 		.4byte	0x47a
 712 04fb 11       		.uleb128 0x11
 713 04fc 04       		.byte	0x4
 714 04fd 09       		.byte	0x9
 715 04fe 38       		.byte	0x38
 716 04ff 10050000 		.4byte	0x510
 717 0503 07       		.uleb128 0x7
 718 0504 5E050000 		.4byte	.LASF84
 719 0508 09       		.byte	0x9
 720 0509 3C       		.byte	0x3c
 721 050a CB000000 		.4byte	0xcb
 722 050e 00       		.byte	0
 723 050f 00       		.byte	0
 724 0510 04       		.uleb128 0x4
 725 0511 CE020000 		.4byte	.LASF85
 726 0515 09       		.byte	0x9
 727 0516 3D       		.byte	0x3d
 728 0517 FB040000 		.4byte	0x4fb
 729 051b 12       		.uleb128 0x12
 730 051c 04       		.byte	0x4
 731 051d 06       		.byte	0x6
 732 051e FA       		.byte	0xfa
 733 051f 78050000 		.4byte	0x578
 734 0523 13       		.uleb128 0x13
 735 0524 2D000000 		.4byte	.LASF86
 736 0528 06       		.byte	0x6
 737 0529 0101     		.2byte	0x101
 738 052b 02010000 		.4byte	0x102
 739 052f 13       		.uleb128 0x13
 740 0530 B3000000 		.4byte	.LASF87
 741 0534 06       		.byte	0x6
ARM GAS  /tmp/cchAztiG.s 			page 14


 742 0535 0801     		.2byte	0x108
 743 0537 02010000 		.4byte	0x102
 744 053b 13       		.uleb128 0x13
 745 053c C5050000 		.4byte	.LASF88
 746 0540 06       		.byte	0x6
 747 0541 0F01     		.2byte	0x10f
 748 0543 0E030000 		.4byte	0x30e
 749 0547 13       		.uleb128 0x13
 750 0548 27000000 		.4byte	.LASF89
 751 054c 06       		.byte	0x6
 752 054d 1601     		.2byte	0x116
 753 054f 78050000 		.4byte	0x578
 754 0553 13       		.uleb128 0x13
 755 0554 C6010000 		.4byte	.LASF90
 756 0558 06       		.byte	0x6
 757 0559 1E01     		.2byte	0x11e
 758 055b A3050000 		.4byte	0x5a3
 759 055f 13       		.uleb128 0x13
 760 0560 D4040000 		.4byte	.LASF91
 761 0564 06       		.byte	0x6
 762 0565 2701     		.2byte	0x127
 763 0567 DA050000 		.4byte	0x5da
 764 056b 13       		.uleb128 0x13
 765 056c 85040000 		.4byte	.LASF92
 766 0570 06       		.byte	0x6
 767 0571 2F01     		.2byte	0x12f
 768 0573 0D010000 		.4byte	0x10d
 769 0577 00       		.byte	0
 770 0578 0A       		.uleb128 0xa
 771 0579 04       		.byte	0x4
 772 057a 26020000 		.4byte	0x226
 773 057e 06       		.uleb128 0x6
 774 057f B3040000 		.4byte	.LASF93
 775 0583 0C       		.byte	0xc
 776 0584 0A       		.byte	0xa
 777 0585 34       		.byte	0x34
 778 0586 A3050000 		.4byte	0x5a3
 779 058a 07       		.uleb128 0x7
 780 058b 65010000 		.4byte	.LASF94
 781 058f 0A       		.byte	0xa
 782 0590 35       		.byte	0x35
 783 0591 5B020000 		.4byte	0x25b
 784 0595 00       		.byte	0
 785 0596 07       		.uleb128 0x7
 786 0597 71030000 		.4byte	.LASF95
 787 059b 0A       		.byte	0xa
 788 059c 37       		.byte	0x37
 789 059d 18010000 		.4byte	0x118
 790 05a1 08       		.byte	0x8
 791 05a2 00       		.byte	0
 792 05a3 0A       		.uleb128 0xa
 793 05a4 04       		.byte	0x4
 794 05a5 7E050000 		.4byte	0x57e
 795 05a9 06       		.uleb128 0x6
 796 05aa 99050000 		.4byte	.LASF96
 797 05ae 10       		.byte	0x10
 798 05af 0B       		.byte	0xb
ARM GAS  /tmp/cchAztiG.s 			page 15


 799 05b0 39       		.byte	0x39
 800 05b1 DA050000 		.4byte	0x5da
 801 05b5 07       		.uleb128 0x7
 802 05b6 24010000 		.4byte	.LASF97
 803 05ba 0B       		.byte	0xb
 804 05bb 3A       		.byte	0x3a
 805 05bc 5B020000 		.4byte	0x25b
 806 05c0 00       		.byte	0
 807 05c1 07       		.uleb128 0x7
 808 05c2 00060000 		.4byte	.LASF98
 809 05c6 0B       		.byte	0xb
 810 05c7 3C       		.byte	0x3c
 811 05c8 31020000 		.4byte	0x231
 812 05cc 08       		.byte	0x8
 813 05cd 07       		.uleb128 0x7
 814 05ce 24050000 		.4byte	.LASF99
 815 05d2 0B       		.byte	0xb
 816 05d3 3E       		.byte	0x3e
 817 05d4 18060000 		.4byte	0x618
 818 05d8 0C       		.byte	0xc
 819 05d9 00       		.byte	0
 820 05da 0A       		.uleb128 0xa
 821 05db 04       		.byte	0x4
 822 05dc A9050000 		.4byte	0x5a9
 823 05e0 0A       		.uleb128 0xa
 824 05e1 04       		.byte	0x4
 825 05e2 ED050000 		.4byte	0x5ed
 826 05e6 03       		.uleb128 0x3
 827 05e7 01       		.byte	0x1
 828 05e8 08       		.byte	0x8
 829 05e9 0E050000 		.4byte	.LASF100
 830 05ed 14       		.uleb128 0x14
 831 05ee E6050000 		.4byte	0x5e6
 832 05f2 0A       		.uleb128 0xa
 833 05f3 04       		.byte	0x4
 834 05f4 10030000 		.4byte	0x310
 835 05f8 05       		.uleb128 0x5
 836 05f9 E0050000 		.4byte	0x5e0
 837 05fd 15       		.uleb128 0x15
 838 05fe 56040000 		.4byte	0x456
 839 0602 0D060000 		.4byte	0x60d
 840 0606 16       		.uleb128 0x16
 841 0607 44040000 		.4byte	0x444
 842 060b 1A       		.byte	0x1a
 843 060c 00       		.byte	0
 844 060d 04       		.uleb128 0x4
 845 060e 8D010000 		.4byte	.LASF101
 846 0612 0B       		.byte	0xb
 847 0613 34       		.byte	0x34
 848 0614 A9050000 		.4byte	0x5a9
 849 0618 0A       		.uleb128 0xa
 850 0619 04       		.byte	0x4
 851 061a 0D060000 		.4byte	0x60d
 852 061e 03       		.uleb128 0x3
 853 061f 01       		.byte	0x1
 854 0620 02       		.byte	0x2
 855 0621 48030000 		.4byte	.LASF102
ARM GAS  /tmp/cchAztiG.s 			page 16


 856 0625 11       		.uleb128 0x11
 857 0626 1C       		.byte	0x1c
 858 0627 0C       		.byte	0xc
 859 0628 C1       		.byte	0xc1
 860 0629 82060000 		.4byte	0x682
 861 062d 07       		.uleb128 0x7
 862 062e 2C010000 		.4byte	.LASF103
 863 0632 0C       		.byte	0xc
 864 0633 C3       		.byte	0xc3
 865 0634 B0000000 		.4byte	0xb0
 866 0638 00       		.byte	0
 867 0639 07       		.uleb128 0x7
 868 063a E8010000 		.4byte	.LASF104
 869 063e 0C       		.byte	0xc
 870 063f C5       		.byte	0xc5
 871 0640 B0000000 		.4byte	0xb0
 872 0644 04       		.byte	0x4
 873 0645 07       		.uleb128 0x7
 874 0646 E0010000 		.4byte	.LASF105
 875 064a 0C       		.byte	0xc
 876 064b C7       		.byte	0xc7
 877 064c B0000000 		.4byte	0xb0
 878 0650 08       		.byte	0x8
 879 0651 07       		.uleb128 0x7
 880 0652 AD000000 		.4byte	.LASF106
 881 0656 0C       		.byte	0xc
 882 0657 C9       		.byte	0xc9
 883 0658 B0000000 		.4byte	0xb0
 884 065c 0C       		.byte	0xc
 885 065d 10       		.uleb128 0x10
 886 065e 6F647200 		.ascii	"odr\000"
 887 0662 0C       		.byte	0xc
 888 0663 CB       		.byte	0xcb
 889 0664 B0000000 		.4byte	0xb0
 890 0668 10       		.byte	0x10
 891 0669 07       		.uleb128 0x7
 892 066a 6C030000 		.4byte	.LASF107
 893 066e 0C       		.byte	0xc
 894 066f CD       		.byte	0xcd
 895 0670 B0000000 		.4byte	0xb0
 896 0674 14       		.byte	0x14
 897 0675 07       		.uleb128 0x7
 898 0676 DF020000 		.4byte	.LASF108
 899 067a 0C       		.byte	0xc
 900 067b CF       		.byte	0xcf
 901 067c B0000000 		.4byte	0xb0
 902 0680 18       		.byte	0x18
 903 0681 00       		.byte	0
 904 0682 04       		.uleb128 0x4
 905 0683 00000000 		.4byte	.LASF109
 906 0687 0C       		.byte	0xc
 907 0688 D0       		.byte	0xd0
 908 0689 25060000 		.4byte	0x625
 909 068d 11       		.uleb128 0x11
 910 068e FC       		.byte	0xfc
 911 068f 0C       		.byte	0xc
 912 0690 D9       		.byte	0xd9
ARM GAS  /tmp/cchAztiG.s 			page 17


 913 0691 02070000 		.4byte	0x702
 914 0695 07       		.uleb128 0x7
 915 0696 7E040000 		.4byte	.LASF110
 916 069a 0C       		.byte	0xc
 917 069b DC       		.byte	0xdc
 918 069c 82060000 		.4byte	0x682
 919 06a0 00       		.byte	0
 920 06a1 07       		.uleb128 0x7
 921 06a2 95010000 		.4byte	.LASF111
 922 06a6 0C       		.byte	0xc
 923 06a7 E0       		.byte	0xe0
 924 06a8 82060000 		.4byte	0x682
 925 06ac 1C       		.byte	0x1c
 926 06ad 07       		.uleb128 0x7
 927 06ae D3050000 		.4byte	.LASF112
 928 06b2 0C       		.byte	0xc
 929 06b3 E4       		.byte	0xe4
 930 06b4 82060000 		.4byte	0x682
 931 06b8 38       		.byte	0x38
 932 06b9 07       		.uleb128 0x7
 933 06ba E4020000 		.4byte	.LASF113
 934 06be 0C       		.byte	0xc
 935 06bf E8       		.byte	0xe8
 936 06c0 82060000 		.4byte	0x682
 937 06c4 54       		.byte	0x54
 938 06c5 07       		.uleb128 0x7
 939 06c6 45010000 		.4byte	.LASF114
 940 06ca 0C       		.byte	0xc
 941 06cb EC       		.byte	0xec
 942 06cc 82060000 		.4byte	0x682
 943 06d0 70       		.byte	0x70
 944 06d1 07       		.uleb128 0x7
 945 06d2 02020000 		.4byte	.LASF115
 946 06d6 0C       		.byte	0xc
 947 06d7 F0       		.byte	0xf0
 948 06d8 82060000 		.4byte	0x682
 949 06dc 8C       		.byte	0x8c
 950 06dd 07       		.uleb128 0x7
 951 06de 51020000 		.4byte	.LASF116
 952 06e2 0C       		.byte	0xc
 953 06e3 F4       		.byte	0xf4
 954 06e4 82060000 		.4byte	0x682
 955 06e8 A8       		.byte	0xa8
 956 06e9 07       		.uleb128 0x7
 957 06ea 8F000000 		.4byte	.LASF117
 958 06ee 0C       		.byte	0xc
 959 06ef F8       		.byte	0xf8
 960 06f0 82060000 		.4byte	0x682
 961 06f4 C4       		.byte	0xc4
 962 06f5 07       		.uleb128 0x7
 963 06f6 9B040000 		.4byte	.LASF118
 964 06fa 0C       		.byte	0xc
 965 06fb FC       		.byte	0xfc
 966 06fc 82060000 		.4byte	0x682
 967 0700 E0       		.byte	0xe0
 968 0701 00       		.byte	0
 969 0702 04       		.uleb128 0x4
ARM GAS  /tmp/cchAztiG.s 			page 18


 970 0703 F6050000 		.4byte	.LASF119
 971 0707 0C       		.byte	0xc
 972 0708 FE       		.byte	0xfe
 973 0709 8D060000 		.4byte	0x68d
 974 070d 17       		.uleb128 0x17
 975 070e 27030000 		.4byte	.LASF133
 976 0712 16       		.byte	0x16
 977 0713 9301     		.2byte	0x193
 978 0715 03       		.byte	0x3
 979 0716 18       		.uleb128 0x18
 980 0717 D8010000 		.4byte	.LASF134
 981 071b 01       		.byte	0x1
 982 071c 38       		.byte	0x38
 983 071d 00000000 		.4byte	.LFB258
 984 0721 30000000 		.4byte	.LFE258-.LFB258
 985 0725 01       		.uleb128 0x1
 986 0726 9C       		.byte	0x9c
 987 0727 7D070000 		.4byte	0x77d
 988 072b 19       		.uleb128 0x19
 989 072c 06000000 		.4byte	.LVL0
 990 0730 A5070000 		.4byte	0x7a5
 991 0734 19       		.uleb128 0x19
 992 0735 0C000000 		.4byte	.LVL1
 993 0739 B1070000 		.4byte	0x7b1
 994 073d 19       		.uleb128 0x19
 995 073e 10000000 		.4byte	.LVL2
 996 0742 BD070000 		.4byte	0x7bd
 997 0746 19       		.uleb128 0x19
 998 0747 14000000 		.4byte	.LVL3
 999 074b C9070000 		.4byte	0x7c9
 1000 074f 19       		.uleb128 0x19
 1001 0750 18000000 		.4byte	.LVL4
 1002 0754 D5070000 		.4byte	0x7d5
 1003 0758 19       		.uleb128 0x19
 1004 0759 1C000000 		.4byte	.LVL5
 1005 075d E1070000 		.4byte	0x7e1
 1006 0761 19       		.uleb128 0x19
 1007 0762 20000000 		.4byte	.LVL6
 1008 0766 ED070000 		.4byte	0x7ed
 1009 076a 19       		.uleb128 0x19
 1010 076b 24000000 		.4byte	.LVL7
 1011 076f F8070000 		.4byte	0x7f8
 1012 0773 1A       		.uleb128 0x1a
 1013 0774 2C000000 		.4byte	.LVL8
 1014 0778 04080000 		.4byte	0x804
 1015 077c 00       		.byte	0
 1016 077d 1B       		.uleb128 0x1b
 1017 077e DD000000 		.4byte	.LASF120
 1018 0782 0D       		.byte	0xd
 1019 0783 A706     		.2byte	0x6a7
 1020 0785 C6000000 		.4byte	0xc6
 1021 0789 1C       		.uleb128 0x1c
 1022 078a 636800   		.ascii	"ch\000"
 1023 078d 06       		.byte	0x6
 1024 078e 0902     		.2byte	0x209
 1025 0790 DD030000 		.4byte	0x3dd
 1026 0794 1B       		.uleb128 0x1b
ARM GAS  /tmp/cchAztiG.s 			page 19


 1027 0795 08060000 		.4byte	.LASF121
 1028 0799 0C       		.byte	0xc
 1029 079a DA01     		.2byte	0x1da
 1030 079c A0070000 		.4byte	0x7a0
 1031 07a0 14       		.uleb128 0x14
 1032 07a1 02070000 		.4byte	0x702
 1033 07a5 1D       		.uleb128 0x1d
 1034 07a6 6D050000 		.4byte	.LASF122
 1035 07aa 6D050000 		.4byte	.LASF122
 1036 07ae 0E       		.byte	0xe
 1037 07af C905     		.2byte	0x5c9
 1038 07b1 1D       		.uleb128 0x1d
 1039 07b2 A9050000 		.4byte	.LASF123
 1040 07b6 A9050000 		.4byte	.LASF123
 1041 07ba 0C       		.byte	0xc
 1042 07bb DF01     		.2byte	0x1df
 1043 07bd 1D       		.uleb128 0x1d
 1044 07be 55010000 		.4byte	.LASF124
 1045 07c2 55010000 		.4byte	.LASF124
 1046 07c6 0F       		.byte	0xf
 1047 07c7 1F01     		.2byte	0x11f
 1048 07c9 1D       		.uleb128 0x1d
 1049 07ca EF050000 		.4byte	.LASF125
 1050 07ce EF050000 		.4byte	.LASF125
 1051 07d2 10       		.byte	0x10
 1052 07d3 2601     		.2byte	0x126
 1053 07d5 1D       		.uleb128 0x1d
 1054 07d6 63020000 		.4byte	.LASF126
 1055 07da 63020000 		.4byte	.LASF126
 1056 07de 11       		.byte	0x11
 1057 07df 0601     		.2byte	0x106
 1058 07e1 1D       		.uleb128 0x1d
 1059 07e2 13050000 		.4byte	.LASF127
 1060 07e6 13050000 		.4byte	.LASF127
 1061 07ea 12       		.byte	0x12
 1062 07eb 3502     		.2byte	0x235
 1063 07ed 1E       		.uleb128 0x1e
 1064 07ee 64030000 		.4byte	.LASF128
 1065 07f2 64030000 		.4byte	.LASF128
 1066 07f6 13       		.byte	0x13
 1067 07f7 F6       		.byte	0xf6
 1068 07f8 1D       		.uleb128 0x1d
 1069 07f9 93030000 		.4byte	.LASF129
 1070 07fd 93030000 		.4byte	.LASF129
 1071 0801 14       		.byte	0x14
 1072 0802 0A05     		.2byte	0x50a
 1073 0804 1E       		.uleb128 0x1e
 1074 0805 20000000 		.4byte	.LASF130
 1075 0809 20000000 		.4byte	.LASF130
 1076 080d 15       		.byte	0x15
 1077 080e 56       		.byte	0x56
 1078 080f 00       		.byte	0
 1079              		.section	.debug_abbrev,"",%progbits
 1080              	.Ldebug_abbrev0:
 1081 0000 01       		.uleb128 0x1
 1082 0001 11       		.uleb128 0x11
 1083 0002 01       		.byte	0x1
ARM GAS  /tmp/cchAztiG.s 			page 20


 1084 0003 25       		.uleb128 0x25
 1085 0004 0E       		.uleb128 0xe
 1086 0005 13       		.uleb128 0x13
 1087 0006 0B       		.uleb128 0xb
 1088 0007 03       		.uleb128 0x3
 1089 0008 0E       		.uleb128 0xe
 1090 0009 55       		.uleb128 0x55
 1091 000a 17       		.uleb128 0x17
 1092 000b 11       		.uleb128 0x11
 1093 000c 01       		.uleb128 0x1
 1094 000d 10       		.uleb128 0x10
 1095 000e 17       		.uleb128 0x17
 1096 000f 00       		.byte	0
 1097 0010 00       		.byte	0
 1098 0011 02       		.uleb128 0x2
 1099 0012 24       		.uleb128 0x24
 1100 0013 00       		.byte	0
 1101 0014 0B       		.uleb128 0xb
 1102 0015 0B       		.uleb128 0xb
 1103 0016 3E       		.uleb128 0x3e
 1104 0017 0B       		.uleb128 0xb
 1105 0018 03       		.uleb128 0x3
 1106 0019 08       		.uleb128 0x8
 1107 001a 00       		.byte	0
 1108 001b 00       		.byte	0
 1109 001c 03       		.uleb128 0x3
 1110 001d 24       		.uleb128 0x24
 1111 001e 00       		.byte	0
 1112 001f 0B       		.uleb128 0xb
 1113 0020 0B       		.uleb128 0xb
 1114 0021 3E       		.uleb128 0x3e
 1115 0022 0B       		.uleb128 0xb
 1116 0023 03       		.uleb128 0x3
 1117 0024 0E       		.uleb128 0xe
 1118 0025 00       		.byte	0
 1119 0026 00       		.byte	0
 1120 0027 04       		.uleb128 0x4
 1121 0028 16       		.uleb128 0x16
 1122 0029 00       		.byte	0
 1123 002a 03       		.uleb128 0x3
 1124 002b 0E       		.uleb128 0xe
 1125 002c 3A       		.uleb128 0x3a
 1126 002d 0B       		.uleb128 0xb
 1127 002e 3B       		.uleb128 0x3b
 1128 002f 0B       		.uleb128 0xb
 1129 0030 49       		.uleb128 0x49
 1130 0031 13       		.uleb128 0x13
 1131 0032 00       		.byte	0
 1132 0033 00       		.byte	0
 1133 0034 05       		.uleb128 0x5
 1134 0035 35       		.uleb128 0x35
 1135 0036 00       		.byte	0
 1136 0037 49       		.uleb128 0x49
 1137 0038 13       		.uleb128 0x13
 1138 0039 00       		.byte	0
 1139 003a 00       		.byte	0
 1140 003b 06       		.uleb128 0x6
ARM GAS  /tmp/cchAztiG.s 			page 21


 1141 003c 13       		.uleb128 0x13
 1142 003d 01       		.byte	0x1
 1143 003e 03       		.uleb128 0x3
 1144 003f 0E       		.uleb128 0xe
 1145 0040 0B       		.uleb128 0xb
 1146 0041 0B       		.uleb128 0xb
 1147 0042 3A       		.uleb128 0x3a
 1148 0043 0B       		.uleb128 0xb
 1149 0044 3B       		.uleb128 0x3b
 1150 0045 0B       		.uleb128 0xb
 1151 0046 01       		.uleb128 0x1
 1152 0047 13       		.uleb128 0x13
 1153 0048 00       		.byte	0
 1154 0049 00       		.byte	0
 1155 004a 07       		.uleb128 0x7
 1156 004b 0D       		.uleb128 0xd
 1157 004c 00       		.byte	0
 1158 004d 03       		.uleb128 0x3
 1159 004e 0E       		.uleb128 0xe
 1160 004f 3A       		.uleb128 0x3a
 1161 0050 0B       		.uleb128 0xb
 1162 0051 3B       		.uleb128 0x3b
 1163 0052 0B       		.uleb128 0xb
 1164 0053 49       		.uleb128 0x49
 1165 0054 13       		.uleb128 0x13
 1166 0055 38       		.uleb128 0x38
 1167 0056 0B       		.uleb128 0xb
 1168 0057 00       		.byte	0
 1169 0058 00       		.byte	0
 1170 0059 08       		.uleb128 0x8
 1171 005a 0D       		.uleb128 0xd
 1172 005b 00       		.byte	0
 1173 005c 03       		.uleb128 0x3
 1174 005d 08       		.uleb128 0x8
 1175 005e 3A       		.uleb128 0x3a
 1176 005f 0B       		.uleb128 0xb
 1177 0060 3B       		.uleb128 0x3b
 1178 0061 05       		.uleb128 0x5
 1179 0062 49       		.uleb128 0x49
 1180 0063 13       		.uleb128 0x13
 1181 0064 38       		.uleb128 0x38
 1182 0065 0B       		.uleb128 0xb
 1183 0066 00       		.byte	0
 1184 0067 00       		.byte	0
 1185 0068 09       		.uleb128 0x9
 1186 0069 0D       		.uleb128 0xd
 1187 006a 00       		.byte	0
 1188 006b 03       		.uleb128 0x3
 1189 006c 0E       		.uleb128 0xe
 1190 006d 3A       		.uleb128 0x3a
 1191 006e 0B       		.uleb128 0xb
 1192 006f 3B       		.uleb128 0x3b
 1193 0070 05       		.uleb128 0x5
 1194 0071 49       		.uleb128 0x49
 1195 0072 13       		.uleb128 0x13
 1196 0073 38       		.uleb128 0x38
 1197 0074 0B       		.uleb128 0xb
ARM GAS  /tmp/cchAztiG.s 			page 22


 1198 0075 00       		.byte	0
 1199 0076 00       		.byte	0
 1200 0077 0A       		.uleb128 0xa
 1201 0078 0F       		.uleb128 0xf
 1202 0079 00       		.byte	0
 1203 007a 0B       		.uleb128 0xb
 1204 007b 0B       		.uleb128 0xb
 1205 007c 49       		.uleb128 0x49
 1206 007d 13       		.uleb128 0x13
 1207 007e 00       		.byte	0
 1208 007f 00       		.byte	0
 1209 0080 0B       		.uleb128 0xb
 1210 0081 13       		.uleb128 0x13
 1211 0082 01       		.byte	0x1
 1212 0083 03       		.uleb128 0x3
 1213 0084 0E       		.uleb128 0xe
 1214 0085 0B       		.uleb128 0xb
 1215 0086 0B       		.uleb128 0xb
 1216 0087 3A       		.uleb128 0x3a
 1217 0088 0B       		.uleb128 0xb
 1218 0089 3B       		.uleb128 0x3b
 1219 008a 05       		.uleb128 0x5
 1220 008b 01       		.uleb128 0x1
 1221 008c 13       		.uleb128 0x13
 1222 008d 00       		.byte	0
 1223 008e 00       		.byte	0
 1224 008f 0C       		.uleb128 0xc
 1225 0090 15       		.uleb128 0x15
 1226 0091 01       		.byte	0x1
 1227 0092 27       		.uleb128 0x27
 1228 0093 19       		.uleb128 0x19
 1229 0094 01       		.uleb128 0x1
 1230 0095 13       		.uleb128 0x13
 1231 0096 00       		.byte	0
 1232 0097 00       		.byte	0
 1233 0098 0D       		.uleb128 0xd
 1234 0099 05       		.uleb128 0x5
 1235 009a 00       		.byte	0
 1236 009b 49       		.uleb128 0x49
 1237 009c 13       		.uleb128 0x13
 1238 009d 00       		.byte	0
 1239 009e 00       		.byte	0
 1240 009f 0E       		.uleb128 0xe
 1241 00a0 0F       		.uleb128 0xf
 1242 00a1 00       		.byte	0
 1243 00a2 0B       		.uleb128 0xb
 1244 00a3 0B       		.uleb128 0xb
 1245 00a4 00       		.byte	0
 1246 00a5 00       		.byte	0
 1247 00a6 0F       		.uleb128 0xf
 1248 00a7 13       		.uleb128 0x13
 1249 00a8 01       		.byte	0x1
 1250 00a9 03       		.uleb128 0x3
 1251 00aa 0E       		.uleb128 0xe
 1252 00ab 0B       		.uleb128 0xb
 1253 00ac 05       		.uleb128 0x5
 1254 00ad 3A       		.uleb128 0x3a
ARM GAS  /tmp/cchAztiG.s 			page 23


 1255 00ae 0B       		.uleb128 0xb
 1256 00af 3B       		.uleb128 0x3b
 1257 00b0 05       		.uleb128 0x5
 1258 00b1 01       		.uleb128 0x1
 1259 00b2 13       		.uleb128 0x13
 1260 00b3 00       		.byte	0
 1261 00b4 00       		.byte	0
 1262 00b5 10       		.uleb128 0x10
 1263 00b6 0D       		.uleb128 0xd
 1264 00b7 00       		.byte	0
 1265 00b8 03       		.uleb128 0x3
 1266 00b9 08       		.uleb128 0x8
 1267 00ba 3A       		.uleb128 0x3a
 1268 00bb 0B       		.uleb128 0xb
 1269 00bc 3B       		.uleb128 0x3b
 1270 00bd 0B       		.uleb128 0xb
 1271 00be 49       		.uleb128 0x49
 1272 00bf 13       		.uleb128 0x13
 1273 00c0 38       		.uleb128 0x38
 1274 00c1 0B       		.uleb128 0xb
 1275 00c2 00       		.byte	0
 1276 00c3 00       		.byte	0
 1277 00c4 11       		.uleb128 0x11
 1278 00c5 13       		.uleb128 0x13
 1279 00c6 01       		.byte	0x1
 1280 00c7 0B       		.uleb128 0xb
 1281 00c8 0B       		.uleb128 0xb
 1282 00c9 3A       		.uleb128 0x3a
 1283 00ca 0B       		.uleb128 0xb
 1284 00cb 3B       		.uleb128 0x3b
 1285 00cc 0B       		.uleb128 0xb
 1286 00cd 01       		.uleb128 0x1
 1287 00ce 13       		.uleb128 0x13
 1288 00cf 00       		.byte	0
 1289 00d0 00       		.byte	0
 1290 00d1 12       		.uleb128 0x12
 1291 00d2 17       		.uleb128 0x17
 1292 00d3 01       		.byte	0x1
 1293 00d4 0B       		.uleb128 0xb
 1294 00d5 0B       		.uleb128 0xb
 1295 00d6 3A       		.uleb128 0x3a
 1296 00d7 0B       		.uleb128 0xb
 1297 00d8 3B       		.uleb128 0x3b
 1298 00d9 0B       		.uleb128 0xb
 1299 00da 01       		.uleb128 0x1
 1300 00db 13       		.uleb128 0x13
 1301 00dc 00       		.byte	0
 1302 00dd 00       		.byte	0
 1303 00de 13       		.uleb128 0x13
 1304 00df 0D       		.uleb128 0xd
 1305 00e0 00       		.byte	0
 1306 00e1 03       		.uleb128 0x3
 1307 00e2 0E       		.uleb128 0xe
 1308 00e3 3A       		.uleb128 0x3a
 1309 00e4 0B       		.uleb128 0xb
 1310 00e5 3B       		.uleb128 0x3b
 1311 00e6 05       		.uleb128 0x5
ARM GAS  /tmp/cchAztiG.s 			page 24


 1312 00e7 49       		.uleb128 0x49
 1313 00e8 13       		.uleb128 0x13
 1314 00e9 00       		.byte	0
 1315 00ea 00       		.byte	0
 1316 00eb 14       		.uleb128 0x14
 1317 00ec 26       		.uleb128 0x26
 1318 00ed 00       		.byte	0
 1319 00ee 49       		.uleb128 0x49
 1320 00ef 13       		.uleb128 0x13
 1321 00f0 00       		.byte	0
 1322 00f1 00       		.byte	0
 1323 00f2 15       		.uleb128 0x15
 1324 00f3 01       		.uleb128 0x1
 1325 00f4 01       		.byte	0x1
 1326 00f5 49       		.uleb128 0x49
 1327 00f6 13       		.uleb128 0x13
 1328 00f7 01       		.uleb128 0x1
 1329 00f8 13       		.uleb128 0x13
 1330 00f9 00       		.byte	0
 1331 00fa 00       		.byte	0
 1332 00fb 16       		.uleb128 0x16
 1333 00fc 21       		.uleb128 0x21
 1334 00fd 00       		.byte	0
 1335 00fe 49       		.uleb128 0x49
 1336 00ff 13       		.uleb128 0x13
 1337 0100 2F       		.uleb128 0x2f
 1338 0101 0B       		.uleb128 0xb
 1339 0102 00       		.byte	0
 1340 0103 00       		.byte	0
 1341 0104 17       		.uleb128 0x17
 1342 0105 2E       		.uleb128 0x2e
 1343 0106 00       		.byte	0
 1344 0107 03       		.uleb128 0x3
 1345 0108 0E       		.uleb128 0xe
 1346 0109 3A       		.uleb128 0x3a
 1347 010a 0B       		.uleb128 0xb
 1348 010b 3B       		.uleb128 0x3b
 1349 010c 05       		.uleb128 0x5
 1350 010d 27       		.uleb128 0x27
 1351 010e 19       		.uleb128 0x19
 1352 010f 20       		.uleb128 0x20
 1353 0110 0B       		.uleb128 0xb
 1354 0111 00       		.byte	0
 1355 0112 00       		.byte	0
 1356 0113 18       		.uleb128 0x18
 1357 0114 2E       		.uleb128 0x2e
 1358 0115 01       		.byte	0x1
 1359 0116 3F       		.uleb128 0x3f
 1360 0117 19       		.uleb128 0x19
 1361 0118 03       		.uleb128 0x3
 1362 0119 0E       		.uleb128 0xe
 1363 011a 3A       		.uleb128 0x3a
 1364 011b 0B       		.uleb128 0xb
 1365 011c 3B       		.uleb128 0x3b
 1366 011d 0B       		.uleb128 0xb
 1367 011e 27       		.uleb128 0x27
 1368 011f 19       		.uleb128 0x19
ARM GAS  /tmp/cchAztiG.s 			page 25


 1369 0120 11       		.uleb128 0x11
 1370 0121 01       		.uleb128 0x1
 1371 0122 12       		.uleb128 0x12
 1372 0123 06       		.uleb128 0x6
 1373 0124 40       		.uleb128 0x40
 1374 0125 18       		.uleb128 0x18
 1375 0126 9742     		.uleb128 0x2117
 1376 0128 19       		.uleb128 0x19
 1377 0129 01       		.uleb128 0x1
 1378 012a 13       		.uleb128 0x13
 1379 012b 00       		.byte	0
 1380 012c 00       		.byte	0
 1381 012d 19       		.uleb128 0x19
 1382 012e 898201   		.uleb128 0x4109
 1383 0131 00       		.byte	0
 1384 0132 11       		.uleb128 0x11
 1385 0133 01       		.uleb128 0x1
 1386 0134 31       		.uleb128 0x31
 1387 0135 13       		.uleb128 0x13
 1388 0136 00       		.byte	0
 1389 0137 00       		.byte	0
 1390 0138 1A       		.uleb128 0x1a
 1391 0139 898201   		.uleb128 0x4109
 1392 013c 00       		.byte	0
 1393 013d 11       		.uleb128 0x11
 1394 013e 01       		.uleb128 0x1
 1395 013f 9542     		.uleb128 0x2115
 1396 0141 19       		.uleb128 0x19
 1397 0142 31       		.uleb128 0x31
 1398 0143 13       		.uleb128 0x13
 1399 0144 00       		.byte	0
 1400 0145 00       		.byte	0
 1401 0146 1B       		.uleb128 0x1b
 1402 0147 34       		.uleb128 0x34
 1403 0148 00       		.byte	0
 1404 0149 03       		.uleb128 0x3
 1405 014a 0E       		.uleb128 0xe
 1406 014b 3A       		.uleb128 0x3a
 1407 014c 0B       		.uleb128 0xb
 1408 014d 3B       		.uleb128 0x3b
 1409 014e 05       		.uleb128 0x5
 1410 014f 49       		.uleb128 0x49
 1411 0150 13       		.uleb128 0x13
 1412 0151 3F       		.uleb128 0x3f
 1413 0152 19       		.uleb128 0x19
 1414 0153 3C       		.uleb128 0x3c
 1415 0154 19       		.uleb128 0x19
 1416 0155 00       		.byte	0
 1417 0156 00       		.byte	0
 1418 0157 1C       		.uleb128 0x1c
 1419 0158 34       		.uleb128 0x34
 1420 0159 00       		.byte	0
 1421 015a 03       		.uleb128 0x3
 1422 015b 08       		.uleb128 0x8
 1423 015c 3A       		.uleb128 0x3a
 1424 015d 0B       		.uleb128 0xb
 1425 015e 3B       		.uleb128 0x3b
ARM GAS  /tmp/cchAztiG.s 			page 26


 1426 015f 05       		.uleb128 0x5
 1427 0160 49       		.uleb128 0x49
 1428 0161 13       		.uleb128 0x13
 1429 0162 3F       		.uleb128 0x3f
 1430 0163 19       		.uleb128 0x19
 1431 0164 3C       		.uleb128 0x3c
 1432 0165 19       		.uleb128 0x19
 1433 0166 00       		.byte	0
 1434 0167 00       		.byte	0
 1435 0168 1D       		.uleb128 0x1d
 1436 0169 2E       		.uleb128 0x2e
 1437 016a 00       		.byte	0
 1438 016b 3F       		.uleb128 0x3f
 1439 016c 19       		.uleb128 0x19
 1440 016d 3C       		.uleb128 0x3c
 1441 016e 19       		.uleb128 0x19
 1442 016f 6E       		.uleb128 0x6e
 1443 0170 0E       		.uleb128 0xe
 1444 0171 03       		.uleb128 0x3
 1445 0172 0E       		.uleb128 0xe
 1446 0173 3A       		.uleb128 0x3a
 1447 0174 0B       		.uleb128 0xb
 1448 0175 3B       		.uleb128 0x3b
 1449 0176 05       		.uleb128 0x5
 1450 0177 00       		.byte	0
 1451 0178 00       		.byte	0
 1452 0179 1E       		.uleb128 0x1e
 1453 017a 2E       		.uleb128 0x2e
 1454 017b 00       		.byte	0
 1455 017c 3F       		.uleb128 0x3f
 1456 017d 19       		.uleb128 0x19
 1457 017e 3C       		.uleb128 0x3c
 1458 017f 19       		.uleb128 0x19
 1459 0180 6E       		.uleb128 0x6e
 1460 0181 0E       		.uleb128 0xe
 1461 0182 03       		.uleb128 0x3
 1462 0183 0E       		.uleb128 0xe
 1463 0184 3A       		.uleb128 0x3a
 1464 0185 0B       		.uleb128 0xb
 1465 0186 3B       		.uleb128 0x3b
 1466 0187 0B       		.uleb128 0xb
 1467 0188 00       		.byte	0
 1468 0189 00       		.byte	0
 1469 018a 00       		.byte	0
 1470              		.section	.debug_aranges,"",%progbits
 1471 0000 1C000000 		.4byte	0x1c
 1472 0004 0200     		.2byte	0x2
 1473 0006 00000000 		.4byte	.Ldebug_info0
 1474 000a 04       		.byte	0x4
 1475 000b 00       		.byte	0
 1476 000c 0000     		.2byte	0
 1477 000e 0000     		.2byte	0
 1478 0010 00000000 		.4byte	.LFB258
 1479 0014 30000000 		.4byte	.LFE258-.LFB258
 1480 0018 00000000 		.4byte	0
 1481 001c 00000000 		.4byte	0
 1482              		.section	.debug_ranges,"",%progbits
ARM GAS  /tmp/cchAztiG.s 			page 27


 1483              	.Ldebug_ranges0:
 1484 0000 00000000 		.4byte	.LFB258
 1485 0004 30000000 		.4byte	.LFE258
 1486 0008 00000000 		.4byte	0
 1487 000c 00000000 		.4byte	0
 1488              		.section	.debug_line,"",%progbits
 1489              	.Ldebug_line0:
 1490 0000 7B030000 		.section	.debug_str,"MS",%progbits,1
 1490      02005603 
 1490      00000201 
 1490      FB0E0D00 
 1490      01010101 
 1491              	.LASF109:
 1492 0000 73746D33 		.ascii	"stm32_gpio_setup_t\000"
 1492      325F6770 
 1492      696F5F73 
 1492      65747570 
 1492      5F7400
 1493              	.LASF51:
 1494 0013 72656164 		.ascii	"ready_list_t\000"
 1494      795F6C69 
 1494      73745F74 
 1494      00
 1495              	.LASF130:
 1496 0020 7374496E 		.ascii	"stInit\000"
 1496      697400
 1497              	.LASF89:
 1498 0027 77747472 		.ascii	"wttrp\000"
 1498      7000
 1499              	.LASF86:
 1500 002d 7264796D 		.ascii	"rdymsg\000"
 1500      736700
 1501              	.LASF17:
 1502 0034 75696E74 		.ascii	"uint64_t\000"
 1502      36345F74 
 1502      00
 1503              	.LASF7:
 1504 003d 5F5F7569 		.ascii	"__uint8_t\000"
 1504      6E74385F 
 1504      7400
 1505              	.LASF83:
 1506 0047 706F7274 		.ascii	"port_intctx\000"
 1506      5F696E74 
 1506      63747800 
 1507              	.LASF70:
 1508 0053 73797374 		.ascii	"system_debug_t\000"
 1508      656D5F64 
 1508      65627567 
 1508      5F7400
 1509              	.LASF132:
 1510 0062 2F686F6D 		.ascii	"/home/selim/working/ChibiOS/os/hal/src/hal.c\000"
 1510      652F7365 
 1510      6C696D2F 
 1510      776F726B 
 1510      696E672F 
 1511              	.LASF117:
 1512 008f 50484461 		.ascii	"PHData\000"
ARM GAS  /tmp/cchAztiG.s 			page 28


 1512      746100
 1513              	.LASF13:
 1514 0096 6C6F6E67 		.ascii	"long long unsigned int\000"
 1514      206C6F6E 
 1514      6720756E 
 1514      7369676E 
 1514      65642069 
 1515              	.LASF106:
 1516 00ad 70757064 		.ascii	"pupdr\000"
 1516      7200
 1517              	.LASF87:
 1518 00b3 65786974 		.ascii	"exitcode\000"
 1518      636F6465 
 1518      00
 1519              	.LASF77:
 1520 00bc 6D61696E 		.ascii	"mainthread\000"
 1520      74687265 
 1520      616400
 1521              	.LASF67:
 1522 00c7 76697274 		.ascii	"virtual_timers_list_t\000"
 1522      75616C5F 
 1522      74696D65 
 1522      72735F6C 
 1522      6973745F 
 1523              	.LASF120:
 1524 00dd 49544D5F 		.ascii	"ITM_RxBuffer\000"
 1524      52784275 
 1524      66666572 
 1524      00
 1525              	.LASF50:
 1526 00ea 63685F74 		.ascii	"ch_threads_queue\000"
 1526      68726561 
 1526      64735F71 
 1526      75657565 
 1526      00
 1527              	.LASF30:
 1528 00fb 705F7072 		.ascii	"p_prio\000"
 1528      696F00
 1529              	.LASF1:
 1530 0102 6C6F6E67 		.ascii	"long long int\000"
 1530      206C6F6E 
 1530      6720696E 
 1530      7400
 1531              	.LASF3:
 1532 0110 7369676E 		.ascii	"signed char\000"
 1532      65642063 
 1532      68617200 
 1533              	.LASF44:
 1534 011c 705F6D70 		.ascii	"p_mpool\000"
 1534      6F6F6C00 
 1535              	.LASF97:
 1536 0124 6D5F7175 		.ascii	"m_queue\000"
 1536      65756500 
 1537              	.LASF103:
 1538 012c 6D6F6465 		.ascii	"moder\000"
 1538      7200
 1539              	.LASF74:
ARM GAS  /tmp/cchAztiG.s 			page 29


 1540 0132 63685F73 		.ascii	"ch_system\000"
 1540      79737465 
 1540      6D00
 1541              	.LASF9:
 1542 013c 6C6F6E67 		.ascii	"long int\000"
 1542      20696E74 
 1542      00
 1543              	.LASF114:
 1544 0145 50454461 		.ascii	"PEData\000"
 1544      746100
 1545              	.LASF20:
 1546 014c 74737461 		.ascii	"tstate_t\000"
 1546      74655F74 
 1546      00
 1547              	.LASF124:
 1548 0155 70776D49 		.ascii	"pwmInit\000"
 1548      6E697400 
 1549              	.LASF32:
 1550 015d 705F6E65 		.ascii	"p_newer\000"
 1550      77657200 
 1551              	.LASF94:
 1552 0165 735F7175 		.ascii	"s_queue\000"
 1552      65756500 
 1553              	.LASF56:
 1554 016d 725F6E65 		.ascii	"r_newer\000"
 1554      77657200 
 1555              	.LASF80:
 1556 0175 72656761 		.ascii	"regarm_t\000"
 1556      726D5F74 
 1556      00
 1557              	.LASF63:
 1558 017e 76745F70 		.ascii	"vt_prev\000"
 1558      72657600 
 1559              	.LASF76:
 1560 0186 76746C69 		.ascii	"vtlist\000"
 1560      737400
 1561              	.LASF101:
 1562 018d 6D757465 		.ascii	"mutex_t\000"
 1562      785F7400 
 1563              	.LASF111:
 1564 0195 50424461 		.ascii	"PBData\000"
 1564      746100
 1565              	.LASF78:
 1566 019c 69646C65 		.ascii	"idle_thread_wa\000"
 1566      5F746872 
 1566      6561645F 
 1566      776100
 1567              	.LASF25:
 1568 01ab 636E745F 		.ascii	"cnt_t\000"
 1568      7400
 1569              	.LASF0:
 1570 01b1 756E7369 		.ascii	"unsigned int\000"
 1570      676E6564 
 1570      20696E74 
 1570      00
 1571              	.LASF62:
 1572 01be 76745F6E 		.ascii	"vt_next\000"
ARM GAS  /tmp/cchAztiG.s 			page 30


 1572      65787400 
 1573              	.LASF90:
 1574 01c6 77747365 		.ascii	"wtsemp\000"
 1574      6D7000
 1575              	.LASF39:
 1576 01cd 705F6D73 		.ascii	"p_msgqueue\000"
 1576      67717565 
 1576      756500
 1577              	.LASF134:
 1578 01d8 68616C49 		.ascii	"halInit\000"
 1578      6E697400 
 1579              	.LASF105:
 1580 01e0 6F737065 		.ascii	"ospeedr\000"
 1580      65647200 
 1581              	.LASF104:
 1582 01e8 6F747970 		.ascii	"otyper\000"
 1582      657200
 1583              	.LASF6:
 1584 01ef 73686F72 		.ascii	"short unsigned int\000"
 1584      7420756E 
 1584      7369676E 
 1584      65642069 
 1584      6E7400
 1585              	.LASF115:
 1586 0202 50464461 		.ascii	"PFData\000"
 1586      746100
 1587              	.LASF47:
 1588 0209 63685F74 		.ascii	"ch_thread\000"
 1588      68726561 
 1588      6400
 1589              	.LASF23:
 1590 0213 6D73675F 		.ascii	"msg_t\000"
 1590      7400
 1591              	.LASF73:
 1592 0219 63685F73 		.ascii	"ch_system_t\000"
 1592      79737465 
 1592      6D5F7400 
 1593              	.LASF19:
 1594 0225 746D6F64 		.ascii	"tmode_t\000"
 1594      655F7400 
 1595              	.LASF52:
 1596 022d 63685F72 		.ascii	"ch_ready_list\000"
 1596      65616479 
 1596      5F6C6973 
 1596      7400
 1597              	.LASF24:
 1598 023b 6576656E 		.ascii	"eventmask_t\000"
 1598      746D6173 
 1598      6B5F7400 
 1599              	.LASF8:
 1600 0247 5F5F696E 		.ascii	"__int32_t\000"
 1600      7433325F 
 1600      7400
 1601              	.LASF116:
 1602 0251 50474461 		.ascii	"PGData\000"
 1602      746100
 1603              	.LASF81:
ARM GAS  /tmp/cchAztiG.s 			page 31


 1604 0258 73746B61 		.ascii	"stkalign_t\000"
 1604      6C69676E 
 1604      5F7400
 1605              	.LASF126:
 1606 0263 73706949 		.ascii	"spiInit\000"
 1606      6E697400 
 1607              	.LASF38:
 1608 026b 705F7761 		.ascii	"p_waiting\000"
 1608      6974696E 
 1608      6700
 1609              	.LASF79:
 1610 0275 73697A65 		.ascii	"sizetype\000"
 1610      74797065 
 1610      00
 1611              	.LASF45:
 1612 027e 74687265 		.ascii	"thread_reference_t\000"
 1612      61645F72 
 1612      65666572 
 1612      656E6365 
 1612      5F7400
 1613              	.LASF68:
 1614 0291 63685F76 		.ascii	"ch_virtual_timers_list\000"
 1614      69727475 
 1614      616C5F74 
 1614      696D6572 
 1614      735F6C69 
 1615              	.LASF2:
 1616 02a8 6C6F6E67 		.ascii	"long double\000"
 1616      20646F75 
 1616      626C6500 
 1617              	.LASF69:
 1618 02b4 76745F6C 		.ascii	"vt_lasttime\000"
 1618      61737474 
 1618      696D6500 
 1619              	.LASF33:
 1620 02c0 705F6F6C 		.ascii	"p_older\000"
 1620      64657200 
 1621              	.LASF55:
 1622 02c8 725F6374 		.ascii	"r_ctx\000"
 1622      7800
 1623              	.LASF85:
 1624 02ce 746D5F63 		.ascii	"tm_calibration_t\000"
 1624      616C6962 
 1624      72617469 
 1624      6F6E5F74 
 1624      00
 1625              	.LASF108:
 1626 02df 61667268 		.ascii	"afrh\000"
 1626      00
 1627              	.LASF113:
 1628 02e4 50444461 		.ascii	"PDData\000"
 1628      746100
 1629              	.LASF58:
 1630 02eb 725F6375 		.ascii	"r_current\000"
 1630      7272656E 
 1630      7400
 1631              	.LASF57:
ARM GAS  /tmp/cchAztiG.s 			page 32


 1632 02f5 725F6F6C 		.ascii	"r_older\000"
 1632      64657200 
 1633              	.LASF12:
 1634 02fd 5F5F7569 		.ascii	"__uint64_t\000"
 1634      6E743634 
 1634      5F7400
 1635              	.LASF21:
 1636 0308 74726566 		.ascii	"trefs_t\000"
 1636      735F7400 
 1637              	.LASF60:
 1638 0310 76697274 		.ascii	"virtual_timer_t\000"
 1638      75616C5F 
 1638      74696D65 
 1638      725F7400 
 1639              	.LASF29:
 1640 0320 705F7072 		.ascii	"p_prev\000"
 1640      657600
 1641              	.LASF133:
 1642 0327 6F73616C 		.ascii	"osalInit\000"
 1642      496E6974 
 1642      00
 1643              	.LASF22:
 1644 0330 74707269 		.ascii	"tprio_t\000"
 1644      6F5F7400 
 1645              	.LASF71:
 1646 0338 63685F73 		.ascii	"ch_system_debug\000"
 1646      79737465 
 1646      6D5F6465 
 1646      62756700 
 1647              	.LASF102:
 1648 0348 5F426F6F 		.ascii	"_Bool\000"
 1648      6C00
 1649              	.LASF15:
 1650 034e 696E7433 		.ascii	"int32_t\000"
 1650      325F7400 
 1651              	.LASF4:
 1652 0356 756E7369 		.ascii	"unsigned char\000"
 1652      676E6564 
 1652      20636861 
 1652      7200
 1653              	.LASF128:
 1654 0364 73647549 		.ascii	"sduInit\000"
 1654      6E697400 
 1655              	.LASF107:
 1656 036c 6166726C 		.ascii	"afrl\000"
 1656      00
 1657              	.LASF95:
 1658 0371 735F636E 		.ascii	"s_cnt\000"
 1658      7400
 1659              	.LASF42:
 1660 0377 705F6D74 		.ascii	"p_mtxlist\000"
 1660      786C6973 
 1660      7400
 1661              	.LASF5:
 1662 0381 73686F72 		.ascii	"short int\000"
 1662      7420696E 
 1662      7400
ARM GAS  /tmp/cchAztiG.s 			page 33


 1663              	.LASF35:
 1664 038b 705F7374 		.ascii	"p_state\000"
 1664      61746500 
 1665              	.LASF129:
 1666 0393 626F6172 		.ascii	"boardInit\000"
 1666      64496E69 
 1666      7400
 1667              	.LASF54:
 1668 039d 725F7072 		.ascii	"r_prio\000"
 1668      696F00
 1669              	.LASF131:
 1670 03a4 474E5520 		.ascii	"GNU C11 5.3.1 20160307 (release) [ARM/embedded-5-br"
 1670      43313120 
 1670      352E332E 
 1670      31203230 
 1670      31363033 
 1671 03d7 616E6368 		.ascii	"anch revision 234589] -mcpu=cortex-m4 -mno-thumb-in"
 1671      20726576 
 1671      6973696F 
 1671      6E203233 
 1671      34353839 
 1672 040a 74657277 		.ascii	"terwork -mthumb -ggdb -O2 -fomit-frame-pointer -fal"
 1672      6F726B20 
 1672      2D6D7468 
 1672      756D6220 
 1672      2D676764 
 1673 043d 69676E2D 		.ascii	"ign-functions=16 -ffunction-sections -fdata-section"
 1673      66756E63 
 1673      74696F6E 
 1673      733D3136 
 1673      202D6666 
 1674 0470 73202D66 		.ascii	"s -fno-common\000"
 1674      6E6F2D63 
 1674      6F6D6D6F 
 1674      6E00
 1675              	.LASF110:
 1676 047e 50414461 		.ascii	"PAData\000"
 1676      746100
 1677              	.LASF92:
 1678 0485 65776D61 		.ascii	"ewmask\000"
 1678      736B00
 1679              	.LASF28:
 1680 048c 705F6E65 		.ascii	"p_next\000"
 1680      787400
 1681              	.LASF36:
 1682 0493 705F666C 		.ascii	"p_flags\000"
 1682      61677300 
 1683              	.LASF118:
 1684 049b 50494461 		.ascii	"PIData\000"
 1684      746100
 1685              	.LASF61:
 1686 04a2 63685F76 		.ascii	"ch_virtual_timer\000"
 1686      69727475 
 1686      616C5F74 
 1686      696D6572 
 1686      00
 1687              	.LASF93:
ARM GAS  /tmp/cchAztiG.s 			page 34


 1688 04b3 63685F73 		.ascii	"ch_semaphore\000"
 1688      656D6170 
 1688      686F7265 
 1688      00
 1689              	.LASF41:
 1690 04c0 705F6570 		.ascii	"p_epending\000"
 1690      656E6469 
 1690      6E6700
 1691              	.LASF16:
 1692 04cb 75696E74 		.ascii	"uint32_t\000"
 1692      33325F74 
 1692      00
 1693              	.LASF91:
 1694 04d4 77746D74 		.ascii	"wtmtxp\000"
 1694      787000
 1695              	.LASF53:
 1696 04db 725F7175 		.ascii	"r_queue\000"
 1696      65756500 
 1697              	.LASF64:
 1698 04e3 76745F64 		.ascii	"vt_delta\000"
 1698      656C7461 
 1698      00
 1699              	.LASF48:
 1700 04ec 63685F74 		.ascii	"ch_threads_list\000"
 1700      68726561 
 1700      64735F6C 
 1700      69737400 
 1701              	.LASF11:
 1702 04fc 6C6F6E67 		.ascii	"long unsigned int\000"
 1702      20756E73 
 1702      69676E65 
 1702      6420696E 
 1702      7400
 1703              	.LASF100:
 1704 050e 63686172 		.ascii	"char\000"
 1704      00
 1705              	.LASF127:
 1706 0513 75736249 		.ascii	"usbInit\000"
 1706      6E697400 
 1707              	.LASF27:
 1708 051b 74687265 		.ascii	"thread_t\000"
 1708      61645F74 
 1708      00
 1709              	.LASF99:
 1710 0524 6D5F6E65 		.ascii	"m_next\000"
 1710      787400
 1711              	.LASF26:
 1712 052b 73797374 		.ascii	"systime_t\000"
 1712      696D655F 
 1712      7400
 1713              	.LASF43:
 1714 0535 705F7265 		.ascii	"p_realprio\000"
 1714      616C7072 
 1714      696F00
 1715              	.LASF59:
 1716 0540 76746675 		.ascii	"vtfunc_t\000"
 1716      6E635F74 
ARM GAS  /tmp/cchAztiG.s 			page 35


 1716      00
 1717              	.LASF10:
 1718 0549 5F5F7569 		.ascii	"__uint32_t\000"
 1718      6E743332 
 1718      5F7400
 1719              	.LASF72:
 1720 0554 70616E69 		.ascii	"panic_msg\000"
 1720      635F6D73 
 1720      6700
 1721              	.LASF84:
 1722 055e 6F666673 		.ascii	"offset\000"
 1722      657400
 1723              	.LASF82:
 1724 0565 636F6E74 		.ascii	"context\000"
 1724      65787400 
 1725              	.LASF122:
 1726 056d 68616C5F 		.ascii	"hal_lld_init\000"
 1726      6C6C645F 
 1726      696E6974 
 1726      00
 1727              	.LASF18:
 1728 057a 7274636E 		.ascii	"rtcnt_t\000"
 1728      745F7400 
 1729              	.LASF66:
 1730 0582 76745F70 		.ascii	"vt_par\000"
 1730      617200
 1731              	.LASF49:
 1732 0589 74687265 		.ascii	"threads_queue_t\000"
 1732      6164735F 
 1732      71756575 
 1732      655F7400 
 1733              	.LASF96:
 1734 0599 63685F6D 		.ascii	"ch_mutex\000"
 1734      75746578 
 1734      00
 1735              	.LASF37:
 1736 05a2 705F7265 		.ascii	"p_refs\000"
 1736      667300
 1737              	.LASF123:
 1738 05a9 5F70616C 		.ascii	"_pal_lld_init\000"
 1738      5F6C6C64 
 1738      5F696E69 
 1738      7400
 1739              	.LASF75:
 1740 05b7 726C6973 		.ascii	"rlist\000"
 1740      7400
 1741              	.LASF14:
 1742 05bd 75696E74 		.ascii	"uint8_t\000"
 1742      385F7400 
 1743              	.LASF88:
 1744 05c5 77746F62 		.ascii	"wtobjp\000"
 1744      6A7000
 1745              	.LASF34:
 1746 05cc 705F6E61 		.ascii	"p_name\000"
 1746      6D6500
 1747              	.LASF112:
 1748 05d3 50434461 		.ascii	"PCData\000"
ARM GAS  /tmp/cchAztiG.s 			page 36


 1748      746100
 1749              	.LASF46:
 1750 05da 74687265 		.ascii	"threads_list_t\000"
 1750      6164735F 
 1750      6C697374 
 1750      5F7400
 1751              	.LASF40:
 1752 05e9 705F6D73 		.ascii	"p_msg\000"
 1752      6700
 1753              	.LASF125:
 1754 05ef 7364496E 		.ascii	"sdInit\000"
 1754      697400
 1755              	.LASF119:
 1756 05f6 50414C43 		.ascii	"PALConfig\000"
 1756      6F6E6669 
 1756      6700
 1757              	.LASF98:
 1758 0600 6D5F6F77 		.ascii	"m_owner\000"
 1758      6E657200 
 1759              	.LASF121:
 1760 0608 70616C5F 		.ascii	"pal_default_config\000"
 1760      64656661 
 1760      756C745F 
 1760      636F6E66 
 1760      696700
 1761              	.LASF31:
 1762 061b 705F6374 		.ascii	"p_ctx\000"
 1762      7800
 1763              	.LASF65:
 1764 0621 76745F66 		.ascii	"vt_func\000"
 1764      756E6300 
 1765              		.ident	"GCC: (GNU Tools for ARM Embedded Processors) 5.3.1 20160307 (release) [ARM/embedded-5-bran
ARM GAS  /tmp/cchAztiG.s 			page 37


DEFINED SYMBOLS
                            *ABS*:0000000000000000 hal.c
     /tmp/cchAztiG.s:20     .text.halInit:0000000000000000 $t
     /tmp/cchAztiG.s:26     .text.halInit:0000000000000000 halInit
     /tmp/cchAztiG.s:73     .text.halInit:000000000000002c $d
                     .debug_frame:0000000000000010 $d

UNDEFINED SYMBOLS
hal_lld_init
_pal_lld_init
pwmInit
sdInit
spiInit
usbInit
sduInit
boardInit
stInit
pal_default_config
