ARM GAS  /tmp/cc2de24T.s 			page 1


   1              		.syntax unified
   2              		.cpu cortex-m4
   3              		.fpu softvfp
   4              		.eabi_attribute 20, 1
   5              		.eabi_attribute 21, 1
   6              		.eabi_attribute 23, 3
   7              		.eabi_attribute 24, 1
   8              		.eabi_attribute 25, 1
   9              		.eabi_attribute 26, 1
  10              		.eabi_attribute 30, 2
  11              		.eabi_attribute 34, 1
  12              		.eabi_attribute 18, 4
  13              		.thumb
  14              		.syntax unified
  15              		.file	"chregistry.c"
  16              		.text
  17              	.Ltext0:
  18              		.cfi_sections	.debug_frame
  19              		.section	.text.chRegFirstThread,"ax",%progbits
  20              		.align	2
  21              		.p2align 4,,15
  22              		.global	chRegFirstThread
  23              		.thumb
  24              		.thumb_func
  25              		.type	chRegFirstThread, %function
  26              	chRegFirstThread:
  27              	.LFB227:
  28              		.file 1 "/home/selim/working/ChibiOS/os/rt/src/chregistry.c"
  29              		.loc 1 131 0
  30              		.cfi_startproc
  31              		@ args = 0, pretend = 0, frame = 0
  32              		@ frame_needed = 0, uses_anonymous_args = 0
  33              		@ link register save eliminated.
  34              	.LVL0:
  35              	.LBB34:
  36              	.LBB35:
  37              	.LBB36:
  38              	.LBB37:
  39              		.file 2 "/home/selim/working/ChibiOS/os/ext/CMSIS/include/core_cmFunc.h"
  40              		.loc 2 546 0
  41 0000 2023     		movs	r3, #32
  42              		.syntax unified
  43              	@ 546 "/home/selim/working/ChibiOS/os/ext/CMSIS/include/core_cmFunc.h" 1
  44 0002 83F31188 		MSR basepri, r3
  45              	@ 0 "" 2
  46              	.LVL1:
  47              		.thumb
  48              		.syntax unified
  49              	.LBE37:
  50              	.LBE36:
  51              	.LBE35:
  52              	.LBE34:
  53              		.loc 1 135 0
  54 0006 044B     		ldr	r3, .L2
  55 0008 1869     		ldr	r0, [r3, #16]
  56              	.LVL2:
  57              		.loc 1 137 0
ARM GAS  /tmp/cc2de24T.s 			page 2


  58 000a 837F     		ldrb	r3, [r0, #30]	@ zero_extendqisi2
  59 000c 0133     		adds	r3, r3, #1
  60 000e 8377     		strb	r3, [r0, #30]
  61              	.LVL3:
  62              	.LBB38:
  63              	.LBB39:
  64              	.LBB40:
  65              	.LBB41:
  66              	.LBB42:
  67              		.loc 2 546 0
  68 0010 0023     		movs	r3, #0
  69              		.syntax unified
  70              	@ 546 "/home/selim/working/ChibiOS/os/ext/CMSIS/include/core_cmFunc.h" 1
  71 0012 83F31188 		MSR basepri, r3
  72              	@ 0 "" 2
  73              	.LVL4:
  74              		.thumb
  75              		.syntax unified
  76              	.LBE42:
  77              	.LBE41:
  78              	.LBE40:
  79              	.LBE39:
  80              	.LBE38:
  81              		.loc 1 142 0
  82 0016 7047     		bx	lr
  83              	.L3:
  84              		.align	2
  85              	.L2:
  86 0018 00000000 		.word	ch
  87              		.cfi_endproc
  88              	.LFE227:
  89              		.size	chRegFirstThread, .-chRegFirstThread
  90              		.section	.text.chRegNextThread,"ax",%progbits
  91              		.align	2
  92              		.p2align 4,,15
  93              		.global	chRegNextThread
  94              		.thumb
  95              		.thumb_func
  96              		.type	chRegNextThread, %function
  97              	chRegNextThread:
  98              	.LFB228:
  99              		.loc 1 155 0
 100              		.cfi_startproc
 101              		@ args = 0, pretend = 0, frame = 0
 102              		@ frame_needed = 0, uses_anonymous_args = 0
 103              	.LVL5:
 104 0000 10B5     		push	{r4, lr}
 105              		.cfi_def_cfa_offset 8
 106              		.cfi_offset 4, -8
 107              		.cfi_offset 14, -4
 108              	.LBB43:
 109              	.LBB44:
 110              	.LBB45:
 111              	.LBB46:
 112              		.loc 2 546 0
 113 0002 2023     		movs	r3, #32
 114              		.syntax unified
ARM GAS  /tmp/cc2de24T.s 			page 3


 115              	@ 546 "/home/selim/working/ChibiOS/os/ext/CMSIS/include/core_cmFunc.h" 1
 116 0004 83F31188 		MSR basepri, r3
 117              	@ 0 "" 2
 118              	.LVL6:
 119              		.thumb
 120              		.syntax unified
 121              	.LBE46:
 122              	.LBE45:
 123              	.LBE44:
 124              	.LBE43:
 125              		.loc 1 161 0
 126 0008 074B     		ldr	r3, .L9
 127              		.loc 1 159 0
 128 000a 0469     		ldr	r4, [r0, #16]
 129              	.LVL7:
 130              		.loc 1 161 0
 131 000c 9C42     		cmp	r4, r3
 132              		.loc 1 168 0
 133 000e 1DBF     		ittte	ne
 134 0010 A37F     		ldrbne	r3, [r4, #30]	@ zero_extendqisi2
 135 0012 0133     		addne	r3, r3, #1
 136 0014 A377     		strbne	r3, [r4, #30]
 137              		.loc 1 163 0
 138 0016 0024     		moveq	r4, #0
 139              	.LVL8:
 140              	.LBB47:
 141              	.LBB48:
 142              	.LBB49:
 143              	.LBB50:
 144              	.LBB51:
 145              		.loc 2 546 0
 146 0018 0023     		movs	r3, #0
 147              		.syntax unified
 148              	@ 546 "/home/selim/working/ChibiOS/os/ext/CMSIS/include/core_cmFunc.h" 1
 149 001a 83F31188 		MSR basepri, r3
 150              	@ 0 "" 2
 151              	.LVL9:
 152              		.thumb
 153              		.syntax unified
 154              	.LBE51:
 155              	.LBE50:
 156              	.LBE49:
 157              	.LBE48:
 158              	.LBE47:
 159              		.loc 1 173 0
 160 001e FFF7FEFF 		bl	chThdRelease
 161              	.LVL10:
 162              		.loc 1 177 0
 163 0022 2046     		mov	r0, r4
 164 0024 10BD     		pop	{r4, pc}
 165              	.LVL11:
 166              	.L10:
 167 0026 00BF     		.align	2
 168              	.L9:
 169 0028 00000000 		.word	ch
 170              		.cfi_endproc
 171              	.LFE228:
ARM GAS  /tmp/cc2de24T.s 			page 4


 172              		.size	chRegNextThread, .-chRegNextThread
 173              		.global	ch_debug
 174              		.section	.rodata.ch_debug,"a",%progbits
 175              		.align	2
 176              		.type	ch_debug, %object
 177              		.size	ch_debug, 22
 178              	ch_debug:
 179 0000 6D       		.byte	109
 180 0001 61       		.byte	97
 181 0002 69       		.byte	105
 182 0003 6E       		.byte	110
 183 0004 00       		.byte	0
 184 0005 16       		.byte	22
 185 0006 0018     		.short	6144
 186 0008 04       		.byte	4
 187 0009 04       		.byte	4
 188 000a 44       		.byte	68
 189 000b 08       		.byte	8
 190 000c 0C       		.byte	12
 191 000d 10       		.byte	16
 192 000e 14       		.byte	20
 193 000f 18       		.byte	24
 194 0010 00       		.byte	0
 195 0011 1C       		.byte	28
 196 0012 1D       		.byte	29
 197 0013 1E       		.byte	30
 198 0014 00       		.byte	0
 199 0015 00       		.byte	0
 200              		.text
 201              	.Letext0:
 202              		.file 3 "/usr/lib/gcc/arm-none-eabi/5.3.1/include/stddef.h"
 203              		.file 4 "/usr/arm-none-eabi/include/machine/_default_types.h"
 204              		.file 5 "/usr/arm-none-eabi/include/sys/_stdint.h"
 205              		.file 6 "/home/selim/working/ChibiOS/os/rt/ports/ARMCMx/compilers/GCC/chtypes.h"
 206              		.file 7 "/home/selim/working/ChibiOS/os/rt/include/chsystypes.h"
 207              		.file 8 "/home/selim/working/ChibiOS/os/rt/include/chschd.h"
 208              		.file 9 "/home/selim/working/ChibiOS/os/rt/ports/ARMCMx/chcore.h"
 209              		.file 10 "/home/selim/working/ChibiOS/os/rt/ports/ARMCMx/chcore_v7m.h"
 210              		.file 11 "/home/selim/working/ChibiOS/os/rt/include/chtm.h"
 211              		.file 12 "/home/selim/working/ChibiOS/os/rt/include/chsem.h"
 212              		.file 13 "/home/selim/working/ChibiOS/os/rt/include/chmtx.h"
 213              		.file 14 "/home/selim/working/ChibiOS/os/rt/include/chregistry.h"
 214              		.file 15 "/home/selim/working/ChibiOS/os/rt/include/chsys.h"
 215              		.file 16 "/home/selim/working/ChibiOS/os/ext/CMSIS/include/core_cm4.h"
 216              		.file 17 "/home/selim/working/ChibiOS/os/rt/include/chdynamic.h"
 217              		.section	.debug_info,"",%progbits
 218              	.Ldebug_info0:
 219 0000 77090000 		.4byte	0x977
 220 0004 0400     		.2byte	0x4
 221 0006 00000000 		.4byte	.Ldebug_abbrev0
 222 000a 04       		.byte	0x4
 223 000b 01       		.uleb128 0x1
 224 000c DD030000 		.4byte	.LASF133
 225 0010 0C       		.byte	0xc
 226 0011 60000000 		.4byte	.LASF134
 227 0015 00000000 		.4byte	.Ldebug_ranges0+0
 228 0019 00000000 		.4byte	0
ARM GAS  /tmp/cc2de24T.s 			page 5


 229 001d 00000000 		.4byte	.Ldebug_line0
 230 0021 02       		.uleb128 0x2
 231 0022 04       		.byte	0x4
 232 0023 05       		.byte	0x5
 233 0024 696E7400 		.ascii	"int\000"
 234 0028 03       		.uleb128 0x3
 235 0029 1A000000 		.4byte	.LASF4
 236 002d 03       		.byte	0x3
 237 002e D8       		.byte	0xd8
 238 002f 33000000 		.4byte	0x33
 239 0033 04       		.uleb128 0x4
 240 0034 04       		.byte	0x4
 241 0035 07       		.byte	0x7
 242 0036 EC010000 		.4byte	.LASF0
 243 003a 04       		.uleb128 0x4
 244 003b 08       		.byte	0x8
 245 003c 05       		.byte	0x5
 246 003d 0F010000 		.4byte	.LASF1
 247 0041 04       		.uleb128 0x4
 248 0042 08       		.byte	0x8
 249 0043 04       		.byte	0x4
 250 0044 FC020000 		.4byte	.LASF2
 251 0048 04       		.uleb128 0x4
 252 0049 01       		.byte	0x1
 253 004a 06       		.byte	0x6
 254 004b 1D010000 		.4byte	.LASF3
 255 004f 03       		.uleb128 0x3
 256 0050 31000000 		.4byte	.LASF5
 257 0054 04       		.byte	0x4
 258 0055 1D       		.byte	0x1d
 259 0056 5A000000 		.4byte	0x5a
 260 005a 04       		.uleb128 0x4
 261 005b 01       		.byte	0x1
 262 005c 08       		.byte	0x8
 263 005d AC030000 		.4byte	.LASF6
 264 0061 04       		.uleb128 0x4
 265 0062 02       		.byte	0x2
 266 0063 05       		.byte	0x5
 267 0064 C4030000 		.4byte	.LASF7
 268 0068 03       		.uleb128 0x3
 269 0069 B6050000 		.4byte	.LASF8
 270 006d 04       		.byte	0x4
 271 006e 2B       		.byte	0x2b
 272 006f 73000000 		.4byte	0x73
 273 0073 04       		.uleb128 0x4
 274 0074 02       		.byte	0x2
 275 0075 07       		.byte	0x7
 276 0076 2B020000 		.4byte	.LASF9
 277 007a 03       		.uleb128 0x3
 278 007b 80020000 		.4byte	.LASF10
 279 007f 04       		.byte	0x4
 280 0080 3F       		.byte	0x3f
 281 0081 85000000 		.4byte	0x85
 282 0085 04       		.uleb128 0x4
 283 0086 04       		.byte	0x4
 284 0087 05       		.byte	0x5
 285 0088 79010000 		.4byte	.LASF11
ARM GAS  /tmp/cc2de24T.s 			page 6


 286 008c 03       		.uleb128 0x3
 287 008d EF050000 		.4byte	.LASF12
 288 0091 04       		.byte	0x4
 289 0092 41       		.byte	0x41
 290 0093 97000000 		.4byte	0x97
 291 0097 04       		.uleb128 0x4
 292 0098 04       		.byte	0x4
 293 0099 07       		.byte	0x7
 294 009a 88050000 		.4byte	.LASF13
 295 009e 03       		.uleb128 0x3
 296 009f 57030000 		.4byte	.LASF14
 297 00a3 04       		.byte	0x4
 298 00a4 5B       		.byte	0x5b
 299 00a5 A9000000 		.4byte	0xa9
 300 00a9 04       		.uleb128 0x4
 301 00aa 08       		.byte	0x8
 302 00ab 07       		.byte	0x7
 303 00ac 93000000 		.4byte	.LASF15
 304 00b0 03       		.uleb128 0x3
 305 00b1 51060000 		.4byte	.LASF16
 306 00b5 05       		.byte	0x5
 307 00b6 14       		.byte	0x14
 308 00b7 4F000000 		.4byte	0x4f
 309 00bb 03       		.uleb128 0x3
 310 00bc 01020000 		.4byte	.LASF17
 311 00c0 05       		.byte	0x5
 312 00c1 1A       		.byte	0x1a
 313 00c2 68000000 		.4byte	0x68
 314 00c6 03       		.uleb128 0x3
 315 00c7 A4030000 		.4byte	.LASF18
 316 00cb 05       		.byte	0x5
 317 00cc 1F       		.byte	0x1f
 318 00cd 7A000000 		.4byte	0x7a
 319 00d1 03       		.uleb128 0x3
 320 00d2 4A050000 		.4byte	.LASF19
 321 00d6 05       		.byte	0x5
 322 00d7 20       		.byte	0x20
 323 00d8 8C000000 		.4byte	0x8c
 324 00dc 03       		.uleb128 0x3
 325 00dd 28000000 		.4byte	.LASF20
 326 00e1 05       		.byte	0x5
 327 00e2 26       		.byte	0x26
 328 00e3 9E000000 		.4byte	0x9e
 329 00e7 05       		.uleb128 0x5
 330 00e8 C6000000 		.4byte	0xc6
 331 00ec 03       		.uleb128 0x3
 332 00ed 21060000 		.4byte	.LASF21
 333 00f1 06       		.byte	0x6
 334 00f2 46       		.byte	0x46
 335 00f3 D1000000 		.4byte	0xd1
 336 00f7 03       		.uleb128 0x3
 337 00f8 C5040000 		.4byte	.LASF22
 338 00fc 06       		.byte	0x6
 339 00fd 49       		.byte	0x49
 340 00fe B0000000 		.4byte	0xb0
 341 0102 03       		.uleb128 0x3
 342 0103 82010000 		.4byte	.LASF23
ARM GAS  /tmp/cc2de24T.s 			page 7


 343 0107 06       		.byte	0x6
 344 0108 4A       		.byte	0x4a
 345 0109 B0000000 		.4byte	0xb0
 346 010d 03       		.uleb128 0x3
 347 010e 62030000 		.4byte	.LASF24
 348 0112 06       		.byte	0x6
 349 0113 4B       		.byte	0x4b
 350 0114 B0000000 		.4byte	0xb0
 351 0118 03       		.uleb128 0x3
 352 0119 8C030000 		.4byte	.LASF25
 353 011d 06       		.byte	0x6
 354 011e 4D       		.byte	0x4d
 355 011f D1000000 		.4byte	0xd1
 356 0123 03       		.uleb128 0x3
 357 0124 48020000 		.4byte	.LASF26
 358 0128 06       		.byte	0x6
 359 0129 4E       		.byte	0x4e
 360 012a C6000000 		.4byte	0xc6
 361 012e 03       		.uleb128 0x3
 362 012f 74020000 		.4byte	.LASF27
 363 0133 06       		.byte	0x6
 364 0134 50       		.byte	0x50
 365 0135 D1000000 		.4byte	0xd1
 366 0139 03       		.uleb128 0x3
 367 013a E6010000 		.4byte	.LASF28
 368 013e 06       		.byte	0x6
 369 013f 52       		.byte	0x52
 370 0140 C6000000 		.4byte	0xc6
 371 0144 03       		.uleb128 0x3
 372 0145 D1050000 		.4byte	.LASF29
 373 0149 07       		.byte	0x7
 374 014a 33       		.byte	0x33
 375 014b D1000000 		.4byte	0xd1
 376 014f 03       		.uleb128 0x3
 377 0150 C1050000 		.4byte	.LASF30
 378 0154 07       		.byte	0x7
 379 0155 3F       		.byte	0x3f
 380 0156 5A010000 		.4byte	0x15a
 381 015a 06       		.uleb128 0x6
 382 015b 3E020000 		.4byte	.LASF50
 383 015f 44       		.byte	0x44
 384 0160 08       		.byte	0x8
 385 0161 C2       		.byte	0xc2
 386 0162 47020000 		.4byte	0x247
 387 0166 07       		.uleb128 0x7
 388 0167 BE040000 		.4byte	.LASF31
 389 016b 08       		.byte	0x8
 390 016c C3       		.byte	0xc3
 391 016d 52020000 		.4byte	0x252
 392 0171 00       		.byte	0
 393 0172 07       		.uleb128 0x7
 394 0173 85030000 		.4byte	.LASF32
 395 0177 08       		.byte	0x8
 396 0178 C5       		.byte	0xc5
 397 0179 52020000 		.4byte	0x252
 398 017d 04       		.byte	0x4
 399 017e 07       		.uleb128 0x7
ARM GAS  /tmp/cc2de24T.s 			page 8


 400 017f FB000000 		.4byte	.LASF33
 401 0183 08       		.byte	0x8
 402 0184 C7       		.byte	0xc7
 403 0185 18010000 		.4byte	0x118
 404 0189 08       		.byte	0x8
 405 018a 07       		.uleb128 0x7
 406 018b 2E030000 		.4byte	.LASF34
 407 018f 08       		.byte	0x8
 408 0190 C8       		.byte	0xc8
 409 0191 82040000 		.4byte	0x482
 410 0195 0C       		.byte	0xc
 411 0196 07       		.uleb128 0x7
 412 0197 A0010000 		.4byte	.LASF35
 413 019b 08       		.byte	0x8
 414 019c CA       		.byte	0xca
 415 019d 52020000 		.4byte	0x252
 416 01a1 10       		.byte	0x10
 417 01a2 07       		.uleb128 0x7
 418 01a3 20030000 		.4byte	.LASF36
 419 01a7 08       		.byte	0x8
 420 01a8 CB       		.byte	0xcb
 421 01a9 52020000 		.4byte	0x252
 422 01ad 14       		.byte	0x14
 423 01ae 07       		.uleb128 0x7
 424 01af 6C060000 		.4byte	.LASF37
 425 01b3 08       		.byte	0x8
 426 01b4 D2       		.byte	0xd2
 427 01b5 01060000 		.4byte	0x601
 428 01b9 18       		.byte	0x18
 429 01ba 07       		.uleb128 0x7
 430 01bb CE030000 		.4byte	.LASF38
 431 01bf 08       		.byte	0x8
 432 01c0 DD       		.byte	0xdd
 433 01c1 02010000 		.4byte	0x102
 434 01c5 1C       		.byte	0x1c
 435 01c6 07       		.uleb128 0x7
 436 01c7 DC040000 		.4byte	.LASF39
 437 01cb 08       		.byte	0x8
 438 01cc E1       		.byte	0xe1
 439 01cd F7000000 		.4byte	0xf7
 440 01d1 1D       		.byte	0x1d
 441 01d2 07       		.uleb128 0x7
 442 01d3 44060000 		.4byte	.LASF40
 443 01d7 08       		.byte	0x8
 444 01d8 E6       		.byte	0xe6
 445 01d9 0D010000 		.4byte	0x10d
 446 01dd 1E       		.byte	0x1e
 447 01de 08       		.uleb128 0x8
 448 01df 705F7500 		.ascii	"p_u\000"
 449 01e3 08       		.byte	0x8
 450 01e4 3101     		.2byte	0x131
 451 01e6 3C050000 		.4byte	0x53c
 452 01ea 20       		.byte	0x20
 453 01eb 09       		.uleb128 0x9
 454 01ec BF020000 		.4byte	.LASF41
 455 01f0 08       		.byte	0x8
 456 01f1 3601     		.2byte	0x136
ARM GAS  /tmp/cc2de24T.s 			page 9


 457 01f3 58020000 		.4byte	0x258
 458 01f7 24       		.byte	0x24
 459 01f8 09       		.uleb128 0x9
 460 01f9 11020000 		.4byte	.LASF42
 461 01fd 08       		.byte	0x8
 462 01fe 3C01     		.2byte	0x13c
 463 0200 7C020000 		.4byte	0x27c
 464 0204 28       		.byte	0x28
 465 0205 09       		.uleb128 0x9
 466 0206 8E060000 		.4byte	.LASF43
 467 020a 08       		.byte	0x8
 468 020b 4001     		.2byte	0x140
 469 020d 23010000 		.4byte	0x123
 470 0211 30       		.byte	0x30
 471 0212 09       		.uleb128 0x9
 472 0213 3F050000 		.4byte	.LASF44
 473 0217 08       		.byte	0x8
 474 0218 4601     		.2byte	0x146
 475 021a 2E010000 		.4byte	0x12e
 476 021e 34       		.byte	0x34
 477 021f 09       		.uleb128 0x9
 478 0220 BA030000 		.4byte	.LASF45
 479 0224 08       		.byte	0x8
 480 0225 4D01     		.2byte	0x14d
 481 0227 FB050000 		.4byte	0x5fb
 482 022b 38       		.byte	0x38
 483 022c 09       		.uleb128 0x9
 484 022d DB050000 		.4byte	.LASF46
 485 0231 08       		.byte	0x8
 486 0232 5101     		.2byte	0x151
 487 0234 18010000 		.4byte	0x118
 488 0238 3C       		.byte	0x3c
 489 0239 09       		.uleb128 0x9
 490 023a 46010000 		.4byte	.LASF47
 491 023e 08       		.byte	0x8
 492 023f 5801     		.2byte	0x158
 493 0241 2F030000 		.4byte	0x32f
 494 0245 40       		.byte	0x40
 495 0246 00       		.byte	0
 496 0247 03       		.uleb128 0x3
 497 0248 D2020000 		.4byte	.LASF48
 498 024c 07       		.byte	0x7
 499 024d 44       		.byte	0x44
 500 024e 52020000 		.4byte	0x252
 501 0252 0A       		.uleb128 0xa
 502 0253 04       		.byte	0x4
 503 0254 4F010000 		.4byte	0x14f
 504 0258 03       		.uleb128 0x3
 505 0259 73060000 		.4byte	.LASF49
 506 025d 07       		.byte	0x7
 507 025e 49       		.byte	0x49
 508 025f 63020000 		.4byte	0x263
 509 0263 06       		.uleb128 0x6
 510 0264 70050000 		.4byte	.LASF51
 511 0268 04       		.byte	0x4
 512 0269 08       		.byte	0x8
 513 026a B0       		.byte	0xb0
ARM GAS  /tmp/cc2de24T.s 			page 10


 514 026b 7C020000 		.4byte	0x27c
 515 026f 07       		.uleb128 0x7
 516 0270 BE040000 		.4byte	.LASF31
 517 0274 08       		.byte	0x8
 518 0275 B1       		.byte	0xb1
 519 0276 52020000 		.4byte	0x252
 520 027a 00       		.byte	0
 521 027b 00       		.byte	0
 522 027c 03       		.uleb128 0x3
 523 027d 04050000 		.4byte	.LASF52
 524 0281 07       		.byte	0x7
 525 0282 50       		.byte	0x50
 526 0283 87020000 		.4byte	0x287
 527 0287 06       		.uleb128 0x6
 528 0288 EA000000 		.4byte	.LASF53
 529 028c 08       		.byte	0x8
 530 028d 08       		.byte	0x8
 531 028e B7       		.byte	0xb7
 532 028f AC020000 		.4byte	0x2ac
 533 0293 07       		.uleb128 0x7
 534 0294 BE040000 		.4byte	.LASF31
 535 0298 08       		.byte	0x8
 536 0299 B8       		.byte	0xb8
 537 029a 52020000 		.4byte	0x252
 538 029e 00       		.byte	0
 539 029f 07       		.uleb128 0x7
 540 02a0 85030000 		.4byte	.LASF32
 541 02a4 08       		.byte	0x8
 542 02a5 B9       		.byte	0xb9
 543 02a6 52020000 		.4byte	0x252
 544 02aa 04       		.byte	0x4
 545 02ab 00       		.byte	0
 546 02ac 03       		.uleb128 0x3
 547 02ad 0D000000 		.4byte	.LASF54
 548 02b1 07       		.byte	0x7
 549 02b2 57       		.byte	0x57
 550 02b3 B7020000 		.4byte	0x2b7
 551 02b7 0B       		.uleb128 0xb
 552 02b8 66020000 		.4byte	.LASF55
 553 02bc 1C       		.byte	0x1c
 554 02bd 08       		.byte	0x8
 555 02be 9001     		.2byte	0x190
 556 02c0 13030000 		.4byte	0x313
 557 02c4 09       		.uleb128 0x9
 558 02c5 5F050000 		.4byte	.LASF56
 559 02c9 08       		.byte	0x8
 560 02ca 9101     		.2byte	0x191
 561 02cc 7C020000 		.4byte	0x27c
 562 02d0 00       		.byte	0
 563 02d1 09       		.uleb128 0x9
 564 02d2 D6030000 		.4byte	.LASF57
 565 02d6 08       		.byte	0x8
 566 02d7 9201     		.2byte	0x192
 567 02d9 18010000 		.4byte	0x118
 568 02dd 08       		.byte	0x8
 569 02de 09       		.uleb128 0x9
 570 02df 28030000 		.4byte	.LASF58
ARM GAS  /tmp/cc2de24T.s 			page 11


 571 02e3 08       		.byte	0x8
 572 02e4 9401     		.2byte	0x194
 573 02e6 82040000 		.4byte	0x482
 574 02ea 0C       		.byte	0xc
 575 02eb 09       		.uleb128 0x9
 576 02ec B0010000 		.4byte	.LASF59
 577 02f0 08       		.byte	0x8
 578 02f1 9701     		.2byte	0x197
 579 02f3 52020000 		.4byte	0x252
 580 02f7 10       		.byte	0x10
 581 02f8 09       		.uleb128 0x9
 582 02f9 4F030000 		.4byte	.LASF60
 583 02fd 08       		.byte	0x8
 584 02fe 9801     		.2byte	0x198
 585 0300 52020000 		.4byte	0x252
 586 0304 14       		.byte	0x14
 587 0305 09       		.uleb128 0x9
 588 0306 45030000 		.4byte	.LASF61
 589 030a 08       		.byte	0x8
 590 030b 9B01     		.2byte	0x19b
 591 030d 52020000 		.4byte	0x252
 592 0311 18       		.byte	0x18
 593 0312 00       		.byte	0
 594 0313 03       		.uleb128 0x3
 595 0314 E6050000 		.4byte	.LASF62
 596 0318 07       		.byte	0x7
 597 0319 5C       		.byte	0x5c
 598 031a 1E030000 		.4byte	0x31e
 599 031e 0A       		.uleb128 0xa
 600 031f 04       		.byte	0x4
 601 0320 24030000 		.4byte	0x324
 602 0324 0C       		.uleb128 0xc
 603 0325 2F030000 		.4byte	0x32f
 604 0329 0D       		.uleb128 0xd
 605 032a 2F030000 		.4byte	0x32f
 606 032e 00       		.byte	0
 607 032f 0E       		.uleb128 0xe
 608 0330 04       		.byte	0x4
 609 0331 03       		.uleb128 0x3
 610 0332 75030000 		.4byte	.LASF63
 611 0336 07       		.byte	0x7
 612 0337 61       		.byte	0x61
 613 0338 3C030000 		.4byte	0x33c
 614 033c 0B       		.uleb128 0xb
 615 033d 14050000 		.4byte	.LASF64
 616 0341 14       		.byte	0x14
 617 0342 08       		.byte	0x8
 618 0343 6B01     		.2byte	0x16b
 619 0345 8B030000 		.4byte	0x38b
 620 0349 09       		.uleb128 0x9
 621 034a F9010000 		.4byte	.LASF65
 622 034e 08       		.byte	0x8
 623 034f 6C01     		.2byte	0x16c
 624 0351 13060000 		.4byte	0x613
 625 0355 00       		.byte	0
 626 0356 09       		.uleb128 0x9
 627 0357 C1010000 		.4byte	.LASF66
ARM GAS  /tmp/cc2de24T.s 			page 12


 628 035b 08       		.byte	0x8
 629 035c 6D01     		.2byte	0x16d
 630 035e 13060000 		.4byte	0x613
 631 0362 04       		.byte	0x4
 632 0363 09       		.uleb128 0x9
 633 0364 67050000 		.4byte	.LASF67
 634 0368 08       		.byte	0x8
 635 0369 6E01     		.2byte	0x16e
 636 036b 44010000 		.4byte	0x144
 637 036f 08       		.byte	0x8
 638 0370 09       		.uleb128 0x9
 639 0371 AA060000 		.4byte	.LASF68
 640 0375 08       		.byte	0x8
 641 0376 6F01     		.2byte	0x16f
 642 0378 13030000 		.4byte	0x313
 643 037c 0C       		.byte	0xc
 644 037d 09       		.uleb128 0x9
 645 037e 29060000 		.4byte	.LASF69
 646 0382 08       		.byte	0x8
 647 0383 7101     		.2byte	0x171
 648 0385 2F030000 		.4byte	0x32f
 649 0389 10       		.byte	0x10
 650 038a 00       		.byte	0
 651 038b 03       		.uleb128 0x3
 652 038c 8A020000 		.4byte	.LASF70
 653 0390 07       		.byte	0x7
 654 0391 66       		.byte	0x66
 655 0392 96030000 		.4byte	0x396
 656 0396 0B       		.uleb128 0xb
 657 0397 E5020000 		.4byte	.LASF71
 658 039b 10       		.byte	0x10
 659 039c 08       		.byte	0x8
 660 039d 7B01     		.2byte	0x17b
 661 039f D8030000 		.4byte	0x3d8
 662 03a3 09       		.uleb128 0x9
 663 03a4 F9010000 		.4byte	.LASF65
 664 03a8 08       		.byte	0x8
 665 03a9 7C01     		.2byte	0x17c
 666 03ab 13060000 		.4byte	0x613
 667 03af 00       		.byte	0
 668 03b0 09       		.uleb128 0x9
 669 03b1 C1010000 		.4byte	.LASF66
 670 03b5 08       		.byte	0x8
 671 03b6 7E01     		.2byte	0x17e
 672 03b8 13060000 		.4byte	0x613
 673 03bc 04       		.byte	0x4
 674 03bd 09       		.uleb128 0x9
 675 03be 67050000 		.4byte	.LASF67
 676 03c2 08       		.byte	0x8
 677 03c3 8001     		.2byte	0x180
 678 03c5 44010000 		.4byte	0x144
 679 03c9 08       		.byte	0x8
 680 03ca 09       		.uleb128 0x9
 681 03cb 59060000 		.4byte	.LASF72
 682 03cf 08       		.byte	0x8
 683 03d0 8801     		.2byte	0x188
 684 03d2 44010000 		.4byte	0x144
ARM GAS  /tmp/cc2de24T.s 			page 13


 685 03d6 0C       		.byte	0xc
 686 03d7 00       		.byte	0
 687 03d8 03       		.uleb128 0x3
 688 03d9 47000000 		.4byte	.LASF73
 689 03dd 07       		.byte	0x7
 690 03de 6B       		.byte	0x6b
 691 03df E3030000 		.4byte	0x3e3
 692 03e3 0B       		.uleb128 0xb
 693 03e4 94030000 		.4byte	.LASF74
 694 03e8 04       		.byte	0x4
 695 03e9 08       		.byte	0x8
 696 03ea A201     		.2byte	0x1a2
 697 03ec FE030000 		.4byte	0x3fe
 698 03f0 09       		.uleb128 0x9
 699 03f1 08060000 		.4byte	.LASF75
 700 03f5 08       		.byte	0x8
 701 03f6 AA01     		.2byte	0x1aa
 702 03f8 19060000 		.4byte	0x619
 703 03fc 00       		.byte	0
 704 03fd 00       		.byte	0
 705 03fe 03       		.uleb128 0x3
 706 03ff 4E020000 		.4byte	.LASF76
 707 0403 07       		.byte	0x7
 708 0404 70       		.byte	0x70
 709 0405 09040000 		.4byte	0x409
 710 0409 0F       		.uleb128 0xf
 711 040a 6F010000 		.4byte	.LASF77
 712 040e 5001     		.2byte	0x150
 713 0410 08       		.byte	0x8
 714 0411 C201     		.2byte	0x1c2
 715 0413 65040000 		.4byte	0x465
 716 0417 09       		.uleb128 0x9
 717 0418 4B060000 		.4byte	.LASF78
 718 041c 08       		.byte	0x8
 719 041d C601     		.2byte	0x1c6
 720 041f AC020000 		.4byte	0x2ac
 721 0423 00       		.byte	0
 722 0424 09       		.uleb128 0x9
 723 0425 56010000 		.4byte	.LASF79
 724 0429 08       		.byte	0x8
 725 042a CA01     		.2byte	0x1ca
 726 042c 8B030000 		.4byte	0x38b
 727 0430 1C       		.byte	0x1c
 728 0431 08       		.uleb128 0x8
 729 0432 64626700 		.ascii	"dbg\000"
 730 0436 08       		.byte	0x8
 731 0437 CE01     		.2byte	0x1ce
 732 0439 D8030000 		.4byte	0x3d8
 733 043d 2C       		.byte	0x2c
 734 043e 09       		.uleb128 0x9
 735 043f C1000000 		.4byte	.LASF80
 736 0443 08       		.byte	0x8
 737 0444 D201     		.2byte	0x1d2
 738 0446 4F010000 		.4byte	0x14f
 739 044a 30       		.byte	0x30
 740 044b 08       		.uleb128 0x8
 741 044c 746D00   		.ascii	"tm\000"
ARM GAS  /tmp/cc2de24T.s 			page 14


 742 044f 08       		.byte	0x8
 743 0450 D701     		.2byte	0x1d7
 744 0452 31050000 		.4byte	0x531
 745 0456 74       		.byte	0x74
 746 0457 09       		.uleb128 0x9
 747 0458 D7010000 		.4byte	.LASF81
 748 045c 08       		.byte	0x8
 749 045d E301     		.2byte	0x1e3
 750 045f 1E060000 		.4byte	0x61e
 751 0463 78       		.byte	0x78
 752 0464 00       		.byte	0
 753 0465 04       		.uleb128 0x4
 754 0466 04       		.byte	0x4
 755 0467 07       		.byte	0x7
 756 0468 C9020000 		.4byte	.LASF82
 757 046c 03       		.uleb128 0x3
 758 046d B8010000 		.4byte	.LASF83
 759 0471 09       		.byte	0x9
 760 0472 65       		.byte	0x65
 761 0473 2F030000 		.4byte	0x32f
 762 0477 03       		.uleb128 0x3
 763 0478 A0020000 		.4byte	.LASF84
 764 047c 09       		.byte	0x9
 765 047d 6D       		.byte	0x6d
 766 047e DC000000 		.4byte	0xdc
 767 0482 06       		.uleb128 0x6
 768 0483 19060000 		.4byte	.LASF85
 769 0487 04       		.byte	0x4
 770 0488 09       		.byte	0x9
 771 0489 89       		.byte	0x89
 772 048a 9B040000 		.4byte	0x49b
 773 048e 10       		.uleb128 0x10
 774 048f 72313300 		.ascii	"r13\000"
 775 0493 09       		.byte	0x9
 776 0494 8A       		.byte	0x8a
 777 0495 16050000 		.4byte	0x516
 778 0499 00       		.byte	0
 779 049a 00       		.byte	0
 780 049b 06       		.uleb128 0x6
 781 049c 3B000000 		.4byte	.LASF86
 782 04a0 24       		.byte	0x24
 783 04a1 0A       		.byte	0xa
 784 04a2 F4       		.byte	0xf4
 785 04a3 16050000 		.4byte	0x516
 786 04a7 08       		.uleb128 0x8
 787 04a8 723400   		.ascii	"r4\000"
 788 04ab 0A       		.byte	0xa
 789 04ac 0701     		.2byte	0x107
 790 04ae 6C040000 		.4byte	0x46c
 791 04b2 00       		.byte	0
 792 04b3 08       		.uleb128 0x8
 793 04b4 723500   		.ascii	"r5\000"
 794 04b7 0A       		.byte	0xa
 795 04b8 0801     		.2byte	0x108
 796 04ba 6C040000 		.4byte	0x46c
 797 04be 04       		.byte	0x4
 798 04bf 08       		.uleb128 0x8
ARM GAS  /tmp/cc2de24T.s 			page 15


 799 04c0 723600   		.ascii	"r6\000"
 800 04c3 0A       		.byte	0xa
 801 04c4 0901     		.2byte	0x109
 802 04c6 6C040000 		.4byte	0x46c
 803 04ca 08       		.byte	0x8
 804 04cb 08       		.uleb128 0x8
 805 04cc 723700   		.ascii	"r7\000"
 806 04cf 0A       		.byte	0xa
 807 04d0 0A01     		.2byte	0x10a
 808 04d2 6C040000 		.4byte	0x46c
 809 04d6 0C       		.byte	0xc
 810 04d7 08       		.uleb128 0x8
 811 04d8 723800   		.ascii	"r8\000"
 812 04db 0A       		.byte	0xa
 813 04dc 0B01     		.2byte	0x10b
 814 04de 6C040000 		.4byte	0x46c
 815 04e2 10       		.byte	0x10
 816 04e3 08       		.uleb128 0x8
 817 04e4 723900   		.ascii	"r9\000"
 818 04e7 0A       		.byte	0xa
 819 04e8 0C01     		.2byte	0x10c
 820 04ea 6C040000 		.4byte	0x46c
 821 04ee 14       		.byte	0x14
 822 04ef 08       		.uleb128 0x8
 823 04f0 72313000 		.ascii	"r10\000"
 824 04f4 0A       		.byte	0xa
 825 04f5 0D01     		.2byte	0x10d
 826 04f7 6C040000 		.4byte	0x46c
 827 04fb 18       		.byte	0x18
 828 04fc 08       		.uleb128 0x8
 829 04fd 72313100 		.ascii	"r11\000"
 830 0501 0A       		.byte	0xa
 831 0502 0E01     		.2byte	0x10e
 832 0504 6C040000 		.4byte	0x46c
 833 0508 1C       		.byte	0x1c
 834 0509 08       		.uleb128 0x8
 835 050a 6C7200   		.ascii	"lr\000"
 836 050d 0A       		.byte	0xa
 837 050e 0F01     		.2byte	0x10f
 838 0510 6C040000 		.4byte	0x46c
 839 0514 20       		.byte	0x20
 840 0515 00       		.byte	0
 841 0516 0A       		.uleb128 0xa
 842 0517 04       		.byte	0x4
 843 0518 9B040000 		.4byte	0x49b
 844 051c 11       		.uleb128 0x11
 845 051d 04       		.byte	0x4
 846 051e 0B       		.byte	0xb
 847 051f 38       		.byte	0x38
 848 0520 31050000 		.4byte	0x531
 849 0524 07       		.uleb128 0x7
 850 0525 12060000 		.4byte	.LASF87
 851 0529 0B       		.byte	0xb
 852 052a 3C       		.byte	0x3c
 853 052b EC000000 		.4byte	0xec
 854 052f 00       		.byte	0
 855 0530 00       		.byte	0
ARM GAS  /tmp/cc2de24T.s 			page 16


 856 0531 03       		.uleb128 0x3
 857 0532 34030000 		.4byte	.LASF88
 858 0536 0B       		.byte	0xb
 859 0537 3D       		.byte	0x3d
 860 0538 1C050000 		.4byte	0x51c
 861 053c 12       		.uleb128 0x12
 862 053d 04       		.byte	0x4
 863 053e 08       		.byte	0x8
 864 053f FA       		.byte	0xfa
 865 0540 99050000 		.4byte	0x599
 866 0544 13       		.uleb128 0x13
 867 0545 21000000 		.4byte	.LASF89
 868 0549 08       		.byte	0x8
 869 054a 0101     		.2byte	0x101
 870 054c 23010000 		.4byte	0x123
 871 0550 13       		.uleb128 0x13
 872 0551 B8000000 		.4byte	.LASF90
 873 0555 08       		.byte	0x8
 874 0556 0801     		.2byte	0x108
 875 0558 23010000 		.4byte	0x123
 876 055c 13       		.uleb128 0x13
 877 055d 65060000 		.4byte	.LASF91
 878 0561 08       		.byte	0x8
 879 0562 0F01     		.2byte	0x10f
 880 0564 2F030000 		.4byte	0x32f
 881 0568 13       		.uleb128 0x13
 882 0569 69010000 		.4byte	.LASF92
 883 056d 08       		.byte	0x8
 884 056e 1601     		.2byte	0x116
 885 0570 99050000 		.4byte	0x599
 886 0574 13       		.uleb128 0x13
 887 0575 0A020000 		.4byte	.LASF93
 888 0579 08       		.byte	0x8
 889 057a 1E01     		.2byte	0x11e
 890 057c C4050000 		.4byte	0x5c4
 891 0580 13       		.uleb128 0x13
 892 0581 AF050000 		.4byte	.LASF94
 893 0585 08       		.byte	0x8
 894 0586 2701     		.2byte	0x127
 895 0588 FB050000 		.4byte	0x5fb
 896 058c 13       		.uleb128 0x13
 897 058d B7040000 		.4byte	.LASF95
 898 0591 08       		.byte	0x8
 899 0592 2F01     		.2byte	0x12f
 900 0594 2E010000 		.4byte	0x12e
 901 0598 00       		.byte	0
 902 0599 0A       		.uleb128 0xa
 903 059a 04       		.byte	0x4
 904 059b 47020000 		.4byte	0x247
 905 059f 06       		.uleb128 0x6
 906 05a0 32050000 		.4byte	.LASF96
 907 05a4 0C       		.byte	0xc
 908 05a5 0C       		.byte	0xc
 909 05a6 34       		.byte	0x34
 910 05a7 C4050000 		.4byte	0x5c4
 911 05ab 07       		.uleb128 0x7
 912 05ac A8010000 		.4byte	.LASF97
ARM GAS  /tmp/cc2de24T.s 			page 17


 913 05b0 0C       		.byte	0xc
 914 05b1 35       		.byte	0x35
 915 05b2 7C020000 		.4byte	0x27c
 916 05b6 00       		.byte	0
 917 05b7 07       		.uleb128 0x7
 918 05b8 25020000 		.4byte	.LASF98
 919 05bc 0C       		.byte	0xc
 920 05bd 37       		.byte	0x37
 921 05be 39010000 		.4byte	0x139
 922 05c2 08       		.byte	0x8
 923 05c3 00       		.byte	0
 924 05c4 0A       		.uleb128 0xa
 925 05c5 04       		.byte	0x4
 926 05c6 9F050000 		.4byte	0x59f
 927 05ca 06       		.uleb128 0x6
 928 05cb 3B060000 		.4byte	.LASF99
 929 05cf 10       		.byte	0x10
 930 05d0 0D       		.byte	0xd
 931 05d1 39       		.byte	0x39
 932 05d2 FB050000 		.4byte	0x5fb
 933 05d6 07       		.uleb128 0x7
 934 05d7 4E010000 		.4byte	.LASF100
 935 05db 0D       		.byte	0xd
 936 05dc 3A       		.byte	0x3a
 937 05dd 7C020000 		.4byte	0x27c
 938 05e1 00       		.byte	0
 939 05e2 07       		.uleb128 0x7
 940 05e3 94060000 		.4byte	.LASF101
 941 05e7 0D       		.byte	0xd
 942 05e8 3C       		.byte	0x3c
 943 05e9 52020000 		.4byte	0x252
 944 05ed 08       		.byte	0x8
 945 05ee 07       		.uleb128 0x7
 946 05ef CA050000 		.4byte	.LASF102
 947 05f3 0D       		.byte	0xd
 948 05f4 3E       		.byte	0x3e
 949 05f5 35070000 		.4byte	0x735
 950 05f9 0C       		.byte	0xc
 951 05fa 00       		.byte	0
 952 05fb 0A       		.uleb128 0xa
 953 05fc 04       		.byte	0x4
 954 05fd CA050000 		.4byte	0x5ca
 955 0601 0A       		.uleb128 0xa
 956 0602 04       		.byte	0x4
 957 0603 0E060000 		.4byte	0x60e
 958 0607 04       		.uleb128 0x4
 959 0608 01       		.byte	0x1
 960 0609 08       		.byte	0x8
 961 060a 9A050000 		.4byte	.LASF103
 962 060e 14       		.uleb128 0x14
 963 060f 07060000 		.4byte	0x607
 964 0613 0A       		.uleb128 0xa
 965 0614 04       		.byte	0x4
 966 0615 31030000 		.4byte	0x331
 967 0619 05       		.uleb128 0x5
 968 061a 01060000 		.4byte	0x601
 969 061e 15       		.uleb128 0x15
ARM GAS  /tmp/cc2de24T.s 			page 18


 970 061f 77040000 		.4byte	0x477
 971 0623 2E060000 		.4byte	0x62e
 972 0627 16       		.uleb128 0x16
 973 0628 65040000 		.4byte	0x465
 974 062c 1A       		.byte	0x1a
 975 062d 00       		.byte	0
 976 062e 11       		.uleb128 0x11
 977 062f 16       		.byte	0x16
 978 0630 0E       		.byte	0xe
 979 0631 34       		.byte	0x34
 980 0632 0F070000 		.4byte	0x70f
 981 0636 07       		.uleb128 0x7
 982 0637 9C060000 		.4byte	.LASF104
 983 063b 0E       		.byte	0xe
 984 063c 35       		.byte	0x35
 985 063d 0F070000 		.4byte	0x70f
 986 0641 00       		.byte	0
 987 0642 07       		.uleb128 0x7
 988 0643 AB020000 		.4byte	.LASF105
 989 0647 0E       		.byte	0xe
 990 0648 36       		.byte	0x36
 991 0649 B0000000 		.4byte	0xb0
 992 064d 04       		.byte	0x4
 993 064e 07       		.uleb128 0x7
 994 064f 80050000 		.4byte	.LASF106
 995 0653 0E       		.byte	0xe
 996 0654 37       		.byte	0x37
 997 0655 B0000000 		.4byte	0xb0
 998 0659 05       		.byte	0x5
 999 065a 07       		.uleb128 0x7
 1000 065b 8B010000 		.4byte	.LASF107
 1001 065f 0E       		.byte	0xe
 1002 0660 38       		.byte	0x38
 1003 0661 BB000000 		.4byte	0xbb
 1004 0665 06       		.byte	0x6
 1005 0666 07       		.uleb128 0x7
 1006 0667 6A030000 		.4byte	.LASF108
 1007 066b 0E       		.byte	0xe
 1008 066c 39       		.byte	0x39
 1009 066d B0000000 		.4byte	0xb0
 1010 0671 08       		.byte	0x8
 1011 0672 07       		.uleb128 0x7
 1012 0673 08030000 		.4byte	.LASF109
 1013 0677 0E       		.byte	0xe
 1014 0678 3A       		.byte	0x3a
 1015 0679 B0000000 		.4byte	0xb0
 1016 067d 09       		.byte	0x9
 1017 067e 07       		.uleb128 0x7
 1018 067f AA000000 		.4byte	.LASF110
 1019 0683 0E       		.byte	0xe
 1020 0684 3B       		.byte	0x3b
 1021 0685 B0000000 		.4byte	0xb0
 1022 0689 0A       		.byte	0xa
 1023 068a 07       		.uleb128 0x7
 1024 068b 53050000 		.4byte	.LASF111
 1025 068f 0E       		.byte	0xe
 1026 0690 3C       		.byte	0x3c
ARM GAS  /tmp/cc2de24T.s 			page 19


 1027 0691 B0000000 		.4byte	0xb0
 1028 0695 0B       		.byte	0xb
 1029 0696 07       		.uleb128 0x7
 1030 0697 30060000 		.4byte	.LASF112
 1031 069b 0E       		.byte	0xe
 1032 069c 3D       		.byte	0x3d
 1033 069d B0000000 		.4byte	0xb0
 1034 06a1 0C       		.byte	0xc
 1035 06a2 07       		.uleb128 0x7
 1036 06a3 25050000 		.4byte	.LASF113
 1037 06a7 0E       		.byte	0xe
 1038 06a8 3E       		.byte	0x3e
 1039 06a9 B0000000 		.4byte	0xb0
 1040 06ad 0D       		.byte	0xd
 1041 06ae 07       		.uleb128 0x7
 1042 06af 00000000 		.4byte	.LASF114
 1043 06b3 0E       		.byte	0xe
 1044 06b4 3F       		.byte	0x3f
 1045 06b5 B0000000 		.4byte	0xb0
 1046 06b9 0E       		.byte	0xe
 1047 06ba 07       		.uleb128 0x7
 1048 06bb 14030000 		.4byte	.LASF115
 1049 06bf 0E       		.byte	0xe
 1050 06c0 40       		.byte	0x40
 1051 06c1 B0000000 		.4byte	0xb0
 1052 06c5 0F       		.byte	0xf
 1053 06c6 07       		.uleb128 0x7
 1054 06c7 29010000 		.4byte	.LASF116
 1055 06cb 0E       		.byte	0xe
 1056 06cc 41       		.byte	0x41
 1057 06cd B0000000 		.4byte	0xb0
 1058 06d1 10       		.byte	0x10
 1059 06d2 07       		.uleb128 0x7
 1060 06d3 02010000 		.4byte	.LASF117
 1061 06d7 0E       		.byte	0xe
 1062 06d8 43       		.byte	0x43
 1063 06d9 B0000000 		.4byte	0xb0
 1064 06dd 11       		.byte	0x11
 1065 06de 07       		.uleb128 0x7
 1066 06df 39010000 		.4byte	.LASF118
 1067 06e3 0E       		.byte	0xe
 1068 06e4 44       		.byte	0x44
 1069 06e5 B0000000 		.4byte	0xb0
 1070 06e9 12       		.byte	0x12
 1071 06ea 07       		.uleb128 0x7
 1072 06eb B3020000 		.4byte	.LASF119
 1073 06ef 0E       		.byte	0xe
 1074 06f0 45       		.byte	0x45
 1075 06f1 B0000000 		.4byte	0xb0
 1076 06f5 13       		.byte	0x13
 1077 06f6 07       		.uleb128 0x7
 1078 06f7 CD040000 		.4byte	.LASF120
 1079 06fb 0E       		.byte	0xe
 1080 06fc 46       		.byte	0x46
 1081 06fd B0000000 		.4byte	0xb0
 1082 0701 14       		.byte	0x14
 1083 0702 07       		.uleb128 0x7
ARM GAS  /tmp/cc2de24T.s 			page 20


 1084 0703 5A020000 		.4byte	.LASF121
 1085 0707 0E       		.byte	0xe
 1086 0708 48       		.byte	0x48
 1087 0709 B0000000 		.4byte	0xb0
 1088 070d 15       		.byte	0x15
 1089 070e 00       		.byte	0
 1090 070f 15       		.uleb128 0x15
 1091 0710 07060000 		.4byte	0x607
 1092 0714 1F070000 		.4byte	0x71f
 1093 0718 16       		.uleb128 0x16
 1094 0719 65040000 		.4byte	0x465
 1095 071d 03       		.byte	0x3
 1096 071e 00       		.byte	0
 1097 071f 03       		.uleb128 0x3
 1098 0720 96010000 		.4byte	.LASF122
 1099 0724 0E       		.byte	0xe
 1100 0725 49       		.byte	0x49
 1101 0726 2E060000 		.4byte	0x62e
 1102 072a 03       		.uleb128 0x3
 1103 072b C9010000 		.4byte	.LASF123
 1104 072f 0D       		.byte	0xd
 1105 0730 34       		.byte	0x34
 1106 0731 CA050000 		.4byte	0x5ca
 1107 0735 0A       		.uleb128 0xa
 1108 0736 04       		.byte	0x4
 1109 0737 2A070000 		.4byte	0x72a
 1110 073b 17       		.uleb128 0x17
 1111 073c FA050000 		.4byte	.LASF126
 1112 0740 02       		.byte	0x2
 1113 0741 2002     		.2byte	0x220
 1114 0743 03       		.byte	0x3
 1115 0744 55070000 		.4byte	0x755
 1116 0748 18       		.uleb128 0x18
 1117 0749 D1010000 		.4byte	.LASF135
 1118 074d 02       		.byte	0x2
 1119 074e 2002     		.2byte	0x220
 1120 0750 D1000000 		.4byte	0xd1
 1121 0754 00       		.byte	0
 1122 0755 19       		.uleb128 0x19
 1123 0756 56000000 		.4byte	.LASF124
 1124 075a 0A       		.byte	0xa
 1125 075b BC01     		.2byte	0x1bc
 1126 075d 03       		.byte	0x3
 1127 075e 19       		.uleb128 0x19
 1128 075f 5D010000 		.4byte	.LASF125
 1129 0763 0A       		.byte	0xa
 1130 0764 CA01     		.2byte	0x1ca
 1131 0766 03       		.byte	0x3
 1132 0767 17       		.uleb128 0x17
 1133 0768 82060000 		.4byte	.LASF127
 1134 076c 0F       		.byte	0xf
 1135 076d 6601     		.2byte	0x166
 1136 076f 03       		.byte	0x3
 1137 0770 82070000 		.4byte	0x782
 1138 0774 1A       		.uleb128 0x1a
 1139 0775 E4040000 		.4byte	.LASF136
 1140 0779 92070000 		.4byte	0x792
ARM GAS  /tmp/cc2de24T.s 			page 21


 1141 077d 82060000 		.4byte	.LASF127
 1142 0781 00       		.byte	0
 1143 0782 15       		.uleb128 0x15
 1144 0783 0E060000 		.4byte	0x60e
 1145 0787 92070000 		.4byte	0x792
 1146 078b 16       		.uleb128 0x16
 1147 078c 65040000 		.4byte	0x465
 1148 0790 0B       		.byte	0xb
 1149 0791 00       		.byte	0
 1150 0792 14       		.uleb128 0x14
 1151 0793 82070000 		.4byte	0x782
 1152 0797 19       		.uleb128 0x19
 1153 0798 ED040000 		.4byte	.LASF128
 1154 079c 0F       		.byte	0xf
 1155 079d 5A01     		.2byte	0x15a
 1156 079f 03       		.byte	0x3
 1157 07a0 1B       		.uleb128 0x1b
 1158 07a1 CC000000 		.4byte	.LASF129
 1159 07a5 01       		.byte	0x1
 1160 07a6 83       		.byte	0x83
 1161 07a7 52020000 		.4byte	0x252
 1162 07ab 00000000 		.4byte	.LFB227
 1163 07af 1C000000 		.4byte	.LFE227-.LFB227
 1164 07b3 01       		.uleb128 0x1
 1165 07b4 9C       		.byte	0x9c
 1166 07b5 4F080000 		.4byte	0x84f
 1167 07b9 1C       		.uleb128 0x1c
 1168 07ba 747000   		.ascii	"tp\000"
 1169 07bd 01       		.byte	0x1
 1170 07be 84       		.byte	0x84
 1171 07bf 52020000 		.4byte	0x252
 1172 07c3 01       		.uleb128 0x1
 1173 07c4 50       		.byte	0x50
 1174 07c5 1D       		.uleb128 0x1d
 1175 07c6 97070000 		.4byte	0x797
 1176 07ca 00000000 		.4byte	.LBB34
 1177 07ce 06000000 		.4byte	.LBE34-.LBB34
 1178 07d2 01       		.byte	0x1
 1179 07d3 86       		.byte	0x86
 1180 07d4 04080000 		.4byte	0x804
 1181 07d8 1E       		.uleb128 0x1e
 1182 07d9 55070000 		.4byte	0x755
 1183 07dd 00000000 		.4byte	.LBB35
 1184 07e1 06000000 		.4byte	.LBE35-.LBB35
 1185 07e5 0F       		.byte	0xf
 1186 07e6 5C01     		.2byte	0x15c
 1187 07e8 1E       		.uleb128 0x1e
 1188 07e9 3B070000 		.4byte	0x73b
 1189 07ed 00000000 		.4byte	.LBB36
 1190 07f1 06000000 		.4byte	.LBE36-.LBB36
 1191 07f5 0A       		.byte	0xa
 1192 07f6 BF01     		.2byte	0x1bf
 1193 07f8 1F       		.uleb128 0x1f
 1194 07f9 48070000 		.4byte	0x748
 1195 07fd 00000000 		.4byte	.LLST0
 1196 0801 00       		.byte	0
 1197 0802 00       		.byte	0
ARM GAS  /tmp/cc2de24T.s 			page 22


 1198 0803 00       		.byte	0
 1199 0804 20       		.uleb128 0x20
 1200 0805 67070000 		.4byte	0x767
 1201 0809 10000000 		.4byte	.LBB38
 1202 080d 06000000 		.4byte	.LBE38-.LBB38
 1203 0811 01       		.byte	0x1
 1204 0812 8B       		.byte	0x8b
 1205 0813 21       		.uleb128 0x21
 1206 0814 10000000 		.4byte	.LBB39
 1207 0818 06000000 		.4byte	.LBE39-.LBB39
 1208 081c 22       		.uleb128 0x22
 1209 081d 74070000 		.4byte	0x774
 1210 0821 1E       		.uleb128 0x1e
 1211 0822 5E070000 		.4byte	0x75e
 1212 0826 10000000 		.4byte	.LBB40
 1213 082a 06000000 		.4byte	.LBE40-.LBB40
 1214 082e 0F       		.byte	0xf
 1215 082f 7301     		.2byte	0x173
 1216 0831 1E       		.uleb128 0x1e
 1217 0832 3B070000 		.4byte	0x73b
 1218 0836 10000000 		.4byte	.LBB41
 1219 083a 06000000 		.4byte	.LBE41-.LBB41
 1220 083e 0A       		.byte	0xa
 1221 083f CD01     		.2byte	0x1cd
 1222 0841 1F       		.uleb128 0x1f
 1223 0842 48070000 		.4byte	0x748
 1224 0846 15000000 		.4byte	.LLST1
 1225 084a 00       		.byte	0
 1226 084b 00       		.byte	0
 1227 084c 00       		.byte	0
 1228 084d 00       		.byte	0
 1229 084e 00       		.byte	0
 1230 084f 1B       		.uleb128 0x1b
 1231 0850 9F050000 		.4byte	.LASF130
 1232 0854 01       		.byte	0x1
 1233 0855 9B       		.byte	0x9b
 1234 0856 52020000 		.4byte	0x252
 1235 085a 00000000 		.4byte	.LFB228
 1236 085e 2C000000 		.4byte	.LFE228-.LFB228
 1237 0862 01       		.uleb128 0x1
 1238 0863 9C       		.byte	0x9c
 1239 0864 2D090000 		.4byte	0x92d
 1240 0868 23       		.uleb128 0x23
 1241 0869 747000   		.ascii	"tp\000"
 1242 086c 01       		.byte	0x1
 1243 086d 9B       		.byte	0x9b
 1244 086e 52020000 		.4byte	0x252
 1245 0872 29000000 		.4byte	.LLST2
 1246 0876 24       		.uleb128 0x24
 1247 0877 6E747000 		.ascii	"ntp\000"
 1248 087b 01       		.byte	0x1
 1249 087c 9C       		.byte	0x9c
 1250 087d 52020000 		.4byte	0x252
 1251 0881 4A000000 		.4byte	.LLST3
 1252 0885 25       		.uleb128 0x25
 1253 0886 E4040000 		.4byte	.LASF136
 1254 088a 3D090000 		.4byte	0x93d
ARM GAS  /tmp/cc2de24T.s 			page 23


 1255 088e 1D       		.uleb128 0x1d
 1256 088f 97070000 		.4byte	0x797
 1257 0893 02000000 		.4byte	.LBB43
 1258 0897 06000000 		.4byte	.LBE43-.LBB43
 1259 089b 01       		.byte	0x1
 1260 089c 9E       		.byte	0x9e
 1261 089d CD080000 		.4byte	0x8cd
 1262 08a1 1E       		.uleb128 0x1e
 1263 08a2 55070000 		.4byte	0x755
 1264 08a6 02000000 		.4byte	.LBB44
 1265 08aa 06000000 		.4byte	.LBE44-.LBB44
 1266 08ae 0F       		.byte	0xf
 1267 08af 5C01     		.2byte	0x15c
 1268 08b1 1E       		.uleb128 0x1e
 1269 08b2 3B070000 		.4byte	0x73b
 1270 08b6 02000000 		.4byte	.LBB45
 1271 08ba 06000000 		.4byte	.LBE45-.LBB45
 1272 08be 0A       		.byte	0xa
 1273 08bf BF01     		.2byte	0x1bf
 1274 08c1 1F       		.uleb128 0x1f
 1275 08c2 48070000 		.4byte	0x748
 1276 08c6 68000000 		.4byte	.LLST4
 1277 08ca 00       		.byte	0
 1278 08cb 00       		.byte	0
 1279 08cc 00       		.byte	0
 1280 08cd 1D       		.uleb128 0x1d
 1281 08ce 67070000 		.4byte	0x767
 1282 08d2 18000000 		.4byte	.LBB47
 1283 08d6 06000000 		.4byte	.LBE47-.LBB47
 1284 08da 01       		.byte	0x1
 1285 08db AB       		.byte	0xab
 1286 08dc 1B090000 		.4byte	0x91b
 1287 08e0 21       		.uleb128 0x21
 1288 08e1 18000000 		.4byte	.LBB48
 1289 08e5 06000000 		.4byte	.LBE48-.LBB48
 1290 08e9 22       		.uleb128 0x22
 1291 08ea 74070000 		.4byte	0x774
 1292 08ee 1E       		.uleb128 0x1e
 1293 08ef 5E070000 		.4byte	0x75e
 1294 08f3 18000000 		.4byte	.LBB49
 1295 08f7 06000000 		.4byte	.LBE49-.LBB49
 1296 08fb 0F       		.byte	0xf
 1297 08fc 7301     		.2byte	0x173
 1298 08fe 1E       		.uleb128 0x1e
 1299 08ff 3B070000 		.4byte	0x73b
 1300 0903 18000000 		.4byte	.LBB50
 1301 0907 06000000 		.4byte	.LBE50-.LBB50
 1302 090b 0A       		.byte	0xa
 1303 090c CD01     		.2byte	0x1cd
 1304 090e 1F       		.uleb128 0x1f
 1305 090f 48070000 		.4byte	0x748
 1306 0913 7D000000 		.4byte	.LLST5
 1307 0917 00       		.byte	0
 1308 0918 00       		.byte	0
 1309 0919 00       		.byte	0
 1310 091a 00       		.byte	0
 1311 091b 26       		.uleb128 0x26
ARM GAS  /tmp/cc2de24T.s 			page 24


 1312 091c 22000000 		.4byte	.LVL10
 1313 0920 6F090000 		.4byte	0x96f
 1314 0924 27       		.uleb128 0x27
 1315 0925 01       		.uleb128 0x1
 1316 0926 50       		.byte	0x50
 1317 0927 03       		.uleb128 0x3
 1318 0928 F3       		.byte	0xf3
 1319 0929 01       		.uleb128 0x1
 1320 092a 50       		.byte	0x50
 1321 092b 00       		.byte	0
 1322 092c 00       		.byte	0
 1323 092d 15       		.uleb128 0x15
 1324 092e 0E060000 		.4byte	0x60e
 1325 0932 3D090000 		.4byte	0x93d
 1326 0936 16       		.uleb128 0x16
 1327 0937 65040000 		.4byte	0x465
 1328 093b 0F       		.byte	0xf
 1329 093c 00       		.byte	0
 1330 093d 14       		.uleb128 0x14
 1331 093e 2D090000 		.4byte	0x92d
 1332 0942 28       		.uleb128 0x28
 1333 0943 DD000000 		.4byte	.LASF131
 1334 0947 10       		.byte	0x10
 1335 0948 A706     		.2byte	0x6a7
 1336 094a E7000000 		.4byte	0xe7
 1337 094e 29       		.uleb128 0x29
 1338 094f 636800   		.ascii	"ch\000"
 1339 0952 08       		.byte	0x8
 1340 0953 0902     		.2byte	0x209
 1341 0955 FE030000 		.4byte	0x3fe
 1342 0959 2A       		.uleb128 0x2a
 1343 095a 1C020000 		.4byte	.LASF132
 1344 095e 01       		.byte	0x1
 1345 095f 50       		.byte	0x50
 1346 0960 6A090000 		.4byte	0x96a
 1347 0964 05       		.uleb128 0x5
 1348 0965 03       		.byte	0x3
 1349 0966 00000000 		.4byte	ch_debug
 1350 096a 14       		.uleb128 0x14
 1351 096b 1F070000 		.4byte	0x71f
 1352 096f 2B       		.uleb128 0x2b
 1353 0970 F7040000 		.4byte	.LASF137
 1354 0974 F7040000 		.4byte	.LASF137
 1355 0978 11       		.byte	0x11
 1356 0979 4B       		.byte	0x4b
 1357 097a 00       		.byte	0
 1358              		.section	.debug_abbrev,"",%progbits
 1359              	.Ldebug_abbrev0:
 1360 0000 01       		.uleb128 0x1
 1361 0001 11       		.uleb128 0x11
 1362 0002 01       		.byte	0x1
 1363 0003 25       		.uleb128 0x25
 1364 0004 0E       		.uleb128 0xe
 1365 0005 13       		.uleb128 0x13
 1366 0006 0B       		.uleb128 0xb
 1367 0007 03       		.uleb128 0x3
 1368 0008 0E       		.uleb128 0xe
ARM GAS  /tmp/cc2de24T.s 			page 25


 1369 0009 55       		.uleb128 0x55
 1370 000a 17       		.uleb128 0x17
 1371 000b 11       		.uleb128 0x11
 1372 000c 01       		.uleb128 0x1
 1373 000d 10       		.uleb128 0x10
 1374 000e 17       		.uleb128 0x17
 1375 000f 00       		.byte	0
 1376 0010 00       		.byte	0
 1377 0011 02       		.uleb128 0x2
 1378 0012 24       		.uleb128 0x24
 1379 0013 00       		.byte	0
 1380 0014 0B       		.uleb128 0xb
 1381 0015 0B       		.uleb128 0xb
 1382 0016 3E       		.uleb128 0x3e
 1383 0017 0B       		.uleb128 0xb
 1384 0018 03       		.uleb128 0x3
 1385 0019 08       		.uleb128 0x8
 1386 001a 00       		.byte	0
 1387 001b 00       		.byte	0
 1388 001c 03       		.uleb128 0x3
 1389 001d 16       		.uleb128 0x16
 1390 001e 00       		.byte	0
 1391 001f 03       		.uleb128 0x3
 1392 0020 0E       		.uleb128 0xe
 1393 0021 3A       		.uleb128 0x3a
 1394 0022 0B       		.uleb128 0xb
 1395 0023 3B       		.uleb128 0x3b
 1396 0024 0B       		.uleb128 0xb
 1397 0025 49       		.uleb128 0x49
 1398 0026 13       		.uleb128 0x13
 1399 0027 00       		.byte	0
 1400 0028 00       		.byte	0
 1401 0029 04       		.uleb128 0x4
 1402 002a 24       		.uleb128 0x24
 1403 002b 00       		.byte	0
 1404 002c 0B       		.uleb128 0xb
 1405 002d 0B       		.uleb128 0xb
 1406 002e 3E       		.uleb128 0x3e
 1407 002f 0B       		.uleb128 0xb
 1408 0030 03       		.uleb128 0x3
 1409 0031 0E       		.uleb128 0xe
 1410 0032 00       		.byte	0
 1411 0033 00       		.byte	0
 1412 0034 05       		.uleb128 0x5
 1413 0035 35       		.uleb128 0x35
 1414 0036 00       		.byte	0
 1415 0037 49       		.uleb128 0x49
 1416 0038 13       		.uleb128 0x13
 1417 0039 00       		.byte	0
 1418 003a 00       		.byte	0
 1419 003b 06       		.uleb128 0x6
 1420 003c 13       		.uleb128 0x13
 1421 003d 01       		.byte	0x1
 1422 003e 03       		.uleb128 0x3
 1423 003f 0E       		.uleb128 0xe
 1424 0040 0B       		.uleb128 0xb
 1425 0041 0B       		.uleb128 0xb
ARM GAS  /tmp/cc2de24T.s 			page 26


 1426 0042 3A       		.uleb128 0x3a
 1427 0043 0B       		.uleb128 0xb
 1428 0044 3B       		.uleb128 0x3b
 1429 0045 0B       		.uleb128 0xb
 1430 0046 01       		.uleb128 0x1
 1431 0047 13       		.uleb128 0x13
 1432 0048 00       		.byte	0
 1433 0049 00       		.byte	0
 1434 004a 07       		.uleb128 0x7
 1435 004b 0D       		.uleb128 0xd
 1436 004c 00       		.byte	0
 1437 004d 03       		.uleb128 0x3
 1438 004e 0E       		.uleb128 0xe
 1439 004f 3A       		.uleb128 0x3a
 1440 0050 0B       		.uleb128 0xb
 1441 0051 3B       		.uleb128 0x3b
 1442 0052 0B       		.uleb128 0xb
 1443 0053 49       		.uleb128 0x49
 1444 0054 13       		.uleb128 0x13
 1445 0055 38       		.uleb128 0x38
 1446 0056 0B       		.uleb128 0xb
 1447 0057 00       		.byte	0
 1448 0058 00       		.byte	0
 1449 0059 08       		.uleb128 0x8
 1450 005a 0D       		.uleb128 0xd
 1451 005b 00       		.byte	0
 1452 005c 03       		.uleb128 0x3
 1453 005d 08       		.uleb128 0x8
 1454 005e 3A       		.uleb128 0x3a
 1455 005f 0B       		.uleb128 0xb
 1456 0060 3B       		.uleb128 0x3b
 1457 0061 05       		.uleb128 0x5
 1458 0062 49       		.uleb128 0x49
 1459 0063 13       		.uleb128 0x13
 1460 0064 38       		.uleb128 0x38
 1461 0065 0B       		.uleb128 0xb
 1462 0066 00       		.byte	0
 1463 0067 00       		.byte	0
 1464 0068 09       		.uleb128 0x9
 1465 0069 0D       		.uleb128 0xd
 1466 006a 00       		.byte	0
 1467 006b 03       		.uleb128 0x3
 1468 006c 0E       		.uleb128 0xe
 1469 006d 3A       		.uleb128 0x3a
 1470 006e 0B       		.uleb128 0xb
 1471 006f 3B       		.uleb128 0x3b
 1472 0070 05       		.uleb128 0x5
 1473 0071 49       		.uleb128 0x49
 1474 0072 13       		.uleb128 0x13
 1475 0073 38       		.uleb128 0x38
 1476 0074 0B       		.uleb128 0xb
 1477 0075 00       		.byte	0
 1478 0076 00       		.byte	0
 1479 0077 0A       		.uleb128 0xa
 1480 0078 0F       		.uleb128 0xf
 1481 0079 00       		.byte	0
 1482 007a 0B       		.uleb128 0xb
ARM GAS  /tmp/cc2de24T.s 			page 27


 1483 007b 0B       		.uleb128 0xb
 1484 007c 49       		.uleb128 0x49
 1485 007d 13       		.uleb128 0x13
 1486 007e 00       		.byte	0
 1487 007f 00       		.byte	0
 1488 0080 0B       		.uleb128 0xb
 1489 0081 13       		.uleb128 0x13
 1490 0082 01       		.byte	0x1
 1491 0083 03       		.uleb128 0x3
 1492 0084 0E       		.uleb128 0xe
 1493 0085 0B       		.uleb128 0xb
 1494 0086 0B       		.uleb128 0xb
 1495 0087 3A       		.uleb128 0x3a
 1496 0088 0B       		.uleb128 0xb
 1497 0089 3B       		.uleb128 0x3b
 1498 008a 05       		.uleb128 0x5
 1499 008b 01       		.uleb128 0x1
 1500 008c 13       		.uleb128 0x13
 1501 008d 00       		.byte	0
 1502 008e 00       		.byte	0
 1503 008f 0C       		.uleb128 0xc
 1504 0090 15       		.uleb128 0x15
 1505 0091 01       		.byte	0x1
 1506 0092 27       		.uleb128 0x27
 1507 0093 19       		.uleb128 0x19
 1508 0094 01       		.uleb128 0x1
 1509 0095 13       		.uleb128 0x13
 1510 0096 00       		.byte	0
 1511 0097 00       		.byte	0
 1512 0098 0D       		.uleb128 0xd
 1513 0099 05       		.uleb128 0x5
 1514 009a 00       		.byte	0
 1515 009b 49       		.uleb128 0x49
 1516 009c 13       		.uleb128 0x13
 1517 009d 00       		.byte	0
 1518 009e 00       		.byte	0
 1519 009f 0E       		.uleb128 0xe
 1520 00a0 0F       		.uleb128 0xf
 1521 00a1 00       		.byte	0
 1522 00a2 0B       		.uleb128 0xb
 1523 00a3 0B       		.uleb128 0xb
 1524 00a4 00       		.byte	0
 1525 00a5 00       		.byte	0
 1526 00a6 0F       		.uleb128 0xf
 1527 00a7 13       		.uleb128 0x13
 1528 00a8 01       		.byte	0x1
 1529 00a9 03       		.uleb128 0x3
 1530 00aa 0E       		.uleb128 0xe
 1531 00ab 0B       		.uleb128 0xb
 1532 00ac 05       		.uleb128 0x5
 1533 00ad 3A       		.uleb128 0x3a
 1534 00ae 0B       		.uleb128 0xb
 1535 00af 3B       		.uleb128 0x3b
 1536 00b0 05       		.uleb128 0x5
 1537 00b1 01       		.uleb128 0x1
 1538 00b2 13       		.uleb128 0x13
 1539 00b3 00       		.byte	0
ARM GAS  /tmp/cc2de24T.s 			page 28


 1540 00b4 00       		.byte	0
 1541 00b5 10       		.uleb128 0x10
 1542 00b6 0D       		.uleb128 0xd
 1543 00b7 00       		.byte	0
 1544 00b8 03       		.uleb128 0x3
 1545 00b9 08       		.uleb128 0x8
 1546 00ba 3A       		.uleb128 0x3a
 1547 00bb 0B       		.uleb128 0xb
 1548 00bc 3B       		.uleb128 0x3b
 1549 00bd 0B       		.uleb128 0xb
 1550 00be 49       		.uleb128 0x49
 1551 00bf 13       		.uleb128 0x13
 1552 00c0 38       		.uleb128 0x38
 1553 00c1 0B       		.uleb128 0xb
 1554 00c2 00       		.byte	0
 1555 00c3 00       		.byte	0
 1556 00c4 11       		.uleb128 0x11
 1557 00c5 13       		.uleb128 0x13
 1558 00c6 01       		.byte	0x1
 1559 00c7 0B       		.uleb128 0xb
 1560 00c8 0B       		.uleb128 0xb
 1561 00c9 3A       		.uleb128 0x3a
 1562 00ca 0B       		.uleb128 0xb
 1563 00cb 3B       		.uleb128 0x3b
 1564 00cc 0B       		.uleb128 0xb
 1565 00cd 01       		.uleb128 0x1
 1566 00ce 13       		.uleb128 0x13
 1567 00cf 00       		.byte	0
 1568 00d0 00       		.byte	0
 1569 00d1 12       		.uleb128 0x12
 1570 00d2 17       		.uleb128 0x17
 1571 00d3 01       		.byte	0x1
 1572 00d4 0B       		.uleb128 0xb
 1573 00d5 0B       		.uleb128 0xb
 1574 00d6 3A       		.uleb128 0x3a
 1575 00d7 0B       		.uleb128 0xb
 1576 00d8 3B       		.uleb128 0x3b
 1577 00d9 0B       		.uleb128 0xb
 1578 00da 01       		.uleb128 0x1
 1579 00db 13       		.uleb128 0x13
 1580 00dc 00       		.byte	0
 1581 00dd 00       		.byte	0
 1582 00de 13       		.uleb128 0x13
 1583 00df 0D       		.uleb128 0xd
 1584 00e0 00       		.byte	0
 1585 00e1 03       		.uleb128 0x3
 1586 00e2 0E       		.uleb128 0xe
 1587 00e3 3A       		.uleb128 0x3a
 1588 00e4 0B       		.uleb128 0xb
 1589 00e5 3B       		.uleb128 0x3b
 1590 00e6 05       		.uleb128 0x5
 1591 00e7 49       		.uleb128 0x49
 1592 00e8 13       		.uleb128 0x13
 1593 00e9 00       		.byte	0
 1594 00ea 00       		.byte	0
 1595 00eb 14       		.uleb128 0x14
 1596 00ec 26       		.uleb128 0x26
ARM GAS  /tmp/cc2de24T.s 			page 29


 1597 00ed 00       		.byte	0
 1598 00ee 49       		.uleb128 0x49
 1599 00ef 13       		.uleb128 0x13
 1600 00f0 00       		.byte	0
 1601 00f1 00       		.byte	0
 1602 00f2 15       		.uleb128 0x15
 1603 00f3 01       		.uleb128 0x1
 1604 00f4 01       		.byte	0x1
 1605 00f5 49       		.uleb128 0x49
 1606 00f6 13       		.uleb128 0x13
 1607 00f7 01       		.uleb128 0x1
 1608 00f8 13       		.uleb128 0x13
 1609 00f9 00       		.byte	0
 1610 00fa 00       		.byte	0
 1611 00fb 16       		.uleb128 0x16
 1612 00fc 21       		.uleb128 0x21
 1613 00fd 00       		.byte	0
 1614 00fe 49       		.uleb128 0x49
 1615 00ff 13       		.uleb128 0x13
 1616 0100 2F       		.uleb128 0x2f
 1617 0101 0B       		.uleb128 0xb
 1618 0102 00       		.byte	0
 1619 0103 00       		.byte	0
 1620 0104 17       		.uleb128 0x17
 1621 0105 2E       		.uleb128 0x2e
 1622 0106 01       		.byte	0x1
 1623 0107 03       		.uleb128 0x3
 1624 0108 0E       		.uleb128 0xe
 1625 0109 3A       		.uleb128 0x3a
 1626 010a 0B       		.uleb128 0xb
 1627 010b 3B       		.uleb128 0x3b
 1628 010c 05       		.uleb128 0x5
 1629 010d 27       		.uleb128 0x27
 1630 010e 19       		.uleb128 0x19
 1631 010f 20       		.uleb128 0x20
 1632 0110 0B       		.uleb128 0xb
 1633 0111 01       		.uleb128 0x1
 1634 0112 13       		.uleb128 0x13
 1635 0113 00       		.byte	0
 1636 0114 00       		.byte	0
 1637 0115 18       		.uleb128 0x18
 1638 0116 05       		.uleb128 0x5
 1639 0117 00       		.byte	0
 1640 0118 03       		.uleb128 0x3
 1641 0119 0E       		.uleb128 0xe
 1642 011a 3A       		.uleb128 0x3a
 1643 011b 0B       		.uleb128 0xb
 1644 011c 3B       		.uleb128 0x3b
 1645 011d 05       		.uleb128 0x5
 1646 011e 49       		.uleb128 0x49
 1647 011f 13       		.uleb128 0x13
 1648 0120 00       		.byte	0
 1649 0121 00       		.byte	0
 1650 0122 19       		.uleb128 0x19
 1651 0123 2E       		.uleb128 0x2e
 1652 0124 00       		.byte	0
 1653 0125 03       		.uleb128 0x3
ARM GAS  /tmp/cc2de24T.s 			page 30


 1654 0126 0E       		.uleb128 0xe
 1655 0127 3A       		.uleb128 0x3a
 1656 0128 0B       		.uleb128 0xb
 1657 0129 3B       		.uleb128 0x3b
 1658 012a 05       		.uleb128 0x5
 1659 012b 27       		.uleb128 0x27
 1660 012c 19       		.uleb128 0x19
 1661 012d 20       		.uleb128 0x20
 1662 012e 0B       		.uleb128 0xb
 1663 012f 00       		.byte	0
 1664 0130 00       		.byte	0
 1665 0131 1A       		.uleb128 0x1a
 1666 0132 34       		.uleb128 0x34
 1667 0133 00       		.byte	0
 1668 0134 03       		.uleb128 0x3
 1669 0135 0E       		.uleb128 0xe
 1670 0136 49       		.uleb128 0x49
 1671 0137 13       		.uleb128 0x13
 1672 0138 34       		.uleb128 0x34
 1673 0139 19       		.uleb128 0x19
 1674 013a 1C       		.uleb128 0x1c
 1675 013b 0E       		.uleb128 0xe
 1676 013c 00       		.byte	0
 1677 013d 00       		.byte	0
 1678 013e 1B       		.uleb128 0x1b
 1679 013f 2E       		.uleb128 0x2e
 1680 0140 01       		.byte	0x1
 1681 0141 3F       		.uleb128 0x3f
 1682 0142 19       		.uleb128 0x19
 1683 0143 03       		.uleb128 0x3
 1684 0144 0E       		.uleb128 0xe
 1685 0145 3A       		.uleb128 0x3a
 1686 0146 0B       		.uleb128 0xb
 1687 0147 3B       		.uleb128 0x3b
 1688 0148 0B       		.uleb128 0xb
 1689 0149 27       		.uleb128 0x27
 1690 014a 19       		.uleb128 0x19
 1691 014b 49       		.uleb128 0x49
 1692 014c 13       		.uleb128 0x13
 1693 014d 11       		.uleb128 0x11
 1694 014e 01       		.uleb128 0x1
 1695 014f 12       		.uleb128 0x12
 1696 0150 06       		.uleb128 0x6
 1697 0151 40       		.uleb128 0x40
 1698 0152 18       		.uleb128 0x18
 1699 0153 9742     		.uleb128 0x2117
 1700 0155 19       		.uleb128 0x19
 1701 0156 01       		.uleb128 0x1
 1702 0157 13       		.uleb128 0x13
 1703 0158 00       		.byte	0
 1704 0159 00       		.byte	0
 1705 015a 1C       		.uleb128 0x1c
 1706 015b 34       		.uleb128 0x34
 1707 015c 00       		.byte	0
 1708 015d 03       		.uleb128 0x3
 1709 015e 08       		.uleb128 0x8
 1710 015f 3A       		.uleb128 0x3a
ARM GAS  /tmp/cc2de24T.s 			page 31


 1711 0160 0B       		.uleb128 0xb
 1712 0161 3B       		.uleb128 0x3b
 1713 0162 0B       		.uleb128 0xb
 1714 0163 49       		.uleb128 0x49
 1715 0164 13       		.uleb128 0x13
 1716 0165 02       		.uleb128 0x2
 1717 0166 18       		.uleb128 0x18
 1718 0167 00       		.byte	0
 1719 0168 00       		.byte	0
 1720 0169 1D       		.uleb128 0x1d
 1721 016a 1D       		.uleb128 0x1d
 1722 016b 01       		.byte	0x1
 1723 016c 31       		.uleb128 0x31
 1724 016d 13       		.uleb128 0x13
 1725 016e 11       		.uleb128 0x11
 1726 016f 01       		.uleb128 0x1
 1727 0170 12       		.uleb128 0x12
 1728 0171 06       		.uleb128 0x6
 1729 0172 58       		.uleb128 0x58
 1730 0173 0B       		.uleb128 0xb
 1731 0174 59       		.uleb128 0x59
 1732 0175 0B       		.uleb128 0xb
 1733 0176 01       		.uleb128 0x1
 1734 0177 13       		.uleb128 0x13
 1735 0178 00       		.byte	0
 1736 0179 00       		.byte	0
 1737 017a 1E       		.uleb128 0x1e
 1738 017b 1D       		.uleb128 0x1d
 1739 017c 01       		.byte	0x1
 1740 017d 31       		.uleb128 0x31
 1741 017e 13       		.uleb128 0x13
 1742 017f 11       		.uleb128 0x11
 1743 0180 01       		.uleb128 0x1
 1744 0181 12       		.uleb128 0x12
 1745 0182 06       		.uleb128 0x6
 1746 0183 58       		.uleb128 0x58
 1747 0184 0B       		.uleb128 0xb
 1748 0185 59       		.uleb128 0x59
 1749 0186 05       		.uleb128 0x5
 1750 0187 00       		.byte	0
 1751 0188 00       		.byte	0
 1752 0189 1F       		.uleb128 0x1f
 1753 018a 05       		.uleb128 0x5
 1754 018b 00       		.byte	0
 1755 018c 31       		.uleb128 0x31
 1756 018d 13       		.uleb128 0x13
 1757 018e 02       		.uleb128 0x2
 1758 018f 17       		.uleb128 0x17
 1759 0190 00       		.byte	0
 1760 0191 00       		.byte	0
 1761 0192 20       		.uleb128 0x20
 1762 0193 1D       		.uleb128 0x1d
 1763 0194 01       		.byte	0x1
 1764 0195 31       		.uleb128 0x31
 1765 0196 13       		.uleb128 0x13
 1766 0197 11       		.uleb128 0x11
 1767 0198 01       		.uleb128 0x1
ARM GAS  /tmp/cc2de24T.s 			page 32


 1768 0199 12       		.uleb128 0x12
 1769 019a 06       		.uleb128 0x6
 1770 019b 58       		.uleb128 0x58
 1771 019c 0B       		.uleb128 0xb
 1772 019d 59       		.uleb128 0x59
 1773 019e 0B       		.uleb128 0xb
 1774 019f 00       		.byte	0
 1775 01a0 00       		.byte	0
 1776 01a1 21       		.uleb128 0x21
 1777 01a2 0B       		.uleb128 0xb
 1778 01a3 01       		.byte	0x1
 1779 01a4 11       		.uleb128 0x11
 1780 01a5 01       		.uleb128 0x1
 1781 01a6 12       		.uleb128 0x12
 1782 01a7 06       		.uleb128 0x6
 1783 01a8 00       		.byte	0
 1784 01a9 00       		.byte	0
 1785 01aa 22       		.uleb128 0x22
 1786 01ab 34       		.uleb128 0x34
 1787 01ac 00       		.byte	0
 1788 01ad 31       		.uleb128 0x31
 1789 01ae 13       		.uleb128 0x13
 1790 01af 00       		.byte	0
 1791 01b0 00       		.byte	0
 1792 01b1 23       		.uleb128 0x23
 1793 01b2 05       		.uleb128 0x5
 1794 01b3 00       		.byte	0
 1795 01b4 03       		.uleb128 0x3
 1796 01b5 08       		.uleb128 0x8
 1797 01b6 3A       		.uleb128 0x3a
 1798 01b7 0B       		.uleb128 0xb
 1799 01b8 3B       		.uleb128 0x3b
 1800 01b9 0B       		.uleb128 0xb
 1801 01ba 49       		.uleb128 0x49
 1802 01bb 13       		.uleb128 0x13
 1803 01bc 02       		.uleb128 0x2
 1804 01bd 17       		.uleb128 0x17
 1805 01be 00       		.byte	0
 1806 01bf 00       		.byte	0
 1807 01c0 24       		.uleb128 0x24
 1808 01c1 34       		.uleb128 0x34
 1809 01c2 00       		.byte	0
 1810 01c3 03       		.uleb128 0x3
 1811 01c4 08       		.uleb128 0x8
 1812 01c5 3A       		.uleb128 0x3a
 1813 01c6 0B       		.uleb128 0xb
 1814 01c7 3B       		.uleb128 0x3b
 1815 01c8 0B       		.uleb128 0xb
 1816 01c9 49       		.uleb128 0x49
 1817 01ca 13       		.uleb128 0x13
 1818 01cb 02       		.uleb128 0x2
 1819 01cc 17       		.uleb128 0x17
 1820 01cd 00       		.byte	0
 1821 01ce 00       		.byte	0
 1822 01cf 25       		.uleb128 0x25
 1823 01d0 34       		.uleb128 0x34
 1824 01d1 00       		.byte	0
ARM GAS  /tmp/cc2de24T.s 			page 33


 1825 01d2 03       		.uleb128 0x3
 1826 01d3 0E       		.uleb128 0xe
 1827 01d4 49       		.uleb128 0x49
 1828 01d5 13       		.uleb128 0x13
 1829 01d6 34       		.uleb128 0x34
 1830 01d7 19       		.uleb128 0x19
 1831 01d8 00       		.byte	0
 1832 01d9 00       		.byte	0
 1833 01da 26       		.uleb128 0x26
 1834 01db 898201   		.uleb128 0x4109
 1835 01de 01       		.byte	0x1
 1836 01df 11       		.uleb128 0x11
 1837 01e0 01       		.uleb128 0x1
 1838 01e1 31       		.uleb128 0x31
 1839 01e2 13       		.uleb128 0x13
 1840 01e3 00       		.byte	0
 1841 01e4 00       		.byte	0
 1842 01e5 27       		.uleb128 0x27
 1843 01e6 8A8201   		.uleb128 0x410a
 1844 01e9 00       		.byte	0
 1845 01ea 02       		.uleb128 0x2
 1846 01eb 18       		.uleb128 0x18
 1847 01ec 9142     		.uleb128 0x2111
 1848 01ee 18       		.uleb128 0x18
 1849 01ef 00       		.byte	0
 1850 01f0 00       		.byte	0
 1851 01f1 28       		.uleb128 0x28
 1852 01f2 34       		.uleb128 0x34
 1853 01f3 00       		.byte	0
 1854 01f4 03       		.uleb128 0x3
 1855 01f5 0E       		.uleb128 0xe
 1856 01f6 3A       		.uleb128 0x3a
 1857 01f7 0B       		.uleb128 0xb
 1858 01f8 3B       		.uleb128 0x3b
 1859 01f9 05       		.uleb128 0x5
 1860 01fa 49       		.uleb128 0x49
 1861 01fb 13       		.uleb128 0x13
 1862 01fc 3F       		.uleb128 0x3f
 1863 01fd 19       		.uleb128 0x19
 1864 01fe 3C       		.uleb128 0x3c
 1865 01ff 19       		.uleb128 0x19
 1866 0200 00       		.byte	0
 1867 0201 00       		.byte	0
 1868 0202 29       		.uleb128 0x29
 1869 0203 34       		.uleb128 0x34
 1870 0204 00       		.byte	0
 1871 0205 03       		.uleb128 0x3
 1872 0206 08       		.uleb128 0x8
 1873 0207 3A       		.uleb128 0x3a
 1874 0208 0B       		.uleb128 0xb
 1875 0209 3B       		.uleb128 0x3b
 1876 020a 05       		.uleb128 0x5
 1877 020b 49       		.uleb128 0x49
 1878 020c 13       		.uleb128 0x13
 1879 020d 3F       		.uleb128 0x3f
 1880 020e 19       		.uleb128 0x19
 1881 020f 3C       		.uleb128 0x3c
ARM GAS  /tmp/cc2de24T.s 			page 34


 1882 0210 19       		.uleb128 0x19
 1883 0211 00       		.byte	0
 1884 0212 00       		.byte	0
 1885 0213 2A       		.uleb128 0x2a
 1886 0214 34       		.uleb128 0x34
 1887 0215 00       		.byte	0
 1888 0216 03       		.uleb128 0x3
 1889 0217 0E       		.uleb128 0xe
 1890 0218 3A       		.uleb128 0x3a
 1891 0219 0B       		.uleb128 0xb
 1892 021a 3B       		.uleb128 0x3b
 1893 021b 0B       		.uleb128 0xb
 1894 021c 49       		.uleb128 0x49
 1895 021d 13       		.uleb128 0x13
 1896 021e 3F       		.uleb128 0x3f
 1897 021f 19       		.uleb128 0x19
 1898 0220 02       		.uleb128 0x2
 1899 0221 18       		.uleb128 0x18
 1900 0222 00       		.byte	0
 1901 0223 00       		.byte	0
 1902 0224 2B       		.uleb128 0x2b
 1903 0225 2E       		.uleb128 0x2e
 1904 0226 00       		.byte	0
 1905 0227 3F       		.uleb128 0x3f
 1906 0228 19       		.uleb128 0x19
 1907 0229 3C       		.uleb128 0x3c
 1908 022a 19       		.uleb128 0x19
 1909 022b 6E       		.uleb128 0x6e
 1910 022c 0E       		.uleb128 0xe
 1911 022d 03       		.uleb128 0x3
 1912 022e 0E       		.uleb128 0xe
 1913 022f 3A       		.uleb128 0x3a
 1914 0230 0B       		.uleb128 0xb
 1915 0231 3B       		.uleb128 0x3b
 1916 0232 0B       		.uleb128 0xb
 1917 0233 00       		.byte	0
 1918 0234 00       		.byte	0
 1919 0235 00       		.byte	0
 1920              		.section	.debug_loc,"",%progbits
 1921              	.Ldebug_loc0:
 1922              	.LLST0:
 1923 0000 00000000 		.4byte	.LVL0
 1924 0004 06000000 		.4byte	.LVL1
 1925 0008 0300     		.2byte	0x3
 1926 000a 08       		.byte	0x8
 1927 000b 20       		.byte	0x20
 1928 000c 9F       		.byte	0x9f
 1929 000d 00000000 		.4byte	0
 1930 0011 00000000 		.4byte	0
 1931              	.LLST1:
 1932 0015 10000000 		.4byte	.LVL3
 1933 0019 16000000 		.4byte	.LVL4
 1934 001d 0200     		.2byte	0x2
 1935 001f 30       		.byte	0x30
 1936 0020 9F       		.byte	0x9f
 1937 0021 00000000 		.4byte	0
 1938 0025 00000000 		.4byte	0
ARM GAS  /tmp/cc2de24T.s 			page 35


 1939              	.LLST2:
 1940 0029 00000000 		.4byte	.LVL5
 1941 002d 21000000 		.4byte	.LVL10-1
 1942 0031 0100     		.2byte	0x1
 1943 0033 50       		.byte	0x50
 1944 0034 21000000 		.4byte	.LVL10-1
 1945 0038 2C000000 		.4byte	.LFE228
 1946 003c 0400     		.2byte	0x4
 1947 003e F3       		.byte	0xf3
 1948 003f 01       		.uleb128 0x1
 1949 0040 50       		.byte	0x50
 1950 0041 9F       		.byte	0x9f
 1951 0042 00000000 		.4byte	0
 1952 0046 00000000 		.4byte	0
 1953              	.LLST3:
 1954 004a 0C000000 		.4byte	.LVL7
 1955 004e 26000000 		.4byte	.LVL11
 1956 0052 0100     		.2byte	0x1
 1957 0054 54       		.byte	0x54
 1958 0055 26000000 		.4byte	.LVL11
 1959 0059 2C000000 		.4byte	.LFE228
 1960 005d 0100     		.2byte	0x1
 1961 005f 50       		.byte	0x50
 1962 0060 00000000 		.4byte	0
 1963 0064 00000000 		.4byte	0
 1964              	.LLST4:
 1965 0068 00000000 		.4byte	.LVL5
 1966 006c 08000000 		.4byte	.LVL6
 1967 0070 0300     		.2byte	0x3
 1968 0072 08       		.byte	0x8
 1969 0073 20       		.byte	0x20
 1970 0074 9F       		.byte	0x9f
 1971 0075 00000000 		.4byte	0
 1972 0079 00000000 		.4byte	0
 1973              	.LLST5:
 1974 007d 18000000 		.4byte	.LVL8
 1975 0081 1E000000 		.4byte	.LVL9
 1976 0085 0200     		.2byte	0x2
 1977 0087 30       		.byte	0x30
 1978 0088 9F       		.byte	0x9f
 1979 0089 00000000 		.4byte	0
 1980 008d 00000000 		.4byte	0
 1981              		.section	.debug_aranges,"",%progbits
 1982 0000 24000000 		.4byte	0x24
 1983 0004 0200     		.2byte	0x2
 1984 0006 00000000 		.4byte	.Ldebug_info0
 1985 000a 04       		.byte	0x4
 1986 000b 00       		.byte	0
 1987 000c 0000     		.2byte	0
 1988 000e 0000     		.2byte	0
 1989 0010 00000000 		.4byte	.LFB227
 1990 0014 1C000000 		.4byte	.LFE227-.LFB227
 1991 0018 00000000 		.4byte	.LFB228
 1992 001c 2C000000 		.4byte	.LFE228-.LFB228
 1993 0020 00000000 		.4byte	0
 1994 0024 00000000 		.4byte	0
 1995              		.section	.debug_ranges,"",%progbits
ARM GAS  /tmp/cc2de24T.s 			page 36


 1996              	.Ldebug_ranges0:
 1997 0000 00000000 		.4byte	.LFB227
 1998 0004 1C000000 		.4byte	.LFE227
 1999 0008 00000000 		.4byte	.LFB228
 2000 000c 2C000000 		.4byte	.LFE228
 2001 0010 00000000 		.4byte	0
 2002 0014 00000000 		.4byte	0
 2003              		.section	.debug_line,"",%progbits
 2004              	.Ldebug_line0:
 2005 0000 B2020000 		.section	.debug_str,"MS",%progbits,1
 2005      02005602 
 2005      00000201 
 2005      FB0E0D00 
 2005      01010101 
 2006              	.LASF114:
 2007 0000 63665F6F 		.ascii	"cf_off_older\000"
 2007      66665F6F 
 2007      6C646572 
 2007      00
 2008              	.LASF54:
 2009 000d 72656164 		.ascii	"ready_list_t\000"
 2009      795F6C69 
 2009      73745F74 
 2009      00
 2010              	.LASF4:
 2011 001a 73697A65 		.ascii	"size_t\000"
 2011      5F7400
 2012              	.LASF89:
 2013 0021 7264796D 		.ascii	"rdymsg\000"
 2013      736700
 2014              	.LASF20:
 2015 0028 75696E74 		.ascii	"uint64_t\000"
 2015      36345F74 
 2015      00
 2016              	.LASF5:
 2017 0031 5F5F7569 		.ascii	"__uint8_t\000"
 2017      6E74385F 
 2017      7400
 2018              	.LASF86:
 2019 003b 706F7274 		.ascii	"port_intctx\000"
 2019      5F696E74 
 2019      63747800 
 2020              	.LASF73:
 2021 0047 73797374 		.ascii	"system_debug_t\000"
 2021      656D5F64 
 2021      65627567 
 2021      5F7400
 2022              	.LASF124:
 2023 0056 706F7274 		.ascii	"port_lock\000"
 2023      5F6C6F63 
 2023      6B00
 2024              	.LASF134:
 2025 0060 2F686F6D 		.ascii	"/home/selim/working/ChibiOS/os/rt/src/chregistry.c\000"
 2025      652F7365 
 2025      6C696D2F 
 2025      776F726B 
 2025      696E672F 
ARM GAS  /tmp/cc2de24T.s 			page 37


 2026              	.LASF15:
 2027 0093 6C6F6E67 		.ascii	"long long unsigned int\000"
 2027      206C6F6E 
 2027      6720756E 
 2027      7369676E 
 2027      65642069 
 2028              	.LASF110:
 2029 00aa 63685F74 		.ascii	"ch_threadsize\000"
 2029      68726561 
 2029      6473697A 
 2029      6500
 2030              	.LASF90:
 2031 00b8 65786974 		.ascii	"exitcode\000"
 2031      636F6465 
 2031      00
 2032              	.LASF80:
 2033 00c1 6D61696E 		.ascii	"mainthread\000"
 2033      74687265 
 2033      616400
 2034              	.LASF129:
 2035 00cc 63685265 		.ascii	"chRegFirstThread\000"
 2035      67466972 
 2035      73745468 
 2035      72656164 
 2035      00
 2036              	.LASF131:
 2037 00dd 49544D5F 		.ascii	"ITM_RxBuffer\000"
 2037      52784275 
 2037      66666572 
 2037      00
 2038              	.LASF53:
 2039 00ea 63685F74 		.ascii	"ch_threads_queue\000"
 2039      68726561 
 2039      64735F71 
 2039      75657565 
 2039      00
 2040              	.LASF33:
 2041 00fb 705F7072 		.ascii	"p_prio\000"
 2041      696F00
 2042              	.LASF117:
 2043 0102 63665F6F 		.ascii	"cf_off_state\000"
 2043      66665F73 
 2043      74617465 
 2043      00
 2044              	.LASF1:
 2045 010f 6C6F6E67 		.ascii	"long long int\000"
 2045      206C6F6E 
 2045      6720696E 
 2045      7400
 2046              	.LASF3:
 2047 011d 7369676E 		.ascii	"signed char\000"
 2047      65642063 
 2047      68617200 
 2048              	.LASF116:
 2049 0129 63665F6F 		.ascii	"cf_off_stklimit\000"
 2049      66665F73 
 2049      746B6C69 
ARM GAS  /tmp/cc2de24T.s 			page 38


 2049      6D697400 
 2050              	.LASF118:
 2051 0139 63665F6F 		.ascii	"cf_off_flags\000"
 2051      66665F66 
 2051      6C616773 
 2051      00
 2052              	.LASF47:
 2053 0146 705F6D70 		.ascii	"p_mpool\000"
 2053      6F6F6C00 
 2054              	.LASF100:
 2055 014e 6D5F7175 		.ascii	"m_queue\000"
 2055      65756500 
 2056              	.LASF79:
 2057 0156 76746C69 		.ascii	"vtlist\000"
 2057      737400
 2058              	.LASF125:
 2059 015d 706F7274 		.ascii	"port_unlock\000"
 2059      5F756E6C 
 2059      6F636B00 
 2060              	.LASF92:
 2061 0169 77747472 		.ascii	"wttrp\000"
 2061      7000
 2062              	.LASF77:
 2063 016f 63685F73 		.ascii	"ch_system\000"
 2063      79737465 
 2063      6D00
 2064              	.LASF11:
 2065 0179 6C6F6E67 		.ascii	"long int\000"
 2065      20696E74 
 2065      00
 2066              	.LASF23:
 2067 0182 74737461 		.ascii	"tstate_t\000"
 2067      74655F74 
 2067      00
 2068              	.LASF107:
 2069 018b 63685F76 		.ascii	"ch_version\000"
 2069      65727369 
 2069      6F6E00
 2070              	.LASF122:
 2071 0196 63686465 		.ascii	"chdebug_t\000"
 2071      6275675F 
 2071      7400
 2072              	.LASF35:
 2073 01a0 705F6E65 		.ascii	"p_newer\000"
 2073      77657200 
 2074              	.LASF97:
 2075 01a8 735F7175 		.ascii	"s_queue\000"
 2075      65756500 
 2076              	.LASF59:
 2077 01b0 725F6E65 		.ascii	"r_newer\000"
 2077      77657200 
 2078              	.LASF83:
 2079 01b8 72656761 		.ascii	"regarm_t\000"
 2079      726D5F74 
 2079      00
 2080              	.LASF66:
 2081 01c1 76745F70 		.ascii	"vt_prev\000"
ARM GAS  /tmp/cc2de24T.s 			page 39


 2081      72657600 
 2082              	.LASF123:
 2083 01c9 6D757465 		.ascii	"mutex_t\000"
 2083      785F7400 
 2084              	.LASF135:
 2085 01d1 76616C75 		.ascii	"value\000"
 2085      6500
 2086              	.LASF81:
 2087 01d7 69646C65 		.ascii	"idle_thread_wa\000"
 2087      5F746872 
 2087      6561645F 
 2087      776100
 2088              	.LASF28:
 2089 01e6 636E745F 		.ascii	"cnt_t\000"
 2089      7400
 2090              	.LASF0:
 2091 01ec 756E7369 		.ascii	"unsigned int\000"
 2091      676E6564 
 2091      20696E74 
 2091      00
 2092              	.LASF65:
 2093 01f9 76745F6E 		.ascii	"vt_next\000"
 2093      65787400 
 2094              	.LASF17:
 2095 0201 75696E74 		.ascii	"uint16_t\000"
 2095      31365F74 
 2095      00
 2096              	.LASF93:
 2097 020a 77747365 		.ascii	"wtsemp\000"
 2097      6D7000
 2098              	.LASF42:
 2099 0211 705F6D73 		.ascii	"p_msgqueue\000"
 2099      67717565 
 2099      756500
 2100              	.LASF132:
 2101 021c 63685F64 		.ascii	"ch_debug\000"
 2101      65627567 
 2101      00
 2102              	.LASF98:
 2103 0225 735F636E 		.ascii	"s_cnt\000"
 2103      7400
 2104              	.LASF9:
 2105 022b 73686F72 		.ascii	"short unsigned int\000"
 2105      7420756E 
 2105      7369676E 
 2105      65642069 
 2105      6E7400
 2106              	.LASF50:
 2107 023e 63685F74 		.ascii	"ch_thread\000"
 2107      68726561 
 2107      6400
 2108              	.LASF26:
 2109 0248 6D73675F 		.ascii	"msg_t\000"
 2109      7400
 2110              	.LASF76:
 2111 024e 63685F73 		.ascii	"ch_system_t\000"
 2111      79737465 
ARM GAS  /tmp/cc2de24T.s 			page 40


 2111      6D5F7400 
 2112              	.LASF121:
 2113 025a 63665F6F 		.ascii	"cf_off_time\000"
 2113      66665F74 
 2113      696D6500 
 2114              	.LASF55:
 2115 0266 63685F72 		.ascii	"ch_ready_list\000"
 2115      65616479 
 2115      5F6C6973 
 2115      7400
 2116              	.LASF27:
 2117 0274 6576656E 		.ascii	"eventmask_t\000"
 2117      746D6173 
 2117      6B5F7400 
 2118              	.LASF10:
 2119 0280 5F5F696E 		.ascii	"__int32_t\000"
 2119      7433325F 
 2119      7400
 2120              	.LASF70:
 2121 028a 76697274 		.ascii	"virtual_timers_list_t\000"
 2121      75616C5F 
 2121      74696D65 
 2121      72735F6C 
 2121      6973745F 
 2122              	.LASF84:
 2123 02a0 73746B61 		.ascii	"stkalign_t\000"
 2123      6C69676E 
 2123      5F7400
 2124              	.LASF105:
 2125 02ab 63685F7A 		.ascii	"ch_zero\000"
 2125      65726F00 
 2126              	.LASF119:
 2127 02b3 63665F6F 		.ascii	"cf_off_refs\000"
 2127      66665F72 
 2127      65667300 
 2128              	.LASF41:
 2129 02bf 705F7761 		.ascii	"p_waiting\000"
 2129      6974696E 
 2129      6700
 2130              	.LASF82:
 2131 02c9 73697A65 		.ascii	"sizetype\000"
 2131      74797065 
 2131      00
 2132              	.LASF48:
 2133 02d2 74687265 		.ascii	"thread_reference_t\000"
 2133      61645F72 
 2133      65666572 
 2133      656E6365 
 2133      5F7400
 2134              	.LASF71:
 2135 02e5 63685F76 		.ascii	"ch_virtual_timers_list\000"
 2135      69727475 
 2135      616C5F74 
 2135      696D6572 
 2135      735F6C69 
 2136              	.LASF2:
 2137 02fc 6C6F6E67 		.ascii	"long double\000"
ARM GAS  /tmp/cc2de24T.s 			page 41


 2137      20646F75 
 2137      626C6500 
 2138              	.LASF109:
 2139 0308 63685F74 		.ascii	"ch_timesize\000"
 2139      696D6573 
 2139      697A6500 
 2140              	.LASF115:
 2141 0314 63665F6F 		.ascii	"cf_off_name\000"
 2141      66665F6E 
 2141      616D6500 
 2142              	.LASF36:
 2143 0320 705F6F6C 		.ascii	"p_older\000"
 2143      64657200 
 2144              	.LASF58:
 2145 0328 725F6374 		.ascii	"r_ctx\000"
 2145      7800
 2146              	.LASF34:
 2147 032e 705F6374 		.ascii	"p_ctx\000"
 2147      7800
 2148              	.LASF88:
 2149 0334 746D5F63 		.ascii	"tm_calibration_t\000"
 2149      616C6962 
 2149      72617469 
 2149      6F6E5F74 
 2149      00
 2150              	.LASF61:
 2151 0345 725F6375 		.ascii	"r_current\000"
 2151      7272656E 
 2151      7400
 2152              	.LASF60:
 2153 034f 725F6F6C 		.ascii	"r_older\000"
 2153      64657200 
 2154              	.LASF14:
 2155 0357 5F5F7569 		.ascii	"__uint64_t\000"
 2155      6E743634 
 2155      5F7400
 2156              	.LASF24:
 2157 0362 74726566 		.ascii	"trefs_t\000"
 2157      735F7400 
 2158              	.LASF108:
 2159 036a 63685F70 		.ascii	"ch_ptrsize\000"
 2159      74727369 
 2159      7A6500
 2160              	.LASF63:
 2161 0375 76697274 		.ascii	"virtual_timer_t\000"
 2161      75616C5F 
 2161      74696D65 
 2161      725F7400 
 2162              	.LASF32:
 2163 0385 705F7072 		.ascii	"p_prev\000"
 2163      657600
 2164              	.LASF25:
 2165 038c 74707269 		.ascii	"tprio_t\000"
 2165      6F5F7400 
 2166              	.LASF74:
 2167 0394 63685F73 		.ascii	"ch_system_debug\000"
 2167      79737465 
ARM GAS  /tmp/cc2de24T.s 			page 42


 2167      6D5F6465 
 2167      62756700 
 2168              	.LASF18:
 2169 03a4 696E7433 		.ascii	"int32_t\000"
 2169      325F7400 
 2170              	.LASF6:
 2171 03ac 756E7369 		.ascii	"unsigned char\000"
 2171      676E6564 
 2171      20636861 
 2171      7200
 2172              	.LASF45:
 2173 03ba 705F6D74 		.ascii	"p_mtxlist\000"
 2173      786C6973 
 2173      7400
 2174              	.LASF7:
 2175 03c4 73686F72 		.ascii	"short int\000"
 2175      7420696E 
 2175      7400
 2176              	.LASF38:
 2177 03ce 705F7374 		.ascii	"p_state\000"
 2177      61746500 
 2178              	.LASF57:
 2179 03d6 725F7072 		.ascii	"r_prio\000"
 2179      696F00
 2180              	.LASF133:
 2181 03dd 474E5520 		.ascii	"GNU C11 5.3.1 20160307 (release) [ARM/embedded-5-br"
 2181      43313120 
 2181      352E332E 
 2181      31203230 
 2181      31363033 
 2182 0410 616E6368 		.ascii	"anch revision 234589] -mcpu=cortex-m4 -mno-thumb-in"
 2182      20726576 
 2182      6973696F 
 2182      6E203233 
 2182      34353839 
 2183 0443 74657277 		.ascii	"terwork -mthumb -ggdb -O2 -fomit-frame-pointer -fal"
 2183      6F726B20 
 2183      2D6D7468 
 2183      756D6220 
 2183      2D676764 
 2184 0476 69676E2D 		.ascii	"ign-functions=16 -ffunction-sections -fdata-section"
 2184      66756E63 
 2184      74696F6E 
 2184      733D3136 
 2184      202D6666 
 2185 04a9 73202D66 		.ascii	"s -fno-common\000"
 2185      6E6F2D63 
 2185      6F6D6D6F 
 2185      6E00
 2186              	.LASF95:
 2187 04b7 65776D61 		.ascii	"ewmask\000"
 2187      736B00
 2188              	.LASF31:
 2189 04be 705F6E65 		.ascii	"p_next\000"
 2189      787400
 2190              	.LASF22:
 2191 04c5 746D6F64 		.ascii	"tmode_t\000"
ARM GAS  /tmp/cc2de24T.s 			page 43


 2191      655F7400 
 2192              	.LASF120:
 2193 04cd 63665F6F 		.ascii	"cf_off_preempt\000"
 2193      66665F70 
 2193      7265656D 
 2193      707400
 2194              	.LASF39:
 2195 04dc 705F666C 		.ascii	"p_flags\000"
 2195      61677300 
 2196              	.LASF136:
 2197 04e4 5F5F6675 		.ascii	"__func__\000"
 2197      6E635F5F 
 2197      00
 2198              	.LASF128:
 2199 04ed 63685379 		.ascii	"chSysLock\000"
 2199      734C6F63 
 2199      6B00
 2200              	.LASF137:
 2201 04f7 63685468 		.ascii	"chThdRelease\000"
 2201      6452656C 
 2201      65617365 
 2201      00
 2202              	.LASF52:
 2203 0504 74687265 		.ascii	"threads_queue_t\000"
 2203      6164735F 
 2203      71756575 
 2203      655F7400 
 2204              	.LASF64:
 2205 0514 63685F76 		.ascii	"ch_virtual_timer\000"
 2205      69727475 
 2205      616C5F74 
 2205      696D6572 
 2205      00
 2206              	.LASF113:
 2207 0525 63665F6F 		.ascii	"cf_off_newer\000"
 2207      66665F6E 
 2207      65776572 
 2207      00
 2208              	.LASF96:
 2209 0532 63685F73 		.ascii	"ch_semaphore\000"
 2209      656D6170 
 2209      686F7265 
 2209      00
 2210              	.LASF44:
 2211 053f 705F6570 		.ascii	"p_epending\000"
 2211      656E6469 
 2211      6E6700
 2212              	.LASF19:
 2213 054a 75696E74 		.ascii	"uint32_t\000"
 2213      33325F74 
 2213      00
 2214              	.LASF111:
 2215 0553 63665F6F 		.ascii	"cf_off_prio\000"
 2215      66665F70 
 2215      72696F00 
 2216              	.LASF56:
 2217 055f 725F7175 		.ascii	"r_queue\000"
ARM GAS  /tmp/cc2de24T.s 			page 44


 2217      65756500 
 2218              	.LASF67:
 2219 0567 76745F64 		.ascii	"vt_delta\000"
 2219      656C7461 
 2219      00
 2220              	.LASF51:
 2221 0570 63685F74 		.ascii	"ch_threads_list\000"
 2221      68726561 
 2221      64735F6C 
 2221      69737400 
 2222              	.LASF106:
 2223 0580 63685F73 		.ascii	"ch_size\000"
 2223      697A6500 
 2224              	.LASF13:
 2225 0588 6C6F6E67 		.ascii	"long unsigned int\000"
 2225      20756E73 
 2225      69676E65 
 2225      6420696E 
 2225      7400
 2226              	.LASF103:
 2227 059a 63686172 		.ascii	"char\000"
 2227      00
 2228              	.LASF130:
 2229 059f 63685265 		.ascii	"chRegNextThread\000"
 2229      674E6578 
 2229      74546872 
 2229      65616400 
 2230              	.LASF94:
 2231 05af 77746D74 		.ascii	"wtmtxp\000"
 2231      787000
 2232              	.LASF8:
 2233 05b6 5F5F7569 		.ascii	"__uint16_t\000"
 2233      6E743136 
 2233      5F7400
 2234              	.LASF30:
 2235 05c1 74687265 		.ascii	"thread_t\000"
 2235      61645F74 
 2235      00
 2236              	.LASF102:
 2237 05ca 6D5F6E65 		.ascii	"m_next\000"
 2237      787400
 2238              	.LASF29:
 2239 05d1 73797374 		.ascii	"systime_t\000"
 2239      696D655F 
 2239      7400
 2240              	.LASF46:
 2241 05db 705F7265 		.ascii	"p_realprio\000"
 2241      616C7072 
 2241      696F00
 2242              	.LASF62:
 2243 05e6 76746675 		.ascii	"vtfunc_t\000"
 2243      6E635F74 
 2243      00
 2244              	.LASF12:
 2245 05ef 5F5F7569 		.ascii	"__uint32_t\000"
 2245      6E743332 
 2245      5F7400
ARM GAS  /tmp/cc2de24T.s 			page 45


 2246              	.LASF126:
 2247 05fa 5F5F7365 		.ascii	"__set_BASEPRI\000"
 2247      745F4241 
 2247      53455052 
 2247      4900
 2248              	.LASF75:
 2249 0608 70616E69 		.ascii	"panic_msg\000"
 2249      635F6D73 
 2249      6700
 2250              	.LASF87:
 2251 0612 6F666673 		.ascii	"offset\000"
 2251      657400
 2252              	.LASF85:
 2253 0619 636F6E74 		.ascii	"context\000"
 2253      65787400 
 2254              	.LASF21:
 2255 0621 7274636E 		.ascii	"rtcnt_t\000"
 2255      745F7400 
 2256              	.LASF69:
 2257 0629 76745F70 		.ascii	"vt_par\000"
 2257      617200
 2258              	.LASF112:
 2259 0630 63665F6F 		.ascii	"cf_off_ctx\000"
 2259      66665F63 
 2259      747800
 2260              	.LASF99:
 2261 063b 63685F6D 		.ascii	"ch_mutex\000"
 2261      75746578 
 2261      00
 2262              	.LASF40:
 2263 0644 705F7265 		.ascii	"p_refs\000"
 2263      667300
 2264              	.LASF78:
 2265 064b 726C6973 		.ascii	"rlist\000"
 2265      7400
 2266              	.LASF16:
 2267 0651 75696E74 		.ascii	"uint8_t\000"
 2267      385F7400 
 2268              	.LASF72:
 2269 0659 76745F6C 		.ascii	"vt_lasttime\000"
 2269      61737474 
 2269      696D6500 
 2270              	.LASF91:
 2271 0665 77746F62 		.ascii	"wtobjp\000"
 2271      6A7000
 2272              	.LASF37:
 2273 066c 705F6E61 		.ascii	"p_name\000"
 2273      6D6500
 2274              	.LASF49:
 2275 0673 74687265 		.ascii	"threads_list_t\000"
 2275      6164735F 
 2275      6C697374 
 2275      5F7400
 2276              	.LASF127:
 2277 0682 63685379 		.ascii	"chSysUnlock\000"
 2277      73556E6C 
 2277      6F636B00 
ARM GAS  /tmp/cc2de24T.s 			page 46


 2278              	.LASF43:
 2279 068e 705F6D73 		.ascii	"p_msg\000"
 2279      6700
 2280              	.LASF101:
 2281 0694 6D5F6F77 		.ascii	"m_owner\000"
 2281      6E657200 
 2282              	.LASF104:
 2283 069c 63685F69 		.ascii	"ch_identifier\000"
 2283      64656E74 
 2283      69666965 
 2283      7200
 2284              	.LASF68:
 2285 06aa 76745F66 		.ascii	"vt_func\000"
 2285      756E6300 
 2286              		.ident	"GCC: (GNU Tools for ARM Embedded Processors) 5.3.1 20160307 (release) [ARM/embedded-5-bran
ARM GAS  /tmp/cc2de24T.s 			page 47


DEFINED SYMBOLS
                            *ABS*:0000000000000000 chregistry.c
     /tmp/cc2de24T.s:20     .text.chRegFirstThread:0000000000000000 $t
     /tmp/cc2de24T.s:26     .text.chRegFirstThread:0000000000000000 chRegFirstThread
     /tmp/cc2de24T.s:86     .text.chRegFirstThread:0000000000000018 $d
     /tmp/cc2de24T.s:91     .text.chRegNextThread:0000000000000000 $t
     /tmp/cc2de24T.s:97     .text.chRegNextThread:0000000000000000 chRegNextThread
     /tmp/cc2de24T.s:169    .text.chRegNextThread:0000000000000028 $d
     /tmp/cc2de24T.s:178    .rodata.ch_debug:0000000000000000 ch_debug
     /tmp/cc2de24T.s:175    .rodata.ch_debug:0000000000000000 $d
                     .debug_frame:0000000000000010 $d

UNDEFINED SYMBOLS
ch
chThdRelease
