ARM GAS  /tmp/ccIxAfLh.s 			page 1


   1              		.syntax unified
   2              		.cpu cortex-m4
   3              		.fpu softvfp
   4              		.eabi_attribute 20, 1
   5              		.eabi_attribute 21, 1
   6              		.eabi_attribute 23, 3
   7              		.eabi_attribute 24, 1
   8              		.eabi_attribute 25, 1
   9              		.eabi_attribute 26, 1
  10              		.eabi_attribute 30, 2
  11              		.eabi_attribute 34, 1
  12              		.eabi_attribute 18, 4
  13              		.thumb
  14              		.syntax unified
  15              		.file	"hal.c"
  16              		.text
  17              	.Ltext0:
  18              		.cfi_sections	.debug_frame
  19              		.section	.text.halInit,"ax",%progbits
  20              		.align	2
  21              		.p2align 4,,15
  22              		.global	halInit
  23              		.thumb
  24              		.thumb_func
  25              		.type	halInit, %function
  26              	halInit:
  27              	.LFB258:
  28              		.file 1 "/home/selim/working/ChibiOS/os/hal/src/hal.c"
  29              		.loc 1 56 0
  30              		.cfi_startproc
  31              		@ args = 0, pretend = 0, frame = 0
  32              		@ frame_needed = 0, uses_anonymous_args = 0
  33 0000 08B5     		push	{r3, lr}
  34              		.cfi_def_cfa_offset 8
  35              		.cfi_offset 3, -8
  36              		.cfi_offset 14, -4
  37              		.loc 1 62 0
  38 0002 FFF7FEFF 		bl	hal_lld_init
  39              	.LVL0:
  40              		.loc 1 65 0
  41 0006 0B48     		ldr	r0, .L3
  42 0008 FFF7FEFF 		bl	_pal_lld_init
  43              	.LVL1:
  44              		.loc 1 68 0
  45 000c FFF7FEFF 		bl	adcInit
  46              	.LVL2:
  47              		.loc 1 80 0
  48 0010 FFF7FEFF 		bl	gptInit
  49              	.LVL3:
  50              		.loc 1 95 0
  51 0014 FFF7FEFF 		bl	pwmInit
  52              	.LVL4:
  53              		.loc 1 98 0
  54 0018 FFF7FEFF 		bl	sdInit
  55              	.LVL5:
  56              		.loc 1 104 0
  57 001c FFF7FEFF 		bl	spiInit
ARM GAS  /tmp/ccIxAfLh.s 			page 2


  58              	.LVL6:
  59              		.loc 1 110 0
  60 0020 FFF7FEFF 		bl	usbInit
  61              	.LVL7:
  62              		.loc 1 116 0
  63 0024 FFF7FEFF 		bl	sduInit
  64              	.LVL8:
  65              		.loc 1 130 0
  66 0028 FFF7FEFF 		bl	boardInit
  67              	.LVL9:
  68              		.loc 1 139 0
  69 002c BDE80840 		pop	{r3, lr}
  70              		.cfi_restore 14
  71              		.cfi_restore 3
  72              		.cfi_def_cfa_offset 0
  73              		.loc 1 137 0
  74 0030 FFF7FEBF 		b	stInit
  75              	.LVL10:
  76              	.L4:
  77              		.align	2
  78              	.L3:
  79 0034 00000000 		.word	pal_default_config
  80              		.cfi_endproc
  81              	.LFE258:
  82              		.size	halInit, .-halInit
  83              		.text
  84              	.Letext0:
  85              		.file 2 "/usr/arm-none-eabi/include/machine/_default_types.h"
  86              		.file 3 "/usr/arm-none-eabi/include/sys/_stdint.h"
  87              		.file 4 "/home/selim/working/ChibiOS/os/rt/ports/ARMCMx/compilers/GCC/chtypes.h"
  88              		.file 5 "/home/selim/working/ChibiOS/os/rt/include/chsystypes.h"
  89              		.file 6 "/home/selim/working/ChibiOS/os/rt/include/chschd.h"
  90              		.file 7 "/home/selim/working/ChibiOS/os/rt/ports/ARMCMx/chcore.h"
  91              		.file 8 "/home/selim/working/ChibiOS/os/rt/ports/ARMCMx/chcore_v7m.h"
  92              		.file 9 "/home/selim/working/ChibiOS/os/rt/include/chtm.h"
  93              		.file 10 "/home/selim/working/ChibiOS/os/rt/include/chsem.h"
  94              		.file 11 "/home/selim/working/ChibiOS/os/rt/include/chmtx.h"
  95              		.file 12 "/home/selim/working/ChibiOS/os/hal/ports/STM32/LLD/GPIOv2/pal_lld.h"
  96              		.file 13 "/home/selim/working/ChibiOS/os/ext/CMSIS/include/core_cm4.h"
  97              		.file 14 "/home/selim/working/ChibiOS/os/hal/ports/STM32/STM32F4xx/hal_lld.h"
  98              		.file 15 "/home/selim/working/ChibiOS/os/hal/include/adc.h"
  99              		.file 16 "/home/selim/working/ChibiOS/os/hal/include/gpt.h"
 100              		.file 17 "/home/selim/working/ChibiOS/os/hal/include/pwm.h"
 101              		.file 18 "/home/selim/working/ChibiOS/os/hal/include/serial.h"
 102              		.file 19 "/home/selim/working/ChibiOS/os/hal/include/spi.h"
 103              		.file 20 "/home/selim/working/ChibiOS/os/hal/include/usb.h"
 104              		.file 21 "/home/selim/working/ChibiOS/os/hal/include/serial_usb.h"
 105              		.file 22 "/home/selim/working/ChibiOS/os/hal/boards/ST_STM32F4_DISCOVERY/board.h"
 106              		.file 23 "/home/selim/working/ChibiOS/os/hal/include/st.h"
 107              		.file 24 "/home/selim/working/ChibiOS/os/hal/osal/rt/osal.h"
 108              		.section	.debug_info,"",%progbits
 109              	.Ldebug_info0:
 110 0000 34080000 		.4byte	0x834
 111 0004 0400     		.2byte	0x4
 112 0006 00000000 		.4byte	.Ldebug_abbrev0
 113 000a 04       		.byte	0x4
 114 000b 01       		.uleb128 0x1
ARM GAS  /tmp/ccIxAfLh.s 			page 3


 115 000c B4030000 		.4byte	.LASF133
 116 0010 0C       		.byte	0xc
 117 0011 62000000 		.4byte	.LASF134
 118 0015 00000000 		.4byte	.Ldebug_ranges0+0
 119 0019 00000000 		.4byte	0
 120 001d 00000000 		.4byte	.Ldebug_line0
 121 0021 02       		.uleb128 0x2
 122 0022 04       		.byte	0x4
 123 0023 05       		.byte	0x5
 124 0024 696E7400 		.ascii	"int\000"
 125 0028 03       		.uleb128 0x3
 126 0029 04       		.byte	0x4
 127 002a 07       		.byte	0x7
 128 002b B9010000 		.4byte	.LASF0
 129 002f 03       		.uleb128 0x3
 130 0030 08       		.byte	0x8
 131 0031 05       		.byte	0x5
 132 0032 02010000 		.4byte	.LASF1
 133 0036 03       		.uleb128 0x3
 134 0037 08       		.byte	0x8
 135 0038 04       		.byte	0x4
 136 0039 B8020000 		.4byte	.LASF2
 137 003d 03       		.uleb128 0x3
 138 003e 01       		.byte	0x1
 139 003f 06       		.byte	0x6
 140 0040 10010000 		.4byte	.LASF3
 141 0044 04       		.uleb128 0x4
 142 0045 3D000000 		.4byte	.LASF7
 143 0049 02       		.byte	0x2
 144 004a 1D       		.byte	0x1d
 145 004b 4F000000 		.4byte	0x4f
 146 004f 03       		.uleb128 0x3
 147 0050 01       		.byte	0x1
 148 0051 08       		.byte	0x8
 149 0052 66030000 		.4byte	.LASF4
 150 0056 03       		.uleb128 0x3
 151 0057 02       		.byte	0x2
 152 0058 05       		.byte	0x5
 153 0059 91030000 		.4byte	.LASF5
 154 005d 03       		.uleb128 0x3
 155 005e 02       		.byte	0x2
 156 005f 07       		.byte	0x7
 157 0060 F7010000 		.4byte	.LASF6
 158 0064 04       		.uleb128 0x4
 159 0065 4F020000 		.4byte	.LASF8
 160 0069 02       		.byte	0x2
 161 006a 3F       		.byte	0x3f
 162 006b 6F000000 		.4byte	0x6f
 163 006f 03       		.uleb128 0x3
 164 0070 04       		.byte	0x4
 165 0071 05       		.byte	0x5
 166 0072 3C010000 		.4byte	.LASF9
 167 0076 04       		.uleb128 0x4
 168 0077 59050000 		.4byte	.LASF10
 169 007b 02       		.byte	0x2
 170 007c 41       		.byte	0x41
 171 007d 81000000 		.4byte	0x81
ARM GAS  /tmp/ccIxAfLh.s 			page 4


 172 0081 03       		.uleb128 0x3
 173 0082 04       		.byte	0x4
 174 0083 07       		.byte	0x7
 175 0084 0C050000 		.4byte	.LASF11
 176 0088 04       		.uleb128 0x4
 177 0089 0D030000 		.4byte	.LASF12
 178 008d 02       		.byte	0x2
 179 008e 5B       		.byte	0x5b
 180 008f 93000000 		.4byte	0x93
 181 0093 03       		.uleb128 0x3
 182 0094 08       		.byte	0x8
 183 0095 07       		.byte	0x7
 184 0096 96000000 		.4byte	.LASF13
 185 009a 04       		.uleb128 0x4
 186 009b CD050000 		.4byte	.LASF14
 187 009f 03       		.byte	0x3
 188 00a0 14       		.byte	0x14
 189 00a1 44000000 		.4byte	0x44
 190 00a5 04       		.uleb128 0x4
 191 00a6 5E030000 		.4byte	.LASF15
 192 00aa 03       		.byte	0x3
 193 00ab 1F       		.byte	0x1f
 194 00ac 64000000 		.4byte	0x64
 195 00b0 04       		.uleb128 0x4
 196 00b1 DB040000 		.4byte	.LASF16
 197 00b5 03       		.byte	0x3
 198 00b6 20       		.byte	0x20
 199 00b7 76000000 		.4byte	0x76
 200 00bb 04       		.uleb128 0x4
 201 00bc 34000000 		.4byte	.LASF17
 202 00c0 03       		.byte	0x3
 203 00c1 26       		.byte	0x26
 204 00c2 88000000 		.4byte	0x88
 205 00c6 05       		.uleb128 0x5
 206 00c7 A5000000 		.4byte	0xa5
 207 00cb 04       		.uleb128 0x4
 208 00cc 8A050000 		.4byte	.LASF18
 209 00d0 04       		.byte	0x4
 210 00d1 46       		.byte	0x46
 211 00d2 B0000000 		.4byte	0xb0
 212 00d6 04       		.uleb128 0x4
 213 00d7 2D020000 		.4byte	.LASF19
 214 00db 04       		.byte	0x4
 215 00dc 49       		.byte	0x49
 216 00dd 9A000000 		.4byte	0x9a
 217 00e1 04       		.uleb128 0x4
 218 00e2 4C010000 		.4byte	.LASF20
 219 00e6 04       		.byte	0x4
 220 00e7 4A       		.byte	0x4a
 221 00e8 9A000000 		.4byte	0x9a
 222 00ec 04       		.uleb128 0x4
 223 00ed 18030000 		.4byte	.LASF21
 224 00f1 04       		.byte	0x4
 225 00f2 4B       		.byte	0x4b
 226 00f3 9A000000 		.4byte	0x9a
 227 00f7 04       		.uleb128 0x4
 228 00f8 40030000 		.4byte	.LASF22
ARM GAS  /tmp/ccIxAfLh.s 			page 5


 229 00fc 04       		.byte	0x4
 230 00fd 4D       		.byte	0x4d
 231 00fe B0000000 		.4byte	0xb0
 232 0102 04       		.uleb128 0x4
 233 0103 1B020000 		.4byte	.LASF23
 234 0107 04       		.byte	0x4
 235 0108 4E       		.byte	0x4e
 236 0109 A5000000 		.4byte	0xa5
 237 010d 04       		.uleb128 0x4
 238 010e 43020000 		.4byte	.LASF24
 239 0112 04       		.byte	0x4
 240 0113 50       		.byte	0x50
 241 0114 B0000000 		.4byte	0xb0
 242 0118 04       		.uleb128 0x4
 243 0119 B3010000 		.4byte	.LASF25
 244 011d 04       		.byte	0x4
 245 011e 52       		.byte	0x52
 246 011f A5000000 		.4byte	0xa5
 247 0123 04       		.uleb128 0x4
 248 0124 3B050000 		.4byte	.LASF26
 249 0128 05       		.byte	0x5
 250 0129 33       		.byte	0x33
 251 012a B0000000 		.4byte	0xb0
 252 012e 04       		.uleb128 0x4
 253 012f 2B050000 		.4byte	.LASF27
 254 0133 05       		.byte	0x5
 255 0134 3F       		.byte	0x3f
 256 0135 39010000 		.4byte	0x139
 257 0139 06       		.uleb128 0x6
 258 013a 11020000 		.4byte	.LASF47
 259 013e 44       		.byte	0x44
 260 013f 06       		.byte	0x6
 261 0140 C2       		.byte	0xc2
 262 0141 26020000 		.4byte	0x226
 263 0145 07       		.uleb128 0x7
 264 0146 9C040000 		.4byte	.LASF28
 265 014a 06       		.byte	0x6
 266 014b C3       		.byte	0xc3
 267 014c 31020000 		.4byte	0x231
 268 0150 00       		.byte	0
 269 0151 07       		.uleb128 0x7
 270 0152 30030000 		.4byte	.LASF29
 271 0156 06       		.byte	0x6
 272 0157 C5       		.byte	0xc5
 273 0158 31020000 		.4byte	0x231
 274 015c 04       		.byte	0x4
 275 015d 07       		.uleb128 0x7
 276 015e FB000000 		.4byte	.LASF30
 277 0162 06       		.byte	0x6
 278 0163 C7       		.byte	0xc7
 279 0164 F7000000 		.4byte	0xf7
 280 0168 08       		.byte	0x8
 281 0169 07       		.uleb128 0x7
 282 016a 2B060000 		.4byte	.LASF31
 283 016e 06       		.byte	0x6
 284 016f C8       		.byte	0xc8
 285 0170 61040000 		.4byte	0x461
ARM GAS  /tmp/ccIxAfLh.s 			page 6


 286 0174 0C       		.byte	0xc
 287 0175 07       		.uleb128 0x7
 288 0176 65010000 		.4byte	.LASF32
 289 017a 06       		.byte	0x6
 290 017b CA       		.byte	0xca
 291 017c 31020000 		.4byte	0x231
 292 0180 10       		.byte	0x10
 293 0181 07       		.uleb128 0x7
 294 0182 D0020000 		.4byte	.LASF33
 295 0186 06       		.byte	0x6
 296 0187 CB       		.byte	0xcb
 297 0188 31020000 		.4byte	0x231
 298 018c 14       		.byte	0x14
 299 018d 07       		.uleb128 0x7
 300 018e DC050000 		.4byte	.LASF34
 301 0192 06       		.byte	0x6
 302 0193 D2       		.byte	0xd2
 303 0194 E0050000 		.4byte	0x5e0
 304 0198 18       		.byte	0x18
 305 0199 07       		.uleb128 0x7
 306 019a 9B030000 		.4byte	.LASF35
 307 019e 06       		.byte	0x6
 308 019f DD       		.byte	0xdd
 309 01a0 E1000000 		.4byte	0xe1
 310 01a4 1C       		.byte	0x1c
 311 01a5 07       		.uleb128 0x7
 312 01a6 A3040000 		.4byte	.LASF36
 313 01aa 06       		.byte	0x6
 314 01ab E1       		.byte	0xe1
 315 01ac D6000000 		.4byte	0xd6
 316 01b0 1D       		.byte	0x1d
 317 01b1 07       		.uleb128 0x7
 318 01b2 B2050000 		.4byte	.LASF37
 319 01b6 06       		.byte	0x6
 320 01b7 E6       		.byte	0xe6
 321 01b8 EC000000 		.4byte	0xec
 322 01bc 1E       		.byte	0x1e
 323 01bd 08       		.uleb128 0x8
 324 01be 705F7500 		.ascii	"p_u\000"
 325 01c2 06       		.byte	0x6
 326 01c3 3101     		.2byte	0x131
 327 01c5 1B050000 		.4byte	0x51b
 328 01c9 20       		.byte	0x20
 329 01ca 09       		.uleb128 0x9
 330 01cb 7B020000 		.4byte	.LASF38
 331 01cf 06       		.byte	0x6
 332 01d0 3601     		.2byte	0x136
 333 01d2 37020000 		.4byte	0x237
 334 01d6 24       		.byte	0x24
 335 01d7 09       		.uleb128 0x9
 336 01d8 D5010000 		.4byte	.LASF39
 337 01dc 06       		.byte	0x6
 338 01dd 3C01     		.2byte	0x13c
 339 01df 5B020000 		.4byte	0x25b
 340 01e3 28       		.byte	0x28
 341 01e4 09       		.uleb128 0x9
 342 01e5 F9050000 		.4byte	.LASF40
ARM GAS  /tmp/ccIxAfLh.s 			page 7


 343 01e9 06       		.byte	0x6
 344 01ea 4001     		.2byte	0x140
 345 01ec 02010000 		.4byte	0x102
 346 01f0 30       		.byte	0x30
 347 01f1 09       		.uleb128 0x9
 348 01f2 D0040000 		.4byte	.LASF41
 349 01f6 06       		.byte	0x6
 350 01f7 4601     		.2byte	0x146
 351 01f9 0D010000 		.4byte	0x10d
 352 01fd 34       		.byte	0x34
 353 01fe 09       		.uleb128 0x9
 354 01ff 87030000 		.4byte	.LASF42
 355 0203 06       		.byte	0x6
 356 0204 4D01     		.2byte	0x14d
 357 0206 DA050000 		.4byte	0x5da
 358 020a 38       		.byte	0x38
 359 020b 09       		.uleb128 0x9
 360 020c 45050000 		.4byte	.LASF43
 361 0210 06       		.byte	0x6
 362 0211 5101     		.2byte	0x151
 363 0213 F7000000 		.4byte	0xf7
 364 0217 3C       		.byte	0x3c
 365 0218 09       		.uleb128 0x9
 366 0219 1C010000 		.4byte	.LASF44
 367 021d 06       		.byte	0x6
 368 021e 5801     		.2byte	0x158
 369 0220 0E030000 		.4byte	0x30e
 370 0224 40       		.byte	0x40
 371 0225 00       		.byte	0
 372 0226 04       		.uleb128 0x4
 373 0227 8E020000 		.4byte	.LASF45
 374 022b 05       		.byte	0x5
 375 022c 44       		.byte	0x44
 376 022d 31020000 		.4byte	0x231
 377 0231 0A       		.uleb128 0xa
 378 0232 04       		.byte	0x4
 379 0233 2E010000 		.4byte	0x12e
 380 0237 04       		.uleb128 0x4
 381 0238 EA050000 		.4byte	.LASF46
 382 023c 05       		.byte	0x5
 383 023d 49       		.byte	0x49
 384 023e 42020000 		.4byte	0x242
 385 0242 06       		.uleb128 0x6
 386 0243 FC040000 		.4byte	.LASF48
 387 0247 04       		.byte	0x4
 388 0248 06       		.byte	0x6
 389 0249 B0       		.byte	0xb0
 390 024a 5B020000 		.4byte	0x25b
 391 024e 07       		.uleb128 0x7
 392 024f 9C040000 		.4byte	.LASF28
 393 0253 06       		.byte	0x6
 394 0254 B1       		.byte	0xb1
 395 0255 31020000 		.4byte	0x231
 396 0259 00       		.byte	0
 397 025a 00       		.byte	0
 398 025b 04       		.uleb128 0x4
 399 025c 99050000 		.4byte	.LASF49
ARM GAS  /tmp/ccIxAfLh.s 			page 8


 400 0260 05       		.byte	0x5
 401 0261 50       		.byte	0x50
 402 0262 66020000 		.4byte	0x266
 403 0266 06       		.uleb128 0x6
 404 0267 EA000000 		.4byte	.LASF50
 405 026b 08       		.byte	0x8
 406 026c 06       		.byte	0x6
 407 026d B7       		.byte	0xb7
 408 026e 8B020000 		.4byte	0x28b
 409 0272 07       		.uleb128 0x7
 410 0273 9C040000 		.4byte	.LASF28
 411 0277 06       		.byte	0x6
 412 0278 B8       		.byte	0xb8
 413 0279 31020000 		.4byte	0x231
 414 027d 00       		.byte	0
 415 027e 07       		.uleb128 0x7
 416 027f 30030000 		.4byte	.LASF29
 417 0283 06       		.byte	0x6
 418 0284 B9       		.byte	0xb9
 419 0285 31020000 		.4byte	0x231
 420 0289 04       		.byte	0x4
 421 028a 00       		.byte	0
 422 028b 04       		.uleb128 0x4
 423 028c 13000000 		.4byte	.LASF51
 424 0290 05       		.byte	0x5
 425 0291 57       		.byte	0x57
 426 0292 96020000 		.4byte	0x296
 427 0296 0B       		.uleb128 0xb
 428 0297 35020000 		.4byte	.LASF52
 429 029b 1C       		.byte	0x1c
 430 029c 06       		.byte	0x6
 431 029d 9001     		.2byte	0x190
 432 029f F2020000 		.4byte	0x2f2
 433 02a3 09       		.uleb128 0x9
 434 02a4 EB040000 		.4byte	.LASF53
 435 02a8 06       		.byte	0x6
 436 02a9 9101     		.2byte	0x191
 437 02ab 5B020000 		.4byte	0x25b
 438 02af 00       		.byte	0
 439 02b0 09       		.uleb128 0x9
 440 02b1 AD030000 		.4byte	.LASF54
 441 02b5 06       		.byte	0x6
 442 02b6 9201     		.2byte	0x192
 443 02b8 F7000000 		.4byte	0xf7
 444 02bc 08       		.byte	0x8
 445 02bd 09       		.uleb128 0x9
 446 02be D8020000 		.4byte	.LASF55
 447 02c2 06       		.byte	0x6
 448 02c3 9401     		.2byte	0x194
 449 02c5 61040000 		.4byte	0x461
 450 02c9 0C       		.byte	0xc
 451 02ca 09       		.uleb128 0x9
 452 02cb 75010000 		.4byte	.LASF56
 453 02cf 06       		.byte	0x6
 454 02d0 9701     		.2byte	0x197
 455 02d2 31020000 		.4byte	0x231
 456 02d6 10       		.byte	0x10
ARM GAS  /tmp/ccIxAfLh.s 			page 9


 457 02d7 09       		.uleb128 0x9
 458 02d8 05030000 		.4byte	.LASF57
 459 02dc 06       		.byte	0x6
 460 02dd 9801     		.2byte	0x198
 461 02df 31020000 		.4byte	0x231
 462 02e3 14       		.byte	0x14
 463 02e4 09       		.uleb128 0x9
 464 02e5 FB020000 		.4byte	.LASF58
 465 02e9 06       		.byte	0x6
 466 02ea 9B01     		.2byte	0x19b
 467 02ec 31020000 		.4byte	0x231
 468 02f0 18       		.byte	0x18
 469 02f1 00       		.byte	0
 470 02f2 04       		.uleb128 0x4
 471 02f3 50050000 		.4byte	.LASF59
 472 02f7 05       		.byte	0x5
 473 02f8 5C       		.byte	0x5c
 474 02f9 FD020000 		.4byte	0x2fd
 475 02fd 0A       		.uleb128 0xa
 476 02fe 04       		.byte	0x4
 477 02ff 03030000 		.4byte	0x303
 478 0303 0C       		.uleb128 0xc
 479 0304 0E030000 		.4byte	0x30e
 480 0308 0D       		.uleb128 0xd
 481 0309 0E030000 		.4byte	0x30e
 482 030d 00       		.byte	0
 483 030e 0E       		.uleb128 0xe
 484 030f 04       		.byte	0x4
 485 0310 04       		.uleb128 0x4
 486 0311 20030000 		.4byte	.LASF60
 487 0315 05       		.byte	0x5
 488 0316 61       		.byte	0x61
 489 0317 1B030000 		.4byte	0x31b
 490 031b 0B       		.uleb128 0xb
 491 031c B2040000 		.4byte	.LASF61
 492 0320 14       		.byte	0x14
 493 0321 06       		.byte	0x6
 494 0322 6B01     		.2byte	0x16b
 495 0324 6A030000 		.4byte	0x36a
 496 0328 09       		.uleb128 0x9
 497 0329 C6010000 		.4byte	.LASF62
 498 032d 06       		.byte	0x6
 499 032e 6C01     		.2byte	0x16c
 500 0330 F2050000 		.4byte	0x5f2
 501 0334 00       		.byte	0
 502 0335 09       		.uleb128 0x9
 503 0336 86010000 		.4byte	.LASF63
 504 033a 06       		.byte	0x6
 505 033b 6D01     		.2byte	0x16d
 506 033d F2050000 		.4byte	0x5f2
 507 0341 04       		.byte	0x4
 508 0342 09       		.uleb128 0x9
 509 0343 F3040000 		.4byte	.LASF64
 510 0347 06       		.byte	0x6
 511 0348 6E01     		.2byte	0x16e
 512 034a 23010000 		.4byte	0x123
 513 034e 08       		.byte	0x8
ARM GAS  /tmp/ccIxAfLh.s 			page 10


 514 034f 09       		.uleb128 0x9
 515 0350 31060000 		.4byte	.LASF65
 516 0354 06       		.byte	0x6
 517 0355 6F01     		.2byte	0x16f
 518 0357 F2020000 		.4byte	0x2f2
 519 035b 0C       		.byte	0xc
 520 035c 09       		.uleb128 0x9
 521 035d 92050000 		.4byte	.LASF66
 522 0361 06       		.byte	0x6
 523 0362 7101     		.2byte	0x171
 524 0364 0E030000 		.4byte	0x30e
 525 0368 10       		.byte	0x10
 526 0369 00       		.byte	0
 527 036a 04       		.uleb128 0x4
 528 036b C7000000 		.4byte	.LASF67
 529 036f 05       		.byte	0x5
 530 0370 66       		.byte	0x66
 531 0371 75030000 		.4byte	0x375
 532 0375 0B       		.uleb128 0xb
 533 0376 A1020000 		.4byte	.LASF68
 534 037a 10       		.byte	0x10
 535 037b 06       		.byte	0x6
 536 037c 7B01     		.2byte	0x17b
 537 037e B7030000 		.4byte	0x3b7
 538 0382 09       		.uleb128 0x9
 539 0383 C6010000 		.4byte	.LASF62
 540 0387 06       		.byte	0x6
 541 0388 7C01     		.2byte	0x17c
 542 038a F2050000 		.4byte	0x5f2
 543 038e 00       		.byte	0
 544 038f 09       		.uleb128 0x9
 545 0390 86010000 		.4byte	.LASF63
 546 0394 06       		.byte	0x6
 547 0395 7E01     		.2byte	0x17e
 548 0397 F2050000 		.4byte	0x5f2
 549 039b 04       		.byte	0x4
 550 039c 09       		.uleb128 0x9
 551 039d F3040000 		.4byte	.LASF64
 552 03a1 06       		.byte	0x6
 553 03a2 8001     		.2byte	0x180
 554 03a4 23010000 		.4byte	0x123
 555 03a8 08       		.byte	0x8
 556 03a9 09       		.uleb128 0x9
 557 03aa C4020000 		.4byte	.LASF69
 558 03ae 06       		.byte	0x6
 559 03af 8801     		.2byte	0x188
 560 03b1 23010000 		.4byte	0x123
 561 03b5 0C       		.byte	0xc
 562 03b6 00       		.byte	0
 563 03b7 04       		.uleb128 0x4
 564 03b8 53000000 		.4byte	.LASF70
 565 03bc 05       		.byte	0x5
 566 03bd 6B       		.byte	0x6b
 567 03be C2030000 		.4byte	0x3c2
 568 03c2 0B       		.uleb128 0xb
 569 03c3 48030000 		.4byte	.LASF71
 570 03c7 04       		.byte	0x4
ARM GAS  /tmp/ccIxAfLh.s 			page 11


 571 03c8 06       		.byte	0x6
 572 03c9 A201     		.2byte	0x1a2
 573 03cb DD030000 		.4byte	0x3dd
 574 03cf 09       		.uleb128 0x9
 575 03d0 64050000 		.4byte	.LASF72
 576 03d4 06       		.byte	0x6
 577 03d5 AA01     		.2byte	0x1aa
 578 03d7 F8050000 		.4byte	0x5f8
 579 03db 00       		.byte	0
 580 03dc 00       		.byte	0
 581 03dd 04       		.uleb128 0x4
 582 03de 21020000 		.4byte	.LASF73
 583 03e2 05       		.byte	0x5
 584 03e3 70       		.byte	0x70
 585 03e4 E8030000 		.4byte	0x3e8
 586 03e8 0F       		.uleb128 0xf
 587 03e9 32010000 		.4byte	.LASF74
 588 03ed 5001     		.2byte	0x150
 589 03ef 06       		.byte	0x6
 590 03f0 C201     		.2byte	0x1c2
 591 03f2 44040000 		.4byte	0x444
 592 03f6 09       		.uleb128 0x9
 593 03f7 C7050000 		.4byte	.LASF75
 594 03fb 06       		.byte	0x6
 595 03fc C601     		.2byte	0x1c6
 596 03fe 8B020000 		.4byte	0x28b
 597 0402 00       		.byte	0
 598 0403 09       		.uleb128 0x9
 599 0404 8E010000 		.4byte	.LASF76
 600 0408 06       		.byte	0x6
 601 0409 CA01     		.2byte	0x1ca
 602 040b 6A030000 		.4byte	0x36a
 603 040f 1C       		.byte	0x1c
 604 0410 08       		.uleb128 0x8
 605 0411 64626700 		.ascii	"dbg\000"
 606 0415 06       		.byte	0x6
 607 0416 CE01     		.2byte	0x1ce
 608 0418 B7030000 		.4byte	0x3b7
 609 041c 2C       		.byte	0x2c
 610 041d 09       		.uleb128 0x9
 611 041e BC000000 		.4byte	.LASF77
 612 0422 06       		.byte	0x6
 613 0423 D201     		.2byte	0x1d2
 614 0425 2E010000 		.4byte	0x12e
 615 0429 30       		.byte	0x30
 616 042a 08       		.uleb128 0x8
 617 042b 746D00   		.ascii	"tm\000"
 618 042e 06       		.byte	0x6
 619 042f D701     		.2byte	0x1d7
 620 0431 10050000 		.4byte	0x510
 621 0435 74       		.byte	0x74
 622 0436 09       		.uleb128 0x9
 623 0437 A4010000 		.4byte	.LASF78
 624 043b 06       		.byte	0x6
 625 043c E301     		.2byte	0x1e3
 626 043e FD050000 		.4byte	0x5fd
 627 0442 78       		.byte	0x78
ARM GAS  /tmp/ccIxAfLh.s 			page 12


 628 0443 00       		.byte	0
 629 0444 03       		.uleb128 0x3
 630 0445 04       		.byte	0x4
 631 0446 07       		.byte	0x7
 632 0447 85020000 		.4byte	.LASF79
 633 044b 04       		.uleb128 0x4
 634 044c 7D010000 		.4byte	.LASF80
 635 0450 07       		.byte	0x7
 636 0451 65       		.byte	0x65
 637 0452 0E030000 		.4byte	0x30e
 638 0456 04       		.uleb128 0x4
 639 0457 68020000 		.4byte	.LASF81
 640 045b 07       		.byte	0x7
 641 045c 6D       		.byte	0x6d
 642 045d BB000000 		.4byte	0xbb
 643 0461 06       		.uleb128 0x6
 644 0462 75050000 		.4byte	.LASF82
 645 0466 04       		.byte	0x4
 646 0467 07       		.byte	0x7
 647 0468 89       		.byte	0x89
 648 0469 7A040000 		.4byte	0x47a
 649 046d 10       		.uleb128 0x10
 650 046e 72313300 		.ascii	"r13\000"
 651 0472 07       		.byte	0x7
 652 0473 8A       		.byte	0x8a
 653 0474 F5040000 		.4byte	0x4f5
 654 0478 00       		.byte	0
 655 0479 00       		.byte	0
 656 047a 06       		.uleb128 0x6
 657 047b 47000000 		.4byte	.LASF83
 658 047f 24       		.byte	0x24
 659 0480 08       		.byte	0x8
 660 0481 F4       		.byte	0xf4
 661 0482 F5040000 		.4byte	0x4f5
 662 0486 08       		.uleb128 0x8
 663 0487 723400   		.ascii	"r4\000"
 664 048a 08       		.byte	0x8
 665 048b 0701     		.2byte	0x107
 666 048d 4B040000 		.4byte	0x44b
 667 0491 00       		.byte	0
 668 0492 08       		.uleb128 0x8
 669 0493 723500   		.ascii	"r5\000"
 670 0496 08       		.byte	0x8
 671 0497 0801     		.2byte	0x108
 672 0499 4B040000 		.4byte	0x44b
 673 049d 04       		.byte	0x4
 674 049e 08       		.uleb128 0x8
 675 049f 723600   		.ascii	"r6\000"
 676 04a2 08       		.byte	0x8
 677 04a3 0901     		.2byte	0x109
 678 04a5 4B040000 		.4byte	0x44b
 679 04a9 08       		.byte	0x8
 680 04aa 08       		.uleb128 0x8
 681 04ab 723700   		.ascii	"r7\000"
 682 04ae 08       		.byte	0x8
 683 04af 0A01     		.2byte	0x10a
 684 04b1 4B040000 		.4byte	0x44b
ARM GAS  /tmp/ccIxAfLh.s 			page 13


 685 04b5 0C       		.byte	0xc
 686 04b6 08       		.uleb128 0x8
 687 04b7 723800   		.ascii	"r8\000"
 688 04ba 08       		.byte	0x8
 689 04bb 0B01     		.2byte	0x10b
 690 04bd 4B040000 		.4byte	0x44b
 691 04c1 10       		.byte	0x10
 692 04c2 08       		.uleb128 0x8
 693 04c3 723900   		.ascii	"r9\000"
 694 04c6 08       		.byte	0x8
 695 04c7 0C01     		.2byte	0x10c
 696 04c9 4B040000 		.4byte	0x44b
 697 04cd 14       		.byte	0x14
 698 04ce 08       		.uleb128 0x8
 699 04cf 72313000 		.ascii	"r10\000"
 700 04d3 08       		.byte	0x8
 701 04d4 0D01     		.2byte	0x10d
 702 04d6 4B040000 		.4byte	0x44b
 703 04da 18       		.byte	0x18
 704 04db 08       		.uleb128 0x8
 705 04dc 72313100 		.ascii	"r11\000"
 706 04e0 08       		.byte	0x8
 707 04e1 0E01     		.2byte	0x10e
 708 04e3 4B040000 		.4byte	0x44b
 709 04e7 1C       		.byte	0x1c
 710 04e8 08       		.uleb128 0x8
 711 04e9 6C7200   		.ascii	"lr\000"
 712 04ec 08       		.byte	0x8
 713 04ed 0F01     		.2byte	0x10f
 714 04ef 4B040000 		.4byte	0x44b
 715 04f3 20       		.byte	0x20
 716 04f4 00       		.byte	0
 717 04f5 0A       		.uleb128 0xa
 718 04f6 04       		.byte	0x4
 719 04f7 7A040000 		.4byte	0x47a
 720 04fb 11       		.uleb128 0x11
 721 04fc 04       		.byte	0x4
 722 04fd 09       		.byte	0x9
 723 04fe 38       		.byte	0x38
 724 04ff 10050000 		.4byte	0x510
 725 0503 07       		.uleb128 0x7
 726 0504 6E050000 		.4byte	.LASF84
 727 0508 09       		.byte	0x9
 728 0509 3C       		.byte	0x3c
 729 050a CB000000 		.4byte	0xcb
 730 050e 00       		.byte	0
 731 050f 00       		.byte	0
 732 0510 04       		.uleb128 0x4
 733 0511 DE020000 		.4byte	.LASF85
 734 0515 09       		.byte	0x9
 735 0516 3D       		.byte	0x3d
 736 0517 FB040000 		.4byte	0x4fb
 737 051b 12       		.uleb128 0x12
 738 051c 04       		.byte	0x4
 739 051d 06       		.byte	0x6
 740 051e FA       		.byte	0xfa
 741 051f 78050000 		.4byte	0x578
ARM GAS  /tmp/ccIxAfLh.s 			page 14


 742 0523 13       		.uleb128 0x13
 743 0524 2D000000 		.4byte	.LASF86
 744 0528 06       		.byte	0x6
 745 0529 0101     		.2byte	0x101
 746 052b 02010000 		.4byte	0x102
 747 052f 13       		.uleb128 0x13
 748 0530 B3000000 		.4byte	.LASF87
 749 0534 06       		.byte	0x6
 750 0535 0801     		.2byte	0x108
 751 0537 02010000 		.4byte	0x102
 752 053b 13       		.uleb128 0x13
 753 053c D5050000 		.4byte	.LASF88
 754 0540 06       		.byte	0x6
 755 0541 0F01     		.2byte	0x10f
 756 0543 0E030000 		.4byte	0x30e
 757 0547 13       		.uleb128 0x13
 758 0548 27000000 		.4byte	.LASF89
 759 054c 06       		.byte	0x6
 760 054d 1601     		.2byte	0x116
 761 054f 78050000 		.4byte	0x578
 762 0553 13       		.uleb128 0x13
 763 0554 CE010000 		.4byte	.LASF90
 764 0558 06       		.byte	0x6
 765 0559 1E01     		.2byte	0x11e
 766 055b A3050000 		.4byte	0x5a3
 767 055f 13       		.uleb128 0x13
 768 0560 E4040000 		.4byte	.LASF91
 769 0564 06       		.byte	0x6
 770 0565 2701     		.2byte	0x127
 771 0567 DA050000 		.4byte	0x5da
 772 056b 13       		.uleb128 0x13
 773 056c 95040000 		.4byte	.LASF92
 774 0570 06       		.byte	0x6
 775 0571 2F01     		.2byte	0x12f
 776 0573 0D010000 		.4byte	0x10d
 777 0577 00       		.byte	0
 778 0578 0A       		.uleb128 0xa
 779 0579 04       		.byte	0x4
 780 057a 26020000 		.4byte	0x226
 781 057e 06       		.uleb128 0x6
 782 057f C3040000 		.4byte	.LASF93
 783 0583 0C       		.byte	0xc
 784 0584 0A       		.byte	0xa
 785 0585 34       		.byte	0x34
 786 0586 A3050000 		.4byte	0x5a3
 787 058a 07       		.uleb128 0x7
 788 058b 6D010000 		.4byte	.LASF94
 789 058f 0A       		.byte	0xa
 790 0590 35       		.byte	0x35
 791 0591 5B020000 		.4byte	0x25b
 792 0595 00       		.byte	0
 793 0596 07       		.uleb128 0x7
 794 0597 81030000 		.4byte	.LASF95
 795 059b 0A       		.byte	0xa
 796 059c 37       		.byte	0x37
 797 059d 18010000 		.4byte	0x118
 798 05a1 08       		.byte	0x8
ARM GAS  /tmp/ccIxAfLh.s 			page 15


 799 05a2 00       		.byte	0
 800 05a3 0A       		.uleb128 0xa
 801 05a4 04       		.byte	0x4
 802 05a5 7E050000 		.4byte	0x57e
 803 05a9 06       		.uleb128 0x6
 804 05aa A9050000 		.4byte	.LASF96
 805 05ae 10       		.byte	0x10
 806 05af 0B       		.byte	0xb
 807 05b0 39       		.byte	0x39
 808 05b1 DA050000 		.4byte	0x5da
 809 05b5 07       		.uleb128 0x7
 810 05b6 24010000 		.4byte	.LASF97
 811 05ba 0B       		.byte	0xb
 812 05bb 3A       		.byte	0x3a
 813 05bc 5B020000 		.4byte	0x25b
 814 05c0 00       		.byte	0
 815 05c1 07       		.uleb128 0x7
 816 05c2 10060000 		.4byte	.LASF98
 817 05c6 0B       		.byte	0xb
 818 05c7 3C       		.byte	0x3c
 819 05c8 31020000 		.4byte	0x231
 820 05cc 08       		.byte	0x8
 821 05cd 07       		.uleb128 0x7
 822 05ce 34050000 		.4byte	.LASF99
 823 05d2 0B       		.byte	0xb
 824 05d3 3E       		.byte	0x3e
 825 05d4 18060000 		.4byte	0x618
 826 05d8 0C       		.byte	0xc
 827 05d9 00       		.byte	0
 828 05da 0A       		.uleb128 0xa
 829 05db 04       		.byte	0x4
 830 05dc A9050000 		.4byte	0x5a9
 831 05e0 0A       		.uleb128 0xa
 832 05e1 04       		.byte	0x4
 833 05e2 ED050000 		.4byte	0x5ed
 834 05e6 03       		.uleb128 0x3
 835 05e7 01       		.byte	0x1
 836 05e8 08       		.byte	0x8
 837 05e9 1E050000 		.4byte	.LASF100
 838 05ed 14       		.uleb128 0x14
 839 05ee E6050000 		.4byte	0x5e6
 840 05f2 0A       		.uleb128 0xa
 841 05f3 04       		.byte	0x4
 842 05f4 10030000 		.4byte	0x310
 843 05f8 05       		.uleb128 0x5
 844 05f9 E0050000 		.4byte	0x5e0
 845 05fd 15       		.uleb128 0x15
 846 05fe 56040000 		.4byte	0x456
 847 0602 0D060000 		.4byte	0x60d
 848 0606 16       		.uleb128 0x16
 849 0607 44040000 		.4byte	0x444
 850 060b 1A       		.byte	0x1a
 851 060c 00       		.byte	0
 852 060d 04       		.uleb128 0x4
 853 060e 95010000 		.4byte	.LASF101
 854 0612 0B       		.byte	0xb
 855 0613 34       		.byte	0x34
ARM GAS  /tmp/ccIxAfLh.s 			page 16


 856 0614 A9050000 		.4byte	0x5a9
 857 0618 0A       		.uleb128 0xa
 858 0619 04       		.byte	0x4
 859 061a 0D060000 		.4byte	0x60d
 860 061e 03       		.uleb128 0x3
 861 061f 01       		.byte	0x1
 862 0620 02       		.byte	0x2
 863 0621 58030000 		.4byte	.LASF102
 864 0625 11       		.uleb128 0x11
 865 0626 1C       		.byte	0x1c
 866 0627 0C       		.byte	0xc
 867 0628 C1       		.byte	0xc1
 868 0629 82060000 		.4byte	0x682
 869 062d 07       		.uleb128 0x7
 870 062e 2C010000 		.4byte	.LASF103
 871 0632 0C       		.byte	0xc
 872 0633 C3       		.byte	0xc3
 873 0634 B0000000 		.4byte	0xb0
 874 0638 00       		.byte	0
 875 0639 07       		.uleb128 0x7
 876 063a F0010000 		.4byte	.LASF104
 877 063e 0C       		.byte	0xc
 878 063f C5       		.byte	0xc5
 879 0640 B0000000 		.4byte	0xb0
 880 0644 04       		.byte	0x4
 881 0645 07       		.uleb128 0x7
 882 0646 E8010000 		.4byte	.LASF105
 883 064a 0C       		.byte	0xc
 884 064b C7       		.byte	0xc7
 885 064c B0000000 		.4byte	0xb0
 886 0650 08       		.byte	0x8
 887 0651 07       		.uleb128 0x7
 888 0652 AD000000 		.4byte	.LASF106
 889 0656 0C       		.byte	0xc
 890 0657 C9       		.byte	0xc9
 891 0658 B0000000 		.4byte	0xb0
 892 065c 0C       		.byte	0xc
 893 065d 10       		.uleb128 0x10
 894 065e 6F647200 		.ascii	"odr\000"
 895 0662 0C       		.byte	0xc
 896 0663 CB       		.byte	0xcb
 897 0664 B0000000 		.4byte	0xb0
 898 0668 10       		.byte	0x10
 899 0669 07       		.uleb128 0x7
 900 066a 7C030000 		.4byte	.LASF107
 901 066e 0C       		.byte	0xc
 902 066f CD       		.byte	0xcd
 903 0670 B0000000 		.4byte	0xb0
 904 0674 14       		.byte	0x14
 905 0675 07       		.uleb128 0x7
 906 0676 EF020000 		.4byte	.LASF108
 907 067a 0C       		.byte	0xc
 908 067b CF       		.byte	0xcf
 909 067c B0000000 		.4byte	0xb0
 910 0680 18       		.byte	0x18
 911 0681 00       		.byte	0
 912 0682 04       		.uleb128 0x4
ARM GAS  /tmp/ccIxAfLh.s 			page 17


 913 0683 00000000 		.4byte	.LASF109
 914 0687 0C       		.byte	0xc
 915 0688 D0       		.byte	0xd0
 916 0689 25060000 		.4byte	0x625
 917 068d 11       		.uleb128 0x11
 918 068e FC       		.byte	0xfc
 919 068f 0C       		.byte	0xc
 920 0690 D9       		.byte	0xd9
 921 0691 02070000 		.4byte	0x702
 922 0695 07       		.uleb128 0x7
 923 0696 8E040000 		.4byte	.LASF110
 924 069a 0C       		.byte	0xc
 925 069b DC       		.byte	0xdc
 926 069c 82060000 		.4byte	0x682
 927 06a0 00       		.byte	0
 928 06a1 07       		.uleb128 0x7
 929 06a2 9D010000 		.4byte	.LASF111
 930 06a6 0C       		.byte	0xc
 931 06a7 E0       		.byte	0xe0
 932 06a8 82060000 		.4byte	0x682
 933 06ac 1C       		.byte	0x1c
 934 06ad 07       		.uleb128 0x7
 935 06ae E3050000 		.4byte	.LASF112
 936 06b2 0C       		.byte	0xc
 937 06b3 E4       		.byte	0xe4
 938 06b4 82060000 		.4byte	0x682
 939 06b8 38       		.byte	0x38
 940 06b9 07       		.uleb128 0x7
 941 06ba F4020000 		.4byte	.LASF113
 942 06be 0C       		.byte	0xc
 943 06bf E8       		.byte	0xe8
 944 06c0 82060000 		.4byte	0x682
 945 06c4 54       		.byte	0x54
 946 06c5 07       		.uleb128 0x7
 947 06c6 45010000 		.4byte	.LASF114
 948 06ca 0C       		.byte	0xc
 949 06cb EC       		.byte	0xec
 950 06cc 82060000 		.4byte	0x682
 951 06d0 70       		.byte	0x70
 952 06d1 07       		.uleb128 0x7
 953 06d2 0A020000 		.4byte	.LASF115
 954 06d6 0C       		.byte	0xc
 955 06d7 F0       		.byte	0xf0
 956 06d8 82060000 		.4byte	0x682
 957 06dc 8C       		.byte	0x8c
 958 06dd 07       		.uleb128 0x7
 959 06de 59020000 		.4byte	.LASF116
 960 06e2 0C       		.byte	0xc
 961 06e3 F4       		.byte	0xf4
 962 06e4 82060000 		.4byte	0x682
 963 06e8 A8       		.byte	0xa8
 964 06e9 07       		.uleb128 0x7
 965 06ea 8F000000 		.4byte	.LASF117
 966 06ee 0C       		.byte	0xc
 967 06ef F8       		.byte	0xf8
 968 06f0 82060000 		.4byte	0x682
 969 06f4 C4       		.byte	0xc4
ARM GAS  /tmp/ccIxAfLh.s 			page 18


 970 06f5 07       		.uleb128 0x7
 971 06f6 AB040000 		.4byte	.LASF118
 972 06fa 0C       		.byte	0xc
 973 06fb FC       		.byte	0xfc
 974 06fc 82060000 		.4byte	0x682
 975 0700 E0       		.byte	0xe0
 976 0701 00       		.byte	0
 977 0702 04       		.uleb128 0x4
 978 0703 06060000 		.4byte	.LASF119
 979 0707 0C       		.byte	0xc
 980 0708 FE       		.byte	0xfe
 981 0709 8D060000 		.4byte	0x68d
 982 070d 17       		.uleb128 0x17
 983 070e 37030000 		.4byte	.LASF135
 984 0712 18       		.byte	0x18
 985 0713 9301     		.2byte	0x193
 986 0715 03       		.byte	0x3
 987 0716 18       		.uleb128 0x18
 988 0717 E0010000 		.4byte	.LASF136
 989 071b 01       		.byte	0x1
 990 071c 38       		.byte	0x38
 991 071d 00000000 		.4byte	.LFB258
 992 0721 38000000 		.4byte	.LFE258-.LFB258
 993 0725 01       		.uleb128 0x1
 994 0726 9C       		.byte	0x9c
 995 0727 8F070000 		.4byte	0x78f
 996 072b 19       		.uleb128 0x19
 997 072c 06000000 		.4byte	.LVL0
 998 0730 B7070000 		.4byte	0x7b7
 999 0734 19       		.uleb128 0x19
 1000 0735 0C000000 		.4byte	.LVL1
 1001 0739 C3070000 		.4byte	0x7c3
 1002 073d 19       		.uleb128 0x19
 1003 073e 10000000 		.4byte	.LVL2
 1004 0742 CF070000 		.4byte	0x7cf
 1005 0746 19       		.uleb128 0x19
 1006 0747 14000000 		.4byte	.LVL3
 1007 074b DA070000 		.4byte	0x7da
 1008 074f 19       		.uleb128 0x19
 1009 0750 18000000 		.4byte	.LVL4
 1010 0754 E5070000 		.4byte	0x7e5
 1011 0758 19       		.uleb128 0x19
 1012 0759 1C000000 		.4byte	.LVL5
 1013 075d F1070000 		.4byte	0x7f1
 1014 0761 19       		.uleb128 0x19
 1015 0762 20000000 		.4byte	.LVL6
 1016 0766 FD070000 		.4byte	0x7fd
 1017 076a 19       		.uleb128 0x19
 1018 076b 24000000 		.4byte	.LVL7
 1019 076f 09080000 		.4byte	0x809
 1020 0773 19       		.uleb128 0x19
 1021 0774 28000000 		.4byte	.LVL8
 1022 0778 15080000 		.4byte	0x815
 1023 077c 19       		.uleb128 0x19
 1024 077d 2C000000 		.4byte	.LVL9
 1025 0781 20080000 		.4byte	0x820
 1026 0785 1A       		.uleb128 0x1a
ARM GAS  /tmp/ccIxAfLh.s 			page 19


 1027 0786 34000000 		.4byte	.LVL10
 1028 078a 2C080000 		.4byte	0x82c
 1029 078e 00       		.byte	0
 1030 078f 1B       		.uleb128 0x1b
 1031 0790 DD000000 		.4byte	.LASF120
 1032 0794 0D       		.byte	0xd
 1033 0795 A706     		.2byte	0x6a7
 1034 0797 C6000000 		.4byte	0xc6
 1035 079b 1C       		.uleb128 0x1c
 1036 079c 636800   		.ascii	"ch\000"
 1037 079f 06       		.byte	0x6
 1038 07a0 0902     		.2byte	0x209
 1039 07a2 DD030000 		.4byte	0x3dd
 1040 07a6 1B       		.uleb128 0x1b
 1041 07a7 18060000 		.4byte	.LASF121
 1042 07ab 0C       		.byte	0xc
 1043 07ac DA01     		.2byte	0x1da
 1044 07ae B2070000 		.4byte	0x7b2
 1045 07b2 14       		.uleb128 0x14
 1046 07b3 02070000 		.4byte	0x702
 1047 07b7 1D       		.uleb128 0x1d
 1048 07b8 7D050000 		.4byte	.LASF122
 1049 07bc 7D050000 		.4byte	.LASF122
 1050 07c0 0E       		.byte	0xe
 1051 07c1 C905     		.2byte	0x5c9
 1052 07c3 1D       		.uleb128 0x1d
 1053 07c4 B9050000 		.4byte	.LASF123
 1054 07c8 B9050000 		.4byte	.LASF123
 1055 07cc 0C       		.byte	0xc
 1056 07cd DF01     		.2byte	0x1df
 1057 07cf 1E       		.uleb128 0x1e
 1058 07d0 60020000 		.4byte	.LASF124
 1059 07d4 60020000 		.4byte	.LASF124
 1060 07d8 0F       		.byte	0xf
 1061 07d9 F6       		.byte	0xf6
 1062 07da 1E       		.uleb128 0x1e
 1063 07db 55010000 		.4byte	.LASF125
 1064 07df 55010000 		.4byte	.LASF125
 1065 07e3 10       		.byte	0x10
 1066 07e4 79       		.byte	0x79
 1067 07e5 1D       		.uleb128 0x1d
 1068 07e6 5D010000 		.4byte	.LASF126
 1069 07ea 5D010000 		.4byte	.LASF126
 1070 07ee 11       		.byte	0x11
 1071 07ef 1F01     		.2byte	0x11f
 1072 07f1 1D       		.uleb128 0x1d
 1073 07f2 FF050000 		.4byte	.LASF127
 1074 07f6 FF050000 		.4byte	.LASF127
 1075 07fa 12       		.byte	0x12
 1076 07fb 2601     		.2byte	0x126
 1077 07fd 1D       		.uleb128 0x1d
 1078 07fe 73020000 		.4byte	.LASF128
 1079 0802 73020000 		.4byte	.LASF128
 1080 0806 13       		.byte	0x13
 1081 0807 0601     		.2byte	0x106
 1082 0809 1D       		.uleb128 0x1d
 1083 080a 23050000 		.4byte	.LASF129
ARM GAS  /tmp/ccIxAfLh.s 			page 20


 1084 080e 23050000 		.4byte	.LASF129
 1085 0812 14       		.byte	0x14
 1086 0813 3502     		.2byte	0x235
 1087 0815 1E       		.uleb128 0x1e
 1088 0816 74030000 		.4byte	.LASF130
 1089 081a 74030000 		.4byte	.LASF130
 1090 081e 15       		.byte	0x15
 1091 081f F6       		.byte	0xf6
 1092 0820 1D       		.uleb128 0x1d
 1093 0821 A3030000 		.4byte	.LASF131
 1094 0825 A3030000 		.4byte	.LASF131
 1095 0829 16       		.byte	0x16
 1096 082a 0A05     		.2byte	0x50a
 1097 082c 1E       		.uleb128 0x1e
 1098 082d 20000000 		.4byte	.LASF132
 1099 0831 20000000 		.4byte	.LASF132
 1100 0835 17       		.byte	0x17
 1101 0836 56       		.byte	0x56
 1102 0837 00       		.byte	0
 1103              		.section	.debug_abbrev,"",%progbits
 1104              	.Ldebug_abbrev0:
 1105 0000 01       		.uleb128 0x1
 1106 0001 11       		.uleb128 0x11
 1107 0002 01       		.byte	0x1
 1108 0003 25       		.uleb128 0x25
 1109 0004 0E       		.uleb128 0xe
 1110 0005 13       		.uleb128 0x13
 1111 0006 0B       		.uleb128 0xb
 1112 0007 03       		.uleb128 0x3
 1113 0008 0E       		.uleb128 0xe
 1114 0009 55       		.uleb128 0x55
 1115 000a 17       		.uleb128 0x17
 1116 000b 11       		.uleb128 0x11
 1117 000c 01       		.uleb128 0x1
 1118 000d 10       		.uleb128 0x10
 1119 000e 17       		.uleb128 0x17
 1120 000f 00       		.byte	0
 1121 0010 00       		.byte	0
 1122 0011 02       		.uleb128 0x2
 1123 0012 24       		.uleb128 0x24
 1124 0013 00       		.byte	0
 1125 0014 0B       		.uleb128 0xb
 1126 0015 0B       		.uleb128 0xb
 1127 0016 3E       		.uleb128 0x3e
 1128 0017 0B       		.uleb128 0xb
 1129 0018 03       		.uleb128 0x3
 1130 0019 08       		.uleb128 0x8
 1131 001a 00       		.byte	0
 1132 001b 00       		.byte	0
 1133 001c 03       		.uleb128 0x3
 1134 001d 24       		.uleb128 0x24
 1135 001e 00       		.byte	0
 1136 001f 0B       		.uleb128 0xb
 1137 0020 0B       		.uleb128 0xb
 1138 0021 3E       		.uleb128 0x3e
 1139 0022 0B       		.uleb128 0xb
 1140 0023 03       		.uleb128 0x3
ARM GAS  /tmp/ccIxAfLh.s 			page 21


 1141 0024 0E       		.uleb128 0xe
 1142 0025 00       		.byte	0
 1143 0026 00       		.byte	0
 1144 0027 04       		.uleb128 0x4
 1145 0028 16       		.uleb128 0x16
 1146 0029 00       		.byte	0
 1147 002a 03       		.uleb128 0x3
 1148 002b 0E       		.uleb128 0xe
 1149 002c 3A       		.uleb128 0x3a
 1150 002d 0B       		.uleb128 0xb
 1151 002e 3B       		.uleb128 0x3b
 1152 002f 0B       		.uleb128 0xb
 1153 0030 49       		.uleb128 0x49
 1154 0031 13       		.uleb128 0x13
 1155 0032 00       		.byte	0
 1156 0033 00       		.byte	0
 1157 0034 05       		.uleb128 0x5
 1158 0035 35       		.uleb128 0x35
 1159 0036 00       		.byte	0
 1160 0037 49       		.uleb128 0x49
 1161 0038 13       		.uleb128 0x13
 1162 0039 00       		.byte	0
 1163 003a 00       		.byte	0
 1164 003b 06       		.uleb128 0x6
 1165 003c 13       		.uleb128 0x13
 1166 003d 01       		.byte	0x1
 1167 003e 03       		.uleb128 0x3
 1168 003f 0E       		.uleb128 0xe
 1169 0040 0B       		.uleb128 0xb
 1170 0041 0B       		.uleb128 0xb
 1171 0042 3A       		.uleb128 0x3a
 1172 0043 0B       		.uleb128 0xb
 1173 0044 3B       		.uleb128 0x3b
 1174 0045 0B       		.uleb128 0xb
 1175 0046 01       		.uleb128 0x1
 1176 0047 13       		.uleb128 0x13
 1177 0048 00       		.byte	0
 1178 0049 00       		.byte	0
 1179 004a 07       		.uleb128 0x7
 1180 004b 0D       		.uleb128 0xd
 1181 004c 00       		.byte	0
 1182 004d 03       		.uleb128 0x3
 1183 004e 0E       		.uleb128 0xe
 1184 004f 3A       		.uleb128 0x3a
 1185 0050 0B       		.uleb128 0xb
 1186 0051 3B       		.uleb128 0x3b
 1187 0052 0B       		.uleb128 0xb
 1188 0053 49       		.uleb128 0x49
 1189 0054 13       		.uleb128 0x13
 1190 0055 38       		.uleb128 0x38
 1191 0056 0B       		.uleb128 0xb
 1192 0057 00       		.byte	0
 1193 0058 00       		.byte	0
 1194 0059 08       		.uleb128 0x8
 1195 005a 0D       		.uleb128 0xd
 1196 005b 00       		.byte	0
 1197 005c 03       		.uleb128 0x3
ARM GAS  /tmp/ccIxAfLh.s 			page 22


 1198 005d 08       		.uleb128 0x8
 1199 005e 3A       		.uleb128 0x3a
 1200 005f 0B       		.uleb128 0xb
 1201 0060 3B       		.uleb128 0x3b
 1202 0061 05       		.uleb128 0x5
 1203 0062 49       		.uleb128 0x49
 1204 0063 13       		.uleb128 0x13
 1205 0064 38       		.uleb128 0x38
 1206 0065 0B       		.uleb128 0xb
 1207 0066 00       		.byte	0
 1208 0067 00       		.byte	0
 1209 0068 09       		.uleb128 0x9
 1210 0069 0D       		.uleb128 0xd
 1211 006a 00       		.byte	0
 1212 006b 03       		.uleb128 0x3
 1213 006c 0E       		.uleb128 0xe
 1214 006d 3A       		.uleb128 0x3a
 1215 006e 0B       		.uleb128 0xb
 1216 006f 3B       		.uleb128 0x3b
 1217 0070 05       		.uleb128 0x5
 1218 0071 49       		.uleb128 0x49
 1219 0072 13       		.uleb128 0x13
 1220 0073 38       		.uleb128 0x38
 1221 0074 0B       		.uleb128 0xb
 1222 0075 00       		.byte	0
 1223 0076 00       		.byte	0
 1224 0077 0A       		.uleb128 0xa
 1225 0078 0F       		.uleb128 0xf
 1226 0079 00       		.byte	0
 1227 007a 0B       		.uleb128 0xb
 1228 007b 0B       		.uleb128 0xb
 1229 007c 49       		.uleb128 0x49
 1230 007d 13       		.uleb128 0x13
 1231 007e 00       		.byte	0
 1232 007f 00       		.byte	0
 1233 0080 0B       		.uleb128 0xb
 1234 0081 13       		.uleb128 0x13
 1235 0082 01       		.byte	0x1
 1236 0083 03       		.uleb128 0x3
 1237 0084 0E       		.uleb128 0xe
 1238 0085 0B       		.uleb128 0xb
 1239 0086 0B       		.uleb128 0xb
 1240 0087 3A       		.uleb128 0x3a
 1241 0088 0B       		.uleb128 0xb
 1242 0089 3B       		.uleb128 0x3b
 1243 008a 05       		.uleb128 0x5
 1244 008b 01       		.uleb128 0x1
 1245 008c 13       		.uleb128 0x13
 1246 008d 00       		.byte	0
 1247 008e 00       		.byte	0
 1248 008f 0C       		.uleb128 0xc
 1249 0090 15       		.uleb128 0x15
 1250 0091 01       		.byte	0x1
 1251 0092 27       		.uleb128 0x27
 1252 0093 19       		.uleb128 0x19
 1253 0094 01       		.uleb128 0x1
 1254 0095 13       		.uleb128 0x13
ARM GAS  /tmp/ccIxAfLh.s 			page 23


 1255 0096 00       		.byte	0
 1256 0097 00       		.byte	0
 1257 0098 0D       		.uleb128 0xd
 1258 0099 05       		.uleb128 0x5
 1259 009a 00       		.byte	0
 1260 009b 49       		.uleb128 0x49
 1261 009c 13       		.uleb128 0x13
 1262 009d 00       		.byte	0
 1263 009e 00       		.byte	0
 1264 009f 0E       		.uleb128 0xe
 1265 00a0 0F       		.uleb128 0xf
 1266 00a1 00       		.byte	0
 1267 00a2 0B       		.uleb128 0xb
 1268 00a3 0B       		.uleb128 0xb
 1269 00a4 00       		.byte	0
 1270 00a5 00       		.byte	0
 1271 00a6 0F       		.uleb128 0xf
 1272 00a7 13       		.uleb128 0x13
 1273 00a8 01       		.byte	0x1
 1274 00a9 03       		.uleb128 0x3
 1275 00aa 0E       		.uleb128 0xe
 1276 00ab 0B       		.uleb128 0xb
 1277 00ac 05       		.uleb128 0x5
 1278 00ad 3A       		.uleb128 0x3a
 1279 00ae 0B       		.uleb128 0xb
 1280 00af 3B       		.uleb128 0x3b
 1281 00b0 05       		.uleb128 0x5
 1282 00b1 01       		.uleb128 0x1
 1283 00b2 13       		.uleb128 0x13
 1284 00b3 00       		.byte	0
 1285 00b4 00       		.byte	0
 1286 00b5 10       		.uleb128 0x10
 1287 00b6 0D       		.uleb128 0xd
 1288 00b7 00       		.byte	0
 1289 00b8 03       		.uleb128 0x3
 1290 00b9 08       		.uleb128 0x8
 1291 00ba 3A       		.uleb128 0x3a
 1292 00bb 0B       		.uleb128 0xb
 1293 00bc 3B       		.uleb128 0x3b
 1294 00bd 0B       		.uleb128 0xb
 1295 00be 49       		.uleb128 0x49
 1296 00bf 13       		.uleb128 0x13
 1297 00c0 38       		.uleb128 0x38
 1298 00c1 0B       		.uleb128 0xb
 1299 00c2 00       		.byte	0
 1300 00c3 00       		.byte	0
 1301 00c4 11       		.uleb128 0x11
 1302 00c5 13       		.uleb128 0x13
 1303 00c6 01       		.byte	0x1
 1304 00c7 0B       		.uleb128 0xb
 1305 00c8 0B       		.uleb128 0xb
 1306 00c9 3A       		.uleb128 0x3a
 1307 00ca 0B       		.uleb128 0xb
 1308 00cb 3B       		.uleb128 0x3b
 1309 00cc 0B       		.uleb128 0xb
 1310 00cd 01       		.uleb128 0x1
 1311 00ce 13       		.uleb128 0x13
ARM GAS  /tmp/ccIxAfLh.s 			page 24


 1312 00cf 00       		.byte	0
 1313 00d0 00       		.byte	0
 1314 00d1 12       		.uleb128 0x12
 1315 00d2 17       		.uleb128 0x17
 1316 00d3 01       		.byte	0x1
 1317 00d4 0B       		.uleb128 0xb
 1318 00d5 0B       		.uleb128 0xb
 1319 00d6 3A       		.uleb128 0x3a
 1320 00d7 0B       		.uleb128 0xb
 1321 00d8 3B       		.uleb128 0x3b
 1322 00d9 0B       		.uleb128 0xb
 1323 00da 01       		.uleb128 0x1
 1324 00db 13       		.uleb128 0x13
 1325 00dc 00       		.byte	0
 1326 00dd 00       		.byte	0
 1327 00de 13       		.uleb128 0x13
 1328 00df 0D       		.uleb128 0xd
 1329 00e0 00       		.byte	0
 1330 00e1 03       		.uleb128 0x3
 1331 00e2 0E       		.uleb128 0xe
 1332 00e3 3A       		.uleb128 0x3a
 1333 00e4 0B       		.uleb128 0xb
 1334 00e5 3B       		.uleb128 0x3b
 1335 00e6 05       		.uleb128 0x5
 1336 00e7 49       		.uleb128 0x49
 1337 00e8 13       		.uleb128 0x13
 1338 00e9 00       		.byte	0
 1339 00ea 00       		.byte	0
 1340 00eb 14       		.uleb128 0x14
 1341 00ec 26       		.uleb128 0x26
 1342 00ed 00       		.byte	0
 1343 00ee 49       		.uleb128 0x49
 1344 00ef 13       		.uleb128 0x13
 1345 00f0 00       		.byte	0
 1346 00f1 00       		.byte	0
 1347 00f2 15       		.uleb128 0x15
 1348 00f3 01       		.uleb128 0x1
 1349 00f4 01       		.byte	0x1
 1350 00f5 49       		.uleb128 0x49
 1351 00f6 13       		.uleb128 0x13
 1352 00f7 01       		.uleb128 0x1
 1353 00f8 13       		.uleb128 0x13
 1354 00f9 00       		.byte	0
 1355 00fa 00       		.byte	0
 1356 00fb 16       		.uleb128 0x16
 1357 00fc 21       		.uleb128 0x21
 1358 00fd 00       		.byte	0
 1359 00fe 49       		.uleb128 0x49
 1360 00ff 13       		.uleb128 0x13
 1361 0100 2F       		.uleb128 0x2f
 1362 0101 0B       		.uleb128 0xb
 1363 0102 00       		.byte	0
 1364 0103 00       		.byte	0
 1365 0104 17       		.uleb128 0x17
 1366 0105 2E       		.uleb128 0x2e
 1367 0106 00       		.byte	0
 1368 0107 03       		.uleb128 0x3
ARM GAS  /tmp/ccIxAfLh.s 			page 25


 1369 0108 0E       		.uleb128 0xe
 1370 0109 3A       		.uleb128 0x3a
 1371 010a 0B       		.uleb128 0xb
 1372 010b 3B       		.uleb128 0x3b
 1373 010c 05       		.uleb128 0x5
 1374 010d 27       		.uleb128 0x27
 1375 010e 19       		.uleb128 0x19
 1376 010f 20       		.uleb128 0x20
 1377 0110 0B       		.uleb128 0xb
 1378 0111 00       		.byte	0
 1379 0112 00       		.byte	0
 1380 0113 18       		.uleb128 0x18
 1381 0114 2E       		.uleb128 0x2e
 1382 0115 01       		.byte	0x1
 1383 0116 3F       		.uleb128 0x3f
 1384 0117 19       		.uleb128 0x19
 1385 0118 03       		.uleb128 0x3
 1386 0119 0E       		.uleb128 0xe
 1387 011a 3A       		.uleb128 0x3a
 1388 011b 0B       		.uleb128 0xb
 1389 011c 3B       		.uleb128 0x3b
 1390 011d 0B       		.uleb128 0xb
 1391 011e 27       		.uleb128 0x27
 1392 011f 19       		.uleb128 0x19
 1393 0120 11       		.uleb128 0x11
 1394 0121 01       		.uleb128 0x1
 1395 0122 12       		.uleb128 0x12
 1396 0123 06       		.uleb128 0x6
 1397 0124 40       		.uleb128 0x40
 1398 0125 18       		.uleb128 0x18
 1399 0126 9742     		.uleb128 0x2117
 1400 0128 19       		.uleb128 0x19
 1401 0129 01       		.uleb128 0x1
 1402 012a 13       		.uleb128 0x13
 1403 012b 00       		.byte	0
 1404 012c 00       		.byte	0
 1405 012d 19       		.uleb128 0x19
 1406 012e 898201   		.uleb128 0x4109
 1407 0131 00       		.byte	0
 1408 0132 11       		.uleb128 0x11
 1409 0133 01       		.uleb128 0x1
 1410 0134 31       		.uleb128 0x31
 1411 0135 13       		.uleb128 0x13
 1412 0136 00       		.byte	0
 1413 0137 00       		.byte	0
 1414 0138 1A       		.uleb128 0x1a
 1415 0139 898201   		.uleb128 0x4109
 1416 013c 00       		.byte	0
 1417 013d 11       		.uleb128 0x11
 1418 013e 01       		.uleb128 0x1
 1419 013f 9542     		.uleb128 0x2115
 1420 0141 19       		.uleb128 0x19
 1421 0142 31       		.uleb128 0x31
 1422 0143 13       		.uleb128 0x13
 1423 0144 00       		.byte	0
 1424 0145 00       		.byte	0
 1425 0146 1B       		.uleb128 0x1b
ARM GAS  /tmp/ccIxAfLh.s 			page 26


 1426 0147 34       		.uleb128 0x34
 1427 0148 00       		.byte	0
 1428 0149 03       		.uleb128 0x3
 1429 014a 0E       		.uleb128 0xe
 1430 014b 3A       		.uleb128 0x3a
 1431 014c 0B       		.uleb128 0xb
 1432 014d 3B       		.uleb128 0x3b
 1433 014e 05       		.uleb128 0x5
 1434 014f 49       		.uleb128 0x49
 1435 0150 13       		.uleb128 0x13
 1436 0151 3F       		.uleb128 0x3f
 1437 0152 19       		.uleb128 0x19
 1438 0153 3C       		.uleb128 0x3c
 1439 0154 19       		.uleb128 0x19
 1440 0155 00       		.byte	0
 1441 0156 00       		.byte	0
 1442 0157 1C       		.uleb128 0x1c
 1443 0158 34       		.uleb128 0x34
 1444 0159 00       		.byte	0
 1445 015a 03       		.uleb128 0x3
 1446 015b 08       		.uleb128 0x8
 1447 015c 3A       		.uleb128 0x3a
 1448 015d 0B       		.uleb128 0xb
 1449 015e 3B       		.uleb128 0x3b
 1450 015f 05       		.uleb128 0x5
 1451 0160 49       		.uleb128 0x49
 1452 0161 13       		.uleb128 0x13
 1453 0162 3F       		.uleb128 0x3f
 1454 0163 19       		.uleb128 0x19
 1455 0164 3C       		.uleb128 0x3c
 1456 0165 19       		.uleb128 0x19
 1457 0166 00       		.byte	0
 1458 0167 00       		.byte	0
 1459 0168 1D       		.uleb128 0x1d
 1460 0169 2E       		.uleb128 0x2e
 1461 016a 00       		.byte	0
 1462 016b 3F       		.uleb128 0x3f
 1463 016c 19       		.uleb128 0x19
 1464 016d 3C       		.uleb128 0x3c
 1465 016e 19       		.uleb128 0x19
 1466 016f 6E       		.uleb128 0x6e
 1467 0170 0E       		.uleb128 0xe
 1468 0171 03       		.uleb128 0x3
 1469 0172 0E       		.uleb128 0xe
 1470 0173 3A       		.uleb128 0x3a
 1471 0174 0B       		.uleb128 0xb
 1472 0175 3B       		.uleb128 0x3b
 1473 0176 05       		.uleb128 0x5
 1474 0177 00       		.byte	0
 1475 0178 00       		.byte	0
 1476 0179 1E       		.uleb128 0x1e
 1477 017a 2E       		.uleb128 0x2e
 1478 017b 00       		.byte	0
 1479 017c 3F       		.uleb128 0x3f
 1480 017d 19       		.uleb128 0x19
 1481 017e 3C       		.uleb128 0x3c
 1482 017f 19       		.uleb128 0x19
ARM GAS  /tmp/ccIxAfLh.s 			page 27


 1483 0180 6E       		.uleb128 0x6e
 1484 0181 0E       		.uleb128 0xe
 1485 0182 03       		.uleb128 0x3
 1486 0183 0E       		.uleb128 0xe
 1487 0184 3A       		.uleb128 0x3a
 1488 0185 0B       		.uleb128 0xb
 1489 0186 3B       		.uleb128 0x3b
 1490 0187 0B       		.uleb128 0xb
 1491 0188 00       		.byte	0
 1492 0189 00       		.byte	0
 1493 018a 00       		.byte	0
 1494              		.section	.debug_aranges,"",%progbits
 1495 0000 1C000000 		.4byte	0x1c
 1496 0004 0200     		.2byte	0x2
 1497 0006 00000000 		.4byte	.Ldebug_info0
 1498 000a 04       		.byte	0x4
 1499 000b 00       		.byte	0
 1500 000c 0000     		.2byte	0
 1501 000e 0000     		.2byte	0
 1502 0010 00000000 		.4byte	.LFB258
 1503 0014 38000000 		.4byte	.LFE258-.LFB258
 1504 0018 00000000 		.4byte	0
 1505 001c 00000000 		.4byte	0
 1506              		.section	.debug_ranges,"",%progbits
 1507              	.Ldebug_ranges0:
 1508 0000 00000000 		.4byte	.LFB258
 1509 0004 38000000 		.4byte	.LFE258
 1510 0008 00000000 		.4byte	0
 1511 000c 00000000 		.4byte	0
 1512              		.section	.debug_line,"",%progbits
 1513              	.Ldebug_line0:
 1514 0000 91030000 		.section	.debug_str,"MS",%progbits,1
 1514      02006803 
 1514      00000201 
 1514      FB0E0D00 
 1514      01010101 
 1515              	.LASF109:
 1516 0000 73746D33 		.ascii	"stm32_gpio_setup_t\000"
 1516      325F6770 
 1516      696F5F73 
 1516      65747570 
 1516      5F7400
 1517              	.LASF51:
 1518 0013 72656164 		.ascii	"ready_list_t\000"
 1518      795F6C69 
 1518      73745F74 
 1518      00
 1519              	.LASF132:
 1520 0020 7374496E 		.ascii	"stInit\000"
 1520      697400
 1521              	.LASF89:
 1522 0027 77747472 		.ascii	"wttrp\000"
 1522      7000
 1523              	.LASF86:
 1524 002d 7264796D 		.ascii	"rdymsg\000"
 1524      736700
 1525              	.LASF17:
ARM GAS  /tmp/ccIxAfLh.s 			page 28


 1526 0034 75696E74 		.ascii	"uint64_t\000"
 1526      36345F74 
 1526      00
 1527              	.LASF7:
 1528 003d 5F5F7569 		.ascii	"__uint8_t\000"
 1528      6E74385F 
 1528      7400
 1529              	.LASF83:
 1530 0047 706F7274 		.ascii	"port_intctx\000"
 1530      5F696E74 
 1530      63747800 
 1531              	.LASF70:
 1532 0053 73797374 		.ascii	"system_debug_t\000"
 1532      656D5F64 
 1532      65627567 
 1532      5F7400
 1533              	.LASF134:
 1534 0062 2F686F6D 		.ascii	"/home/selim/working/ChibiOS/os/hal/src/hal.c\000"
 1534      652F7365 
 1534      6C696D2F 
 1534      776F726B 
 1534      696E672F 
 1535              	.LASF117:
 1536 008f 50484461 		.ascii	"PHData\000"
 1536      746100
 1537              	.LASF13:
 1538 0096 6C6F6E67 		.ascii	"long long unsigned int\000"
 1538      206C6F6E 
 1538      6720756E 
 1538      7369676E 
 1538      65642069 
 1539              	.LASF106:
 1540 00ad 70757064 		.ascii	"pupdr\000"
 1540      7200
 1541              	.LASF87:
 1542 00b3 65786974 		.ascii	"exitcode\000"
 1542      636F6465 
 1542      00
 1543              	.LASF77:
 1544 00bc 6D61696E 		.ascii	"mainthread\000"
 1544      74687265 
 1544      616400
 1545              	.LASF67:
 1546 00c7 76697274 		.ascii	"virtual_timers_list_t\000"
 1546      75616C5F 
 1546      74696D65 
 1546      72735F6C 
 1546      6973745F 
 1547              	.LASF120:
 1548 00dd 49544D5F 		.ascii	"ITM_RxBuffer\000"
 1548      52784275 
 1548      66666572 
 1548      00
 1549              	.LASF50:
 1550 00ea 63685F74 		.ascii	"ch_threads_queue\000"
 1550      68726561 
 1550      64735F71 
ARM GAS  /tmp/ccIxAfLh.s 			page 29


 1550      75657565 
 1550      00
 1551              	.LASF30:
 1552 00fb 705F7072 		.ascii	"p_prio\000"
 1552      696F00
 1553              	.LASF1:
 1554 0102 6C6F6E67 		.ascii	"long long int\000"
 1554      206C6F6E 
 1554      6720696E 
 1554      7400
 1555              	.LASF3:
 1556 0110 7369676E 		.ascii	"signed char\000"
 1556      65642063 
 1556      68617200 
 1557              	.LASF44:
 1558 011c 705F6D70 		.ascii	"p_mpool\000"
 1558      6F6F6C00 
 1559              	.LASF97:
 1560 0124 6D5F7175 		.ascii	"m_queue\000"
 1560      65756500 
 1561              	.LASF103:
 1562 012c 6D6F6465 		.ascii	"moder\000"
 1562      7200
 1563              	.LASF74:
 1564 0132 63685F73 		.ascii	"ch_system\000"
 1564      79737465 
 1564      6D00
 1565              	.LASF9:
 1566 013c 6C6F6E67 		.ascii	"long int\000"
 1566      20696E74 
 1566      00
 1567              	.LASF114:
 1568 0145 50454461 		.ascii	"PEData\000"
 1568      746100
 1569              	.LASF20:
 1570 014c 74737461 		.ascii	"tstate_t\000"
 1570      74655F74 
 1570      00
 1571              	.LASF125:
 1572 0155 67707449 		.ascii	"gptInit\000"
 1572      6E697400 
 1573              	.LASF126:
 1574 015d 70776D49 		.ascii	"pwmInit\000"
 1574      6E697400 
 1575              	.LASF32:
 1576 0165 705F6E65 		.ascii	"p_newer\000"
 1576      77657200 
 1577              	.LASF94:
 1578 016d 735F7175 		.ascii	"s_queue\000"
 1578      65756500 
 1579              	.LASF56:
 1580 0175 725F6E65 		.ascii	"r_newer\000"
 1580      77657200 
 1581              	.LASF80:
 1582 017d 72656761 		.ascii	"regarm_t\000"
 1582      726D5F74 
 1582      00
ARM GAS  /tmp/ccIxAfLh.s 			page 30


 1583              	.LASF63:
 1584 0186 76745F70 		.ascii	"vt_prev\000"
 1584      72657600 
 1585              	.LASF76:
 1586 018e 76746C69 		.ascii	"vtlist\000"
 1586      737400
 1587              	.LASF101:
 1588 0195 6D757465 		.ascii	"mutex_t\000"
 1588      785F7400 
 1589              	.LASF111:
 1590 019d 50424461 		.ascii	"PBData\000"
 1590      746100
 1591              	.LASF78:
 1592 01a4 69646C65 		.ascii	"idle_thread_wa\000"
 1592      5F746872 
 1592      6561645F 
 1592      776100
 1593              	.LASF25:
 1594 01b3 636E745F 		.ascii	"cnt_t\000"
 1594      7400
 1595              	.LASF0:
 1596 01b9 756E7369 		.ascii	"unsigned int\000"
 1596      676E6564 
 1596      20696E74 
 1596      00
 1597              	.LASF62:
 1598 01c6 76745F6E 		.ascii	"vt_next\000"
 1598      65787400 
 1599              	.LASF90:
 1600 01ce 77747365 		.ascii	"wtsemp\000"
 1600      6D7000
 1601              	.LASF39:
 1602 01d5 705F6D73 		.ascii	"p_msgqueue\000"
 1602      67717565 
 1602      756500
 1603              	.LASF136:
 1604 01e0 68616C49 		.ascii	"halInit\000"
 1604      6E697400 
 1605              	.LASF105:
 1606 01e8 6F737065 		.ascii	"ospeedr\000"
 1606      65647200 
 1607              	.LASF104:
 1608 01f0 6F747970 		.ascii	"otyper\000"
 1608      657200
 1609              	.LASF6:
 1610 01f7 73686F72 		.ascii	"short unsigned int\000"
 1610      7420756E 
 1610      7369676E 
 1610      65642069 
 1610      6E7400
 1611              	.LASF115:
 1612 020a 50464461 		.ascii	"PFData\000"
 1612      746100
 1613              	.LASF47:
 1614 0211 63685F74 		.ascii	"ch_thread\000"
 1614      68726561 
 1614      6400
ARM GAS  /tmp/ccIxAfLh.s 			page 31


 1615              	.LASF23:
 1616 021b 6D73675F 		.ascii	"msg_t\000"
 1616      7400
 1617              	.LASF73:
 1618 0221 63685F73 		.ascii	"ch_system_t\000"
 1618      79737465 
 1618      6D5F7400 
 1619              	.LASF19:
 1620 022d 746D6F64 		.ascii	"tmode_t\000"
 1620      655F7400 
 1621              	.LASF52:
 1622 0235 63685F72 		.ascii	"ch_ready_list\000"
 1622      65616479 
 1622      5F6C6973 
 1622      7400
 1623              	.LASF24:
 1624 0243 6576656E 		.ascii	"eventmask_t\000"
 1624      746D6173 
 1624      6B5F7400 
 1625              	.LASF8:
 1626 024f 5F5F696E 		.ascii	"__int32_t\000"
 1626      7433325F 
 1626      7400
 1627              	.LASF116:
 1628 0259 50474461 		.ascii	"PGData\000"
 1628      746100
 1629              	.LASF124:
 1630 0260 61646349 		.ascii	"adcInit\000"
 1630      6E697400 
 1631              	.LASF81:
 1632 0268 73746B61 		.ascii	"stkalign_t\000"
 1632      6C69676E 
 1632      5F7400
 1633              	.LASF128:
 1634 0273 73706949 		.ascii	"spiInit\000"
 1634      6E697400 
 1635              	.LASF38:
 1636 027b 705F7761 		.ascii	"p_waiting\000"
 1636      6974696E 
 1636      6700
 1637              	.LASF79:
 1638 0285 73697A65 		.ascii	"sizetype\000"
 1638      74797065 
 1638      00
 1639              	.LASF45:
 1640 028e 74687265 		.ascii	"thread_reference_t\000"
 1640      61645F72 
 1640      65666572 
 1640      656E6365 
 1640      5F7400
 1641              	.LASF68:
 1642 02a1 63685F76 		.ascii	"ch_virtual_timers_list\000"
 1642      69727475 
 1642      616C5F74 
 1642      696D6572 
 1642      735F6C69 
 1643              	.LASF2:
ARM GAS  /tmp/ccIxAfLh.s 			page 32


 1644 02b8 6C6F6E67 		.ascii	"long double\000"
 1644      20646F75 
 1644      626C6500 
 1645              	.LASF69:
 1646 02c4 76745F6C 		.ascii	"vt_lasttime\000"
 1646      61737474 
 1646      696D6500 
 1647              	.LASF33:
 1648 02d0 705F6F6C 		.ascii	"p_older\000"
 1648      64657200 
 1649              	.LASF55:
 1650 02d8 725F6374 		.ascii	"r_ctx\000"
 1650      7800
 1651              	.LASF85:
 1652 02de 746D5F63 		.ascii	"tm_calibration_t\000"
 1652      616C6962 
 1652      72617469 
 1652      6F6E5F74 
 1652      00
 1653              	.LASF108:
 1654 02ef 61667268 		.ascii	"afrh\000"
 1654      00
 1655              	.LASF113:
 1656 02f4 50444461 		.ascii	"PDData\000"
 1656      746100
 1657              	.LASF58:
 1658 02fb 725F6375 		.ascii	"r_current\000"
 1658      7272656E 
 1658      7400
 1659              	.LASF57:
 1660 0305 725F6F6C 		.ascii	"r_older\000"
 1660      64657200 
 1661              	.LASF12:
 1662 030d 5F5F7569 		.ascii	"__uint64_t\000"
 1662      6E743634 
 1662      5F7400
 1663              	.LASF21:
 1664 0318 74726566 		.ascii	"trefs_t\000"
 1664      735F7400 
 1665              	.LASF60:
 1666 0320 76697274 		.ascii	"virtual_timer_t\000"
 1666      75616C5F 
 1666      74696D65 
 1666      725F7400 
 1667              	.LASF29:
 1668 0330 705F7072 		.ascii	"p_prev\000"
 1668      657600
 1669              	.LASF135:
 1670 0337 6F73616C 		.ascii	"osalInit\000"
 1670      496E6974 
 1670      00
 1671              	.LASF22:
 1672 0340 74707269 		.ascii	"tprio_t\000"
 1672      6F5F7400 
 1673              	.LASF71:
 1674 0348 63685F73 		.ascii	"ch_system_debug\000"
 1674      79737465 
ARM GAS  /tmp/ccIxAfLh.s 			page 33


 1674      6D5F6465 
 1674      62756700 
 1675              	.LASF102:
 1676 0358 5F426F6F 		.ascii	"_Bool\000"
 1676      6C00
 1677              	.LASF15:
 1678 035e 696E7433 		.ascii	"int32_t\000"
 1678      325F7400 
 1679              	.LASF4:
 1680 0366 756E7369 		.ascii	"unsigned char\000"
 1680      676E6564 
 1680      20636861 
 1680      7200
 1681              	.LASF130:
 1682 0374 73647549 		.ascii	"sduInit\000"
 1682      6E697400 
 1683              	.LASF107:
 1684 037c 6166726C 		.ascii	"afrl\000"
 1684      00
 1685              	.LASF95:
 1686 0381 735F636E 		.ascii	"s_cnt\000"
 1686      7400
 1687              	.LASF42:
 1688 0387 705F6D74 		.ascii	"p_mtxlist\000"
 1688      786C6973 
 1688      7400
 1689              	.LASF5:
 1690 0391 73686F72 		.ascii	"short int\000"
 1690      7420696E 
 1690      7400
 1691              	.LASF35:
 1692 039b 705F7374 		.ascii	"p_state\000"
 1692      61746500 
 1693              	.LASF131:
 1694 03a3 626F6172 		.ascii	"boardInit\000"
 1694      64496E69 
 1694      7400
 1695              	.LASF54:
 1696 03ad 725F7072 		.ascii	"r_prio\000"
 1696      696F00
 1697              	.LASF133:
 1698 03b4 474E5520 		.ascii	"GNU C11 5.3.1 20160307 (release) [ARM/embedded-5-br"
 1698      43313120 
 1698      352E332E 
 1698      31203230 
 1698      31363033 
 1699 03e7 616E6368 		.ascii	"anch revision 234589] -mcpu=cortex-m4 -mno-thumb-in"
 1699      20726576 
 1699      6973696F 
 1699      6E203233 
 1699      34353839 
 1700 041a 74657277 		.ascii	"terwork -mthumb -ggdb -O2 -fomit-frame-pointer -fal"
 1700      6F726B20 
 1700      2D6D7468 
 1700      756D6220 
 1700      2D676764 
 1701 044d 69676E2D 		.ascii	"ign-functions=16 -ffunction-sections -fdata-section"
ARM GAS  /tmp/ccIxAfLh.s 			page 34


 1701      66756E63 
 1701      74696F6E 
 1701      733D3136 
 1701      202D6666 
 1702 0480 73202D66 		.ascii	"s -fno-common\000"
 1702      6E6F2D63 
 1702      6F6D6D6F 
 1702      6E00
 1703              	.LASF110:
 1704 048e 50414461 		.ascii	"PAData\000"
 1704      746100
 1705              	.LASF92:
 1706 0495 65776D61 		.ascii	"ewmask\000"
 1706      736B00
 1707              	.LASF28:
 1708 049c 705F6E65 		.ascii	"p_next\000"
 1708      787400
 1709              	.LASF36:
 1710 04a3 705F666C 		.ascii	"p_flags\000"
 1710      61677300 
 1711              	.LASF118:
 1712 04ab 50494461 		.ascii	"PIData\000"
 1712      746100
 1713              	.LASF61:
 1714 04b2 63685F76 		.ascii	"ch_virtual_timer\000"
 1714      69727475 
 1714      616C5F74 
 1714      696D6572 
 1714      00
 1715              	.LASF93:
 1716 04c3 63685F73 		.ascii	"ch_semaphore\000"
 1716      656D6170 
 1716      686F7265 
 1716      00
 1717              	.LASF41:
 1718 04d0 705F6570 		.ascii	"p_epending\000"
 1718      656E6469 
 1718      6E6700
 1719              	.LASF16:
 1720 04db 75696E74 		.ascii	"uint32_t\000"
 1720      33325F74 
 1720      00
 1721              	.LASF91:
 1722 04e4 77746D74 		.ascii	"wtmtxp\000"
 1722      787000
 1723              	.LASF53:
 1724 04eb 725F7175 		.ascii	"r_queue\000"
 1724      65756500 
 1725              	.LASF64:
 1726 04f3 76745F64 		.ascii	"vt_delta\000"
 1726      656C7461 
 1726      00
 1727              	.LASF48:
 1728 04fc 63685F74 		.ascii	"ch_threads_list\000"
 1728      68726561 
 1728      64735F6C 
 1728      69737400 
ARM GAS  /tmp/ccIxAfLh.s 			page 35


 1729              	.LASF11:
 1730 050c 6C6F6E67 		.ascii	"long unsigned int\000"
 1730      20756E73 
 1730      69676E65 
 1730      6420696E 
 1730      7400
 1731              	.LASF100:
 1732 051e 63686172 		.ascii	"char\000"
 1732      00
 1733              	.LASF129:
 1734 0523 75736249 		.ascii	"usbInit\000"
 1734      6E697400 
 1735              	.LASF27:
 1736 052b 74687265 		.ascii	"thread_t\000"
 1736      61645F74 
 1736      00
 1737              	.LASF99:
 1738 0534 6D5F6E65 		.ascii	"m_next\000"
 1738      787400
 1739              	.LASF26:
 1740 053b 73797374 		.ascii	"systime_t\000"
 1740      696D655F 
 1740      7400
 1741              	.LASF43:
 1742 0545 705F7265 		.ascii	"p_realprio\000"
 1742      616C7072 
 1742      696F00
 1743              	.LASF59:
 1744 0550 76746675 		.ascii	"vtfunc_t\000"
 1744      6E635F74 
 1744      00
 1745              	.LASF10:
 1746 0559 5F5F7569 		.ascii	"__uint32_t\000"
 1746      6E743332 
 1746      5F7400
 1747              	.LASF72:
 1748 0564 70616E69 		.ascii	"panic_msg\000"
 1748      635F6D73 
 1748      6700
 1749              	.LASF84:
 1750 056e 6F666673 		.ascii	"offset\000"
 1750      657400
 1751              	.LASF82:
 1752 0575 636F6E74 		.ascii	"context\000"
 1752      65787400 
 1753              	.LASF122:
 1754 057d 68616C5F 		.ascii	"hal_lld_init\000"
 1754      6C6C645F 
 1754      696E6974 
 1754      00
 1755              	.LASF18:
 1756 058a 7274636E 		.ascii	"rtcnt_t\000"
 1756      745F7400 
 1757              	.LASF66:
 1758 0592 76745F70 		.ascii	"vt_par\000"
 1758      617200
 1759              	.LASF49:
ARM GAS  /tmp/ccIxAfLh.s 			page 36


 1760 0599 74687265 		.ascii	"threads_queue_t\000"
 1760      6164735F 
 1760      71756575 
 1760      655F7400 
 1761              	.LASF96:
 1762 05a9 63685F6D 		.ascii	"ch_mutex\000"
 1762      75746578 
 1762      00
 1763              	.LASF37:
 1764 05b2 705F7265 		.ascii	"p_refs\000"
 1764      667300
 1765              	.LASF123:
 1766 05b9 5F70616C 		.ascii	"_pal_lld_init\000"
 1766      5F6C6C64 
 1766      5F696E69 
 1766      7400
 1767              	.LASF75:
 1768 05c7 726C6973 		.ascii	"rlist\000"
 1768      7400
 1769              	.LASF14:
 1770 05cd 75696E74 		.ascii	"uint8_t\000"
 1770      385F7400 
 1771              	.LASF88:
 1772 05d5 77746F62 		.ascii	"wtobjp\000"
 1772      6A7000
 1773              	.LASF34:
 1774 05dc 705F6E61 		.ascii	"p_name\000"
 1774      6D6500
 1775              	.LASF112:
 1776 05e3 50434461 		.ascii	"PCData\000"
 1776      746100
 1777              	.LASF46:
 1778 05ea 74687265 		.ascii	"threads_list_t\000"
 1778      6164735F 
 1778      6C697374 
 1778      5F7400
 1779              	.LASF40:
 1780 05f9 705F6D73 		.ascii	"p_msg\000"
 1780      6700
 1781              	.LASF127:
 1782 05ff 7364496E 		.ascii	"sdInit\000"
 1782      697400
 1783              	.LASF119:
 1784 0606 50414C43 		.ascii	"PALConfig\000"
 1784      6F6E6669 
 1784      6700
 1785              	.LASF98:
 1786 0610 6D5F6F77 		.ascii	"m_owner\000"
 1786      6E657200 
 1787              	.LASF121:
 1788 0618 70616C5F 		.ascii	"pal_default_config\000"
 1788      64656661 
 1788      756C745F 
 1788      636F6E66 
 1788      696700
 1789              	.LASF31:
 1790 062b 705F6374 		.ascii	"p_ctx\000"
ARM GAS  /tmp/ccIxAfLh.s 			page 37


 1790      7800
 1791              	.LASF65:
 1792 0631 76745F66 		.ascii	"vt_func\000"
 1792      756E6300 
 1793              		.ident	"GCC: (GNU Tools for ARM Embedded Processors) 5.3.1 20160307 (release) [ARM/embedded-5-bran
ARM GAS  /tmp/ccIxAfLh.s 			page 38


DEFINED SYMBOLS
                            *ABS*:0000000000000000 hal.c
     /tmp/ccIxAfLh.s:20     .text.halInit:0000000000000000 $t
     /tmp/ccIxAfLh.s:26     .text.halInit:0000000000000000 halInit
     /tmp/ccIxAfLh.s:79     .text.halInit:0000000000000034 $d
                     .debug_frame:0000000000000010 $d

UNDEFINED SYMBOLS
hal_lld_init
_pal_lld_init
adcInit
gptInit
pwmInit
sdInit
spiInit
usbInit
sduInit
boardInit
stInit
pal_default_config
