ARM GAS  /tmp/ccuK9bSr.s 			page 1


   1              		.syntax unified
   2              		.cpu cortex-m4
   3              		.fpu softvfp
   4              		.eabi_attribute 20, 1
   5              		.eabi_attribute 21, 1
   6              		.eabi_attribute 23, 3
   7              		.eabi_attribute 24, 1
   8              		.eabi_attribute 25, 1
   9              		.eabi_attribute 26, 1
  10              		.eabi_attribute 30, 2
  11              		.eabi_attribute 34, 1
  12              		.eabi_attribute 18, 4
  13              		.thumb
  14              		.syntax unified
  15              		.file	"hal_mmcsd.c"
  16              		.text
  17              	.Ltext0:
  18              		.cfi_sections	.debug_frame
  19              	.Letext0:
  20              		.file 1 "/usr/arm-none-eabi/include/machine/_default_types.h"
  21              		.file 2 "/usr/arm-none-eabi/include/sys/_stdint.h"
  22              		.file 3 "/home/selim/working/ChibiOS/os/rt/ports/ARMCMx/compilers/GCC/chtypes.h"
  23              		.file 4 "/home/selim/working/ChibiOS/os/rt/include/chsystypes.h"
  24              		.file 5 "/home/selim/working/ChibiOS/os/rt/include/chschd.h"
  25              		.file 6 "/home/selim/working/ChibiOS/os/rt/ports/ARMCMx/chcore.h"
  26              		.file 7 "/home/selim/working/ChibiOS/os/rt/ports/ARMCMx/chcore_v7m.h"
  27              		.file 8 "/home/selim/working/ChibiOS/os/rt/include/chtm.h"
  28              		.file 9 "/home/selim/working/ChibiOS/os/rt/include/chsem.h"
  29              		.file 10 "/home/selim/working/ChibiOS/os/rt/include/chmtx.h"
  30              		.file 11 "/home/selim/working/ChibiOS/os/ext/CMSIS/include/core_cm4.h"
  31              		.section	.debug_info,"",%progbits
  32              	.Ldebug_info0:
  33 0000 31060000 		.4byte	0x631
  34 0004 0400     		.2byte	0x4
  35 0006 00000000 		.4byte	.Ldebug_abbrev0
  36 000a 04       		.byte	0x4
  37 000b 01       		.uleb128 0x1
  38 000c C8030000 		.4byte	.LASF104
  39 0010 0C       		.byte	0xc
  40 0011 EE040000 		.4byte	.LASF105
  41 0015 00000000 		.4byte	.Ldebug_line0
  42 0019 02       		.uleb128 0x2
  43 001a 04       		.byte	0x4
  44 001b 05       		.byte	0x5
  45 001c 696E7400 		.ascii	"int\000"
  46 0020 03       		.uleb128 0x3
  47 0021 04       		.byte	0x4
  48 0022 07       		.byte	0x7
  49 0023 04020000 		.4byte	.LASF0
  50 0027 03       		.uleb128 0x3
  51 0028 08       		.byte	0x8
  52 0029 05       		.byte	0x5
  53 002a 19010000 		.4byte	.LASF1
  54 002e 03       		.uleb128 0x3
  55 002f 08       		.byte	0x8
  56 0030 04       		.byte	0x4
  57 0031 A9010000 		.4byte	.LASF2
ARM GAS  /tmp/ccuK9bSr.s 			page 2


  58 0035 03       		.uleb128 0x3
  59 0036 01       		.byte	0x1
  60 0037 06       		.byte	0x6
  61 0038 D0010000 		.4byte	.LASF3
  62 003c 04       		.uleb128 0x4
  63 003d 77010000 		.4byte	.LASF7
  64 0041 01       		.byte	0x1
  65 0042 1D       		.byte	0x1d
  66 0043 47000000 		.4byte	0x47
  67 0047 03       		.uleb128 0x3
  68 0048 01       		.byte	0x1
  69 0049 08       		.byte	0x8
  70 004a BB010000 		.4byte	.LASF4
  71 004e 03       		.uleb128 0x3
  72 004f 02       		.byte	0x2
  73 0050 05       		.byte	0x5
  74 0051 3D000000 		.4byte	.LASF5
  75 0055 03       		.uleb128 0x3
  76 0056 02       		.byte	0x2
  77 0057 07       		.byte	0x7
  78 0058 24030000 		.4byte	.LASF6
  79 005c 04       		.uleb128 0x4
  80 005d 69030000 		.4byte	.LASF8
  81 0061 01       		.byte	0x1
  82 0062 3F       		.byte	0x3f
  83 0063 67000000 		.4byte	0x67
  84 0067 03       		.uleb128 0x3
  85 0068 04       		.byte	0x4
  86 0069 05       		.byte	0x5
  87 006a 36010000 		.4byte	.LASF9
  88 006e 04       		.uleb128 0x4
  89 006f 37030000 		.4byte	.LASF10
  90 0073 01       		.byte	0x1
  91 0074 41       		.byte	0x41
  92 0075 79000000 		.4byte	0x79
  93 0079 03       		.uleb128 0x3
  94 007a 04       		.byte	0x4
  95 007b 07       		.byte	0x7
  96 007c 08030000 		.4byte	.LASF11
  97 0080 04       		.uleb128 0x4
  98 0081 DD020000 		.4byte	.LASF12
  99 0085 01       		.byte	0x1
 100 0086 5B       		.byte	0x5b
 101 0087 8B000000 		.4byte	0x8b
 102 008b 03       		.uleb128 0x3
 103 008c 08       		.byte	0x8
 104 008d 07       		.byte	0x7
 105 008e E4010000 		.4byte	.LASF13
 106 0092 04       		.uleb128 0x4
 107 0093 C2000000 		.4byte	.LASF14
 108 0097 02       		.byte	0x2
 109 0098 14       		.byte	0x14
 110 0099 3C000000 		.4byte	0x3c
 111 009d 04       		.uleb128 0x4
 112 009e B0020000 		.4byte	.LASF15
 113 00a2 02       		.byte	0x2
 114 00a3 1F       		.byte	0x1f
ARM GAS  /tmp/ccuK9bSr.s 			page 3


 115 00a4 5C000000 		.4byte	0x5c
 116 00a8 04       		.uleb128 0x4
 117 00a9 DB000000 		.4byte	.LASF16
 118 00ad 02       		.byte	0x2
 119 00ae 20       		.byte	0x20
 120 00af 6E000000 		.4byte	0x6e
 121 00b3 04       		.uleb128 0x4
 122 00b4 29000000 		.4byte	.LASF17
 123 00b8 02       		.byte	0x2
 124 00b9 26       		.byte	0x26
 125 00ba 80000000 		.4byte	0x80
 126 00be 05       		.uleb128 0x5
 127 00bf 9D000000 		.4byte	0x9d
 128 00c3 04       		.uleb128 0x4
 129 00c4 91000000 		.4byte	.LASF18
 130 00c8 03       		.byte	0x3
 131 00c9 46       		.byte	0x46
 132 00ca A8000000 		.4byte	0xa8
 133 00ce 04       		.uleb128 0x4
 134 00cf 11010000 		.4byte	.LASF19
 135 00d3 03       		.byte	0x3
 136 00d4 49       		.byte	0x49
 137 00d5 92000000 		.4byte	0x92
 138 00d9 04       		.uleb128 0x4
 139 00da 8D030000 		.4byte	.LASF20
 140 00de 03       		.byte	0x3
 141 00df 4A       		.byte	0x4a
 142 00e0 92000000 		.4byte	0x92
 143 00e4 04       		.uleb128 0x4
 144 00e5 09000000 		.4byte	.LASF21
 145 00e9 03       		.byte	0x3
 146 00ea 4B       		.byte	0x4b
 147 00eb 92000000 		.4byte	0x92
 148 00ef 04       		.uleb128 0x4
 149 00f0 2E010000 		.4byte	.LASF22
 150 00f4 03       		.byte	0x3
 151 00f5 4D       		.byte	0x4d
 152 00f6 A8000000 		.4byte	0xa8
 153 00fa 04       		.uleb128 0x4
 154 00fb E8040000 		.4byte	.LASF23
 155 00ff 03       		.byte	0x3
 156 0100 4E       		.byte	0x4e
 157 0101 9D000000 		.4byte	0x9d
 158 0105 04       		.uleb128 0x4
 159 0106 6C000000 		.4byte	.LASF24
 160 010a 03       		.byte	0x3
 161 010b 50       		.byte	0x50
 162 010c A8000000 		.4byte	0xa8
 163 0110 04       		.uleb128 0x4
 164 0111 BF020000 		.4byte	.LASF25
 165 0115 03       		.byte	0x3
 166 0116 52       		.byte	0x52
 167 0117 9D000000 		.4byte	0x9d
 168 011b 04       		.uleb128 0x4
 169 011c 82020000 		.4byte	.LASF26
 170 0120 04       		.byte	0x4
 171 0121 33       		.byte	0x33
ARM GAS  /tmp/ccuK9bSr.s 			page 4


 172 0122 A8000000 		.4byte	0xa8
 173 0126 04       		.uleb128 0x4
 174 0127 00000000 		.4byte	.LASF27
 175 012b 04       		.byte	0x4
 176 012c 3F       		.byte	0x3f
 177 012d 31010000 		.4byte	0x131
 178 0131 06       		.uleb128 0x6
 179 0132 E4000000 		.4byte	.LASF47
 180 0136 44       		.byte	0x44
 181 0137 05       		.byte	0x5
 182 0138 C2       		.byte	0xc2
 183 0139 1E020000 		.4byte	0x21e
 184 013d 07       		.uleb128 0x7
 185 013e 8A000000 		.4byte	.LASF28
 186 0142 05       		.byte	0x5
 187 0143 C3       		.byte	0xc3
 188 0144 29020000 		.4byte	0x229
 189 0148 00       		.byte	0
 190 0149 07       		.uleb128 0x7
 191 014a 5F000000 		.4byte	.LASF29
 192 014e 05       		.byte	0x5
 193 014f C5       		.byte	0xc5
 194 0150 29020000 		.4byte	0x229
 195 0154 04       		.byte	0x4
 196 0155 07       		.uleb128 0x7
 197 0156 83000000 		.4byte	.LASF30
 198 015a 05       		.byte	0x5
 199 015b C7       		.byte	0xc7
 200 015c EF000000 		.4byte	0xef
 201 0160 08       		.byte	0x8
 202 0161 07       		.uleb128 0x7
 203 0162 B7040000 		.4byte	.LASF31
 204 0166 05       		.byte	0x5
 205 0167 C8       		.byte	0xc8
 206 0168 59040000 		.4byte	0x459
 207 016c 0C       		.byte	0xc
 208 016d 07       		.uleb128 0x7
 209 016e DC010000 		.4byte	.LASF32
 210 0172 05       		.byte	0x5
 211 0173 CA       		.byte	0xca
 212 0174 29020000 		.4byte	0x229
 213 0178 10       		.byte	0x10
 214 0179 07       		.uleb128 0x7
 215 017a B3030000 		.4byte	.LASF33
 216 017e 05       		.byte	0x5
 217 017f CB       		.byte	0xcb
 218 0180 29020000 		.4byte	0x229
 219 0184 14       		.byte	0x14
 220 0185 07       		.uleb128 0x7
 221 0186 F2020000 		.4byte	.LASF34
 222 018a 05       		.byte	0x5
 223 018b D2       		.byte	0xd2
 224 018c D8050000 		.4byte	0x5d8
 225 0190 18       		.byte	0x18
 226 0191 07       		.uleb128 0x7
 227 0192 C5020000 		.4byte	.LASF35
 228 0196 05       		.byte	0x5
ARM GAS  /tmp/ccuK9bSr.s 			page 5


 229 0197 DD       		.byte	0xdd
 230 0198 D9000000 		.4byte	0xd9
 231 019c 1C       		.byte	0x1c
 232 019d 07       		.uleb128 0x7
 233 019e 66020000 		.4byte	.LASF36
 234 01a2 05       		.byte	0x5
 235 01a3 E1       		.byte	0xe1
 236 01a4 CE000000 		.4byte	0xce
 237 01a8 1D       		.byte	0x1d
 238 01a9 07       		.uleb128 0x7
 239 01aa A2040000 		.4byte	.LASF37
 240 01ae 05       		.byte	0x5
 241 01af E6       		.byte	0xe6
 242 01b0 E4000000 		.4byte	0xe4
 243 01b4 1E       		.byte	0x1e
 244 01b5 08       		.uleb128 0x8
 245 01b6 705F7500 		.ascii	"p_u\000"
 246 01ba 05       		.byte	0x5
 247 01bb 3101     		.2byte	0x131
 248 01bd 13050000 		.4byte	0x513
 249 01c1 20       		.byte	0x20
 250 01c2 09       		.uleb128 0x9
 251 01c3 D3020000 		.4byte	.LASF38
 252 01c7 05       		.byte	0x5
 253 01c8 3601     		.2byte	0x136
 254 01ca 2F020000 		.4byte	0x22f
 255 01ce 24       		.byte	0x24
 256 01cf 09       		.uleb128 0x9
 257 01d0 78000000 		.4byte	.LASF39
 258 01d4 05       		.byte	0x5
 259 01d5 3C01     		.2byte	0x13c
 260 01d7 53020000 		.4byte	0x253
 261 01db 28       		.byte	0x28
 262 01dc 09       		.uleb128 0x9
 263 01dd A3010000 		.4byte	.LASF40
 264 01e1 05       		.byte	0x5
 265 01e2 4001     		.2byte	0x140
 266 01e4 FA000000 		.4byte	0xfa
 267 01e8 30       		.byte	0x30
 268 01e9 09       		.uleb128 0x9
 269 01ea EE000000 		.4byte	.LASF41
 270 01ee 05       		.byte	0x5
 271 01ef 4601     		.2byte	0x146
 272 01f1 05010000 		.4byte	0x105
 273 01f5 34       		.byte	0x34
 274 01f6 09       		.uleb128 0x9
 275 01f7 E8020000 		.4byte	.LASF42
 276 01fb 05       		.byte	0x5
 277 01fc 4D01     		.2byte	0x14d
 278 01fe D2050000 		.4byte	0x5d2
 279 0202 38       		.byte	0x38
 280 0203 09       		.uleb128 0x9
 281 0204 77020000 		.4byte	.LASF43
 282 0208 05       		.byte	0x5
 283 0209 5101     		.2byte	0x151
 284 020b EF000000 		.4byte	0xef
 285 020f 3C       		.byte	0x3c
ARM GAS  /tmp/ccuK9bSr.s 			page 6


 286 0210 09       		.uleb128 0x9
 287 0211 D2040000 		.4byte	.LASF44
 288 0215 05       		.byte	0x5
 289 0216 5801     		.2byte	0x158
 290 0218 06030000 		.4byte	0x306
 291 021c 40       		.byte	0x40
 292 021d 00       		.byte	0
 293 021e 04       		.uleb128 0x4
 294 021f 73030000 		.4byte	.LASF45
 295 0223 04       		.byte	0x4
 296 0224 44       		.byte	0x44
 297 0225 29020000 		.4byte	0x229
 298 0229 0A       		.uleb128 0xa
 299 022a 04       		.byte	0x4
 300 022b 26010000 		.4byte	0x126
 301 022f 04       		.uleb128 0x4
 302 0230 28050000 		.4byte	.LASF46
 303 0234 04       		.byte	0x4
 304 0235 49       		.byte	0x49
 305 0236 3A020000 		.4byte	0x23a
 306 023a 06       		.uleb128 0x6
 307 023b 89010000 		.4byte	.LASF48
 308 023f 04       		.byte	0x4
 309 0240 05       		.byte	0x5
 310 0241 B0       		.byte	0xb0
 311 0242 53020000 		.4byte	0x253
 312 0246 07       		.uleb128 0x7
 313 0247 8A000000 		.4byte	.LASF28
 314 024b 05       		.byte	0x5
 315 024c B1       		.byte	0xb1
 316 024d 29020000 		.4byte	0x229
 317 0251 00       		.byte	0
 318 0252 00       		.byte	0
 319 0253 04       		.uleb128 0x4
 320 0254 4E020000 		.4byte	.LASF49
 321 0258 04       		.byte	0x4
 322 0259 50       		.byte	0x50
 323 025a 5E020000 		.4byte	0x25e
 324 025e 06       		.uleb128 0x6
 325 025f CA000000 		.4byte	.LASF50
 326 0263 08       		.byte	0x8
 327 0264 05       		.byte	0x5
 328 0265 B7       		.byte	0xb7
 329 0266 83020000 		.4byte	0x283
 330 026a 07       		.uleb128 0x7
 331 026b 8A000000 		.4byte	.LASF28
 332 026f 05       		.byte	0x5
 333 0270 B8       		.byte	0xb8
 334 0271 29020000 		.4byte	0x229
 335 0275 00       		.byte	0
 336 0276 07       		.uleb128 0x7
 337 0277 5F000000 		.4byte	.LASF29
 338 027b 05       		.byte	0x5
 339 027c B9       		.byte	0xb9
 340 027d 29020000 		.4byte	0x229
 341 0281 04       		.byte	0x4
 342 0282 00       		.byte	0
ARM GAS  /tmp/ccuK9bSr.s 			page 7


 343 0283 04       		.uleb128 0x4
 344 0284 BB030000 		.4byte	.LASF51
 345 0288 04       		.byte	0x4
 346 0289 57       		.byte	0x57
 347 028a 8E020000 		.4byte	0x28e
 348 028e 0B       		.uleb128 0xb
 349 028f A9040000 		.4byte	.LASF52
 350 0293 1C       		.byte	0x1c
 351 0294 05       		.byte	0x5
 352 0295 9001     		.2byte	0x190
 353 0297 EA020000 		.4byte	0x2ea
 354 029b 09       		.uleb128 0x9
 355 029c 47000000 		.4byte	.LASF53
 356 02a0 05       		.byte	0x5
 357 02a1 9101     		.2byte	0x191
 358 02a3 53020000 		.4byte	0x253
 359 02a7 00       		.byte	0
 360 02a8 09       		.uleb128 0x9
 361 02a9 B8020000 		.4byte	.LASF54
 362 02ad 05       		.byte	0x5
 363 02ae 9201     		.2byte	0x192
 364 02b0 EF000000 		.4byte	0xef
 365 02b4 08       		.byte	0x8
 366 02b5 09       		.uleb128 0x9
 367 02b6 66000000 		.4byte	.LASF55
 368 02ba 05       		.byte	0x5
 369 02bb 9401     		.2byte	0x194
 370 02bd 59040000 		.4byte	0x459
 371 02c1 0C       		.byte	0xc
 372 02c2 09       		.uleb128 0x9
 373 02c3 5E020000 		.4byte	.LASF56
 374 02c7 05       		.byte	0x5
 375 02c8 9701     		.2byte	0x197
 376 02ca 29020000 		.4byte	0x229
 377 02ce 10       		.byte	0x10
 378 02cf 09       		.uleb128 0x9
 379 02d0 11000000 		.4byte	.LASF57
 380 02d4 05       		.byte	0x5
 381 02d5 9801     		.2byte	0x198
 382 02d7 29020000 		.4byte	0x229
 383 02db 14       		.byte	0x14
 384 02dc 09       		.uleb128 0x9
 385 02dd 99010000 		.4byte	.LASF58
 386 02e1 05       		.byte	0x5
 387 02e2 9B01     		.2byte	0x19b
 388 02e4 29020000 		.4byte	0x229
 389 02e8 18       		.byte	0x18
 390 02e9 00       		.byte	0
 391 02ea 04       		.uleb128 0x4
 392 02eb AA030000 		.4byte	.LASF59
 393 02ef 04       		.byte	0x4
 394 02f0 5C       		.byte	0x5c
 395 02f1 F5020000 		.4byte	0x2f5
 396 02f5 0A       		.uleb128 0xa
 397 02f6 04       		.byte	0x4
 398 02f7 FB020000 		.4byte	0x2fb
 399 02fb 0C       		.uleb128 0xc
ARM GAS  /tmp/ccuK9bSr.s 			page 8


 400 02fc 06030000 		.4byte	0x306
 401 0300 0D       		.uleb128 0xd
 402 0301 06030000 		.4byte	0x306
 403 0305 00       		.byte	0
 404 0306 0E       		.uleb128 0xe
 405 0307 04       		.byte	0x4
 406 0308 04       		.uleb128 0x4
 407 0309 50010000 		.4byte	.LASF60
 408 030d 04       		.byte	0x4
 409 030e 61       		.byte	0x61
 410 030f 13030000 		.4byte	0x313
 411 0313 0B       		.uleb128 0xb
 412 0314 9F020000 		.4byte	.LASF61
 413 0318 14       		.byte	0x14
 414 0319 05       		.byte	0x5
 415 031a 6B01     		.2byte	0x16b
 416 031c 62030000 		.4byte	0x362
 417 0320 09       		.uleb128 0x9
 418 0321 30020000 		.4byte	.LASF62
 419 0325 05       		.byte	0x5
 420 0326 6C01     		.2byte	0x16c
 421 0328 EA050000 		.4byte	0x5ea
 422 032c 00       		.byte	0
 423 032d 09       		.uleb128 0x9
 424 032e 61030000 		.4byte	.LASF63
 425 0332 05       		.byte	0x5
 426 0333 6D01     		.2byte	0x16d
 427 0335 EA050000 		.4byte	0x5ea
 428 0339 04       		.byte	0x4
 429 033a 09       		.uleb128 0x9
 430 033b 6E020000 		.4byte	.LASF64
 431 033f 05       		.byte	0x5
 432 0340 6E01     		.2byte	0x16e
 433 0342 1B010000 		.4byte	0x11b
 434 0346 08       		.byte	0x8
 435 0347 09       		.uleb128 0x9
 436 0348 B1000000 		.4byte	.LASF65
 437 034c 05       		.byte	0x5
 438 034d 6F01     		.2byte	0x16f
 439 034f EA020000 		.4byte	0x2ea
 440 0353 0C       		.byte	0xc
 441 0354 09       		.uleb128 0x9
 442 0355 AA000000 		.4byte	.LASF66
 443 0359 05       		.byte	0x5
 444 035a 7101     		.2byte	0x171
 445 035c 06030000 		.4byte	0x306
 446 0360 10       		.byte	0x10
 447 0361 00       		.byte	0
 448 0362 04       		.uleb128 0x4
 449 0363 38020000 		.4byte	.LASF67
 450 0367 04       		.byte	0x4
 451 0368 66       		.byte	0x66
 452 0369 6D030000 		.4byte	0x36d
 453 036d 0B       		.uleb128 0xb
 454 036e 11020000 		.4byte	.LASF68
 455 0372 10       		.byte	0x10
 456 0373 05       		.byte	0x5
ARM GAS  /tmp/ccuK9bSr.s 			page 9


 457 0374 7B01     		.2byte	0x17b
 458 0376 AF030000 		.4byte	0x3af
 459 037a 09       		.uleb128 0x9
 460 037b 30020000 		.4byte	.LASF62
 461 037f 05       		.byte	0x5
 462 0380 7C01     		.2byte	0x17c
 463 0382 EA050000 		.4byte	0x5ea
 464 0386 00       		.byte	0
 465 0387 09       		.uleb128 0x9
 466 0388 61030000 		.4byte	.LASF63
 467 038c 05       		.byte	0x5
 468 038d 7E01     		.2byte	0x17e
 469 038f EA050000 		.4byte	0x5ea
 470 0393 04       		.byte	0x4
 471 0394 09       		.uleb128 0x9
 472 0395 6E020000 		.4byte	.LASF64
 473 0399 05       		.byte	0x5
 474 039a 8001     		.2byte	0x180
 475 039c 1B010000 		.4byte	0x11b
 476 03a0 08       		.byte	0x8
 477 03a1 09       		.uleb128 0x9
 478 03a2 05010000 		.4byte	.LASF69
 479 03a6 05       		.byte	0x5
 480 03a7 8801     		.2byte	0x188
 481 03a9 1B010000 		.4byte	0x11b
 482 03ad 0C       		.byte	0xc
 483 03ae 00       		.byte	0
 484 03af 04       		.uleb128 0x4
 485 03b0 60010000 		.4byte	.LASF70
 486 03b4 04       		.byte	0x4
 487 03b5 6B       		.byte	0x6b
 488 03b6 BA030000 		.4byte	0x3ba
 489 03ba 0B       		.uleb128 0xb
 490 03bb 19000000 		.4byte	.LASF71
 491 03bf 04       		.byte	0x4
 492 03c0 05       		.byte	0x5
 493 03c1 A201     		.2byte	0x1a2
 494 03c3 D5030000 		.4byte	0x3d5
 495 03c7 09       		.uleb128 0x9
 496 03c8 1A030000 		.4byte	.LASF72
 497 03cc 05       		.byte	0x5
 498 03cd AA01     		.2byte	0x1aa
 499 03cf F0050000 		.4byte	0x5f0
 500 03d3 00       		.byte	0
 501 03d4 00       		.byte	0
 502 03d5 04       		.uleb128 0x4
 503 03d6 F9000000 		.4byte	.LASF73
 504 03da 04       		.byte	0x4
 505 03db 70       		.byte	0x70
 506 03dc E0030000 		.4byte	0x3e0
 507 03e0 0F       		.uleb128 0xf
 508 03e1 3F010000 		.4byte	.LASF74
 509 03e5 5001     		.2byte	0x150
 510 03e7 05       		.byte	0x5
 511 03e8 C201     		.2byte	0x1c2
 512 03ea 3C040000 		.4byte	0x43c
 513 03ee 09       		.uleb128 0x9
ARM GAS  /tmp/ccuK9bSr.s 			page 10


 514 03ef 8C020000 		.4byte	.LASF75
 515 03f3 05       		.byte	0x5
 516 03f4 C601     		.2byte	0x1c6
 517 03f6 83020000 		.4byte	0x283
 518 03fa 00       		.byte	0
 519 03fb 09       		.uleb128 0x9
 520 03fc E1040000 		.4byte	.LASF76
 521 0400 05       		.byte	0x5
 522 0401 CA01     		.2byte	0x1ca
 523 0403 62030000 		.4byte	0x362
 524 0407 1C       		.byte	0x1c
 525 0408 08       		.uleb128 0x8
 526 0409 64626700 		.ascii	"dbg\000"
 527 040d 05       		.byte	0x5
 528 040e CE01     		.2byte	0x1ce
 529 0410 AF030000 		.4byte	0x3af
 530 0414 2C       		.byte	0x2c
 531 0415 09       		.uleb128 0x9
 532 0416 32000000 		.4byte	.LASF77
 533 041a 05       		.byte	0x5
 534 041b D201     		.2byte	0x1d2
 535 041d 26010000 		.4byte	0x126
 536 0421 30       		.byte	0x30
 537 0422 08       		.uleb128 0x8
 538 0423 746D00   		.ascii	"tm\000"
 539 0426 05       		.byte	0x5
 540 0427 D701     		.2byte	0x1d7
 541 0429 08050000 		.4byte	0x508
 542 042d 74       		.byte	0x74
 543 042e 09       		.uleb128 0x9
 544 042f F9020000 		.4byte	.LASF78
 545 0433 05       		.byte	0x5
 546 0434 E301     		.2byte	0x1e3
 547 0436 F5050000 		.4byte	0x5f5
 548 043a 78       		.byte	0x78
 549 043b 00       		.byte	0
 550 043c 03       		.uleb128 0x3
 551 043d 04       		.byte	0x4
 552 043e 07       		.byte	0x7
 553 043f 56000000 		.4byte	.LASF79
 554 0443 04       		.uleb128 0x4
 555 0444 B9000000 		.4byte	.LASF80
 556 0448 06       		.byte	0x6
 557 0449 65       		.byte	0x65
 558 044a 06030000 		.4byte	0x306
 559 044e 04       		.uleb128 0x4
 560 044f 96030000 		.4byte	.LASF81
 561 0453 06       		.byte	0x6
 562 0454 6D       		.byte	0x6d
 563 0455 B3000000 		.4byte	0xb3
 564 0459 06       		.uleb128 0x6
 565 045a 81010000 		.4byte	.LASF82
 566 045e 04       		.byte	0x4
 567 045f 06       		.byte	0x6
 568 0460 89       		.byte	0x89
 569 0461 72040000 		.4byte	0x472
 570 0465 10       		.uleb128 0x10
ARM GAS  /tmp/ccuK9bSr.s 			page 11


 571 0466 72313300 		.ascii	"r13\000"
 572 046a 06       		.byte	0x6
 573 046b 8A       		.byte	0x8a
 574 046c ED040000 		.4byte	0x4ed
 575 0470 00       		.byte	0
 576 0471 00       		.byte	0
 577 0472 06       		.uleb128 0x6
 578 0473 55030000 		.4byte	.LASF83
 579 0477 24       		.byte	0x24
 580 0478 07       		.byte	0x7
 581 0479 F4       		.byte	0xf4
 582 047a ED040000 		.4byte	0x4ed
 583 047e 08       		.uleb128 0x8
 584 047f 723400   		.ascii	"r4\000"
 585 0482 07       		.byte	0x7
 586 0483 0701     		.2byte	0x107
 587 0485 43040000 		.4byte	0x443
 588 0489 00       		.byte	0
 589 048a 08       		.uleb128 0x8
 590 048b 723500   		.ascii	"r5\000"
 591 048e 07       		.byte	0x7
 592 048f 0801     		.2byte	0x108
 593 0491 43040000 		.4byte	0x443
 594 0495 04       		.byte	0x4
 595 0496 08       		.uleb128 0x8
 596 0497 723600   		.ascii	"r6\000"
 597 049a 07       		.byte	0x7
 598 049b 0901     		.2byte	0x109
 599 049d 43040000 		.4byte	0x443
 600 04a1 08       		.byte	0x8
 601 04a2 08       		.uleb128 0x8
 602 04a3 723700   		.ascii	"r7\000"
 603 04a6 07       		.byte	0x7
 604 04a7 0A01     		.2byte	0x10a
 605 04a9 43040000 		.4byte	0x443
 606 04ad 0C       		.byte	0xc
 607 04ae 08       		.uleb128 0x8
 608 04af 723800   		.ascii	"r8\000"
 609 04b2 07       		.byte	0x7
 610 04b3 0B01     		.2byte	0x10b
 611 04b5 43040000 		.4byte	0x443
 612 04b9 10       		.byte	0x10
 613 04ba 08       		.uleb128 0x8
 614 04bb 723900   		.ascii	"r9\000"
 615 04be 07       		.byte	0x7
 616 04bf 0C01     		.2byte	0x10c
 617 04c1 43040000 		.4byte	0x443
 618 04c5 14       		.byte	0x14
 619 04c6 08       		.uleb128 0x8
 620 04c7 72313000 		.ascii	"r10\000"
 621 04cb 07       		.byte	0x7
 622 04cc 0D01     		.2byte	0x10d
 623 04ce 43040000 		.4byte	0x443
 624 04d2 18       		.byte	0x18
 625 04d3 08       		.uleb128 0x8
 626 04d4 72313100 		.ascii	"r11\000"
 627 04d8 07       		.byte	0x7
ARM GAS  /tmp/ccuK9bSr.s 			page 12


 628 04d9 0E01     		.2byte	0x10e
 629 04db 43040000 		.4byte	0x443
 630 04df 1C       		.byte	0x1c
 631 04e0 08       		.uleb128 0x8
 632 04e1 6C7200   		.ascii	"lr\000"
 633 04e4 07       		.byte	0x7
 634 04e5 0F01     		.2byte	0x10f
 635 04e7 43040000 		.4byte	0x443
 636 04eb 20       		.byte	0x20
 637 04ec 00       		.byte	0
 638 04ed 0A       		.uleb128 0xa
 639 04ee 04       		.byte	0x4
 640 04ef 72040000 		.4byte	0x472
 641 04f3 11       		.uleb128 0x11
 642 04f4 04       		.byte	0x4
 643 04f5 08       		.byte	0x8
 644 04f6 38       		.byte	0x38
 645 04f7 08050000 		.4byte	0x508
 646 04fb 07       		.uleb128 0x7
 647 04fc 49010000 		.4byte	.LASF84
 648 0500 08       		.byte	0x8
 649 0501 3C       		.byte	0x3c
 650 0502 C3000000 		.4byte	0xc3
 651 0506 00       		.byte	0
 652 0507 00       		.byte	0
 653 0508 04       		.uleb128 0x4
 654 0509 99000000 		.4byte	.LASF85
 655 050d 08       		.byte	0x8
 656 050e 3D       		.byte	0x3d
 657 050f F3040000 		.4byte	0x4f3
 658 0513 12       		.uleb128 0x12
 659 0514 04       		.byte	0x4
 660 0515 05       		.byte	0x5
 661 0516 FA       		.byte	0xfa
 662 0517 70050000 		.4byte	0x570
 663 051b 13       		.uleb128 0x13
 664 051c DA040000 		.4byte	.LASF86
 665 0520 05       		.byte	0x5
 666 0521 0101     		.2byte	0x101
 667 0523 FA000000 		.4byte	0xfa
 668 0527 13       		.uleb128 0x13
 669 0528 A1030000 		.4byte	.LASF87
 670 052c 05       		.byte	0x5
 671 052d 0801     		.2byte	0x108
 672 052f FA000000 		.4byte	0xfa
 673 0533 13       		.uleb128 0x13
 674 0534 86030000 		.4byte	.LASF88
 675 0538 05       		.byte	0x5
 676 0539 0F01     		.2byte	0x10f
 677 053b 06030000 		.4byte	0x306
 678 053f 13       		.uleb128 0x13
 679 0540 42030000 		.4byte	.LASF89
 680 0544 05       		.byte	0x5
 681 0545 1601     		.2byte	0x116
 682 0547 70050000 		.4byte	0x570
 683 054b 13       		.uleb128 0x13
 684 054c 27010000 		.4byte	.LASF90
ARM GAS  /tmp/ccuK9bSr.s 			page 13


 685 0550 05       		.byte	0x5
 686 0551 1E01     		.2byte	0x11e
 687 0553 9B050000 		.4byte	0x59b
 688 0557 13       		.uleb128 0x13
 689 0558 21050000 		.4byte	.LASF91
 690 055c 05       		.byte	0x5
 691 055d 2701     		.2byte	0x127
 692 055f D2050000 		.4byte	0x5d2
 693 0563 13       		.uleb128 0x13
 694 0564 C9010000 		.4byte	.LASF92
 695 0568 05       		.byte	0x5
 696 0569 2F01     		.2byte	0x12f
 697 056b 05010000 		.4byte	0x105
 698 056f 00       		.byte	0
 699 0570 0A       		.uleb128 0xa
 700 0571 04       		.byte	0x4
 701 0572 1E020000 		.4byte	0x21e
 702 0576 06       		.uleb128 0x6
 703 0577 48030000 		.4byte	.LASF93
 704 057b 0C       		.byte	0xc
 705 057c 09       		.byte	0x9
 706 057d 34       		.byte	0x34
 707 057e 9B050000 		.4byte	0x59b
 708 0582 07       		.uleb128 0x7
 709 0583 97020000 		.4byte	.LASF94
 710 0587 09       		.byte	0x9
 711 0588 35       		.byte	0x35
 712 0589 53020000 		.4byte	0x253
 713 058d 00       		.byte	0
 714 058e 07       		.uleb128 0x7
 715 058f B5010000 		.4byte	.LASF95
 716 0593 09       		.byte	0x9
 717 0594 37       		.byte	0x37
 718 0595 10010000 		.4byte	0x110
 719 0599 08       		.byte	0x8
 720 059a 00       		.byte	0
 721 059b 0A       		.uleb128 0xa
 722 059c 04       		.byte	0x4
 723 059d 76050000 		.4byte	0x576
 724 05a1 06       		.uleb128 0x6
 725 05a2 FB010000 		.4byte	.LASF96
 726 05a6 10       		.byte	0x10
 727 05a7 0A       		.byte	0xa
 728 05a8 39       		.byte	0x39
 729 05a9 D2050000 		.4byte	0x5d2
 730 05ad 07       		.uleb128 0x7
 731 05ae 6F010000 		.4byte	.LASF97
 732 05b2 0A       		.byte	0xa
 733 05b3 3A       		.byte	0x3a
 734 05b4 53020000 		.4byte	0x253
 735 05b8 00       		.byte	0
 736 05b9 07       		.uleb128 0x7
 737 05ba CA040000 		.4byte	.LASF98
 738 05be 0A       		.byte	0xa
 739 05bf 3C       		.byte	0x3c
 740 05c0 29020000 		.4byte	0x229
 741 05c4 08       		.byte	0x8
ARM GAS  /tmp/ccuK9bSr.s 			page 14


 742 05c5 07       		.uleb128 0x7
 743 05c6 4F000000 		.4byte	.LASF99
 744 05ca 0A       		.byte	0xa
 745 05cb 3E       		.byte	0x3e
 746 05cc 10060000 		.4byte	0x610
 747 05d0 0C       		.byte	0xc
 748 05d1 00       		.byte	0
 749 05d2 0A       		.uleb128 0xa
 750 05d3 04       		.byte	0x4
 751 05d4 A1050000 		.4byte	0x5a1
 752 05d8 0A       		.uleb128 0xa
 753 05d9 04       		.byte	0x4
 754 05da E5050000 		.4byte	0x5e5
 755 05de 03       		.uleb128 0x3
 756 05df 01       		.byte	0x1
 757 05e0 08       		.byte	0x8
 758 05e1 92020000 		.4byte	.LASF100
 759 05e5 14       		.uleb128 0x14
 760 05e6 DE050000 		.4byte	0x5de
 761 05ea 0A       		.uleb128 0xa
 762 05eb 04       		.byte	0x4
 763 05ec 08030000 		.4byte	0x308
 764 05f0 05       		.uleb128 0x5
 765 05f1 D8050000 		.4byte	0x5d8
 766 05f5 15       		.uleb128 0x15
 767 05f6 4E040000 		.4byte	0x44e
 768 05fa 05060000 		.4byte	0x605
 769 05fe 16       		.uleb128 0x16
 770 05ff 3C040000 		.4byte	0x43c
 771 0603 1A       		.byte	0x1a
 772 0604 00       		.byte	0
 773 0605 04       		.uleb128 0x4
 774 0606 28020000 		.4byte	.LASF101
 775 060a 0A       		.byte	0xa
 776 060b 34       		.byte	0x34
 777 060c A1050000 		.4byte	0x5a1
 778 0610 0A       		.uleb128 0xa
 779 0611 04       		.byte	0x4
 780 0612 05060000 		.4byte	0x605
 781 0616 03       		.uleb128 0x3
 782 0617 01       		.byte	0x1
 783 0618 02       		.byte	0x2
 784 0619 CD020000 		.4byte	.LASF102
 785 061d 17       		.uleb128 0x17
 786 061e BD040000 		.4byte	.LASF103
 787 0622 0B       		.byte	0xb
 788 0623 A706     		.2byte	0x6a7
 789 0625 BE000000 		.4byte	0xbe
 790 0629 18       		.uleb128 0x18
 791 062a 636800   		.ascii	"ch\000"
 792 062d 05       		.byte	0x5
 793 062e 0902     		.2byte	0x209
 794 0630 D5030000 		.4byte	0x3d5
 795 0634 00       		.byte	0
 796              		.section	.debug_abbrev,"",%progbits
 797              	.Ldebug_abbrev0:
 798 0000 01       		.uleb128 0x1
ARM GAS  /tmp/ccuK9bSr.s 			page 15


 799 0001 11       		.uleb128 0x11
 800 0002 01       		.byte	0x1
 801 0003 25       		.uleb128 0x25
 802 0004 0E       		.uleb128 0xe
 803 0005 13       		.uleb128 0x13
 804 0006 0B       		.uleb128 0xb
 805 0007 03       		.uleb128 0x3
 806 0008 0E       		.uleb128 0xe
 807 0009 10       		.uleb128 0x10
 808 000a 17       		.uleb128 0x17
 809 000b 00       		.byte	0
 810 000c 00       		.byte	0
 811 000d 02       		.uleb128 0x2
 812 000e 24       		.uleb128 0x24
 813 000f 00       		.byte	0
 814 0010 0B       		.uleb128 0xb
 815 0011 0B       		.uleb128 0xb
 816 0012 3E       		.uleb128 0x3e
 817 0013 0B       		.uleb128 0xb
 818 0014 03       		.uleb128 0x3
 819 0015 08       		.uleb128 0x8
 820 0016 00       		.byte	0
 821 0017 00       		.byte	0
 822 0018 03       		.uleb128 0x3
 823 0019 24       		.uleb128 0x24
 824 001a 00       		.byte	0
 825 001b 0B       		.uleb128 0xb
 826 001c 0B       		.uleb128 0xb
 827 001d 3E       		.uleb128 0x3e
 828 001e 0B       		.uleb128 0xb
 829 001f 03       		.uleb128 0x3
 830 0020 0E       		.uleb128 0xe
 831 0021 00       		.byte	0
 832 0022 00       		.byte	0
 833 0023 04       		.uleb128 0x4
 834 0024 16       		.uleb128 0x16
 835 0025 00       		.byte	0
 836 0026 03       		.uleb128 0x3
 837 0027 0E       		.uleb128 0xe
 838 0028 3A       		.uleb128 0x3a
 839 0029 0B       		.uleb128 0xb
 840 002a 3B       		.uleb128 0x3b
 841 002b 0B       		.uleb128 0xb
 842 002c 49       		.uleb128 0x49
 843 002d 13       		.uleb128 0x13
 844 002e 00       		.byte	0
 845 002f 00       		.byte	0
 846 0030 05       		.uleb128 0x5
 847 0031 35       		.uleb128 0x35
 848 0032 00       		.byte	0
 849 0033 49       		.uleb128 0x49
 850 0034 13       		.uleb128 0x13
 851 0035 00       		.byte	0
 852 0036 00       		.byte	0
 853 0037 06       		.uleb128 0x6
 854 0038 13       		.uleb128 0x13
 855 0039 01       		.byte	0x1
ARM GAS  /tmp/ccuK9bSr.s 			page 16


 856 003a 03       		.uleb128 0x3
 857 003b 0E       		.uleb128 0xe
 858 003c 0B       		.uleb128 0xb
 859 003d 0B       		.uleb128 0xb
 860 003e 3A       		.uleb128 0x3a
 861 003f 0B       		.uleb128 0xb
 862 0040 3B       		.uleb128 0x3b
 863 0041 0B       		.uleb128 0xb
 864 0042 01       		.uleb128 0x1
 865 0043 13       		.uleb128 0x13
 866 0044 00       		.byte	0
 867 0045 00       		.byte	0
 868 0046 07       		.uleb128 0x7
 869 0047 0D       		.uleb128 0xd
 870 0048 00       		.byte	0
 871 0049 03       		.uleb128 0x3
 872 004a 0E       		.uleb128 0xe
 873 004b 3A       		.uleb128 0x3a
 874 004c 0B       		.uleb128 0xb
 875 004d 3B       		.uleb128 0x3b
 876 004e 0B       		.uleb128 0xb
 877 004f 49       		.uleb128 0x49
 878 0050 13       		.uleb128 0x13
 879 0051 38       		.uleb128 0x38
 880 0052 0B       		.uleb128 0xb
 881 0053 00       		.byte	0
 882 0054 00       		.byte	0
 883 0055 08       		.uleb128 0x8
 884 0056 0D       		.uleb128 0xd
 885 0057 00       		.byte	0
 886 0058 03       		.uleb128 0x3
 887 0059 08       		.uleb128 0x8
 888 005a 3A       		.uleb128 0x3a
 889 005b 0B       		.uleb128 0xb
 890 005c 3B       		.uleb128 0x3b
 891 005d 05       		.uleb128 0x5
 892 005e 49       		.uleb128 0x49
 893 005f 13       		.uleb128 0x13
 894 0060 38       		.uleb128 0x38
 895 0061 0B       		.uleb128 0xb
 896 0062 00       		.byte	0
 897 0063 00       		.byte	0
 898 0064 09       		.uleb128 0x9
 899 0065 0D       		.uleb128 0xd
 900 0066 00       		.byte	0
 901 0067 03       		.uleb128 0x3
 902 0068 0E       		.uleb128 0xe
 903 0069 3A       		.uleb128 0x3a
 904 006a 0B       		.uleb128 0xb
 905 006b 3B       		.uleb128 0x3b
 906 006c 05       		.uleb128 0x5
 907 006d 49       		.uleb128 0x49
 908 006e 13       		.uleb128 0x13
 909 006f 38       		.uleb128 0x38
 910 0070 0B       		.uleb128 0xb
 911 0071 00       		.byte	0
 912 0072 00       		.byte	0
ARM GAS  /tmp/ccuK9bSr.s 			page 17


 913 0073 0A       		.uleb128 0xa
 914 0074 0F       		.uleb128 0xf
 915 0075 00       		.byte	0
 916 0076 0B       		.uleb128 0xb
 917 0077 0B       		.uleb128 0xb
 918 0078 49       		.uleb128 0x49
 919 0079 13       		.uleb128 0x13
 920 007a 00       		.byte	0
 921 007b 00       		.byte	0
 922 007c 0B       		.uleb128 0xb
 923 007d 13       		.uleb128 0x13
 924 007e 01       		.byte	0x1
 925 007f 03       		.uleb128 0x3
 926 0080 0E       		.uleb128 0xe
 927 0081 0B       		.uleb128 0xb
 928 0082 0B       		.uleb128 0xb
 929 0083 3A       		.uleb128 0x3a
 930 0084 0B       		.uleb128 0xb
 931 0085 3B       		.uleb128 0x3b
 932 0086 05       		.uleb128 0x5
 933 0087 01       		.uleb128 0x1
 934 0088 13       		.uleb128 0x13
 935 0089 00       		.byte	0
 936 008a 00       		.byte	0
 937 008b 0C       		.uleb128 0xc
 938 008c 15       		.uleb128 0x15
 939 008d 01       		.byte	0x1
 940 008e 27       		.uleb128 0x27
 941 008f 19       		.uleb128 0x19
 942 0090 01       		.uleb128 0x1
 943 0091 13       		.uleb128 0x13
 944 0092 00       		.byte	0
 945 0093 00       		.byte	0
 946 0094 0D       		.uleb128 0xd
 947 0095 05       		.uleb128 0x5
 948 0096 00       		.byte	0
 949 0097 49       		.uleb128 0x49
 950 0098 13       		.uleb128 0x13
 951 0099 00       		.byte	0
 952 009a 00       		.byte	0
 953 009b 0E       		.uleb128 0xe
 954 009c 0F       		.uleb128 0xf
 955 009d 00       		.byte	0
 956 009e 0B       		.uleb128 0xb
 957 009f 0B       		.uleb128 0xb
 958 00a0 00       		.byte	0
 959 00a1 00       		.byte	0
 960 00a2 0F       		.uleb128 0xf
 961 00a3 13       		.uleb128 0x13
 962 00a4 01       		.byte	0x1
 963 00a5 03       		.uleb128 0x3
 964 00a6 0E       		.uleb128 0xe
 965 00a7 0B       		.uleb128 0xb
 966 00a8 05       		.uleb128 0x5
 967 00a9 3A       		.uleb128 0x3a
 968 00aa 0B       		.uleb128 0xb
 969 00ab 3B       		.uleb128 0x3b
ARM GAS  /tmp/ccuK9bSr.s 			page 18


 970 00ac 05       		.uleb128 0x5
 971 00ad 01       		.uleb128 0x1
 972 00ae 13       		.uleb128 0x13
 973 00af 00       		.byte	0
 974 00b0 00       		.byte	0
 975 00b1 10       		.uleb128 0x10
 976 00b2 0D       		.uleb128 0xd
 977 00b3 00       		.byte	0
 978 00b4 03       		.uleb128 0x3
 979 00b5 08       		.uleb128 0x8
 980 00b6 3A       		.uleb128 0x3a
 981 00b7 0B       		.uleb128 0xb
 982 00b8 3B       		.uleb128 0x3b
 983 00b9 0B       		.uleb128 0xb
 984 00ba 49       		.uleb128 0x49
 985 00bb 13       		.uleb128 0x13
 986 00bc 38       		.uleb128 0x38
 987 00bd 0B       		.uleb128 0xb
 988 00be 00       		.byte	0
 989 00bf 00       		.byte	0
 990 00c0 11       		.uleb128 0x11
 991 00c1 13       		.uleb128 0x13
 992 00c2 01       		.byte	0x1
 993 00c3 0B       		.uleb128 0xb
 994 00c4 0B       		.uleb128 0xb
 995 00c5 3A       		.uleb128 0x3a
 996 00c6 0B       		.uleb128 0xb
 997 00c7 3B       		.uleb128 0x3b
 998 00c8 0B       		.uleb128 0xb
 999 00c9 01       		.uleb128 0x1
 1000 00ca 13       		.uleb128 0x13
 1001 00cb 00       		.byte	0
 1002 00cc 00       		.byte	0
 1003 00cd 12       		.uleb128 0x12
 1004 00ce 17       		.uleb128 0x17
 1005 00cf 01       		.byte	0x1
 1006 00d0 0B       		.uleb128 0xb
 1007 00d1 0B       		.uleb128 0xb
 1008 00d2 3A       		.uleb128 0x3a
 1009 00d3 0B       		.uleb128 0xb
 1010 00d4 3B       		.uleb128 0x3b
 1011 00d5 0B       		.uleb128 0xb
 1012 00d6 01       		.uleb128 0x1
 1013 00d7 13       		.uleb128 0x13
 1014 00d8 00       		.byte	0
 1015 00d9 00       		.byte	0
 1016 00da 13       		.uleb128 0x13
 1017 00db 0D       		.uleb128 0xd
 1018 00dc 00       		.byte	0
 1019 00dd 03       		.uleb128 0x3
 1020 00de 0E       		.uleb128 0xe
 1021 00df 3A       		.uleb128 0x3a
 1022 00e0 0B       		.uleb128 0xb
 1023 00e1 3B       		.uleb128 0x3b
 1024 00e2 05       		.uleb128 0x5
 1025 00e3 49       		.uleb128 0x49
 1026 00e4 13       		.uleb128 0x13
ARM GAS  /tmp/ccuK9bSr.s 			page 19


 1027 00e5 00       		.byte	0
 1028 00e6 00       		.byte	0
 1029 00e7 14       		.uleb128 0x14
 1030 00e8 26       		.uleb128 0x26
 1031 00e9 00       		.byte	0
 1032 00ea 49       		.uleb128 0x49
 1033 00eb 13       		.uleb128 0x13
 1034 00ec 00       		.byte	0
 1035 00ed 00       		.byte	0
 1036 00ee 15       		.uleb128 0x15
 1037 00ef 01       		.uleb128 0x1
 1038 00f0 01       		.byte	0x1
 1039 00f1 49       		.uleb128 0x49
 1040 00f2 13       		.uleb128 0x13
 1041 00f3 01       		.uleb128 0x1
 1042 00f4 13       		.uleb128 0x13
 1043 00f5 00       		.byte	0
 1044 00f6 00       		.byte	0
 1045 00f7 16       		.uleb128 0x16
 1046 00f8 21       		.uleb128 0x21
 1047 00f9 00       		.byte	0
 1048 00fa 49       		.uleb128 0x49
 1049 00fb 13       		.uleb128 0x13
 1050 00fc 2F       		.uleb128 0x2f
 1051 00fd 0B       		.uleb128 0xb
 1052 00fe 00       		.byte	0
 1053 00ff 00       		.byte	0
 1054 0100 17       		.uleb128 0x17
 1055 0101 34       		.uleb128 0x34
 1056 0102 00       		.byte	0
 1057 0103 03       		.uleb128 0x3
 1058 0104 0E       		.uleb128 0xe
 1059 0105 3A       		.uleb128 0x3a
 1060 0106 0B       		.uleb128 0xb
 1061 0107 3B       		.uleb128 0x3b
 1062 0108 05       		.uleb128 0x5
 1063 0109 49       		.uleb128 0x49
 1064 010a 13       		.uleb128 0x13
 1065 010b 3F       		.uleb128 0x3f
 1066 010c 19       		.uleb128 0x19
 1067 010d 3C       		.uleb128 0x3c
 1068 010e 19       		.uleb128 0x19
 1069 010f 00       		.byte	0
 1070 0110 00       		.byte	0
 1071 0111 18       		.uleb128 0x18
 1072 0112 34       		.uleb128 0x34
 1073 0113 00       		.byte	0
 1074 0114 03       		.uleb128 0x3
 1075 0115 08       		.uleb128 0x8
 1076 0116 3A       		.uleb128 0x3a
 1077 0117 0B       		.uleb128 0xb
 1078 0118 3B       		.uleb128 0x3b
 1079 0119 05       		.uleb128 0x5
 1080 011a 49       		.uleb128 0x49
 1081 011b 13       		.uleb128 0x13
 1082 011c 3F       		.uleb128 0x3f
 1083 011d 19       		.uleb128 0x19
ARM GAS  /tmp/ccuK9bSr.s 			page 20


 1084 011e 3C       		.uleb128 0x3c
 1085 011f 19       		.uleb128 0x19
 1086 0120 00       		.byte	0
 1087 0121 00       		.byte	0
 1088 0122 00       		.byte	0
 1089              		.section	.debug_aranges,"",%progbits
 1090 0000 14000000 		.4byte	0x14
 1091 0004 0200     		.2byte	0x2
 1092 0006 00000000 		.4byte	.Ldebug_info0
 1093 000a 04       		.byte	0x4
 1094 000b 00       		.byte	0
 1095 000c 0000     		.2byte	0
 1096 000e 0000     		.2byte	0
 1097 0010 00000000 		.4byte	0
 1098 0014 00000000 		.4byte	0
 1099              		.section	.debug_line,"",%progbits
 1100              	.Ldebug_line0:
 1101 0000 B6010000 		.section	.debug_str,"MS",%progbits,1
 1101      0200B001 
 1101      00000201 
 1101      FB0E0D00 
 1101      01010101 
 1102              	.LASF27:
 1103 0000 74687265 		.ascii	"thread_t\000"
 1103      61645F74 
 1103      00
 1104              	.LASF21:
 1105 0009 74726566 		.ascii	"trefs_t\000"
 1105      735F7400 
 1106              	.LASF57:
 1107 0011 725F6F6C 		.ascii	"r_older\000"
 1107      64657200 
 1108              	.LASF71:
 1109 0019 63685F73 		.ascii	"ch_system_debug\000"
 1109      79737465 
 1109      6D5F6465 
 1109      62756700 
 1110              	.LASF17:
 1111 0029 75696E74 		.ascii	"uint64_t\000"
 1111      36345F74 
 1111      00
 1112              	.LASF77:
 1113 0032 6D61696E 		.ascii	"mainthread\000"
 1113      74687265 
 1113      616400
 1114              	.LASF5:
 1115 003d 73686F72 		.ascii	"short int\000"
 1115      7420696E 
 1115      7400
 1116              	.LASF53:
 1117 0047 725F7175 		.ascii	"r_queue\000"
 1117      65756500 
 1118              	.LASF99:
 1119 004f 6D5F6E65 		.ascii	"m_next\000"
 1119      787400
 1120              	.LASF79:
 1121 0056 73697A65 		.ascii	"sizetype\000"
ARM GAS  /tmp/ccuK9bSr.s 			page 21


 1121      74797065 
 1121      00
 1122              	.LASF29:
 1123 005f 705F7072 		.ascii	"p_prev\000"
 1123      657600
 1124              	.LASF55:
 1125 0066 725F6374 		.ascii	"r_ctx\000"
 1125      7800
 1126              	.LASF24:
 1127 006c 6576656E 		.ascii	"eventmask_t\000"
 1127      746D6173 
 1127      6B5F7400 
 1128              	.LASF39:
 1129 0078 705F6D73 		.ascii	"p_msgqueue\000"
 1129      67717565 
 1129      756500
 1130              	.LASF30:
 1131 0083 705F7072 		.ascii	"p_prio\000"
 1131      696F00
 1132              	.LASF28:
 1133 008a 705F6E65 		.ascii	"p_next\000"
 1133      787400
 1134              	.LASF18:
 1135 0091 7274636E 		.ascii	"rtcnt_t\000"
 1135      745F7400 
 1136              	.LASF85:
 1137 0099 746D5F63 		.ascii	"tm_calibration_t\000"
 1137      616C6962 
 1137      72617469 
 1137      6F6E5F74 
 1137      00
 1138              	.LASF66:
 1139 00aa 76745F70 		.ascii	"vt_par\000"
 1139      617200
 1140              	.LASF65:
 1141 00b1 76745F66 		.ascii	"vt_func\000"
 1141      756E6300 
 1142              	.LASF80:
 1143 00b9 72656761 		.ascii	"regarm_t\000"
 1143      726D5F74 
 1143      00
 1144              	.LASF14:
 1145 00c2 75696E74 		.ascii	"uint8_t\000"
 1145      385F7400 
 1146              	.LASF50:
 1147 00ca 63685F74 		.ascii	"ch_threads_queue\000"
 1147      68726561 
 1147      64735F71 
 1147      75657565 
 1147      00
 1148              	.LASF16:
 1149 00db 75696E74 		.ascii	"uint32_t\000"
 1149      33325F74 
 1149      00
 1150              	.LASF47:
 1151 00e4 63685F74 		.ascii	"ch_thread\000"
 1151      68726561 
ARM GAS  /tmp/ccuK9bSr.s 			page 22


 1151      6400
 1152              	.LASF41:
 1153 00ee 705F6570 		.ascii	"p_epending\000"
 1153      656E6469 
 1153      6E6700
 1154              	.LASF73:
 1155 00f9 63685F73 		.ascii	"ch_system_t\000"
 1155      79737465 
 1155      6D5F7400 
 1156              	.LASF69:
 1157 0105 76745F6C 		.ascii	"vt_lasttime\000"
 1157      61737474 
 1157      696D6500 
 1158              	.LASF19:
 1159 0111 746D6F64 		.ascii	"tmode_t\000"
 1159      655F7400 
 1160              	.LASF1:
 1161 0119 6C6F6E67 		.ascii	"long long int\000"
 1161      206C6F6E 
 1161      6720696E 
 1161      7400
 1162              	.LASF90:
 1163 0127 77747365 		.ascii	"wtsemp\000"
 1163      6D7000
 1164              	.LASF22:
 1165 012e 74707269 		.ascii	"tprio_t\000"
 1165      6F5F7400 
 1166              	.LASF9:
 1167 0136 6C6F6E67 		.ascii	"long int\000"
 1167      20696E74 
 1167      00
 1168              	.LASF74:
 1169 013f 63685F73 		.ascii	"ch_system\000"
 1169      79737465 
 1169      6D00
 1170              	.LASF84:
 1171 0149 6F666673 		.ascii	"offset\000"
 1171      657400
 1172              	.LASF60:
 1173 0150 76697274 		.ascii	"virtual_timer_t\000"
 1173      75616C5F 
 1173      74696D65 
 1173      725F7400 
 1174              	.LASF70:
 1175 0160 73797374 		.ascii	"system_debug_t\000"
 1175      656D5F64 
 1175      65627567 
 1175      5F7400
 1176              	.LASF97:
 1177 016f 6D5F7175 		.ascii	"m_queue\000"
 1177      65756500 
 1178              	.LASF7:
 1179 0177 5F5F7569 		.ascii	"__uint8_t\000"
 1179      6E74385F 
 1179      7400
 1180              	.LASF82:
 1181 0181 636F6E74 		.ascii	"context\000"
ARM GAS  /tmp/ccuK9bSr.s 			page 23


 1181      65787400 
 1182              	.LASF48:
 1183 0189 63685F74 		.ascii	"ch_threads_list\000"
 1183      68726561 
 1183      64735F6C 
 1183      69737400 
 1184              	.LASF58:
 1185 0199 725F6375 		.ascii	"r_current\000"
 1185      7272656E 
 1185      7400
 1186              	.LASF40:
 1187 01a3 705F6D73 		.ascii	"p_msg\000"
 1187      6700
 1188              	.LASF2:
 1189 01a9 6C6F6E67 		.ascii	"long double\000"
 1189      20646F75 
 1189      626C6500 
 1190              	.LASF95:
 1191 01b5 735F636E 		.ascii	"s_cnt\000"
 1191      7400
 1192              	.LASF4:
 1193 01bb 756E7369 		.ascii	"unsigned char\000"
 1193      676E6564 
 1193      20636861 
 1193      7200
 1194              	.LASF92:
 1195 01c9 65776D61 		.ascii	"ewmask\000"
 1195      736B00
 1196              	.LASF3:
 1197 01d0 7369676E 		.ascii	"signed char\000"
 1197      65642063 
 1197      68617200 
 1198              	.LASF32:
 1199 01dc 705F6E65 		.ascii	"p_newer\000"
 1199      77657200 
 1200              	.LASF13:
 1201 01e4 6C6F6E67 		.ascii	"long long unsigned int\000"
 1201      206C6F6E 
 1201      6720756E 
 1201      7369676E 
 1201      65642069 
 1202              	.LASF96:
 1203 01fb 63685F6D 		.ascii	"ch_mutex\000"
 1203      75746578 
 1203      00
 1204              	.LASF0:
 1205 0204 756E7369 		.ascii	"unsigned int\000"
 1205      676E6564 
 1205      20696E74 
 1205      00
 1206              	.LASF68:
 1207 0211 63685F76 		.ascii	"ch_virtual_timers_list\000"
 1207      69727475 
 1207      616C5F74 
 1207      696D6572 
 1207      735F6C69 
 1208              	.LASF101:
ARM GAS  /tmp/ccuK9bSr.s 			page 24


 1209 0228 6D757465 		.ascii	"mutex_t\000"
 1209      785F7400 
 1210              	.LASF62:
 1211 0230 76745F6E 		.ascii	"vt_next\000"
 1211      65787400 
 1212              	.LASF67:
 1213 0238 76697274 		.ascii	"virtual_timers_list_t\000"
 1213      75616C5F 
 1213      74696D65 
 1213      72735F6C 
 1213      6973745F 
 1214              	.LASF49:
 1215 024e 74687265 		.ascii	"threads_queue_t\000"
 1215      6164735F 
 1215      71756575 
 1215      655F7400 
 1216              	.LASF56:
 1217 025e 725F6E65 		.ascii	"r_newer\000"
 1217      77657200 
 1218              	.LASF36:
 1219 0266 705F666C 		.ascii	"p_flags\000"
 1219      61677300 
 1220              	.LASF64:
 1221 026e 76745F64 		.ascii	"vt_delta\000"
 1221      656C7461 
 1221      00
 1222              	.LASF43:
 1223 0277 705F7265 		.ascii	"p_realprio\000"
 1223      616C7072 
 1223      696F00
 1224              	.LASF26:
 1225 0282 73797374 		.ascii	"systime_t\000"
 1225      696D655F 
 1225      7400
 1226              	.LASF75:
 1227 028c 726C6973 		.ascii	"rlist\000"
 1227      7400
 1228              	.LASF100:
 1229 0292 63686172 		.ascii	"char\000"
 1229      00
 1230              	.LASF94:
 1231 0297 735F7175 		.ascii	"s_queue\000"
 1231      65756500 
 1232              	.LASF61:
 1233 029f 63685F76 		.ascii	"ch_virtual_timer\000"
 1233      69727475 
 1233      616C5F74 
 1233      696D6572 
 1233      00
 1234              	.LASF15:
 1235 02b0 696E7433 		.ascii	"int32_t\000"
 1235      325F7400 
 1236              	.LASF54:
 1237 02b8 725F7072 		.ascii	"r_prio\000"
 1237      696F00
 1238              	.LASF25:
 1239 02bf 636E745F 		.ascii	"cnt_t\000"
ARM GAS  /tmp/ccuK9bSr.s 			page 25


 1239      7400
 1240              	.LASF35:
 1241 02c5 705F7374 		.ascii	"p_state\000"
 1241      61746500 
 1242              	.LASF102:
 1243 02cd 5F426F6F 		.ascii	"_Bool\000"
 1243      6C00
 1244              	.LASF38:
 1245 02d3 705F7761 		.ascii	"p_waiting\000"
 1245      6974696E 
 1245      6700
 1246              	.LASF12:
 1247 02dd 5F5F7569 		.ascii	"__uint64_t\000"
 1247      6E743634 
 1247      5F7400
 1248              	.LASF42:
 1249 02e8 705F6D74 		.ascii	"p_mtxlist\000"
 1249      786C6973 
 1249      7400
 1250              	.LASF34:
 1251 02f2 705F6E61 		.ascii	"p_name\000"
 1251      6D6500
 1252              	.LASF78:
 1253 02f9 69646C65 		.ascii	"idle_thread_wa\000"
 1253      5F746872 
 1253      6561645F 
 1253      776100
 1254              	.LASF11:
 1255 0308 6C6F6E67 		.ascii	"long unsigned int\000"
 1255      20756E73 
 1255      69676E65 
 1255      6420696E 
 1255      7400
 1256              	.LASF72:
 1257 031a 70616E69 		.ascii	"panic_msg\000"
 1257      635F6D73 
 1257      6700
 1258              	.LASF6:
 1259 0324 73686F72 		.ascii	"short unsigned int\000"
 1259      7420756E 
 1259      7369676E 
 1259      65642069 
 1259      6E7400
 1260              	.LASF10:
 1261 0337 5F5F7569 		.ascii	"__uint32_t\000"
 1261      6E743332 
 1261      5F7400
 1262              	.LASF89:
 1263 0342 77747472 		.ascii	"wttrp\000"
 1263      7000
 1264              	.LASF93:
 1265 0348 63685F73 		.ascii	"ch_semaphore\000"
 1265      656D6170 
 1265      686F7265 
 1265      00
 1266              	.LASF83:
 1267 0355 706F7274 		.ascii	"port_intctx\000"
ARM GAS  /tmp/ccuK9bSr.s 			page 26


 1267      5F696E74 
 1267      63747800 
 1268              	.LASF63:
 1269 0361 76745F70 		.ascii	"vt_prev\000"
 1269      72657600 
 1270              	.LASF8:
 1271 0369 5F5F696E 		.ascii	"__int32_t\000"
 1271      7433325F 
 1271      7400
 1272              	.LASF45:
 1273 0373 74687265 		.ascii	"thread_reference_t\000"
 1273      61645F72 
 1273      65666572 
 1273      656E6365 
 1273      5F7400
 1274              	.LASF88:
 1275 0386 77746F62 		.ascii	"wtobjp\000"
 1275      6A7000
 1276              	.LASF20:
 1277 038d 74737461 		.ascii	"tstate_t\000"
 1277      74655F74 
 1277      00
 1278              	.LASF81:
 1279 0396 73746B61 		.ascii	"stkalign_t\000"
 1279      6C69676E 
 1279      5F7400
 1280              	.LASF87:
 1281 03a1 65786974 		.ascii	"exitcode\000"
 1281      636F6465 
 1281      00
 1282              	.LASF59:
 1283 03aa 76746675 		.ascii	"vtfunc_t\000"
 1283      6E635F74 
 1283      00
 1284              	.LASF33:
 1285 03b3 705F6F6C 		.ascii	"p_older\000"
 1285      64657200 
 1286              	.LASF51:
 1287 03bb 72656164 		.ascii	"ready_list_t\000"
 1287      795F6C69 
 1287      73745F74 
 1287      00
 1288              	.LASF104:
 1289 03c8 474E5520 		.ascii	"GNU C11 5.3.1 20160307 (release) [ARM/embedded-5-br"
 1289      43313120 
 1289      352E332E 
 1289      31203230 
 1289      31363033 
 1290 03fb 616E6368 		.ascii	"anch revision 234589] -mcpu=cortex-m4 -mno-thumb-in"
 1290      20726576 
 1290      6973696F 
 1290      6E203233 
 1290      34353839 
 1291 042e 74657277 		.ascii	"terwork -mthumb -ggdb -O2 -fomit-frame-pointer -fal"
 1291      6F726B20 
 1291      2D6D7468 
 1291      756D6220 
ARM GAS  /tmp/ccuK9bSr.s 			page 27


 1291      2D676764 
 1292 0461 69676E2D 		.ascii	"ign-functions=16 -ffunction-sections -fdata-section"
 1292      66756E63 
 1292      74696F6E 
 1292      733D3136 
 1292      202D6666 
 1293 0494 73202D66 		.ascii	"s -fno-common\000"
 1293      6E6F2D63 
 1293      6F6D6D6F 
 1293      6E00
 1294              	.LASF37:
 1295 04a2 705F7265 		.ascii	"p_refs\000"
 1295      667300
 1296              	.LASF52:
 1297 04a9 63685F72 		.ascii	"ch_ready_list\000"
 1297      65616479 
 1297      5F6C6973 
 1297      7400
 1298              	.LASF31:
 1299 04b7 705F6374 		.ascii	"p_ctx\000"
 1299      7800
 1300              	.LASF103:
 1301 04bd 49544D5F 		.ascii	"ITM_RxBuffer\000"
 1301      52784275 
 1301      66666572 
 1301      00
 1302              	.LASF98:
 1303 04ca 6D5F6F77 		.ascii	"m_owner\000"
 1303      6E657200 
 1304              	.LASF44:
 1305 04d2 705F6D70 		.ascii	"p_mpool\000"
 1305      6F6F6C00 
 1306              	.LASF86:
 1307 04da 7264796D 		.ascii	"rdymsg\000"
 1307      736700
 1308              	.LASF76:
 1309 04e1 76746C69 		.ascii	"vtlist\000"
 1309      737400
 1310              	.LASF23:
 1311 04e8 6D73675F 		.ascii	"msg_t\000"
 1311      7400
 1312              	.LASF105:
 1313 04ee 2F686F6D 		.ascii	"/home/selim/working/ChibiOS/os/hal/src/hal_mmcsd.c\000"
 1313      652F7365 
 1313      6C696D2F 
 1313      776F726B 
 1313      696E672F 
 1314              	.LASF91:
 1315 0521 77746D74 		.ascii	"wtmtxp\000"
 1315      787000
 1316              	.LASF46:
 1317 0528 74687265 		.ascii	"threads_list_t\000"
 1317      6164735F 
 1317      6C697374 
 1317      5F7400
 1318              		.ident	"GCC: (GNU Tools for ARM Embedded Processors) 5.3.1 20160307 (release) [ARM/embedded-5-bran
ARM GAS  /tmp/ccuK9bSr.s 			page 28


DEFINED SYMBOLS
                            *ABS*:0000000000000000 hal_mmcsd.c

NO UNDEFINED SYMBOLS
