ARM GAS  /tmp/ccSkzUed.s 			page 1


   1              		.syntax unified
   2              		.cpu cortex-m4
   3              		.fpu softvfp
   4              		.eabi_attribute 20, 1
   5              		.eabi_attribute 21, 1
   6              		.eabi_attribute 23, 3
   7              		.eabi_attribute 24, 1
   8              		.eabi_attribute 25, 1
   9              		.eabi_attribute 26, 1
  10              		.eabi_attribute 30, 2
  11              		.eabi_attribute 34, 1
  12              		.eabi_attribute 18, 4
  13              		.thumb
  14              		.syntax unified
  15              		.file	"vectors.c"
  16              		.text
  17              	.Ltext0:
  18              		.cfi_sections	.debug_frame
  19              		.section	.text._unhandled_exception,"ax",%progbits
  20              		.align	2
  21              		.p2align 4,,15
  22              		.global	_unhandled_exception
  23              		.thumb
  24              		.thumb_func
  25              		.type	_unhandled_exception, %function
  26              	_unhandled_exception:
  27              	.LFB112:
  28              		.file 1 "/home/selim/working/ChibiOS/os/common/ports/ARMCMx/compilers/GCC/vectors.c"
  29              		.loc 1 77 0
  30              		.cfi_startproc
  31              		@ Volatile: function does not return.
  32              		@ args = 0, pretend = 0, frame = 0
  33              		@ frame_needed = 0, uses_anonymous_args = 0
  34              		@ link register save eliminated.
  35              	.L2:
  36 0000 FEE7     		b	.L2
  37              		.cfi_endproc
  38              	.LFE112:
  39              		.size	_unhandled_exception, .-_unhandled_exception
  40              		.weak	Vector1BC
  41              		.thumb_set Vector1BC,_unhandled_exception
  42              		.weak	Vector1B8
  43              		.thumb_set Vector1B8,_unhandled_exception
  44              		.weak	Vector1B4
  45              		.thumb_set Vector1B4,_unhandled_exception
  46              		.weak	Vector1B0
  47              		.thumb_set Vector1B0,_unhandled_exception
  48              		.weak	Vector1AC
  49              		.thumb_set Vector1AC,_unhandled_exception
  50              		.weak	Vector1A8
  51              		.thumb_set Vector1A8,_unhandled_exception
  52              		.weak	Vector1A4
  53              		.thumb_set Vector1A4,_unhandled_exception
  54              		.weak	Vector1A0
  55              		.thumb_set Vector1A0,_unhandled_exception
  56              		.weak	Vector19C
  57              		.thumb_set Vector19C,_unhandled_exception
ARM GAS  /tmp/ccSkzUed.s 			page 2


  58              		.weak	Vector198
  59              		.thumb_set Vector198,_unhandled_exception
  60              		.weak	Vector194
  61              		.thumb_set Vector194,_unhandled_exception
  62              		.weak	Vector190
  63              		.thumb_set Vector190,_unhandled_exception
  64              		.weak	Vector18C
  65              		.thumb_set Vector18C,_unhandled_exception
  66              		.weak	Vector188
  67              		.thumb_set Vector188,_unhandled_exception
  68              		.weak	Vector184
  69              		.thumb_set Vector184,_unhandled_exception
  70              		.weak	Vector180
  71              		.thumb_set Vector180,_unhandled_exception
  72              		.weak	Vector17C
  73              		.thumb_set Vector17C,_unhandled_exception
  74              		.weak	Vector178
  75              		.thumb_set Vector178,_unhandled_exception
  76              		.weak	Vector174
  77              		.thumb_set Vector174,_unhandled_exception
  78              		.weak	Vector170
  79              		.thumb_set Vector170,_unhandled_exception
  80              		.weak	Vector16C
  81              		.thumb_set Vector16C,_unhandled_exception
  82              		.weak	Vector168
  83              		.thumb_set Vector168,_unhandled_exception
  84              		.weak	Vector164
  85              		.thumb_set Vector164,_unhandled_exception
  86              		.weak	Vector160
  87              		.thumb_set Vector160,_unhandled_exception
  88              		.weak	Vector15C
  89              		.thumb_set Vector15C,_unhandled_exception
  90              		.weak	Vector158
  91              		.thumb_set Vector158,_unhandled_exception
  92              		.weak	Vector154
  93              		.thumb_set Vector154,_unhandled_exception
  94              		.weak	Vector150
  95              		.thumb_set Vector150,_unhandled_exception
  96              		.weak	Vector14C
  97              		.thumb_set Vector14C,_unhandled_exception
  98              		.weak	Vector148
  99              		.thumb_set Vector148,_unhandled_exception
 100              		.weak	Vector144
 101              		.thumb_set Vector144,_unhandled_exception
 102              		.weak	Vector140
 103              		.thumb_set Vector140,_unhandled_exception
 104              		.weak	Vector13C
 105              		.thumb_set Vector13C,_unhandled_exception
 106              		.weak	Vector138
 107              		.thumb_set Vector138,_unhandled_exception
 108              		.weak	Vector134
 109              		.thumb_set Vector134,_unhandled_exception
 110              		.weak	Vector130
 111              		.thumb_set Vector130,_unhandled_exception
 112              		.weak	Vector12C
 113              		.thumb_set Vector12C,_unhandled_exception
 114              		.weak	Vector128
ARM GAS  /tmp/ccSkzUed.s 			page 3


 115              		.thumb_set Vector128,_unhandled_exception
 116              		.weak	Vector124
 117              		.thumb_set Vector124,_unhandled_exception
 118              		.weak	Vector120
 119              		.thumb_set Vector120,_unhandled_exception
 120              		.weak	Vector11C
 121              		.thumb_set Vector11C,_unhandled_exception
 122              		.weak	Vector118
 123              		.thumb_set Vector118,_unhandled_exception
 124              		.weak	Vector114
 125              		.thumb_set Vector114,_unhandled_exception
 126              		.weak	Vector110
 127              		.thumb_set Vector110,_unhandled_exception
 128              		.weak	Vector10C
 129              		.thumb_set Vector10C,_unhandled_exception
 130              		.weak	Vector108
 131              		.thumb_set Vector108,_unhandled_exception
 132              		.weak	Vector104
 133              		.thumb_set Vector104,_unhandled_exception
 134              		.weak	Vector100
 135              		.thumb_set Vector100,_unhandled_exception
 136              		.weak	VectorFC
 137              		.thumb_set VectorFC,_unhandled_exception
 138              		.weak	VectorF8
 139              		.thumb_set VectorF8,_unhandled_exception
 140              		.weak	VectorF4
 141              		.thumb_set VectorF4,_unhandled_exception
 142              		.weak	VectorF0
 143              		.thumb_set VectorF0,_unhandled_exception
 144              		.weak	VectorEC
 145              		.thumb_set VectorEC,_unhandled_exception
 146              		.weak	VectorE8
 147              		.thumb_set VectorE8,_unhandled_exception
 148              		.weak	VectorE4
 149              		.thumb_set VectorE4,_unhandled_exception
 150              		.weak	VectorE0
 151              		.thumb_set VectorE0,_unhandled_exception
 152              		.weak	VectorDC
 153              		.thumb_set VectorDC,_unhandled_exception
 154              		.weak	VectorD8
 155              		.thumb_set VectorD8,_unhandled_exception
 156              		.weak	VectorD4
 157              		.thumb_set VectorD4,_unhandled_exception
 158              		.weak	VectorD0
 159              		.thumb_set VectorD0,_unhandled_exception
 160              		.weak	VectorCC
 161              		.thumb_set VectorCC,_unhandled_exception
 162              		.weak	VectorC8
 163              		.thumb_set VectorC8,_unhandled_exception
 164              		.weak	VectorC4
 165              		.thumb_set VectorC4,_unhandled_exception
 166              		.weak	VectorC0
 167              		.thumb_set VectorC0,_unhandled_exception
 168              		.weak	VectorBC
 169              		.thumb_set VectorBC,_unhandled_exception
 170              		.weak	VectorB8
 171              		.thumb_set VectorB8,_unhandled_exception
ARM GAS  /tmp/ccSkzUed.s 			page 4


 172              		.weak	VectorB4
 173              		.thumb_set VectorB4,_unhandled_exception
 174              		.weak	VectorB0
 175              		.thumb_set VectorB0,_unhandled_exception
 176              		.weak	VectorAC
 177              		.thumb_set VectorAC,_unhandled_exception
 178              		.weak	VectorA8
 179              		.thumb_set VectorA8,_unhandled_exception
 180              		.weak	VectorA4
 181              		.thumb_set VectorA4,_unhandled_exception
 182              		.weak	VectorA0
 183              		.thumb_set VectorA0,_unhandled_exception
 184              		.weak	Vector9C
 185              		.thumb_set Vector9C,_unhandled_exception
 186              		.weak	Vector98
 187              		.thumb_set Vector98,_unhandled_exception
 188              		.weak	Vector94
 189              		.thumb_set Vector94,_unhandled_exception
 190              		.weak	Vector90
 191              		.thumb_set Vector90,_unhandled_exception
 192              		.weak	Vector8C
 193              		.thumb_set Vector8C,_unhandled_exception
 194              		.weak	Vector88
 195              		.thumb_set Vector88,_unhandled_exception
 196              		.weak	Vector84
 197              		.thumb_set Vector84,_unhandled_exception
 198              		.weak	Vector80
 199              		.thumb_set Vector80,_unhandled_exception
 200              		.weak	Vector7C
 201              		.thumb_set Vector7C,_unhandled_exception
 202              		.weak	Vector78
 203              		.thumb_set Vector78,_unhandled_exception
 204              		.weak	Vector74
 205              		.thumb_set Vector74,_unhandled_exception
 206              		.weak	Vector70
 207              		.thumb_set Vector70,_unhandled_exception
 208              		.weak	Vector6C
 209              		.thumb_set Vector6C,_unhandled_exception
 210              		.weak	Vector68
 211              		.thumb_set Vector68,_unhandled_exception
 212              		.weak	Vector64
 213              		.thumb_set Vector64,_unhandled_exception
 214              		.weak	Vector60
 215              		.thumb_set Vector60,_unhandled_exception
 216              		.weak	Vector5C
 217              		.thumb_set Vector5C,_unhandled_exception
 218              		.weak	Vector58
 219              		.thumb_set Vector58,_unhandled_exception
 220              		.weak	Vector54
 221              		.thumb_set Vector54,_unhandled_exception
 222              		.weak	Vector50
 223              		.thumb_set Vector50,_unhandled_exception
 224              		.weak	Vector4C
 225              		.thumb_set Vector4C,_unhandled_exception
 226              		.weak	Vector48
 227              		.thumb_set Vector48,_unhandled_exception
 228              		.weak	Vector44
ARM GAS  /tmp/ccSkzUed.s 			page 5


 229              		.thumb_set Vector44,_unhandled_exception
 230              		.weak	Vector40
 231              		.thumb_set Vector40,_unhandled_exception
 232              		.weak	SysTick_Handler
 233              		.thumb_set SysTick_Handler,_unhandled_exception
 234              		.weak	PendSV_Handler
 235              		.thumb_set PendSV_Handler,_unhandled_exception
 236              		.weak	Vector34
 237              		.thumb_set Vector34,_unhandled_exception
 238              		.weak	DebugMon_Handler
 239              		.thumb_set DebugMon_Handler,_unhandled_exception
 240              		.weak	SVC_Handler
 241              		.thumb_set SVC_Handler,_unhandled_exception
 242              		.weak	Vector28
 243              		.thumb_set Vector28,_unhandled_exception
 244              		.weak	Vector24
 245              		.thumb_set Vector24,_unhandled_exception
 246              		.weak	Vector20
 247              		.thumb_set Vector20,_unhandled_exception
 248              		.weak	Vector1C
 249              		.thumb_set Vector1C,_unhandled_exception
 250              		.weak	UsageFault_Handler
 251              		.thumb_set UsageFault_Handler,_unhandled_exception
 252              		.weak	BusFault_Handler
 253              		.thumb_set BusFault_Handler,_unhandled_exception
 254              		.weak	MemManage_Handler
 255              		.thumb_set MemManage_Handler,_unhandled_exception
 256              		.weak	HardFault_Handler
 257              		.thumb_set HardFault_Handler,_unhandled_exception
 258              		.weak	NMI_Handler
 259              		.thumb_set NMI_Handler,_unhandled_exception
 260              		.weak	Reset_Handler
 261              		.thumb_set Reset_Handler,_unhandled_exception
 262              		.global	_vectors
 263 0002 00BF     		.section	.vectors,"aw",%progbits
 264              		.align	2
 265              		.type	_vectors, %object
 266              		.size	_vectors, 448
 267              	_vectors:
 268 0000 00000000 		.word	__main_stack_end__
 269 0004 00000000 		.word	Reset_Handler
 270 0008 00000000 		.word	NMI_Handler
 271 000c 00000000 		.word	HardFault_Handler
 272 0010 00000000 		.word	MemManage_Handler
 273 0014 00000000 		.word	BusFault_Handler
 274 0018 00000000 		.word	UsageFault_Handler
 275 001c 00000000 		.word	Vector1C
 276 0020 00000000 		.word	Vector20
 277 0024 00000000 		.word	Vector24
 278 0028 00000000 		.word	Vector28
 279 002c 00000000 		.word	SVC_Handler
 280 0030 00000000 		.word	DebugMon_Handler
 281 0034 00000000 		.word	Vector34
 282 0038 00000000 		.word	PendSV_Handler
 283 003c 00000000 		.word	SysTick_Handler
 284 0040 00000000 		.word	Vector40
 285 0044 00000000 		.word	Vector44
ARM GAS  /tmp/ccSkzUed.s 			page 6


 286 0048 00000000 		.word	Vector48
 287 004c 00000000 		.word	Vector4C
 288 0050 00000000 		.word	Vector50
 289 0054 00000000 		.word	Vector54
 290 0058 00000000 		.word	Vector58
 291 005c 00000000 		.word	Vector5C
 292 0060 00000000 		.word	Vector60
 293 0064 00000000 		.word	Vector64
 294 0068 00000000 		.word	Vector68
 295 006c 00000000 		.word	Vector6C
 296 0070 00000000 		.word	Vector70
 297 0074 00000000 		.word	Vector74
 298 0078 00000000 		.word	Vector78
 299 007c 00000000 		.word	Vector7C
 300 0080 00000000 		.word	Vector80
 301 0084 00000000 		.word	Vector84
 302 0088 00000000 		.word	Vector88
 303 008c 00000000 		.word	Vector8C
 304 0090 00000000 		.word	Vector90
 305 0094 00000000 		.word	Vector94
 306 0098 00000000 		.word	Vector98
 307 009c 00000000 		.word	Vector9C
 308 00a0 00000000 		.word	VectorA0
 309 00a4 00000000 		.word	VectorA4
 310 00a8 00000000 		.word	VectorA8
 311 00ac 00000000 		.word	VectorAC
 312 00b0 00000000 		.word	VectorB0
 313 00b4 00000000 		.word	VectorB4
 314 00b8 00000000 		.word	VectorB8
 315 00bc 00000000 		.word	VectorBC
 316 00c0 00000000 		.word	VectorC0
 317 00c4 00000000 		.word	VectorC4
 318 00c8 00000000 		.word	VectorC8
 319 00cc 00000000 		.word	VectorCC
 320 00d0 00000000 		.word	VectorD0
 321 00d4 00000000 		.word	VectorD4
 322 00d8 00000000 		.word	VectorD8
 323 00dc 00000000 		.word	VectorDC
 324 00e0 00000000 		.word	VectorE0
 325 00e4 00000000 		.word	VectorE4
 326 00e8 00000000 		.word	VectorE8
 327 00ec 00000000 		.word	VectorEC
 328 00f0 00000000 		.word	VectorF0
 329 00f4 00000000 		.word	VectorF4
 330 00f8 00000000 		.word	VectorF8
 331 00fc 00000000 		.word	VectorFC
 332 0100 00000000 		.word	Vector100
 333 0104 00000000 		.word	Vector104
 334 0108 00000000 		.word	Vector108
 335 010c 00000000 		.word	Vector10C
 336 0110 00000000 		.word	Vector110
 337 0114 00000000 		.word	Vector114
 338 0118 00000000 		.word	Vector118
 339 011c 00000000 		.word	Vector11C
 340 0120 00000000 		.word	Vector120
 341 0124 00000000 		.word	Vector124
 342 0128 00000000 		.word	Vector128
ARM GAS  /tmp/ccSkzUed.s 			page 7


 343 012c 00000000 		.word	Vector12C
 344 0130 00000000 		.word	Vector130
 345 0134 00000000 		.word	Vector134
 346 0138 00000000 		.word	Vector138
 347 013c 00000000 		.word	Vector13C
 348 0140 00000000 		.word	Vector140
 349 0144 00000000 		.word	Vector144
 350 0148 00000000 		.word	Vector148
 351 014c 00000000 		.word	Vector14C
 352 0150 00000000 		.word	Vector150
 353 0154 00000000 		.word	Vector154
 354 0158 00000000 		.word	Vector158
 355 015c 00000000 		.word	Vector15C
 356 0160 00000000 		.word	Vector160
 357 0164 00000000 		.word	Vector164
 358 0168 00000000 		.word	Vector168
 359 016c 00000000 		.word	Vector16C
 360 0170 00000000 		.word	Vector170
 361 0174 00000000 		.word	Vector174
 362 0178 00000000 		.word	Vector178
 363 017c 00000000 		.word	Vector17C
 364 0180 00000000 		.word	Vector180
 365 0184 00000000 		.word	Vector184
 366 0188 00000000 		.word	Vector188
 367 018c 00000000 		.word	Vector18C
 368 0190 00000000 		.word	Vector190
 369 0194 00000000 		.word	Vector194
 370 0198 00000000 		.word	Vector198
 371 019c 00000000 		.word	Vector19C
 372 01a0 00000000 		.word	Vector1A0
 373 01a4 00000000 		.word	Vector1A4
 374 01a8 00000000 		.word	Vector1A8
 375 01ac 00000000 		.word	Vector1AC
 376 01b0 00000000 		.word	Vector1B0
 377 01b4 00000000 		.word	Vector1B4
 378 01b8 00000000 		.word	Vector1B8
 379 01bc 00000000 		.word	Vector1BC
 380              		.text
 381              	.Letext0:
 382              		.file 2 "/usr/arm-none-eabi/include/machine/_default_types.h"
 383              		.file 3 "/usr/arm-none-eabi/include/sys/_stdint.h"
 384              		.file 4 "/home/selim/working/ChibiOS/os/ext/CMSIS/include/core_cm4.h"
 385              		.section	.debug_info,"",%progbits
 386              	.Ldebug_info0:
 387 0000 DF010000 		.4byte	0x1df
 388 0004 0400     		.2byte	0x4
 389 0006 00000000 		.4byte	.Ldebug_abbrev0
 390 000a 04       		.byte	0x4
 391 000b 01       		.uleb128 0x1
 392 000c 35020000 		.4byte	.LASF36
 393 0010 0C       		.byte	0xc
 394 0011 C6000000 		.4byte	.LASF37
 395 0015 00000000 		.4byte	.Ldebug_ranges0+0
 396 0019 00000000 		.4byte	0
 397 001d 00000000 		.4byte	.Ldebug_line0
 398 0021 02       		.uleb128 0x2
 399 0022 01       		.byte	0x1
ARM GAS  /tmp/ccSkzUed.s 			page 8


 400 0023 06       		.byte	0x6
 401 0024 1F020000 		.4byte	.LASF0
 402 0028 02       		.uleb128 0x2
 403 0029 01       		.byte	0x1
 404 002a 08       		.byte	0x8
 405 002b 7A000000 		.4byte	.LASF1
 406 002f 02       		.uleb128 0x2
 407 0030 02       		.byte	0x2
 408 0031 05       		.byte	0x5
 409 0032 F1010000 		.4byte	.LASF2
 410 0036 02       		.uleb128 0x2
 411 0037 02       		.byte	0x2
 412 0038 07       		.byte	0x7
 413 0039 3F000000 		.4byte	.LASF3
 414 003d 03       		.uleb128 0x3
 415 003e 25000000 		.4byte	.LASF5
 416 0042 02       		.byte	0x2
 417 0043 3F       		.byte	0x3f
 418 0044 48000000 		.4byte	0x48
 419 0048 02       		.uleb128 0x2
 420 0049 04       		.byte	0x4
 421 004a 05       		.byte	0x5
 422 004b 04020000 		.4byte	.LASF4
 423 004f 03       		.uleb128 0x3
 424 0050 2C010000 		.4byte	.LASF6
 425 0054 02       		.byte	0x2
 426 0055 41       		.byte	0x41
 427 0056 5A000000 		.4byte	0x5a
 428 005a 02       		.uleb128 0x2
 429 005b 04       		.byte	0x4
 430 005c 07       		.byte	0x7
 431 005d 88000000 		.4byte	.LASF7
 432 0061 02       		.uleb128 0x2
 433 0062 08       		.byte	0x8
 434 0063 05       		.byte	0x5
 435 0064 B5010000 		.4byte	.LASF8
 436 0068 02       		.uleb128 0x2
 437 0069 08       		.byte	0x8
 438 006a 07       		.byte	0x7
 439 006b 59010000 		.4byte	.LASF9
 440 006f 04       		.uleb128 0x4
 441 0070 04       		.byte	0x4
 442 0071 05       		.byte	0x5
 443 0072 696E7400 		.ascii	"int\000"
 444 0076 02       		.uleb128 0x2
 445 0077 04       		.byte	0x4
 446 0078 07       		.byte	0x7
 447 0079 43010000 		.4byte	.LASF10
 448 007d 03       		.uleb128 0x3
 449 007e 5D000000 		.4byte	.LASF11
 450 0082 03       		.byte	0x3
 451 0083 1F       		.byte	0x1f
 452 0084 3D000000 		.4byte	0x3d
 453 0088 03       		.uleb128 0x3
 454 0089 FB010000 		.4byte	.LASF12
 455 008d 03       		.byte	0x3
 456 008e 20       		.byte	0x20
ARM GAS  /tmp/ccSkzUed.s 			page 9


 457 008f 4F000000 		.4byte	0x4f
 458 0093 02       		.uleb128 0x2
 459 0094 04       		.byte	0x4
 460 0095 07       		.byte	0x7
 461 0096 99010000 		.4byte	.LASF13
 462 009a 03       		.uleb128 0x3
 463 009b 00000000 		.4byte	.LASF14
 464 009f 01       		.byte	0x1
 465 00a0 2C       		.byte	0x2c
 466 00a1 A5000000 		.4byte	0xa5
 467 00a5 05       		.uleb128 0x5
 468 00a6 04       		.byte	0x4
 469 00a7 AB000000 		.4byte	0xab
 470 00ab 06       		.uleb128 0x6
 471 00ac 07       		.uleb128 0x7
 472 00ad C001     		.2byte	0x1c0
 473 00af 01       		.byte	0x1
 474 00b0 31       		.byte	0x31
 475 00b1 82010000 		.4byte	0x182
 476 00b5 08       		.uleb128 0x8
 477 00b6 52000000 		.4byte	.LASF15
 478 00ba 01       		.byte	0x1
 479 00bb 32       		.byte	0x32
 480 00bc 82010000 		.4byte	0x182
 481 00c0 00       		.byte	0
 482 00c1 08       		.uleb128 0x8
 483 00c2 8B010000 		.4byte	.LASF16
 484 00c6 01       		.byte	0x1
 485 00c7 33       		.byte	0x33
 486 00c8 9A000000 		.4byte	0x9a
 487 00cc 04       		.byte	0x4
 488 00cd 08       		.uleb128 0x8
 489 00ce 37010000 		.4byte	.LASF17
 490 00d2 01       		.byte	0x1
 491 00d3 34       		.byte	0x34
 492 00d4 9A000000 		.4byte	0x9a
 493 00d8 08       		.byte	0x8
 494 00d9 08       		.uleb128 0x8
 495 00da 1A010000 		.4byte	.LASF18
 496 00de 01       		.byte	0x1
 497 00df 35       		.byte	0x35
 498 00e0 9A000000 		.4byte	0x9a
 499 00e4 0C       		.byte	0xc
 500 00e5 08       		.uleb128 0x8
 501 00e6 0D020000 		.4byte	.LASF19
 502 00ea 01       		.byte	0x1
 503 00eb 36       		.byte	0x36
 504 00ec 9A000000 		.4byte	0x9a
 505 00f0 10       		.byte	0x10
 506 00f1 08       		.uleb128 0x8
 507 00f2 C3010000 		.4byte	.LASF20
 508 00f6 01       		.byte	0x1
 509 00f7 37       		.byte	0x37
 510 00f8 9A000000 		.4byte	0x9a
 511 00fc 14       		.byte	0x14
 512 00fd 08       		.uleb128 0x8
 513 00fe A2010000 		.4byte	.LASF21
ARM GAS  /tmp/ccSkzUed.s 			page 10


 514 0102 01       		.byte	0x1
 515 0103 38       		.byte	0x38
 516 0104 9A000000 		.4byte	0x9a
 517 0108 18       		.byte	0x18
 518 0109 08       		.uleb128 0x8
 519 010a 11010000 		.4byte	.LASF22
 520 010e 01       		.byte	0x1
 521 010f 39       		.byte	0x39
 522 0110 9A000000 		.4byte	0x9a
 523 0114 1C       		.byte	0x1c
 524 0115 08       		.uleb128 0x8
 525 0116 50010000 		.4byte	.LASF23
 526 011a 01       		.byte	0x1
 527 011b 3A       		.byte	0x3a
 528 011c 9A000000 		.4byte	0x9a
 529 0120 20       		.byte	0x20
 530 0121 08       		.uleb128 0x8
 531 0122 70010000 		.4byte	.LASF24
 532 0126 01       		.byte	0x1
 533 0127 3B       		.byte	0x3b
 534 0128 9A000000 		.4byte	0x9a
 535 012c 24       		.byte	0x24
 536 012d 08       		.uleb128 0x8
 537 012e 79010000 		.4byte	.LASF25
 538 0132 01       		.byte	0x1
 539 0133 3C       		.byte	0x3c
 540 0134 9A000000 		.4byte	0x9a
 541 0138 28       		.byte	0x28
 542 0139 08       		.uleb128 0x8
 543 013a 9A000000 		.4byte	.LASF26
 544 013e 01       		.byte	0x1
 545 013f 3D       		.byte	0x3d
 546 0140 9A000000 		.4byte	0x9a
 547 0144 2C       		.byte	0x2c
 548 0145 08       		.uleb128 0x8
 549 0146 65000000 		.4byte	.LASF27
 550 014a 01       		.byte	0x1
 551 014b 3E       		.byte	0x3e
 552 014c 9A000000 		.4byte	0x9a
 553 0150 30       		.byte	0x30
 554 0151 08       		.uleb128 0x8
 555 0152 0D000000 		.4byte	.LASF28
 556 0156 01       		.byte	0x1
 557 0157 3F       		.byte	0x3f
 558 0158 9A000000 		.4byte	0x9a
 559 015c 34       		.byte	0x34
 560 015d 08       		.uleb128 0x8
 561 015e 16000000 		.4byte	.LASF29
 562 0162 01       		.byte	0x1
 563 0163 40       		.byte	0x40
 564 0164 9A000000 		.4byte	0x9a
 565 0168 38       		.byte	0x38
 566 0169 08       		.uleb128 0x8
 567 016a 2F000000 		.4byte	.LASF30
 568 016e 01       		.byte	0x1
 569 016f 41       		.byte	0x41
 570 0170 9A000000 		.4byte	0x9a
ARM GAS  /tmp/ccSkzUed.s 			page 11


 571 0174 3C       		.byte	0x3c
 572 0175 08       		.uleb128 0x8
 573 0176 E9010000 		.4byte	.LASF31
 574 017a 01       		.byte	0x1
 575 017b 42       		.byte	0x42
 576 017c 88010000 		.4byte	0x188
 577 0180 40       		.byte	0x40
 578 0181 00       		.byte	0
 579 0182 05       		.uleb128 0x5
 580 0183 04       		.byte	0x4
 581 0184 88000000 		.4byte	0x88
 582 0188 09       		.uleb128 0x9
 583 0189 9A000000 		.4byte	0x9a
 584 018d 98010000 		.4byte	0x198
 585 0191 0A       		.uleb128 0xa
 586 0192 93000000 		.4byte	0x93
 587 0196 5F       		.byte	0x5f
 588 0197 00       		.byte	0
 589 0198 03       		.uleb128 0x3
 590 0199 2B020000 		.4byte	.LASF32
 591 019d 01       		.byte	0x1
 592 019e 43       		.byte	0x43
 593 019f AC000000 		.4byte	0xac
 594 01a3 0B       		.uleb128 0xb
 595 01a4 D4010000 		.4byte	.LASF38
 596 01a8 01       		.byte	0x1
 597 01a9 4D       		.byte	0x4d
 598 01aa 00000000 		.4byte	.LFB112
 599 01ae 02000000 		.4byte	.LFE112-.LFB112
 600 01b2 01       		.uleb128 0x1
 601 01b3 9C       		.byte	0x9c
 602 01b4 0C       		.uleb128 0xc
 603 01b5 B9000000 		.4byte	.LASF33
 604 01b9 04       		.byte	0x4
 605 01ba A706     		.2byte	0x6a7
 606 01bc C0010000 		.4byte	0x1c0
 607 01c0 0D       		.uleb128 0xd
 608 01c1 7D000000 		.4byte	0x7d
 609 01c5 0E       		.uleb128 0xe
 610 01c6 A6000000 		.4byte	.LASF34
 611 01ca 01       		.byte	0x1
 612 01cb 55       		.byte	0x55
 613 01cc 88000000 		.4byte	0x88
 614 01d0 0F       		.uleb128 0xf
 615 01d1 82010000 		.4byte	.LASF35
 616 01d5 01       		.byte	0x1
 617 01d6 D401     		.2byte	0x1d4
 618 01d8 98010000 		.4byte	0x198
 619 01dc 05       		.uleb128 0x5
 620 01dd 03       		.byte	0x3
 621 01de 00000000 		.4byte	_vectors
 622 01e2 00       		.byte	0
 623              		.section	.debug_abbrev,"",%progbits
 624              	.Ldebug_abbrev0:
 625 0000 01       		.uleb128 0x1
 626 0001 11       		.uleb128 0x11
 627 0002 01       		.byte	0x1
ARM GAS  /tmp/ccSkzUed.s 			page 12


 628 0003 25       		.uleb128 0x25
 629 0004 0E       		.uleb128 0xe
 630 0005 13       		.uleb128 0x13
 631 0006 0B       		.uleb128 0xb
 632 0007 03       		.uleb128 0x3
 633 0008 0E       		.uleb128 0xe
 634 0009 55       		.uleb128 0x55
 635 000a 17       		.uleb128 0x17
 636 000b 11       		.uleb128 0x11
 637 000c 01       		.uleb128 0x1
 638 000d 10       		.uleb128 0x10
 639 000e 17       		.uleb128 0x17
 640 000f 00       		.byte	0
 641 0010 00       		.byte	0
 642 0011 02       		.uleb128 0x2
 643 0012 24       		.uleb128 0x24
 644 0013 00       		.byte	0
 645 0014 0B       		.uleb128 0xb
 646 0015 0B       		.uleb128 0xb
 647 0016 3E       		.uleb128 0x3e
 648 0017 0B       		.uleb128 0xb
 649 0018 03       		.uleb128 0x3
 650 0019 0E       		.uleb128 0xe
 651 001a 00       		.byte	0
 652 001b 00       		.byte	0
 653 001c 03       		.uleb128 0x3
 654 001d 16       		.uleb128 0x16
 655 001e 00       		.byte	0
 656 001f 03       		.uleb128 0x3
 657 0020 0E       		.uleb128 0xe
 658 0021 3A       		.uleb128 0x3a
 659 0022 0B       		.uleb128 0xb
 660 0023 3B       		.uleb128 0x3b
 661 0024 0B       		.uleb128 0xb
 662 0025 49       		.uleb128 0x49
 663 0026 13       		.uleb128 0x13
 664 0027 00       		.byte	0
 665 0028 00       		.byte	0
 666 0029 04       		.uleb128 0x4
 667 002a 24       		.uleb128 0x24
 668 002b 00       		.byte	0
 669 002c 0B       		.uleb128 0xb
 670 002d 0B       		.uleb128 0xb
 671 002e 3E       		.uleb128 0x3e
 672 002f 0B       		.uleb128 0xb
 673 0030 03       		.uleb128 0x3
 674 0031 08       		.uleb128 0x8
 675 0032 00       		.byte	0
 676 0033 00       		.byte	0
 677 0034 05       		.uleb128 0x5
 678 0035 0F       		.uleb128 0xf
 679 0036 00       		.byte	0
 680 0037 0B       		.uleb128 0xb
 681 0038 0B       		.uleb128 0xb
 682 0039 49       		.uleb128 0x49
 683 003a 13       		.uleb128 0x13
 684 003b 00       		.byte	0
ARM GAS  /tmp/ccSkzUed.s 			page 13


 685 003c 00       		.byte	0
 686 003d 06       		.uleb128 0x6
 687 003e 15       		.uleb128 0x15
 688 003f 00       		.byte	0
 689 0040 27       		.uleb128 0x27
 690 0041 19       		.uleb128 0x19
 691 0042 00       		.byte	0
 692 0043 00       		.byte	0
 693 0044 07       		.uleb128 0x7
 694 0045 13       		.uleb128 0x13
 695 0046 01       		.byte	0x1
 696 0047 0B       		.uleb128 0xb
 697 0048 05       		.uleb128 0x5
 698 0049 3A       		.uleb128 0x3a
 699 004a 0B       		.uleb128 0xb
 700 004b 3B       		.uleb128 0x3b
 701 004c 0B       		.uleb128 0xb
 702 004d 01       		.uleb128 0x1
 703 004e 13       		.uleb128 0x13
 704 004f 00       		.byte	0
 705 0050 00       		.byte	0
 706 0051 08       		.uleb128 0x8
 707 0052 0D       		.uleb128 0xd
 708 0053 00       		.byte	0
 709 0054 03       		.uleb128 0x3
 710 0055 0E       		.uleb128 0xe
 711 0056 3A       		.uleb128 0x3a
 712 0057 0B       		.uleb128 0xb
 713 0058 3B       		.uleb128 0x3b
 714 0059 0B       		.uleb128 0xb
 715 005a 49       		.uleb128 0x49
 716 005b 13       		.uleb128 0x13
 717 005c 38       		.uleb128 0x38
 718 005d 0B       		.uleb128 0xb
 719 005e 00       		.byte	0
 720 005f 00       		.byte	0
 721 0060 09       		.uleb128 0x9
 722 0061 01       		.uleb128 0x1
 723 0062 01       		.byte	0x1
 724 0063 49       		.uleb128 0x49
 725 0064 13       		.uleb128 0x13
 726 0065 01       		.uleb128 0x1
 727 0066 13       		.uleb128 0x13
 728 0067 00       		.byte	0
 729 0068 00       		.byte	0
 730 0069 0A       		.uleb128 0xa
 731 006a 21       		.uleb128 0x21
 732 006b 00       		.byte	0
 733 006c 49       		.uleb128 0x49
 734 006d 13       		.uleb128 0x13
 735 006e 2F       		.uleb128 0x2f
 736 006f 0B       		.uleb128 0xb
 737 0070 00       		.byte	0
 738 0071 00       		.byte	0
 739 0072 0B       		.uleb128 0xb
 740 0073 2E       		.uleb128 0x2e
 741 0074 00       		.byte	0
ARM GAS  /tmp/ccSkzUed.s 			page 14


 742 0075 3F       		.uleb128 0x3f
 743 0076 19       		.uleb128 0x19
 744 0077 03       		.uleb128 0x3
 745 0078 0E       		.uleb128 0xe
 746 0079 3A       		.uleb128 0x3a
 747 007a 0B       		.uleb128 0xb
 748 007b 3B       		.uleb128 0x3b
 749 007c 0B       		.uleb128 0xb
 750 007d 27       		.uleb128 0x27
 751 007e 19       		.uleb128 0x19
 752 007f 8701     		.uleb128 0x87
 753 0081 19       		.uleb128 0x19
 754 0082 11       		.uleb128 0x11
 755 0083 01       		.uleb128 0x1
 756 0084 12       		.uleb128 0x12
 757 0085 06       		.uleb128 0x6
 758 0086 40       		.uleb128 0x40
 759 0087 18       		.uleb128 0x18
 760 0088 9742     		.uleb128 0x2117
 761 008a 19       		.uleb128 0x19
 762 008b 00       		.byte	0
 763 008c 00       		.byte	0
 764 008d 0C       		.uleb128 0xc
 765 008e 34       		.uleb128 0x34
 766 008f 00       		.byte	0
 767 0090 03       		.uleb128 0x3
 768 0091 0E       		.uleb128 0xe
 769 0092 3A       		.uleb128 0x3a
 770 0093 0B       		.uleb128 0xb
 771 0094 3B       		.uleb128 0x3b
 772 0095 05       		.uleb128 0x5
 773 0096 49       		.uleb128 0x49
 774 0097 13       		.uleb128 0x13
 775 0098 3F       		.uleb128 0x3f
 776 0099 19       		.uleb128 0x19
 777 009a 3C       		.uleb128 0x3c
 778 009b 19       		.uleb128 0x19
 779 009c 00       		.byte	0
 780 009d 00       		.byte	0
 781 009e 0D       		.uleb128 0xd
 782 009f 35       		.uleb128 0x35
 783 00a0 00       		.byte	0
 784 00a1 49       		.uleb128 0x49
 785 00a2 13       		.uleb128 0x13
 786 00a3 00       		.byte	0
 787 00a4 00       		.byte	0
 788 00a5 0E       		.uleb128 0xe
 789 00a6 34       		.uleb128 0x34
 790 00a7 00       		.byte	0
 791 00a8 03       		.uleb128 0x3
 792 00a9 0E       		.uleb128 0xe
 793 00aa 3A       		.uleb128 0x3a
 794 00ab 0B       		.uleb128 0xb
 795 00ac 3B       		.uleb128 0x3b
 796 00ad 0B       		.uleb128 0xb
 797 00ae 49       		.uleb128 0x49
 798 00af 13       		.uleb128 0x13
ARM GAS  /tmp/ccSkzUed.s 			page 15


 799 00b0 3F       		.uleb128 0x3f
 800 00b1 19       		.uleb128 0x19
 801 00b2 3C       		.uleb128 0x3c
 802 00b3 19       		.uleb128 0x19
 803 00b4 00       		.byte	0
 804 00b5 00       		.byte	0
 805 00b6 0F       		.uleb128 0xf
 806 00b7 34       		.uleb128 0x34
 807 00b8 00       		.byte	0
 808 00b9 03       		.uleb128 0x3
 809 00ba 0E       		.uleb128 0xe
 810 00bb 3A       		.uleb128 0x3a
 811 00bc 0B       		.uleb128 0xb
 812 00bd 3B       		.uleb128 0x3b
 813 00be 05       		.uleb128 0x5
 814 00bf 49       		.uleb128 0x49
 815 00c0 13       		.uleb128 0x13
 816 00c1 3F       		.uleb128 0x3f
 817 00c2 19       		.uleb128 0x19
 818 00c3 02       		.uleb128 0x2
 819 00c4 18       		.uleb128 0x18
 820 00c5 00       		.byte	0
 821 00c6 00       		.byte	0
 822 00c7 00       		.byte	0
 823              		.section	.debug_aranges,"",%progbits
 824 0000 1C000000 		.4byte	0x1c
 825 0004 0200     		.2byte	0x2
 826 0006 00000000 		.4byte	.Ldebug_info0
 827 000a 04       		.byte	0x4
 828 000b 00       		.byte	0
 829 000c 0000     		.2byte	0
 830 000e 0000     		.2byte	0
 831 0010 00000000 		.4byte	.LFB112
 832 0014 02000000 		.4byte	.LFE112-.LFB112
 833 0018 00000000 		.4byte	0
 834 001c 00000000 		.4byte	0
 835              		.section	.debug_ranges,"",%progbits
 836              	.Ldebug_ranges0:
 837 0000 00000000 		.4byte	.LFB112
 838 0004 02000000 		.4byte	.LFE112
 839 0008 00000000 		.4byte	0
 840 000c 00000000 		.4byte	0
 841              		.section	.debug_line,"",%progbits
 842              	.Ldebug_line0:
 843 0000 19010000 		.section	.debug_str,"MS",%progbits,1
 843      02000301 
 843      00000201 
 843      FB0E0D00 
 843      01010101 
 844              	.LASF14:
 845 0000 6972715F 		.ascii	"irq_vector_t\000"
 845      76656374 
 845      6F725F74 
 845      00
 846              	.LASF28:
 847 000d 76656374 		.ascii	"vector34\000"
 847      6F723334 
ARM GAS  /tmp/ccSkzUed.s 			page 16


 847      00
 848              	.LASF29:
 849 0016 70656E64 		.ascii	"pendsv_handler\000"
 849      73765F68 
 849      616E646C 
 849      657200
 850              	.LASF5:
 851 0025 5F5F696E 		.ascii	"__int32_t\000"
 851      7433325F 
 851      7400
 852              	.LASF30:
 853 002f 73797374 		.ascii	"systick_handler\000"
 853      69636B5F 
 853      68616E64 
 853      6C657200 
 854              	.LASF3:
 855 003f 73686F72 		.ascii	"short unsigned int\000"
 855      7420756E 
 855      7369676E 
 855      65642069 
 855      6E7400
 856              	.LASF15:
 857 0052 696E6974 		.ascii	"init_stack\000"
 857      5F737461 
 857      636B00
 858              	.LASF11:
 859 005d 696E7433 		.ascii	"int32_t\000"
 859      325F7400 
 860              	.LASF27:
 861 0065 64656275 		.ascii	"debugmonitor_handler\000"
 861      676D6F6E 
 861      69746F72 
 861      5F68616E 
 861      646C6572 
 862              	.LASF1:
 863 007a 756E7369 		.ascii	"unsigned char\000"
 863      676E6564 
 863      20636861 
 863      7200
 864              	.LASF7:
 865 0088 6C6F6E67 		.ascii	"long unsigned int\000"
 865      20756E73 
 865      69676E65 
 865      6420696E 
 865      7400
 866              	.LASF26:
 867 009a 7376635F 		.ascii	"svc_handler\000"
 867      68616E64 
 867      6C657200 
 868              	.LASF34:
 869 00a6 5F5F6D61 		.ascii	"__main_stack_end__\000"
 869      696E5F73 
 869      7461636B 
 869      5F656E64 
 869      5F5F00
 870              	.LASF33:
 871 00b9 49544D5F 		.ascii	"ITM_RxBuffer\000"
ARM GAS  /tmp/ccSkzUed.s 			page 17


 871      52784275 
 871      66666572 
 871      00
 872              	.LASF37:
 873 00c6 2F686F6D 		.ascii	"/home/selim/working/ChibiOS/os/common/ports/ARMCMx/"
 873      652F7365 
 873      6C696D2F 
 873      776F726B 
 873      696E672F 
 874 00f9 636F6D70 		.ascii	"compilers/GCC/vectors.c\000"
 874      696C6572 
 874      732F4743 
 874      432F7665 
 874      63746F72 
 875              	.LASF22:
 876 0111 76656374 		.ascii	"vector1c\000"
 876      6F723163 
 876      00
 877              	.LASF18:
 878 011a 68617264 		.ascii	"hardfault_handler\000"
 878      6661756C 
 878      745F6861 
 878      6E646C65 
 878      7200
 879              	.LASF6:
 880 012c 5F5F7569 		.ascii	"__uint32_t\000"
 880      6E743332 
 880      5F7400
 881              	.LASF17:
 882 0137 6E6D695F 		.ascii	"nmi_handler\000"
 882      68616E64 
 882      6C657200 
 883              	.LASF10:
 884 0143 756E7369 		.ascii	"unsigned int\000"
 884      676E6564 
 884      20696E74 
 884      00
 885              	.LASF23:
 886 0150 76656374 		.ascii	"vector20\000"
 886      6F723230 
 886      00
 887              	.LASF9:
 888 0159 6C6F6E67 		.ascii	"long long unsigned int\000"
 888      206C6F6E 
 888      6720756E 
 888      7369676E 
 888      65642069 
 889              	.LASF24:
 890 0170 76656374 		.ascii	"vector24\000"
 890      6F723234 
 890      00
 891              	.LASF25:
 892 0179 76656374 		.ascii	"vector28\000"
 892      6F723238 
 892      00
 893              	.LASF35:
 894 0182 5F766563 		.ascii	"_vectors\000"
ARM GAS  /tmp/ccSkzUed.s 			page 18


 894      746F7273 
 894      00
 895              	.LASF16:
 896 018b 72657365 		.ascii	"reset_handler\000"
 896      745F6861 
 896      6E646C65 
 896      7200
 897              	.LASF13:
 898 0199 73697A65 		.ascii	"sizetype\000"
 898      74797065 
 898      00
 899              	.LASF21:
 900 01a2 75736167 		.ascii	"usagefault_handler\000"
 900      65666175 
 900      6C745F68 
 900      616E646C 
 900      657200
 901              	.LASF8:
 902 01b5 6C6F6E67 		.ascii	"long long int\000"
 902      206C6F6E 
 902      6720696E 
 902      7400
 903              	.LASF20:
 904 01c3 62757366 		.ascii	"busfault_handler\000"
 904      61756C74 
 904      5F68616E 
 904      646C6572 
 904      00
 905              	.LASF38:
 906 01d4 5F756E68 		.ascii	"_unhandled_exception\000"
 906      616E646C 
 906      65645F65 
 906      78636570 
 906      74696F6E 
 907              	.LASF31:
 908 01e9 76656374 		.ascii	"vectors\000"
 908      6F727300 
 909              	.LASF2:
 910 01f1 73686F72 		.ascii	"short int\000"
 910      7420696E 
 910      7400
 911              	.LASF12:
 912 01fb 75696E74 		.ascii	"uint32_t\000"
 912      33325F74 
 912      00
 913              	.LASF4:
 914 0204 6C6F6E67 		.ascii	"long int\000"
 914      20696E74 
 914      00
 915              	.LASF19:
 916 020d 6D656D6D 		.ascii	"memmanage_handler\000"
 916      616E6167 
 916      655F6861 
 916      6E646C65 
 916      7200
 917              	.LASF0:
 918 021f 7369676E 		.ascii	"signed char\000"
ARM GAS  /tmp/ccSkzUed.s 			page 19


 918      65642063 
 918      68617200 
 919              	.LASF32:
 920 022b 76656374 		.ascii	"vectors_t\000"
 920      6F72735F 
 920      7400
 921              	.LASF36:
 922 0235 474E5520 		.ascii	"GNU C11 5.3.1 20160307 (release) [ARM/embedded-5-br"
 922      43313120 
 922      352E332E 
 922      31203230 
 922      31363033 
 923 0268 616E6368 		.ascii	"anch revision 234589] -mcpu=cortex-m4 -mno-thumb-in"
 923      20726576 
 923      6973696F 
 923      6E203233 
 923      34353839 
 924 029b 74657277 		.ascii	"terwork -mthumb -ggdb -O2 -fomit-frame-pointer -fal"
 924      6F726B20 
 924      2D6D7468 
 924      756D6220 
 924      2D676764 
 925 02ce 69676E2D 		.ascii	"ign-functions=16 -ffunction-sections -fdata-section"
 925      66756E63 
 925      74696F6E 
 925      733D3136 
 925      202D6666 
 926 0301 73202D66 		.ascii	"s -fno-common\000"
 926      6E6F2D63 
 926      6F6D6D6F 
 926      6E00
 927              		.ident	"GCC: (GNU Tools for ARM Embedded Processors) 5.3.1 20160307 (release) [ARM/embedded-5-bran
ARM GAS  /tmp/ccSkzUed.s 			page 20


DEFINED SYMBOLS
                            *ABS*:0000000000000000 vectors.c
     /tmp/ccSkzUed.s:20     .text._unhandled_exception:0000000000000000 $t
     /tmp/ccSkzUed.s:26     .text._unhandled_exception:0000000000000000 _unhandled_exception
     /tmp/ccSkzUed.s:26     .text._unhandled_exception:0000000000000000 Vector1BC
     /tmp/ccSkzUed.s:26     .text._unhandled_exception:0000000000000000 Vector1B8
     /tmp/ccSkzUed.s:26     .text._unhandled_exception:0000000000000000 Vector1B4
     /tmp/ccSkzUed.s:26     .text._unhandled_exception:0000000000000000 Vector1B0
     /tmp/ccSkzUed.s:26     .text._unhandled_exception:0000000000000000 Vector1AC
     /tmp/ccSkzUed.s:26     .text._unhandled_exception:0000000000000000 Vector1A8
     /tmp/ccSkzUed.s:26     .text._unhandled_exception:0000000000000000 Vector1A4
     /tmp/ccSkzUed.s:26     .text._unhandled_exception:0000000000000000 Vector1A0
     /tmp/ccSkzUed.s:26     .text._unhandled_exception:0000000000000000 Vector19C
     /tmp/ccSkzUed.s:26     .text._unhandled_exception:0000000000000000 Vector198
     /tmp/ccSkzUed.s:26     .text._unhandled_exception:0000000000000000 Vector194
     /tmp/ccSkzUed.s:26     .text._unhandled_exception:0000000000000000 Vector190
     /tmp/ccSkzUed.s:26     .text._unhandled_exception:0000000000000000 Vector18C
     /tmp/ccSkzUed.s:26     .text._unhandled_exception:0000000000000000 Vector188
     /tmp/ccSkzUed.s:26     .text._unhandled_exception:0000000000000000 Vector184
     /tmp/ccSkzUed.s:26     .text._unhandled_exception:0000000000000000 Vector180
     /tmp/ccSkzUed.s:26     .text._unhandled_exception:0000000000000000 Vector17C
     /tmp/ccSkzUed.s:26     .text._unhandled_exception:0000000000000000 Vector178
     /tmp/ccSkzUed.s:26     .text._unhandled_exception:0000000000000000 Vector174
     /tmp/ccSkzUed.s:26     .text._unhandled_exception:0000000000000000 Vector170
     /tmp/ccSkzUed.s:26     .text._unhandled_exception:0000000000000000 Vector16C
     /tmp/ccSkzUed.s:26     .text._unhandled_exception:0000000000000000 Vector168
     /tmp/ccSkzUed.s:26     .text._unhandled_exception:0000000000000000 Vector164
     /tmp/ccSkzUed.s:26     .text._unhandled_exception:0000000000000000 Vector160
     /tmp/ccSkzUed.s:26     .text._unhandled_exception:0000000000000000 Vector15C
     /tmp/ccSkzUed.s:26     .text._unhandled_exception:0000000000000000 Vector158
     /tmp/ccSkzUed.s:26     .text._unhandled_exception:0000000000000000 Vector154
     /tmp/ccSkzUed.s:26     .text._unhandled_exception:0000000000000000 Vector150
     /tmp/ccSkzUed.s:26     .text._unhandled_exception:0000000000000000 Vector14C
     /tmp/ccSkzUed.s:26     .text._unhandled_exception:0000000000000000 Vector148
     /tmp/ccSkzUed.s:26     .text._unhandled_exception:0000000000000000 Vector144
     /tmp/ccSkzUed.s:26     .text._unhandled_exception:0000000000000000 Vector140
     /tmp/ccSkzUed.s:26     .text._unhandled_exception:0000000000000000 Vector13C
     /tmp/ccSkzUed.s:26     .text._unhandled_exception:0000000000000000 Vector138
     /tmp/ccSkzUed.s:26     .text._unhandled_exception:0000000000000000 Vector134
     /tmp/ccSkzUed.s:26     .text._unhandled_exception:0000000000000000 Vector130
     /tmp/ccSkzUed.s:26     .text._unhandled_exception:0000000000000000 Vector12C
     /tmp/ccSkzUed.s:26     .text._unhandled_exception:0000000000000000 Vector128
     /tmp/ccSkzUed.s:26     .text._unhandled_exception:0000000000000000 Vector124
     /tmp/ccSkzUed.s:26     .text._unhandled_exception:0000000000000000 Vector120
     /tmp/ccSkzUed.s:26     .text._unhandled_exception:0000000000000000 Vector11C
     /tmp/ccSkzUed.s:26     .text._unhandled_exception:0000000000000000 Vector118
     /tmp/ccSkzUed.s:26     .text._unhandled_exception:0000000000000000 Vector114
     /tmp/ccSkzUed.s:26     .text._unhandled_exception:0000000000000000 Vector110
     /tmp/ccSkzUed.s:26     .text._unhandled_exception:0000000000000000 Vector10C
     /tmp/ccSkzUed.s:26     .text._unhandled_exception:0000000000000000 Vector108
     /tmp/ccSkzUed.s:26     .text._unhandled_exception:0000000000000000 Vector104
     /tmp/ccSkzUed.s:26     .text._unhandled_exception:0000000000000000 Vector100
     /tmp/ccSkzUed.s:26     .text._unhandled_exception:0000000000000000 VectorFC
     /tmp/ccSkzUed.s:26     .text._unhandled_exception:0000000000000000 VectorF8
     /tmp/ccSkzUed.s:26     .text._unhandled_exception:0000000000000000 VectorF4
     /tmp/ccSkzUed.s:26     .text._unhandled_exception:0000000000000000 VectorF0
     /tmp/ccSkzUed.s:26     .text._unhandled_exception:0000000000000000 VectorEC
ARM GAS  /tmp/ccSkzUed.s 			page 21


     /tmp/ccSkzUed.s:26     .text._unhandled_exception:0000000000000000 VectorE8
     /tmp/ccSkzUed.s:26     .text._unhandled_exception:0000000000000000 VectorE4
     /tmp/ccSkzUed.s:26     .text._unhandled_exception:0000000000000000 VectorE0
     /tmp/ccSkzUed.s:26     .text._unhandled_exception:0000000000000000 VectorDC
     /tmp/ccSkzUed.s:26     .text._unhandled_exception:0000000000000000 VectorD8
     /tmp/ccSkzUed.s:26     .text._unhandled_exception:0000000000000000 VectorD4
     /tmp/ccSkzUed.s:26     .text._unhandled_exception:0000000000000000 VectorD0
     /tmp/ccSkzUed.s:26     .text._unhandled_exception:0000000000000000 VectorCC
     /tmp/ccSkzUed.s:26     .text._unhandled_exception:0000000000000000 VectorC8
     /tmp/ccSkzUed.s:26     .text._unhandled_exception:0000000000000000 VectorC4
     /tmp/ccSkzUed.s:26     .text._unhandled_exception:0000000000000000 VectorC0
     /tmp/ccSkzUed.s:26     .text._unhandled_exception:0000000000000000 VectorBC
     /tmp/ccSkzUed.s:26     .text._unhandled_exception:0000000000000000 VectorB8
     /tmp/ccSkzUed.s:26     .text._unhandled_exception:0000000000000000 VectorB4
     /tmp/ccSkzUed.s:26     .text._unhandled_exception:0000000000000000 VectorB0
     /tmp/ccSkzUed.s:26     .text._unhandled_exception:0000000000000000 VectorAC
     /tmp/ccSkzUed.s:26     .text._unhandled_exception:0000000000000000 VectorA8
     /tmp/ccSkzUed.s:26     .text._unhandled_exception:0000000000000000 VectorA4
     /tmp/ccSkzUed.s:26     .text._unhandled_exception:0000000000000000 VectorA0
     /tmp/ccSkzUed.s:26     .text._unhandled_exception:0000000000000000 Vector9C
     /tmp/ccSkzUed.s:26     .text._unhandled_exception:0000000000000000 Vector98
     /tmp/ccSkzUed.s:26     .text._unhandled_exception:0000000000000000 Vector94
     /tmp/ccSkzUed.s:26     .text._unhandled_exception:0000000000000000 Vector90
     /tmp/ccSkzUed.s:26     .text._unhandled_exception:0000000000000000 Vector8C
     /tmp/ccSkzUed.s:26     .text._unhandled_exception:0000000000000000 Vector88
     /tmp/ccSkzUed.s:26     .text._unhandled_exception:0000000000000000 Vector84
     /tmp/ccSkzUed.s:26     .text._unhandled_exception:0000000000000000 Vector80
     /tmp/ccSkzUed.s:26     .text._unhandled_exception:0000000000000000 Vector7C
     /tmp/ccSkzUed.s:26     .text._unhandled_exception:0000000000000000 Vector78
     /tmp/ccSkzUed.s:26     .text._unhandled_exception:0000000000000000 Vector74
     /tmp/ccSkzUed.s:26     .text._unhandled_exception:0000000000000000 Vector70
     /tmp/ccSkzUed.s:26     .text._unhandled_exception:0000000000000000 Vector6C
     /tmp/ccSkzUed.s:26     .text._unhandled_exception:0000000000000000 Vector68
     /tmp/ccSkzUed.s:26     .text._unhandled_exception:0000000000000000 Vector64
     /tmp/ccSkzUed.s:26     .text._unhandled_exception:0000000000000000 Vector60
     /tmp/ccSkzUed.s:26     .text._unhandled_exception:0000000000000000 Vector5C
     /tmp/ccSkzUed.s:26     .text._unhandled_exception:0000000000000000 Vector58
     /tmp/ccSkzUed.s:26     .text._unhandled_exception:0000000000000000 Vector54
     /tmp/ccSkzUed.s:26     .text._unhandled_exception:0000000000000000 Vector50
     /tmp/ccSkzUed.s:26     .text._unhandled_exception:0000000000000000 Vector4C
     /tmp/ccSkzUed.s:26     .text._unhandled_exception:0000000000000000 Vector48
     /tmp/ccSkzUed.s:26     .text._unhandled_exception:0000000000000000 Vector44
     /tmp/ccSkzUed.s:26     .text._unhandled_exception:0000000000000000 Vector40
     /tmp/ccSkzUed.s:26     .text._unhandled_exception:0000000000000000 SysTick_Handler
     /tmp/ccSkzUed.s:26     .text._unhandled_exception:0000000000000000 PendSV_Handler
     /tmp/ccSkzUed.s:26     .text._unhandled_exception:0000000000000000 Vector34
     /tmp/ccSkzUed.s:26     .text._unhandled_exception:0000000000000000 DebugMon_Handler
     /tmp/ccSkzUed.s:26     .text._unhandled_exception:0000000000000000 SVC_Handler
     /tmp/ccSkzUed.s:26     .text._unhandled_exception:0000000000000000 Vector28
     /tmp/ccSkzUed.s:26     .text._unhandled_exception:0000000000000000 Vector24
     /tmp/ccSkzUed.s:26     .text._unhandled_exception:0000000000000000 Vector20
     /tmp/ccSkzUed.s:26     .text._unhandled_exception:0000000000000000 Vector1C
     /tmp/ccSkzUed.s:26     .text._unhandled_exception:0000000000000000 UsageFault_Handler
     /tmp/ccSkzUed.s:26     .text._unhandled_exception:0000000000000000 BusFault_Handler
     /tmp/ccSkzUed.s:26     .text._unhandled_exception:0000000000000000 MemManage_Handler
     /tmp/ccSkzUed.s:26     .text._unhandled_exception:0000000000000000 HardFault_Handler
     /tmp/ccSkzUed.s:26     .text._unhandled_exception:0000000000000000 NMI_Handler
ARM GAS  /tmp/ccSkzUed.s 			page 22


     /tmp/ccSkzUed.s:26     .text._unhandled_exception:0000000000000000 Reset_Handler
     /tmp/ccSkzUed.s:267    .vectors:0000000000000000 _vectors
     /tmp/ccSkzUed.s:264    .vectors:0000000000000000 $d
                     .debug_frame:0000000000000010 $d

UNDEFINED SYMBOLS
__main_stack_end__
