ARM GAS  /tmp/ccwLHK29.s 			page 1


   1              		.syntax unified
   2              		.cpu cortex-m4
   3              		.fpu softvfp
   4              		.eabi_attribute 20, 1
   5              		.eabi_attribute 21, 1
   6              		.eabi_attribute 23, 3
   7              		.eabi_attribute 24, 1
   8              		.eabi_attribute 25, 1
   9              		.eabi_attribute 26, 1
  10              		.eabi_attribute 30, 2
  11              		.eabi_attribute 34, 1
  12              		.eabi_attribute 18, 4
  13              		.thumb
  14              		.syntax unified
  15              		.file	"chcore_v7m.c"
  16              		.text
  17              	.Ltext0:
  18              		.cfi_sections	.debug_frame
  19              		.section	.text.SVC_Handler,"ax",%progbits
  20              		.align	2
  21              		.p2align 4,,15
  22              		.global	SVC_Handler
  23              		.thumb
  24              		.thumb_func
  25              		.type	SVC_Handler, %function
  26              	SVC_Handler:
  27              	.LFB227:
  28              		.file 1 "/home/selim/working/ChibiOS/os/rt/ports/ARMCMx/chcore_v7m.c"
  29              		.loc 1 62 0
  30              		.cfi_startproc
  31              		@ args = 0, pretend = 0, frame = 0
  32              		@ frame_needed = 0, uses_anonymous_args = 0
  33              		@ link register save eliminated.
  34              	.LBB47:
  35              	.LBB48:
  36              		.file 2 "/home/selim/working/ChibiOS/os/ext/CMSIS/include/core_cmFunc.h"
  37              		.loc 2 428 0
  38              		.syntax unified
  39              	@ 428 "/home/selim/working/ChibiOS/os/ext/CMSIS/include/core_cmFunc.h" 1
  40 0000 EFF30983 		MRS r3, psp
  41              	
  42              	@ 0 "" 2
  43              	.LVL0:
  44              		.thumb
  45              		.syntax unified
  46              	.LBE48:
  47              	.LBE47:
  48              	.LBB49:
  49              	.LBB50:
  50              		.loc 2 441 0
  51 0004 2033     		adds	r3, r3, #32
  52              	.LVL1:
  53              		.syntax unified
  54              	@ 441 "/home/selim/working/ChibiOS/os/ext/CMSIS/include/core_cmFunc.h" 1
  55 0006 83F30988 		MSR psp, r3
  56              	
  57              	@ 0 "" 2
ARM GAS  /tmp/ccwLHK29.s 			page 2


  58              	.LVL2:
  59              		.thumb
  60              		.syntax unified
  61              	.LBE50:
  62              	.LBE49:
  63              	.LBB51:
  64              	.LBB52:
  65              	.LBB53:
  66              	.LBB54:
  67              		.loc 2 546 0
  68 000a 0023     		movs	r3, #0
  69              	.LVL3:
  70              		.syntax unified
  71              	@ 546 "/home/selim/working/ChibiOS/os/ext/CMSIS/include/core_cmFunc.h" 1
  72 000c 83F31188 		MSR basepri, r3
  73              	@ 0 "" 2
  74              	.LVL4:
  75              		.thumb
  76              		.syntax unified
  77 0010 7047     		bx	lr
  78              	.LBE54:
  79              	.LBE53:
  80              	.LBE52:
  81              	.LBE51:
  82              		.cfi_endproc
  83              	.LFE227:
  84              		.size	SVC_Handler, .-SVC_Handler
  85 0012 00BF     		.section	.text._port_irq_epilogue,"ax",%progbits
  86              		.align	2
  87              		.p2align 4,,15
  88              		.global	_port_irq_epilogue
  89              		.thumb
  90              		.thumb_func
  91              		.type	_port_irq_epilogue, %function
  92              	_port_irq_epilogue:
  93              	.LFB228:
  94              		.loc 1 122 0
  95              		.cfi_startproc
  96              		@ args = 0, pretend = 0, frame = 0
  97              		@ frame_needed = 0, uses_anonymous_args = 0
  98              	.LVL5:
  99              	.LBB55:
 100              	.LBB56:
 101              	.LBB57:
 102              	.LBB58:
 103              		.loc 2 546 0
 104 0000 2023     		movs	r3, #32
 105              		.syntax unified
 106              	@ 546 "/home/selim/working/ChibiOS/os/ext/CMSIS/include/core_cmFunc.h" 1
 107 0002 83F31188 		MSR basepri, r3
 108              	@ 0 "" 2
 109              	.LVL6:
 110              		.thumb
 111              		.syntax unified
 112              	.LBE58:
 113              	.LBE57:
 114              	.LBE56:
ARM GAS  /tmp/ccwLHK29.s 			page 3


 115              	.LBE55:
 116              		.loc 1 125 0
 117 0006 0F4B     		ldr	r3, .L10
 118 0008 5B68     		ldr	r3, [r3, #4]
 119 000a 13F40063 		ands	r3, r3, #2048
 120 000e 02D1     		bne	.L9
 121              	.LVL7:
 122              	.LBB59:
 123              	.LBB60:
 124              	.LBB61:
 125              	.LBB62:
 126              		.loc 2 546 0
 127              		.syntax unified
 128              	@ 546 "/home/selim/working/ChibiOS/os/ext/CMSIS/include/core_cmFunc.h" 1
 129 0010 83F31188 		MSR basepri, r3
 130              	@ 0 "" 2
 131              	.LVL8:
 132              		.thumb
 133              		.syntax unified
 134 0014 7047     		bx	lr
 135              	.L9:
 136              	.LBE62:
 137              	.LBE61:
 138              	.LBE60:
 139              	.LBE59:
 140              		.loc 1 122 0
 141 0016 10B5     		push	{r4, lr}
 142              		.cfi_def_cfa_offset 8
 143              		.cfi_offset 4, -8
 144              		.cfi_offset 14, -4
 145              	.LBB63:
 146              	.LBB64:
 147              	.LBB65:
 148              		.loc 2 428 0
 149              		.syntax unified
 150              	@ 428 "/home/selim/working/ChibiOS/os/ext/CMSIS/include/core_cmFunc.h" 1
 151 0018 EFF30984 		MRS r4, psp
 152              	
 153              	@ 0 "" 2
 154              	.LVL9:
 155              		.thumb
 156              		.syntax unified
 157              	.LBE65:
 158              	.LBE64:
 159              		.loc 1 141 0
 160 001c 4FF08073 		mov	r3, #16777216
 161 0020 44F8043C 		str	r3, [r4, #-4]
 162              	.LVL10:
 163              	.LBB66:
 164              	.LBB67:
 165              		.loc 2 441 0
 166 0024 A4F12003 		sub	r3, r4, #32
 167              	.LVL11:
 168              		.syntax unified
 169              	@ 441 "/home/selim/working/ChibiOS/os/ext/CMSIS/include/core_cmFunc.h" 1
 170 0028 83F30988 		MSR psp, r3
 171              	
ARM GAS  /tmp/ccwLHK29.s 			page 4


 172              	@ 0 "" 2
 173              	.LVL12:
 174              		.thumb
 175              		.syntax unified
 176              	.LBE67:
 177              	.LBE66:
 178              		.loc 1 151 0
 179 002c FFF7FEFF 		bl	chSchIsPreemptionRequired
 180              	.LVL13:
 181 0030 18B1     		cbz	r0, .L4
 182              		.loc 1 153 0
 183 0032 054B     		ldr	r3, .L10+4
 184 0034 44F8083C 		str	r3, [r4, #-8]
 185 0038 10BD     		pop	{r4, pc}
 186              	.LVL14:
 187              	.L4:
 188              		.loc 1 158 0
 189 003a 044B     		ldr	r3, .L10+8
 190 003c 44F8083C 		str	r3, [r4, #-8]
 191 0040 10BD     		pop	{r4, pc}
 192              	.LVL15:
 193              	.L11:
 194 0042 00BF     		.align	2
 195              	.L10:
 196 0044 00ED00E0 		.word	-536810240
 197 0048 00000000 		.word	_port_switch_from_isr
 198 004c 00000000 		.word	_port_exit_from_isr
 199              	.LBE63:
 200              		.cfi_endproc
 201              	.LFE228:
 202              		.size	_port_irq_epilogue, .-_port_irq_epilogue
 203              		.text
 204              	.Letext0:
 205              		.file 3 "/usr/arm-none-eabi/include/machine/_default_types.h"
 206              		.file 4 "/usr/arm-none-eabi/include/sys/_stdint.h"
 207              		.file 5 "/home/selim/working/ChibiOS/os/rt/ports/ARMCMx/compilers/GCC/chtypes.h"
 208              		.file 6 "/home/selim/working/ChibiOS/os/rt/include/chsystypes.h"
 209              		.file 7 "/home/selim/working/ChibiOS/os/rt/include/chschd.h"
 210              		.file 8 "/home/selim/working/ChibiOS/os/ext/CMSIS/include/core_cm4.h"
 211              		.file 9 "/home/selim/working/ChibiOS/os/rt/ports/ARMCMx/chcore.h"
 212              		.file 10 "/home/selim/working/ChibiOS/os/rt/ports/ARMCMx/chcore_v7m.h"
 213              		.file 11 "/home/selim/working/ChibiOS/os/rt/include/chtm.h"
 214              		.file 12 "/home/selim/working/ChibiOS/os/rt/include/chsem.h"
 215              		.file 13 "/home/selim/working/ChibiOS/os/rt/include/chmtx.h"
 216              		.section	.debug_info,"",%progbits
 217              	.Ldebug_info0:
 218 0000 610A0000 		.4byte	0xa61
 219 0004 0400     		.2byte	0x4
 220 0006 00000000 		.4byte	.Ldebug_abbrev0
 221 000a 04       		.byte	0x4
 222 000b 01       		.uleb128 0x1
 223 000c C7030000 		.4byte	.LASF133
 224 0010 0C       		.byte	0xc
 225 0011 39010000 		.4byte	.LASF134
 226 0015 00000000 		.4byte	.Ldebug_ranges0+0
 227 0019 00000000 		.4byte	0
 228 001d 00000000 		.4byte	.Ldebug_line0
ARM GAS  /tmp/ccwLHK29.s 			page 5


 229 0021 02       		.uleb128 0x2
 230 0022 04       		.byte	0x4
 231 0023 05       		.byte	0x5
 232 0024 696E7400 		.ascii	"int\000"
 233 0028 03       		.uleb128 0x3
 234 0029 04       		.byte	0x4
 235 002a 07       		.byte	0x7
 236 002b C4010000 		.4byte	.LASF0
 237 002f 03       		.uleb128 0x3
 238 0030 08       		.byte	0x8
 239 0031 05       		.byte	0x5
 240 0032 B6000000 		.4byte	.LASF1
 241 0036 03       		.uleb128 0x3
 242 0037 08       		.byte	0x8
 243 0038 04       		.byte	0x4
 244 0039 CB020000 		.4byte	.LASF2
 245 003d 03       		.uleb128 0x3
 246 003e 01       		.byte	0x1
 247 003f 06       		.byte	0x6
 248 0040 C4000000 		.4byte	.LASF3
 249 0044 04       		.uleb128 0x4
 250 0045 23000000 		.4byte	.LASF7
 251 0049 03       		.byte	0x3
 252 004a 1D       		.byte	0x1d
 253 004b 4F000000 		.4byte	0x4f
 254 004f 03       		.uleb128 0x3
 255 0050 01       		.byte	0x1
 256 0051 08       		.byte	0x8
 257 0052 7E030000 		.4byte	.LASF4
 258 0056 03       		.uleb128 0x3
 259 0057 02       		.byte	0x2
 260 0058 05       		.byte	0x5
 261 0059 A9030000 		.4byte	.LASF5
 262 005d 03       		.uleb128 0x3
 263 005e 02       		.byte	0x2
 264 005f 07       		.byte	0x7
 265 0060 B7040000 		.4byte	.LASF6
 266 0064 04       		.uleb128 0x4
 267 0065 6A020000 		.4byte	.LASF8
 268 0069 03       		.byte	0x3
 269 006a 3F       		.byte	0x3f
 270 006b 6F000000 		.4byte	0x6f
 271 006f 03       		.uleb128 0x3
 272 0070 04       		.byte	0x4
 273 0071 05       		.byte	0x5
 274 0072 FD000000 		.4byte	.LASF9
 275 0076 04       		.uleb128 0x4
 276 0077 91050000 		.4byte	.LASF10
 277 007b 03       		.byte	0x3
 278 007c 41       		.byte	0x41
 279 007d 81000000 		.4byte	0x81
 280 0081 03       		.uleb128 0x3
 281 0082 04       		.byte	0x4
 282 0083 07       		.byte	0x7
 283 0084 37050000 		.4byte	.LASF11
 284 0088 04       		.uleb128 0x4
 285 0089 25030000 		.4byte	.LASF12
ARM GAS  /tmp/ccwLHK29.s 			page 6


 286 008d 03       		.byte	0x3
 287 008e 5B       		.byte	0x5b
 288 008f 93000000 		.4byte	0x93
 289 0093 03       		.uleb128 0x3
 290 0094 08       		.byte	0x8
 291 0095 07       		.byte	0x7
 292 0096 52000000 		.4byte	.LASF13
 293 009a 04       		.uleb128 0x4
 294 009b 26060000 		.4byte	.LASF14
 295 009f 04       		.byte	0x4
 296 00a0 14       		.byte	0x14
 297 00a1 44000000 		.4byte	0x44
 298 00a5 04       		.uleb128 0x4
 299 00a6 76030000 		.4byte	.LASF15
 300 00aa 04       		.byte	0x4
 301 00ab 1F       		.byte	0x1f
 302 00ac 64000000 		.4byte	0x64
 303 00b0 04       		.uleb128 0x4
 304 00b1 06050000 		.4byte	.LASF16
 305 00b5 04       		.byte	0x4
 306 00b6 20       		.byte	0x20
 307 00b7 76000000 		.4byte	0x76
 308 00bb 04       		.uleb128 0x4
 309 00bc 1A000000 		.4byte	.LASF17
 310 00c0 04       		.byte	0x4
 311 00c1 26       		.byte	0x26
 312 00c2 88000000 		.4byte	0x88
 313 00c6 05       		.uleb128 0x5
 314 00c7 9A000000 		.4byte	0x9a
 315 00cb 05       		.uleb128 0x5
 316 00cc A5000000 		.4byte	0xa5
 317 00d0 05       		.uleb128 0x5
 318 00d1 B0000000 		.4byte	0xb0
 319 00d5 04       		.uleb128 0x4
 320 00d6 CF050000 		.4byte	.LASF18
 321 00da 05       		.byte	0x5
 322 00db 46       		.byte	0x46
 323 00dc B0000000 		.4byte	0xb0
 324 00e0 04       		.uleb128 0x4
 325 00e1 39020000 		.4byte	.LASF19
 326 00e5 05       		.byte	0x5
 327 00e6 49       		.byte	0x49
 328 00e7 9A000000 		.4byte	0x9a
 329 00eb 04       		.uleb128 0x4
 330 00ec 06010000 		.4byte	.LASF20
 331 00f0 05       		.byte	0x5
 332 00f1 4A       		.byte	0x4a
 333 00f2 9A000000 		.4byte	0x9a
 334 00f6 04       		.uleb128 0x4
 335 00f7 30030000 		.4byte	.LASF21
 336 00fb 05       		.byte	0x5
 337 00fc 4B       		.byte	0x4b
 338 00fd 9A000000 		.4byte	0x9a
 339 0101 04       		.uleb128 0x4
 340 0102 5E030000 		.4byte	.LASF22
 341 0106 05       		.byte	0x5
 342 0107 4D       		.byte	0x4d
ARM GAS  /tmp/ccwLHK29.s 			page 7


 343 0108 B0000000 		.4byte	0xb0
 344 010c 04       		.uleb128 0x4
 345 010d 0F020000 		.4byte	.LASF23
 346 0111 05       		.byte	0x5
 347 0112 4E       		.byte	0x4e
 348 0113 A5000000 		.4byte	0xa5
 349 0117 04       		.uleb128 0x4
 350 0118 4F020000 		.4byte	.LASF24
 351 011c 05       		.byte	0x5
 352 011d 50       		.byte	0x50
 353 011e B0000000 		.4byte	0xb0
 354 0122 04       		.uleb128 0x4
 355 0123 BE010000 		.4byte	.LASF25
 356 0127 05       		.byte	0x5
 357 0128 52       		.byte	0x52
 358 0129 A5000000 		.4byte	0xa5
 359 012d 04       		.uleb128 0x4
 360 012e 73050000 		.4byte	.LASF26
 361 0132 06       		.byte	0x6
 362 0133 33       		.byte	0x33
 363 0134 B0000000 		.4byte	0xb0
 364 0138 04       		.uleb128 0x4
 365 0139 63050000 		.4byte	.LASF27
 366 013d 06       		.byte	0x6
 367 013e 3F       		.byte	0x3f
 368 013f 43010000 		.4byte	0x143
 369 0143 06       		.uleb128 0x6
 370 0144 00020000 		.4byte	.LASF47
 371 0148 44       		.byte	0x44
 372 0149 07       		.byte	0x7
 373 014a C2       		.byte	0xc2
 374 014b 30020000 		.4byte	0x230
 375 014f 07       		.uleb128 0x7
 376 0150 A8040000 		.4byte	.LASF28
 377 0154 07       		.byte	0x7
 378 0155 C3       		.byte	0xc3
 379 0156 3B020000 		.4byte	0x23b
 380 015a 00       		.byte	0
 381 015b 07       		.uleb128 0x7
 382 015c 57030000 		.4byte	.LASF29
 383 0160 07       		.byte	0x7
 384 0161 C5       		.byte	0xc5
 385 0162 3B020000 		.4byte	0x23b
 386 0166 04       		.byte	0x4
 387 0167 07       		.uleb128 0x7
 388 0168 AA000000 		.4byte	.LASF30
 389 016c 07       		.byte	0x7
 390 016d C7       		.byte	0xc7
 391 016e 01010000 		.4byte	0x101
 392 0172 08       		.byte	0x8
 393 0173 07       		.uleb128 0x7
 394 0174 5C060000 		.4byte	.LASF31
 395 0178 07       		.byte	0x7
 396 0179 C8       		.byte	0xc8
 397 017a 0A060000 		.4byte	0x60a
 398 017e 0C       		.byte	0xc
 399 017f 07       		.uleb128 0x7
ARM GAS  /tmp/ccwLHK29.s 			page 8


 400 0180 29010000 		.4byte	.LASF32
 401 0184 07       		.byte	0x7
 402 0185 CA       		.byte	0xca
 403 0186 3B020000 		.4byte	0x23b
 404 018a 10       		.byte	0x10
 405 018b 07       		.uleb128 0x7
 406 018c E8020000 		.4byte	.LASF33
 407 0190 07       		.byte	0x7
 408 0191 CB       		.byte	0xcb
 409 0192 3B020000 		.4byte	0x23b
 410 0196 14       		.byte	0x14
 411 0197 07       		.uleb128 0x7
 412 0198 35060000 		.4byte	.LASF34
 413 019c 07       		.byte	0x7
 414 019d D2       		.byte	0xd2
 415 019e F1070000 		.4byte	0x7f1
 416 01a2 18       		.byte	0x18
 417 01a3 07       		.uleb128 0x7
 418 01a4 B3030000 		.4byte	.LASF35
 419 01a8 07       		.byte	0x7
 420 01a9 DD       		.byte	0xdd
 421 01aa EB000000 		.4byte	0xeb
 422 01ae 1C       		.byte	0x1c
 423 01af 07       		.uleb128 0x7
 424 01b0 AF040000 		.4byte	.LASF36
 425 01b4 07       		.byte	0x7
 426 01b5 E1       		.byte	0xe1
 427 01b6 E0000000 		.4byte	0xe0
 428 01ba 1D       		.byte	0x1d
 429 01bb 07       		.uleb128 0x7
 430 01bc 14060000 		.4byte	.LASF37
 431 01c0 07       		.byte	0x7
 432 01c1 E6       		.byte	0xe6
 433 01c2 F6000000 		.4byte	0xf6
 434 01c6 1E       		.byte	0x1e
 435 01c7 08       		.uleb128 0x8
 436 01c8 705F7500 		.ascii	"p_u\000"
 437 01cc 07       		.byte	0x7
 438 01cd 3101     		.2byte	0x131
 439 01cf 2C070000 		.4byte	0x72c
 440 01d3 20       		.byte	0x20
 441 01d4 09       		.uleb128 0x9
 442 01d5 8E020000 		.4byte	.LASF38
 443 01d9 07       		.byte	0x7
 444 01da 3601     		.2byte	0x136
 445 01dc 41020000 		.4byte	0x241
 446 01e0 24       		.byte	0x24
 447 01e1 09       		.uleb128 0x9
 448 01e2 EA010000 		.4byte	.LASF39
 449 01e6 07       		.byte	0x7
 450 01e7 3C01     		.2byte	0x13c
 451 01e9 65020000 		.4byte	0x265
 452 01ed 28       		.byte	0x28
 453 01ee 09       		.uleb128 0x9
 454 01ef 3C060000 		.4byte	.LASF40
 455 01f3 07       		.byte	0x7
 456 01f4 4001     		.2byte	0x140
ARM GAS  /tmp/ccwLHK29.s 			page 9


 457 01f6 0C010000 		.4byte	0x10c
 458 01fa 30       		.byte	0x30
 459 01fb 09       		.uleb128 0x9
 460 01fc FB040000 		.4byte	.LASF41
 461 0200 07       		.byte	0x7
 462 0201 4601     		.2byte	0x146
 463 0203 17010000 		.4byte	0x117
 464 0207 34       		.byte	0x34
 465 0208 09       		.uleb128 0x9
 466 0209 9F030000 		.4byte	.LASF42
 467 020d 07       		.byte	0x7
 468 020e 4D01     		.2byte	0x14d
 469 0210 EB070000 		.4byte	0x7eb
 470 0214 38       		.byte	0x38
 471 0215 09       		.uleb128 0x9
 472 0216 7D050000 		.4byte	.LASF43
 473 021a 07       		.byte	0x7
 474 021b 5101     		.2byte	0x151
 475 021d 01010000 		.4byte	0x101
 476 0221 3C       		.byte	0x3c
 477 0222 09       		.uleb128 0x9
 478 0223 D0000000 		.4byte	.LASF44
 479 0227 07       		.byte	0x7
 480 0228 5801     		.2byte	0x158
 481 022a 18030000 		.4byte	0x318
 482 022e 40       		.byte	0x40
 483 022f 00       		.byte	0
 484 0230 04       		.uleb128 0x4
 485 0231 A1020000 		.4byte	.LASF45
 486 0235 06       		.byte	0x6
 487 0236 44       		.byte	0x44
 488 0237 3B020000 		.4byte	0x23b
 489 023b 0A       		.uleb128 0xa
 490 023c 04       		.byte	0x4
 491 023d 38010000 		.4byte	0x138
 492 0241 04       		.uleb128 0x4
 493 0242 7F020000 		.4byte	.LASF46
 494 0246 06       		.byte	0x6
 495 0247 49       		.byte	0x49
 496 0248 4C020000 		.4byte	0x24c
 497 024c 06       		.uleb128 0x6
 498 024d 27050000 		.4byte	.LASF48
 499 0251 04       		.byte	0x4
 500 0252 07       		.byte	0x7
 501 0253 B0       		.byte	0xb0
 502 0254 65020000 		.4byte	0x265
 503 0258 07       		.uleb128 0x7
 504 0259 A8040000 		.4byte	.LASF28
 505 025d 07       		.byte	0x7
 506 025e B1       		.byte	0xb1
 507 025f 3B020000 		.4byte	0x23b
 508 0263 00       		.byte	0
 509 0264 00       		.byte	0
 510 0265 04       		.uleb128 0x4
 511 0266 FB050000 		.4byte	.LASF49
 512 026a 06       		.byte	0x6
 513 026b 50       		.byte	0x50
ARM GAS  /tmp/ccwLHK29.s 			page 10


 514 026c 70020000 		.4byte	0x270
 515 0270 06       		.uleb128 0x6
 516 0271 99000000 		.4byte	.LASF50
 517 0275 08       		.byte	0x8
 518 0276 07       		.byte	0x7
 519 0277 B7       		.byte	0xb7
 520 0278 95020000 		.4byte	0x295
 521 027c 07       		.uleb128 0x7
 522 027d A8040000 		.4byte	.LASF28
 523 0281 07       		.byte	0x7
 524 0282 B8       		.byte	0xb8
 525 0283 3B020000 		.4byte	0x23b
 526 0287 00       		.byte	0
 527 0288 07       		.uleb128 0x7
 528 0289 57030000 		.4byte	.LASF29
 529 028d 07       		.byte	0x7
 530 028e B9       		.byte	0xb9
 531 028f 3B020000 		.4byte	0x23b
 532 0293 04       		.byte	0x4
 533 0294 00       		.byte	0
 534 0295 04       		.uleb128 0x4
 535 0296 00000000 		.4byte	.LASF51
 536 029a 06       		.byte	0x6
 537 029b 57       		.byte	0x57
 538 029c A0020000 		.4byte	0x2a0
 539 02a0 0B       		.uleb128 0xb
 540 02a1 41020000 		.4byte	.LASF52
 541 02a5 1C       		.byte	0x1c
 542 02a6 07       		.byte	0x7
 543 02a7 9001     		.2byte	0x190
 544 02a9 FC020000 		.4byte	0x2fc
 545 02ad 09       		.uleb128 0x9
 546 02ae 16050000 		.4byte	.LASF53
 547 02b2 07       		.byte	0x7
 548 02b3 9101     		.2byte	0x191
 549 02b5 65020000 		.4byte	0x265
 550 02b9 00       		.byte	0
 551 02ba 09       		.uleb128 0x9
 552 02bb C0030000 		.4byte	.LASF54
 553 02bf 07       		.byte	0x7
 554 02c0 9201     		.2byte	0x192
 555 02c2 01010000 		.4byte	0x101
 556 02c6 08       		.byte	0x8
 557 02c7 09       		.uleb128 0x9
 558 02c8 F0020000 		.4byte	.LASF55
 559 02cc 07       		.byte	0x7
 560 02cd 9401     		.2byte	0x194
 561 02cf 0A060000 		.4byte	0x60a
 562 02d3 0C       		.byte	0xc
 563 02d4 09       		.uleb128 0x9
 564 02d5 7F010000 		.4byte	.LASF56
 565 02d9 07       		.byte	0x7
 566 02da 9701     		.2byte	0x197
 567 02dc 3B020000 		.4byte	0x23b
 568 02e0 10       		.byte	0x10
 569 02e1 09       		.uleb128 0x9
 570 02e2 1D030000 		.4byte	.LASF57
ARM GAS  /tmp/ccwLHK29.s 			page 11


 571 02e6 07       		.byte	0x7
 572 02e7 9801     		.2byte	0x198
 573 02e9 3B020000 		.4byte	0x23b
 574 02ed 14       		.byte	0x14
 575 02ee 09       		.uleb128 0x9
 576 02ef 13030000 		.4byte	.LASF58
 577 02f3 07       		.byte	0x7
 578 02f4 9B01     		.2byte	0x19b
 579 02f6 3B020000 		.4byte	0x23b
 580 02fa 18       		.byte	0x18
 581 02fb 00       		.byte	0
 582 02fc 04       		.uleb128 0x4
 583 02fd 88050000 		.4byte	.LASF59
 584 0301 06       		.byte	0x6
 585 0302 5C       		.byte	0x5c
 586 0303 07030000 		.4byte	0x307
 587 0307 0A       		.uleb128 0xa
 588 0308 04       		.byte	0x4
 589 0309 0D030000 		.4byte	0x30d
 590 030d 0C       		.uleb128 0xc
 591 030e 18030000 		.4byte	0x318
 592 0312 0D       		.uleb128 0xd
 593 0313 18030000 		.4byte	0x318
 594 0317 00       		.byte	0
 595 0318 0E       		.uleb128 0xe
 596 0319 04       		.byte	0x4
 597 031a 04       		.uleb128 0x4
 598 031b 47030000 		.4byte	.LASF60
 599 031f 06       		.byte	0x6
 600 0320 61       		.byte	0x61
 601 0321 25030000 		.4byte	0x325
 602 0325 0B       		.uleb128 0xb
 603 0326 DD040000 		.4byte	.LASF61
 604 032a 14       		.byte	0x14
 605 032b 07       		.byte	0x7
 606 032c 6B01     		.2byte	0x16b
 607 032e 74030000 		.4byte	0x374
 608 0332 09       		.uleb128 0x9
 609 0333 DB010000 		.4byte	.LASF62
 610 0337 07       		.byte	0x7
 611 0338 6C01     		.2byte	0x16c
 612 033a 03080000 		.4byte	0x803
 613 033e 00       		.byte	0
 614 033f 09       		.uleb128 0x9
 615 0340 90010000 		.4byte	.LASF63
 616 0344 07       		.byte	0x7
 617 0345 6D01     		.2byte	0x16d
 618 0347 03080000 		.4byte	0x803
 619 034b 04       		.byte	0x4
 620 034c 09       		.uleb128 0x9
 621 034d 1E050000 		.4byte	.LASF64
 622 0351 07       		.byte	0x7
 623 0352 6E01     		.2byte	0x16e
 624 0354 2D010000 		.4byte	0x12d
 625 0358 08       		.byte	0x8
 626 0359 09       		.uleb128 0x9
 627 035a 62060000 		.4byte	.LASF65
ARM GAS  /tmp/ccwLHK29.s 			page 12


 628 035e 07       		.byte	0x7
 629 035f 6F01     		.2byte	0x16f
 630 0361 FC020000 		.4byte	0x2fc
 631 0365 0C       		.byte	0xc
 632 0366 09       		.uleb128 0x9
 633 0367 F4050000 		.4byte	.LASF66
 634 036b 07       		.byte	0x7
 635 036c 7101     		.2byte	0x171
 636 036e 18030000 		.4byte	0x318
 637 0372 10       		.byte	0x10
 638 0373 00       		.byte	0
 639 0374 04       		.uleb128 0x4
 640 0375 7D000000 		.4byte	.LASF67
 641 0379 06       		.byte	0x6
 642 037a 66       		.byte	0x66
 643 037b 7F030000 		.4byte	0x37f
 644 037f 0B       		.uleb128 0xb
 645 0380 B4020000 		.4byte	.LASF68
 646 0384 10       		.byte	0x10
 647 0385 07       		.byte	0x7
 648 0386 7B01     		.2byte	0x17b
 649 0388 C1030000 		.4byte	0x3c1
 650 038c 09       		.uleb128 0x9
 651 038d DB010000 		.4byte	.LASF62
 652 0391 07       		.byte	0x7
 653 0392 7C01     		.2byte	0x17c
 654 0394 03080000 		.4byte	0x803
 655 0398 00       		.byte	0
 656 0399 09       		.uleb128 0x9
 657 039a 90010000 		.4byte	.LASF63
 658 039e 07       		.byte	0x7
 659 039f 7E01     		.2byte	0x17e
 660 03a1 03080000 		.4byte	0x803
 661 03a5 04       		.byte	0x4
 662 03a6 09       		.uleb128 0x9
 663 03a7 1E050000 		.4byte	.LASF64
 664 03ab 07       		.byte	0x7
 665 03ac 8001     		.2byte	0x180
 666 03ae 2D010000 		.4byte	0x12d
 667 03b2 08       		.byte	0x8
 668 03b3 09       		.uleb128 0x9
 669 03b4 DC020000 		.4byte	.LASF69
 670 03b8 07       		.byte	0x7
 671 03b9 8801     		.2byte	0x188
 672 03bb 2D010000 		.4byte	0x12d
 673 03bf 0C       		.byte	0xc
 674 03c0 00       		.byte	0
 675 03c1 04       		.uleb128 0x4
 676 03c2 39000000 		.4byte	.LASF70
 677 03c6 06       		.byte	0x6
 678 03c7 6B       		.byte	0x6b
 679 03c8 CC030000 		.4byte	0x3cc
 680 03cc 0B       		.uleb128 0xb
 681 03cd 66030000 		.4byte	.LASF71
 682 03d1 04       		.byte	0x4
 683 03d2 07       		.byte	0x7
 684 03d3 A201     		.2byte	0x1a2
ARM GAS  /tmp/ccwLHK29.s 			page 13


 685 03d5 E7030000 		.4byte	0x3e7
 686 03d9 09       		.uleb128 0x9
 687 03da AA050000 		.4byte	.LASF72
 688 03de 07       		.byte	0x7
 689 03df AA01     		.2byte	0x1aa
 690 03e1 09080000 		.4byte	0x809
 691 03e5 00       		.byte	0
 692 03e6 00       		.byte	0
 693 03e7 04       		.uleb128 0x4
 694 03e8 C3050000 		.4byte	.LASF73
 695 03ec 06       		.byte	0x6
 696 03ed 70       		.byte	0x70
 697 03ee F2030000 		.4byte	0x3f2
 698 03f2 0F       		.uleb128 0xf
 699 03f3 F3000000 		.4byte	.LASF74
 700 03f7 5001     		.2byte	0x150
 701 03f9 07       		.byte	0x7
 702 03fa C201     		.2byte	0x1c2
 703 03fc 4E040000 		.4byte	0x44e
 704 0400 09       		.uleb128 0x9
 705 0401 20060000 		.4byte	.LASF75
 706 0405 07       		.byte	0x7
 707 0406 C601     		.2byte	0x1c6
 708 0408 95020000 		.4byte	0x295
 709 040c 00       		.byte	0
 710 040d 09       		.uleb128 0x9
 711 040e E0000000 		.4byte	.LASF76
 712 0412 07       		.byte	0x7
 713 0413 CA01     		.2byte	0x1ca
 714 0415 74030000 		.4byte	0x374
 715 0419 1C       		.byte	0x1c
 716 041a 08       		.uleb128 0x8
 717 041b 64626700 		.ascii	"dbg\000"
 718 041f 07       		.byte	0x7
 719 0420 CE01     		.2byte	0x1ce
 720 0422 C1030000 		.4byte	0x3c1
 721 0426 2C       		.byte	0x2c
 722 0427 09       		.uleb128 0x9
 723 0428 72000000 		.4byte	.LASF77
 724 042c 07       		.byte	0x7
 725 042d D201     		.2byte	0x1d2
 726 042f 38010000 		.4byte	0x138
 727 0433 30       		.byte	0x30
 728 0434 08       		.uleb128 0x8
 729 0435 746D00   		.ascii	"tm\000"
 730 0438 07       		.byte	0x7
 731 0439 D701     		.2byte	0x1d7
 732 043b 21070000 		.4byte	0x721
 733 043f 74       		.byte	0x74
 734 0440 09       		.uleb128 0x9
 735 0441 AF010000 		.4byte	.LASF78
 736 0445 07       		.byte	0x7
 737 0446 E301     		.2byte	0x1e3
 738 0448 0E080000 		.4byte	0x80e
 739 044c 78       		.byte	0x78
 740 044d 00       		.byte	0
 741 044e 03       		.uleb128 0x3
ARM GAS  /tmp/ccwLHK29.s 			page 14


 742 044f 04       		.byte	0x4
 743 0450 07       		.byte	0x7
 744 0451 98020000 		.4byte	.LASF79
 745 0455 10       		.uleb128 0x10
 746 0456 8C       		.byte	0x8c
 747 0457 08       		.byte	0x8
 748 0458 7001     		.2byte	0x170
 749 045a 70050000 		.4byte	0x570
 750 045e 09       		.uleb128 0x9
 751 045f 93000000 		.4byte	.LASF80
 752 0463 08       		.byte	0x8
 753 0464 7201     		.2byte	0x172
 754 0466 70050000 		.4byte	0x570
 755 046a 00       		.byte	0
 756 046b 09       		.uleb128 0x9
 757 046c 0A020000 		.4byte	.LASF81
 758 0470 08       		.byte	0x8
 759 0471 7301     		.2byte	0x173
 760 0473 D0000000 		.4byte	0xd0
 761 0477 04       		.byte	0x4
 762 0478 09       		.uleb128 0x9
 763 0479 F5010000 		.4byte	.LASF82
 764 047d 08       		.byte	0x8
 765 047e 7401     		.2byte	0x174
 766 0480 D0000000 		.4byte	0xd0
 767 0484 08       		.byte	0x8
 768 0485 09       		.uleb128 0x9
 769 0486 15020000 		.4byte	.LASF83
 770 048a 08       		.byte	0x8
 771 048b 7501     		.2byte	0x175
 772 048d D0000000 		.4byte	0xd0
 773 0491 0C       		.byte	0xc
 774 0492 08       		.uleb128 0x8
 775 0493 53435200 		.ascii	"SCR\000"
 776 0497 08       		.byte	0x8
 777 0498 7601     		.2byte	0x176
 778 049a D0000000 		.4byte	0xd0
 779 049e 10       		.byte	0x10
 780 049f 08       		.uleb128 0x8
 781 04a0 43435200 		.ascii	"CCR\000"
 782 04a4 08       		.byte	0x8
 783 04a5 7701     		.2byte	0x177
 784 04a7 D0000000 		.4byte	0xd0
 785 04ab 14       		.byte	0x14
 786 04ac 08       		.uleb128 0x8
 787 04ad 53485000 		.ascii	"SHP\000"
 788 04b1 08       		.byte	0x8
 789 04b2 7801     		.2byte	0x178
 790 04b4 85050000 		.4byte	0x585
 791 04b8 18       		.byte	0x18
 792 04b9 09       		.uleb128 0x9
 793 04ba 8C030000 		.4byte	.LASF84
 794 04be 08       		.byte	0x8
 795 04bf 7901     		.2byte	0x179
 796 04c1 D0000000 		.4byte	0xd0
 797 04c5 24       		.byte	0x24
 798 04c6 09       		.uleb128 0x9
ARM GAS  /tmp/ccwLHK29.s 			page 15


 799 04c7 D7020000 		.4byte	.LASF85
 800 04cb 08       		.byte	0x8
 801 04cc 7A01     		.2byte	0x17a
 802 04ce D0000000 		.4byte	0xd0
 803 04d2 28       		.byte	0x28
 804 04d3 09       		.uleb128 0x9
 805 04d4 48060000 		.4byte	.LASF86
 806 04d8 08       		.byte	0x8
 807 04d9 7B01     		.2byte	0x17b
 808 04db D0000000 		.4byte	0xd0
 809 04df 2C       		.byte	0x2c
 810 04e0 09       		.uleb128 0x9
 811 04e1 1B020000 		.4byte	.LASF87
 812 04e5 08       		.byte	0x8
 813 04e6 7C01     		.2byte	0x17c
 814 04e8 D0000000 		.4byte	0xd0
 815 04ec 30       		.byte	0x30
 816 04ed 09       		.uleb128 0x9
 817 04ee 20020000 		.4byte	.LASF88
 818 04f2 08       		.byte	0x8
 819 04f3 7D01     		.2byte	0x17d
 820 04f5 D0000000 		.4byte	0xd0
 821 04f9 34       		.byte	0x34
 822 04fa 09       		.uleb128 0x9
 823 04fb 75010000 		.4byte	.LASF89
 824 04ff 08       		.byte	0x8
 825 0500 7E01     		.2byte	0x17e
 826 0502 D0000000 		.4byte	0xd0
 827 0506 38       		.byte	0x38
 828 0507 09       		.uleb128 0x9
 829 0508 7A010000 		.4byte	.LASF90
 830 050c 08       		.byte	0x8
 831 050d 7F01     		.2byte	0x17f
 832 050f D0000000 		.4byte	0xd0
 833 0513 3C       		.byte	0x3c
 834 0514 08       		.uleb128 0x8
 835 0515 50465200 		.ascii	"PFR\000"
 836 0519 08       		.byte	0x8
 837 051a 8001     		.2byte	0x180
 838 051c 9F050000 		.4byte	0x59f
 839 0520 40       		.byte	0x40
 840 0521 08       		.uleb128 0x8
 841 0522 44465200 		.ascii	"DFR\000"
 842 0526 08       		.byte	0x8
 843 0527 8101     		.2byte	0x181
 844 0529 70050000 		.4byte	0x570
 845 052d 48       		.byte	0x48
 846 052e 08       		.uleb128 0x8
 847 052f 41445200 		.ascii	"ADR\000"
 848 0533 08       		.byte	0x8
 849 0534 8201     		.2byte	0x182
 850 0536 70050000 		.4byte	0x570
 851 053a 4C       		.byte	0x4c
 852 053b 09       		.uleb128 0x9
 853 053c 1B060000 		.4byte	.LASF91
 854 0540 08       		.byte	0x8
 855 0541 8301     		.2byte	0x183
ARM GAS  /tmp/ccwLHK29.s 			page 16


 856 0543 B9050000 		.4byte	0x5b9
 857 0547 50       		.byte	0x50
 858 0548 09       		.uleb128 0x9
 859 0549 B1000000 		.4byte	.LASF92
 860 054d 08       		.byte	0x8
 861 054e 8401     		.2byte	0x184
 862 0550 D3050000 		.4byte	0x5d3
 863 0554 60       		.byte	0x60
 864 0555 09       		.uleb128 0x9
 865 0556 38030000 		.4byte	.LASF93
 866 055a 08       		.byte	0x8
 867 055b 8501     		.2byte	0x185
 868 055d D8050000 		.4byte	0x5d8
 869 0561 74       		.byte	0x74
 870 0562 09       		.uleb128 0x9
 871 0563 42060000 		.4byte	.LASF94
 872 0567 08       		.byte	0x8
 873 0568 8601     		.2byte	0x186
 874 056a D0000000 		.4byte	0xd0
 875 056e 88       		.byte	0x88
 876 056f 00       		.byte	0
 877 0570 11       		.uleb128 0x11
 878 0571 D0000000 		.4byte	0xd0
 879 0575 12       		.uleb128 0x12
 880 0576 C6000000 		.4byte	0xc6
 881 057a 85050000 		.4byte	0x585
 882 057e 13       		.uleb128 0x13
 883 057f 4E040000 		.4byte	0x44e
 884 0583 0B       		.byte	0xb
 885 0584 00       		.byte	0
 886 0585 05       		.uleb128 0x5
 887 0586 75050000 		.4byte	0x575
 888 058a 12       		.uleb128 0x12
 889 058b 70050000 		.4byte	0x570
 890 058f 9A050000 		.4byte	0x59a
 891 0593 13       		.uleb128 0x13
 892 0594 4E040000 		.4byte	0x44e
 893 0598 01       		.byte	0x1
 894 0599 00       		.byte	0
 895 059a 05       		.uleb128 0x5
 896 059b 8A050000 		.4byte	0x58a
 897 059f 11       		.uleb128 0x11
 898 05a0 9A050000 		.4byte	0x59a
 899 05a4 12       		.uleb128 0x12
 900 05a5 70050000 		.4byte	0x570
 901 05a9 B4050000 		.4byte	0x5b4
 902 05ad 13       		.uleb128 0x13
 903 05ae 4E040000 		.4byte	0x44e
 904 05b2 03       		.byte	0x3
 905 05b3 00       		.byte	0
 906 05b4 05       		.uleb128 0x5
 907 05b5 A4050000 		.4byte	0x5a4
 908 05b9 11       		.uleb128 0x11
 909 05ba B4050000 		.4byte	0x5b4
 910 05be 12       		.uleb128 0x12
 911 05bf 70050000 		.4byte	0x570
 912 05c3 CE050000 		.4byte	0x5ce
ARM GAS  /tmp/ccwLHK29.s 			page 17


 913 05c7 13       		.uleb128 0x13
 914 05c8 4E040000 		.4byte	0x44e
 915 05cc 04       		.byte	0x4
 916 05cd 00       		.byte	0
 917 05ce 05       		.uleb128 0x5
 918 05cf BE050000 		.4byte	0x5be
 919 05d3 11       		.uleb128 0x11
 920 05d4 CE050000 		.4byte	0x5ce
 921 05d8 12       		.uleb128 0x12
 922 05d9 B0000000 		.4byte	0xb0
 923 05dd E8050000 		.4byte	0x5e8
 924 05e1 13       		.uleb128 0x13
 925 05e2 4E040000 		.4byte	0x44e
 926 05e6 04       		.byte	0x4
 927 05e7 00       		.byte	0
 928 05e8 14       		.uleb128 0x14
 929 05e9 98010000 		.4byte	.LASF95
 930 05ed 08       		.byte	0x8
 931 05ee 8701     		.2byte	0x187
 932 05f0 55040000 		.4byte	0x455
 933 05f4 04       		.uleb128 0x4
 934 05f5 87010000 		.4byte	.LASF96
 935 05f9 09       		.byte	0x9
 936 05fa 65       		.byte	0x65
 937 05fb 18030000 		.4byte	0x318
 938 05ff 04       		.uleb128 0x4
 939 0600 74020000 		.4byte	.LASF97
 940 0604 09       		.byte	0x9
 941 0605 6D       		.byte	0x6d
 942 0606 BB000000 		.4byte	0xbb
 943 060a 06       		.uleb128 0x6
 944 060b BB050000 		.4byte	.LASF98
 945 060f 04       		.byte	0x4
 946 0610 09       		.byte	0x9
 947 0611 89       		.byte	0x89
 948 0612 23060000 		.4byte	0x623
 949 0616 15       		.uleb128 0x15
 950 0617 72313300 		.ascii	"r13\000"
 951 061b 09       		.byte	0x9
 952 061c 8A       		.byte	0x8a
 953 061d 9E060000 		.4byte	0x69e
 954 0621 00       		.byte	0
 955 0622 00       		.byte	0
 956 0623 06       		.uleb128 0x6
 957 0624 2D000000 		.4byte	.LASF99
 958 0628 24       		.byte	0x24
 959 0629 0A       		.byte	0xa
 960 062a F4       		.byte	0xf4
 961 062b 9E060000 		.4byte	0x69e
 962 062f 08       		.uleb128 0x8
 963 0630 723400   		.ascii	"r4\000"
 964 0633 0A       		.byte	0xa
 965 0634 0701     		.2byte	0x107
 966 0636 F4050000 		.4byte	0x5f4
 967 063a 00       		.byte	0
 968 063b 08       		.uleb128 0x8
 969 063c 723500   		.ascii	"r5\000"
ARM GAS  /tmp/ccwLHK29.s 			page 18


 970 063f 0A       		.byte	0xa
 971 0640 0801     		.2byte	0x108
 972 0642 F4050000 		.4byte	0x5f4
 973 0646 04       		.byte	0x4
 974 0647 08       		.uleb128 0x8
 975 0648 723600   		.ascii	"r6\000"
 976 064b 0A       		.byte	0xa
 977 064c 0901     		.2byte	0x109
 978 064e F4050000 		.4byte	0x5f4
 979 0652 08       		.byte	0x8
 980 0653 08       		.uleb128 0x8
 981 0654 723700   		.ascii	"r7\000"
 982 0657 0A       		.byte	0xa
 983 0658 0A01     		.2byte	0x10a
 984 065a F4050000 		.4byte	0x5f4
 985 065e 0C       		.byte	0xc
 986 065f 08       		.uleb128 0x8
 987 0660 723800   		.ascii	"r8\000"
 988 0663 0A       		.byte	0xa
 989 0664 0B01     		.2byte	0x10b
 990 0666 F4050000 		.4byte	0x5f4
 991 066a 10       		.byte	0x10
 992 066b 08       		.uleb128 0x8
 993 066c 723900   		.ascii	"r9\000"
 994 066f 0A       		.byte	0xa
 995 0670 0C01     		.2byte	0x10c
 996 0672 F4050000 		.4byte	0x5f4
 997 0676 14       		.byte	0x14
 998 0677 08       		.uleb128 0x8
 999 0678 72313000 		.ascii	"r10\000"
 1000 067c 0A       		.byte	0xa
 1001 067d 0D01     		.2byte	0x10d
 1002 067f F4050000 		.4byte	0x5f4
 1003 0683 18       		.byte	0x18
 1004 0684 08       		.uleb128 0x8
 1005 0685 72313100 		.ascii	"r11\000"
 1006 0689 0A       		.byte	0xa
 1007 068a 0E01     		.2byte	0x10e
 1008 068c F4050000 		.4byte	0x5f4
 1009 0690 1C       		.byte	0x1c
 1010 0691 08       		.uleb128 0x8
 1011 0692 6C7200   		.ascii	"lr\000"
 1012 0695 0A       		.byte	0xa
 1013 0696 0F01     		.2byte	0x10f
 1014 0698 F4050000 		.4byte	0x5f4
 1015 069c 20       		.byte	0x20
 1016 069d 00       		.byte	0
 1017 069e 0A       		.uleb128 0xa
 1018 069f 04       		.byte	0x4
 1019 06a0 23060000 		.4byte	0x623
 1020 06a4 06       		.uleb128 0x6
 1021 06a5 F6020000 		.4byte	.LASF100
 1022 06a9 20       		.byte	0x20
 1023 06aa 0A       		.byte	0xa
 1024 06ab D5       		.byte	0xd5
 1025 06ac 0C070000 		.4byte	0x70c
 1026 06b0 15       		.uleb128 0x15
ARM GAS  /tmp/ccwLHK29.s 			page 19


 1027 06b1 723000   		.ascii	"r0\000"
 1028 06b4 0A       		.byte	0xa
 1029 06b5 D6       		.byte	0xd6
 1030 06b6 F4050000 		.4byte	0x5f4
 1031 06ba 00       		.byte	0
 1032 06bb 15       		.uleb128 0x15
 1033 06bc 723100   		.ascii	"r1\000"
 1034 06bf 0A       		.byte	0xa
 1035 06c0 D7       		.byte	0xd7
 1036 06c1 F4050000 		.4byte	0x5f4
 1037 06c5 04       		.byte	0x4
 1038 06c6 15       		.uleb128 0x15
 1039 06c7 723200   		.ascii	"r2\000"
 1040 06ca 0A       		.byte	0xa
 1041 06cb D8       		.byte	0xd8
 1042 06cc F4050000 		.4byte	0x5f4
 1043 06d0 08       		.byte	0x8
 1044 06d1 15       		.uleb128 0x15
 1045 06d2 723300   		.ascii	"r3\000"
 1046 06d5 0A       		.byte	0xa
 1047 06d6 D9       		.byte	0xd9
 1048 06d7 F4050000 		.4byte	0x5f4
 1049 06db 0C       		.byte	0xc
 1050 06dc 15       		.uleb128 0x15
 1051 06dd 72313200 		.ascii	"r12\000"
 1052 06e1 0A       		.byte	0xa
 1053 06e2 DA       		.byte	0xda
 1054 06e3 F4050000 		.4byte	0x5f4
 1055 06e7 10       		.byte	0x10
 1056 06e8 07       		.uleb128 0x7
 1057 06e9 CA040000 		.4byte	.LASF101
 1058 06ed 0A       		.byte	0xa
 1059 06ee DB       		.byte	0xdb
 1060 06ef F4050000 		.4byte	0x5f4
 1061 06f3 14       		.byte	0x14
 1062 06f4 15       		.uleb128 0x15
 1063 06f5 706300   		.ascii	"pc\000"
 1064 06f8 0A       		.byte	0xa
 1065 06f9 DC       		.byte	0xdc
 1066 06fa F4050000 		.4byte	0x5f4
 1067 06fe 18       		.byte	0x18
 1068 06ff 07       		.uleb128 0x7
 1069 0700 BB030000 		.4byte	.LASF102
 1070 0704 0A       		.byte	0xa
 1071 0705 DD       		.byte	0xdd
 1072 0706 F4050000 		.4byte	0x5f4
 1073 070a 1C       		.byte	0x1c
 1074 070b 00       		.byte	0
 1075 070c 16       		.uleb128 0x16
 1076 070d 04       		.byte	0x4
 1077 070e 0B       		.byte	0xb
 1078 070f 38       		.byte	0x38
 1079 0710 21070000 		.4byte	0x721
 1080 0714 07       		.uleb128 0x7
 1081 0715 B4050000 		.4byte	.LASF103
 1082 0719 0B       		.byte	0xb
 1083 071a 3C       		.byte	0x3c
ARM GAS  /tmp/ccwLHK29.s 			page 20


 1084 071b D5000000 		.4byte	0xd5
 1085 071f 00       		.byte	0
 1086 0720 00       		.byte	0
 1087 0721 04       		.uleb128 0x4
 1088 0722 02030000 		.4byte	.LASF104
 1089 0726 0B       		.byte	0xb
 1090 0727 3D       		.byte	0x3d
 1091 0728 0C070000 		.4byte	0x70c
 1092 072c 17       		.uleb128 0x17
 1093 072d 04       		.byte	0x4
 1094 072e 07       		.byte	0x7
 1095 072f FA       		.byte	0xfa
 1096 0730 89070000 		.4byte	0x789
 1097 0734 18       		.uleb128 0x18
 1098 0735 13000000 		.4byte	.LASF105
 1099 0739 07       		.byte	0x7
 1100 073a 0101     		.2byte	0x101
 1101 073c 0C010000 		.4byte	0x10c
 1102 0740 18       		.uleb128 0x18
 1103 0741 69000000 		.4byte	.LASF106
 1104 0745 07       		.byte	0x7
 1105 0746 0801     		.2byte	0x108
 1106 0748 0C010000 		.4byte	0x10c
 1107 074c 18       		.uleb128 0x18
 1108 074d 2E060000 		.4byte	.LASF107
 1109 0751 07       		.byte	0x7
 1110 0752 0F01     		.2byte	0x10f
 1111 0754 18030000 		.4byte	0x318
 1112 0758 18       		.uleb128 0x18
 1113 0759 0D000000 		.4byte	.LASF108
 1114 075d 07       		.byte	0x7
 1115 075e 1601     		.2byte	0x116
 1116 0760 89070000 		.4byte	0x789
 1117 0764 18       		.uleb128 0x18
 1118 0765 E3010000 		.4byte	.LASF109
 1119 0769 07       		.byte	0x7
 1120 076a 1E01     		.2byte	0x11e
 1121 076c B4070000 		.4byte	0x7b4
 1122 0770 18       		.uleb128 0x18
 1123 0771 0F050000 		.4byte	.LASF110
 1124 0775 07       		.byte	0x7
 1125 0776 2701     		.2byte	0x127
 1126 0778 EB070000 		.4byte	0x7eb
 1127 077c 18       		.uleb128 0x18
 1128 077d A1040000 		.4byte	.LASF111
 1129 0781 07       		.byte	0x7
 1130 0782 2F01     		.2byte	0x12f
 1131 0784 17010000 		.4byte	0x117
 1132 0788 00       		.byte	0
 1133 0789 0A       		.uleb128 0xa
 1134 078a 04       		.byte	0x4
 1135 078b 30020000 		.4byte	0x230
 1136 078f 06       		.uleb128 0x6
 1137 0790 EE040000 		.4byte	.LASF112
 1138 0794 0C       		.byte	0xc
 1139 0795 0C       		.byte	0xc
 1140 0796 34       		.byte	0x34
ARM GAS  /tmp/ccwLHK29.s 			page 21


 1141 0797 B4070000 		.4byte	0x7b4
 1142 079b 07       		.uleb128 0x7
 1143 079c 31010000 		.4byte	.LASF113
 1144 07a0 0C       		.byte	0xc
 1145 07a1 35       		.byte	0x35
 1146 07a2 65020000 		.4byte	0x265
 1147 07a6 00       		.byte	0
 1148 07a7 07       		.uleb128 0x7
 1149 07a8 FA010000 		.4byte	.LASF114
 1150 07ac 0C       		.byte	0xc
 1151 07ad 37       		.byte	0x37
 1152 07ae 22010000 		.4byte	0x122
 1153 07b2 08       		.byte	0x8
 1154 07b3 00       		.byte	0
 1155 07b4 0A       		.uleb128 0xa
 1156 07b5 04       		.byte	0x4
 1157 07b6 8F070000 		.4byte	0x78f
 1158 07ba 06       		.uleb128 0x6
 1159 07bb 0B060000 		.4byte	.LASF115
 1160 07bf 10       		.byte	0x10
 1161 07c0 0D       		.byte	0xd
 1162 07c1 39       		.byte	0x39
 1163 07c2 EB070000 		.4byte	0x7eb
 1164 07c6 07       		.uleb128 0x7
 1165 07c7 D8000000 		.4byte	.LASF116
 1166 07cb 0D       		.byte	0xd
 1167 07cc 3A       		.byte	0x3a
 1168 07cd 65020000 		.4byte	0x265
 1169 07d1 00       		.byte	0
 1170 07d2 07       		.uleb128 0x7
 1171 07d3 4D060000 		.4byte	.LASF117
 1172 07d7 0D       		.byte	0xd
 1173 07d8 3C       		.byte	0x3c
 1174 07d9 3B020000 		.4byte	0x23b
 1175 07dd 08       		.byte	0x8
 1176 07de 07       		.uleb128 0x7
 1177 07df 6C050000 		.4byte	.LASF118
 1178 07e3 0D       		.byte	0xd
 1179 07e4 3E       		.byte	0x3e
 1180 07e5 29080000 		.4byte	0x829
 1181 07e9 0C       		.byte	0xc
 1182 07ea 00       		.byte	0
 1183 07eb 0A       		.uleb128 0xa
 1184 07ec 04       		.byte	0x4
 1185 07ed BA070000 		.4byte	0x7ba
 1186 07f1 0A       		.uleb128 0xa
 1187 07f2 04       		.byte	0x4
 1188 07f3 FE070000 		.4byte	0x7fe
 1189 07f7 03       		.uleb128 0x3
 1190 07f8 01       		.byte	0x1
 1191 07f9 08       		.byte	0x8
 1192 07fa 49050000 		.4byte	.LASF119
 1193 07fe 11       		.uleb128 0x11
 1194 07ff F7070000 		.4byte	0x7f7
 1195 0803 0A       		.uleb128 0xa
 1196 0804 04       		.byte	0x4
 1197 0805 1A030000 		.4byte	0x31a
ARM GAS  /tmp/ccwLHK29.s 			page 22


 1198 0809 05       		.uleb128 0x5
 1199 080a F1070000 		.4byte	0x7f1
 1200 080e 12       		.uleb128 0x12
 1201 080f FF050000 		.4byte	0x5ff
 1202 0813 1E080000 		.4byte	0x81e
 1203 0817 13       		.uleb128 0x13
 1204 0818 4E040000 		.4byte	0x44e
 1205 081c 1A       		.byte	0x1a
 1206 081d 00       		.byte	0
 1207 081e 04       		.uleb128 0x4
 1208 081f A1010000 		.4byte	.LASF120
 1209 0823 0D       		.byte	0xd
 1210 0824 34       		.byte	0x34
 1211 0825 BA070000 		.4byte	0x7ba
 1212 0829 0A       		.uleb128 0xa
 1213 082a 04       		.byte	0x4
 1214 082b 1E080000 		.4byte	0x81e
 1215 082f 19       		.uleb128 0x19
 1216 0830 9C050000 		.4byte	.LASF123
 1217 0834 02       		.byte	0x2
 1218 0835 2002     		.2byte	0x220
 1219 0837 03       		.byte	0x3
 1220 0838 49080000 		.4byte	0x849
 1221 083c 1A       		.uleb128 0x1a
 1222 083d A9010000 		.4byte	.LASF125
 1223 0841 02       		.byte	0x2
 1224 0842 2002     		.2byte	0x220
 1225 0844 B0000000 		.4byte	0xb0
 1226 0848 00       		.byte	0
 1227 0849 1B       		.uleb128 0x1b
 1228 084a 48000000 		.4byte	.LASF121
 1229 084e 0A       		.byte	0xa
 1230 084f BC01     		.2byte	0x1bc
 1231 0851 03       		.byte	0x3
 1232 0852 1B       		.uleb128 0x1b
 1233 0853 E7000000 		.4byte	.LASF122
 1234 0857 0A       		.byte	0xa
 1235 0858 CA01     		.2byte	0x1ca
 1236 085a 03       		.byte	0x3
 1237 085b 19       		.uleb128 0x19
 1238 085c D1010000 		.4byte	.LASF124
 1239 0860 02       		.byte	0x2
 1240 0861 B701     		.2byte	0x1b7
 1241 0863 03       		.byte	0x3
 1242 0864 75080000 		.4byte	0x875
 1243 0868 1A       		.uleb128 0x1a
 1244 0869 5B020000 		.4byte	.LASF126
 1245 086d 02       		.byte	0x2
 1246 086e B701     		.2byte	0x1b7
 1247 0870 B0000000 		.4byte	0xb0
 1248 0874 00       		.byte	0
 1249 0875 1C       		.uleb128 0x1c
 1250 0876 EA050000 		.4byte	.LASF135
 1251 087a 02       		.byte	0x2
 1252 087b A801     		.2byte	0x1a8
 1253 087d B0000000 		.4byte	0xb0
 1254 0881 03       		.byte	0x3
ARM GAS  /tmp/ccwLHK29.s 			page 23


 1255 0882 93080000 		.4byte	0x893
 1256 0886 1D       		.uleb128 0x1d
 1257 0887 55060000 		.4byte	.LASF136
 1258 088b 02       		.byte	0x2
 1259 088c AA01     		.2byte	0x1aa
 1260 088e B0000000 		.4byte	0xb0
 1261 0892 00       		.byte	0
 1262 0893 1B       		.uleb128 0x1b
 1263 0894 4E050000 		.4byte	.LASF127
 1264 0898 0A       		.byte	0xa
 1265 0899 E401     		.2byte	0x1e4
 1266 089b 03       		.byte	0x3
 1267 089c 1B       		.uleb128 0x1b
 1268 089d D7050000 		.4byte	.LASF128
 1269 08a1 0A       		.byte	0xa
 1270 08a2 D901     		.2byte	0x1d9
 1271 08a4 03       		.byte	0x3
 1272 08a5 1E       		.uleb128 0x1e
 1273 08a6 D1040000 		.4byte	.LASF129
 1274 08aa 01       		.byte	0x1
 1275 08ab 3E       		.byte	0x3e
 1276 08ac 00000000 		.4byte	.LFB227
 1277 08b0 12000000 		.4byte	.LFE227-.LFB227
 1278 08b4 01       		.uleb128 0x1
 1279 08b5 9C       		.byte	0x9c
 1280 08b6 45090000 		.4byte	0x945
 1281 08ba 1F       		.uleb128 0x1f
 1282 08bb 42030000 		.4byte	.LASF131
 1283 08bf 01       		.byte	0x1
 1284 08c0 40       		.byte	0x40
 1285 08c1 45090000 		.4byte	0x945
 1286 08c5 00000000 		.4byte	.LLST0
 1287 08c9 20       		.uleb128 0x20
 1288 08ca 75080000 		.4byte	0x875
 1289 08ce 00000000 		.4byte	.LBB47
 1290 08d2 04000000 		.4byte	.LBE47-.LBB47
 1291 08d6 01       		.byte	0x1
 1292 08d7 48       		.byte	0x48
 1293 08d8 EC080000 		.4byte	0x8ec
 1294 08dc 21       		.uleb128 0x21
 1295 08dd 00000000 		.4byte	.LBB48
 1296 08e1 04000000 		.4byte	.LBE48-.LBB48
 1297 08e5 22       		.uleb128 0x22
 1298 08e6 86080000 		.4byte	0x886
 1299 08ea 00       		.byte	0
 1300 08eb 00       		.byte	0
 1301 08ec 20       		.uleb128 0x20
 1302 08ed 5B080000 		.4byte	0x85b
 1303 08f1 04000000 		.4byte	.LBB49
 1304 08f5 06000000 		.4byte	.LBE49-.LBB49
 1305 08f9 01       		.byte	0x1
 1306 08fa 4F       		.byte	0x4f
 1307 08fb 09090000 		.4byte	0x909
 1308 08ff 23       		.uleb128 0x23
 1309 0900 68080000 		.4byte	0x868
 1310 0904 20000000 		.4byte	.LLST1
 1311 0908 00       		.byte	0
ARM GAS  /tmp/ccwLHK29.s 			page 24


 1312 0909 24       		.uleb128 0x24
 1313 090a 93080000 		.4byte	0x893
 1314 090e 0A000000 		.4byte	.LBB51
 1315 0912 08000000 		.4byte	.LBE51-.LBB51
 1316 0916 01       		.byte	0x1
 1317 0917 52       		.byte	0x52
 1318 0918 25       		.uleb128 0x25
 1319 0919 52080000 		.4byte	0x852
 1320 091d 0A000000 		.4byte	.LBB52
 1321 0921 08000000 		.4byte	.LBE52-.LBB52
 1322 0925 0A       		.byte	0xa
 1323 0926 E601     		.2byte	0x1e6
 1324 0928 25       		.uleb128 0x25
 1325 0929 2F080000 		.4byte	0x82f
 1326 092d 0A000000 		.4byte	.LBB53
 1327 0931 08000000 		.4byte	.LBE53-.LBB53
 1328 0935 0A       		.byte	0xa
 1329 0936 CD01     		.2byte	0x1cd
 1330 0938 23       		.uleb128 0x23
 1331 0939 3C080000 		.4byte	0x83c
 1332 093d 40000000 		.4byte	.LLST2
 1333 0941 00       		.byte	0
 1334 0942 00       		.byte	0
 1335 0943 00       		.byte	0
 1336 0944 00       		.byte	0
 1337 0945 0A       		.uleb128 0xa
 1338 0946 04       		.byte	0x4
 1339 0947 A4060000 		.4byte	0x6a4
 1340 094b 1E       		.uleb128 0x1e
 1341 094c 26020000 		.4byte	.LASF130
 1342 0950 01       		.byte	0x1
 1343 0951 7A       		.byte	0x7a
 1344 0952 00000000 		.4byte	.LFB228
 1345 0956 50000000 		.4byte	.LFE228-.LFB228
 1346 095a 01       		.uleb128 0x1
 1347 095b 9C       		.byte	0x9c
 1348 095c 410A0000 		.4byte	0xa41
 1349 0960 20       		.uleb128 0x20
 1350 0961 9C080000 		.4byte	0x89c
 1351 0965 00000000 		.4byte	.LBB55
 1352 0969 06000000 		.4byte	.LBE55-.LBB55
 1353 096d 01       		.byte	0x1
 1354 096e 7C       		.byte	0x7c
 1355 096f 9F090000 		.4byte	0x99f
 1356 0973 25       		.uleb128 0x25
 1357 0974 49080000 		.4byte	0x849
 1358 0978 00000000 		.4byte	.LBB56
 1359 097c 06000000 		.4byte	.LBE56-.LBB56
 1360 0980 0A       		.byte	0xa
 1361 0981 DB01     		.2byte	0x1db
 1362 0983 25       		.uleb128 0x25
 1363 0984 2F080000 		.4byte	0x82f
 1364 0988 00000000 		.4byte	.LBB57
 1365 098c 06000000 		.4byte	.LBE57-.LBB57
 1366 0990 0A       		.byte	0xa
 1367 0991 BF01     		.2byte	0x1bf
 1368 0993 23       		.uleb128 0x23
ARM GAS  /tmp/ccwLHK29.s 			page 25


 1369 0994 3C080000 		.4byte	0x83c
 1370 0998 54000000 		.4byte	.LLST3
 1371 099c 00       		.byte	0
 1372 099d 00       		.byte	0
 1373 099e 00       		.byte	0
 1374 099f 20       		.uleb128 0x20
 1375 09a0 93080000 		.4byte	0x893
 1376 09a4 10000000 		.4byte	.LBB59
 1377 09a8 06000000 		.4byte	.LBE59-.LBB59
 1378 09ac 01       		.byte	0x1
 1379 09ad A5       		.byte	0xa5
 1380 09ae DE090000 		.4byte	0x9de
 1381 09b2 25       		.uleb128 0x25
 1382 09b3 52080000 		.4byte	0x852
 1383 09b7 10000000 		.4byte	.LBB60
 1384 09bb 06000000 		.4byte	.LBE60-.LBB60
 1385 09bf 0A       		.byte	0xa
 1386 09c0 E601     		.2byte	0x1e6
 1387 09c2 25       		.uleb128 0x25
 1388 09c3 2F080000 		.4byte	0x82f
 1389 09c7 10000000 		.4byte	.LBB61
 1390 09cb 06000000 		.4byte	.LBE61-.LBB61
 1391 09cf 0A       		.byte	0xa
 1392 09d0 CD01     		.2byte	0x1cd
 1393 09d2 23       		.uleb128 0x23
 1394 09d3 3C080000 		.4byte	0x83c
 1395 09d7 69000000 		.4byte	.LLST4
 1396 09db 00       		.byte	0
 1397 09dc 00       		.byte	0
 1398 09dd 00       		.byte	0
 1399 09de 21       		.uleb128 0x21
 1400 09df 18000000 		.4byte	.LBB63
 1401 09e3 38000000 		.4byte	.LBE63-.LBB63
 1402 09e7 1F       		.uleb128 0x1f
 1403 09e8 42030000 		.4byte	.LASF131
 1404 09ec 01       		.byte	0x1
 1405 09ed 7E       		.byte	0x7e
 1406 09ee 45090000 		.4byte	0x945
 1407 09f2 7D000000 		.4byte	.LLST5
 1408 09f6 20       		.uleb128 0x20
 1409 09f7 75080000 		.4byte	0x875
 1410 09fb 18000000 		.4byte	.LBB64
 1411 09ff 04000000 		.4byte	.LBE64-.LBB64
 1412 0a03 01       		.byte	0x1
 1413 0a04 86       		.byte	0x86
 1414 0a05 190A0000 		.4byte	0xa19
 1415 0a09 21       		.uleb128 0x21
 1416 0a0a 18000000 		.4byte	.LBB65
 1417 0a0e 04000000 		.4byte	.LBE65-.LBB65
 1418 0a12 22       		.uleb128 0x22
 1419 0a13 86080000 		.4byte	0x886
 1420 0a17 00       		.byte	0
 1421 0a18 00       		.byte	0
 1422 0a19 20       		.uleb128 0x20
 1423 0a1a 5B080000 		.4byte	0x85b
 1424 0a1e 24000000 		.4byte	.LBB66
 1425 0a22 08000000 		.4byte	.LBE66-.LBB66
ARM GAS  /tmp/ccwLHK29.s 			page 26


 1426 0a26 01       		.byte	0x1
 1427 0a27 93       		.byte	0x93
 1428 0a28 360A0000 		.4byte	0xa36
 1429 0a2c 23       		.uleb128 0x23
 1430 0a2d 68080000 		.4byte	0x868
 1431 0a31 AA000000 		.4byte	.LLST6
 1432 0a35 00       		.byte	0
 1433 0a36 26       		.uleb128 0x26
 1434 0a37 30000000 		.4byte	.LVL13
 1435 0a3b 580A0000 		.4byte	0xa58
 1436 0a3f 00       		.byte	0
 1437 0a40 00       		.byte	0
 1438 0a41 27       		.uleb128 0x27
 1439 0a42 92030000 		.4byte	.LASF132
 1440 0a46 08       		.byte	0x8
 1441 0a47 A706     		.2byte	0x6a7
 1442 0a49 CB000000 		.4byte	0xcb
 1443 0a4d 28       		.uleb128 0x28
 1444 0a4e 636800   		.ascii	"ch\000"
 1445 0a51 07       		.byte	0x7
 1446 0a52 0902     		.2byte	0x209
 1447 0a54 E7030000 		.4byte	0x3e7
 1448 0a58 29       		.uleb128 0x29
 1449 0a59 0F010000 		.4byte	.LASF137
 1450 0a5d 0F010000 		.4byte	.LASF137
 1451 0a61 07       		.byte	0x7
 1452 0a62 1802     		.2byte	0x218
 1453 0a64 00       		.byte	0
 1454              		.section	.debug_abbrev,"",%progbits
 1455              	.Ldebug_abbrev0:
 1456 0000 01       		.uleb128 0x1
 1457 0001 11       		.uleb128 0x11
 1458 0002 01       		.byte	0x1
 1459 0003 25       		.uleb128 0x25
 1460 0004 0E       		.uleb128 0xe
 1461 0005 13       		.uleb128 0x13
 1462 0006 0B       		.uleb128 0xb
 1463 0007 03       		.uleb128 0x3
 1464 0008 0E       		.uleb128 0xe
 1465 0009 55       		.uleb128 0x55
 1466 000a 17       		.uleb128 0x17
 1467 000b 11       		.uleb128 0x11
 1468 000c 01       		.uleb128 0x1
 1469 000d 10       		.uleb128 0x10
 1470 000e 17       		.uleb128 0x17
 1471 000f 00       		.byte	0
 1472 0010 00       		.byte	0
 1473 0011 02       		.uleb128 0x2
 1474 0012 24       		.uleb128 0x24
 1475 0013 00       		.byte	0
 1476 0014 0B       		.uleb128 0xb
 1477 0015 0B       		.uleb128 0xb
 1478 0016 3E       		.uleb128 0x3e
 1479 0017 0B       		.uleb128 0xb
 1480 0018 03       		.uleb128 0x3
 1481 0019 08       		.uleb128 0x8
 1482 001a 00       		.byte	0
ARM GAS  /tmp/ccwLHK29.s 			page 27


 1483 001b 00       		.byte	0
 1484 001c 03       		.uleb128 0x3
 1485 001d 24       		.uleb128 0x24
 1486 001e 00       		.byte	0
 1487 001f 0B       		.uleb128 0xb
 1488 0020 0B       		.uleb128 0xb
 1489 0021 3E       		.uleb128 0x3e
 1490 0022 0B       		.uleb128 0xb
 1491 0023 03       		.uleb128 0x3
 1492 0024 0E       		.uleb128 0xe
 1493 0025 00       		.byte	0
 1494 0026 00       		.byte	0
 1495 0027 04       		.uleb128 0x4
 1496 0028 16       		.uleb128 0x16
 1497 0029 00       		.byte	0
 1498 002a 03       		.uleb128 0x3
 1499 002b 0E       		.uleb128 0xe
 1500 002c 3A       		.uleb128 0x3a
 1501 002d 0B       		.uleb128 0xb
 1502 002e 3B       		.uleb128 0x3b
 1503 002f 0B       		.uleb128 0xb
 1504 0030 49       		.uleb128 0x49
 1505 0031 13       		.uleb128 0x13
 1506 0032 00       		.byte	0
 1507 0033 00       		.byte	0
 1508 0034 05       		.uleb128 0x5
 1509 0035 35       		.uleb128 0x35
 1510 0036 00       		.byte	0
 1511 0037 49       		.uleb128 0x49
 1512 0038 13       		.uleb128 0x13
 1513 0039 00       		.byte	0
 1514 003a 00       		.byte	0
 1515 003b 06       		.uleb128 0x6
 1516 003c 13       		.uleb128 0x13
 1517 003d 01       		.byte	0x1
 1518 003e 03       		.uleb128 0x3
 1519 003f 0E       		.uleb128 0xe
 1520 0040 0B       		.uleb128 0xb
 1521 0041 0B       		.uleb128 0xb
 1522 0042 3A       		.uleb128 0x3a
 1523 0043 0B       		.uleb128 0xb
 1524 0044 3B       		.uleb128 0x3b
 1525 0045 0B       		.uleb128 0xb
 1526 0046 01       		.uleb128 0x1
 1527 0047 13       		.uleb128 0x13
 1528 0048 00       		.byte	0
 1529 0049 00       		.byte	0
 1530 004a 07       		.uleb128 0x7
 1531 004b 0D       		.uleb128 0xd
 1532 004c 00       		.byte	0
 1533 004d 03       		.uleb128 0x3
 1534 004e 0E       		.uleb128 0xe
 1535 004f 3A       		.uleb128 0x3a
 1536 0050 0B       		.uleb128 0xb
 1537 0051 3B       		.uleb128 0x3b
 1538 0052 0B       		.uleb128 0xb
 1539 0053 49       		.uleb128 0x49
ARM GAS  /tmp/ccwLHK29.s 			page 28


 1540 0054 13       		.uleb128 0x13
 1541 0055 38       		.uleb128 0x38
 1542 0056 0B       		.uleb128 0xb
 1543 0057 00       		.byte	0
 1544 0058 00       		.byte	0
 1545 0059 08       		.uleb128 0x8
 1546 005a 0D       		.uleb128 0xd
 1547 005b 00       		.byte	0
 1548 005c 03       		.uleb128 0x3
 1549 005d 08       		.uleb128 0x8
 1550 005e 3A       		.uleb128 0x3a
 1551 005f 0B       		.uleb128 0xb
 1552 0060 3B       		.uleb128 0x3b
 1553 0061 05       		.uleb128 0x5
 1554 0062 49       		.uleb128 0x49
 1555 0063 13       		.uleb128 0x13
 1556 0064 38       		.uleb128 0x38
 1557 0065 0B       		.uleb128 0xb
 1558 0066 00       		.byte	0
 1559 0067 00       		.byte	0
 1560 0068 09       		.uleb128 0x9
 1561 0069 0D       		.uleb128 0xd
 1562 006a 00       		.byte	0
 1563 006b 03       		.uleb128 0x3
 1564 006c 0E       		.uleb128 0xe
 1565 006d 3A       		.uleb128 0x3a
 1566 006e 0B       		.uleb128 0xb
 1567 006f 3B       		.uleb128 0x3b
 1568 0070 05       		.uleb128 0x5
 1569 0071 49       		.uleb128 0x49
 1570 0072 13       		.uleb128 0x13
 1571 0073 38       		.uleb128 0x38
 1572 0074 0B       		.uleb128 0xb
 1573 0075 00       		.byte	0
 1574 0076 00       		.byte	0
 1575 0077 0A       		.uleb128 0xa
 1576 0078 0F       		.uleb128 0xf
 1577 0079 00       		.byte	0
 1578 007a 0B       		.uleb128 0xb
 1579 007b 0B       		.uleb128 0xb
 1580 007c 49       		.uleb128 0x49
 1581 007d 13       		.uleb128 0x13
 1582 007e 00       		.byte	0
 1583 007f 00       		.byte	0
 1584 0080 0B       		.uleb128 0xb
 1585 0081 13       		.uleb128 0x13
 1586 0082 01       		.byte	0x1
 1587 0083 03       		.uleb128 0x3
 1588 0084 0E       		.uleb128 0xe
 1589 0085 0B       		.uleb128 0xb
 1590 0086 0B       		.uleb128 0xb
 1591 0087 3A       		.uleb128 0x3a
 1592 0088 0B       		.uleb128 0xb
 1593 0089 3B       		.uleb128 0x3b
 1594 008a 05       		.uleb128 0x5
 1595 008b 01       		.uleb128 0x1
 1596 008c 13       		.uleb128 0x13
ARM GAS  /tmp/ccwLHK29.s 			page 29


 1597 008d 00       		.byte	0
 1598 008e 00       		.byte	0
 1599 008f 0C       		.uleb128 0xc
 1600 0090 15       		.uleb128 0x15
 1601 0091 01       		.byte	0x1
 1602 0092 27       		.uleb128 0x27
 1603 0093 19       		.uleb128 0x19
 1604 0094 01       		.uleb128 0x1
 1605 0095 13       		.uleb128 0x13
 1606 0096 00       		.byte	0
 1607 0097 00       		.byte	0
 1608 0098 0D       		.uleb128 0xd
 1609 0099 05       		.uleb128 0x5
 1610 009a 00       		.byte	0
 1611 009b 49       		.uleb128 0x49
 1612 009c 13       		.uleb128 0x13
 1613 009d 00       		.byte	0
 1614 009e 00       		.byte	0
 1615 009f 0E       		.uleb128 0xe
 1616 00a0 0F       		.uleb128 0xf
 1617 00a1 00       		.byte	0
 1618 00a2 0B       		.uleb128 0xb
 1619 00a3 0B       		.uleb128 0xb
 1620 00a4 00       		.byte	0
 1621 00a5 00       		.byte	0
 1622 00a6 0F       		.uleb128 0xf
 1623 00a7 13       		.uleb128 0x13
 1624 00a8 01       		.byte	0x1
 1625 00a9 03       		.uleb128 0x3
 1626 00aa 0E       		.uleb128 0xe
 1627 00ab 0B       		.uleb128 0xb
 1628 00ac 05       		.uleb128 0x5
 1629 00ad 3A       		.uleb128 0x3a
 1630 00ae 0B       		.uleb128 0xb
 1631 00af 3B       		.uleb128 0x3b
 1632 00b0 05       		.uleb128 0x5
 1633 00b1 01       		.uleb128 0x1
 1634 00b2 13       		.uleb128 0x13
 1635 00b3 00       		.byte	0
 1636 00b4 00       		.byte	0
 1637 00b5 10       		.uleb128 0x10
 1638 00b6 13       		.uleb128 0x13
 1639 00b7 01       		.byte	0x1
 1640 00b8 0B       		.uleb128 0xb
 1641 00b9 0B       		.uleb128 0xb
 1642 00ba 3A       		.uleb128 0x3a
 1643 00bb 0B       		.uleb128 0xb
 1644 00bc 3B       		.uleb128 0x3b
 1645 00bd 05       		.uleb128 0x5
 1646 00be 01       		.uleb128 0x1
 1647 00bf 13       		.uleb128 0x13
 1648 00c0 00       		.byte	0
 1649 00c1 00       		.byte	0
 1650 00c2 11       		.uleb128 0x11
 1651 00c3 26       		.uleb128 0x26
 1652 00c4 00       		.byte	0
 1653 00c5 49       		.uleb128 0x49
ARM GAS  /tmp/ccwLHK29.s 			page 30


 1654 00c6 13       		.uleb128 0x13
 1655 00c7 00       		.byte	0
 1656 00c8 00       		.byte	0
 1657 00c9 12       		.uleb128 0x12
 1658 00ca 01       		.uleb128 0x1
 1659 00cb 01       		.byte	0x1
 1660 00cc 49       		.uleb128 0x49
 1661 00cd 13       		.uleb128 0x13
 1662 00ce 01       		.uleb128 0x1
 1663 00cf 13       		.uleb128 0x13
 1664 00d0 00       		.byte	0
 1665 00d1 00       		.byte	0
 1666 00d2 13       		.uleb128 0x13
 1667 00d3 21       		.uleb128 0x21
 1668 00d4 00       		.byte	0
 1669 00d5 49       		.uleb128 0x49
 1670 00d6 13       		.uleb128 0x13
 1671 00d7 2F       		.uleb128 0x2f
 1672 00d8 0B       		.uleb128 0xb
 1673 00d9 00       		.byte	0
 1674 00da 00       		.byte	0
 1675 00db 14       		.uleb128 0x14
 1676 00dc 16       		.uleb128 0x16
 1677 00dd 00       		.byte	0
 1678 00de 03       		.uleb128 0x3
 1679 00df 0E       		.uleb128 0xe
 1680 00e0 3A       		.uleb128 0x3a
 1681 00e1 0B       		.uleb128 0xb
 1682 00e2 3B       		.uleb128 0x3b
 1683 00e3 05       		.uleb128 0x5
 1684 00e4 49       		.uleb128 0x49
 1685 00e5 13       		.uleb128 0x13
 1686 00e6 00       		.byte	0
 1687 00e7 00       		.byte	0
 1688 00e8 15       		.uleb128 0x15
 1689 00e9 0D       		.uleb128 0xd
 1690 00ea 00       		.byte	0
 1691 00eb 03       		.uleb128 0x3
 1692 00ec 08       		.uleb128 0x8
 1693 00ed 3A       		.uleb128 0x3a
 1694 00ee 0B       		.uleb128 0xb
 1695 00ef 3B       		.uleb128 0x3b
 1696 00f0 0B       		.uleb128 0xb
 1697 00f1 49       		.uleb128 0x49
 1698 00f2 13       		.uleb128 0x13
 1699 00f3 38       		.uleb128 0x38
 1700 00f4 0B       		.uleb128 0xb
 1701 00f5 00       		.byte	0
 1702 00f6 00       		.byte	0
 1703 00f7 16       		.uleb128 0x16
 1704 00f8 13       		.uleb128 0x13
 1705 00f9 01       		.byte	0x1
 1706 00fa 0B       		.uleb128 0xb
 1707 00fb 0B       		.uleb128 0xb
 1708 00fc 3A       		.uleb128 0x3a
 1709 00fd 0B       		.uleb128 0xb
 1710 00fe 3B       		.uleb128 0x3b
ARM GAS  /tmp/ccwLHK29.s 			page 31


 1711 00ff 0B       		.uleb128 0xb
 1712 0100 01       		.uleb128 0x1
 1713 0101 13       		.uleb128 0x13
 1714 0102 00       		.byte	0
 1715 0103 00       		.byte	0
 1716 0104 17       		.uleb128 0x17
 1717 0105 17       		.uleb128 0x17
 1718 0106 01       		.byte	0x1
 1719 0107 0B       		.uleb128 0xb
 1720 0108 0B       		.uleb128 0xb
 1721 0109 3A       		.uleb128 0x3a
 1722 010a 0B       		.uleb128 0xb
 1723 010b 3B       		.uleb128 0x3b
 1724 010c 0B       		.uleb128 0xb
 1725 010d 01       		.uleb128 0x1
 1726 010e 13       		.uleb128 0x13
 1727 010f 00       		.byte	0
 1728 0110 00       		.byte	0
 1729 0111 18       		.uleb128 0x18
 1730 0112 0D       		.uleb128 0xd
 1731 0113 00       		.byte	0
 1732 0114 03       		.uleb128 0x3
 1733 0115 0E       		.uleb128 0xe
 1734 0116 3A       		.uleb128 0x3a
 1735 0117 0B       		.uleb128 0xb
 1736 0118 3B       		.uleb128 0x3b
 1737 0119 05       		.uleb128 0x5
 1738 011a 49       		.uleb128 0x49
 1739 011b 13       		.uleb128 0x13
 1740 011c 00       		.byte	0
 1741 011d 00       		.byte	0
 1742 011e 19       		.uleb128 0x19
 1743 011f 2E       		.uleb128 0x2e
 1744 0120 01       		.byte	0x1
 1745 0121 03       		.uleb128 0x3
 1746 0122 0E       		.uleb128 0xe
 1747 0123 3A       		.uleb128 0x3a
 1748 0124 0B       		.uleb128 0xb
 1749 0125 3B       		.uleb128 0x3b
 1750 0126 05       		.uleb128 0x5
 1751 0127 27       		.uleb128 0x27
 1752 0128 19       		.uleb128 0x19
 1753 0129 20       		.uleb128 0x20
 1754 012a 0B       		.uleb128 0xb
 1755 012b 01       		.uleb128 0x1
 1756 012c 13       		.uleb128 0x13
 1757 012d 00       		.byte	0
 1758 012e 00       		.byte	0
 1759 012f 1A       		.uleb128 0x1a
 1760 0130 05       		.uleb128 0x5
 1761 0131 00       		.byte	0
 1762 0132 03       		.uleb128 0x3
 1763 0133 0E       		.uleb128 0xe
 1764 0134 3A       		.uleb128 0x3a
 1765 0135 0B       		.uleb128 0xb
 1766 0136 3B       		.uleb128 0x3b
 1767 0137 05       		.uleb128 0x5
ARM GAS  /tmp/ccwLHK29.s 			page 32


 1768 0138 49       		.uleb128 0x49
 1769 0139 13       		.uleb128 0x13
 1770 013a 00       		.byte	0
 1771 013b 00       		.byte	0
 1772 013c 1B       		.uleb128 0x1b
 1773 013d 2E       		.uleb128 0x2e
 1774 013e 00       		.byte	0
 1775 013f 03       		.uleb128 0x3
 1776 0140 0E       		.uleb128 0xe
 1777 0141 3A       		.uleb128 0x3a
 1778 0142 0B       		.uleb128 0xb
 1779 0143 3B       		.uleb128 0x3b
 1780 0144 05       		.uleb128 0x5
 1781 0145 27       		.uleb128 0x27
 1782 0146 19       		.uleb128 0x19
 1783 0147 20       		.uleb128 0x20
 1784 0148 0B       		.uleb128 0xb
 1785 0149 00       		.byte	0
 1786 014a 00       		.byte	0
 1787 014b 1C       		.uleb128 0x1c
 1788 014c 2E       		.uleb128 0x2e
 1789 014d 01       		.byte	0x1
 1790 014e 03       		.uleb128 0x3
 1791 014f 0E       		.uleb128 0xe
 1792 0150 3A       		.uleb128 0x3a
 1793 0151 0B       		.uleb128 0xb
 1794 0152 3B       		.uleb128 0x3b
 1795 0153 05       		.uleb128 0x5
 1796 0154 27       		.uleb128 0x27
 1797 0155 19       		.uleb128 0x19
 1798 0156 49       		.uleb128 0x49
 1799 0157 13       		.uleb128 0x13
 1800 0158 20       		.uleb128 0x20
 1801 0159 0B       		.uleb128 0xb
 1802 015a 01       		.uleb128 0x1
 1803 015b 13       		.uleb128 0x13
 1804 015c 00       		.byte	0
 1805 015d 00       		.byte	0
 1806 015e 1D       		.uleb128 0x1d
 1807 015f 34       		.uleb128 0x34
 1808 0160 00       		.byte	0
 1809 0161 03       		.uleb128 0x3
 1810 0162 0E       		.uleb128 0xe
 1811 0163 3A       		.uleb128 0x3a
 1812 0164 0B       		.uleb128 0xb
 1813 0165 3B       		.uleb128 0x3b
 1814 0166 05       		.uleb128 0x5
 1815 0167 49       		.uleb128 0x49
 1816 0168 13       		.uleb128 0x13
 1817 0169 00       		.byte	0
 1818 016a 00       		.byte	0
 1819 016b 1E       		.uleb128 0x1e
 1820 016c 2E       		.uleb128 0x2e
 1821 016d 01       		.byte	0x1
 1822 016e 3F       		.uleb128 0x3f
 1823 016f 19       		.uleb128 0x19
 1824 0170 03       		.uleb128 0x3
ARM GAS  /tmp/ccwLHK29.s 			page 33


 1825 0171 0E       		.uleb128 0xe
 1826 0172 3A       		.uleb128 0x3a
 1827 0173 0B       		.uleb128 0xb
 1828 0174 3B       		.uleb128 0x3b
 1829 0175 0B       		.uleb128 0xb
 1830 0176 27       		.uleb128 0x27
 1831 0177 19       		.uleb128 0x19
 1832 0178 11       		.uleb128 0x11
 1833 0179 01       		.uleb128 0x1
 1834 017a 12       		.uleb128 0x12
 1835 017b 06       		.uleb128 0x6
 1836 017c 40       		.uleb128 0x40
 1837 017d 18       		.uleb128 0x18
 1838 017e 9742     		.uleb128 0x2117
 1839 0180 19       		.uleb128 0x19
 1840 0181 01       		.uleb128 0x1
 1841 0182 13       		.uleb128 0x13
 1842 0183 00       		.byte	0
 1843 0184 00       		.byte	0
 1844 0185 1F       		.uleb128 0x1f
 1845 0186 34       		.uleb128 0x34
 1846 0187 00       		.byte	0
 1847 0188 03       		.uleb128 0x3
 1848 0189 0E       		.uleb128 0xe
 1849 018a 3A       		.uleb128 0x3a
 1850 018b 0B       		.uleb128 0xb
 1851 018c 3B       		.uleb128 0x3b
 1852 018d 0B       		.uleb128 0xb
 1853 018e 49       		.uleb128 0x49
 1854 018f 13       		.uleb128 0x13
 1855 0190 02       		.uleb128 0x2
 1856 0191 17       		.uleb128 0x17
 1857 0192 00       		.byte	0
 1858 0193 00       		.byte	0
 1859 0194 20       		.uleb128 0x20
 1860 0195 1D       		.uleb128 0x1d
 1861 0196 01       		.byte	0x1
 1862 0197 31       		.uleb128 0x31
 1863 0198 13       		.uleb128 0x13
 1864 0199 11       		.uleb128 0x11
 1865 019a 01       		.uleb128 0x1
 1866 019b 12       		.uleb128 0x12
 1867 019c 06       		.uleb128 0x6
 1868 019d 58       		.uleb128 0x58
 1869 019e 0B       		.uleb128 0xb
 1870 019f 59       		.uleb128 0x59
 1871 01a0 0B       		.uleb128 0xb
 1872 01a1 01       		.uleb128 0x1
 1873 01a2 13       		.uleb128 0x13
 1874 01a3 00       		.byte	0
 1875 01a4 00       		.byte	0
 1876 01a5 21       		.uleb128 0x21
 1877 01a6 0B       		.uleb128 0xb
 1878 01a7 01       		.byte	0x1
 1879 01a8 11       		.uleb128 0x11
 1880 01a9 01       		.uleb128 0x1
 1881 01aa 12       		.uleb128 0x12
ARM GAS  /tmp/ccwLHK29.s 			page 34


 1882 01ab 06       		.uleb128 0x6
 1883 01ac 00       		.byte	0
 1884 01ad 00       		.byte	0
 1885 01ae 22       		.uleb128 0x22
 1886 01af 34       		.uleb128 0x34
 1887 01b0 00       		.byte	0
 1888 01b1 31       		.uleb128 0x31
 1889 01b2 13       		.uleb128 0x13
 1890 01b3 00       		.byte	0
 1891 01b4 00       		.byte	0
 1892 01b5 23       		.uleb128 0x23
 1893 01b6 05       		.uleb128 0x5
 1894 01b7 00       		.byte	0
 1895 01b8 31       		.uleb128 0x31
 1896 01b9 13       		.uleb128 0x13
 1897 01ba 02       		.uleb128 0x2
 1898 01bb 17       		.uleb128 0x17
 1899 01bc 00       		.byte	0
 1900 01bd 00       		.byte	0
 1901 01be 24       		.uleb128 0x24
 1902 01bf 1D       		.uleb128 0x1d
 1903 01c0 01       		.byte	0x1
 1904 01c1 31       		.uleb128 0x31
 1905 01c2 13       		.uleb128 0x13
 1906 01c3 11       		.uleb128 0x11
 1907 01c4 01       		.uleb128 0x1
 1908 01c5 12       		.uleb128 0x12
 1909 01c6 06       		.uleb128 0x6
 1910 01c7 58       		.uleb128 0x58
 1911 01c8 0B       		.uleb128 0xb
 1912 01c9 59       		.uleb128 0x59
 1913 01ca 0B       		.uleb128 0xb
 1914 01cb 00       		.byte	0
 1915 01cc 00       		.byte	0
 1916 01cd 25       		.uleb128 0x25
 1917 01ce 1D       		.uleb128 0x1d
 1918 01cf 01       		.byte	0x1
 1919 01d0 31       		.uleb128 0x31
 1920 01d1 13       		.uleb128 0x13
 1921 01d2 11       		.uleb128 0x11
 1922 01d3 01       		.uleb128 0x1
 1923 01d4 12       		.uleb128 0x12
 1924 01d5 06       		.uleb128 0x6
 1925 01d6 58       		.uleb128 0x58
 1926 01d7 0B       		.uleb128 0xb
 1927 01d8 59       		.uleb128 0x59
 1928 01d9 05       		.uleb128 0x5
 1929 01da 00       		.byte	0
 1930 01db 00       		.byte	0
 1931 01dc 26       		.uleb128 0x26
 1932 01dd 898201   		.uleb128 0x4109
 1933 01e0 00       		.byte	0
 1934 01e1 11       		.uleb128 0x11
 1935 01e2 01       		.uleb128 0x1
 1936 01e3 31       		.uleb128 0x31
 1937 01e4 13       		.uleb128 0x13
 1938 01e5 00       		.byte	0
ARM GAS  /tmp/ccwLHK29.s 			page 35


 1939 01e6 00       		.byte	0
 1940 01e7 27       		.uleb128 0x27
 1941 01e8 34       		.uleb128 0x34
 1942 01e9 00       		.byte	0
 1943 01ea 03       		.uleb128 0x3
 1944 01eb 0E       		.uleb128 0xe
 1945 01ec 3A       		.uleb128 0x3a
 1946 01ed 0B       		.uleb128 0xb
 1947 01ee 3B       		.uleb128 0x3b
 1948 01ef 05       		.uleb128 0x5
 1949 01f0 49       		.uleb128 0x49
 1950 01f1 13       		.uleb128 0x13
 1951 01f2 3F       		.uleb128 0x3f
 1952 01f3 19       		.uleb128 0x19
 1953 01f4 3C       		.uleb128 0x3c
 1954 01f5 19       		.uleb128 0x19
 1955 01f6 00       		.byte	0
 1956 01f7 00       		.byte	0
 1957 01f8 28       		.uleb128 0x28
 1958 01f9 34       		.uleb128 0x34
 1959 01fa 00       		.byte	0
 1960 01fb 03       		.uleb128 0x3
 1961 01fc 08       		.uleb128 0x8
 1962 01fd 3A       		.uleb128 0x3a
 1963 01fe 0B       		.uleb128 0xb
 1964 01ff 3B       		.uleb128 0x3b
 1965 0200 05       		.uleb128 0x5
 1966 0201 49       		.uleb128 0x49
 1967 0202 13       		.uleb128 0x13
 1968 0203 3F       		.uleb128 0x3f
 1969 0204 19       		.uleb128 0x19
 1970 0205 3C       		.uleb128 0x3c
 1971 0206 19       		.uleb128 0x19
 1972 0207 00       		.byte	0
 1973 0208 00       		.byte	0
 1974 0209 29       		.uleb128 0x29
 1975 020a 2E       		.uleb128 0x2e
 1976 020b 00       		.byte	0
 1977 020c 3F       		.uleb128 0x3f
 1978 020d 19       		.uleb128 0x19
 1979 020e 3C       		.uleb128 0x3c
 1980 020f 19       		.uleb128 0x19
 1981 0210 6E       		.uleb128 0x6e
 1982 0211 0E       		.uleb128 0xe
 1983 0212 03       		.uleb128 0x3
 1984 0213 0E       		.uleb128 0xe
 1985 0214 3A       		.uleb128 0x3a
 1986 0215 0B       		.uleb128 0xb
 1987 0216 3B       		.uleb128 0x3b
 1988 0217 05       		.uleb128 0x5
 1989 0218 00       		.byte	0
 1990 0219 00       		.byte	0
 1991 021a 00       		.byte	0
 1992              		.section	.debug_loc,"",%progbits
 1993              	.Ldebug_loc0:
 1994              	.LLST0:
 1995 0000 04000000 		.4byte	.LVL0
ARM GAS  /tmp/ccwLHK29.s 			page 36


 1996 0004 06000000 		.4byte	.LVL1
 1997 0008 0300     		.2byte	0x3
 1998 000a 73       		.byte	0x73
 1999 000b 20       		.sleb128 32
 2000 000c 9F       		.byte	0x9f
 2001 000d 06000000 		.4byte	.LVL1
 2002 0011 0C000000 		.4byte	.LVL3
 2003 0015 0100     		.2byte	0x1
 2004 0017 53       		.byte	0x53
 2005 0018 00000000 		.4byte	0
 2006 001c 00000000 		.4byte	0
 2007              	.LLST1:
 2008 0020 04000000 		.4byte	.LVL0
 2009 0024 06000000 		.4byte	.LVL1
 2010 0028 0300     		.2byte	0x3
 2011 002a 73       		.byte	0x73
 2012 002b 20       		.sleb128 32
 2013 002c 9F       		.byte	0x9f
 2014 002d 06000000 		.4byte	.LVL1
 2015 0031 0A000000 		.4byte	.LVL2
 2016 0035 0100     		.2byte	0x1
 2017 0037 53       		.byte	0x53
 2018 0038 00000000 		.4byte	0
 2019 003c 00000000 		.4byte	0
 2020              	.LLST2:
 2021 0040 0A000000 		.4byte	.LVL2
 2022 0044 10000000 		.4byte	.LVL4
 2023 0048 0200     		.2byte	0x2
 2024 004a 30       		.byte	0x30
 2025 004b 9F       		.byte	0x9f
 2026 004c 00000000 		.4byte	0
 2027 0050 00000000 		.4byte	0
 2028              	.LLST3:
 2029 0054 00000000 		.4byte	.LVL5
 2030 0058 06000000 		.4byte	.LVL6
 2031 005c 0300     		.2byte	0x3
 2032 005e 08       		.byte	0x8
 2033 005f 20       		.byte	0x20
 2034 0060 9F       		.byte	0x9f
 2035 0061 00000000 		.4byte	0
 2036 0065 00000000 		.4byte	0
 2037              	.LLST4:
 2038 0069 10000000 		.4byte	.LVL7
 2039 006d 14000000 		.4byte	.LVL8
 2040 0071 0200     		.2byte	0x2
 2041 0073 30       		.byte	0x30
 2042 0074 9F       		.byte	0x9f
 2043 0075 00000000 		.4byte	0
 2044 0079 00000000 		.4byte	0
 2045              	.LLST5:
 2046 007d 1C000000 		.4byte	.LVL9
 2047 0081 28000000 		.4byte	.LVL11
 2048 0085 0300     		.2byte	0x3
 2049 0087 74       		.byte	0x74
 2050 0088 60       		.sleb128 -32
 2051 0089 9F       		.byte	0x9f
 2052 008a 28000000 		.4byte	.LVL11
ARM GAS  /tmp/ccwLHK29.s 			page 37


 2053 008e 2F000000 		.4byte	.LVL13-1
 2054 0092 0100     		.2byte	0x1
 2055 0094 53       		.byte	0x53
 2056 0095 2F000000 		.4byte	.LVL13-1
 2057 0099 42000000 		.4byte	.LVL15
 2058 009d 0300     		.2byte	0x3
 2059 009f 74       		.byte	0x74
 2060 00a0 60       		.sleb128 -32
 2061 00a1 9F       		.byte	0x9f
 2062 00a2 00000000 		.4byte	0
 2063 00a6 00000000 		.4byte	0
 2064              	.LLST6:
 2065 00aa 24000000 		.4byte	.LVL10
 2066 00ae 28000000 		.4byte	.LVL11
 2067 00b2 0300     		.2byte	0x3
 2068 00b4 74       		.byte	0x74
 2069 00b5 60       		.sleb128 -32
 2070 00b6 9F       		.byte	0x9f
 2071 00b7 28000000 		.4byte	.LVL11
 2072 00bb 2C000000 		.4byte	.LVL12
 2073 00bf 0100     		.2byte	0x1
 2074 00c1 53       		.byte	0x53
 2075 00c2 00000000 		.4byte	0
 2076 00c6 00000000 		.4byte	0
 2077              		.section	.debug_aranges,"",%progbits
 2078 0000 24000000 		.4byte	0x24
 2079 0004 0200     		.2byte	0x2
 2080 0006 00000000 		.4byte	.Ldebug_info0
 2081 000a 04       		.byte	0x4
 2082 000b 00       		.byte	0
 2083 000c 0000     		.2byte	0
 2084 000e 0000     		.2byte	0
 2085 0010 00000000 		.4byte	.LFB227
 2086 0014 12000000 		.4byte	.LFE227-.LFB227
 2087 0018 00000000 		.4byte	.LFB228
 2088 001c 50000000 		.4byte	.LFE228-.LFB228
 2089 0020 00000000 		.4byte	0
 2090 0024 00000000 		.4byte	0
 2091              		.section	.debug_ranges,"",%progbits
 2092              	.Ldebug_ranges0:
 2093 0000 00000000 		.4byte	.LFB227
 2094 0004 12000000 		.4byte	.LFE227
 2095 0008 00000000 		.4byte	.LFB228
 2096 000c 50000000 		.4byte	.LFE228
 2097 0010 00000000 		.4byte	0
 2098 0014 00000000 		.4byte	0
 2099              		.section	.debug_line,"",%progbits
 2100              	.Ldebug_line0:
 2101 0000 35020000 		.section	.debug_str,"MS",%progbits,1
 2101      0200D101 
 2101      00000201 
 2101      FB0E0D00 
 2101      01010101 
 2102              	.LASF51:
 2103 0000 72656164 		.ascii	"ready_list_t\000"
 2103      795F6C69 
 2103      73745F74 
ARM GAS  /tmp/ccwLHK29.s 			page 38


 2103      00
 2104              	.LASF108:
 2105 000d 77747472 		.ascii	"wttrp\000"
 2105      7000
 2106              	.LASF105:
 2107 0013 7264796D 		.ascii	"rdymsg\000"
 2107      736700
 2108              	.LASF17:
 2109 001a 75696E74 		.ascii	"uint64_t\000"
 2109      36345F74 
 2109      00
 2110              	.LASF7:
 2111 0023 5F5F7569 		.ascii	"__uint8_t\000"
 2111      6E74385F 
 2111      7400
 2112              	.LASF99:
 2113 002d 706F7274 		.ascii	"port_intctx\000"
 2113      5F696E74 
 2113      63747800 
 2114              	.LASF70:
 2115 0039 73797374 		.ascii	"system_debug_t\000"
 2115      656D5F64 
 2115      65627567 
 2115      5F7400
 2116              	.LASF121:
 2117 0048 706F7274 		.ascii	"port_lock\000"
 2117      5F6C6F63 
 2117      6B00
 2118              	.LASF13:
 2119 0052 6C6F6E67 		.ascii	"long long unsigned int\000"
 2119      206C6F6E 
 2119      6720756E 
 2119      7369676E 
 2119      65642069 
 2120              	.LASF106:
 2121 0069 65786974 		.ascii	"exitcode\000"
 2121      636F6465 
 2121      00
 2122              	.LASF77:
 2123 0072 6D61696E 		.ascii	"mainthread\000"
 2123      74687265 
 2123      616400
 2124              	.LASF67:
 2125 007d 76697274 		.ascii	"virtual_timers_list_t\000"
 2125      75616C5F 
 2125      74696D65 
 2125      72735F6C 
 2125      6973745F 
 2126              	.LASF80:
 2127 0093 43505549 		.ascii	"CPUID\000"
 2127      4400
 2128              	.LASF50:
 2129 0099 63685F74 		.ascii	"ch_threads_queue\000"
 2129      68726561 
 2129      64735F71 
 2129      75657565 
 2129      00
ARM GAS  /tmp/ccwLHK29.s 			page 39


 2130              	.LASF30:
 2131 00aa 705F7072 		.ascii	"p_prio\000"
 2131      696F00
 2132              	.LASF92:
 2133 00b1 49534152 		.ascii	"ISAR\000"
 2133      00
 2134              	.LASF1:
 2135 00b6 6C6F6E67 		.ascii	"long long int\000"
 2135      206C6F6E 
 2135      6720696E 
 2135      7400
 2136              	.LASF3:
 2137 00c4 7369676E 		.ascii	"signed char\000"
 2137      65642063 
 2137      68617200 
 2138              	.LASF44:
 2139 00d0 705F6D70 		.ascii	"p_mpool\000"
 2139      6F6F6C00 
 2140              	.LASF116:
 2141 00d8 6D5F7175 		.ascii	"m_queue\000"
 2141      65756500 
 2142              	.LASF76:
 2143 00e0 76746C69 		.ascii	"vtlist\000"
 2143      737400
 2144              	.LASF122:
 2145 00e7 706F7274 		.ascii	"port_unlock\000"
 2145      5F756E6C 
 2145      6F636B00 
 2146              	.LASF74:
 2147 00f3 63685F73 		.ascii	"ch_system\000"
 2147      79737465 
 2147      6D00
 2148              	.LASF9:
 2149 00fd 6C6F6E67 		.ascii	"long int\000"
 2149      20696E74 
 2149      00
 2150              	.LASF20:
 2151 0106 74737461 		.ascii	"tstate_t\000"
 2151      74655F74 
 2151      00
 2152              	.LASF137:
 2153 010f 63685363 		.ascii	"chSchIsPreemptionRequired\000"
 2153      68497350 
 2153      7265656D 
 2153      7074696F 
 2153      6E526571 
 2154              	.LASF32:
 2155 0129 705F6E65 		.ascii	"p_newer\000"
 2155      77657200 
 2156              	.LASF113:
 2157 0131 735F7175 		.ascii	"s_queue\000"
 2157      65756500 
 2158              	.LASF134:
 2159 0139 2F686F6D 		.ascii	"/home/selim/working/ChibiOS/os/rt/ports/ARMCMx/chco"
 2159      652F7365 
 2159      6C696D2F 
 2159      776F726B 
ARM GAS  /tmp/ccwLHK29.s 			page 40


 2159      696E672F 
 2160 016c 72655F76 		.ascii	"re_v7m.c\000"
 2160      376D2E63 
 2160      00
 2161              	.LASF89:
 2162 0175 42464152 		.ascii	"BFAR\000"
 2162      00
 2163              	.LASF90:
 2164 017a 41465352 		.ascii	"AFSR\000"
 2164      00
 2165              	.LASF56:
 2166 017f 725F6E65 		.ascii	"r_newer\000"
 2166      77657200 
 2167              	.LASF96:
 2168 0187 72656761 		.ascii	"regarm_t\000"
 2168      726D5F74 
 2168      00
 2169              	.LASF63:
 2170 0190 76745F70 		.ascii	"vt_prev\000"
 2170      72657600 
 2171              	.LASF95:
 2172 0198 5343425F 		.ascii	"SCB_Type\000"
 2172      54797065 
 2172      00
 2173              	.LASF120:
 2174 01a1 6D757465 		.ascii	"mutex_t\000"
 2174      785F7400 
 2175              	.LASF125:
 2176 01a9 76616C75 		.ascii	"value\000"
 2176      6500
 2177              	.LASF78:
 2178 01af 69646C65 		.ascii	"idle_thread_wa\000"
 2178      5F746872 
 2178      6561645F 
 2178      776100
 2179              	.LASF25:
 2180 01be 636E745F 		.ascii	"cnt_t\000"
 2180      7400
 2181              	.LASF0:
 2182 01c4 756E7369 		.ascii	"unsigned int\000"
 2182      676E6564 
 2182      20696E74 
 2182      00
 2183              	.LASF124:
 2184 01d1 5F5F7365 		.ascii	"__set_PSP\000"
 2184      745F5053 
 2184      5000
 2185              	.LASF62:
 2186 01db 76745F6E 		.ascii	"vt_next\000"
 2186      65787400 
 2187              	.LASF109:
 2188 01e3 77747365 		.ascii	"wtsemp\000"
 2188      6D7000
 2189              	.LASF39:
 2190 01ea 705F6D73 		.ascii	"p_msgqueue\000"
 2190      67717565 
 2190      756500
ARM GAS  /tmp/ccwLHK29.s 			page 41


 2191              	.LASF82:
 2192 01f5 56544F52 		.ascii	"VTOR\000"
 2192      00
 2193              	.LASF114:
 2194 01fa 735F636E 		.ascii	"s_cnt\000"
 2194      7400
 2195              	.LASF47:
 2196 0200 63685F74 		.ascii	"ch_thread\000"
 2196      68726561 
 2196      6400
 2197              	.LASF81:
 2198 020a 49435352 		.ascii	"ICSR\000"
 2198      00
 2199              	.LASF23:
 2200 020f 6D73675F 		.ascii	"msg_t\000"
 2200      7400
 2201              	.LASF83:
 2202 0215 41495243 		.ascii	"AIRCR\000"
 2202      5200
 2203              	.LASF87:
 2204 021b 44465352 		.ascii	"DFSR\000"
 2204      00
 2205              	.LASF88:
 2206 0220 4D4D4641 		.ascii	"MMFAR\000"
 2206      5200
 2207              	.LASF130:
 2208 0226 5F706F72 		.ascii	"_port_irq_epilogue\000"
 2208      745F6972 
 2208      715F6570 
 2208      696C6F67 
 2208      756500
 2209              	.LASF19:
 2210 0239 746D6F64 		.ascii	"tmode_t\000"
 2210      655F7400 
 2211              	.LASF52:
 2212 0241 63685F72 		.ascii	"ch_ready_list\000"
 2212      65616479 
 2212      5F6C6973 
 2212      7400
 2213              	.LASF24:
 2214 024f 6576656E 		.ascii	"eventmask_t\000"
 2214      746D6173 
 2214      6B5F7400 
 2215              	.LASF126:
 2216 025b 746F704F 		.ascii	"topOfProcStack\000"
 2216      6650726F 
 2216      63537461 
 2216      636B00
 2217              	.LASF8:
 2218 026a 5F5F696E 		.ascii	"__int32_t\000"
 2218      7433325F 
 2218      7400
 2219              	.LASF97:
 2220 0274 73746B61 		.ascii	"stkalign_t\000"
 2220      6C69676E 
 2220      5F7400
 2221              	.LASF46:
ARM GAS  /tmp/ccwLHK29.s 			page 42


 2222 027f 74687265 		.ascii	"threads_list_t\000"
 2222      6164735F 
 2222      6C697374 
 2222      5F7400
 2223              	.LASF38:
 2224 028e 705F7761 		.ascii	"p_waiting\000"
 2224      6974696E 
 2224      6700
 2225              	.LASF79:
 2226 0298 73697A65 		.ascii	"sizetype\000"
 2226      74797065 
 2226      00
 2227              	.LASF45:
 2228 02a1 74687265 		.ascii	"thread_reference_t\000"
 2228      61645F72 
 2228      65666572 
 2228      656E6365 
 2228      5F7400
 2229              	.LASF68:
 2230 02b4 63685F76 		.ascii	"ch_virtual_timers_list\000"
 2230      69727475 
 2230      616C5F74 
 2230      696D6572 
 2230      735F6C69 
 2231              	.LASF2:
 2232 02cb 6C6F6E67 		.ascii	"long double\000"
 2232      20646F75 
 2232      626C6500 
 2233              	.LASF85:
 2234 02d7 43465352 		.ascii	"CFSR\000"
 2234      00
 2235              	.LASF69:
 2236 02dc 76745F6C 		.ascii	"vt_lasttime\000"
 2236      61737474 
 2236      696D6500 
 2237              	.LASF33:
 2238 02e8 705F6F6C 		.ascii	"p_older\000"
 2238      64657200 
 2239              	.LASF55:
 2240 02f0 725F6374 		.ascii	"r_ctx\000"
 2240      7800
 2241              	.LASF100:
 2242 02f6 706F7274 		.ascii	"port_extctx\000"
 2242      5F657874 
 2242      63747800 
 2243              	.LASF104:
 2244 0302 746D5F63 		.ascii	"tm_calibration_t\000"
 2244      616C6962 
 2244      72617469 
 2244      6F6E5F74 
 2244      00
 2245              	.LASF58:
 2246 0313 725F6375 		.ascii	"r_current\000"
 2246      7272656E 
 2246      7400
 2247              	.LASF57:
 2248 031d 725F6F6C 		.ascii	"r_older\000"
ARM GAS  /tmp/ccwLHK29.s 			page 43


 2248      64657200 
 2249              	.LASF12:
 2250 0325 5F5F7569 		.ascii	"__uint64_t\000"
 2250      6E743634 
 2250      5F7400
 2251              	.LASF21:
 2252 0330 74726566 		.ascii	"trefs_t\000"
 2252      735F7400 
 2253              	.LASF93:
 2254 0338 52455345 		.ascii	"RESERVED0\000"
 2254      52564544 
 2254      3000
 2255              	.LASF131:
 2256 0342 63747870 		.ascii	"ctxp\000"
 2256      00
 2257              	.LASF60:
 2258 0347 76697274 		.ascii	"virtual_timer_t\000"
 2258      75616C5F 
 2258      74696D65 
 2258      725F7400 
 2259              	.LASF29:
 2260 0357 705F7072 		.ascii	"p_prev\000"
 2260      657600
 2261              	.LASF22:
 2262 035e 74707269 		.ascii	"tprio_t\000"
 2262      6F5F7400 
 2263              	.LASF71:
 2264 0366 63685F73 		.ascii	"ch_system_debug\000"
 2264      79737465 
 2264      6D5F6465 
 2264      62756700 
 2265              	.LASF15:
 2266 0376 696E7433 		.ascii	"int32_t\000"
 2266      325F7400 
 2267              	.LASF4:
 2268 037e 756E7369 		.ascii	"unsigned char\000"
 2268      676E6564 
 2268      20636861 
 2268      7200
 2269              	.LASF84:
 2270 038c 53484353 		.ascii	"SHCSR\000"
 2270      5200
 2271              	.LASF132:
 2272 0392 49544D5F 		.ascii	"ITM_RxBuffer\000"
 2272      52784275 
 2272      66666572 
 2272      00
 2273              	.LASF42:
 2274 039f 705F6D74 		.ascii	"p_mtxlist\000"
 2274      786C6973 
 2274      7400
 2275              	.LASF5:
 2276 03a9 73686F72 		.ascii	"short int\000"
 2276      7420696E 
 2276      7400
 2277              	.LASF35:
 2278 03b3 705F7374 		.ascii	"p_state\000"
ARM GAS  /tmp/ccwLHK29.s 			page 44


 2278      61746500 
 2279              	.LASF102:
 2280 03bb 78707372 		.ascii	"xpsr\000"
 2280      00
 2281              	.LASF54:
 2282 03c0 725F7072 		.ascii	"r_prio\000"
 2282      696F00
 2283              	.LASF133:
 2284 03c7 474E5520 		.ascii	"GNU C11 5.3.1 20160307 (release) [ARM/embedded-5-br"
 2284      43313120 
 2284      352E332E 
 2284      31203230 
 2284      31363033 
 2285 03fa 616E6368 		.ascii	"anch revision 234589] -mcpu=cortex-m4 -mno-thumb-in"
 2285      20726576 
 2285      6973696F 
 2285      6E203233 
 2285      34353839 
 2286 042d 74657277 		.ascii	"terwork -mthumb -ggdb -O2 -fomit-frame-pointer -fal"
 2286      6F726B20 
 2286      2D6D7468 
 2286      756D6220 
 2286      2D676764 
 2287 0460 69676E2D 		.ascii	"ign-functions=16 -ffunction-sections -fdata-section"
 2287      66756E63 
 2287      74696F6E 
 2287      733D3136 
 2287      202D6666 
 2288 0493 73202D66 		.ascii	"s -fno-common\000"
 2288      6E6F2D63 
 2288      6F6D6D6F 
 2288      6E00
 2289              	.LASF111:
 2290 04a1 65776D61 		.ascii	"ewmask\000"
 2290      736B00
 2291              	.LASF28:
 2292 04a8 705F6E65 		.ascii	"p_next\000"
 2292      787400
 2293              	.LASF36:
 2294 04af 705F666C 		.ascii	"p_flags\000"
 2294      61677300 
 2295              	.LASF6:
 2296 04b7 73686F72 		.ascii	"short unsigned int\000"
 2296      7420756E 
 2296      7369676E 
 2296      65642069 
 2296      6E7400
 2297              	.LASF101:
 2298 04ca 6C725F74 		.ascii	"lr_thd\000"
 2298      686400
 2299              	.LASF129:
 2300 04d1 5356435F 		.ascii	"SVC_Handler\000"
 2300      48616E64 
 2300      6C657200 
 2301              	.LASF61:
 2302 04dd 63685F76 		.ascii	"ch_virtual_timer\000"
 2302      69727475 
ARM GAS  /tmp/ccwLHK29.s 			page 45


 2302      616C5F74 
 2302      696D6572 
 2302      00
 2303              	.LASF112:
 2304 04ee 63685F73 		.ascii	"ch_semaphore\000"
 2304      656D6170 
 2304      686F7265 
 2304      00
 2305              	.LASF41:
 2306 04fb 705F6570 		.ascii	"p_epending\000"
 2306      656E6469 
 2306      6E6700
 2307              	.LASF16:
 2308 0506 75696E74 		.ascii	"uint32_t\000"
 2308      33325F74 
 2308      00
 2309              	.LASF110:
 2310 050f 77746D74 		.ascii	"wtmtxp\000"
 2310      787000
 2311              	.LASF53:
 2312 0516 725F7175 		.ascii	"r_queue\000"
 2312      65756500 
 2313              	.LASF64:
 2314 051e 76745F64 		.ascii	"vt_delta\000"
 2314      656C7461 
 2314      00
 2315              	.LASF48:
 2316 0527 63685F74 		.ascii	"ch_threads_list\000"
 2316      68726561 
 2316      64735F6C 
 2316      69737400 
 2317              	.LASF11:
 2318 0537 6C6F6E67 		.ascii	"long unsigned int\000"
 2318      20756E73 
 2318      69676E65 
 2318      6420696E 
 2318      7400
 2319              	.LASF119:
 2320 0549 63686172 		.ascii	"char\000"
 2320      00
 2321              	.LASF127:
 2322 054e 706F7274 		.ascii	"port_unlock_from_isr\000"
 2322      5F756E6C 
 2322      6F636B5F 
 2322      66726F6D 
 2322      5F697372 
 2323              	.LASF27:
 2324 0563 74687265 		.ascii	"thread_t\000"
 2324      61645F74 
 2324      00
 2325              	.LASF118:
 2326 056c 6D5F6E65 		.ascii	"m_next\000"
 2326      787400
 2327              	.LASF26:
 2328 0573 73797374 		.ascii	"systime_t\000"
 2328      696D655F 
 2328      7400
ARM GAS  /tmp/ccwLHK29.s 			page 46


 2329              	.LASF43:
 2330 057d 705F7265 		.ascii	"p_realprio\000"
 2330      616C7072 
 2330      696F00
 2331              	.LASF59:
 2332 0588 76746675 		.ascii	"vtfunc_t\000"
 2332      6E635F74 
 2332      00
 2333              	.LASF10:
 2334 0591 5F5F7569 		.ascii	"__uint32_t\000"
 2334      6E743332 
 2334      5F7400
 2335              	.LASF123:
 2336 059c 5F5F7365 		.ascii	"__set_BASEPRI\000"
 2336      745F4241 
 2336      53455052 
 2336      4900
 2337              	.LASF72:
 2338 05aa 70616E69 		.ascii	"panic_msg\000"
 2338      635F6D73 
 2338      6700
 2339              	.LASF103:
 2340 05b4 6F666673 		.ascii	"offset\000"
 2340      657400
 2341              	.LASF98:
 2342 05bb 636F6E74 		.ascii	"context\000"
 2342      65787400 
 2343              	.LASF73:
 2344 05c3 63685F73 		.ascii	"ch_system_t\000"
 2344      79737465 
 2344      6D5F7400 
 2345              	.LASF18:
 2346 05cf 7274636E 		.ascii	"rtcnt_t\000"
 2346      745F7400 
 2347              	.LASF128:
 2348 05d7 706F7274 		.ascii	"port_lock_from_isr\000"
 2348      5F6C6F63 
 2348      6B5F6672 
 2348      6F6D5F69 
 2348      737200
 2349              	.LASF135:
 2350 05ea 5F5F6765 		.ascii	"__get_PSP\000"
 2350      745F5053 
 2350      5000
 2351              	.LASF66:
 2352 05f4 76745F70 		.ascii	"vt_par\000"
 2352      617200
 2353              	.LASF49:
 2354 05fb 74687265 		.ascii	"threads_queue_t\000"
 2354      6164735F 
 2354      71756575 
 2354      655F7400 
 2355              	.LASF115:
 2356 060b 63685F6D 		.ascii	"ch_mutex\000"
 2356      75746578 
 2356      00
 2357              	.LASF37:
ARM GAS  /tmp/ccwLHK29.s 			page 47


 2358 0614 705F7265 		.ascii	"p_refs\000"
 2358      667300
 2359              	.LASF91:
 2360 061b 4D4D4652 		.ascii	"MMFR\000"
 2360      00
 2361              	.LASF75:
 2362 0620 726C6973 		.ascii	"rlist\000"
 2362      7400
 2363              	.LASF14:
 2364 0626 75696E74 		.ascii	"uint8_t\000"
 2364      385F7400 
 2365              	.LASF107:
 2366 062e 77746F62 		.ascii	"wtobjp\000"
 2366      6A7000
 2367              	.LASF34:
 2368 0635 705F6E61 		.ascii	"p_name\000"
 2368      6D6500
 2369              	.LASF40:
 2370 063c 705F6D73 		.ascii	"p_msg\000"
 2370      6700
 2371              	.LASF94:
 2372 0642 43504143 		.ascii	"CPACR\000"
 2372      5200
 2373              	.LASF86:
 2374 0648 48465352 		.ascii	"HFSR\000"
 2374      00
 2375              	.LASF117:
 2376 064d 6D5F6F77 		.ascii	"m_owner\000"
 2376      6E657200 
 2377              	.LASF136:
 2378 0655 72657375 		.ascii	"result\000"
 2378      6C7400
 2379              	.LASF31:
 2380 065c 705F6374 		.ascii	"p_ctx\000"
 2380      7800
 2381              	.LASF65:
 2382 0662 76745F66 		.ascii	"vt_func\000"
 2382      756E6300 
 2383              		.ident	"GCC: (GNU Tools for ARM Embedded Processors) 5.3.1 20160307 (release) [ARM/embedded-5-bran
ARM GAS  /tmp/ccwLHK29.s 			page 48


DEFINED SYMBOLS
                            *ABS*:0000000000000000 chcore_v7m.c
     /tmp/ccwLHK29.s:20     .text.SVC_Handler:0000000000000000 $t
     /tmp/ccwLHK29.s:26     .text.SVC_Handler:0000000000000000 SVC_Handler
     /tmp/ccwLHK29.s:86     .text._port_irq_epilogue:0000000000000000 $t
     /tmp/ccwLHK29.s:92     .text._port_irq_epilogue:0000000000000000 _port_irq_epilogue
     /tmp/ccwLHK29.s:196    .text._port_irq_epilogue:0000000000000044 $d
                     .debug_frame:0000000000000010 $d

UNDEFINED SYMBOLS
chSchIsPreemptionRequired
_port_switch_from_isr
_port_exit_from_isr
