ARM GAS  /tmp/ccGL1cF5.s 			page 1


   1              		.cpu cortex-m4
   2              		.eabi_attribute 20, 1
   3              		.eabi_attribute 21, 1
   4              		.eabi_attribute 23, 3
   5              		.eabi_attribute 24, 1
   6              		.eabi_attribute 25, 1
   7              		.eabi_attribute 26, 1
   8              		.eabi_attribute 30, 2
   9              		.eabi_attribute 34, 1
  10              		.eabi_attribute 18, 4
  11              		.file	"chdebug.c"
  12              		.text
  13              	.Ltext0:
  14              		.cfi_sections	.debug_frame
  15              	.Letext0:
  16              		.file 1 "/usr/arm-none-eabi/include/machine/_default_types.h"
  17              		.file 2 "/usr/arm-none-eabi/include/sys/_stdint.h"
  18              		.file 3 "/home/selim/working/ChibiOS/os/rt/ports/ARMCMx/compilers/GCC/chtypes.h"
  19              		.file 4 "/home/selim/working/ChibiOS/os/rt/include/chsystypes.h"
  20              		.file 5 "/home/selim/working/ChibiOS/os/rt/include/chschd.h"
  21              		.file 6 "/home/selim/working/ChibiOS/os/ext/CMSIS/include/core_cm4.h"
  22              		.file 7 "/home/selim/working/ChibiOS/os/ext/CMSIS/ST/system_stm32f4xx.h"
  23              		.file 8 "/home/selim/working/ChibiOS/os/rt/ports/ARMCMx/chcore.h"
  24              		.file 9 "/home/selim/working/ChibiOS/os/rt/ports/ARMCMx/chcore_v7m.h"
  25              		.file 10 "/home/selim/working/ChibiOS/os/rt/include/chtm.h"
  26              		.file 11 "/home/selim/working/ChibiOS/os/rt/include/chsem.h"
  27              		.file 12 "/home/selim/working/ChibiOS/os/rt/include/chmtx.h"
  28              		.file 13 "/home/selim/working/ChibiOS/os/rt/include/chregistry.h"
  29              		.section	.debug_info,"",%progbits
  30              	.Ldebug_info0:
  31 0000 57070000 		.4byte	0x757
  32 0004 0400     		.2byte	0x4
  33 0006 00000000 		.4byte	.Ldebug_abbrev0
  34 000a 04       		.byte	0x4
  35 000b 01       		.uleb128 0x1
  36 000c B1020000 		.4byte	.LASF126
  37 0010 0C       		.byte	0xc
  38 0011 97030000 		.4byte	.LASF127
  39 0015 00000000 		.4byte	.Ldebug_line0
  40 0019 02       		.uleb128 0x2
  41 001a 04       		.byte	0x4
  42 001b 05       		.byte	0x5
  43 001c 696E7400 		.ascii	"int\000"
  44 0020 03       		.uleb128 0x3
  45 0021 04       		.byte	0x4
  46 0022 07       		.byte	0x7
  47 0023 9B010000 		.4byte	.LASF0
  48 0027 03       		.uleb128 0x3
  49 0028 08       		.byte	0x8
  50 0029 05       		.byte	0x5
  51 002a D6000000 		.4byte	.LASF1
  52 002e 03       		.uleb128 0x3
  53 002f 08       		.byte	0x8
  54 0030 04       		.byte	0x4
  55 0031 A5020000 		.4byte	.LASF2
  56 0035 03       		.uleb128 0x3
  57 0036 01       		.byte	0x1
ARM GAS  /tmp/ccGL1cF5.s 			page 2


  58 0037 06       		.byte	0x6
  59 0038 E4000000 		.4byte	.LASF3
  60 003c 04       		.uleb128 0x4
  61 003d 30000000 		.4byte	.LASF6
  62 0041 01       		.byte	0x1
  63 0042 2B       		.byte	0x2b
  64 0043 47000000 		.4byte	0x47
  65 0047 03       		.uleb128 0x3
  66 0048 01       		.byte	0x1
  67 0049 08       		.byte	0x8
  68 004a 5F040000 		.4byte	.LASF4
  69 004e 03       		.uleb128 0x3
  70 004f 02       		.byte	0x2
  71 0050 05       		.byte	0x5
  72 0051 77040000 		.4byte	.LASF5
  73 0055 04       		.uleb128 0x4
  74 0056 5F050000 		.4byte	.LASF7
  75 005a 01       		.byte	0x1
  76 005b 39       		.byte	0x39
  77 005c 60000000 		.4byte	0x60
  78 0060 03       		.uleb128 0x3
  79 0061 02       		.byte	0x2
  80 0062 07       		.byte	0x7
  81 0063 EA010000 		.4byte	.LASF8
  82 0067 04       		.uleb128 0x4
  83 0068 3F020000 		.4byte	.LASF9
  84 006c 01       		.byte	0x1
  85 006d 4D       		.byte	0x4d
  86 006e 72000000 		.4byte	0x72
  87 0072 03       		.uleb128 0x3
  88 0073 04       		.byte	0x4
  89 0074 05       		.byte	0x5
  90 0075 2E010000 		.4byte	.LASF10
  91 0079 04       		.uleb128 0x4
  92 007a 98050000 		.4byte	.LASF11
  93 007e 01       		.byte	0x1
  94 007f 4F       		.byte	0x4f
  95 0080 84000000 		.4byte	0x84
  96 0084 03       		.uleb128 0x3
  97 0085 04       		.byte	0x4
  98 0086 07       		.byte	0x7
  99 0087 41050000 		.4byte	.LASF12
 100 008b 04       		.uleb128 0x4
 101 008c 0A040000 		.4byte	.LASF13
 102 0090 01       		.byte	0x1
 103 0091 69       		.byte	0x69
 104 0092 96000000 		.4byte	0x96
 105 0096 03       		.uleb128 0x3
 106 0097 08       		.byte	0x8
 107 0098 07       		.byte	0x7
 108 0099 55000000 		.4byte	.LASF14
 109 009d 04       		.uleb128 0x4
 110 009e EC050000 		.4byte	.LASF15
 111 00a2 02       		.byte	0x2
 112 00a3 18       		.byte	0x18
 113 00a4 3C000000 		.4byte	0x3c
 114 00a8 04       		.uleb128 0x4
ARM GAS  /tmp/ccGL1cF5.s 			page 3


 115 00a9 B0010000 		.4byte	.LASF16
 116 00ad 02       		.byte	0x2
 117 00ae 24       		.byte	0x24
 118 00af 55000000 		.4byte	0x55
 119 00b3 04       		.uleb128 0x4
 120 00b4 57040000 		.4byte	.LASF17
 121 00b8 02       		.byte	0x2
 122 00b9 2C       		.byte	0x2c
 123 00ba 67000000 		.4byte	0x67
 124 00be 05       		.uleb128 0x5
 125 00bf B3000000 		.4byte	0xb3
 126 00c3 04       		.uleb128 0x4
 127 00c4 03050000 		.4byte	.LASF18
 128 00c8 02       		.byte	0x2
 129 00c9 30       		.byte	0x30
 130 00ca 79000000 		.4byte	0x79
 131 00ce 04       		.uleb128 0x4
 132 00cf 27000000 		.4byte	.LASF19
 133 00d3 02       		.byte	0x2
 134 00d4 3C       		.byte	0x3c
 135 00d5 8B000000 		.4byte	0x8b
 136 00d9 04       		.uleb128 0x4
 137 00da BC050000 		.4byte	.LASF20
 138 00de 03       		.byte	0x3
 139 00df 46       		.byte	0x46
 140 00e0 C3000000 		.4byte	0xc3
 141 00e4 04       		.uleb128 0x4
 142 00e5 9E040000 		.4byte	.LASF21
 143 00e9 03       		.byte	0x3
 144 00ea 49       		.byte	0x49
 145 00eb 9D000000 		.4byte	0x9d
 146 00ef 04       		.uleb128 0x4
 147 00f0 37010000 		.4byte	.LASF22
 148 00f4 03       		.byte	0x3
 149 00f5 4A       		.byte	0x4a
 150 00f6 9D000000 		.4byte	0x9d
 151 00fa 04       		.uleb128 0x4
 152 00fb 15040000 		.4byte	.LASF23
 153 00ff 03       		.byte	0x3
 154 0100 4B       		.byte	0x4b
 155 0101 9D000000 		.4byte	0x9d
 156 0105 04       		.uleb128 0x4
 157 0106 3F040000 		.4byte	.LASF24
 158 010a 03       		.byte	0x3
 159 010b 4D       		.byte	0x4d
 160 010c C3000000 		.4byte	0xc3
 161 0110 04       		.uleb128 0x4
 162 0111 07020000 		.4byte	.LASF25
 163 0115 03       		.byte	0x3
 164 0116 4E       		.byte	0x4e
 165 0117 B3000000 		.4byte	0xb3
 166 011b 04       		.uleb128 0x4
 167 011c 33020000 		.4byte	.LASF26
 168 0120 03       		.byte	0x3
 169 0121 50       		.byte	0x50
 170 0122 C3000000 		.4byte	0xc3
 171 0126 04       		.uleb128 0x4
ARM GAS  /tmp/ccGL1cF5.s 			page 4


 172 0127 95010000 		.4byte	.LASF27
 173 012b 03       		.byte	0x3
 174 012c 52       		.byte	0x52
 175 012d B3000000 		.4byte	0xb3
 176 0131 04       		.uleb128 0x4
 177 0132 7A050000 		.4byte	.LASF28
 178 0136 04       		.byte	0x4
 179 0137 33       		.byte	0x33
 180 0138 C3000000 		.4byte	0xc3
 181 013c 04       		.uleb128 0x4
 182 013d 6A050000 		.4byte	.LASF29
 183 0141 04       		.byte	0x4
 184 0142 3F       		.byte	0x3f
 185 0143 47010000 		.4byte	0x147
 186 0147 06       		.uleb128 0x6
 187 0148 FD010000 		.4byte	.LASF49
 188 014c 44       		.byte	0x44
 189 014d 05       		.byte	0x5
 190 014e C2       		.byte	0xc2
 191 014f 34020000 		.4byte	0x234
 192 0153 07       		.uleb128 0x7
 193 0154 97040000 		.4byte	.LASF30
 194 0158 05       		.byte	0x5
 195 0159 C3       		.byte	0xc3
 196 015a 3F020000 		.4byte	0x23f
 197 015e 00       		.byte	0
 198 015f 07       		.uleb128 0x7
 199 0160 38040000 		.4byte	.LASF31
 200 0164 05       		.byte	0x5
 201 0165 C5       		.byte	0xc5
 202 0166 3F020000 		.4byte	0x23f
 203 016a 04       		.byte	0x4
 204 016b 07       		.uleb128 0x7
 205 016c C2000000 		.4byte	.LASF32
 206 0170 05       		.byte	0x5
 207 0171 C7       		.byte	0xc7
 208 0172 05010000 		.4byte	0x105
 209 0176 08       		.byte	0x8
 210 0177 07       		.uleb128 0x7
 211 0178 E1030000 		.4byte	.LASF33
 212 017c 05       		.byte	0x5
 213 017d C8       		.byte	0xc8
 214 017e 86040000 		.4byte	0x486
 215 0182 0C       		.byte	0xc
 216 0183 07       		.uleb128 0x7
 217 0184 55010000 		.4byte	.LASF34
 218 0188 05       		.byte	0x5
 219 0189 CA       		.byte	0xca
 220 018a 3F020000 		.4byte	0x23f
 221 018e 10       		.byte	0x10
 222 018f 07       		.uleb128 0x7
 223 0190 D3030000 		.4byte	.LASF35
 224 0194 05       		.byte	0x5
 225 0195 CB       		.byte	0xcb
 226 0196 3F020000 		.4byte	0x23f
 227 019a 14       		.byte	0x14
 228 019b 07       		.uleb128 0x7
ARM GAS  /tmp/ccGL1cF5.s 			page 5


 229 019c 07060000 		.4byte	.LASF36
 230 01a0 05       		.byte	0x5
 231 01a1 D2       		.byte	0xd2
 232 01a2 05060000 		.4byte	0x605
 233 01a6 18       		.byte	0x18
 234 01a7 07       		.uleb128 0x7
 235 01a8 81040000 		.4byte	.LASF37
 236 01ac 05       		.byte	0x5
 237 01ad DD       		.byte	0xdd
 238 01ae EF000000 		.4byte	0xef
 239 01b2 1C       		.byte	0x1c
 240 01b3 07       		.uleb128 0x7
 241 01b4 B5040000 		.4byte	.LASF38
 242 01b8 05       		.byte	0x5
 243 01b9 E1       		.byte	0xe1
 244 01ba E4000000 		.4byte	0xe4
 245 01be 1D       		.byte	0x1d
 246 01bf 07       		.uleb128 0x7
 247 01c0 DF050000 		.4byte	.LASF39
 248 01c4 05       		.byte	0x5
 249 01c5 E6       		.byte	0xe6
 250 01c6 FA000000 		.4byte	0xfa
 251 01ca 1E       		.byte	0x1e
 252 01cb 08       		.uleb128 0x8
 253 01cc 705F7500 		.ascii	"p_u\000"
 254 01d0 05       		.byte	0x5
 255 01d1 3101     		.2byte	0x131
 256 01d3 40050000 		.4byte	0x540
 257 01d7 20       		.byte	0x20
 258 01d8 09       		.uleb128 0x9
 259 01d9 68020000 		.4byte	.LASF40
 260 01dd 05       		.byte	0x5
 261 01de 3601     		.2byte	0x136
 262 01e0 45020000 		.4byte	0x245
 263 01e4 24       		.byte	0x24
 264 01e5 09       		.uleb128 0x9
 265 01e6 D0010000 		.4byte	.LASF41
 266 01ea 05       		.byte	0x5
 267 01eb 3C01     		.2byte	0x13c
 268 01ed 69020000 		.4byte	0x269
 269 01f1 28       		.byte	0x28
 270 01f2 09       		.uleb128 0x9
 271 01f3 1D060000 		.4byte	.LASF42
 272 01f7 05       		.byte	0x5
 273 01f8 4001     		.2byte	0x140
 274 01fa 10010000 		.4byte	0x110
 275 01fe 30       		.byte	0x30
 276 01ff 09       		.uleb128 0x9
 277 0200 F8040000 		.4byte	.LASF43
 278 0204 05       		.byte	0x5
 279 0205 4601     		.2byte	0x146
 280 0207 1B010000 		.4byte	0x11b
 281 020b 34       		.byte	0x34
 282 020c 09       		.uleb128 0x9
 283 020d 6D040000 		.4byte	.LASF44
 284 0211 05       		.byte	0x5
 285 0212 4D01     		.2byte	0x14d
ARM GAS  /tmp/ccGL1cF5.s 			page 6


 286 0214 FF050000 		.4byte	0x5ff
 287 0218 38       		.byte	0x38
 288 0219 09       		.uleb128 0x9
 289 021a 84050000 		.4byte	.LASF45
 290 021e 05       		.byte	0x5
 291 021f 5101     		.2byte	0x151
 292 0221 05010000 		.4byte	0x105
 293 0225 3C       		.byte	0x3c
 294 0226 09       		.uleb128 0x9
 295 0227 0D010000 		.4byte	.LASF46
 296 022b 05       		.byte	0x5
 297 022c 5801     		.2byte	0x158
 298 022e 1C030000 		.4byte	0x31c
 299 0232 40       		.byte	0x40
 300 0233 00       		.byte	0
 301 0234 04       		.uleb128 0x4
 302 0235 7B020000 		.4byte	.LASF47
 303 0239 04       		.byte	0x4
 304 023a 44       		.byte	0x44
 305 023b 3F020000 		.4byte	0x23f
 306 023f 0A       		.uleb128 0xa
 307 0240 04       		.byte	0x4
 308 0241 3C010000 		.4byte	0x13c
 309 0245 04       		.uleb128 0x4
 310 0246 0E060000 		.4byte	.LASF48
 311 024a 04       		.byte	0x4
 312 024b 49       		.byte	0x49
 313 024c 50020000 		.4byte	0x250
 314 0250 06       		.uleb128 0x6
 315 0251 29050000 		.4byte	.LASF50
 316 0255 04       		.byte	0x4
 317 0256 05       		.byte	0x5
 318 0257 B0       		.byte	0xb0
 319 0258 69020000 		.4byte	0x269
 320 025c 07       		.uleb128 0x7
 321 025d 97040000 		.4byte	.LASF30
 322 0261 05       		.byte	0x5
 323 0262 B1       		.byte	0xb1
 324 0263 3F020000 		.4byte	0x23f
 325 0267 00       		.byte	0
 326 0268 00       		.byte	0
 327 0269 04       		.uleb128 0x4
 328 026a BD040000 		.4byte	.LASF51
 329 026e 04       		.byte	0x4
 330 026f 50       		.byte	0x50
 331 0270 74020000 		.4byte	0x274
 332 0274 06       		.uleb128 0x6
 333 0275 B1000000 		.4byte	.LASF52
 334 0279 08       		.byte	0x8
 335 027a 05       		.byte	0x5
 336 027b B7       		.byte	0xb7
 337 027c 99020000 		.4byte	0x299
 338 0280 07       		.uleb128 0x7
 339 0281 97040000 		.4byte	.LASF30
 340 0285 05       		.byte	0x5
 341 0286 B8       		.byte	0xb8
 342 0287 3F020000 		.4byte	0x23f
ARM GAS  /tmp/ccGL1cF5.s 			page 7


 343 028b 00       		.byte	0
 344 028c 07       		.uleb128 0x7
 345 028d 38040000 		.4byte	.LASF31
 346 0291 05       		.byte	0x5
 347 0292 B9       		.byte	0xb9
 348 0293 3F020000 		.4byte	0x23f
 349 0297 04       		.byte	0x4
 350 0298 00       		.byte	0
 351 0299 04       		.uleb128 0x4
 352 029a 0D000000 		.4byte	.LASF53
 353 029e 04       		.byte	0x4
 354 029f 57       		.byte	0x57
 355 02a0 A4020000 		.4byte	0x2a4
 356 02a4 0B       		.uleb128 0xb
 357 02a5 25020000 		.4byte	.LASF54
 358 02a9 1C       		.byte	0x1c
 359 02aa 05       		.byte	0x5
 360 02ab 9001     		.2byte	0x190
 361 02ad 00030000 		.4byte	0x300
 362 02b1 09       		.uleb128 0x9
 363 02b2 18050000 		.4byte	.LASF55
 364 02b6 05       		.byte	0x5
 365 02b7 9101     		.2byte	0x191
 366 02b9 69020000 		.4byte	0x269
 367 02bd 00       		.byte	0
 368 02be 09       		.uleb128 0x9
 369 02bf 89040000 		.4byte	.LASF56
 370 02c3 05       		.byte	0x5
 371 02c4 9201     		.2byte	0x192
 372 02c6 05010000 		.4byte	0x105
 373 02ca 08       		.byte	0x8
 374 02cb 09       		.uleb128 0x9
 375 02cc DB030000 		.4byte	.LASF57
 376 02d0 05       		.byte	0x5
 377 02d1 9401     		.2byte	0x194
 378 02d3 86040000 		.4byte	0x486
 379 02d7 0C       		.byte	0xc
 380 02d8 09       		.uleb128 0x9
 381 02d9 65010000 		.4byte	.LASF58
 382 02dd 05       		.byte	0x5
 383 02de 9701     		.2byte	0x197
 384 02e0 3F020000 		.4byte	0x23f
 385 02e4 10       		.byte	0x10
 386 02e5 09       		.uleb128 0x9
 387 02e6 02040000 		.4byte	.LASF59
 388 02ea 05       		.byte	0x5
 389 02eb 9801     		.2byte	0x198
 390 02ed 3F020000 		.4byte	0x23f
 391 02f1 14       		.byte	0x14
 392 02f2 09       		.uleb128 0x9
 393 02f3 F8030000 		.4byte	.LASF60
 394 02f7 05       		.byte	0x5
 395 02f8 9B01     		.2byte	0x19b
 396 02fa 3F020000 		.4byte	0x23f
 397 02fe 18       		.byte	0x18
 398 02ff 00       		.byte	0
 399 0300 04       		.uleb128 0x4
ARM GAS  /tmp/ccGL1cF5.s 			page 8


 400 0301 8F050000 		.4byte	.LASF61
 401 0305 04       		.byte	0x4
 402 0306 5C       		.byte	0x5c
 403 0307 0B030000 		.4byte	0x30b
 404 030b 0A       		.uleb128 0xa
 405 030c 04       		.byte	0x4
 406 030d 11030000 		.4byte	0x311
 407 0311 0C       		.uleb128 0xc
 408 0312 1C030000 		.4byte	0x31c
 409 0316 0D       		.uleb128 0xd
 410 0317 1C030000 		.4byte	0x31c
 411 031b 00       		.byte	0
 412 031c 0E       		.uleb128 0xe
 413 031d 04       		.byte	0x4
 414 031e 04       		.uleb128 0x4
 415 031f 28040000 		.4byte	.LASF62
 416 0323 04       		.byte	0x4
 417 0324 61       		.byte	0x61
 418 0325 29030000 		.4byte	0x329
 419 0329 0B       		.uleb128 0xb
 420 032a CD040000 		.4byte	.LASF63
 421 032e 14       		.byte	0x14
 422 032f 05       		.byte	0x5
 423 0330 6B01     		.2byte	0x16b
 424 0332 78030000 		.4byte	0x378
 425 0336 09       		.uleb128 0x9
 426 0337 A8010000 		.4byte	.LASF64
 427 033b 05       		.byte	0x5
 428 033c 6C01     		.2byte	0x16c
 429 033e 1C060000 		.4byte	0x61c
 430 0342 00       		.byte	0
 431 0343 09       		.uleb128 0x9
 432 0344 76010000 		.4byte	.LASF65
 433 0348 05       		.byte	0x5
 434 0349 6D01     		.2byte	0x16d
 435 034b 1C060000 		.4byte	0x61c
 436 034f 04       		.byte	0x4
 437 0350 09       		.uleb128 0x9
 438 0351 20050000 		.4byte	.LASF66
 439 0355 05       		.byte	0x5
 440 0356 6E01     		.2byte	0x16e
 441 0358 31010000 		.4byte	0x131
 442 035c 08       		.byte	0x8
 443 035d 09       		.uleb128 0x9
 444 035e 39060000 		.4byte	.LASF67
 445 0362 05       		.byte	0x5
 446 0363 6F01     		.2byte	0x16f
 447 0365 00030000 		.4byte	0x300
 448 0369 0C       		.byte	0xc
 449 036a 09       		.uleb128 0x9
 450 036b C4050000 		.4byte	.LASF68
 451 036f 05       		.byte	0x5
 452 0370 7101     		.2byte	0x171
 453 0372 1C030000 		.4byte	0x31c
 454 0376 10       		.byte	0x10
 455 0377 00       		.byte	0
 456 0378 04       		.uleb128 0x4
ARM GAS  /tmp/ccGL1cF5.s 			page 9


 457 0379 8E000000 		.4byte	.LASF69
 458 037d 04       		.byte	0x4
 459 037e 66       		.byte	0x66
 460 037f 83030000 		.4byte	0x383
 461 0383 0B       		.uleb128 0xb
 462 0384 8E020000 		.4byte	.LASF70
 463 0388 10       		.byte	0x10
 464 0389 05       		.byte	0x5
 465 038a 7B01     		.2byte	0x17b
 466 038c C5030000 		.4byte	0x3c5
 467 0390 09       		.uleb128 0x9
 468 0391 A8010000 		.4byte	.LASF64
 469 0395 05       		.byte	0x5
 470 0396 7C01     		.2byte	0x17c
 471 0398 1C060000 		.4byte	0x61c
 472 039c 00       		.byte	0
 473 039d 09       		.uleb128 0x9
 474 039e 76010000 		.4byte	.LASF65
 475 03a2 05       		.byte	0x5
 476 03a3 7E01     		.2byte	0x17e
 477 03a5 1C060000 		.4byte	0x61c
 478 03a9 04       		.byte	0x4
 479 03aa 09       		.uleb128 0x9
 480 03ab 20050000 		.4byte	.LASF66
 481 03af 05       		.byte	0x5
 482 03b0 8001     		.2byte	0x180
 483 03b2 31010000 		.4byte	0x131
 484 03b6 08       		.byte	0x8
 485 03b7 09       		.uleb128 0x9
 486 03b8 F4050000 		.4byte	.LASF71
 487 03bc 05       		.byte	0x5
 488 03bd 8801     		.2byte	0x188
 489 03bf 31010000 		.4byte	0x131
 490 03c3 0C       		.byte	0xc
 491 03c4 00       		.byte	0
 492 03c5 04       		.uleb128 0x4
 493 03c6 46000000 		.4byte	.LASF72
 494 03ca 04       		.byte	0x4
 495 03cb 6B       		.byte	0x6b
 496 03cc D0030000 		.4byte	0x3d0
 497 03d0 0B       		.uleb128 0xb
 498 03d1 47040000 		.4byte	.LASF73
 499 03d5 04       		.byte	0x4
 500 03d6 05       		.byte	0x5
 501 03d7 A201     		.2byte	0x1a2
 502 03d9 EB030000 		.4byte	0x3eb
 503 03dd 09       		.uleb128 0x9
 504 03de A3050000 		.4byte	.LASF74
 505 03e2 05       		.byte	0x5
 506 03e3 AA01     		.2byte	0x1aa
 507 03e5 0B060000 		.4byte	0x60b
 508 03e9 00       		.byte	0
 509 03ea 00       		.byte	0
 510 03eb 04       		.uleb128 0x4
 511 03ec 0D020000 		.4byte	.LASF75
 512 03f0 04       		.byte	0x4
 513 03f1 70       		.byte	0x70
ARM GAS  /tmp/ccGL1cF5.s 			page 10


 514 03f2 F6030000 		.4byte	0x3f6
 515 03f6 0F       		.uleb128 0xf
 516 03f7 24010000 		.4byte	.LASF76
 517 03fb 5001     		.2byte	0x150
 518 03fd 05       		.byte	0x5
 519 03fe C201     		.2byte	0x1c2
 520 0400 52040000 		.4byte	0x452
 521 0404 09       		.uleb128 0x9
 522 0405 E6050000 		.4byte	.LASF77
 523 0409 05       		.byte	0x5
 524 040a C601     		.2byte	0x1c6
 525 040c 99020000 		.4byte	0x299
 526 0410 00       		.byte	0
 527 0411 09       		.uleb128 0x9
 528 0412 1D010000 		.4byte	.LASF78
 529 0416 05       		.byte	0x5
 530 0417 CA01     		.2byte	0x1ca
 531 0419 78030000 		.4byte	0x378
 532 041d 1C       		.byte	0x1c
 533 041e 08       		.uleb128 0x8
 534 041f 64626700 		.ascii	"dbg\000"
 535 0423 05       		.byte	0x5
 536 0424 CE01     		.2byte	0x1ce
 537 0426 C5030000 		.4byte	0x3c5
 538 042a 2C       		.byte	0x2c
 539 042b 09       		.uleb128 0x9
 540 042c 83000000 		.4byte	.LASF79
 541 0430 05       		.byte	0x5
 542 0431 D201     		.2byte	0x1d2
 543 0433 3C010000 		.4byte	0x13c
 544 0437 30       		.byte	0x30
 545 0438 08       		.uleb128 0x8
 546 0439 746D00   		.ascii	"tm\000"
 547 043c 05       		.byte	0x5
 548 043d D701     		.2byte	0x1d7
 549 043f 35050000 		.4byte	0x535
 550 0443 74       		.byte	0x74
 551 0444 09       		.uleb128 0x9
 552 0445 86010000 		.4byte	.LASF80
 553 0449 05       		.byte	0x5
 554 044a E301     		.2byte	0x1e3
 555 044c 22060000 		.4byte	0x622
 556 0450 78       		.byte	0x78
 557 0451 00       		.byte	0
 558 0452 03       		.uleb128 0x3
 559 0453 04       		.byte	0x4
 560 0454 07       		.byte	0x7
 561 0455 72020000 		.4byte	.LASF81
 562 0459 10       		.uleb128 0x10
 563 045a A4000000 		.4byte	.LASF82
 564 045e 06       		.byte	0x6
 565 045f A706     		.2byte	0x6a7
 566 0461 BE000000 		.4byte	0xbe
 567 0465 11       		.uleb128 0x11
 568 0466 B9010000 		.4byte	.LASF83
 569 046a 07       		.byte	0x7
 570 046b 4C       		.byte	0x4c
ARM GAS  /tmp/ccGL1cF5.s 			page 11


 571 046c C3000000 		.4byte	0xc3
 572 0470 04       		.uleb128 0x4
 573 0471 6D010000 		.4byte	.LASF84
 574 0475 08       		.byte	0x8
 575 0476 65       		.byte	0x65
 576 0477 1C030000 		.4byte	0x31c
 577 047b 04       		.uleb128 0x4
 578 047c 49020000 		.4byte	.LASF85
 579 0480 08       		.byte	0x8
 580 0481 6D       		.byte	0x6d
 581 0482 CE000000 		.4byte	0xce
 582 0486 06       		.uleb128 0x6
 583 0487 B4050000 		.4byte	.LASF86
 584 048b 04       		.byte	0x4
 585 048c 08       		.byte	0x8
 586 048d 89       		.byte	0x89
 587 048e 9F040000 		.4byte	0x49f
 588 0492 12       		.uleb128 0x12
 589 0493 72313300 		.ascii	"r13\000"
 590 0497 08       		.byte	0x8
 591 0498 8A       		.byte	0x8a
 592 0499 1A050000 		.4byte	0x51a
 593 049d 00       		.byte	0
 594 049e 00       		.byte	0
 595 049f 06       		.uleb128 0x6
 596 04a0 3A000000 		.4byte	.LASF87
 597 04a4 24       		.byte	0x24
 598 04a5 09       		.byte	0x9
 599 04a6 F4       		.byte	0xf4
 600 04a7 1A050000 		.4byte	0x51a
 601 04ab 08       		.uleb128 0x8
 602 04ac 723400   		.ascii	"r4\000"
 603 04af 09       		.byte	0x9
 604 04b0 0701     		.2byte	0x107
 605 04b2 70040000 		.4byte	0x470
 606 04b6 00       		.byte	0
 607 04b7 08       		.uleb128 0x8
 608 04b8 723500   		.ascii	"r5\000"
 609 04bb 09       		.byte	0x9
 610 04bc 0801     		.2byte	0x108
 611 04be 70040000 		.4byte	0x470
 612 04c2 04       		.byte	0x4
 613 04c3 08       		.uleb128 0x8
 614 04c4 723600   		.ascii	"r6\000"
 615 04c7 09       		.byte	0x9
 616 04c8 0901     		.2byte	0x109
 617 04ca 70040000 		.4byte	0x470
 618 04ce 08       		.byte	0x8
 619 04cf 08       		.uleb128 0x8
 620 04d0 723700   		.ascii	"r7\000"
 621 04d3 09       		.byte	0x9
 622 04d4 0A01     		.2byte	0x10a
 623 04d6 70040000 		.4byte	0x470
 624 04da 0C       		.byte	0xc
 625 04db 08       		.uleb128 0x8
 626 04dc 723800   		.ascii	"r8\000"
 627 04df 09       		.byte	0x9
ARM GAS  /tmp/ccGL1cF5.s 			page 12


 628 04e0 0B01     		.2byte	0x10b
 629 04e2 70040000 		.4byte	0x470
 630 04e6 10       		.byte	0x10
 631 04e7 08       		.uleb128 0x8
 632 04e8 723900   		.ascii	"r9\000"
 633 04eb 09       		.byte	0x9
 634 04ec 0C01     		.2byte	0x10c
 635 04ee 70040000 		.4byte	0x470
 636 04f2 14       		.byte	0x14
 637 04f3 08       		.uleb128 0x8
 638 04f4 72313000 		.ascii	"r10\000"
 639 04f8 09       		.byte	0x9
 640 04f9 0D01     		.2byte	0x10d
 641 04fb 70040000 		.4byte	0x470
 642 04ff 18       		.byte	0x18
 643 0500 08       		.uleb128 0x8
 644 0501 72313100 		.ascii	"r11\000"
 645 0505 09       		.byte	0x9
 646 0506 0E01     		.2byte	0x10e
 647 0508 70040000 		.4byte	0x470
 648 050c 1C       		.byte	0x1c
 649 050d 08       		.uleb128 0x8
 650 050e 6C7200   		.ascii	"lr\000"
 651 0511 09       		.byte	0x9
 652 0512 0F01     		.2byte	0x10f
 653 0514 70040000 		.4byte	0x470
 654 0518 20       		.byte	0x20
 655 0519 00       		.byte	0
 656 051a 0A       		.uleb128 0xa
 657 051b 04       		.byte	0x4
 658 051c 9F040000 		.4byte	0x49f
 659 0520 13       		.uleb128 0x13
 660 0521 04       		.byte	0x4
 661 0522 0A       		.byte	0xa
 662 0523 38       		.byte	0x38
 663 0524 35050000 		.4byte	0x535
 664 0528 07       		.uleb128 0x7
 665 0529 AD050000 		.4byte	.LASF88
 666 052d 0A       		.byte	0xa
 667 052e 3C       		.byte	0x3c
 668 052f D9000000 		.4byte	0xd9
 669 0533 00       		.byte	0
 670 0534 00       		.byte	0
 671 0535 04       		.uleb128 0x4
 672 0536 E7030000 		.4byte	.LASF89
 673 053a 0A       		.byte	0xa
 674 053b 3D       		.byte	0x3d
 675 053c 20050000 		.4byte	0x520
 676 0540 14       		.uleb128 0x14
 677 0541 04       		.byte	0x4
 678 0542 05       		.byte	0x5
 679 0543 FA       		.byte	0xfa
 680 0544 9D050000 		.4byte	0x59d
 681 0548 15       		.uleb128 0x15
 682 0549 20000000 		.4byte	.LASF90
 683 054d 05       		.byte	0x5
 684 054e 0101     		.2byte	0x101
ARM GAS  /tmp/ccGL1cF5.s 			page 13


 685 0550 10010000 		.4byte	0x110
 686 0554 15       		.uleb128 0x15
 687 0555 7A000000 		.4byte	.LASF91
 688 0559 05       		.byte	0x5
 689 055a 0801     		.2byte	0x108
 690 055c 10010000 		.4byte	0x110
 691 0560 15       		.uleb128 0x15
 692 0561 00060000 		.4byte	.LASF92
 693 0565 05       		.byte	0x5
 694 0566 0F01     		.2byte	0x10f
 695 0568 1C030000 		.4byte	0x31c
 696 056c 15       		.uleb128 0x15
 697 056d 1A000000 		.4byte	.LASF93
 698 0571 05       		.byte	0x5
 699 0572 1601     		.2byte	0x116
 700 0574 9D050000 		.4byte	0x59d
 701 0578 15       		.uleb128 0x15
 702 0579 C9010000 		.4byte	.LASF94
 703 057d 05       		.byte	0x5
 704 057e 1E01     		.2byte	0x11e
 705 0580 C8050000 		.4byte	0x5c8
 706 0584 15       		.uleb128 0x15
 707 0585 58050000 		.4byte	.LASF95
 708 0589 05       		.byte	0x5
 709 058a 2701     		.2byte	0x127
 710 058c FF050000 		.4byte	0x5ff
 711 0590 15       		.uleb128 0x15
 712 0591 90040000 		.4byte	.LASF96
 713 0595 05       		.byte	0x5
 714 0596 2F01     		.2byte	0x12f
 715 0598 1B010000 		.4byte	0x11b
 716 059c 00       		.byte	0
 717 059d 0A       		.uleb128 0xa
 718 059e 04       		.byte	0x4
 719 059f 34020000 		.4byte	0x234
 720 05a3 06       		.uleb128 0x6
 721 05a4 EB040000 		.4byte	.LASF97
 722 05a8 0C       		.byte	0xc
 723 05a9 0B       		.byte	0xb
 724 05aa 34       		.byte	0x34
 725 05ab C8050000 		.4byte	0x5c8
 726 05af 07       		.uleb128 0x7
 727 05b0 5D010000 		.4byte	.LASF98
 728 05b4 0B       		.byte	0xb
 729 05b5 35       		.byte	0x35
 730 05b6 69020000 		.4byte	0x269
 731 05ba 00       		.byte	0
 732 05bb 07       		.uleb128 0x7
 733 05bc E4010000 		.4byte	.LASF99
 734 05c0 0B       		.byte	0xb
 735 05c1 37       		.byte	0x37
 736 05c2 26010000 		.4byte	0x126
 737 05c6 08       		.byte	0x8
 738 05c7 00       		.byte	0
 739 05c8 0A       		.uleb128 0xa
 740 05c9 04       		.byte	0x4
 741 05ca A3050000 		.4byte	0x5a3
ARM GAS  /tmp/ccGL1cF5.s 			page 14


 742 05ce 06       		.uleb128 0x6
 743 05cf D6050000 		.4byte	.LASF100
 744 05d3 10       		.byte	0x10
 745 05d4 0C       		.byte	0xc
 746 05d5 39       		.byte	0x39
 747 05d6 FF050000 		.4byte	0x5ff
 748 05da 07       		.uleb128 0x7
 749 05db 15010000 		.4byte	.LASF101
 750 05df 0C       		.byte	0xc
 751 05e0 3A       		.byte	0x3a
 752 05e1 69020000 		.4byte	0x269
 753 05e5 00       		.byte	0
 754 05e6 07       		.uleb128 0x7
 755 05e7 23060000 		.4byte	.LASF102
 756 05eb 0C       		.byte	0xc
 757 05ec 3C       		.byte	0x3c
 758 05ed 3F020000 		.4byte	0x23f
 759 05f1 08       		.byte	0x8
 760 05f2 07       		.uleb128 0x7
 761 05f3 73050000 		.4byte	.LASF103
 762 05f7 0C       		.byte	0xc
 763 05f8 3E       		.byte	0x3e
 764 05f9 54070000 		.4byte	0x754
 765 05fd 0C       		.byte	0xc
 766 05fe 00       		.byte	0
 767 05ff 0A       		.uleb128 0xa
 768 0600 04       		.byte	0x4
 769 0601 CE050000 		.4byte	0x5ce
 770 0605 0A       		.uleb128 0xa
 771 0606 04       		.byte	0x4
 772 0607 17060000 		.4byte	0x617
 773 060b 05       		.uleb128 0x5
 774 060c 05060000 		.4byte	0x605
 775 0610 03       		.uleb128 0x3
 776 0611 01       		.byte	0x1
 777 0612 08       		.byte	0x8
 778 0613 53050000 		.4byte	.LASF104
 779 0617 16       		.uleb128 0x16
 780 0618 10060000 		.4byte	0x610
 781 061c 0A       		.uleb128 0xa
 782 061d 04       		.byte	0x4
 783 061e 1E030000 		.4byte	0x31e
 784 0622 17       		.uleb128 0x17
 785 0623 7B040000 		.4byte	0x47b
 786 0627 32060000 		.4byte	0x632
 787 062b 18       		.uleb128 0x18
 788 062c 52040000 		.4byte	0x452
 789 0630 1A       		.byte	0x1a
 790 0631 00       		.byte	0
 791 0632 19       		.uleb128 0x19
 792 0633 636800   		.ascii	"ch\000"
 793 0636 05       		.byte	0x5
 794 0637 0902     		.2byte	0x209
 795 0639 EB030000 		.4byte	0x3eb
 796 063d 13       		.uleb128 0x13
 797 063e 16       		.byte	0x16
 798 063f 0D       		.byte	0xd
ARM GAS  /tmp/ccGL1cF5.s 			page 15


 799 0640 34       		.byte	0x34
 800 0641 1E070000 		.4byte	0x71e
 801 0645 07       		.uleb128 0x7
 802 0646 2B060000 		.4byte	.LASF105
 803 064a 0D       		.byte	0xd
 804 064b 35       		.byte	0x35
 805 064c 1E070000 		.4byte	0x71e
 806 0650 00       		.byte	0
 807 0651 07       		.uleb128 0x7
 808 0652 54020000 		.4byte	.LASF106
 809 0656 0D       		.byte	0xd
 810 0657 36       		.byte	0x36
 811 0658 9D000000 		.4byte	0x9d
 812 065c 04       		.byte	0x4
 813 065d 07       		.uleb128 0x7
 814 065e 39050000 		.4byte	.LASF107
 815 0662 0D       		.byte	0xd
 816 0663 37       		.byte	0x37
 817 0664 9D000000 		.4byte	0x9d
 818 0668 05       		.byte	0x5
 819 0669 07       		.uleb128 0x7
 820 066a 40010000 		.4byte	.LASF108
 821 066e 0D       		.byte	0xd
 822 066f 38       		.byte	0x38
 823 0670 A8000000 		.4byte	0xa8
 824 0674 06       		.byte	0x6
 825 0675 07       		.uleb128 0x7
 826 0676 1D040000 		.4byte	.LASF109
 827 067a 0D       		.byte	0xd
 828 067b 39       		.byte	0x39
 829 067c 9D000000 		.4byte	0x9d
 830 0680 08       		.byte	0x8
 831 0681 07       		.uleb128 0x7
 832 0682 8B030000 		.4byte	.LASF110
 833 0686 0D       		.byte	0xd
 834 0687 3A       		.byte	0x3a
 835 0688 9D000000 		.4byte	0x9d
 836 068c 09       		.byte	0x9
 837 068d 07       		.uleb128 0x7
 838 068e 6C000000 		.4byte	.LASF111
 839 0692 0D       		.byte	0xd
 840 0693 3B       		.byte	0x3b
 841 0694 9D000000 		.4byte	0x9d
 842 0698 0A       		.byte	0xa
 843 0699 07       		.uleb128 0x7
 844 069a 0C050000 		.4byte	.LASF112
 845 069e 0D       		.byte	0xd
 846 069f 3C       		.byte	0x3c
 847 06a0 9D000000 		.4byte	0x9d
 848 06a4 0B       		.byte	0xb
 849 06a5 07       		.uleb128 0x7
 850 06a6 CB050000 		.4byte	.LASF113
 851 06aa 0D       		.byte	0xd
 852 06ab 3D       		.byte	0x3d
 853 06ac 9D000000 		.4byte	0x9d
 854 06b0 0C       		.byte	0xc
 855 06b1 07       		.uleb128 0x7
ARM GAS  /tmp/ccGL1cF5.s 			page 16


 856 06b2 DE040000 		.4byte	.LASF114
 857 06b6 0D       		.byte	0xd
 858 06b7 3E       		.byte	0x3e
 859 06b8 9D000000 		.4byte	0x9d
 860 06bc 0D       		.byte	0xd
 861 06bd 07       		.uleb128 0x7
 862 06be 00000000 		.4byte	.LASF115
 863 06c2 0D       		.byte	0xd
 864 06c3 3F       		.byte	0x3f
 865 06c4 9D000000 		.4byte	0x9d
 866 06c8 0E       		.byte	0xe
 867 06c9 07       		.uleb128 0x7
 868 06ca C7030000 		.4byte	.LASF116
 869 06ce 0D       		.byte	0xd
 870 06cf 40       		.byte	0x40
 871 06d0 9D000000 		.4byte	0x9d
 872 06d4 0F       		.byte	0xf
 873 06d5 07       		.uleb128 0x7
 874 06d6 F0000000 		.4byte	.LASF117
 875 06da 0D       		.byte	0xd
 876 06db 41       		.byte	0x41
 877 06dc 9D000000 		.4byte	0x9d
 878 06e0 10       		.byte	0x10
 879 06e1 07       		.uleb128 0x7
 880 06e2 C9000000 		.4byte	.LASF118
 881 06e6 0D       		.byte	0xd
 882 06e7 43       		.byte	0x43
 883 06e8 9D000000 		.4byte	0x9d
 884 06ec 11       		.byte	0x11
 885 06ed 07       		.uleb128 0x7
 886 06ee 00010000 		.4byte	.LASF119
 887 06f2 0D       		.byte	0xd
 888 06f3 44       		.byte	0x44
 889 06f4 9D000000 		.4byte	0x9d
 890 06f8 12       		.byte	0x12
 891 06f9 07       		.uleb128 0x7
 892 06fa 5C020000 		.4byte	.LASF120
 893 06fe 0D       		.byte	0xd
 894 06ff 45       		.byte	0x45
 895 0700 9D000000 		.4byte	0x9d
 896 0704 13       		.byte	0x13
 897 0705 07       		.uleb128 0x7
 898 0706 A6040000 		.4byte	.LASF121
 899 070a 0D       		.byte	0xd
 900 070b 46       		.byte	0x46
 901 070c 9D000000 		.4byte	0x9d
 902 0710 14       		.byte	0x14
 903 0711 07       		.uleb128 0x7
 904 0712 19020000 		.4byte	.LASF122
 905 0716 0D       		.byte	0xd
 906 0717 48       		.byte	0x48
 907 0718 9D000000 		.4byte	0x9d
 908 071c 15       		.byte	0x15
 909 071d 00       		.byte	0
 910 071e 17       		.uleb128 0x17
 911 071f 10060000 		.4byte	0x610
 912 0723 2E070000 		.4byte	0x72e
ARM GAS  /tmp/ccGL1cF5.s 			page 17


 913 0727 18       		.uleb128 0x18
 914 0728 52040000 		.4byte	0x452
 915 072c 03       		.byte	0x3
 916 072d 00       		.byte	0
 917 072e 04       		.uleb128 0x4
 918 072f 4B010000 		.4byte	.LASF123
 919 0733 0D       		.byte	0xd
 920 0734 49       		.byte	0x49
 921 0735 3D060000 		.4byte	0x63d
 922 0739 16       		.uleb128 0x16
 923 073a 2E070000 		.4byte	0x72e
 924 073e 11       		.uleb128 0x11
 925 073f DB010000 		.4byte	.LASF124
 926 0743 0D       		.byte	0xd
 927 0744 82       		.byte	0x82
 928 0745 39070000 		.4byte	0x739
 929 0749 04       		.uleb128 0x4
 930 074a 7E010000 		.4byte	.LASF125
 931 074e 0C       		.byte	0xc
 932 074f 34       		.byte	0x34
 933 0750 CE050000 		.4byte	0x5ce
 934 0754 0A       		.uleb128 0xa
 935 0755 04       		.byte	0x4
 936 0756 49070000 		.4byte	0x749
 937 075a 00       		.byte	0
 938              		.section	.debug_abbrev,"",%progbits
 939              	.Ldebug_abbrev0:
 940 0000 01       		.uleb128 0x1
 941 0001 11       		.uleb128 0x11
 942 0002 01       		.byte	0x1
 943 0003 25       		.uleb128 0x25
 944 0004 0E       		.uleb128 0xe
 945 0005 13       		.uleb128 0x13
 946 0006 0B       		.uleb128 0xb
 947 0007 03       		.uleb128 0x3
 948 0008 0E       		.uleb128 0xe
 949 0009 10       		.uleb128 0x10
 950 000a 17       		.uleb128 0x17
 951 000b 00       		.byte	0
 952 000c 00       		.byte	0
 953 000d 02       		.uleb128 0x2
 954 000e 24       		.uleb128 0x24
 955 000f 00       		.byte	0
 956 0010 0B       		.uleb128 0xb
 957 0011 0B       		.uleb128 0xb
 958 0012 3E       		.uleb128 0x3e
 959 0013 0B       		.uleb128 0xb
 960 0014 03       		.uleb128 0x3
 961 0015 08       		.uleb128 0x8
 962 0016 00       		.byte	0
 963 0017 00       		.byte	0
 964 0018 03       		.uleb128 0x3
 965 0019 24       		.uleb128 0x24
 966 001a 00       		.byte	0
 967 001b 0B       		.uleb128 0xb
 968 001c 0B       		.uleb128 0xb
 969 001d 3E       		.uleb128 0x3e
ARM GAS  /tmp/ccGL1cF5.s 			page 18


 970 001e 0B       		.uleb128 0xb
 971 001f 03       		.uleb128 0x3
 972 0020 0E       		.uleb128 0xe
 973 0021 00       		.byte	0
 974 0022 00       		.byte	0
 975 0023 04       		.uleb128 0x4
 976 0024 16       		.uleb128 0x16
 977 0025 00       		.byte	0
 978 0026 03       		.uleb128 0x3
 979 0027 0E       		.uleb128 0xe
 980 0028 3A       		.uleb128 0x3a
 981 0029 0B       		.uleb128 0xb
 982 002a 3B       		.uleb128 0x3b
 983 002b 0B       		.uleb128 0xb
 984 002c 49       		.uleb128 0x49
 985 002d 13       		.uleb128 0x13
 986 002e 00       		.byte	0
 987 002f 00       		.byte	0
 988 0030 05       		.uleb128 0x5
 989 0031 35       		.uleb128 0x35
 990 0032 00       		.byte	0
 991 0033 49       		.uleb128 0x49
 992 0034 13       		.uleb128 0x13
 993 0035 00       		.byte	0
 994 0036 00       		.byte	0
 995 0037 06       		.uleb128 0x6
 996 0038 13       		.uleb128 0x13
 997 0039 01       		.byte	0x1
 998 003a 03       		.uleb128 0x3
 999 003b 0E       		.uleb128 0xe
 1000 003c 0B       		.uleb128 0xb
 1001 003d 0B       		.uleb128 0xb
 1002 003e 3A       		.uleb128 0x3a
 1003 003f 0B       		.uleb128 0xb
 1004 0040 3B       		.uleb128 0x3b
 1005 0041 0B       		.uleb128 0xb
 1006 0042 01       		.uleb128 0x1
 1007 0043 13       		.uleb128 0x13
 1008 0044 00       		.byte	0
 1009 0045 00       		.byte	0
 1010 0046 07       		.uleb128 0x7
 1011 0047 0D       		.uleb128 0xd
 1012 0048 00       		.byte	0
 1013 0049 03       		.uleb128 0x3
 1014 004a 0E       		.uleb128 0xe
 1015 004b 3A       		.uleb128 0x3a
 1016 004c 0B       		.uleb128 0xb
 1017 004d 3B       		.uleb128 0x3b
 1018 004e 0B       		.uleb128 0xb
 1019 004f 49       		.uleb128 0x49
 1020 0050 13       		.uleb128 0x13
 1021 0051 38       		.uleb128 0x38
 1022 0052 0B       		.uleb128 0xb
 1023 0053 00       		.byte	0
 1024 0054 00       		.byte	0
 1025 0055 08       		.uleb128 0x8
 1026 0056 0D       		.uleb128 0xd
ARM GAS  /tmp/ccGL1cF5.s 			page 19


 1027 0057 00       		.byte	0
 1028 0058 03       		.uleb128 0x3
 1029 0059 08       		.uleb128 0x8
 1030 005a 3A       		.uleb128 0x3a
 1031 005b 0B       		.uleb128 0xb
 1032 005c 3B       		.uleb128 0x3b
 1033 005d 05       		.uleb128 0x5
 1034 005e 49       		.uleb128 0x49
 1035 005f 13       		.uleb128 0x13
 1036 0060 38       		.uleb128 0x38
 1037 0061 0B       		.uleb128 0xb
 1038 0062 00       		.byte	0
 1039 0063 00       		.byte	0
 1040 0064 09       		.uleb128 0x9
 1041 0065 0D       		.uleb128 0xd
 1042 0066 00       		.byte	0
 1043 0067 03       		.uleb128 0x3
 1044 0068 0E       		.uleb128 0xe
 1045 0069 3A       		.uleb128 0x3a
 1046 006a 0B       		.uleb128 0xb
 1047 006b 3B       		.uleb128 0x3b
 1048 006c 05       		.uleb128 0x5
 1049 006d 49       		.uleb128 0x49
 1050 006e 13       		.uleb128 0x13
 1051 006f 38       		.uleb128 0x38
 1052 0070 0B       		.uleb128 0xb
 1053 0071 00       		.byte	0
 1054 0072 00       		.byte	0
 1055 0073 0A       		.uleb128 0xa
 1056 0074 0F       		.uleb128 0xf
 1057 0075 00       		.byte	0
 1058 0076 0B       		.uleb128 0xb
 1059 0077 0B       		.uleb128 0xb
 1060 0078 49       		.uleb128 0x49
 1061 0079 13       		.uleb128 0x13
 1062 007a 00       		.byte	0
 1063 007b 00       		.byte	0
 1064 007c 0B       		.uleb128 0xb
 1065 007d 13       		.uleb128 0x13
 1066 007e 01       		.byte	0x1
 1067 007f 03       		.uleb128 0x3
 1068 0080 0E       		.uleb128 0xe
 1069 0081 0B       		.uleb128 0xb
 1070 0082 0B       		.uleb128 0xb
 1071 0083 3A       		.uleb128 0x3a
 1072 0084 0B       		.uleb128 0xb
 1073 0085 3B       		.uleb128 0x3b
 1074 0086 05       		.uleb128 0x5
 1075 0087 01       		.uleb128 0x1
 1076 0088 13       		.uleb128 0x13
 1077 0089 00       		.byte	0
 1078 008a 00       		.byte	0
 1079 008b 0C       		.uleb128 0xc
 1080 008c 15       		.uleb128 0x15
 1081 008d 01       		.byte	0x1
 1082 008e 27       		.uleb128 0x27
 1083 008f 19       		.uleb128 0x19
ARM GAS  /tmp/ccGL1cF5.s 			page 20


 1084 0090 01       		.uleb128 0x1
 1085 0091 13       		.uleb128 0x13
 1086 0092 00       		.byte	0
 1087 0093 00       		.byte	0
 1088 0094 0D       		.uleb128 0xd
 1089 0095 05       		.uleb128 0x5
 1090 0096 00       		.byte	0
 1091 0097 49       		.uleb128 0x49
 1092 0098 13       		.uleb128 0x13
 1093 0099 00       		.byte	0
 1094 009a 00       		.byte	0
 1095 009b 0E       		.uleb128 0xe
 1096 009c 0F       		.uleb128 0xf
 1097 009d 00       		.byte	0
 1098 009e 0B       		.uleb128 0xb
 1099 009f 0B       		.uleb128 0xb
 1100 00a0 00       		.byte	0
 1101 00a1 00       		.byte	0
 1102 00a2 0F       		.uleb128 0xf
 1103 00a3 13       		.uleb128 0x13
 1104 00a4 01       		.byte	0x1
 1105 00a5 03       		.uleb128 0x3
 1106 00a6 0E       		.uleb128 0xe
 1107 00a7 0B       		.uleb128 0xb
 1108 00a8 05       		.uleb128 0x5
 1109 00a9 3A       		.uleb128 0x3a
 1110 00aa 0B       		.uleb128 0xb
 1111 00ab 3B       		.uleb128 0x3b
 1112 00ac 05       		.uleb128 0x5
 1113 00ad 01       		.uleb128 0x1
 1114 00ae 13       		.uleb128 0x13
 1115 00af 00       		.byte	0
 1116 00b0 00       		.byte	0
 1117 00b1 10       		.uleb128 0x10
 1118 00b2 34       		.uleb128 0x34
 1119 00b3 00       		.byte	0
 1120 00b4 03       		.uleb128 0x3
 1121 00b5 0E       		.uleb128 0xe
 1122 00b6 3A       		.uleb128 0x3a
 1123 00b7 0B       		.uleb128 0xb
 1124 00b8 3B       		.uleb128 0x3b
 1125 00b9 05       		.uleb128 0x5
 1126 00ba 49       		.uleb128 0x49
 1127 00bb 13       		.uleb128 0x13
 1128 00bc 3F       		.uleb128 0x3f
 1129 00bd 19       		.uleb128 0x19
 1130 00be 3C       		.uleb128 0x3c
 1131 00bf 19       		.uleb128 0x19
 1132 00c0 00       		.byte	0
 1133 00c1 00       		.byte	0
 1134 00c2 11       		.uleb128 0x11
 1135 00c3 34       		.uleb128 0x34
 1136 00c4 00       		.byte	0
 1137 00c5 03       		.uleb128 0x3
 1138 00c6 0E       		.uleb128 0xe
 1139 00c7 3A       		.uleb128 0x3a
 1140 00c8 0B       		.uleb128 0xb
ARM GAS  /tmp/ccGL1cF5.s 			page 21


 1141 00c9 3B       		.uleb128 0x3b
 1142 00ca 0B       		.uleb128 0xb
 1143 00cb 49       		.uleb128 0x49
 1144 00cc 13       		.uleb128 0x13
 1145 00cd 3F       		.uleb128 0x3f
 1146 00ce 19       		.uleb128 0x19
 1147 00cf 3C       		.uleb128 0x3c
 1148 00d0 19       		.uleb128 0x19
 1149 00d1 00       		.byte	0
 1150 00d2 00       		.byte	0
 1151 00d3 12       		.uleb128 0x12
 1152 00d4 0D       		.uleb128 0xd
 1153 00d5 00       		.byte	0
 1154 00d6 03       		.uleb128 0x3
 1155 00d7 08       		.uleb128 0x8
 1156 00d8 3A       		.uleb128 0x3a
 1157 00d9 0B       		.uleb128 0xb
 1158 00da 3B       		.uleb128 0x3b
 1159 00db 0B       		.uleb128 0xb
 1160 00dc 49       		.uleb128 0x49
 1161 00dd 13       		.uleb128 0x13
 1162 00de 38       		.uleb128 0x38
 1163 00df 0B       		.uleb128 0xb
 1164 00e0 00       		.byte	0
 1165 00e1 00       		.byte	0
 1166 00e2 13       		.uleb128 0x13
 1167 00e3 13       		.uleb128 0x13
 1168 00e4 01       		.byte	0x1
 1169 00e5 0B       		.uleb128 0xb
 1170 00e6 0B       		.uleb128 0xb
 1171 00e7 3A       		.uleb128 0x3a
 1172 00e8 0B       		.uleb128 0xb
 1173 00e9 3B       		.uleb128 0x3b
 1174 00ea 0B       		.uleb128 0xb
 1175 00eb 01       		.uleb128 0x1
 1176 00ec 13       		.uleb128 0x13
 1177 00ed 00       		.byte	0
 1178 00ee 00       		.byte	0
 1179 00ef 14       		.uleb128 0x14
 1180 00f0 17       		.uleb128 0x17
 1181 00f1 01       		.byte	0x1
 1182 00f2 0B       		.uleb128 0xb
 1183 00f3 0B       		.uleb128 0xb
 1184 00f4 3A       		.uleb128 0x3a
 1185 00f5 0B       		.uleb128 0xb
 1186 00f6 3B       		.uleb128 0x3b
 1187 00f7 0B       		.uleb128 0xb
 1188 00f8 01       		.uleb128 0x1
 1189 00f9 13       		.uleb128 0x13
 1190 00fa 00       		.byte	0
 1191 00fb 00       		.byte	0
 1192 00fc 15       		.uleb128 0x15
 1193 00fd 0D       		.uleb128 0xd
 1194 00fe 00       		.byte	0
 1195 00ff 03       		.uleb128 0x3
 1196 0100 0E       		.uleb128 0xe
 1197 0101 3A       		.uleb128 0x3a
ARM GAS  /tmp/ccGL1cF5.s 			page 22


 1198 0102 0B       		.uleb128 0xb
 1199 0103 3B       		.uleb128 0x3b
 1200 0104 05       		.uleb128 0x5
 1201 0105 49       		.uleb128 0x49
 1202 0106 13       		.uleb128 0x13
 1203 0107 00       		.byte	0
 1204 0108 00       		.byte	0
 1205 0109 16       		.uleb128 0x16
 1206 010a 26       		.uleb128 0x26
 1207 010b 00       		.byte	0
 1208 010c 49       		.uleb128 0x49
 1209 010d 13       		.uleb128 0x13
 1210 010e 00       		.byte	0
 1211 010f 00       		.byte	0
 1212 0110 17       		.uleb128 0x17
 1213 0111 01       		.uleb128 0x1
 1214 0112 01       		.byte	0x1
 1215 0113 49       		.uleb128 0x49
 1216 0114 13       		.uleb128 0x13
 1217 0115 01       		.uleb128 0x1
 1218 0116 13       		.uleb128 0x13
 1219 0117 00       		.byte	0
 1220 0118 00       		.byte	0
 1221 0119 18       		.uleb128 0x18
 1222 011a 21       		.uleb128 0x21
 1223 011b 00       		.byte	0
 1224 011c 49       		.uleb128 0x49
 1225 011d 13       		.uleb128 0x13
 1226 011e 2F       		.uleb128 0x2f
 1227 011f 0B       		.uleb128 0xb
 1228 0120 00       		.byte	0
 1229 0121 00       		.byte	0
 1230 0122 19       		.uleb128 0x19
 1231 0123 34       		.uleb128 0x34
 1232 0124 00       		.byte	0
 1233 0125 03       		.uleb128 0x3
 1234 0126 08       		.uleb128 0x8
 1235 0127 3A       		.uleb128 0x3a
 1236 0128 0B       		.uleb128 0xb
 1237 0129 3B       		.uleb128 0x3b
 1238 012a 05       		.uleb128 0x5
 1239 012b 49       		.uleb128 0x49
 1240 012c 13       		.uleb128 0x13
 1241 012d 3F       		.uleb128 0x3f
 1242 012e 19       		.uleb128 0x19
 1243 012f 3C       		.uleb128 0x3c
 1244 0130 19       		.uleb128 0x19
 1245 0131 00       		.byte	0
 1246 0132 00       		.byte	0
 1247 0133 00       		.byte	0
 1248              		.section	.debug_aranges,"",%progbits
 1249 0000 14000000 		.4byte	0x14
 1250 0004 0200     		.2byte	0x2
 1251 0006 00000000 		.4byte	.Ldebug_info0
 1252 000a 04       		.byte	0x4
 1253 000b 00       		.byte	0
 1254 000c 0000     		.2byte	0
ARM GAS  /tmp/ccGL1cF5.s 			page 23


 1255 000e 0000     		.2byte	0
 1256 0010 00000000 		.4byte	0
 1257 0014 00000000 		.4byte	0
 1258              		.section	.debug_line,"",%progbits
 1259              	.Ldebug_line0:
 1260 0000 08020000 		.section	.debug_str,"MS",%progbits,1
 1260      02000202 
 1260      00000201 
 1260      FB0E0D00 
 1260      01010101 
 1261              	.LASF115:
 1262 0000 63665F6F 		.ascii	"cf_off_older\000"
 1262      66665F6F 
 1262      6C646572 
 1262      00
 1263              	.LASF53:
 1264 000d 72656164 		.ascii	"ready_list_t\000"
 1264      795F6C69 
 1264      73745F74 
 1264      00
 1265              	.LASF93:
 1266 001a 77747472 		.ascii	"wttrp\000"
 1266      7000
 1267              	.LASF90:
 1268 0020 7264796D 		.ascii	"rdymsg\000"
 1268      736700
 1269              	.LASF19:
 1270 0027 75696E74 		.ascii	"uint64_t\000"
 1270      36345F74 
 1270      00
 1271              	.LASF6:
 1272 0030 5F5F7569 		.ascii	"__uint8_t\000"
 1272      6E74385F 
 1272      7400
 1273              	.LASF87:
 1274 003a 706F7274 		.ascii	"port_intctx\000"
 1274      5F696E74 
 1274      63747800 
 1275              	.LASF72:
 1276 0046 73797374 		.ascii	"system_debug_t\000"
 1276      656D5F64 
 1276      65627567 
 1276      5F7400
 1277              	.LASF14:
 1278 0055 6C6F6E67 		.ascii	"long long unsigned int\000"
 1278      206C6F6E 
 1278      6720756E 
 1278      7369676E 
 1278      65642069 
 1279              	.LASF111:
 1280 006c 63685F74 		.ascii	"ch_threadsize\000"
 1280      68726561 
 1280      6473697A 
 1280      6500
 1281              	.LASF91:
 1282 007a 65786974 		.ascii	"exitcode\000"
 1282      636F6465 
ARM GAS  /tmp/ccGL1cF5.s 			page 24


 1282      00
 1283              	.LASF79:
 1284 0083 6D61696E 		.ascii	"mainthread\000"
 1284      74687265 
 1284      616400
 1285              	.LASF69:
 1286 008e 76697274 		.ascii	"virtual_timers_list_t\000"
 1286      75616C5F 
 1286      74696D65 
 1286      72735F6C 
 1286      6973745F 
 1287              	.LASF82:
 1288 00a4 49544D5F 		.ascii	"ITM_RxBuffer\000"
 1288      52784275 
 1288      66666572 
 1288      00
 1289              	.LASF52:
 1290 00b1 63685F74 		.ascii	"ch_threads_queue\000"
 1290      68726561 
 1290      64735F71 
 1290      75657565 
 1290      00
 1291              	.LASF32:
 1292 00c2 705F7072 		.ascii	"p_prio\000"
 1292      696F00
 1293              	.LASF118:
 1294 00c9 63665F6F 		.ascii	"cf_off_state\000"
 1294      66665F73 
 1294      74617465 
 1294      00
 1295              	.LASF1:
 1296 00d6 6C6F6E67 		.ascii	"long long int\000"
 1296      206C6F6E 
 1296      6720696E 
 1296      7400
 1297              	.LASF3:
 1298 00e4 7369676E 		.ascii	"signed char\000"
 1298      65642063 
 1298      68617200 
 1299              	.LASF117:
 1300 00f0 63665F6F 		.ascii	"cf_off_stklimit\000"
 1300      66665F73 
 1300      746B6C69 
 1300      6D697400 
 1301              	.LASF119:
 1302 0100 63665F6F 		.ascii	"cf_off_flags\000"
 1302      66665F66 
 1302      6C616773 
 1302      00
 1303              	.LASF46:
 1304 010d 705F6D70 		.ascii	"p_mpool\000"
 1304      6F6F6C00 
 1305              	.LASF101:
 1306 0115 6D5F7175 		.ascii	"m_queue\000"
 1306      65756500 
 1307              	.LASF78:
 1308 011d 76746C69 		.ascii	"vtlist\000"
ARM GAS  /tmp/ccGL1cF5.s 			page 25


 1308      737400
 1309              	.LASF76:
 1310 0124 63685F73 		.ascii	"ch_system\000"
 1310      79737465 
 1310      6D00
 1311              	.LASF10:
 1312 012e 6C6F6E67 		.ascii	"long int\000"
 1312      20696E74 
 1312      00
 1313              	.LASF22:
 1314 0137 74737461 		.ascii	"tstate_t\000"
 1314      74655F74 
 1314      00
 1315              	.LASF108:
 1316 0140 63685F76 		.ascii	"ch_version\000"
 1316      65727369 
 1316      6F6E00
 1317              	.LASF123:
 1318 014b 63686465 		.ascii	"chdebug_t\000"
 1318      6275675F 
 1318      7400
 1319              	.LASF34:
 1320 0155 705F6E65 		.ascii	"p_newer\000"
 1320      77657200 
 1321              	.LASF98:
 1322 015d 735F7175 		.ascii	"s_queue\000"
 1322      65756500 
 1323              	.LASF58:
 1324 0165 725F6E65 		.ascii	"r_newer\000"
 1324      77657200 
 1325              	.LASF84:
 1326 016d 72656761 		.ascii	"regarm_t\000"
 1326      726D5F74 
 1326      00
 1327              	.LASF65:
 1328 0176 76745F70 		.ascii	"vt_prev\000"
 1328      72657600 
 1329              	.LASF125:
 1330 017e 6D757465 		.ascii	"mutex_t\000"
 1330      785F7400 
 1331              	.LASF80:
 1332 0186 69646C65 		.ascii	"idle_thread_wa\000"
 1332      5F746872 
 1332      6561645F 
 1332      776100
 1333              	.LASF27:
 1334 0195 636E745F 		.ascii	"cnt_t\000"
 1334      7400
 1335              	.LASF0:
 1336 019b 756E7369 		.ascii	"unsigned int\000"
 1336      676E6564 
 1336      20696E74 
 1336      00
 1337              	.LASF64:
 1338 01a8 76745F6E 		.ascii	"vt_next\000"
 1338      65787400 
 1339              	.LASF16:
ARM GAS  /tmp/ccGL1cF5.s 			page 26


 1340 01b0 75696E74 		.ascii	"uint16_t\000"
 1340      31365F74 
 1340      00
 1341              	.LASF83:
 1342 01b9 53797374 		.ascii	"SystemCoreClock\000"
 1342      656D436F 
 1342      7265436C 
 1342      6F636B00 
 1343              	.LASF94:
 1344 01c9 77747365 		.ascii	"wtsemp\000"
 1344      6D7000
 1345              	.LASF41:
 1346 01d0 705F6D73 		.ascii	"p_msgqueue\000"
 1346      67717565 
 1346      756500
 1347              	.LASF124:
 1348 01db 63685F64 		.ascii	"ch_debug\000"
 1348      65627567 
 1348      00
 1349              	.LASF99:
 1350 01e4 735F636E 		.ascii	"s_cnt\000"
 1350      7400
 1351              	.LASF8:
 1352 01ea 73686F72 		.ascii	"short unsigned int\000"
 1352      7420756E 
 1352      7369676E 
 1352      65642069 
 1352      6E7400
 1353              	.LASF49:
 1354 01fd 63685F74 		.ascii	"ch_thread\000"
 1354      68726561 
 1354      6400
 1355              	.LASF25:
 1356 0207 6D73675F 		.ascii	"msg_t\000"
 1356      7400
 1357              	.LASF75:
 1358 020d 63685F73 		.ascii	"ch_system_t\000"
 1358      79737465 
 1358      6D5F7400 
 1359              	.LASF122:
 1360 0219 63665F6F 		.ascii	"cf_off_time\000"
 1360      66665F74 
 1360      696D6500 
 1361              	.LASF54:
 1362 0225 63685F72 		.ascii	"ch_ready_list\000"
 1362      65616479 
 1362      5F6C6973 
 1362      7400
 1363              	.LASF26:
 1364 0233 6576656E 		.ascii	"eventmask_t\000"
 1364      746D6173 
 1364      6B5F7400 
 1365              	.LASF9:
 1366 023f 5F5F696E 		.ascii	"__int32_t\000"
 1366      7433325F 
 1366      7400
 1367              	.LASF85:
ARM GAS  /tmp/ccGL1cF5.s 			page 27


 1368 0249 73746B61 		.ascii	"stkalign_t\000"
 1368      6C69676E 
 1368      5F7400
 1369              	.LASF106:
 1370 0254 63685F7A 		.ascii	"ch_zero\000"
 1370      65726F00 
 1371              	.LASF120:
 1372 025c 63665F6F 		.ascii	"cf_off_refs\000"
 1372      66665F72 
 1372      65667300 
 1373              	.LASF40:
 1374 0268 705F7761 		.ascii	"p_waiting\000"
 1374      6974696E 
 1374      6700
 1375              	.LASF81:
 1376 0272 73697A65 		.ascii	"sizetype\000"
 1376      74797065 
 1376      00
 1377              	.LASF47:
 1378 027b 74687265 		.ascii	"thread_reference_t\000"
 1378      61645F72 
 1378      65666572 
 1378      656E6365 
 1378      5F7400
 1379              	.LASF70:
 1380 028e 63685F76 		.ascii	"ch_virtual_timers_list\000"
 1380      69727475 
 1380      616C5F74 
 1380      696D6572 
 1380      735F6C69 
 1381              	.LASF2:
 1382 02a5 6C6F6E67 		.ascii	"long double\000"
 1382      20646F75 
 1382      626C6500 
 1383              	.LASF126:
 1384 02b1 474E5520 		.ascii	"GNU C11 6.2.1 20161205 (release) [ARM/embedded-6-br"
 1384      43313120 
 1384      362E322E 
 1384      31203230 
 1384      31363132 
 1385 02e4 616E6368 		.ascii	"anch revision 243739] -mcpu=cortex-m4 -mno-thumb-in"
 1385      20726576 
 1385      6973696F 
 1385      6E203234 
 1385      33373339 
 1386 0317 74657277 		.ascii	"terwork -mthumb -ggdb -O2 -fomit-frame-pointer -fal"
 1386      6F726B20 
 1386      2D6D7468 
 1386      756D6220 
 1386      2D676764 
 1387 034a 69676E2D 		.ascii	"ign-functions=16 -ffunction-sections -fdata-section"
 1387      66756E63 
 1387      74696F6E 
 1387      733D3136 
 1387      202D6666 
 1388 037d 73202D66 		.ascii	"s -fno-common\000"
 1388      6E6F2D63 
ARM GAS  /tmp/ccGL1cF5.s 			page 28


 1388      6F6D6D6F 
 1388      6E00
 1389              	.LASF110:
 1390 038b 63685F74 		.ascii	"ch_timesize\000"
 1390      696D6573 
 1390      697A6500 
 1391              	.LASF127:
 1392 0397 2F686F6D 		.ascii	"/home/selim/working/ChibiOS/os/rt/src/chdebug.c\000"
 1392      652F7365 
 1392      6C696D2F 
 1392      776F726B 
 1392      696E672F 
 1393              	.LASF116:
 1394 03c7 63665F6F 		.ascii	"cf_off_name\000"
 1394      66665F6E 
 1394      616D6500 
 1395              	.LASF35:
 1396 03d3 705F6F6C 		.ascii	"p_older\000"
 1396      64657200 
 1397              	.LASF57:
 1398 03db 725F6374 		.ascii	"r_ctx\000"
 1398      7800
 1399              	.LASF33:
 1400 03e1 705F6374 		.ascii	"p_ctx\000"
 1400      7800
 1401              	.LASF89:
 1402 03e7 746D5F63 		.ascii	"tm_calibration_t\000"
 1402      616C6962 
 1402      72617469 
 1402      6F6E5F74 
 1402      00
 1403              	.LASF60:
 1404 03f8 725F6375 		.ascii	"r_current\000"
 1404      7272656E 
 1404      7400
 1405              	.LASF59:
 1406 0402 725F6F6C 		.ascii	"r_older\000"
 1406      64657200 
 1407              	.LASF13:
 1408 040a 5F5F7569 		.ascii	"__uint64_t\000"
 1408      6E743634 
 1408      5F7400
 1409              	.LASF23:
 1410 0415 74726566 		.ascii	"trefs_t\000"
 1410      735F7400 
 1411              	.LASF109:
 1412 041d 63685F70 		.ascii	"ch_ptrsize\000"
 1412      74727369 
 1412      7A6500
 1413              	.LASF62:
 1414 0428 76697274 		.ascii	"virtual_timer_t\000"
 1414      75616C5F 
 1414      74696D65 
 1414      725F7400 
 1415              	.LASF31:
 1416 0438 705F7072 		.ascii	"p_prev\000"
 1416      657600
ARM GAS  /tmp/ccGL1cF5.s 			page 29


 1417              	.LASF24:
 1418 043f 74707269 		.ascii	"tprio_t\000"
 1418      6F5F7400 
 1419              	.LASF73:
 1420 0447 63685F73 		.ascii	"ch_system_debug\000"
 1420      79737465 
 1420      6D5F6465 
 1420      62756700 
 1421              	.LASF17:
 1422 0457 696E7433 		.ascii	"int32_t\000"
 1422      325F7400 
 1423              	.LASF4:
 1424 045f 756E7369 		.ascii	"unsigned char\000"
 1424      676E6564 
 1424      20636861 
 1424      7200
 1425              	.LASF44:
 1426 046d 705F6D74 		.ascii	"p_mtxlist\000"
 1426      786C6973 
 1426      7400
 1427              	.LASF5:
 1428 0477 73686F72 		.ascii	"short int\000"
 1428      7420696E 
 1428      7400
 1429              	.LASF37:
 1430 0481 705F7374 		.ascii	"p_state\000"
 1430      61746500 
 1431              	.LASF56:
 1432 0489 725F7072 		.ascii	"r_prio\000"
 1432      696F00
 1433              	.LASF96:
 1434 0490 65776D61 		.ascii	"ewmask\000"
 1434      736B00
 1435              	.LASF30:
 1436 0497 705F6E65 		.ascii	"p_next\000"
 1436      787400
 1437              	.LASF21:
 1438 049e 746D6F64 		.ascii	"tmode_t\000"
 1438      655F7400 
 1439              	.LASF121:
 1440 04a6 63665F6F 		.ascii	"cf_off_preempt\000"
 1440      66665F70 
 1440      7265656D 
 1440      707400
 1441              	.LASF38:
 1442 04b5 705F666C 		.ascii	"p_flags\000"
 1442      61677300 
 1443              	.LASF51:
 1444 04bd 74687265 		.ascii	"threads_queue_t\000"
 1444      6164735F 
 1444      71756575 
 1444      655F7400 
 1445              	.LASF63:
 1446 04cd 63685F76 		.ascii	"ch_virtual_timer\000"
 1446      69727475 
 1446      616C5F74 
 1446      696D6572 
ARM GAS  /tmp/ccGL1cF5.s 			page 30


 1446      00
 1447              	.LASF114:
 1448 04de 63665F6F 		.ascii	"cf_off_newer\000"
 1448      66665F6E 
 1448      65776572 
 1448      00
 1449              	.LASF97:
 1450 04eb 63685F73 		.ascii	"ch_semaphore\000"
 1450      656D6170 
 1450      686F7265 
 1450      00
 1451              	.LASF43:
 1452 04f8 705F6570 		.ascii	"p_epending\000"
 1452      656E6469 
 1452      6E6700
 1453              	.LASF18:
 1454 0503 75696E74 		.ascii	"uint32_t\000"
 1454      33325F74 
 1454      00
 1455              	.LASF112:
 1456 050c 63665F6F 		.ascii	"cf_off_prio\000"
 1456      66665F70 
 1456      72696F00 
 1457              	.LASF55:
 1458 0518 725F7175 		.ascii	"r_queue\000"
 1458      65756500 
 1459              	.LASF66:
 1460 0520 76745F64 		.ascii	"vt_delta\000"
 1460      656C7461 
 1460      00
 1461              	.LASF50:
 1462 0529 63685F74 		.ascii	"ch_threads_list\000"
 1462      68726561 
 1462      64735F6C 
 1462      69737400 
 1463              	.LASF107:
 1464 0539 63685F73 		.ascii	"ch_size\000"
 1464      697A6500 
 1465              	.LASF12:
 1466 0541 6C6F6E67 		.ascii	"long unsigned int\000"
 1466      20756E73 
 1466      69676E65 
 1466      6420696E 
 1466      7400
 1467              	.LASF104:
 1468 0553 63686172 		.ascii	"char\000"
 1468      00
 1469              	.LASF95:
 1470 0558 77746D74 		.ascii	"wtmtxp\000"
 1470      787000
 1471              	.LASF7:
 1472 055f 5F5F7569 		.ascii	"__uint16_t\000"
 1472      6E743136 
 1472      5F7400
 1473              	.LASF29:
 1474 056a 74687265 		.ascii	"thread_t\000"
 1474      61645F74 
ARM GAS  /tmp/ccGL1cF5.s 			page 31


 1474      00
 1475              	.LASF103:
 1476 0573 6D5F6E65 		.ascii	"m_next\000"
 1476      787400
 1477              	.LASF28:
 1478 057a 73797374 		.ascii	"systime_t\000"
 1478      696D655F 
 1478      7400
 1479              	.LASF45:
 1480 0584 705F7265 		.ascii	"p_realprio\000"
 1480      616C7072 
 1480      696F00
 1481              	.LASF61:
 1482 058f 76746675 		.ascii	"vtfunc_t\000"
 1482      6E635F74 
 1482      00
 1483              	.LASF11:
 1484 0598 5F5F7569 		.ascii	"__uint32_t\000"
 1484      6E743332 
 1484      5F7400
 1485              	.LASF74:
 1486 05a3 70616E69 		.ascii	"panic_msg\000"
 1486      635F6D73 
 1486      6700
 1487              	.LASF88:
 1488 05ad 6F666673 		.ascii	"offset\000"
 1488      657400
 1489              	.LASF86:
 1490 05b4 636F6E74 		.ascii	"context\000"
 1490      65787400 
 1491              	.LASF20:
 1492 05bc 7274636E 		.ascii	"rtcnt_t\000"
 1492      745F7400 
 1493              	.LASF68:
 1494 05c4 76745F70 		.ascii	"vt_par\000"
 1494      617200
 1495              	.LASF113:
 1496 05cb 63665F6F 		.ascii	"cf_off_ctx\000"
 1496      66665F63 
 1496      747800
 1497              	.LASF100:
 1498 05d6 63685F6D 		.ascii	"ch_mutex\000"
 1498      75746578 
 1498      00
 1499              	.LASF39:
 1500 05df 705F7265 		.ascii	"p_refs\000"
 1500      667300
 1501              	.LASF77:
 1502 05e6 726C6973 		.ascii	"rlist\000"
 1502      7400
 1503              	.LASF15:
 1504 05ec 75696E74 		.ascii	"uint8_t\000"
 1504      385F7400 
 1505              	.LASF71:
 1506 05f4 76745F6C 		.ascii	"vt_lasttime\000"
 1506      61737474 
 1506      696D6500 
ARM GAS  /tmp/ccGL1cF5.s 			page 32


 1507              	.LASF92:
 1508 0600 77746F62 		.ascii	"wtobjp\000"
 1508      6A7000
 1509              	.LASF36:
 1510 0607 705F6E61 		.ascii	"p_name\000"
 1510      6D6500
 1511              	.LASF48:
 1512 060e 74687265 		.ascii	"threads_list_t\000"
 1512      6164735F 
 1512      6C697374 
 1512      5F7400
 1513              	.LASF42:
 1514 061d 705F6D73 		.ascii	"p_msg\000"
 1514      6700
 1515              	.LASF102:
 1516 0623 6D5F6F77 		.ascii	"m_owner\000"
 1516      6E657200 
 1517              	.LASF105:
 1518 062b 63685F69 		.ascii	"ch_identifier\000"
 1518      64656E74 
 1518      69666965 
 1518      7200
 1519              	.LASF67:
 1520 0639 76745F66 		.ascii	"vt_func\000"
 1520      756E6300 
 1521              		.ident	"GCC: (GNU Tools for ARM Embedded Processors) 6.2.1 20161205 (release) [ARM/embedded-6-bran
ARM GAS  /tmp/ccGL1cF5.s 			page 33


DEFINED SYMBOLS
                            *ABS*:0000000000000000 chdebug.c

NO UNDEFINED SYMBOLS
