ARM GAS  /tmp/ccUGo9xM.s 			page 1


   1              		.cpu cortex-m4
   2              		.eabi_attribute 20, 1
   3              		.eabi_attribute 21, 1
   4              		.eabi_attribute 23, 3
   5              		.eabi_attribute 24, 1
   6              		.eabi_attribute 25, 1
   7              		.eabi_attribute 26, 1
   8              		.eabi_attribute 30, 2
   9              		.eabi_attribute 34, 1
  10              		.eabi_attribute 18, 4
  11              		.file	"chregistry.c"
  12              		.text
  13              	.Ltext0:
  14              		.cfi_sections	.debug_frame
  15              		.section	.text.chRegFirstThread,"ax",%progbits
  16              		.align	1
  17              		.p2align 4,,15
  18              		.global	chRegFirstThread
  19              		.syntax unified
  20              		.thumb
  21              		.thumb_func
  22              		.fpu softvfp
  23              		.type	chRegFirstThread, %function
  24              	chRegFirstThread:
  25              	.LFB227:
  26              		.file 1 "/home/selim/working/ChibiOS/os/rt/src/chregistry.c"
  27              		.loc 1 131 0
  28              		.cfi_startproc
  29              		@ args = 0, pretend = 0, frame = 0
  30              		@ frame_needed = 0, uses_anonymous_args = 0
  31              		@ link register save eliminated.
  32              	.LVL0:
  33              	.LBB34:
  34              	.LBB35:
  35              	.LBB36:
  36              	.LBB37:
  37              		.file 2 "/home/selim/working/ChibiOS/os/ext/CMSIS/include/core_cmFunc.h"
  38              		.loc 2 546 0
  39 0000 2023     		movs	r3, #32
  40              		.syntax unified
  41              	@ 546 "/home/selim/working/ChibiOS/os/ext/CMSIS/include/core_cmFunc.h" 1
  42 0002 83F31188 		MSR basepri, r3
  43              	@ 0 "" 2
  44              	.LVL1:
  45              		.thumb
  46              		.syntax unified
  47              	.LBE37:
  48              	.LBE36:
  49              	.LBE35:
  50              	.LBE34:
  51              		.loc 1 135 0
  52 0006 044B     		ldr	r3, .L2
  53 0008 1869     		ldr	r0, [r3, #16]
  54              	.LVL2:
  55              		.loc 1 137 0
  56 000a 837F     		ldrb	r3, [r0, #30]	@ zero_extendqisi2
  57 000c 0133     		adds	r3, r3, #1
ARM GAS  /tmp/ccUGo9xM.s 			page 2


  58 000e 8377     		strb	r3, [r0, #30]
  59              	.LVL3:
  60              	.LBB38:
  61              	.LBB39:
  62              	.LBB40:
  63              	.LBB41:
  64              	.LBB42:
  65              		.loc 2 546 0
  66 0010 0023     		movs	r3, #0
  67              		.syntax unified
  68              	@ 546 "/home/selim/working/ChibiOS/os/ext/CMSIS/include/core_cmFunc.h" 1
  69 0012 83F31188 		MSR basepri, r3
  70              	@ 0 "" 2
  71              	.LVL4:
  72              		.thumb
  73              		.syntax unified
  74              	.LBE42:
  75              	.LBE41:
  76              	.LBE40:
  77              	.LBE39:
  78              	.LBE38:
  79              		.loc 1 142 0
  80 0016 7047     		bx	lr
  81              	.L3:
  82              		.align	2
  83              	.L2:
  84 0018 00000000 		.word	ch
  85              		.cfi_endproc
  86              	.LFE227:
  87              		.size	chRegFirstThread, .-chRegFirstThread
  88              		.section	.text.chRegNextThread,"ax",%progbits
  89              		.align	1
  90              		.p2align 4,,15
  91              		.global	chRegNextThread
  92              		.syntax unified
  93              		.thumb
  94              		.thumb_func
  95              		.fpu softvfp
  96              		.type	chRegNextThread, %function
  97              	chRegNextThread:
  98              	.LFB228:
  99              		.loc 1 155 0
 100              		.cfi_startproc
 101              		@ args = 0, pretend = 0, frame = 0
 102              		@ frame_needed = 0, uses_anonymous_args = 0
 103              	.LVL5:
 104 0000 10B5     		push	{r4, lr}
 105              		.cfi_def_cfa_offset 8
 106              		.cfi_offset 4, -8
 107              		.cfi_offset 14, -4
 108              	.LBB43:
 109              	.LBB44:
 110              	.LBB45:
 111              	.LBB46:
 112              		.loc 2 546 0
 113 0002 2023     		movs	r3, #32
 114              		.syntax unified
ARM GAS  /tmp/ccUGo9xM.s 			page 3


 115              	@ 546 "/home/selim/working/ChibiOS/os/ext/CMSIS/include/core_cmFunc.h" 1
 116 0004 83F31188 		MSR basepri, r3
 117              	@ 0 "" 2
 118              	.LVL6:
 119              		.thumb
 120              		.syntax unified
 121              	.LBE46:
 122              	.LBE45:
 123              	.LBE44:
 124              	.LBE43:
 125              		.loc 1 161 0
 126 0008 074B     		ldr	r3, .L9
 127              		.loc 1 159 0
 128 000a 0469     		ldr	r4, [r0, #16]
 129              	.LVL7:
 130              		.loc 1 161 0
 131 000c 9C42     		cmp	r4, r3
 132              		.loc 1 168 0
 133 000e 1DBF     		ittte	ne
 134 0010 A37F     		ldrbne	r3, [r4, #30]	@ zero_extendqisi2
 135 0012 0133     		addne	r3, r3, #1
 136 0014 A377     		strbne	r3, [r4, #30]
 137              		.loc 1 163 0
 138 0016 0024     		moveq	r4, #0
 139              	.LVL8:
 140              	.LBB47:
 141              	.LBB48:
 142              	.LBB49:
 143              	.LBB50:
 144              	.LBB51:
 145              		.loc 2 546 0
 146 0018 0023     		movs	r3, #0
 147              		.syntax unified
 148              	@ 546 "/home/selim/working/ChibiOS/os/ext/CMSIS/include/core_cmFunc.h" 1
 149 001a 83F31188 		MSR basepri, r3
 150              	@ 0 "" 2
 151              	.LVL9:
 152              		.thumb
 153              		.syntax unified
 154              	.LBE51:
 155              	.LBE50:
 156              	.LBE49:
 157              	.LBE48:
 158              	.LBE47:
 159              		.loc 1 173 0
 160 001e FFF7FEFF 		bl	chThdRelease
 161              	.LVL10:
 162              		.loc 1 177 0
 163 0022 2046     		mov	r0, r4
 164 0024 10BD     		pop	{r4, pc}
 165              	.LVL11:
 166              	.L10:
 167 0026 00BF     		.align	2
 168              	.L9:
 169 0028 00000000 		.word	ch
 170              		.cfi_endproc
 171              	.LFE228:
ARM GAS  /tmp/ccUGo9xM.s 			page 4


 172              		.size	chRegNextThread, .-chRegNextThread
 173              		.global	ch_debug
 174              		.section	.rodata.ch_debug,"a",%progbits
 175              		.align	2
 176              		.type	ch_debug, %object
 177              		.size	ch_debug, 22
 178              	ch_debug:
 179 0000 6D       		.byte	109
 180 0001 61       		.byte	97
 181 0002 69       		.byte	105
 182 0003 6E       		.byte	110
 183 0004 00       		.byte	0
 184 0005 16       		.byte	22
 185 0006 0018     		.short	6144
 186 0008 04       		.byte	4
 187 0009 04       		.byte	4
 188 000a 44       		.byte	68
 189 000b 08       		.byte	8
 190 000c 0C       		.byte	12
 191 000d 10       		.byte	16
 192 000e 14       		.byte	20
 193 000f 18       		.byte	24
 194 0010 00       		.byte	0
 195 0011 1C       		.byte	28
 196 0012 1D       		.byte	29
 197 0013 1E       		.byte	30
 198 0014 00       		.byte	0
 199 0015 00       		.byte	0
 200              		.text
 201              	.Letext0:
 202              		.file 3 "/usr/lib/gcc/arm-none-eabi/6.2.1/include/stddef.h"
 203              		.file 4 "/usr/arm-none-eabi/include/machine/_default_types.h"
 204              		.file 5 "/usr/arm-none-eabi/include/sys/_stdint.h"
 205              		.file 6 "/home/selim/working/ChibiOS/os/rt/ports/ARMCMx/compilers/GCC/chtypes.h"
 206              		.file 7 "/home/selim/working/ChibiOS/os/rt/include/chsystypes.h"
 207              		.file 8 "/home/selim/working/ChibiOS/os/rt/include/chschd.h"
 208              		.file 9 "/home/selim/working/ChibiOS/os/ext/CMSIS/include/core_cm4.h"
 209              		.file 10 "/home/selim/working/ChibiOS/os/ext/CMSIS/ST/system_stm32f4xx.h"
 210              		.file 11 "/home/selim/working/ChibiOS/os/rt/ports/ARMCMx/chcore.h"
 211              		.file 12 "/home/selim/working/ChibiOS/os/rt/ports/ARMCMx/chcore_v7m.h"
 212              		.file 13 "/home/selim/working/ChibiOS/os/rt/include/chtm.h"
 213              		.file 14 "/home/selim/working/ChibiOS/os/rt/include/chsem.h"
 214              		.file 15 "/home/selim/working/ChibiOS/os/rt/include/chmtx.h"
 215              		.file 16 "/home/selim/working/ChibiOS/os/rt/include/chregistry.h"
 216              		.file 17 "/home/selim/working/ChibiOS/os/rt/include/chsys.h"
 217              		.file 18 "/home/selim/working/ChibiOS/os/rt/include/chdynamic.h"
 218              		.section	.debug_info,"",%progbits
 219              	.Ldebug_info0:
 220 0000 89090000 		.4byte	0x989
 221 0004 0400     		.2byte	0x4
 222 0006 00000000 		.4byte	.Ldebug_abbrev0
 223 000a 04       		.byte	0x4
 224 000b 01       		.uleb128 0x1
 225 000c 18030000 		.4byte	.LASF134
 226 0010 0C       		.byte	0xc
 227 0011 60000000 		.4byte	.LASF135
 228 0015 00000000 		.4byte	.Ldebug_ranges0+0
ARM GAS  /tmp/ccUGo9xM.s 			page 5


 229 0019 00000000 		.4byte	0
 230 001d 00000000 		.4byte	.Ldebug_line0
 231 0021 02       		.uleb128 0x2
 232 0022 04       		.byte	0x4
 233 0023 05       		.byte	0x5
 234 0024 696E7400 		.ascii	"int\000"
 235 0028 03       		.uleb128 0x3
 236 0029 1A000000 		.4byte	.LASF4
 237 002d 03       		.byte	0x3
 238 002e D8       		.byte	0xd8
 239 002f 33000000 		.4byte	0x33
 240 0033 04       		.uleb128 0x4
 241 0034 04       		.byte	0x4
 242 0035 07       		.byte	0x7
 243 0036 EC010000 		.4byte	.LASF0
 244 003a 04       		.uleb128 0x4
 245 003b 08       		.byte	0x8
 246 003c 05       		.byte	0x5
 247 003d 0F010000 		.4byte	.LASF1
 248 0041 04       		.uleb128 0x4
 249 0042 08       		.byte	0x8
 250 0043 04       		.byte	0x4
 251 0044 0C030000 		.4byte	.LASF2
 252 0048 04       		.uleb128 0x4
 253 0049 01       		.byte	0x1
 254 004a 06       		.byte	0x6
 255 004b 1D010000 		.4byte	.LASF3
 256 004f 03       		.uleb128 0x3
 257 0050 31000000 		.4byte	.LASF5
 258 0054 04       		.byte	0x4
 259 0055 2B       		.byte	0x2b
 260 0056 5A000000 		.4byte	0x5a
 261 005a 04       		.uleb128 0x4
 262 005b 01       		.byte	0x1
 263 005c 08       		.byte	0x8
 264 005d 96040000 		.4byte	.LASF6
 265 0061 04       		.uleb128 0x4
 266 0062 02       		.byte	0x2
 267 0063 05       		.byte	0x5
 268 0064 AE040000 		.4byte	.LASF7
 269 0068 03       		.uleb128 0x3
 270 0069 C6050000 		.4byte	.LASF8
 271 006d 04       		.byte	0x4
 272 006e 39       		.byte	0x39
 273 006f 73000000 		.4byte	0x73
 274 0073 04       		.uleb128 0x4
 275 0074 02       		.byte	0x2
 276 0075 07       		.byte	0x7
 277 0076 3B020000 		.4byte	.LASF9
 278 007a 03       		.uleb128 0x3
 279 007b 90020000 		.4byte	.LASF10
 280 007f 04       		.byte	0x4
 281 0080 4D       		.byte	0x4d
 282 0081 85000000 		.4byte	0x85
 283 0085 04       		.uleb128 0x4
 284 0086 04       		.byte	0x4
 285 0087 05       		.byte	0x5
ARM GAS  /tmp/ccUGo9xM.s 			page 6


 286 0088 79010000 		.4byte	.LASF11
 287 008c 03       		.uleb128 0x3
 288 008d FF050000 		.4byte	.LASF12
 289 0091 04       		.byte	0x4
 290 0092 4F       		.byte	0x4f
 291 0093 97000000 		.4byte	0x97
 292 0097 04       		.uleb128 0x4
 293 0098 04       		.byte	0x4
 294 0099 07       		.byte	0x7
 295 009a 98050000 		.4byte	.LASF13
 296 009e 03       		.uleb128 0x3
 297 009f 41040000 		.4byte	.LASF14
 298 00a3 04       		.byte	0x4
 299 00a4 69       		.byte	0x69
 300 00a5 A9000000 		.4byte	0xa9
 301 00a9 04       		.uleb128 0x4
 302 00aa 08       		.byte	0x8
 303 00ab 07       		.byte	0x7
 304 00ac 93000000 		.4byte	.LASF15
 305 00b0 03       		.uleb128 0x3
 306 00b1 61060000 		.4byte	.LASF16
 307 00b5 05       		.byte	0x5
 308 00b6 18       		.byte	0x18
 309 00b7 4F000000 		.4byte	0x4f
 310 00bb 03       		.uleb128 0x3
 311 00bc 01020000 		.4byte	.LASF17
 312 00c0 05       		.byte	0x5
 313 00c1 24       		.byte	0x24
 314 00c2 68000000 		.4byte	0x68
 315 00c6 03       		.uleb128 0x3
 316 00c7 8E040000 		.4byte	.LASF18
 317 00cb 05       		.byte	0x5
 318 00cc 2C       		.byte	0x2c
 319 00cd 7A000000 		.4byte	0x7a
 320 00d1 05       		.uleb128 0x5
 321 00d2 C6000000 		.4byte	0xc6
 322 00d6 03       		.uleb128 0x3
 323 00d7 5A050000 		.4byte	.LASF19
 324 00db 05       		.byte	0x5
 325 00dc 30       		.byte	0x30
 326 00dd 8C000000 		.4byte	0x8c
 327 00e1 03       		.uleb128 0x3
 328 00e2 28000000 		.4byte	.LASF20
 329 00e6 05       		.byte	0x5
 330 00e7 3C       		.byte	0x3c
 331 00e8 9E000000 		.4byte	0x9e
 332 00ec 03       		.uleb128 0x3
 333 00ed 31060000 		.4byte	.LASF21
 334 00f1 06       		.byte	0x6
 335 00f2 46       		.byte	0x46
 336 00f3 D6000000 		.4byte	0xd6
 337 00f7 03       		.uleb128 0x3
 338 00f8 D5040000 		.4byte	.LASF22
 339 00fc 06       		.byte	0x6
 340 00fd 49       		.byte	0x49
 341 00fe B0000000 		.4byte	0xb0
 342 0102 03       		.uleb128 0x3
ARM GAS  /tmp/ccUGo9xM.s 			page 7


 343 0103 82010000 		.4byte	.LASF23
 344 0107 06       		.byte	0x6
 345 0108 4A       		.byte	0x4a
 346 0109 B0000000 		.4byte	0xb0
 347 010d 03       		.uleb128 0x3
 348 010e 4C040000 		.4byte	.LASF24
 349 0112 06       		.byte	0x6
 350 0113 4B       		.byte	0x4b
 351 0114 B0000000 		.4byte	0xb0
 352 0118 03       		.uleb128 0x3
 353 0119 76040000 		.4byte	.LASF25
 354 011d 06       		.byte	0x6
 355 011e 4D       		.byte	0x4d
 356 011f D6000000 		.4byte	0xd6
 357 0123 03       		.uleb128 0x3
 358 0124 58020000 		.4byte	.LASF26
 359 0128 06       		.byte	0x6
 360 0129 4E       		.byte	0x4e
 361 012a C6000000 		.4byte	0xc6
 362 012e 03       		.uleb128 0x3
 363 012f 84020000 		.4byte	.LASF27
 364 0133 06       		.byte	0x6
 365 0134 50       		.byte	0x50
 366 0135 D6000000 		.4byte	0xd6
 367 0139 03       		.uleb128 0x3
 368 013a E6010000 		.4byte	.LASF28
 369 013e 06       		.byte	0x6
 370 013f 52       		.byte	0x52
 371 0140 C6000000 		.4byte	0xc6
 372 0144 03       		.uleb128 0x3
 373 0145 E1050000 		.4byte	.LASF29
 374 0149 07       		.byte	0x7
 375 014a 33       		.byte	0x33
 376 014b D6000000 		.4byte	0xd6
 377 014f 03       		.uleb128 0x3
 378 0150 D1050000 		.4byte	.LASF30
 379 0154 07       		.byte	0x7
 380 0155 3F       		.byte	0x3f
 381 0156 5A010000 		.4byte	0x15a
 382 015a 06       		.uleb128 0x6
 383 015b 4E020000 		.4byte	.LASF50
 384 015f 44       		.byte	0x44
 385 0160 08       		.byte	0x8
 386 0161 C2       		.byte	0xc2
 387 0162 47020000 		.4byte	0x247
 388 0166 07       		.uleb128 0x7
 389 0167 CE040000 		.4byte	.LASF31
 390 016b 08       		.byte	0x8
 391 016c C3       		.byte	0xc3
 392 016d 52020000 		.4byte	0x252
 393 0171 00       		.byte	0
 394 0172 07       		.uleb128 0x7
 395 0173 6F040000 		.4byte	.LASF32
 396 0177 08       		.byte	0x8
 397 0178 C5       		.byte	0xc5
 398 0179 52020000 		.4byte	0x252
 399 017d 04       		.byte	0x4
ARM GAS  /tmp/ccUGo9xM.s 			page 8


 400 017e 07       		.uleb128 0x7
 401 017f FB000000 		.4byte	.LASF33
 402 0183 08       		.byte	0x8
 403 0184 C7       		.byte	0xc7
 404 0185 18010000 		.4byte	0x118
 405 0189 08       		.byte	0x8
 406 018a 07       		.uleb128 0x7
 407 018b 18040000 		.4byte	.LASF34
 408 018f 08       		.byte	0x8
 409 0190 C8       		.byte	0xc8
 410 0191 99040000 		.4byte	0x499
 411 0195 0C       		.byte	0xc
 412 0196 07       		.uleb128 0x7
 413 0197 A0010000 		.4byte	.LASF35
 414 019b 08       		.byte	0x8
 415 019c CA       		.byte	0xca
 416 019d 52020000 		.4byte	0x252
 417 01a1 10       		.byte	0x10
 418 01a2 07       		.uleb128 0x7
 419 01a3 0A040000 		.4byte	.LASF36
 420 01a7 08       		.byte	0x8
 421 01a8 CB       		.byte	0xcb
 422 01a9 52020000 		.4byte	0x252
 423 01ad 14       		.byte	0x14
 424 01ae 07       		.uleb128 0x7
 425 01af 7C060000 		.4byte	.LASF37
 426 01b3 08       		.byte	0x8
 427 01b4 D2       		.byte	0xd2
 428 01b5 18060000 		.4byte	0x618
 429 01b9 18       		.byte	0x18
 430 01ba 07       		.uleb128 0x7
 431 01bb B8040000 		.4byte	.LASF38
 432 01bf 08       		.byte	0x8
 433 01c0 DD       		.byte	0xdd
 434 01c1 02010000 		.4byte	0x102
 435 01c5 1C       		.byte	0x1c
 436 01c6 07       		.uleb128 0x7
 437 01c7 EC040000 		.4byte	.LASF39
 438 01cb 08       		.byte	0x8
 439 01cc E1       		.byte	0xe1
 440 01cd F7000000 		.4byte	0xf7
 441 01d1 1D       		.byte	0x1d
 442 01d2 07       		.uleb128 0x7
 443 01d3 54060000 		.4byte	.LASF40
 444 01d7 08       		.byte	0x8
 445 01d8 E6       		.byte	0xe6
 446 01d9 0D010000 		.4byte	0x10d
 447 01dd 1E       		.byte	0x1e
 448 01de 08       		.uleb128 0x8
 449 01df 705F7500 		.ascii	"p_u\000"
 450 01e3 08       		.byte	0x8
 451 01e4 3101     		.2byte	0x131
 452 01e6 53050000 		.4byte	0x553
 453 01ea 20       		.byte	0x20
 454 01eb 09       		.uleb128 0x9
 455 01ec CF020000 		.4byte	.LASF41
 456 01f0 08       		.byte	0x8
ARM GAS  /tmp/ccUGo9xM.s 			page 9


 457 01f1 3601     		.2byte	0x136
 458 01f3 58020000 		.4byte	0x258
 459 01f7 24       		.byte	0x24
 460 01f8 09       		.uleb128 0x9
 461 01f9 21020000 		.4byte	.LASF42
 462 01fd 08       		.byte	0x8
 463 01fe 3C01     		.2byte	0x13c
 464 0200 7C020000 		.4byte	0x27c
 465 0204 28       		.byte	0x28
 466 0205 09       		.uleb128 0x9
 467 0206 9E060000 		.4byte	.LASF43
 468 020a 08       		.byte	0x8
 469 020b 4001     		.2byte	0x140
 470 020d 23010000 		.4byte	0x123
 471 0211 30       		.byte	0x30
 472 0212 09       		.uleb128 0x9
 473 0213 4F050000 		.4byte	.LASF44
 474 0217 08       		.byte	0x8
 475 0218 4601     		.2byte	0x146
 476 021a 2E010000 		.4byte	0x12e
 477 021e 34       		.byte	0x34
 478 021f 09       		.uleb128 0x9
 479 0220 A4040000 		.4byte	.LASF45
 480 0224 08       		.byte	0x8
 481 0225 4D01     		.2byte	0x14d
 482 0227 12060000 		.4byte	0x612
 483 022b 38       		.byte	0x38
 484 022c 09       		.uleb128 0x9
 485 022d EB050000 		.4byte	.LASF46
 486 0231 08       		.byte	0x8
 487 0232 5101     		.2byte	0x151
 488 0234 18010000 		.4byte	0x118
 489 0238 3C       		.byte	0x3c
 490 0239 09       		.uleb128 0x9
 491 023a 46010000 		.4byte	.LASF47
 492 023e 08       		.byte	0x8
 493 023f 5801     		.2byte	0x158
 494 0241 2F030000 		.4byte	0x32f
 495 0245 40       		.byte	0x40
 496 0246 00       		.byte	0
 497 0247 03       		.uleb128 0x3
 498 0248 E2020000 		.4byte	.LASF48
 499 024c 07       		.byte	0x7
 500 024d 44       		.byte	0x44
 501 024e 52020000 		.4byte	0x252
 502 0252 0A       		.uleb128 0xa
 503 0253 04       		.byte	0x4
 504 0254 4F010000 		.4byte	0x14f
 505 0258 03       		.uleb128 0x3
 506 0259 83060000 		.4byte	.LASF49
 507 025d 07       		.byte	0x7
 508 025e 49       		.byte	0x49
 509 025f 63020000 		.4byte	0x263
 510 0263 06       		.uleb128 0x6
 511 0264 80050000 		.4byte	.LASF51
 512 0268 04       		.byte	0x4
 513 0269 08       		.byte	0x8
ARM GAS  /tmp/ccUGo9xM.s 			page 10


 514 026a B0       		.byte	0xb0
 515 026b 7C020000 		.4byte	0x27c
 516 026f 07       		.uleb128 0x7
 517 0270 CE040000 		.4byte	.LASF31
 518 0274 08       		.byte	0x8
 519 0275 B1       		.byte	0xb1
 520 0276 52020000 		.4byte	0x252
 521 027a 00       		.byte	0
 522 027b 00       		.byte	0
 523 027c 03       		.uleb128 0x3
 524 027d 14050000 		.4byte	.LASF52
 525 0281 07       		.byte	0x7
 526 0282 50       		.byte	0x50
 527 0283 87020000 		.4byte	0x287
 528 0287 06       		.uleb128 0x6
 529 0288 EA000000 		.4byte	.LASF53
 530 028c 08       		.byte	0x8
 531 028d 08       		.byte	0x8
 532 028e B7       		.byte	0xb7
 533 028f AC020000 		.4byte	0x2ac
 534 0293 07       		.uleb128 0x7
 535 0294 CE040000 		.4byte	.LASF31
 536 0298 08       		.byte	0x8
 537 0299 B8       		.byte	0xb8
 538 029a 52020000 		.4byte	0x252
 539 029e 00       		.byte	0
 540 029f 07       		.uleb128 0x7
 541 02a0 6F040000 		.4byte	.LASF32
 542 02a4 08       		.byte	0x8
 543 02a5 B9       		.byte	0xb9
 544 02a6 52020000 		.4byte	0x252
 545 02aa 04       		.byte	0x4
 546 02ab 00       		.byte	0
 547 02ac 03       		.uleb128 0x3
 548 02ad 0D000000 		.4byte	.LASF54
 549 02b1 07       		.byte	0x7
 550 02b2 57       		.byte	0x57
 551 02b3 B7020000 		.4byte	0x2b7
 552 02b7 0B       		.uleb128 0xb
 553 02b8 76020000 		.4byte	.LASF55
 554 02bc 1C       		.byte	0x1c
 555 02bd 08       		.byte	0x8
 556 02be 9001     		.2byte	0x190
 557 02c0 13030000 		.4byte	0x313
 558 02c4 09       		.uleb128 0x9
 559 02c5 6F050000 		.4byte	.LASF56
 560 02c9 08       		.byte	0x8
 561 02ca 9101     		.2byte	0x191
 562 02cc 7C020000 		.4byte	0x27c
 563 02d0 00       		.byte	0
 564 02d1 09       		.uleb128 0x9
 565 02d2 C0040000 		.4byte	.LASF57
 566 02d6 08       		.byte	0x8
 567 02d7 9201     		.2byte	0x192
 568 02d9 18010000 		.4byte	0x118
 569 02dd 08       		.byte	0x8
 570 02de 09       		.uleb128 0x9
ARM GAS  /tmp/ccUGo9xM.s 			page 11


 571 02df 12040000 		.4byte	.LASF58
 572 02e3 08       		.byte	0x8
 573 02e4 9401     		.2byte	0x194
 574 02e6 99040000 		.4byte	0x499
 575 02ea 0C       		.byte	0xc
 576 02eb 09       		.uleb128 0x9
 577 02ec B0010000 		.4byte	.LASF59
 578 02f0 08       		.byte	0x8
 579 02f1 9701     		.2byte	0x197
 580 02f3 52020000 		.4byte	0x252
 581 02f7 10       		.byte	0x10
 582 02f8 09       		.uleb128 0x9
 583 02f9 39040000 		.4byte	.LASF60
 584 02fd 08       		.byte	0x8
 585 02fe 9801     		.2byte	0x198
 586 0300 52020000 		.4byte	0x252
 587 0304 14       		.byte	0x14
 588 0305 09       		.uleb128 0x9
 589 0306 2F040000 		.4byte	.LASF61
 590 030a 08       		.byte	0x8
 591 030b 9B01     		.2byte	0x19b
 592 030d 52020000 		.4byte	0x252
 593 0311 18       		.byte	0x18
 594 0312 00       		.byte	0
 595 0313 03       		.uleb128 0x3
 596 0314 F6050000 		.4byte	.LASF62
 597 0318 07       		.byte	0x7
 598 0319 5C       		.byte	0x5c
 599 031a 1E030000 		.4byte	0x31e
 600 031e 0A       		.uleb128 0xa
 601 031f 04       		.byte	0x4
 602 0320 24030000 		.4byte	0x324
 603 0324 0C       		.uleb128 0xc
 604 0325 2F030000 		.4byte	0x32f
 605 0329 0D       		.uleb128 0xd
 606 032a 2F030000 		.4byte	0x32f
 607 032e 00       		.byte	0
 608 032f 0E       		.uleb128 0xe
 609 0330 04       		.byte	0x4
 610 0331 03       		.uleb128 0x3
 611 0332 5F040000 		.4byte	.LASF63
 612 0336 07       		.byte	0x7
 613 0337 61       		.byte	0x61
 614 0338 3C030000 		.4byte	0x33c
 615 033c 0B       		.uleb128 0xb
 616 033d 24050000 		.4byte	.LASF64
 617 0341 14       		.byte	0x14
 618 0342 08       		.byte	0x8
 619 0343 6B01     		.2byte	0x16b
 620 0345 8B030000 		.4byte	0x38b
 621 0349 09       		.uleb128 0x9
 622 034a F9010000 		.4byte	.LASF65
 623 034e 08       		.byte	0x8
 624 034f 6C01     		.2byte	0x16c
 625 0351 2F060000 		.4byte	0x62f
 626 0355 00       		.byte	0
 627 0356 09       		.uleb128 0x9
ARM GAS  /tmp/ccUGo9xM.s 			page 12


 628 0357 C1010000 		.4byte	.LASF66
 629 035b 08       		.byte	0x8
 630 035c 6D01     		.2byte	0x16d
 631 035e 2F060000 		.4byte	0x62f
 632 0362 04       		.byte	0x4
 633 0363 09       		.uleb128 0x9
 634 0364 77050000 		.4byte	.LASF67
 635 0368 08       		.byte	0x8
 636 0369 6E01     		.2byte	0x16e
 637 036b 44010000 		.4byte	0x144
 638 036f 08       		.byte	0x8
 639 0370 09       		.uleb128 0x9
 640 0371 BA060000 		.4byte	.LASF68
 641 0375 08       		.byte	0x8
 642 0376 6F01     		.2byte	0x16f
 643 0378 13030000 		.4byte	0x313
 644 037c 0C       		.byte	0xc
 645 037d 09       		.uleb128 0x9
 646 037e 39060000 		.4byte	.LASF69
 647 0382 08       		.byte	0x8
 648 0383 7101     		.2byte	0x171
 649 0385 2F030000 		.4byte	0x32f
 650 0389 10       		.byte	0x10
 651 038a 00       		.byte	0
 652 038b 03       		.uleb128 0x3
 653 038c 9A020000 		.4byte	.LASF70
 654 0390 07       		.byte	0x7
 655 0391 66       		.byte	0x66
 656 0392 96030000 		.4byte	0x396
 657 0396 0B       		.uleb128 0xb
 658 0397 F5020000 		.4byte	.LASF71
 659 039b 10       		.byte	0x10
 660 039c 08       		.byte	0x8
 661 039d 7B01     		.2byte	0x17b
 662 039f D8030000 		.4byte	0x3d8
 663 03a3 09       		.uleb128 0x9
 664 03a4 F9010000 		.4byte	.LASF65
 665 03a8 08       		.byte	0x8
 666 03a9 7C01     		.2byte	0x17c
 667 03ab 2F060000 		.4byte	0x62f
 668 03af 00       		.byte	0
 669 03b0 09       		.uleb128 0x9
 670 03b1 C1010000 		.4byte	.LASF66
 671 03b5 08       		.byte	0x8
 672 03b6 7E01     		.2byte	0x17e
 673 03b8 2F060000 		.4byte	0x62f
 674 03bc 04       		.byte	0x4
 675 03bd 09       		.uleb128 0x9
 676 03be 77050000 		.4byte	.LASF67
 677 03c2 08       		.byte	0x8
 678 03c3 8001     		.2byte	0x180
 679 03c5 44010000 		.4byte	0x144
 680 03c9 08       		.byte	0x8
 681 03ca 09       		.uleb128 0x9
 682 03cb 69060000 		.4byte	.LASF72
 683 03cf 08       		.byte	0x8
 684 03d0 8801     		.2byte	0x188
ARM GAS  /tmp/ccUGo9xM.s 			page 13


 685 03d2 44010000 		.4byte	0x144
 686 03d6 0C       		.byte	0xc
 687 03d7 00       		.byte	0
 688 03d8 03       		.uleb128 0x3
 689 03d9 47000000 		.4byte	.LASF73
 690 03dd 07       		.byte	0x7
 691 03de 6B       		.byte	0x6b
 692 03df E3030000 		.4byte	0x3e3
 693 03e3 0B       		.uleb128 0xb
 694 03e4 7E040000 		.4byte	.LASF74
 695 03e8 04       		.byte	0x4
 696 03e9 08       		.byte	0x8
 697 03ea A201     		.2byte	0x1a2
 698 03ec FE030000 		.4byte	0x3fe
 699 03f0 09       		.uleb128 0x9
 700 03f1 18060000 		.4byte	.LASF75
 701 03f5 08       		.byte	0x8
 702 03f6 AA01     		.2byte	0x1aa
 703 03f8 1E060000 		.4byte	0x61e
 704 03fc 00       		.byte	0
 705 03fd 00       		.byte	0
 706 03fe 03       		.uleb128 0x3
 707 03ff 5E020000 		.4byte	.LASF76
 708 0403 07       		.byte	0x7
 709 0404 70       		.byte	0x70
 710 0405 09040000 		.4byte	0x409
 711 0409 0F       		.uleb128 0xf
 712 040a 6F010000 		.4byte	.LASF77
 713 040e 5001     		.2byte	0x150
 714 0410 08       		.byte	0x8
 715 0411 C201     		.2byte	0x1c2
 716 0413 65040000 		.4byte	0x465
 717 0417 09       		.uleb128 0x9
 718 0418 5B060000 		.4byte	.LASF78
 719 041c 08       		.byte	0x8
 720 041d C601     		.2byte	0x1c6
 721 041f AC020000 		.4byte	0x2ac
 722 0423 00       		.byte	0
 723 0424 09       		.uleb128 0x9
 724 0425 56010000 		.4byte	.LASF79
 725 0429 08       		.byte	0x8
 726 042a CA01     		.2byte	0x1ca
 727 042c 8B030000 		.4byte	0x38b
 728 0430 1C       		.byte	0x1c
 729 0431 08       		.uleb128 0x8
 730 0432 64626700 		.ascii	"dbg\000"
 731 0436 08       		.byte	0x8
 732 0437 CE01     		.2byte	0x1ce
 733 0439 D8030000 		.4byte	0x3d8
 734 043d 2C       		.byte	0x2c
 735 043e 09       		.uleb128 0x9
 736 043f C1000000 		.4byte	.LASF80
 737 0443 08       		.byte	0x8
 738 0444 D201     		.2byte	0x1d2
 739 0446 4F010000 		.4byte	0x14f
 740 044a 30       		.byte	0x30
 741 044b 08       		.uleb128 0x8
ARM GAS  /tmp/ccUGo9xM.s 			page 14


 742 044c 746D00   		.ascii	"tm\000"
 743 044f 08       		.byte	0x8
 744 0450 D701     		.2byte	0x1d7
 745 0452 48050000 		.4byte	0x548
 746 0456 74       		.byte	0x74
 747 0457 09       		.uleb128 0x9
 748 0458 D7010000 		.4byte	.LASF81
 749 045c 08       		.byte	0x8
 750 045d E301     		.2byte	0x1e3
 751 045f 35060000 		.4byte	0x635
 752 0463 78       		.byte	0x78
 753 0464 00       		.byte	0
 754 0465 04       		.uleb128 0x4
 755 0466 04       		.byte	0x4
 756 0467 07       		.byte	0x7
 757 0468 D9020000 		.4byte	.LASF82
 758 046c 10       		.uleb128 0x10
 759 046d DD000000 		.4byte	.LASF83
 760 0471 09       		.byte	0x9
 761 0472 A706     		.2byte	0x6a7
 762 0474 D1000000 		.4byte	0xd1
 763 0478 11       		.uleb128 0x11
 764 0479 0A020000 		.4byte	.LASF84
 765 047d 0A       		.byte	0xa
 766 047e 4C       		.byte	0x4c
 767 047f D6000000 		.4byte	0xd6
 768 0483 03       		.uleb128 0x3
 769 0484 B8010000 		.4byte	.LASF85
 770 0488 0B       		.byte	0xb
 771 0489 65       		.byte	0x65
 772 048a 2F030000 		.4byte	0x32f
 773 048e 03       		.uleb128 0x3
 774 048f B0020000 		.4byte	.LASF86
 775 0493 0B       		.byte	0xb
 776 0494 6D       		.byte	0x6d
 777 0495 E1000000 		.4byte	0xe1
 778 0499 06       		.uleb128 0x6
 779 049a 29060000 		.4byte	.LASF87
 780 049e 04       		.byte	0x4
 781 049f 0B       		.byte	0xb
 782 04a0 89       		.byte	0x89
 783 04a1 B2040000 		.4byte	0x4b2
 784 04a5 12       		.uleb128 0x12
 785 04a6 72313300 		.ascii	"r13\000"
 786 04aa 0B       		.byte	0xb
 787 04ab 8A       		.byte	0x8a
 788 04ac 2D050000 		.4byte	0x52d
 789 04b0 00       		.byte	0
 790 04b1 00       		.byte	0
 791 04b2 06       		.uleb128 0x6
 792 04b3 3B000000 		.4byte	.LASF88
 793 04b7 24       		.byte	0x24
 794 04b8 0C       		.byte	0xc
 795 04b9 F4       		.byte	0xf4
 796 04ba 2D050000 		.4byte	0x52d
 797 04be 08       		.uleb128 0x8
 798 04bf 723400   		.ascii	"r4\000"
ARM GAS  /tmp/ccUGo9xM.s 			page 15


 799 04c2 0C       		.byte	0xc
 800 04c3 0701     		.2byte	0x107
 801 04c5 83040000 		.4byte	0x483
 802 04c9 00       		.byte	0
 803 04ca 08       		.uleb128 0x8
 804 04cb 723500   		.ascii	"r5\000"
 805 04ce 0C       		.byte	0xc
 806 04cf 0801     		.2byte	0x108
 807 04d1 83040000 		.4byte	0x483
 808 04d5 04       		.byte	0x4
 809 04d6 08       		.uleb128 0x8
 810 04d7 723600   		.ascii	"r6\000"
 811 04da 0C       		.byte	0xc
 812 04db 0901     		.2byte	0x109
 813 04dd 83040000 		.4byte	0x483
 814 04e1 08       		.byte	0x8
 815 04e2 08       		.uleb128 0x8
 816 04e3 723700   		.ascii	"r7\000"
 817 04e6 0C       		.byte	0xc
 818 04e7 0A01     		.2byte	0x10a
 819 04e9 83040000 		.4byte	0x483
 820 04ed 0C       		.byte	0xc
 821 04ee 08       		.uleb128 0x8
 822 04ef 723800   		.ascii	"r8\000"
 823 04f2 0C       		.byte	0xc
 824 04f3 0B01     		.2byte	0x10b
 825 04f5 83040000 		.4byte	0x483
 826 04f9 10       		.byte	0x10
 827 04fa 08       		.uleb128 0x8
 828 04fb 723900   		.ascii	"r9\000"
 829 04fe 0C       		.byte	0xc
 830 04ff 0C01     		.2byte	0x10c
 831 0501 83040000 		.4byte	0x483
 832 0505 14       		.byte	0x14
 833 0506 08       		.uleb128 0x8
 834 0507 72313000 		.ascii	"r10\000"
 835 050b 0C       		.byte	0xc
 836 050c 0D01     		.2byte	0x10d
 837 050e 83040000 		.4byte	0x483
 838 0512 18       		.byte	0x18
 839 0513 08       		.uleb128 0x8
 840 0514 72313100 		.ascii	"r11\000"
 841 0518 0C       		.byte	0xc
 842 0519 0E01     		.2byte	0x10e
 843 051b 83040000 		.4byte	0x483
 844 051f 1C       		.byte	0x1c
 845 0520 08       		.uleb128 0x8
 846 0521 6C7200   		.ascii	"lr\000"
 847 0524 0C       		.byte	0xc
 848 0525 0F01     		.2byte	0x10f
 849 0527 83040000 		.4byte	0x483
 850 052b 20       		.byte	0x20
 851 052c 00       		.byte	0
 852 052d 0A       		.uleb128 0xa
 853 052e 04       		.byte	0x4
 854 052f B2040000 		.4byte	0x4b2
 855 0533 13       		.uleb128 0x13
ARM GAS  /tmp/ccUGo9xM.s 			page 16


 856 0534 04       		.byte	0x4
 857 0535 0D       		.byte	0xd
 858 0536 38       		.byte	0x38
 859 0537 48050000 		.4byte	0x548
 860 053b 07       		.uleb128 0x7
 861 053c 22060000 		.4byte	.LASF89
 862 0540 0D       		.byte	0xd
 863 0541 3C       		.byte	0x3c
 864 0542 EC000000 		.4byte	0xec
 865 0546 00       		.byte	0
 866 0547 00       		.byte	0
 867 0548 03       		.uleb128 0x3
 868 0549 1E040000 		.4byte	.LASF90
 869 054d 0D       		.byte	0xd
 870 054e 3D       		.byte	0x3d
 871 054f 33050000 		.4byte	0x533
 872 0553 14       		.uleb128 0x14
 873 0554 04       		.byte	0x4
 874 0555 08       		.byte	0x8
 875 0556 FA       		.byte	0xfa
 876 0557 B0050000 		.4byte	0x5b0
 877 055b 15       		.uleb128 0x15
 878 055c 21000000 		.4byte	.LASF91
 879 0560 08       		.byte	0x8
 880 0561 0101     		.2byte	0x101
 881 0563 23010000 		.4byte	0x123
 882 0567 15       		.uleb128 0x15
 883 0568 B8000000 		.4byte	.LASF92
 884 056c 08       		.byte	0x8
 885 056d 0801     		.2byte	0x108
 886 056f 23010000 		.4byte	0x123
 887 0573 15       		.uleb128 0x15
 888 0574 75060000 		.4byte	.LASF93
 889 0578 08       		.byte	0x8
 890 0579 0F01     		.2byte	0x10f
 891 057b 2F030000 		.4byte	0x32f
 892 057f 15       		.uleb128 0x15
 893 0580 69010000 		.4byte	.LASF94
 894 0584 08       		.byte	0x8
 895 0585 1601     		.2byte	0x116
 896 0587 B0050000 		.4byte	0x5b0
 897 058b 15       		.uleb128 0x15
 898 058c 1A020000 		.4byte	.LASF95
 899 0590 08       		.byte	0x8
 900 0591 1E01     		.2byte	0x11e
 901 0593 DB050000 		.4byte	0x5db
 902 0597 15       		.uleb128 0x15
 903 0598 BF050000 		.4byte	.LASF96
 904 059c 08       		.byte	0x8
 905 059d 2701     		.2byte	0x127
 906 059f 12060000 		.4byte	0x612
 907 05a3 15       		.uleb128 0x15
 908 05a4 C7040000 		.4byte	.LASF97
 909 05a8 08       		.byte	0x8
 910 05a9 2F01     		.2byte	0x12f
 911 05ab 2E010000 		.4byte	0x12e
 912 05af 00       		.byte	0
ARM GAS  /tmp/ccUGo9xM.s 			page 17


 913 05b0 0A       		.uleb128 0xa
 914 05b1 04       		.byte	0x4
 915 05b2 47020000 		.4byte	0x247
 916 05b6 06       		.uleb128 0x6
 917 05b7 42050000 		.4byte	.LASF98
 918 05bb 0C       		.byte	0xc
 919 05bc 0E       		.byte	0xe
 920 05bd 34       		.byte	0x34
 921 05be DB050000 		.4byte	0x5db
 922 05c2 07       		.uleb128 0x7
 923 05c3 A8010000 		.4byte	.LASF99
 924 05c7 0E       		.byte	0xe
 925 05c8 35       		.byte	0x35
 926 05c9 7C020000 		.4byte	0x27c
 927 05cd 00       		.byte	0
 928 05ce 07       		.uleb128 0x7
 929 05cf 35020000 		.4byte	.LASF100
 930 05d3 0E       		.byte	0xe
 931 05d4 37       		.byte	0x37
 932 05d5 39010000 		.4byte	0x139
 933 05d9 08       		.byte	0x8
 934 05da 00       		.byte	0
 935 05db 0A       		.uleb128 0xa
 936 05dc 04       		.byte	0x4
 937 05dd B6050000 		.4byte	0x5b6
 938 05e1 06       		.uleb128 0x6
 939 05e2 4B060000 		.4byte	.LASF101
 940 05e6 10       		.byte	0x10
 941 05e7 0F       		.byte	0xf
 942 05e8 39       		.byte	0x39
 943 05e9 12060000 		.4byte	0x612
 944 05ed 07       		.uleb128 0x7
 945 05ee 4E010000 		.4byte	.LASF102
 946 05f2 0F       		.byte	0xf
 947 05f3 3A       		.byte	0x3a
 948 05f4 7C020000 		.4byte	0x27c
 949 05f8 00       		.byte	0
 950 05f9 07       		.uleb128 0x7
 951 05fa A4060000 		.4byte	.LASF103
 952 05fe 0F       		.byte	0xf
 953 05ff 3C       		.byte	0x3c
 954 0600 52020000 		.4byte	0x252
 955 0604 08       		.byte	0x8
 956 0605 07       		.uleb128 0x7
 957 0606 DA050000 		.4byte	.LASF104
 958 060a 0F       		.byte	0xf
 959 060b 3E       		.byte	0x3e
 960 060c 67070000 		.4byte	0x767
 961 0610 0C       		.byte	0xc
 962 0611 00       		.byte	0
 963 0612 0A       		.uleb128 0xa
 964 0613 04       		.byte	0x4
 965 0614 E1050000 		.4byte	0x5e1
 966 0618 0A       		.uleb128 0xa
 967 0619 04       		.byte	0x4
 968 061a 2A060000 		.4byte	0x62a
 969 061e 05       		.uleb128 0x5
ARM GAS  /tmp/ccUGo9xM.s 			page 18


 970 061f 18060000 		.4byte	0x618
 971 0623 04       		.uleb128 0x4
 972 0624 01       		.byte	0x1
 973 0625 08       		.byte	0x8
 974 0626 AA050000 		.4byte	.LASF105
 975 062a 16       		.uleb128 0x16
 976 062b 23060000 		.4byte	0x623
 977 062f 0A       		.uleb128 0xa
 978 0630 04       		.byte	0x4
 979 0631 31030000 		.4byte	0x331
 980 0635 17       		.uleb128 0x17
 981 0636 8E040000 		.4byte	0x48e
 982 063a 45060000 		.4byte	0x645
 983 063e 18       		.uleb128 0x18
 984 063f 65040000 		.4byte	0x465
 985 0643 1A       		.byte	0x1a
 986 0644 00       		.byte	0
 987 0645 19       		.uleb128 0x19
 988 0646 636800   		.ascii	"ch\000"
 989 0649 08       		.byte	0x8
 990 064a 0902     		.2byte	0x209
 991 064c FE030000 		.4byte	0x3fe
 992 0650 13       		.uleb128 0x13
 993 0651 16       		.byte	0x16
 994 0652 10       		.byte	0x10
 995 0653 34       		.byte	0x34
 996 0654 31070000 		.4byte	0x731
 997 0658 07       		.uleb128 0x7
 998 0659 AC060000 		.4byte	.LASF106
 999 065d 10       		.byte	0x10
 1000 065e 35       		.byte	0x35
 1001 065f 31070000 		.4byte	0x731
 1002 0663 00       		.byte	0
 1003 0664 07       		.uleb128 0x7
 1004 0665 BB020000 		.4byte	.LASF107
 1005 0669 10       		.byte	0x10
 1006 066a 36       		.byte	0x36
 1007 066b B0000000 		.4byte	0xb0
 1008 066f 04       		.byte	0x4
 1009 0670 07       		.uleb128 0x7
 1010 0671 90050000 		.4byte	.LASF108
 1011 0675 10       		.byte	0x10
 1012 0676 37       		.byte	0x37
 1013 0677 B0000000 		.4byte	0xb0
 1014 067b 05       		.byte	0x5
 1015 067c 07       		.uleb128 0x7
 1016 067d 8B010000 		.4byte	.LASF109
 1017 0681 10       		.byte	0x10
 1018 0682 38       		.byte	0x38
 1019 0683 BB000000 		.4byte	0xbb
 1020 0687 06       		.byte	0x6
 1021 0688 07       		.uleb128 0x7
 1022 0689 54040000 		.4byte	.LASF110
 1023 068d 10       		.byte	0x10
 1024 068e 39       		.byte	0x39
 1025 068f B0000000 		.4byte	0xb0
 1026 0693 08       		.byte	0x8
ARM GAS  /tmp/ccUGo9xM.s 			page 19


 1027 0694 07       		.uleb128 0x7
 1028 0695 F2030000 		.4byte	.LASF111
 1029 0699 10       		.byte	0x10
 1030 069a 3A       		.byte	0x3a
 1031 069b B0000000 		.4byte	0xb0
 1032 069f 09       		.byte	0x9
 1033 06a0 07       		.uleb128 0x7
 1034 06a1 AA000000 		.4byte	.LASF112
 1035 06a5 10       		.byte	0x10
 1036 06a6 3B       		.byte	0x3b
 1037 06a7 B0000000 		.4byte	0xb0
 1038 06ab 0A       		.byte	0xa
 1039 06ac 07       		.uleb128 0x7
 1040 06ad 63050000 		.4byte	.LASF113
 1041 06b1 10       		.byte	0x10
 1042 06b2 3C       		.byte	0x3c
 1043 06b3 B0000000 		.4byte	0xb0
 1044 06b7 0B       		.byte	0xb
 1045 06b8 07       		.uleb128 0x7
 1046 06b9 40060000 		.4byte	.LASF114
 1047 06bd 10       		.byte	0x10
 1048 06be 3D       		.byte	0x3d
 1049 06bf B0000000 		.4byte	0xb0
 1050 06c3 0C       		.byte	0xc
 1051 06c4 07       		.uleb128 0x7
 1052 06c5 35050000 		.4byte	.LASF115
 1053 06c9 10       		.byte	0x10
 1054 06ca 3E       		.byte	0x3e
 1055 06cb B0000000 		.4byte	0xb0
 1056 06cf 0D       		.byte	0xd
 1057 06d0 07       		.uleb128 0x7
 1058 06d1 00000000 		.4byte	.LASF116
 1059 06d5 10       		.byte	0x10
 1060 06d6 3F       		.byte	0x3f
 1061 06d7 B0000000 		.4byte	0xb0
 1062 06db 0E       		.byte	0xe
 1063 06dc 07       		.uleb128 0x7
 1064 06dd FE030000 		.4byte	.LASF117
 1065 06e1 10       		.byte	0x10
 1066 06e2 40       		.byte	0x40
 1067 06e3 B0000000 		.4byte	0xb0
 1068 06e7 0F       		.byte	0xf
 1069 06e8 07       		.uleb128 0x7
 1070 06e9 29010000 		.4byte	.LASF118
 1071 06ed 10       		.byte	0x10
 1072 06ee 41       		.byte	0x41
 1073 06ef B0000000 		.4byte	0xb0
 1074 06f3 10       		.byte	0x10
 1075 06f4 07       		.uleb128 0x7
 1076 06f5 02010000 		.4byte	.LASF119
 1077 06f9 10       		.byte	0x10
 1078 06fa 43       		.byte	0x43
 1079 06fb B0000000 		.4byte	0xb0
 1080 06ff 11       		.byte	0x11
 1081 0700 07       		.uleb128 0x7
 1082 0701 39010000 		.4byte	.LASF120
 1083 0705 10       		.byte	0x10
ARM GAS  /tmp/ccUGo9xM.s 			page 20


 1084 0706 44       		.byte	0x44
 1085 0707 B0000000 		.4byte	0xb0
 1086 070b 12       		.byte	0x12
 1087 070c 07       		.uleb128 0x7
 1088 070d C3020000 		.4byte	.LASF121
 1089 0711 10       		.byte	0x10
 1090 0712 45       		.byte	0x45
 1091 0713 B0000000 		.4byte	0xb0
 1092 0717 13       		.byte	0x13
 1093 0718 07       		.uleb128 0x7
 1094 0719 DD040000 		.4byte	.LASF122
 1095 071d 10       		.byte	0x10
 1096 071e 46       		.byte	0x46
 1097 071f B0000000 		.4byte	0xb0
 1098 0723 14       		.byte	0x14
 1099 0724 07       		.uleb128 0x7
 1100 0725 6A020000 		.4byte	.LASF123
 1101 0729 10       		.byte	0x10
 1102 072a 48       		.byte	0x48
 1103 072b B0000000 		.4byte	0xb0
 1104 072f 15       		.byte	0x15
 1105 0730 00       		.byte	0
 1106 0731 17       		.uleb128 0x17
 1107 0732 23060000 		.4byte	0x623
 1108 0736 41070000 		.4byte	0x741
 1109 073a 18       		.uleb128 0x18
 1110 073b 65040000 		.4byte	0x465
 1111 073f 03       		.byte	0x3
 1112 0740 00       		.byte	0
 1113 0741 03       		.uleb128 0x3
 1114 0742 96010000 		.4byte	.LASF124
 1115 0746 10       		.byte	0x10
 1116 0747 49       		.byte	0x49
 1117 0748 50060000 		.4byte	0x650
 1118 074c 16       		.uleb128 0x16
 1119 074d 41070000 		.4byte	0x741
 1120 0751 11       		.uleb128 0x11
 1121 0752 2C020000 		.4byte	.LASF125
 1122 0756 10       		.byte	0x10
 1123 0757 82       		.byte	0x82
 1124 0758 4C070000 		.4byte	0x74c
 1125 075c 03       		.uleb128 0x3
 1126 075d C9010000 		.4byte	.LASF126
 1127 0761 0F       		.byte	0xf
 1128 0762 34       		.byte	0x34
 1129 0763 E1050000 		.4byte	0x5e1
 1130 0767 0A       		.uleb128 0xa
 1131 0768 04       		.byte	0x4
 1132 0769 5C070000 		.4byte	0x75c
 1133 076d 1A       		.uleb128 0x1a
 1134 076e 51070000 		.4byte	0x751
 1135 0772 01       		.byte	0x1
 1136 0773 50       		.byte	0x50
 1137 0774 05       		.uleb128 0x5
 1138 0775 03       		.byte	0x3
 1139 0776 00000000 		.4byte	ch_debug
 1140 077a 1B       		.uleb128 0x1b
ARM GAS  /tmp/ccUGo9xM.s 			page 21


 1141 077b AF050000 		.4byte	.LASF127
 1142 077f 01       		.byte	0x1
 1143 0780 9B       		.byte	0x9b
 1144 0781 52020000 		.4byte	0x252
 1145 0785 00000000 		.4byte	.LFB228
 1146 0789 2C000000 		.4byte	.LFE228-.LFB228
 1147 078d 01       		.uleb128 0x1
 1148 078e 9C       		.byte	0x9c
 1149 078f 58080000 		.4byte	0x858
 1150 0793 1C       		.uleb128 0x1c
 1151 0794 747000   		.ascii	"tp\000"
 1152 0797 01       		.byte	0x1
 1153 0798 9B       		.byte	0x9b
 1154 0799 52020000 		.4byte	0x252
 1155 079d 00000000 		.4byte	.LLST2
 1156 07a1 1D       		.uleb128 0x1d
 1157 07a2 6E747000 		.ascii	"ntp\000"
 1158 07a6 01       		.byte	0x1
 1159 07a7 9C       		.byte	0x9c
 1160 07a8 52020000 		.4byte	0x252
 1161 07ac 21000000 		.4byte	.LLST3
 1162 07b0 1E       		.uleb128 0x1e
 1163 07b1 F4040000 		.4byte	.LASF136
 1164 07b5 68080000 		.4byte	0x868
 1165 07b9 1F       		.uleb128 0x1f
 1166 07ba 4C090000 		.4byte	0x94c
 1167 07be 02000000 		.4byte	.LBB43
 1168 07c2 06000000 		.4byte	.LBE43-.LBB43
 1169 07c6 01       		.byte	0x1
 1170 07c7 9E       		.byte	0x9e
 1171 07c8 F8070000 		.4byte	0x7f8
 1172 07cc 20       		.uleb128 0x20
 1173 07cd 5E090000 		.4byte	0x95e
 1174 07d1 02000000 		.4byte	.LBB44
 1175 07d5 06000000 		.4byte	.LBE44-.LBB44
 1176 07d9 11       		.byte	0x11
 1177 07da 5C01     		.2byte	0x15c
 1178 07dc 20       		.uleb128 0x20
 1179 07dd 67090000 		.4byte	0x967
 1180 07e1 02000000 		.4byte	.LBB45
 1181 07e5 06000000 		.4byte	.LBE45-.LBB45
 1182 07e9 0C       		.byte	0xc
 1183 07ea BF01     		.2byte	0x1bf
 1184 07ec 21       		.uleb128 0x21
 1185 07ed 74090000 		.4byte	0x974
 1186 07f1 3F000000 		.4byte	.LLST4
 1187 07f5 00       		.byte	0
 1188 07f6 00       		.byte	0
 1189 07f7 00       		.byte	0
 1190 07f8 1F       		.uleb128 0x1f
 1191 07f9 1C090000 		.4byte	0x91c
 1192 07fd 18000000 		.4byte	.LBB47
 1193 0801 06000000 		.4byte	.LBE47-.LBB47
 1194 0805 01       		.byte	0x1
 1195 0806 AB       		.byte	0xab
 1196 0807 46080000 		.4byte	0x846
 1197 080b 22       		.uleb128 0x22
ARM GAS  /tmp/ccUGo9xM.s 			page 22


 1198 080c 18000000 		.4byte	.LBB48
 1199 0810 06000000 		.4byte	.LBE48-.LBB48
 1200 0814 23       		.uleb128 0x23
 1201 0815 29090000 		.4byte	0x929
 1202 0819 20       		.uleb128 0x20
 1203 081a 55090000 		.4byte	0x955
 1204 081e 18000000 		.4byte	.LBB49
 1205 0822 06000000 		.4byte	.LBE49-.LBB49
 1206 0826 11       		.byte	0x11
 1207 0827 7301     		.2byte	0x173
 1208 0829 20       		.uleb128 0x20
 1209 082a 67090000 		.4byte	0x967
 1210 082e 18000000 		.4byte	.LBB50
 1211 0832 06000000 		.4byte	.LBE50-.LBB50
 1212 0836 0C       		.byte	0xc
 1213 0837 CD01     		.2byte	0x1cd
 1214 0839 21       		.uleb128 0x21
 1215 083a 74090000 		.4byte	0x974
 1216 083e 54000000 		.4byte	.LLST5
 1217 0842 00       		.byte	0
 1218 0843 00       		.byte	0
 1219 0844 00       		.byte	0
 1220 0845 00       		.byte	0
 1221 0846 24       		.uleb128 0x24
 1222 0847 22000000 		.4byte	.LVL10
 1223 084b 81090000 		.4byte	0x981
 1224 084f 25       		.uleb128 0x25
 1225 0850 01       		.uleb128 0x1
 1226 0851 50       		.byte	0x50
 1227 0852 03       		.uleb128 0x3
 1228 0853 F3       		.byte	0xf3
 1229 0854 01       		.uleb128 0x1
 1230 0855 50       		.byte	0x50
 1231 0856 00       		.byte	0
 1232 0857 00       		.byte	0
 1233 0858 17       		.uleb128 0x17
 1234 0859 2A060000 		.4byte	0x62a
 1235 085d 68080000 		.4byte	0x868
 1236 0861 18       		.uleb128 0x18
 1237 0862 65040000 		.4byte	0x465
 1238 0866 0F       		.byte	0xf
 1239 0867 00       		.byte	0
 1240 0868 16       		.uleb128 0x16
 1241 0869 58080000 		.4byte	0x858
 1242 086d 1B       		.uleb128 0x1b
 1243 086e CC000000 		.4byte	.LASF128
 1244 0872 01       		.byte	0x1
 1245 0873 83       		.byte	0x83
 1246 0874 52020000 		.4byte	0x252
 1247 0878 00000000 		.4byte	.LFB227
 1248 087c 1C000000 		.4byte	.LFE227-.LFB227
 1249 0880 01       		.uleb128 0x1
 1250 0881 9C       		.byte	0x9c
 1251 0882 1C090000 		.4byte	0x91c
 1252 0886 26       		.uleb128 0x26
 1253 0887 747000   		.ascii	"tp\000"
 1254 088a 01       		.byte	0x1
ARM GAS  /tmp/ccUGo9xM.s 			page 23


 1255 088b 84       		.byte	0x84
 1256 088c 52020000 		.4byte	0x252
 1257 0890 01       		.uleb128 0x1
 1258 0891 50       		.byte	0x50
 1259 0892 1F       		.uleb128 0x1f
 1260 0893 4C090000 		.4byte	0x94c
 1261 0897 00000000 		.4byte	.LBB34
 1262 089b 06000000 		.4byte	.LBE34-.LBB34
 1263 089f 01       		.byte	0x1
 1264 08a0 86       		.byte	0x86
 1265 08a1 D1080000 		.4byte	0x8d1
 1266 08a5 20       		.uleb128 0x20
 1267 08a6 5E090000 		.4byte	0x95e
 1268 08aa 00000000 		.4byte	.LBB35
 1269 08ae 06000000 		.4byte	.LBE35-.LBB35
 1270 08b2 11       		.byte	0x11
 1271 08b3 5C01     		.2byte	0x15c
 1272 08b5 20       		.uleb128 0x20
 1273 08b6 67090000 		.4byte	0x967
 1274 08ba 00000000 		.4byte	.LBB36
 1275 08be 06000000 		.4byte	.LBE36-.LBB36
 1276 08c2 0C       		.byte	0xc
 1277 08c3 BF01     		.2byte	0x1bf
 1278 08c5 21       		.uleb128 0x21
 1279 08c6 74090000 		.4byte	0x974
 1280 08ca 68000000 		.4byte	.LLST0
 1281 08ce 00       		.byte	0
 1282 08cf 00       		.byte	0
 1283 08d0 00       		.byte	0
 1284 08d1 27       		.uleb128 0x27
 1285 08d2 1C090000 		.4byte	0x91c
 1286 08d6 10000000 		.4byte	.LBB38
 1287 08da 06000000 		.4byte	.LBE38-.LBB38
 1288 08de 01       		.byte	0x1
 1289 08df 8B       		.byte	0x8b
 1290 08e0 22       		.uleb128 0x22
 1291 08e1 10000000 		.4byte	.LBB39
 1292 08e5 06000000 		.4byte	.LBE39-.LBB39
 1293 08e9 23       		.uleb128 0x23
 1294 08ea 29090000 		.4byte	0x929
 1295 08ee 20       		.uleb128 0x20
 1296 08ef 55090000 		.4byte	0x955
 1297 08f3 10000000 		.4byte	.LBB40
 1298 08f7 06000000 		.4byte	.LBE40-.LBB40
 1299 08fb 11       		.byte	0x11
 1300 08fc 7301     		.2byte	0x173
 1301 08fe 20       		.uleb128 0x20
 1302 08ff 67090000 		.4byte	0x967
 1303 0903 10000000 		.4byte	.LBB41
 1304 0907 06000000 		.4byte	.LBE41-.LBB41
 1305 090b 0C       		.byte	0xc
 1306 090c CD01     		.2byte	0x1cd
 1307 090e 21       		.uleb128 0x21
 1308 090f 74090000 		.4byte	0x974
 1309 0913 7D000000 		.4byte	.LLST1
 1310 0917 00       		.byte	0
 1311 0918 00       		.byte	0
ARM GAS  /tmp/ccUGo9xM.s 			page 24


 1312 0919 00       		.byte	0
 1313 091a 00       		.byte	0
 1314 091b 00       		.byte	0
 1315 091c 28       		.uleb128 0x28
 1316 091d 92060000 		.4byte	.LASF132
 1317 0921 11       		.byte	0x11
 1318 0922 6601     		.2byte	0x166
 1319 0924 03       		.byte	0x3
 1320 0925 37090000 		.4byte	0x937
 1321 0929 29       		.uleb128 0x29
 1322 092a F4040000 		.4byte	.LASF136
 1323 092e 47090000 		.4byte	0x947
 1324 0932 92060000 		.4byte	.LASF132
 1325 0936 00       		.byte	0
 1326 0937 17       		.uleb128 0x17
 1327 0938 2A060000 		.4byte	0x62a
 1328 093c 47090000 		.4byte	0x947
 1329 0940 18       		.uleb128 0x18
 1330 0941 65040000 		.4byte	0x465
 1331 0945 0B       		.byte	0xb
 1332 0946 00       		.byte	0
 1333 0947 16       		.uleb128 0x16
 1334 0948 37090000 		.4byte	0x937
 1335 094c 2A       		.uleb128 0x2a
 1336 094d FD040000 		.4byte	.LASF129
 1337 0951 11       		.byte	0x11
 1338 0952 5A01     		.2byte	0x15a
 1339 0954 03       		.byte	0x3
 1340 0955 2A       		.uleb128 0x2a
 1341 0956 5D010000 		.4byte	.LASF130
 1342 095a 0C       		.byte	0xc
 1343 095b CA01     		.2byte	0x1ca
 1344 095d 03       		.byte	0x3
 1345 095e 2A       		.uleb128 0x2a
 1346 095f 56000000 		.4byte	.LASF131
 1347 0963 0C       		.byte	0xc
 1348 0964 BC01     		.2byte	0x1bc
 1349 0966 03       		.byte	0x3
 1350 0967 28       		.uleb128 0x28
 1351 0968 0A060000 		.4byte	.LASF133
 1352 096c 02       		.byte	0x2
 1353 096d 2002     		.2byte	0x220
 1354 096f 03       		.byte	0x3
 1355 0970 81090000 		.4byte	0x981
 1356 0974 2B       		.uleb128 0x2b
 1357 0975 D1010000 		.4byte	.LASF137
 1358 0979 02       		.byte	0x2
 1359 097a 2002     		.2byte	0x220
 1360 097c D6000000 		.4byte	0xd6
 1361 0980 00       		.byte	0
 1362 0981 2C       		.uleb128 0x2c
 1363 0982 07050000 		.4byte	.LASF138
 1364 0986 07050000 		.4byte	.LASF138
 1365 098a 12       		.byte	0x12
 1366 098b 4B       		.byte	0x4b
 1367 098c 00       		.byte	0
 1368              		.section	.debug_abbrev,"",%progbits
ARM GAS  /tmp/ccUGo9xM.s 			page 25


 1369              	.Ldebug_abbrev0:
 1370 0000 01       		.uleb128 0x1
 1371 0001 11       		.uleb128 0x11
 1372 0002 01       		.byte	0x1
 1373 0003 25       		.uleb128 0x25
 1374 0004 0E       		.uleb128 0xe
 1375 0005 13       		.uleb128 0x13
 1376 0006 0B       		.uleb128 0xb
 1377 0007 03       		.uleb128 0x3
 1378 0008 0E       		.uleb128 0xe
 1379 0009 55       		.uleb128 0x55
 1380 000a 17       		.uleb128 0x17
 1381 000b 11       		.uleb128 0x11
 1382 000c 01       		.uleb128 0x1
 1383 000d 10       		.uleb128 0x10
 1384 000e 17       		.uleb128 0x17
 1385 000f 00       		.byte	0
 1386 0010 00       		.byte	0
 1387 0011 02       		.uleb128 0x2
 1388 0012 24       		.uleb128 0x24
 1389 0013 00       		.byte	0
 1390 0014 0B       		.uleb128 0xb
 1391 0015 0B       		.uleb128 0xb
 1392 0016 3E       		.uleb128 0x3e
 1393 0017 0B       		.uleb128 0xb
 1394 0018 03       		.uleb128 0x3
 1395 0019 08       		.uleb128 0x8
 1396 001a 00       		.byte	0
 1397 001b 00       		.byte	0
 1398 001c 03       		.uleb128 0x3
 1399 001d 16       		.uleb128 0x16
 1400 001e 00       		.byte	0
 1401 001f 03       		.uleb128 0x3
 1402 0020 0E       		.uleb128 0xe
 1403 0021 3A       		.uleb128 0x3a
 1404 0022 0B       		.uleb128 0xb
 1405 0023 3B       		.uleb128 0x3b
 1406 0024 0B       		.uleb128 0xb
 1407 0025 49       		.uleb128 0x49
 1408 0026 13       		.uleb128 0x13
 1409 0027 00       		.byte	0
 1410 0028 00       		.byte	0
 1411 0029 04       		.uleb128 0x4
 1412 002a 24       		.uleb128 0x24
 1413 002b 00       		.byte	0
 1414 002c 0B       		.uleb128 0xb
 1415 002d 0B       		.uleb128 0xb
 1416 002e 3E       		.uleb128 0x3e
 1417 002f 0B       		.uleb128 0xb
 1418 0030 03       		.uleb128 0x3
 1419 0031 0E       		.uleb128 0xe
 1420 0032 00       		.byte	0
 1421 0033 00       		.byte	0
 1422 0034 05       		.uleb128 0x5
 1423 0035 35       		.uleb128 0x35
 1424 0036 00       		.byte	0
 1425 0037 49       		.uleb128 0x49
ARM GAS  /tmp/ccUGo9xM.s 			page 26


 1426 0038 13       		.uleb128 0x13
 1427 0039 00       		.byte	0
 1428 003a 00       		.byte	0
 1429 003b 06       		.uleb128 0x6
 1430 003c 13       		.uleb128 0x13
 1431 003d 01       		.byte	0x1
 1432 003e 03       		.uleb128 0x3
 1433 003f 0E       		.uleb128 0xe
 1434 0040 0B       		.uleb128 0xb
 1435 0041 0B       		.uleb128 0xb
 1436 0042 3A       		.uleb128 0x3a
 1437 0043 0B       		.uleb128 0xb
 1438 0044 3B       		.uleb128 0x3b
 1439 0045 0B       		.uleb128 0xb
 1440 0046 01       		.uleb128 0x1
 1441 0047 13       		.uleb128 0x13
 1442 0048 00       		.byte	0
 1443 0049 00       		.byte	0
 1444 004a 07       		.uleb128 0x7
 1445 004b 0D       		.uleb128 0xd
 1446 004c 00       		.byte	0
 1447 004d 03       		.uleb128 0x3
 1448 004e 0E       		.uleb128 0xe
 1449 004f 3A       		.uleb128 0x3a
 1450 0050 0B       		.uleb128 0xb
 1451 0051 3B       		.uleb128 0x3b
 1452 0052 0B       		.uleb128 0xb
 1453 0053 49       		.uleb128 0x49
 1454 0054 13       		.uleb128 0x13
 1455 0055 38       		.uleb128 0x38
 1456 0056 0B       		.uleb128 0xb
 1457 0057 00       		.byte	0
 1458 0058 00       		.byte	0
 1459 0059 08       		.uleb128 0x8
 1460 005a 0D       		.uleb128 0xd
 1461 005b 00       		.byte	0
 1462 005c 03       		.uleb128 0x3
 1463 005d 08       		.uleb128 0x8
 1464 005e 3A       		.uleb128 0x3a
 1465 005f 0B       		.uleb128 0xb
 1466 0060 3B       		.uleb128 0x3b
 1467 0061 05       		.uleb128 0x5
 1468 0062 49       		.uleb128 0x49
 1469 0063 13       		.uleb128 0x13
 1470 0064 38       		.uleb128 0x38
 1471 0065 0B       		.uleb128 0xb
 1472 0066 00       		.byte	0
 1473 0067 00       		.byte	0
 1474 0068 09       		.uleb128 0x9
 1475 0069 0D       		.uleb128 0xd
 1476 006a 00       		.byte	0
 1477 006b 03       		.uleb128 0x3
 1478 006c 0E       		.uleb128 0xe
 1479 006d 3A       		.uleb128 0x3a
 1480 006e 0B       		.uleb128 0xb
 1481 006f 3B       		.uleb128 0x3b
 1482 0070 05       		.uleb128 0x5
ARM GAS  /tmp/ccUGo9xM.s 			page 27


 1483 0071 49       		.uleb128 0x49
 1484 0072 13       		.uleb128 0x13
 1485 0073 38       		.uleb128 0x38
 1486 0074 0B       		.uleb128 0xb
 1487 0075 00       		.byte	0
 1488 0076 00       		.byte	0
 1489 0077 0A       		.uleb128 0xa
 1490 0078 0F       		.uleb128 0xf
 1491 0079 00       		.byte	0
 1492 007a 0B       		.uleb128 0xb
 1493 007b 0B       		.uleb128 0xb
 1494 007c 49       		.uleb128 0x49
 1495 007d 13       		.uleb128 0x13
 1496 007e 00       		.byte	0
 1497 007f 00       		.byte	0
 1498 0080 0B       		.uleb128 0xb
 1499 0081 13       		.uleb128 0x13
 1500 0082 01       		.byte	0x1
 1501 0083 03       		.uleb128 0x3
 1502 0084 0E       		.uleb128 0xe
 1503 0085 0B       		.uleb128 0xb
 1504 0086 0B       		.uleb128 0xb
 1505 0087 3A       		.uleb128 0x3a
 1506 0088 0B       		.uleb128 0xb
 1507 0089 3B       		.uleb128 0x3b
 1508 008a 05       		.uleb128 0x5
 1509 008b 01       		.uleb128 0x1
 1510 008c 13       		.uleb128 0x13
 1511 008d 00       		.byte	0
 1512 008e 00       		.byte	0
 1513 008f 0C       		.uleb128 0xc
 1514 0090 15       		.uleb128 0x15
 1515 0091 01       		.byte	0x1
 1516 0092 27       		.uleb128 0x27
 1517 0093 19       		.uleb128 0x19
 1518 0094 01       		.uleb128 0x1
 1519 0095 13       		.uleb128 0x13
 1520 0096 00       		.byte	0
 1521 0097 00       		.byte	0
 1522 0098 0D       		.uleb128 0xd
 1523 0099 05       		.uleb128 0x5
 1524 009a 00       		.byte	0
 1525 009b 49       		.uleb128 0x49
 1526 009c 13       		.uleb128 0x13
 1527 009d 00       		.byte	0
 1528 009e 00       		.byte	0
 1529 009f 0E       		.uleb128 0xe
 1530 00a0 0F       		.uleb128 0xf
 1531 00a1 00       		.byte	0
 1532 00a2 0B       		.uleb128 0xb
 1533 00a3 0B       		.uleb128 0xb
 1534 00a4 00       		.byte	0
 1535 00a5 00       		.byte	0
 1536 00a6 0F       		.uleb128 0xf
 1537 00a7 13       		.uleb128 0x13
 1538 00a8 01       		.byte	0x1
 1539 00a9 03       		.uleb128 0x3
ARM GAS  /tmp/ccUGo9xM.s 			page 28


 1540 00aa 0E       		.uleb128 0xe
 1541 00ab 0B       		.uleb128 0xb
 1542 00ac 05       		.uleb128 0x5
 1543 00ad 3A       		.uleb128 0x3a
 1544 00ae 0B       		.uleb128 0xb
 1545 00af 3B       		.uleb128 0x3b
 1546 00b0 05       		.uleb128 0x5
 1547 00b1 01       		.uleb128 0x1
 1548 00b2 13       		.uleb128 0x13
 1549 00b3 00       		.byte	0
 1550 00b4 00       		.byte	0
 1551 00b5 10       		.uleb128 0x10
 1552 00b6 34       		.uleb128 0x34
 1553 00b7 00       		.byte	0
 1554 00b8 03       		.uleb128 0x3
 1555 00b9 0E       		.uleb128 0xe
 1556 00ba 3A       		.uleb128 0x3a
 1557 00bb 0B       		.uleb128 0xb
 1558 00bc 3B       		.uleb128 0x3b
 1559 00bd 05       		.uleb128 0x5
 1560 00be 49       		.uleb128 0x49
 1561 00bf 13       		.uleb128 0x13
 1562 00c0 3F       		.uleb128 0x3f
 1563 00c1 19       		.uleb128 0x19
 1564 00c2 3C       		.uleb128 0x3c
 1565 00c3 19       		.uleb128 0x19
 1566 00c4 00       		.byte	0
 1567 00c5 00       		.byte	0
 1568 00c6 11       		.uleb128 0x11
 1569 00c7 34       		.uleb128 0x34
 1570 00c8 00       		.byte	0
 1571 00c9 03       		.uleb128 0x3
 1572 00ca 0E       		.uleb128 0xe
 1573 00cb 3A       		.uleb128 0x3a
 1574 00cc 0B       		.uleb128 0xb
 1575 00cd 3B       		.uleb128 0x3b
 1576 00ce 0B       		.uleb128 0xb
 1577 00cf 49       		.uleb128 0x49
 1578 00d0 13       		.uleb128 0x13
 1579 00d1 3F       		.uleb128 0x3f
 1580 00d2 19       		.uleb128 0x19
 1581 00d3 3C       		.uleb128 0x3c
 1582 00d4 19       		.uleb128 0x19
 1583 00d5 00       		.byte	0
 1584 00d6 00       		.byte	0
 1585 00d7 12       		.uleb128 0x12
 1586 00d8 0D       		.uleb128 0xd
 1587 00d9 00       		.byte	0
 1588 00da 03       		.uleb128 0x3
 1589 00db 08       		.uleb128 0x8
 1590 00dc 3A       		.uleb128 0x3a
 1591 00dd 0B       		.uleb128 0xb
 1592 00de 3B       		.uleb128 0x3b
 1593 00df 0B       		.uleb128 0xb
 1594 00e0 49       		.uleb128 0x49
 1595 00e1 13       		.uleb128 0x13
 1596 00e2 38       		.uleb128 0x38
ARM GAS  /tmp/ccUGo9xM.s 			page 29


 1597 00e3 0B       		.uleb128 0xb
 1598 00e4 00       		.byte	0
 1599 00e5 00       		.byte	0
 1600 00e6 13       		.uleb128 0x13
 1601 00e7 13       		.uleb128 0x13
 1602 00e8 01       		.byte	0x1
 1603 00e9 0B       		.uleb128 0xb
 1604 00ea 0B       		.uleb128 0xb
 1605 00eb 3A       		.uleb128 0x3a
 1606 00ec 0B       		.uleb128 0xb
 1607 00ed 3B       		.uleb128 0x3b
 1608 00ee 0B       		.uleb128 0xb
 1609 00ef 01       		.uleb128 0x1
 1610 00f0 13       		.uleb128 0x13
 1611 00f1 00       		.byte	0
 1612 00f2 00       		.byte	0
 1613 00f3 14       		.uleb128 0x14
 1614 00f4 17       		.uleb128 0x17
 1615 00f5 01       		.byte	0x1
 1616 00f6 0B       		.uleb128 0xb
 1617 00f7 0B       		.uleb128 0xb
 1618 00f8 3A       		.uleb128 0x3a
 1619 00f9 0B       		.uleb128 0xb
 1620 00fa 3B       		.uleb128 0x3b
 1621 00fb 0B       		.uleb128 0xb
 1622 00fc 01       		.uleb128 0x1
 1623 00fd 13       		.uleb128 0x13
 1624 00fe 00       		.byte	0
 1625 00ff 00       		.byte	0
 1626 0100 15       		.uleb128 0x15
 1627 0101 0D       		.uleb128 0xd
 1628 0102 00       		.byte	0
 1629 0103 03       		.uleb128 0x3
 1630 0104 0E       		.uleb128 0xe
 1631 0105 3A       		.uleb128 0x3a
 1632 0106 0B       		.uleb128 0xb
 1633 0107 3B       		.uleb128 0x3b
 1634 0108 05       		.uleb128 0x5
 1635 0109 49       		.uleb128 0x49
 1636 010a 13       		.uleb128 0x13
 1637 010b 00       		.byte	0
 1638 010c 00       		.byte	0
 1639 010d 16       		.uleb128 0x16
 1640 010e 26       		.uleb128 0x26
 1641 010f 00       		.byte	0
 1642 0110 49       		.uleb128 0x49
 1643 0111 13       		.uleb128 0x13
 1644 0112 00       		.byte	0
 1645 0113 00       		.byte	0
 1646 0114 17       		.uleb128 0x17
 1647 0115 01       		.uleb128 0x1
 1648 0116 01       		.byte	0x1
 1649 0117 49       		.uleb128 0x49
 1650 0118 13       		.uleb128 0x13
 1651 0119 01       		.uleb128 0x1
 1652 011a 13       		.uleb128 0x13
 1653 011b 00       		.byte	0
ARM GAS  /tmp/ccUGo9xM.s 			page 30


 1654 011c 00       		.byte	0
 1655 011d 18       		.uleb128 0x18
 1656 011e 21       		.uleb128 0x21
 1657 011f 00       		.byte	0
 1658 0120 49       		.uleb128 0x49
 1659 0121 13       		.uleb128 0x13
 1660 0122 2F       		.uleb128 0x2f
 1661 0123 0B       		.uleb128 0xb
 1662 0124 00       		.byte	0
 1663 0125 00       		.byte	0
 1664 0126 19       		.uleb128 0x19
 1665 0127 34       		.uleb128 0x34
 1666 0128 00       		.byte	0
 1667 0129 03       		.uleb128 0x3
 1668 012a 08       		.uleb128 0x8
 1669 012b 3A       		.uleb128 0x3a
 1670 012c 0B       		.uleb128 0xb
 1671 012d 3B       		.uleb128 0x3b
 1672 012e 05       		.uleb128 0x5
 1673 012f 49       		.uleb128 0x49
 1674 0130 13       		.uleb128 0x13
 1675 0131 3F       		.uleb128 0x3f
 1676 0132 19       		.uleb128 0x19
 1677 0133 3C       		.uleb128 0x3c
 1678 0134 19       		.uleb128 0x19
 1679 0135 00       		.byte	0
 1680 0136 00       		.byte	0
 1681 0137 1A       		.uleb128 0x1a
 1682 0138 34       		.uleb128 0x34
 1683 0139 00       		.byte	0
 1684 013a 47       		.uleb128 0x47
 1685 013b 13       		.uleb128 0x13
 1686 013c 3A       		.uleb128 0x3a
 1687 013d 0B       		.uleb128 0xb
 1688 013e 3B       		.uleb128 0x3b
 1689 013f 0B       		.uleb128 0xb
 1690 0140 02       		.uleb128 0x2
 1691 0141 18       		.uleb128 0x18
 1692 0142 00       		.byte	0
 1693 0143 00       		.byte	0
 1694 0144 1B       		.uleb128 0x1b
 1695 0145 2E       		.uleb128 0x2e
 1696 0146 01       		.byte	0x1
 1697 0147 3F       		.uleb128 0x3f
 1698 0148 19       		.uleb128 0x19
 1699 0149 03       		.uleb128 0x3
 1700 014a 0E       		.uleb128 0xe
 1701 014b 3A       		.uleb128 0x3a
 1702 014c 0B       		.uleb128 0xb
 1703 014d 3B       		.uleb128 0x3b
 1704 014e 0B       		.uleb128 0xb
 1705 014f 27       		.uleb128 0x27
 1706 0150 19       		.uleb128 0x19
 1707 0151 49       		.uleb128 0x49
 1708 0152 13       		.uleb128 0x13
 1709 0153 11       		.uleb128 0x11
 1710 0154 01       		.uleb128 0x1
ARM GAS  /tmp/ccUGo9xM.s 			page 31


 1711 0155 12       		.uleb128 0x12
 1712 0156 06       		.uleb128 0x6
 1713 0157 40       		.uleb128 0x40
 1714 0158 18       		.uleb128 0x18
 1715 0159 9742     		.uleb128 0x2117
 1716 015b 19       		.uleb128 0x19
 1717 015c 01       		.uleb128 0x1
 1718 015d 13       		.uleb128 0x13
 1719 015e 00       		.byte	0
 1720 015f 00       		.byte	0
 1721 0160 1C       		.uleb128 0x1c
 1722 0161 05       		.uleb128 0x5
 1723 0162 00       		.byte	0
 1724 0163 03       		.uleb128 0x3
 1725 0164 08       		.uleb128 0x8
 1726 0165 3A       		.uleb128 0x3a
 1727 0166 0B       		.uleb128 0xb
 1728 0167 3B       		.uleb128 0x3b
 1729 0168 0B       		.uleb128 0xb
 1730 0169 49       		.uleb128 0x49
 1731 016a 13       		.uleb128 0x13
 1732 016b 02       		.uleb128 0x2
 1733 016c 17       		.uleb128 0x17
 1734 016d 00       		.byte	0
 1735 016e 00       		.byte	0
 1736 016f 1D       		.uleb128 0x1d
 1737 0170 34       		.uleb128 0x34
 1738 0171 00       		.byte	0
 1739 0172 03       		.uleb128 0x3
 1740 0173 08       		.uleb128 0x8
 1741 0174 3A       		.uleb128 0x3a
 1742 0175 0B       		.uleb128 0xb
 1743 0176 3B       		.uleb128 0x3b
 1744 0177 0B       		.uleb128 0xb
 1745 0178 49       		.uleb128 0x49
 1746 0179 13       		.uleb128 0x13
 1747 017a 02       		.uleb128 0x2
 1748 017b 17       		.uleb128 0x17
 1749 017c 00       		.byte	0
 1750 017d 00       		.byte	0
 1751 017e 1E       		.uleb128 0x1e
 1752 017f 34       		.uleb128 0x34
 1753 0180 00       		.byte	0
 1754 0181 03       		.uleb128 0x3
 1755 0182 0E       		.uleb128 0xe
 1756 0183 49       		.uleb128 0x49
 1757 0184 13       		.uleb128 0x13
 1758 0185 34       		.uleb128 0x34
 1759 0186 19       		.uleb128 0x19
 1760 0187 00       		.byte	0
 1761 0188 00       		.byte	0
 1762 0189 1F       		.uleb128 0x1f
 1763 018a 1D       		.uleb128 0x1d
 1764 018b 01       		.byte	0x1
 1765 018c 31       		.uleb128 0x31
 1766 018d 13       		.uleb128 0x13
 1767 018e 11       		.uleb128 0x11
ARM GAS  /tmp/ccUGo9xM.s 			page 32


 1768 018f 01       		.uleb128 0x1
 1769 0190 12       		.uleb128 0x12
 1770 0191 06       		.uleb128 0x6
 1771 0192 58       		.uleb128 0x58
 1772 0193 0B       		.uleb128 0xb
 1773 0194 59       		.uleb128 0x59
 1774 0195 0B       		.uleb128 0xb
 1775 0196 01       		.uleb128 0x1
 1776 0197 13       		.uleb128 0x13
 1777 0198 00       		.byte	0
 1778 0199 00       		.byte	0
 1779 019a 20       		.uleb128 0x20
 1780 019b 1D       		.uleb128 0x1d
 1781 019c 01       		.byte	0x1
 1782 019d 31       		.uleb128 0x31
 1783 019e 13       		.uleb128 0x13
 1784 019f 11       		.uleb128 0x11
 1785 01a0 01       		.uleb128 0x1
 1786 01a1 12       		.uleb128 0x12
 1787 01a2 06       		.uleb128 0x6
 1788 01a3 58       		.uleb128 0x58
 1789 01a4 0B       		.uleb128 0xb
 1790 01a5 59       		.uleb128 0x59
 1791 01a6 05       		.uleb128 0x5
 1792 01a7 00       		.byte	0
 1793 01a8 00       		.byte	0
 1794 01a9 21       		.uleb128 0x21
 1795 01aa 05       		.uleb128 0x5
 1796 01ab 00       		.byte	0
 1797 01ac 31       		.uleb128 0x31
 1798 01ad 13       		.uleb128 0x13
 1799 01ae 02       		.uleb128 0x2
 1800 01af 17       		.uleb128 0x17
 1801 01b0 00       		.byte	0
 1802 01b1 00       		.byte	0
 1803 01b2 22       		.uleb128 0x22
 1804 01b3 0B       		.uleb128 0xb
 1805 01b4 01       		.byte	0x1
 1806 01b5 11       		.uleb128 0x11
 1807 01b6 01       		.uleb128 0x1
 1808 01b7 12       		.uleb128 0x12
 1809 01b8 06       		.uleb128 0x6
 1810 01b9 00       		.byte	0
 1811 01ba 00       		.byte	0
 1812 01bb 23       		.uleb128 0x23
 1813 01bc 34       		.uleb128 0x34
 1814 01bd 00       		.byte	0
 1815 01be 31       		.uleb128 0x31
 1816 01bf 13       		.uleb128 0x13
 1817 01c0 00       		.byte	0
 1818 01c1 00       		.byte	0
 1819 01c2 24       		.uleb128 0x24
 1820 01c3 898201   		.uleb128 0x4109
 1821 01c6 01       		.byte	0x1
 1822 01c7 11       		.uleb128 0x11
 1823 01c8 01       		.uleb128 0x1
 1824 01c9 31       		.uleb128 0x31
ARM GAS  /tmp/ccUGo9xM.s 			page 33


 1825 01ca 13       		.uleb128 0x13
 1826 01cb 00       		.byte	0
 1827 01cc 00       		.byte	0
 1828 01cd 25       		.uleb128 0x25
 1829 01ce 8A8201   		.uleb128 0x410a
 1830 01d1 00       		.byte	0
 1831 01d2 02       		.uleb128 0x2
 1832 01d3 18       		.uleb128 0x18
 1833 01d4 9142     		.uleb128 0x2111
 1834 01d6 18       		.uleb128 0x18
 1835 01d7 00       		.byte	0
 1836 01d8 00       		.byte	0
 1837 01d9 26       		.uleb128 0x26
 1838 01da 34       		.uleb128 0x34
 1839 01db 00       		.byte	0
 1840 01dc 03       		.uleb128 0x3
 1841 01dd 08       		.uleb128 0x8
 1842 01de 3A       		.uleb128 0x3a
 1843 01df 0B       		.uleb128 0xb
 1844 01e0 3B       		.uleb128 0x3b
 1845 01e1 0B       		.uleb128 0xb
 1846 01e2 49       		.uleb128 0x49
 1847 01e3 13       		.uleb128 0x13
 1848 01e4 02       		.uleb128 0x2
 1849 01e5 18       		.uleb128 0x18
 1850 01e6 00       		.byte	0
 1851 01e7 00       		.byte	0
 1852 01e8 27       		.uleb128 0x27
 1853 01e9 1D       		.uleb128 0x1d
 1854 01ea 01       		.byte	0x1
 1855 01eb 31       		.uleb128 0x31
 1856 01ec 13       		.uleb128 0x13
 1857 01ed 11       		.uleb128 0x11
 1858 01ee 01       		.uleb128 0x1
 1859 01ef 12       		.uleb128 0x12
 1860 01f0 06       		.uleb128 0x6
 1861 01f1 58       		.uleb128 0x58
 1862 01f2 0B       		.uleb128 0xb
 1863 01f3 59       		.uleb128 0x59
 1864 01f4 0B       		.uleb128 0xb
 1865 01f5 00       		.byte	0
 1866 01f6 00       		.byte	0
 1867 01f7 28       		.uleb128 0x28
 1868 01f8 2E       		.uleb128 0x2e
 1869 01f9 01       		.byte	0x1
 1870 01fa 03       		.uleb128 0x3
 1871 01fb 0E       		.uleb128 0xe
 1872 01fc 3A       		.uleb128 0x3a
 1873 01fd 0B       		.uleb128 0xb
 1874 01fe 3B       		.uleb128 0x3b
 1875 01ff 05       		.uleb128 0x5
 1876 0200 27       		.uleb128 0x27
 1877 0201 19       		.uleb128 0x19
 1878 0202 20       		.uleb128 0x20
 1879 0203 0B       		.uleb128 0xb
 1880 0204 01       		.uleb128 0x1
 1881 0205 13       		.uleb128 0x13
ARM GAS  /tmp/ccUGo9xM.s 			page 34


 1882 0206 00       		.byte	0
 1883 0207 00       		.byte	0
 1884 0208 29       		.uleb128 0x29
 1885 0209 34       		.uleb128 0x34
 1886 020a 00       		.byte	0
 1887 020b 03       		.uleb128 0x3
 1888 020c 0E       		.uleb128 0xe
 1889 020d 49       		.uleb128 0x49
 1890 020e 13       		.uleb128 0x13
 1891 020f 34       		.uleb128 0x34
 1892 0210 19       		.uleb128 0x19
 1893 0211 1C       		.uleb128 0x1c
 1894 0212 0E       		.uleb128 0xe
 1895 0213 00       		.byte	0
 1896 0214 00       		.byte	0
 1897 0215 2A       		.uleb128 0x2a
 1898 0216 2E       		.uleb128 0x2e
 1899 0217 00       		.byte	0
 1900 0218 03       		.uleb128 0x3
 1901 0219 0E       		.uleb128 0xe
 1902 021a 3A       		.uleb128 0x3a
 1903 021b 0B       		.uleb128 0xb
 1904 021c 3B       		.uleb128 0x3b
 1905 021d 05       		.uleb128 0x5
 1906 021e 27       		.uleb128 0x27
 1907 021f 19       		.uleb128 0x19
 1908 0220 20       		.uleb128 0x20
 1909 0221 0B       		.uleb128 0xb
 1910 0222 00       		.byte	0
 1911 0223 00       		.byte	0
 1912 0224 2B       		.uleb128 0x2b
 1913 0225 05       		.uleb128 0x5
 1914 0226 00       		.byte	0
 1915 0227 03       		.uleb128 0x3
 1916 0228 0E       		.uleb128 0xe
 1917 0229 3A       		.uleb128 0x3a
 1918 022a 0B       		.uleb128 0xb
 1919 022b 3B       		.uleb128 0x3b
 1920 022c 05       		.uleb128 0x5
 1921 022d 49       		.uleb128 0x49
 1922 022e 13       		.uleb128 0x13
 1923 022f 00       		.byte	0
 1924 0230 00       		.byte	0
 1925 0231 2C       		.uleb128 0x2c
 1926 0232 2E       		.uleb128 0x2e
 1927 0233 00       		.byte	0
 1928 0234 3F       		.uleb128 0x3f
 1929 0235 19       		.uleb128 0x19
 1930 0236 3C       		.uleb128 0x3c
 1931 0237 19       		.uleb128 0x19
 1932 0238 6E       		.uleb128 0x6e
 1933 0239 0E       		.uleb128 0xe
 1934 023a 03       		.uleb128 0x3
 1935 023b 0E       		.uleb128 0xe
 1936 023c 3A       		.uleb128 0x3a
 1937 023d 0B       		.uleb128 0xb
 1938 023e 3B       		.uleb128 0x3b
ARM GAS  /tmp/ccUGo9xM.s 			page 35


 1939 023f 0B       		.uleb128 0xb
 1940 0240 00       		.byte	0
 1941 0241 00       		.byte	0
 1942 0242 00       		.byte	0
 1943              		.section	.debug_loc,"",%progbits
 1944              	.Ldebug_loc0:
 1945              	.LLST2:
 1946 0000 00000000 		.4byte	.LVL5
 1947 0004 21000000 		.4byte	.LVL10-1
 1948 0008 0100     		.2byte	0x1
 1949 000a 50       		.byte	0x50
 1950 000b 21000000 		.4byte	.LVL10-1
 1951 000f 2C000000 		.4byte	.LFE228
 1952 0013 0400     		.2byte	0x4
 1953 0015 F3       		.byte	0xf3
 1954 0016 01       		.uleb128 0x1
 1955 0017 50       		.byte	0x50
 1956 0018 9F       		.byte	0x9f
 1957 0019 00000000 		.4byte	0
 1958 001d 00000000 		.4byte	0
 1959              	.LLST3:
 1960 0021 0C000000 		.4byte	.LVL7
 1961 0025 26000000 		.4byte	.LVL11
 1962 0029 0100     		.2byte	0x1
 1963 002b 54       		.byte	0x54
 1964 002c 26000000 		.4byte	.LVL11
 1965 0030 2C000000 		.4byte	.LFE228
 1966 0034 0100     		.2byte	0x1
 1967 0036 50       		.byte	0x50
 1968 0037 00000000 		.4byte	0
 1969 003b 00000000 		.4byte	0
 1970              	.LLST4:
 1971 003f 00000000 		.4byte	.LVL5
 1972 0043 08000000 		.4byte	.LVL6
 1973 0047 0300     		.2byte	0x3
 1974 0049 08       		.byte	0x8
 1975 004a 20       		.byte	0x20
 1976 004b 9F       		.byte	0x9f
 1977 004c 00000000 		.4byte	0
 1978 0050 00000000 		.4byte	0
 1979              	.LLST5:
 1980 0054 18000000 		.4byte	.LVL8
 1981 0058 1E000000 		.4byte	.LVL9
 1982 005c 0200     		.2byte	0x2
 1983 005e 30       		.byte	0x30
 1984 005f 9F       		.byte	0x9f
 1985 0060 00000000 		.4byte	0
 1986 0064 00000000 		.4byte	0
 1987              	.LLST0:
 1988 0068 00000000 		.4byte	.LVL0
 1989 006c 06000000 		.4byte	.LVL1
 1990 0070 0300     		.2byte	0x3
 1991 0072 08       		.byte	0x8
 1992 0073 20       		.byte	0x20
 1993 0074 9F       		.byte	0x9f
 1994 0075 00000000 		.4byte	0
 1995 0079 00000000 		.4byte	0
ARM GAS  /tmp/ccUGo9xM.s 			page 36


 1996              	.LLST1:
 1997 007d 10000000 		.4byte	.LVL3
 1998 0081 16000000 		.4byte	.LVL4
 1999 0085 0200     		.2byte	0x2
 2000 0087 30       		.byte	0x30
 2001 0088 9F       		.byte	0x9f
 2002 0089 00000000 		.4byte	0
 2003 008d 00000000 		.4byte	0
 2004              		.section	.debug_aranges,"",%progbits
 2005 0000 24000000 		.4byte	0x24
 2006 0004 0200     		.2byte	0x2
 2007 0006 00000000 		.4byte	.Ldebug_info0
 2008 000a 04       		.byte	0x4
 2009 000b 00       		.byte	0
 2010 000c 0000     		.2byte	0
 2011 000e 0000     		.2byte	0
 2012 0010 00000000 		.4byte	.LFB227
 2013 0014 1C000000 		.4byte	.LFE227-.LFB227
 2014 0018 00000000 		.4byte	.LFB228
 2015 001c 2C000000 		.4byte	.LFE228-.LFB228
 2016 0020 00000000 		.4byte	0
 2017 0024 00000000 		.4byte	0
 2018              		.section	.debug_ranges,"",%progbits
 2019              	.Ldebug_ranges0:
 2020 0000 00000000 		.4byte	.LFB227
 2021 0004 1C000000 		.4byte	.LFE227
 2022 0008 00000000 		.4byte	.LFB228
 2023 000c 2C000000 		.4byte	.LFE228
 2024 0010 00000000 		.4byte	0
 2025 0014 00000000 		.4byte	0
 2026              		.section	.debug_line,"",%progbits
 2027              	.Ldebug_line0:
 2028 0000 F4020000 		.section	.debug_str,"MS",%progbits,1
 2028      02009802 
 2028      00000201 
 2028      FB0E0D00 
 2028      01010101 
 2029              	.LASF116:
 2030 0000 63665F6F 		.ascii	"cf_off_older\000"
 2030      66665F6F 
 2030      6C646572 
 2030      00
 2031              	.LASF54:
 2032 000d 72656164 		.ascii	"ready_list_t\000"
 2032      795F6C69 
 2032      73745F74 
 2032      00
 2033              	.LASF4:
 2034 001a 73697A65 		.ascii	"size_t\000"
 2034      5F7400
 2035              	.LASF91:
 2036 0021 7264796D 		.ascii	"rdymsg\000"
 2036      736700
 2037              	.LASF20:
 2038 0028 75696E74 		.ascii	"uint64_t\000"
 2038      36345F74 
 2038      00
ARM GAS  /tmp/ccUGo9xM.s 			page 37


 2039              	.LASF5:
 2040 0031 5F5F7569 		.ascii	"__uint8_t\000"
 2040      6E74385F 
 2040      7400
 2041              	.LASF88:
 2042 003b 706F7274 		.ascii	"port_intctx\000"
 2042      5F696E74 
 2042      63747800 
 2043              	.LASF73:
 2044 0047 73797374 		.ascii	"system_debug_t\000"
 2044      656D5F64 
 2044      65627567 
 2044      5F7400
 2045              	.LASF131:
 2046 0056 706F7274 		.ascii	"port_lock\000"
 2046      5F6C6F63 
 2046      6B00
 2047              	.LASF135:
 2048 0060 2F686F6D 		.ascii	"/home/selim/working/ChibiOS/os/rt/src/chregistry.c\000"
 2048      652F7365 
 2048      6C696D2F 
 2048      776F726B 
 2048      696E672F 
 2049              	.LASF15:
 2050 0093 6C6F6E67 		.ascii	"long long unsigned int\000"
 2050      206C6F6E 
 2050      6720756E 
 2050      7369676E 
 2050      65642069 
 2051              	.LASF112:
 2052 00aa 63685F74 		.ascii	"ch_threadsize\000"
 2052      68726561 
 2052      6473697A 
 2052      6500
 2053              	.LASF92:
 2054 00b8 65786974 		.ascii	"exitcode\000"
 2054      636F6465 
 2054      00
 2055              	.LASF80:
 2056 00c1 6D61696E 		.ascii	"mainthread\000"
 2056      74687265 
 2056      616400
 2057              	.LASF128:
 2058 00cc 63685265 		.ascii	"chRegFirstThread\000"
 2058      67466972 
 2058      73745468 
 2058      72656164 
 2058      00
 2059              	.LASF83:
 2060 00dd 49544D5F 		.ascii	"ITM_RxBuffer\000"
 2060      52784275 
 2060      66666572 
 2060      00
 2061              	.LASF53:
 2062 00ea 63685F74 		.ascii	"ch_threads_queue\000"
 2062      68726561 
 2062      64735F71 
ARM GAS  /tmp/ccUGo9xM.s 			page 38


 2062      75657565 
 2062      00
 2063              	.LASF33:
 2064 00fb 705F7072 		.ascii	"p_prio\000"
 2064      696F00
 2065              	.LASF119:
 2066 0102 63665F6F 		.ascii	"cf_off_state\000"
 2066      66665F73 
 2066      74617465 
 2066      00
 2067              	.LASF1:
 2068 010f 6C6F6E67 		.ascii	"long long int\000"
 2068      206C6F6E 
 2068      6720696E 
 2068      7400
 2069              	.LASF3:
 2070 011d 7369676E 		.ascii	"signed char\000"
 2070      65642063 
 2070      68617200 
 2071              	.LASF118:
 2072 0129 63665F6F 		.ascii	"cf_off_stklimit\000"
 2072      66665F73 
 2072      746B6C69 
 2072      6D697400 
 2073              	.LASF120:
 2074 0139 63665F6F 		.ascii	"cf_off_flags\000"
 2074      66665F66 
 2074      6C616773 
 2074      00
 2075              	.LASF47:
 2076 0146 705F6D70 		.ascii	"p_mpool\000"
 2076      6F6F6C00 
 2077              	.LASF102:
 2078 014e 6D5F7175 		.ascii	"m_queue\000"
 2078      65756500 
 2079              	.LASF79:
 2080 0156 76746C69 		.ascii	"vtlist\000"
 2080      737400
 2081              	.LASF130:
 2082 015d 706F7274 		.ascii	"port_unlock\000"
 2082      5F756E6C 
 2082      6F636B00 
 2083              	.LASF94:
 2084 0169 77747472 		.ascii	"wttrp\000"
 2084      7000
 2085              	.LASF77:
 2086 016f 63685F73 		.ascii	"ch_system\000"
 2086      79737465 
 2086      6D00
 2087              	.LASF11:
 2088 0179 6C6F6E67 		.ascii	"long int\000"
 2088      20696E74 
 2088      00
 2089              	.LASF23:
 2090 0182 74737461 		.ascii	"tstate_t\000"
 2090      74655F74 
 2090      00
ARM GAS  /tmp/ccUGo9xM.s 			page 39


 2091              	.LASF109:
 2092 018b 63685F76 		.ascii	"ch_version\000"
 2092      65727369 
 2092      6F6E00
 2093              	.LASF124:
 2094 0196 63686465 		.ascii	"chdebug_t\000"
 2094      6275675F 
 2094      7400
 2095              	.LASF35:
 2096 01a0 705F6E65 		.ascii	"p_newer\000"
 2096      77657200 
 2097              	.LASF99:
 2098 01a8 735F7175 		.ascii	"s_queue\000"
 2098      65756500 
 2099              	.LASF59:
 2100 01b0 725F6E65 		.ascii	"r_newer\000"
 2100      77657200 
 2101              	.LASF85:
 2102 01b8 72656761 		.ascii	"regarm_t\000"
 2102      726D5F74 
 2102      00
 2103              	.LASF66:
 2104 01c1 76745F70 		.ascii	"vt_prev\000"
 2104      72657600 
 2105              	.LASF126:
 2106 01c9 6D757465 		.ascii	"mutex_t\000"
 2106      785F7400 
 2107              	.LASF137:
 2108 01d1 76616C75 		.ascii	"value\000"
 2108      6500
 2109              	.LASF81:
 2110 01d7 69646C65 		.ascii	"idle_thread_wa\000"
 2110      5F746872 
 2110      6561645F 
 2110      776100
 2111              	.LASF28:
 2112 01e6 636E745F 		.ascii	"cnt_t\000"
 2112      7400
 2113              	.LASF0:
 2114 01ec 756E7369 		.ascii	"unsigned int\000"
 2114      676E6564 
 2114      20696E74 
 2114      00
 2115              	.LASF65:
 2116 01f9 76745F6E 		.ascii	"vt_next\000"
 2116      65787400 
 2117              	.LASF17:
 2118 0201 75696E74 		.ascii	"uint16_t\000"
 2118      31365F74 
 2118      00
 2119              	.LASF84:
 2120 020a 53797374 		.ascii	"SystemCoreClock\000"
 2120      656D436F 
 2120      7265436C 
 2120      6F636B00 
 2121              	.LASF95:
 2122 021a 77747365 		.ascii	"wtsemp\000"
ARM GAS  /tmp/ccUGo9xM.s 			page 40


 2122      6D7000
 2123              	.LASF42:
 2124 0221 705F6D73 		.ascii	"p_msgqueue\000"
 2124      67717565 
 2124      756500
 2125              	.LASF125:
 2126 022c 63685F64 		.ascii	"ch_debug\000"
 2126      65627567 
 2126      00
 2127              	.LASF100:
 2128 0235 735F636E 		.ascii	"s_cnt\000"
 2128      7400
 2129              	.LASF9:
 2130 023b 73686F72 		.ascii	"short unsigned int\000"
 2130      7420756E 
 2130      7369676E 
 2130      65642069 
 2130      6E7400
 2131              	.LASF50:
 2132 024e 63685F74 		.ascii	"ch_thread\000"
 2132      68726561 
 2132      6400
 2133              	.LASF26:
 2134 0258 6D73675F 		.ascii	"msg_t\000"
 2134      7400
 2135              	.LASF76:
 2136 025e 63685F73 		.ascii	"ch_system_t\000"
 2136      79737465 
 2136      6D5F7400 
 2137              	.LASF123:
 2138 026a 63665F6F 		.ascii	"cf_off_time\000"
 2138      66665F74 
 2138      696D6500 
 2139              	.LASF55:
 2140 0276 63685F72 		.ascii	"ch_ready_list\000"
 2140      65616479 
 2140      5F6C6973 
 2140      7400
 2141              	.LASF27:
 2142 0284 6576656E 		.ascii	"eventmask_t\000"
 2142      746D6173 
 2142      6B5F7400 
 2143              	.LASF10:
 2144 0290 5F5F696E 		.ascii	"__int32_t\000"
 2144      7433325F 
 2144      7400
 2145              	.LASF70:
 2146 029a 76697274 		.ascii	"virtual_timers_list_t\000"
 2146      75616C5F 
 2146      74696D65 
 2146      72735F6C 
 2146      6973745F 
 2147              	.LASF86:
 2148 02b0 73746B61 		.ascii	"stkalign_t\000"
 2148      6C69676E 
 2148      5F7400
 2149              	.LASF107:
ARM GAS  /tmp/ccUGo9xM.s 			page 41


 2150 02bb 63685F7A 		.ascii	"ch_zero\000"
 2150      65726F00 
 2151              	.LASF121:
 2152 02c3 63665F6F 		.ascii	"cf_off_refs\000"
 2152      66665F72 
 2152      65667300 
 2153              	.LASF41:
 2154 02cf 705F7761 		.ascii	"p_waiting\000"
 2154      6974696E 
 2154      6700
 2155              	.LASF82:
 2156 02d9 73697A65 		.ascii	"sizetype\000"
 2156      74797065 
 2156      00
 2157              	.LASF48:
 2158 02e2 74687265 		.ascii	"thread_reference_t\000"
 2158      61645F72 
 2158      65666572 
 2158      656E6365 
 2158      5F7400
 2159              	.LASF71:
 2160 02f5 63685F76 		.ascii	"ch_virtual_timers_list\000"
 2160      69727475 
 2160      616C5F74 
 2160      696D6572 
 2160      735F6C69 
 2161              	.LASF2:
 2162 030c 6C6F6E67 		.ascii	"long double\000"
 2162      20646F75 
 2162      626C6500 
 2163              	.LASF134:
 2164 0318 474E5520 		.ascii	"GNU C11 6.2.1 20161205 (release) [ARM/embedded-6-br"
 2164      43313120 
 2164      362E322E 
 2164      31203230 
 2164      31363132 
 2165 034b 616E6368 		.ascii	"anch revision 243739] -mcpu=cortex-m4 -mno-thumb-in"
 2165      20726576 
 2165      6973696F 
 2165      6E203234 
 2165      33373339 
 2166 037e 74657277 		.ascii	"terwork -mthumb -ggdb -O2 -fomit-frame-pointer -fal"
 2166      6F726B20 
 2166      2D6D7468 
 2166      756D6220 
 2166      2D676764 
 2167 03b1 69676E2D 		.ascii	"ign-functions=16 -ffunction-sections -fdata-section"
 2167      66756E63 
 2167      74696F6E 
 2167      733D3136 
 2167      202D6666 
 2168 03e4 73202D66 		.ascii	"s -fno-common\000"
 2168      6E6F2D63 
 2168      6F6D6D6F 
 2168      6E00
 2169              	.LASF111:
 2170 03f2 63685F74 		.ascii	"ch_timesize\000"
ARM GAS  /tmp/ccUGo9xM.s 			page 42


 2170      696D6573 
 2170      697A6500 
 2171              	.LASF117:
 2172 03fe 63665F6F 		.ascii	"cf_off_name\000"
 2172      66665F6E 
 2172      616D6500 
 2173              	.LASF36:
 2174 040a 705F6F6C 		.ascii	"p_older\000"
 2174      64657200 
 2175              	.LASF58:
 2176 0412 725F6374 		.ascii	"r_ctx\000"
 2176      7800
 2177              	.LASF34:
 2178 0418 705F6374 		.ascii	"p_ctx\000"
 2178      7800
 2179              	.LASF90:
 2180 041e 746D5F63 		.ascii	"tm_calibration_t\000"
 2180      616C6962 
 2180      72617469 
 2180      6F6E5F74 
 2180      00
 2181              	.LASF61:
 2182 042f 725F6375 		.ascii	"r_current\000"
 2182      7272656E 
 2182      7400
 2183              	.LASF60:
 2184 0439 725F6F6C 		.ascii	"r_older\000"
 2184      64657200 
 2185              	.LASF14:
 2186 0441 5F5F7569 		.ascii	"__uint64_t\000"
 2186      6E743634 
 2186      5F7400
 2187              	.LASF24:
 2188 044c 74726566 		.ascii	"trefs_t\000"
 2188      735F7400 
 2189              	.LASF110:
 2190 0454 63685F70 		.ascii	"ch_ptrsize\000"
 2190      74727369 
 2190      7A6500
 2191              	.LASF63:
 2192 045f 76697274 		.ascii	"virtual_timer_t\000"
 2192      75616C5F 
 2192      74696D65 
 2192      725F7400 
 2193              	.LASF32:
 2194 046f 705F7072 		.ascii	"p_prev\000"
 2194      657600
 2195              	.LASF25:
 2196 0476 74707269 		.ascii	"tprio_t\000"
 2196      6F5F7400 
 2197              	.LASF74:
 2198 047e 63685F73 		.ascii	"ch_system_debug\000"
 2198      79737465 
 2198      6D5F6465 
 2198      62756700 
 2199              	.LASF18:
 2200 048e 696E7433 		.ascii	"int32_t\000"
ARM GAS  /tmp/ccUGo9xM.s 			page 43


 2200      325F7400 
 2201              	.LASF6:
 2202 0496 756E7369 		.ascii	"unsigned char\000"
 2202      676E6564 
 2202      20636861 
 2202      7200
 2203              	.LASF45:
 2204 04a4 705F6D74 		.ascii	"p_mtxlist\000"
 2204      786C6973 
 2204      7400
 2205              	.LASF7:
 2206 04ae 73686F72 		.ascii	"short int\000"
 2206      7420696E 
 2206      7400
 2207              	.LASF38:
 2208 04b8 705F7374 		.ascii	"p_state\000"
 2208      61746500 
 2209              	.LASF57:
 2210 04c0 725F7072 		.ascii	"r_prio\000"
 2210      696F00
 2211              	.LASF97:
 2212 04c7 65776D61 		.ascii	"ewmask\000"
 2212      736B00
 2213              	.LASF31:
 2214 04ce 705F6E65 		.ascii	"p_next\000"
 2214      787400
 2215              	.LASF22:
 2216 04d5 746D6F64 		.ascii	"tmode_t\000"
 2216      655F7400 
 2217              	.LASF122:
 2218 04dd 63665F6F 		.ascii	"cf_off_preempt\000"
 2218      66665F70 
 2218      7265656D 
 2218      707400
 2219              	.LASF39:
 2220 04ec 705F666C 		.ascii	"p_flags\000"
 2220      61677300 
 2221              	.LASF136:
 2222 04f4 5F5F6675 		.ascii	"__func__\000"
 2222      6E635F5F 
 2222      00
 2223              	.LASF129:
 2224 04fd 63685379 		.ascii	"chSysLock\000"
 2224      734C6F63 
 2224      6B00
 2225              	.LASF138:
 2226 0507 63685468 		.ascii	"chThdRelease\000"
 2226      6452656C 
 2226      65617365 
 2226      00
 2227              	.LASF52:
 2228 0514 74687265 		.ascii	"threads_queue_t\000"
 2228      6164735F 
 2228      71756575 
 2228      655F7400 
 2229              	.LASF64:
 2230 0524 63685F76 		.ascii	"ch_virtual_timer\000"
ARM GAS  /tmp/ccUGo9xM.s 			page 44


 2230      69727475 
 2230      616C5F74 
 2230      696D6572 
 2230      00
 2231              	.LASF115:
 2232 0535 63665F6F 		.ascii	"cf_off_newer\000"
 2232      66665F6E 
 2232      65776572 
 2232      00
 2233              	.LASF98:
 2234 0542 63685F73 		.ascii	"ch_semaphore\000"
 2234      656D6170 
 2234      686F7265 
 2234      00
 2235              	.LASF44:
 2236 054f 705F6570 		.ascii	"p_epending\000"
 2236      656E6469 
 2236      6E6700
 2237              	.LASF19:
 2238 055a 75696E74 		.ascii	"uint32_t\000"
 2238      33325F74 
 2238      00
 2239              	.LASF113:
 2240 0563 63665F6F 		.ascii	"cf_off_prio\000"
 2240      66665F70 
 2240      72696F00 
 2241              	.LASF56:
 2242 056f 725F7175 		.ascii	"r_queue\000"
 2242      65756500 
 2243              	.LASF67:
 2244 0577 76745F64 		.ascii	"vt_delta\000"
 2244      656C7461 
 2244      00
 2245              	.LASF51:
 2246 0580 63685F74 		.ascii	"ch_threads_list\000"
 2246      68726561 
 2246      64735F6C 
 2246      69737400 
 2247              	.LASF108:
 2248 0590 63685F73 		.ascii	"ch_size\000"
 2248      697A6500 
 2249              	.LASF13:
 2250 0598 6C6F6E67 		.ascii	"long unsigned int\000"
 2250      20756E73 
 2250      69676E65 
 2250      6420696E 
 2250      7400
 2251              	.LASF105:
 2252 05aa 63686172 		.ascii	"char\000"
 2252      00
 2253              	.LASF127:
 2254 05af 63685265 		.ascii	"chRegNextThread\000"
 2254      674E6578 
 2254      74546872 
 2254      65616400 
 2255              	.LASF96:
 2256 05bf 77746D74 		.ascii	"wtmtxp\000"
ARM GAS  /tmp/ccUGo9xM.s 			page 45


 2256      787000
 2257              	.LASF8:
 2258 05c6 5F5F7569 		.ascii	"__uint16_t\000"
 2258      6E743136 
 2258      5F7400
 2259              	.LASF30:
 2260 05d1 74687265 		.ascii	"thread_t\000"
 2260      61645F74 
 2260      00
 2261              	.LASF104:
 2262 05da 6D5F6E65 		.ascii	"m_next\000"
 2262      787400
 2263              	.LASF29:
 2264 05e1 73797374 		.ascii	"systime_t\000"
 2264      696D655F 
 2264      7400
 2265              	.LASF46:
 2266 05eb 705F7265 		.ascii	"p_realprio\000"
 2266      616C7072 
 2266      696F00
 2267              	.LASF62:
 2268 05f6 76746675 		.ascii	"vtfunc_t\000"
 2268      6E635F74 
 2268      00
 2269              	.LASF12:
 2270 05ff 5F5F7569 		.ascii	"__uint32_t\000"
 2270      6E743332 
 2270      5F7400
 2271              	.LASF133:
 2272 060a 5F5F7365 		.ascii	"__set_BASEPRI\000"
 2272      745F4241 
 2272      53455052 
 2272      4900
 2273              	.LASF75:
 2274 0618 70616E69 		.ascii	"panic_msg\000"
 2274      635F6D73 
 2274      6700
 2275              	.LASF89:
 2276 0622 6F666673 		.ascii	"offset\000"
 2276      657400
 2277              	.LASF87:
 2278 0629 636F6E74 		.ascii	"context\000"
 2278      65787400 
 2279              	.LASF21:
 2280 0631 7274636E 		.ascii	"rtcnt_t\000"
 2280      745F7400 
 2281              	.LASF69:
 2282 0639 76745F70 		.ascii	"vt_par\000"
 2282      617200
 2283              	.LASF114:
 2284 0640 63665F6F 		.ascii	"cf_off_ctx\000"
 2284      66665F63 
 2284      747800
 2285              	.LASF101:
 2286 064b 63685F6D 		.ascii	"ch_mutex\000"
 2286      75746578 
 2286      00
ARM GAS  /tmp/ccUGo9xM.s 			page 46


 2287              	.LASF40:
 2288 0654 705F7265 		.ascii	"p_refs\000"
 2288      667300
 2289              	.LASF78:
 2290 065b 726C6973 		.ascii	"rlist\000"
 2290      7400
 2291              	.LASF16:
 2292 0661 75696E74 		.ascii	"uint8_t\000"
 2292      385F7400 
 2293              	.LASF72:
 2294 0669 76745F6C 		.ascii	"vt_lasttime\000"
 2294      61737474 
 2294      696D6500 
 2295              	.LASF93:
 2296 0675 77746F62 		.ascii	"wtobjp\000"
 2296      6A7000
 2297              	.LASF37:
 2298 067c 705F6E61 		.ascii	"p_name\000"
 2298      6D6500
 2299              	.LASF49:
 2300 0683 74687265 		.ascii	"threads_list_t\000"
 2300      6164735F 
 2300      6C697374 
 2300      5F7400
 2301              	.LASF132:
 2302 0692 63685379 		.ascii	"chSysUnlock\000"
 2302      73556E6C 
 2302      6F636B00 
 2303              	.LASF43:
 2304 069e 705F6D73 		.ascii	"p_msg\000"
 2304      6700
 2305              	.LASF103:
 2306 06a4 6D5F6F77 		.ascii	"m_owner\000"
 2306      6E657200 
 2307              	.LASF106:
 2308 06ac 63685F69 		.ascii	"ch_identifier\000"
 2308      64656E74 
 2308      69666965 
 2308      7200
 2309              	.LASF68:
 2310 06ba 76745F66 		.ascii	"vt_func\000"
 2310      756E6300 
 2311              		.ident	"GCC: (GNU Tools for ARM Embedded Processors) 6.2.1 20161205 (release) [ARM/embedded-6-bran
ARM GAS  /tmp/ccUGo9xM.s 			page 47


DEFINED SYMBOLS
                            *ABS*:0000000000000000 chregistry.c
     /tmp/ccUGo9xM.s:16     .text.chRegFirstThread:0000000000000000 $t
     /tmp/ccUGo9xM.s:24     .text.chRegFirstThread:0000000000000000 chRegFirstThread
     /tmp/ccUGo9xM.s:84     .text.chRegFirstThread:0000000000000018 $d
     /tmp/ccUGo9xM.s:89     .text.chRegNextThread:0000000000000000 $t
     /tmp/ccUGo9xM.s:97     .text.chRegNextThread:0000000000000000 chRegNextThread
     /tmp/ccUGo9xM.s:169    .text.chRegNextThread:0000000000000028 $d
     /tmp/ccUGo9xM.s:178    .rodata.ch_debug:0000000000000000 ch_debug
     /tmp/ccUGo9xM.s:175    .rodata.ch_debug:0000000000000000 $d
                     .debug_frame:0000000000000010 $d

UNDEFINED SYMBOLS
ch
chThdRelease
