ARM GAS  /tmp/ccA0pKe8.s 			page 1


   1              		.cpu cortex-m4
   2              		.eabi_attribute 20, 1
   3              		.eabi_attribute 21, 1
   4              		.eabi_attribute 23, 3
   5              		.eabi_attribute 24, 1
   6              		.eabi_attribute 25, 1
   7              		.eabi_attribute 26, 1
   8              		.eabi_attribute 30, 2
   9              		.eabi_attribute 34, 1
  10              		.eabi_attribute 18, 4
  11              		.file	"crt1.c"
  12              		.text
  13              	.Ltext0:
  14              		.cfi_sections	.debug_frame
  15              		.section	.text.__early_init,"ax",%progbits
  16              		.align	1
  17              		.p2align 4,,15
  18              		.weak	__early_init
  19              		.syntax unified
  20              		.thumb
  21              		.thumb_func
  22              		.fpu softvfp
  23              		.type	__early_init, %function
  24              	__early_init:
  25              	.LFB4:
  26              		.cfi_startproc
  27              		@ args = 0, pretend = 0, frame = 0
  28              		@ frame_needed = 0, uses_anonymous_args = 0
  29              		@ link register save eliminated.
  30 0000 7047     		bx	lr
  31              		.cfi_endproc
  32              	.LFE4:
  33              		.size	__early_init, .-__early_init
  34 0002 00BF     		.section	.text.__late_init,"ax",%progbits
  35              		.align	1
  36              		.p2align 4,,15
  37              		.weak	__late_init
  38              		.syntax unified
  39              		.thumb
  40              		.thumb_func
  41              		.fpu softvfp
  42              		.type	__late_init, %function
  43              	__late_init:
  44              	.LFB1:
  45              		.file 1 "/home/selim/working/ChibiOS/os/common/ports/ARMCMx/compilers/GCC/crt1.c"
  46              		.loc 1 55 0
  47              		.cfi_startproc
  48              		@ args = 0, pretend = 0, frame = 0
  49              		@ frame_needed = 0, uses_anonymous_args = 0
  50              		@ link register save eliminated.
  51 0000 7047     		bx	lr
  52              		.cfi_endproc
  53              	.LFE1:
  54              		.size	__late_init, .-__late_init
  55 0002 00BF     		.section	.text.__default_exit,"ax",%progbits
  56              		.align	1
  57              		.p2align 4,,15
ARM GAS  /tmp/ccA0pKe8.s 			page 2


  58              		.weak	__default_exit
  59              		.syntax unified
  60              		.thumb
  61              		.thumb_func
  62              		.fpu softvfp
  63              		.type	__default_exit, %function
  64              	__default_exit:
  65              	.LFB2:
  66              		.loc 1 68 0
  67              		.cfi_startproc
  68              		@ Volatile: function does not return.
  69              		@ args = 0, pretend = 0, frame = 0
  70              		@ frame_needed = 0, uses_anonymous_args = 0
  71              		@ link register save eliminated.
  72              	.L4:
  73 0000 FEE7     		b	.L4
  74              		.cfi_endproc
  75              	.LFE2:
  76              		.size	__default_exit, .-__default_exit
  77 0002 00BF     		.text
  78              	.Letext0:
  79              		.section	.debug_info,"",%progbits
  80              	.Ldebug_info0:
  81 0000 4D000000 		.4byte	0x4d
  82 0004 0400     		.2byte	0x4
  83 0006 00000000 		.4byte	.Ldebug_abbrev0
  84 000a 04       		.byte	0x4
  85 000b 01       		.uleb128 0x1
  86 000c 00000000 		.4byte	.LASF0
  87 0010 0C       		.byte	0xc
  88 0011 F3000000 		.4byte	.LASF1
  89 0015 00000000 		.4byte	.Ldebug_ranges0+0
  90 0019 00000000 		.4byte	0
  91 001d 00000000 		.4byte	.Ldebug_line0
  92 0021 02       		.uleb128 0x2
  93 0022 3B010000 		.4byte	.LASF2
  94 0026 01       		.byte	0x1
  95 0027 44       		.byte	0x44
  96 0028 00000000 		.4byte	.LFB2
  97 002c 02000000 		.4byte	.LFE2-.LFB2
  98 0030 01       		.uleb128 0x1
  99 0031 9C       		.byte	0x9c
 100 0032 03       		.uleb128 0x3
 101 0033 E7000000 		.4byte	.LASF3
 102 0037 01       		.byte	0x1
 103 0038 37       		.byte	0x37
 104 0039 01       		.byte	0x1
 105 003a 04       		.uleb128 0x4
 106 003b DA000000 		.4byte	.LASF4
 107 003f 01       		.byte	0x1
 108 0040 29       		.byte	0x29
 109 0041 05       		.uleb128 0x5
 110 0042 32000000 		.4byte	0x32
 111 0046 00000000 		.4byte	.LFB1
 112 004a 02000000 		.4byte	.LFE1-.LFB1
 113 004e 01       		.uleb128 0x1
 114 004f 9C       		.byte	0x9c
ARM GAS  /tmp/ccA0pKe8.s 			page 3


 115 0050 00       		.byte	0
 116              		.section	.debug_abbrev,"",%progbits
 117              	.Ldebug_abbrev0:
 118 0000 01       		.uleb128 0x1
 119 0001 11       		.uleb128 0x11
 120 0002 01       		.byte	0x1
 121 0003 25       		.uleb128 0x25
 122 0004 0E       		.uleb128 0xe
 123 0005 13       		.uleb128 0x13
 124 0006 0B       		.uleb128 0xb
 125 0007 03       		.uleb128 0x3
 126 0008 0E       		.uleb128 0xe
 127 0009 55       		.uleb128 0x55
 128 000a 17       		.uleb128 0x17
 129 000b 11       		.uleb128 0x11
 130 000c 01       		.uleb128 0x1
 131 000d 10       		.uleb128 0x10
 132 000e 17       		.uleb128 0x17
 133 000f 00       		.byte	0
 134 0010 00       		.byte	0
 135 0011 02       		.uleb128 0x2
 136 0012 2E       		.uleb128 0x2e
 137 0013 00       		.byte	0
 138 0014 3F       		.uleb128 0x3f
 139 0015 19       		.uleb128 0x19
 140 0016 03       		.uleb128 0x3
 141 0017 0E       		.uleb128 0xe
 142 0018 3A       		.uleb128 0x3a
 143 0019 0B       		.uleb128 0xb
 144 001a 3B       		.uleb128 0x3b
 145 001b 0B       		.uleb128 0xb
 146 001c 27       		.uleb128 0x27
 147 001d 19       		.uleb128 0x19
 148 001e 8701     		.uleb128 0x87
 149 0020 19       		.uleb128 0x19
 150 0021 11       		.uleb128 0x11
 151 0022 01       		.uleb128 0x1
 152 0023 12       		.uleb128 0x12
 153 0024 06       		.uleb128 0x6
 154 0025 40       		.uleb128 0x40
 155 0026 18       		.uleb128 0x18
 156 0027 9742     		.uleb128 0x2117
 157 0029 19       		.uleb128 0x19
 158 002a 00       		.byte	0
 159 002b 00       		.byte	0
 160 002c 03       		.uleb128 0x3
 161 002d 2E       		.uleb128 0x2e
 162 002e 00       		.byte	0
 163 002f 3F       		.uleb128 0x3f
 164 0030 19       		.uleb128 0x19
 165 0031 03       		.uleb128 0x3
 166 0032 0E       		.uleb128 0xe
 167 0033 3A       		.uleb128 0x3a
 168 0034 0B       		.uleb128 0xb
 169 0035 3B       		.uleb128 0x3b
 170 0036 0B       		.uleb128 0xb
 171 0037 27       		.uleb128 0x27
ARM GAS  /tmp/ccA0pKe8.s 			page 4


 172 0038 19       		.uleb128 0x19
 173 0039 20       		.uleb128 0x20
 174 003a 0B       		.uleb128 0xb
 175 003b 00       		.byte	0
 176 003c 00       		.byte	0
 177 003d 04       		.uleb128 0x4
 178 003e 2E       		.uleb128 0x2e
 179 003f 00       		.byte	0
 180 0040 3F       		.uleb128 0x3f
 181 0041 19       		.uleb128 0x19
 182 0042 03       		.uleb128 0x3
 183 0043 0E       		.uleb128 0xe
 184 0044 3A       		.uleb128 0x3a
 185 0045 0B       		.uleb128 0xb
 186 0046 3B       		.uleb128 0x3b
 187 0047 0B       		.uleb128 0xb
 188 0048 27       		.uleb128 0x27
 189 0049 19       		.uleb128 0x19
 190 004a 00       		.byte	0
 191 004b 00       		.byte	0
 192 004c 05       		.uleb128 0x5
 193 004d 2E       		.uleb128 0x2e
 194 004e 00       		.byte	0
 195 004f 31       		.uleb128 0x31
 196 0050 13       		.uleb128 0x13
 197 0051 11       		.uleb128 0x11
 198 0052 01       		.uleb128 0x1
 199 0053 12       		.uleb128 0x12
 200 0054 06       		.uleb128 0x6
 201 0055 40       		.uleb128 0x40
 202 0056 18       		.uleb128 0x18
 203 0057 9742     		.uleb128 0x2117
 204 0059 19       		.uleb128 0x19
 205 005a 00       		.byte	0
 206 005b 00       		.byte	0
 207 005c 00       		.byte	0
 208              		.section	.debug_aranges,"",%progbits
 209 0000 24000000 		.4byte	0x24
 210 0004 0200     		.2byte	0x2
 211 0006 00000000 		.4byte	.Ldebug_info0
 212 000a 04       		.byte	0x4
 213 000b 00       		.byte	0
 214 000c 0000     		.2byte	0
 215 000e 0000     		.2byte	0
 216 0010 00000000 		.4byte	.LFB1
 217 0014 02000000 		.4byte	.LFE1-.LFB1
 218 0018 00000000 		.4byte	.LFB2
 219 001c 02000000 		.4byte	.LFE2-.LFB2
 220 0020 00000000 		.4byte	0
 221 0024 00000000 		.4byte	0
 222              		.section	.debug_ranges,"",%progbits
 223              	.Ldebug_ranges0:
 224 0000 00000000 		.4byte	.LFB1
 225 0004 02000000 		.4byte	.LFE1
 226 0008 00000000 		.4byte	.LFB2
 227 000c 02000000 		.4byte	.LFE2
 228 0010 00000000 		.4byte	0
ARM GAS  /tmp/ccA0pKe8.s 			page 5


 229 0014 00000000 		.4byte	0
 230              		.section	.debug_line,"",%progbits
 231              	.Ldebug_line0:
 232 0000 83000000 		.section	.debug_str,"MS",%progbits,1
 232      02005E00 
 232      00000201 
 232      FB0E0D00 
 232      01010101 
 233              	.LASF0:
 234 0000 474E5520 		.ascii	"GNU C11 6.2.1 20161205 (release) [ARM/embedded-6-br"
 234      43313120 
 234      362E322E 
 234      31203230 
 234      31363132 
 235 0033 616E6368 		.ascii	"anch revision 243739] -mcpu=cortex-m4 -mno-thumb-in"
 235      20726576 
 235      6973696F 
 235      6E203234 
 235      33373339 
 236 0066 74657277 		.ascii	"terwork -mthumb -ggdb -O2 -fomit-frame-pointer -fal"
 236      6F726B20 
 236      2D6D7468 
 236      756D6220 
 236      2D676764 
 237 0099 69676E2D 		.ascii	"ign-functions=16 -ffunction-sections -fdata-section"
 237      66756E63 
 237      74696F6E 
 237      733D3136 
 237      202D6666 
 238 00cc 73202D66 		.ascii	"s -fno-common\000"
 238      6E6F2D63 
 238      6F6D6D6F 
 238      6E00
 239              	.LASF4:
 240 00da 5F5F6561 		.ascii	"__early_init\000"
 240      726C795F 
 240      696E6974 
 240      00
 241              	.LASF3:
 242 00e7 5F5F6C61 		.ascii	"__late_init\000"
 242      74655F69 
 242      6E697400 
 243              	.LASF1:
 244 00f3 2F686F6D 		.ascii	"/home/selim/working/ChibiOS/os/common/ports/ARMCMx/"
 244      652F7365 
 244      6C696D2F 
 244      776F726B 
 244      696E672F 
 245 0126 636F6D70 		.ascii	"compilers/GCC/crt1.c\000"
 245      696C6572 
 245      732F4743 
 245      432F6372 
 245      74312E63 
 246              	.LASF2:
 247 013b 5F5F6465 		.ascii	"__default_exit\000"
 247      6661756C 
 247      745F6578 
ARM GAS  /tmp/ccA0pKe8.s 			page 6


 247      697400
 248              		.ident	"GCC: (GNU Tools for ARM Embedded Processors) 6.2.1 20161205 (release) [ARM/embedded-6-bran
ARM GAS  /tmp/ccA0pKe8.s 			page 7


DEFINED SYMBOLS
                            *ABS*:0000000000000000 crt1.c
     /tmp/ccA0pKe8.s:16     .text.__early_init:0000000000000000 $t
     /tmp/ccA0pKe8.s:24     .text.__early_init:0000000000000000 __early_init
     /tmp/ccA0pKe8.s:35     .text.__late_init:0000000000000000 $t
     /tmp/ccA0pKe8.s:43     .text.__late_init:0000000000000000 __late_init
     /tmp/ccA0pKe8.s:56     .text.__default_exit:0000000000000000 $t
     /tmp/ccA0pKe8.s:64     .text.__default_exit:0000000000000000 __default_exit
                     .debug_frame:0000000000000010 $d

NO UNDEFINED SYMBOLS
