ARM GAS  /tmp/ccxWv0Et.s 			page 1


   1              		.cpu cortex-m4
   2              		.eabi_attribute 20, 1
   3              		.eabi_attribute 21, 1
   4              		.eabi_attribute 23, 3
   5              		.eabi_attribute 24, 1
   6              		.eabi_attribute 25, 1
   7              		.eabi_attribute 26, 1
   8              		.eabi_attribute 30, 2
   9              		.eabi_attribute 34, 1
  10              		.eabi_attribute 18, 4
  11              		.file	"vectors.c"
  12              		.text
  13              	.Ltext0:
  14              		.cfi_sections	.debug_frame
  15              		.section	.text._unhandled_exception,"ax",%progbits
  16              		.align	1
  17              		.p2align 4,,15
  18              		.global	_unhandled_exception
  19              		.syntax unified
  20              		.thumb
  21              		.thumb_func
  22              		.fpu softvfp
  23              		.type	_unhandled_exception, %function
  24              	_unhandled_exception:
  25              	.LFB112:
  26              		.file 1 "/home/selim/working/ChibiOS/os/common/ports/ARMCMx/compilers/GCC/vectors.c"
  27              		.loc 1 77 0
  28              		.cfi_startproc
  29              		@ Volatile: function does not return.
  30              		@ args = 0, pretend = 0, frame = 0
  31              		@ frame_needed = 0, uses_anonymous_args = 0
  32              		@ link register save eliminated.
  33              	.L2:
  34 0000 FEE7     		b	.L2
  35              		.cfi_endproc
  36              	.LFE112:
  37              		.size	_unhandled_exception, .-_unhandled_exception
  38              		.weak	Vector1BC
  39              		.thumb_set Vector1BC,_unhandled_exception
  40              		.weak	Vector1B8
  41              		.thumb_set Vector1B8,_unhandled_exception
  42              		.weak	Vector1B4
  43              		.thumb_set Vector1B4,_unhandled_exception
  44              		.weak	Vector1B0
  45              		.thumb_set Vector1B0,_unhandled_exception
  46              		.weak	Vector1AC
  47              		.thumb_set Vector1AC,_unhandled_exception
  48              		.weak	Vector1A8
  49              		.thumb_set Vector1A8,_unhandled_exception
  50              		.weak	Vector1A4
  51              		.thumb_set Vector1A4,_unhandled_exception
  52              		.weak	Vector1A0
  53              		.thumb_set Vector1A0,_unhandled_exception
  54              		.weak	Vector19C
  55              		.thumb_set Vector19C,_unhandled_exception
  56              		.weak	Vector198
  57              		.thumb_set Vector198,_unhandled_exception
ARM GAS  /tmp/ccxWv0Et.s 			page 2


  58              		.weak	Vector194
  59              		.thumb_set Vector194,_unhandled_exception
  60              		.weak	Vector190
  61              		.thumb_set Vector190,_unhandled_exception
  62              		.weak	Vector18C
  63              		.thumb_set Vector18C,_unhandled_exception
  64              		.weak	Vector188
  65              		.thumb_set Vector188,_unhandled_exception
  66              		.weak	Vector184
  67              		.thumb_set Vector184,_unhandled_exception
  68              		.weak	Vector180
  69              		.thumb_set Vector180,_unhandled_exception
  70              		.weak	Vector17C
  71              		.thumb_set Vector17C,_unhandled_exception
  72              		.weak	Vector178
  73              		.thumb_set Vector178,_unhandled_exception
  74              		.weak	Vector174
  75              		.thumb_set Vector174,_unhandled_exception
  76              		.weak	Vector170
  77              		.thumb_set Vector170,_unhandled_exception
  78              		.weak	Vector16C
  79              		.thumb_set Vector16C,_unhandled_exception
  80              		.weak	Vector168
  81              		.thumb_set Vector168,_unhandled_exception
  82              		.weak	Vector164
  83              		.thumb_set Vector164,_unhandled_exception
  84              		.weak	Vector160
  85              		.thumb_set Vector160,_unhandled_exception
  86              		.weak	Vector15C
  87              		.thumb_set Vector15C,_unhandled_exception
  88              		.weak	Vector158
  89              		.thumb_set Vector158,_unhandled_exception
  90              		.weak	Vector154
  91              		.thumb_set Vector154,_unhandled_exception
  92              		.weak	Vector150
  93              		.thumb_set Vector150,_unhandled_exception
  94              		.weak	Vector14C
  95              		.thumb_set Vector14C,_unhandled_exception
  96              		.weak	Vector148
  97              		.thumb_set Vector148,_unhandled_exception
  98              		.weak	Vector144
  99              		.thumb_set Vector144,_unhandled_exception
 100              		.weak	Vector140
 101              		.thumb_set Vector140,_unhandled_exception
 102              		.weak	Vector13C
 103              		.thumb_set Vector13C,_unhandled_exception
 104              		.weak	Vector138
 105              		.thumb_set Vector138,_unhandled_exception
 106              		.weak	Vector134
 107              		.thumb_set Vector134,_unhandled_exception
 108              		.weak	Vector130
 109              		.thumb_set Vector130,_unhandled_exception
 110              		.weak	Vector12C
 111              		.thumb_set Vector12C,_unhandled_exception
 112              		.weak	Vector128
 113              		.thumb_set Vector128,_unhandled_exception
 114              		.weak	Vector124
ARM GAS  /tmp/ccxWv0Et.s 			page 3


 115              		.thumb_set Vector124,_unhandled_exception
 116              		.weak	Vector120
 117              		.thumb_set Vector120,_unhandled_exception
 118              		.weak	Vector11C
 119              		.thumb_set Vector11C,_unhandled_exception
 120              		.weak	Vector118
 121              		.thumb_set Vector118,_unhandled_exception
 122              		.weak	Vector114
 123              		.thumb_set Vector114,_unhandled_exception
 124              		.weak	Vector110
 125              		.thumb_set Vector110,_unhandled_exception
 126              		.weak	Vector10C
 127              		.thumb_set Vector10C,_unhandled_exception
 128              		.weak	Vector108
 129              		.thumb_set Vector108,_unhandled_exception
 130              		.weak	Vector104
 131              		.thumb_set Vector104,_unhandled_exception
 132              		.weak	Vector100
 133              		.thumb_set Vector100,_unhandled_exception
 134              		.weak	VectorFC
 135              		.thumb_set VectorFC,_unhandled_exception
 136              		.weak	VectorF8
 137              		.thumb_set VectorF8,_unhandled_exception
 138              		.weak	VectorF4
 139              		.thumb_set VectorF4,_unhandled_exception
 140              		.weak	VectorF0
 141              		.thumb_set VectorF0,_unhandled_exception
 142              		.weak	VectorEC
 143              		.thumb_set VectorEC,_unhandled_exception
 144              		.weak	VectorE8
 145              		.thumb_set VectorE8,_unhandled_exception
 146              		.weak	VectorE4
 147              		.thumb_set VectorE4,_unhandled_exception
 148              		.weak	VectorE0
 149              		.thumb_set VectorE0,_unhandled_exception
 150              		.weak	VectorDC
 151              		.thumb_set VectorDC,_unhandled_exception
 152              		.weak	VectorD8
 153              		.thumb_set VectorD8,_unhandled_exception
 154              		.weak	VectorD4
 155              		.thumb_set VectorD4,_unhandled_exception
 156              		.weak	VectorD0
 157              		.thumb_set VectorD0,_unhandled_exception
 158              		.weak	VectorCC
 159              		.thumb_set VectorCC,_unhandled_exception
 160              		.weak	VectorC8
 161              		.thumb_set VectorC8,_unhandled_exception
 162              		.weak	VectorC4
 163              		.thumb_set VectorC4,_unhandled_exception
 164              		.weak	VectorC0
 165              		.thumb_set VectorC0,_unhandled_exception
 166              		.weak	VectorBC
 167              		.thumb_set VectorBC,_unhandled_exception
 168              		.weak	VectorB8
 169              		.thumb_set VectorB8,_unhandled_exception
 170              		.weak	VectorB4
 171              		.thumb_set VectorB4,_unhandled_exception
ARM GAS  /tmp/ccxWv0Et.s 			page 4


 172              		.weak	VectorB0
 173              		.thumb_set VectorB0,_unhandled_exception
 174              		.weak	VectorAC
 175              		.thumb_set VectorAC,_unhandled_exception
 176              		.weak	VectorA8
 177              		.thumb_set VectorA8,_unhandled_exception
 178              		.weak	VectorA4
 179              		.thumb_set VectorA4,_unhandled_exception
 180              		.weak	VectorA0
 181              		.thumb_set VectorA0,_unhandled_exception
 182              		.weak	Vector9C
 183              		.thumb_set Vector9C,_unhandled_exception
 184              		.weak	Vector98
 185              		.thumb_set Vector98,_unhandled_exception
 186              		.weak	Vector94
 187              		.thumb_set Vector94,_unhandled_exception
 188              		.weak	Vector90
 189              		.thumb_set Vector90,_unhandled_exception
 190              		.weak	Vector8C
 191              		.thumb_set Vector8C,_unhandled_exception
 192              		.weak	Vector88
 193              		.thumb_set Vector88,_unhandled_exception
 194              		.weak	Vector84
 195              		.thumb_set Vector84,_unhandled_exception
 196              		.weak	Vector80
 197              		.thumb_set Vector80,_unhandled_exception
 198              		.weak	Vector7C
 199              		.thumb_set Vector7C,_unhandled_exception
 200              		.weak	Vector78
 201              		.thumb_set Vector78,_unhandled_exception
 202              		.weak	Vector74
 203              		.thumb_set Vector74,_unhandled_exception
 204              		.weak	Vector70
 205              		.thumb_set Vector70,_unhandled_exception
 206              		.weak	Vector6C
 207              		.thumb_set Vector6C,_unhandled_exception
 208              		.weak	Vector68
 209              		.thumb_set Vector68,_unhandled_exception
 210              		.weak	Vector64
 211              		.thumb_set Vector64,_unhandled_exception
 212              		.weak	Vector60
 213              		.thumb_set Vector60,_unhandled_exception
 214              		.weak	Vector5C
 215              		.thumb_set Vector5C,_unhandled_exception
 216              		.weak	Vector58
 217              		.thumb_set Vector58,_unhandled_exception
 218              		.weak	Vector54
 219              		.thumb_set Vector54,_unhandled_exception
 220              		.weak	Vector50
 221              		.thumb_set Vector50,_unhandled_exception
 222              		.weak	Vector4C
 223              		.thumb_set Vector4C,_unhandled_exception
 224              		.weak	Vector48
 225              		.thumb_set Vector48,_unhandled_exception
 226              		.weak	Vector44
 227              		.thumb_set Vector44,_unhandled_exception
 228              		.weak	Vector40
ARM GAS  /tmp/ccxWv0Et.s 			page 5


 229              		.thumb_set Vector40,_unhandled_exception
 230              		.weak	SysTick_Handler
 231              		.thumb_set SysTick_Handler,_unhandled_exception
 232              		.weak	PendSV_Handler
 233              		.thumb_set PendSV_Handler,_unhandled_exception
 234              		.weak	Vector34
 235              		.thumb_set Vector34,_unhandled_exception
 236              		.weak	DebugMon_Handler
 237              		.thumb_set DebugMon_Handler,_unhandled_exception
 238              		.weak	SVC_Handler
 239              		.thumb_set SVC_Handler,_unhandled_exception
 240              		.weak	Vector28
 241              		.thumb_set Vector28,_unhandled_exception
 242              		.weak	Vector24
 243              		.thumb_set Vector24,_unhandled_exception
 244              		.weak	Vector20
 245              		.thumb_set Vector20,_unhandled_exception
 246              		.weak	Vector1C
 247              		.thumb_set Vector1C,_unhandled_exception
 248              		.weak	UsageFault_Handler
 249              		.thumb_set UsageFault_Handler,_unhandled_exception
 250              		.weak	BusFault_Handler
 251              		.thumb_set BusFault_Handler,_unhandled_exception
 252              		.weak	MemManage_Handler
 253              		.thumb_set MemManage_Handler,_unhandled_exception
 254              		.weak	HardFault_Handler
 255              		.thumb_set HardFault_Handler,_unhandled_exception
 256              		.weak	NMI_Handler
 257              		.thumb_set NMI_Handler,_unhandled_exception
 258              		.weak	Reset_Handler
 259              		.thumb_set Reset_Handler,_unhandled_exception
 260              		.global	_vectors
 261 0002 00BF     		.section	.vectors,"aw",%progbits
 262              		.align	2
 263              		.type	_vectors, %object
 264              		.size	_vectors, 448
 265              	_vectors:
 266 0000 00000000 		.word	__main_stack_end__
 267 0004 00000000 		.word	Reset_Handler
 268 0008 00000000 		.word	NMI_Handler
 269 000c 00000000 		.word	HardFault_Handler
 270 0010 00000000 		.word	MemManage_Handler
 271 0014 00000000 		.word	BusFault_Handler
 272 0018 00000000 		.word	UsageFault_Handler
 273 001c 00000000 		.word	Vector1C
 274 0020 00000000 		.word	Vector20
 275 0024 00000000 		.word	Vector24
 276 0028 00000000 		.word	Vector28
 277 002c 00000000 		.word	SVC_Handler
 278 0030 00000000 		.word	DebugMon_Handler
 279 0034 00000000 		.word	Vector34
 280 0038 00000000 		.word	PendSV_Handler
 281 003c 00000000 		.word	SysTick_Handler
 282 0040 00000000 		.word	Vector40
 283 0044 00000000 		.word	Vector44
 284 0048 00000000 		.word	Vector48
 285 004c 00000000 		.word	Vector4C
ARM GAS  /tmp/ccxWv0Et.s 			page 6


 286 0050 00000000 		.word	Vector50
 287 0054 00000000 		.word	Vector54
 288 0058 00000000 		.word	Vector58
 289 005c 00000000 		.word	Vector5C
 290 0060 00000000 		.word	Vector60
 291 0064 00000000 		.word	Vector64
 292 0068 00000000 		.word	Vector68
 293 006c 00000000 		.word	Vector6C
 294 0070 00000000 		.word	Vector70
 295 0074 00000000 		.word	Vector74
 296 0078 00000000 		.word	Vector78
 297 007c 00000000 		.word	Vector7C
 298 0080 00000000 		.word	Vector80
 299 0084 00000000 		.word	Vector84
 300 0088 00000000 		.word	Vector88
 301 008c 00000000 		.word	Vector8C
 302 0090 00000000 		.word	Vector90
 303 0094 00000000 		.word	Vector94
 304 0098 00000000 		.word	Vector98
 305 009c 00000000 		.word	Vector9C
 306 00a0 00000000 		.word	VectorA0
 307 00a4 00000000 		.word	VectorA4
 308 00a8 00000000 		.word	VectorA8
 309 00ac 00000000 		.word	VectorAC
 310 00b0 00000000 		.word	VectorB0
 311 00b4 00000000 		.word	VectorB4
 312 00b8 00000000 		.word	VectorB8
 313 00bc 00000000 		.word	VectorBC
 314 00c0 00000000 		.word	VectorC0
 315 00c4 00000000 		.word	VectorC4
 316 00c8 00000000 		.word	VectorC8
 317 00cc 00000000 		.word	VectorCC
 318 00d0 00000000 		.word	VectorD0
 319 00d4 00000000 		.word	VectorD4
 320 00d8 00000000 		.word	VectorD8
 321 00dc 00000000 		.word	VectorDC
 322 00e0 00000000 		.word	VectorE0
 323 00e4 00000000 		.word	VectorE4
 324 00e8 00000000 		.word	VectorE8
 325 00ec 00000000 		.word	VectorEC
 326 00f0 00000000 		.word	VectorF0
 327 00f4 00000000 		.word	VectorF4
 328 00f8 00000000 		.word	VectorF8
 329 00fc 00000000 		.word	VectorFC
 330 0100 00000000 		.word	Vector100
 331 0104 00000000 		.word	Vector104
 332 0108 00000000 		.word	Vector108
 333 010c 00000000 		.word	Vector10C
 334 0110 00000000 		.word	Vector110
 335 0114 00000000 		.word	Vector114
 336 0118 00000000 		.word	Vector118
 337 011c 00000000 		.word	Vector11C
 338 0120 00000000 		.word	Vector120
 339 0124 00000000 		.word	Vector124
 340 0128 00000000 		.word	Vector128
 341 012c 00000000 		.word	Vector12C
 342 0130 00000000 		.word	Vector130
ARM GAS  /tmp/ccxWv0Et.s 			page 7


 343 0134 00000000 		.word	Vector134
 344 0138 00000000 		.word	Vector138
 345 013c 00000000 		.word	Vector13C
 346 0140 00000000 		.word	Vector140
 347 0144 00000000 		.word	Vector144
 348 0148 00000000 		.word	Vector148
 349 014c 00000000 		.word	Vector14C
 350 0150 00000000 		.word	Vector150
 351 0154 00000000 		.word	Vector154
 352 0158 00000000 		.word	Vector158
 353 015c 00000000 		.word	Vector15C
 354 0160 00000000 		.word	Vector160
 355 0164 00000000 		.word	Vector164
 356 0168 00000000 		.word	Vector168
 357 016c 00000000 		.word	Vector16C
 358 0170 00000000 		.word	Vector170
 359 0174 00000000 		.word	Vector174
 360 0178 00000000 		.word	Vector178
 361 017c 00000000 		.word	Vector17C
 362 0180 00000000 		.word	Vector180
 363 0184 00000000 		.word	Vector184
 364 0188 00000000 		.word	Vector188
 365 018c 00000000 		.word	Vector18C
 366 0190 00000000 		.word	Vector190
 367 0194 00000000 		.word	Vector194
 368 0198 00000000 		.word	Vector198
 369 019c 00000000 		.word	Vector19C
 370 01a0 00000000 		.word	Vector1A0
 371 01a4 00000000 		.word	Vector1A4
 372 01a8 00000000 		.word	Vector1A8
 373 01ac 00000000 		.word	Vector1AC
 374 01b0 00000000 		.word	Vector1B0
 375 01b4 00000000 		.word	Vector1B4
 376 01b8 00000000 		.word	Vector1B8
 377 01bc 00000000 		.word	Vector1BC
 378              		.text
 379              	.Letext0:
 380              		.file 2 "/usr/arm-none-eabi/include/machine/_default_types.h"
 381              		.file 3 "/usr/arm-none-eabi/include/sys/_stdint.h"
 382              		.file 4 "/home/selim/working/ChibiOS/os/ext/CMSIS/include/core_cm4.h"
 383              		.file 5 "/home/selim/working/ChibiOS/os/ext/CMSIS/ST/system_stm32f4xx.h"
 384              		.section	.debug_info,"",%progbits
 385              	.Ldebug_info0:
 386 0000 EA010000 		.4byte	0x1ea
 387 0004 0400     		.2byte	0x4
 388 0006 00000000 		.4byte	.Ldebug_abbrev0
 389 000a 04       		.byte	0x4
 390 000b 01       		.uleb128 0x1
 391 000c 00000000 		.4byte	.LASF37
 392 0010 0C       		.byte	0xc
 393 0011 9E010000 		.4byte	.LASF38
 394 0015 00000000 		.4byte	.Ldebug_ranges0+0
 395 0019 00000000 		.4byte	0
 396 001d 00000000 		.4byte	.Ldebug_line0
 397 0021 02       		.uleb128 0x2
 398 0022 01       		.byte	0x1
 399 0023 06       		.byte	0x6
ARM GAS  /tmp/ccxWv0Et.s 			page 8


 400 0024 F6020000 		.4byte	.LASF0
 401 0028 02       		.uleb128 0x2
 402 0029 01       		.byte	0x1
 403 002a 08       		.byte	0x8
 404 002b 54010000 		.4byte	.LASF1
 405 002f 02       		.uleb128 0x2
 406 0030 02       		.byte	0x2
 407 0031 05       		.byte	0x5
 408 0032 C8020000 		.4byte	.LASF2
 409 0036 02       		.uleb128 0x2
 410 0037 02       		.byte	0x2
 411 0038 07       		.byte	0x7
 412 0039 19010000 		.4byte	.LASF3
 413 003d 03       		.uleb128 0x3
 414 003e FF000000 		.4byte	.LASF5
 415 0042 02       		.byte	0x2
 416 0043 4D       		.byte	0x4d
 417 0044 48000000 		.4byte	0x48
 418 0048 02       		.uleb128 0x2
 419 0049 04       		.byte	0x4
 420 004a 05       		.byte	0x5
 421 004b DB020000 		.4byte	.LASF4
 422 004f 03       		.uleb128 0x3
 423 0050 04020000 		.4byte	.LASF6
 424 0054 02       		.byte	0x2
 425 0055 4F       		.byte	0x4f
 426 0056 5A000000 		.4byte	0x5a
 427 005a 02       		.uleb128 0x2
 428 005b 04       		.byte	0x4
 429 005c 07       		.byte	0x7
 430 005d 73010000 		.4byte	.LASF7
 431 0061 02       		.uleb128 0x2
 432 0062 08       		.byte	0x8
 433 0063 05       		.byte	0x5
 434 0064 8D020000 		.4byte	.LASF8
 435 0068 02       		.uleb128 0x2
 436 0069 08       		.byte	0x8
 437 006a 07       		.byte	0x7
 438 006b 31020000 		.4byte	.LASF9
 439 006f 04       		.uleb128 0x4
 440 0070 04       		.byte	0x4
 441 0071 05       		.byte	0x5
 442 0072 696E7400 		.ascii	"int\000"
 443 0076 02       		.uleb128 0x2
 444 0077 04       		.byte	0x4
 445 0078 07       		.byte	0x7
 446 0079 1B020000 		.4byte	.LASF10
 447 007d 03       		.uleb128 0x3
 448 007e 37010000 		.4byte	.LASF11
 449 0082 03       		.byte	0x3
 450 0083 2C       		.byte	0x2c
 451 0084 3D000000 		.4byte	0x3d
 452 0088 05       		.uleb128 0x5
 453 0089 7D000000 		.4byte	0x7d
 454 008d 03       		.uleb128 0x3
 455 008e D2020000 		.4byte	.LASF12
 456 0092 03       		.byte	0x3
ARM GAS  /tmp/ccxWv0Et.s 			page 9


 457 0093 30       		.byte	0x30
 458 0094 4F000000 		.4byte	0x4f
 459 0098 02       		.uleb128 0x2
 460 0099 04       		.byte	0x4
 461 009a 07       		.byte	0x7
 462 009b 71020000 		.4byte	.LASF13
 463 009f 06       		.uleb128 0x6
 464 00a0 91010000 		.4byte	.LASF14
 465 00a4 04       		.byte	0x4
 466 00a5 A706     		.2byte	0x6a7
 467 00a7 88000000 		.4byte	0x88
 468 00ab 07       		.uleb128 0x7
 469 00ac 9B020000 		.4byte	.LASF15
 470 00b0 05       		.byte	0x5
 471 00b1 4C       		.byte	0x4c
 472 00b2 8D000000 		.4byte	0x8d
 473 00b6 03       		.uleb128 0x3
 474 00b7 DA000000 		.4byte	.LASF16
 475 00bb 01       		.byte	0x1
 476 00bc 2C       		.byte	0x2c
 477 00bd C1000000 		.4byte	0xc1
 478 00c1 08       		.uleb128 0x8
 479 00c2 04       		.byte	0x4
 480 00c3 C7000000 		.4byte	0xc7
 481 00c7 09       		.uleb128 0x9
 482 00c8 0A       		.uleb128 0xa
 483 00c9 C001     		.2byte	0x1c0
 484 00cb 01       		.byte	0x1
 485 00cc 31       		.byte	0x31
 486 00cd 9E010000 		.4byte	0x19e
 487 00d1 0B       		.uleb128 0xb
 488 00d2 2C010000 		.4byte	.LASF17
 489 00d6 01       		.byte	0x1
 490 00d7 32       		.byte	0x32
 491 00d8 9E010000 		.4byte	0x19e
 492 00dc 00       		.byte	0
 493 00dd 0B       		.uleb128 0xb
 494 00de 63020000 		.4byte	.LASF18
 495 00e2 01       		.byte	0x1
 496 00e3 33       		.byte	0x33
 497 00e4 B6000000 		.4byte	0xb6
 498 00e8 04       		.byte	0x4
 499 00e9 0B       		.uleb128 0xb
 500 00ea 0F020000 		.4byte	.LASF19
 501 00ee 01       		.byte	0x1
 502 00ef 34       		.byte	0x34
 503 00f0 B6000000 		.4byte	0xb6
 504 00f4 08       		.byte	0x8
 505 00f5 0B       		.uleb128 0xb
 506 00f6 F2010000 		.4byte	.LASF20
 507 00fa 01       		.byte	0x1
 508 00fb 35       		.byte	0x35
 509 00fc B6000000 		.4byte	0xb6
 510 0100 0C       		.byte	0xc
 511 0101 0B       		.uleb128 0xb
 512 0102 E4020000 		.4byte	.LASF21
 513 0106 01       		.byte	0x1
ARM GAS  /tmp/ccxWv0Et.s 			page 10


 514 0107 36       		.byte	0x36
 515 0108 B6000000 		.4byte	0xb6
 516 010c 10       		.byte	0x10
 517 010d 0B       		.uleb128 0xb
 518 010e 62010000 		.4byte	.LASF22
 519 0112 01       		.byte	0x1
 520 0113 37       		.byte	0x37
 521 0114 B6000000 		.4byte	0xb6
 522 0118 14       		.byte	0x14
 523 0119 0B       		.uleb128 0xb
 524 011a 7A020000 		.4byte	.LASF23
 525 011e 01       		.byte	0x1
 526 011f 38       		.byte	0x38
 527 0120 B6000000 		.4byte	0xb6
 528 0124 18       		.byte	0x18
 529 0125 0B       		.uleb128 0xb
 530 0126 E9010000 		.4byte	.LASF24
 531 012a 01       		.byte	0x1
 532 012b 39       		.byte	0x39
 533 012c B6000000 		.4byte	0xb6
 534 0130 1C       		.byte	0x1c
 535 0131 0B       		.uleb128 0xb
 536 0132 28020000 		.4byte	.LASF25
 537 0136 01       		.byte	0x1
 538 0137 3A       		.byte	0x3a
 539 0138 B6000000 		.4byte	0xb6
 540 013c 20       		.byte	0x20
 541 013d 0B       		.uleb128 0xb
 542 013e 48020000 		.4byte	.LASF26
 543 0142 01       		.byte	0x1
 544 0143 3B       		.byte	0x3b
 545 0144 B6000000 		.4byte	0xb6
 546 0148 24       		.byte	0x24
 547 0149 0B       		.uleb128 0xb
 548 014a 51020000 		.4byte	.LASF27
 549 014e 01       		.byte	0x1
 550 014f 3C       		.byte	0x3c
 551 0150 B6000000 		.4byte	0xb6
 552 0154 28       		.byte	0x28
 553 0155 0B       		.uleb128 0xb
 554 0156 85010000 		.4byte	.LASF28
 555 015a 01       		.byte	0x1
 556 015b 3D       		.byte	0x3d
 557 015c B6000000 		.4byte	0xb6
 558 0160 2C       		.byte	0x2c
 559 0161 0B       		.uleb128 0xb
 560 0162 3F010000 		.4byte	.LASF29
 561 0166 01       		.byte	0x1
 562 0167 3E       		.byte	0x3e
 563 0168 B6000000 		.4byte	0xb6
 564 016c 30       		.byte	0x30
 565 016d 0B       		.uleb128 0xb
 566 016e E7000000 		.4byte	.LASF30
 567 0172 01       		.byte	0x1
 568 0173 3F       		.byte	0x3f
 569 0174 B6000000 		.4byte	0xb6
 570 0178 34       		.byte	0x34
ARM GAS  /tmp/ccxWv0Et.s 			page 11


 571 0179 0B       		.uleb128 0xb
 572 017a F0000000 		.4byte	.LASF31
 573 017e 01       		.byte	0x1
 574 017f 40       		.byte	0x40
 575 0180 B6000000 		.4byte	0xb6
 576 0184 38       		.byte	0x38
 577 0185 0B       		.uleb128 0xb
 578 0186 09010000 		.4byte	.LASF32
 579 018a 01       		.byte	0x1
 580 018b 41       		.byte	0x41
 581 018c B6000000 		.4byte	0xb6
 582 0190 3C       		.byte	0x3c
 583 0191 0B       		.uleb128 0xb
 584 0192 C0020000 		.4byte	.LASF33
 585 0196 01       		.byte	0x1
 586 0197 42       		.byte	0x42
 587 0198 A4010000 		.4byte	0x1a4
 588 019c 40       		.byte	0x40
 589 019d 00       		.byte	0
 590 019e 08       		.uleb128 0x8
 591 019f 04       		.byte	0x4
 592 01a0 8D000000 		.4byte	0x8d
 593 01a4 0C       		.uleb128 0xc
 594 01a5 B6000000 		.4byte	0xb6
 595 01a9 B4010000 		.4byte	0x1b4
 596 01ad 0D       		.uleb128 0xd
 597 01ae 98000000 		.4byte	0x98
 598 01b2 5F       		.byte	0x5f
 599 01b3 00       		.byte	0
 600 01b4 03       		.uleb128 0x3
 601 01b5 02030000 		.4byte	.LASF34
 602 01b9 01       		.byte	0x1
 603 01ba 43       		.byte	0x43
 604 01bb C8000000 		.4byte	0xc8
 605 01bf 07       		.uleb128 0x7
 606 01c0 0C030000 		.4byte	.LASF35
 607 01c4 01       		.byte	0x1
 608 01c5 55       		.byte	0x55
 609 01c6 8D000000 		.4byte	0x8d
 610 01ca 0E       		.uleb128 0xe
 611 01cb 5A020000 		.4byte	.LASF36
 612 01cf 01       		.byte	0x1
 613 01d0 D401     		.2byte	0x1d4
 614 01d2 B4010000 		.4byte	0x1b4
 615 01d6 05       		.uleb128 0x5
 616 01d7 03       		.byte	0x3
 617 01d8 00000000 		.4byte	_vectors
 618 01dc 0F       		.uleb128 0xf
 619 01dd AB020000 		.4byte	.LASF39
 620 01e1 01       		.byte	0x1
 621 01e2 4D       		.byte	0x4d
 622 01e3 00000000 		.4byte	.LFB112
 623 01e7 02000000 		.4byte	.LFE112-.LFB112
 624 01eb 01       		.uleb128 0x1
 625 01ec 9C       		.byte	0x9c
 626 01ed 00       		.byte	0
 627              		.section	.debug_abbrev,"",%progbits
ARM GAS  /tmp/ccxWv0Et.s 			page 12


 628              	.Ldebug_abbrev0:
 629 0000 01       		.uleb128 0x1
 630 0001 11       		.uleb128 0x11
 631 0002 01       		.byte	0x1
 632 0003 25       		.uleb128 0x25
 633 0004 0E       		.uleb128 0xe
 634 0005 13       		.uleb128 0x13
 635 0006 0B       		.uleb128 0xb
 636 0007 03       		.uleb128 0x3
 637 0008 0E       		.uleb128 0xe
 638 0009 55       		.uleb128 0x55
 639 000a 17       		.uleb128 0x17
 640 000b 11       		.uleb128 0x11
 641 000c 01       		.uleb128 0x1
 642 000d 10       		.uleb128 0x10
 643 000e 17       		.uleb128 0x17
 644 000f 00       		.byte	0
 645 0010 00       		.byte	0
 646 0011 02       		.uleb128 0x2
 647 0012 24       		.uleb128 0x24
 648 0013 00       		.byte	0
 649 0014 0B       		.uleb128 0xb
 650 0015 0B       		.uleb128 0xb
 651 0016 3E       		.uleb128 0x3e
 652 0017 0B       		.uleb128 0xb
 653 0018 03       		.uleb128 0x3
 654 0019 0E       		.uleb128 0xe
 655 001a 00       		.byte	0
 656 001b 00       		.byte	0
 657 001c 03       		.uleb128 0x3
 658 001d 16       		.uleb128 0x16
 659 001e 00       		.byte	0
 660 001f 03       		.uleb128 0x3
 661 0020 0E       		.uleb128 0xe
 662 0021 3A       		.uleb128 0x3a
 663 0022 0B       		.uleb128 0xb
 664 0023 3B       		.uleb128 0x3b
 665 0024 0B       		.uleb128 0xb
 666 0025 49       		.uleb128 0x49
 667 0026 13       		.uleb128 0x13
 668 0027 00       		.byte	0
 669 0028 00       		.byte	0
 670 0029 04       		.uleb128 0x4
 671 002a 24       		.uleb128 0x24
 672 002b 00       		.byte	0
 673 002c 0B       		.uleb128 0xb
 674 002d 0B       		.uleb128 0xb
 675 002e 3E       		.uleb128 0x3e
 676 002f 0B       		.uleb128 0xb
 677 0030 03       		.uleb128 0x3
 678 0031 08       		.uleb128 0x8
 679 0032 00       		.byte	0
 680 0033 00       		.byte	0
 681 0034 05       		.uleb128 0x5
 682 0035 35       		.uleb128 0x35
 683 0036 00       		.byte	0
 684 0037 49       		.uleb128 0x49
ARM GAS  /tmp/ccxWv0Et.s 			page 13


 685 0038 13       		.uleb128 0x13
 686 0039 00       		.byte	0
 687 003a 00       		.byte	0
 688 003b 06       		.uleb128 0x6
 689 003c 34       		.uleb128 0x34
 690 003d 00       		.byte	0
 691 003e 03       		.uleb128 0x3
 692 003f 0E       		.uleb128 0xe
 693 0040 3A       		.uleb128 0x3a
 694 0041 0B       		.uleb128 0xb
 695 0042 3B       		.uleb128 0x3b
 696 0043 05       		.uleb128 0x5
 697 0044 49       		.uleb128 0x49
 698 0045 13       		.uleb128 0x13
 699 0046 3F       		.uleb128 0x3f
 700 0047 19       		.uleb128 0x19
 701 0048 3C       		.uleb128 0x3c
 702 0049 19       		.uleb128 0x19
 703 004a 00       		.byte	0
 704 004b 00       		.byte	0
 705 004c 07       		.uleb128 0x7
 706 004d 34       		.uleb128 0x34
 707 004e 00       		.byte	0
 708 004f 03       		.uleb128 0x3
 709 0050 0E       		.uleb128 0xe
 710 0051 3A       		.uleb128 0x3a
 711 0052 0B       		.uleb128 0xb
 712 0053 3B       		.uleb128 0x3b
 713 0054 0B       		.uleb128 0xb
 714 0055 49       		.uleb128 0x49
 715 0056 13       		.uleb128 0x13
 716 0057 3F       		.uleb128 0x3f
 717 0058 19       		.uleb128 0x19
 718 0059 3C       		.uleb128 0x3c
 719 005a 19       		.uleb128 0x19
 720 005b 00       		.byte	0
 721 005c 00       		.byte	0
 722 005d 08       		.uleb128 0x8
 723 005e 0F       		.uleb128 0xf
 724 005f 00       		.byte	0
 725 0060 0B       		.uleb128 0xb
 726 0061 0B       		.uleb128 0xb
 727 0062 49       		.uleb128 0x49
 728 0063 13       		.uleb128 0x13
 729 0064 00       		.byte	0
 730 0065 00       		.byte	0
 731 0066 09       		.uleb128 0x9
 732 0067 15       		.uleb128 0x15
 733 0068 00       		.byte	0
 734 0069 27       		.uleb128 0x27
 735 006a 19       		.uleb128 0x19
 736 006b 00       		.byte	0
 737 006c 00       		.byte	0
 738 006d 0A       		.uleb128 0xa
 739 006e 13       		.uleb128 0x13
 740 006f 01       		.byte	0x1
 741 0070 0B       		.uleb128 0xb
ARM GAS  /tmp/ccxWv0Et.s 			page 14


 742 0071 05       		.uleb128 0x5
 743 0072 3A       		.uleb128 0x3a
 744 0073 0B       		.uleb128 0xb
 745 0074 3B       		.uleb128 0x3b
 746 0075 0B       		.uleb128 0xb
 747 0076 01       		.uleb128 0x1
 748 0077 13       		.uleb128 0x13
 749 0078 00       		.byte	0
 750 0079 00       		.byte	0
 751 007a 0B       		.uleb128 0xb
 752 007b 0D       		.uleb128 0xd
 753 007c 00       		.byte	0
 754 007d 03       		.uleb128 0x3
 755 007e 0E       		.uleb128 0xe
 756 007f 3A       		.uleb128 0x3a
 757 0080 0B       		.uleb128 0xb
 758 0081 3B       		.uleb128 0x3b
 759 0082 0B       		.uleb128 0xb
 760 0083 49       		.uleb128 0x49
 761 0084 13       		.uleb128 0x13
 762 0085 38       		.uleb128 0x38
 763 0086 0B       		.uleb128 0xb
 764 0087 00       		.byte	0
 765 0088 00       		.byte	0
 766 0089 0C       		.uleb128 0xc
 767 008a 01       		.uleb128 0x1
 768 008b 01       		.byte	0x1
 769 008c 49       		.uleb128 0x49
 770 008d 13       		.uleb128 0x13
 771 008e 01       		.uleb128 0x1
 772 008f 13       		.uleb128 0x13
 773 0090 00       		.byte	0
 774 0091 00       		.byte	0
 775 0092 0D       		.uleb128 0xd
 776 0093 21       		.uleb128 0x21
 777 0094 00       		.byte	0
 778 0095 49       		.uleb128 0x49
 779 0096 13       		.uleb128 0x13
 780 0097 2F       		.uleb128 0x2f
 781 0098 0B       		.uleb128 0xb
 782 0099 00       		.byte	0
 783 009a 00       		.byte	0
 784 009b 0E       		.uleb128 0xe
 785 009c 34       		.uleb128 0x34
 786 009d 00       		.byte	0
 787 009e 03       		.uleb128 0x3
 788 009f 0E       		.uleb128 0xe
 789 00a0 3A       		.uleb128 0x3a
 790 00a1 0B       		.uleb128 0xb
 791 00a2 3B       		.uleb128 0x3b
 792 00a3 05       		.uleb128 0x5
 793 00a4 49       		.uleb128 0x49
 794 00a5 13       		.uleb128 0x13
 795 00a6 3F       		.uleb128 0x3f
 796 00a7 19       		.uleb128 0x19
 797 00a8 02       		.uleb128 0x2
 798 00a9 18       		.uleb128 0x18
ARM GAS  /tmp/ccxWv0Et.s 			page 15


 799 00aa 00       		.byte	0
 800 00ab 00       		.byte	0
 801 00ac 0F       		.uleb128 0xf
 802 00ad 2E       		.uleb128 0x2e
 803 00ae 00       		.byte	0
 804 00af 3F       		.uleb128 0x3f
 805 00b0 19       		.uleb128 0x19
 806 00b1 03       		.uleb128 0x3
 807 00b2 0E       		.uleb128 0xe
 808 00b3 3A       		.uleb128 0x3a
 809 00b4 0B       		.uleb128 0xb
 810 00b5 3B       		.uleb128 0x3b
 811 00b6 0B       		.uleb128 0xb
 812 00b7 27       		.uleb128 0x27
 813 00b8 19       		.uleb128 0x19
 814 00b9 11       		.uleb128 0x11
 815 00ba 01       		.uleb128 0x1
 816 00bb 12       		.uleb128 0x12
 817 00bc 06       		.uleb128 0x6
 818 00bd 40       		.uleb128 0x40
 819 00be 18       		.uleb128 0x18
 820 00bf 9742     		.uleb128 0x2117
 821 00c1 19       		.uleb128 0x19
 822 00c2 00       		.byte	0
 823 00c3 00       		.byte	0
 824 00c4 00       		.byte	0
 825              		.section	.debug_aranges,"",%progbits
 826 0000 1C000000 		.4byte	0x1c
 827 0004 0200     		.2byte	0x2
 828 0006 00000000 		.4byte	.Ldebug_info0
 829 000a 04       		.byte	0x4
 830 000b 00       		.byte	0
 831 000c 0000     		.2byte	0
 832 000e 0000     		.2byte	0
 833 0010 00000000 		.4byte	.LFB112
 834 0014 02000000 		.4byte	.LFE112-.LFB112
 835 0018 00000000 		.4byte	0
 836 001c 00000000 		.4byte	0
 837              		.section	.debug_ranges,"",%progbits
 838              	.Ldebug_ranges0:
 839 0000 00000000 		.4byte	.LFB112
 840 0004 02000000 		.4byte	.LFE112
 841 0008 00000000 		.4byte	0
 842 000c 00000000 		.4byte	0
 843              		.section	.debug_line,"",%progbits
 844              	.Ldebug_line0:
 845 0000 5B010000 		.section	.debug_str,"MS",%progbits,1
 845      02004501 
 845      00000201 
 845      FB0E0D00 
 845      01010101 
 846              	.LASF37:
 847 0000 474E5520 		.ascii	"GNU C11 6.2.1 20161205 (release) [ARM/embedded-6-br"
 847      43313120 
 847      362E322E 
 847      31203230 
 847      31363132 
ARM GAS  /tmp/ccxWv0Et.s 			page 16


 848 0033 616E6368 		.ascii	"anch revision 243739] -mcpu=cortex-m4 -mno-thumb-in"
 848      20726576 
 848      6973696F 
 848      6E203234 
 848      33373339 
 849 0066 74657277 		.ascii	"terwork -mthumb -ggdb -O2 -fomit-frame-pointer -fal"
 849      6F726B20 
 849      2D6D7468 
 849      756D6220 
 849      2D676764 
 850 0099 69676E2D 		.ascii	"ign-functions=16 -ffunction-sections -fdata-section"
 850      66756E63 
 850      74696F6E 
 850      733D3136 
 850      202D6666 
 851 00cc 73202D66 		.ascii	"s -fno-common\000"
 851      6E6F2D63 
 851      6F6D6D6F 
 851      6E00
 852              	.LASF16:
 853 00da 6972715F 		.ascii	"irq_vector_t\000"
 853      76656374 
 853      6F725F74 
 853      00
 854              	.LASF30:
 855 00e7 76656374 		.ascii	"vector34\000"
 855      6F723334 
 855      00
 856              	.LASF31:
 857 00f0 70656E64 		.ascii	"pendsv_handler\000"
 857      73765F68 
 857      616E646C 
 857      657200
 858              	.LASF5:
 859 00ff 5F5F696E 		.ascii	"__int32_t\000"
 859      7433325F 
 859      7400
 860              	.LASF32:
 861 0109 73797374 		.ascii	"systick_handler\000"
 861      69636B5F 
 861      68616E64 
 861      6C657200 
 862              	.LASF3:
 863 0119 73686F72 		.ascii	"short unsigned int\000"
 863      7420756E 
 863      7369676E 
 863      65642069 
 863      6E7400
 864              	.LASF17:
 865 012c 696E6974 		.ascii	"init_stack\000"
 865      5F737461 
 865      636B00
 866              	.LASF11:
 867 0137 696E7433 		.ascii	"int32_t\000"
 867      325F7400 
 868              	.LASF29:
 869 013f 64656275 		.ascii	"debugmonitor_handler\000"
ARM GAS  /tmp/ccxWv0Et.s 			page 17


 869      676D6F6E 
 869      69746F72 
 869      5F68616E 
 869      646C6572 
 870              	.LASF1:
 871 0154 756E7369 		.ascii	"unsigned char\000"
 871      676E6564 
 871      20636861 
 871      7200
 872              	.LASF22:
 873 0162 62757366 		.ascii	"busfault_handler\000"
 873      61756C74 
 873      5F68616E 
 873      646C6572 
 873      00
 874              	.LASF7:
 875 0173 6C6F6E67 		.ascii	"long unsigned int\000"
 875      20756E73 
 875      69676E65 
 875      6420696E 
 875      7400
 876              	.LASF28:
 877 0185 7376635F 		.ascii	"svc_handler\000"
 877      68616E64 
 877      6C657200 
 878              	.LASF14:
 879 0191 49544D5F 		.ascii	"ITM_RxBuffer\000"
 879      52784275 
 879      66666572 
 879      00
 880              	.LASF38:
 881 019e 2F686F6D 		.ascii	"/home/selim/working/ChibiOS/os/common/ports/ARMCMx/"
 881      652F7365 
 881      6C696D2F 
 881      776F726B 
 881      696E672F 
 882 01d1 636F6D70 		.ascii	"compilers/GCC/vectors.c\000"
 882      696C6572 
 882      732F4743 
 882      432F7665 
 882      63746F72 
 883              	.LASF24:
 884 01e9 76656374 		.ascii	"vector1c\000"
 884      6F723163 
 884      00
 885              	.LASF20:
 886 01f2 68617264 		.ascii	"hardfault_handler\000"
 886      6661756C 
 886      745F6861 
 886      6E646C65 
 886      7200
 887              	.LASF6:
 888 0204 5F5F7569 		.ascii	"__uint32_t\000"
 888      6E743332 
 888      5F7400
 889              	.LASF19:
 890 020f 6E6D695F 		.ascii	"nmi_handler\000"
ARM GAS  /tmp/ccxWv0Et.s 			page 18


 890      68616E64 
 890      6C657200 
 891              	.LASF10:
 892 021b 756E7369 		.ascii	"unsigned int\000"
 892      676E6564 
 892      20696E74 
 892      00
 893              	.LASF25:
 894 0228 76656374 		.ascii	"vector20\000"
 894      6F723230 
 894      00
 895              	.LASF9:
 896 0231 6C6F6E67 		.ascii	"long long unsigned int\000"
 896      206C6F6E 
 896      6720756E 
 896      7369676E 
 896      65642069 
 897              	.LASF26:
 898 0248 76656374 		.ascii	"vector24\000"
 898      6F723234 
 898      00
 899              	.LASF27:
 900 0251 76656374 		.ascii	"vector28\000"
 900      6F723238 
 900      00
 901              	.LASF36:
 902 025a 5F766563 		.ascii	"_vectors\000"
 902      746F7273 
 902      00
 903              	.LASF18:
 904 0263 72657365 		.ascii	"reset_handler\000"
 904      745F6861 
 904      6E646C65 
 904      7200
 905              	.LASF13:
 906 0271 73697A65 		.ascii	"sizetype\000"
 906      74797065 
 906      00
 907              	.LASF23:
 908 027a 75736167 		.ascii	"usagefault_handler\000"
 908      65666175 
 908      6C745F68 
 908      616E646C 
 908      657200
 909              	.LASF8:
 910 028d 6C6F6E67 		.ascii	"long long int\000"
 910      206C6F6E 
 910      6720696E 
 910      7400
 911              	.LASF15:
 912 029b 53797374 		.ascii	"SystemCoreClock\000"
 912      656D436F 
 912      7265436C 
 912      6F636B00 
 913              	.LASF39:
 914 02ab 5F756E68 		.ascii	"_unhandled_exception\000"
 914      616E646C 
ARM GAS  /tmp/ccxWv0Et.s 			page 19


 914      65645F65 
 914      78636570 
 914      74696F6E 
 915              	.LASF33:
 916 02c0 76656374 		.ascii	"vectors\000"
 916      6F727300 
 917              	.LASF2:
 918 02c8 73686F72 		.ascii	"short int\000"
 918      7420696E 
 918      7400
 919              	.LASF12:
 920 02d2 75696E74 		.ascii	"uint32_t\000"
 920      33325F74 
 920      00
 921              	.LASF4:
 922 02db 6C6F6E67 		.ascii	"long int\000"
 922      20696E74 
 922      00
 923              	.LASF21:
 924 02e4 6D656D6D 		.ascii	"memmanage_handler\000"
 924      616E6167 
 924      655F6861 
 924      6E646C65 
 924      7200
 925              	.LASF0:
 926 02f6 7369676E 		.ascii	"signed char\000"
 926      65642063 
 926      68617200 
 927              	.LASF34:
 928 0302 76656374 		.ascii	"vectors_t\000"
 928      6F72735F 
 928      7400
 929              	.LASF35:
 930 030c 5F5F6D61 		.ascii	"__main_stack_end__\000"
 930      696E5F73 
 930      7461636B 
 930      5F656E64 
 930      5F5F00
 931              		.ident	"GCC: (GNU Tools for ARM Embedded Processors) 6.2.1 20161205 (release) [ARM/embedded-6-bran
ARM GAS  /tmp/ccxWv0Et.s 			page 20


DEFINED SYMBOLS
                            *ABS*:0000000000000000 vectors.c
     /tmp/ccxWv0Et.s:16     .text._unhandled_exception:0000000000000000 $t
     /tmp/ccxWv0Et.s:24     .text._unhandled_exception:0000000000000000 _unhandled_exception
     /tmp/ccxWv0Et.s:24     .text._unhandled_exception:0000000000000000 Vector1BC
     /tmp/ccxWv0Et.s:24     .text._unhandled_exception:0000000000000000 Vector1B8
     /tmp/ccxWv0Et.s:24     .text._unhandled_exception:0000000000000000 Vector1B4
     /tmp/ccxWv0Et.s:24     .text._unhandled_exception:0000000000000000 Vector1B0
     /tmp/ccxWv0Et.s:24     .text._unhandled_exception:0000000000000000 Vector1AC
     /tmp/ccxWv0Et.s:24     .text._unhandled_exception:0000000000000000 Vector1A8
     /tmp/ccxWv0Et.s:24     .text._unhandled_exception:0000000000000000 Vector1A4
     /tmp/ccxWv0Et.s:24     .text._unhandled_exception:0000000000000000 Vector1A0
     /tmp/ccxWv0Et.s:24     .text._unhandled_exception:0000000000000000 Vector19C
     /tmp/ccxWv0Et.s:24     .text._unhandled_exception:0000000000000000 Vector198
     /tmp/ccxWv0Et.s:24     .text._unhandled_exception:0000000000000000 Vector194
     /tmp/ccxWv0Et.s:24     .text._unhandled_exception:0000000000000000 Vector190
     /tmp/ccxWv0Et.s:24     .text._unhandled_exception:0000000000000000 Vector18C
     /tmp/ccxWv0Et.s:24     .text._unhandled_exception:0000000000000000 Vector188
     /tmp/ccxWv0Et.s:24     .text._unhandled_exception:0000000000000000 Vector184
     /tmp/ccxWv0Et.s:24     .text._unhandled_exception:0000000000000000 Vector180
     /tmp/ccxWv0Et.s:24     .text._unhandled_exception:0000000000000000 Vector17C
     /tmp/ccxWv0Et.s:24     .text._unhandled_exception:0000000000000000 Vector178
     /tmp/ccxWv0Et.s:24     .text._unhandled_exception:0000000000000000 Vector174
     /tmp/ccxWv0Et.s:24     .text._unhandled_exception:0000000000000000 Vector170
     /tmp/ccxWv0Et.s:24     .text._unhandled_exception:0000000000000000 Vector16C
     /tmp/ccxWv0Et.s:24     .text._unhandled_exception:0000000000000000 Vector168
     /tmp/ccxWv0Et.s:24     .text._unhandled_exception:0000000000000000 Vector164
     /tmp/ccxWv0Et.s:24     .text._unhandled_exception:0000000000000000 Vector160
     /tmp/ccxWv0Et.s:24     .text._unhandled_exception:0000000000000000 Vector15C
     /tmp/ccxWv0Et.s:24     .text._unhandled_exception:0000000000000000 Vector158
     /tmp/ccxWv0Et.s:24     .text._unhandled_exception:0000000000000000 Vector154
     /tmp/ccxWv0Et.s:24     .text._unhandled_exception:0000000000000000 Vector150
     /tmp/ccxWv0Et.s:24     .text._unhandled_exception:0000000000000000 Vector14C
     /tmp/ccxWv0Et.s:24     .text._unhandled_exception:0000000000000000 Vector148
     /tmp/ccxWv0Et.s:24     .text._unhandled_exception:0000000000000000 Vector144
     /tmp/ccxWv0Et.s:24     .text._unhandled_exception:0000000000000000 Vector140
     /tmp/ccxWv0Et.s:24     .text._unhandled_exception:0000000000000000 Vector13C
     /tmp/ccxWv0Et.s:24     .text._unhandled_exception:0000000000000000 Vector138
     /tmp/ccxWv0Et.s:24     .text._unhandled_exception:0000000000000000 Vector134
     /tmp/ccxWv0Et.s:24     .text._unhandled_exception:0000000000000000 Vector130
     /tmp/ccxWv0Et.s:24     .text._unhandled_exception:0000000000000000 Vector12C
     /tmp/ccxWv0Et.s:24     .text._unhandled_exception:0000000000000000 Vector128
     /tmp/ccxWv0Et.s:24     .text._unhandled_exception:0000000000000000 Vector124
     /tmp/ccxWv0Et.s:24     .text._unhandled_exception:0000000000000000 Vector120
     /tmp/ccxWv0Et.s:24     .text._unhandled_exception:0000000000000000 Vector11C
     /tmp/ccxWv0Et.s:24     .text._unhandled_exception:0000000000000000 Vector118
     /tmp/ccxWv0Et.s:24     .text._unhandled_exception:0000000000000000 Vector114
     /tmp/ccxWv0Et.s:24     .text._unhandled_exception:0000000000000000 Vector110
     /tmp/ccxWv0Et.s:24     .text._unhandled_exception:0000000000000000 Vector10C
     /tmp/ccxWv0Et.s:24     .text._unhandled_exception:0000000000000000 Vector108
     /tmp/ccxWv0Et.s:24     .text._unhandled_exception:0000000000000000 Vector104
     /tmp/ccxWv0Et.s:24     .text._unhandled_exception:0000000000000000 Vector100
     /tmp/ccxWv0Et.s:24     .text._unhandled_exception:0000000000000000 VectorFC
     /tmp/ccxWv0Et.s:24     .text._unhandled_exception:0000000000000000 VectorF8
     /tmp/ccxWv0Et.s:24     .text._unhandled_exception:0000000000000000 VectorF4
     /tmp/ccxWv0Et.s:24     .text._unhandled_exception:0000000000000000 VectorF0
     /tmp/ccxWv0Et.s:24     .text._unhandled_exception:0000000000000000 VectorEC
ARM GAS  /tmp/ccxWv0Et.s 			page 21


     /tmp/ccxWv0Et.s:24     .text._unhandled_exception:0000000000000000 VectorE8
     /tmp/ccxWv0Et.s:24     .text._unhandled_exception:0000000000000000 VectorE4
     /tmp/ccxWv0Et.s:24     .text._unhandled_exception:0000000000000000 VectorE0
     /tmp/ccxWv0Et.s:24     .text._unhandled_exception:0000000000000000 VectorDC
     /tmp/ccxWv0Et.s:24     .text._unhandled_exception:0000000000000000 VectorD8
     /tmp/ccxWv0Et.s:24     .text._unhandled_exception:0000000000000000 VectorD4
     /tmp/ccxWv0Et.s:24     .text._unhandled_exception:0000000000000000 VectorD0
     /tmp/ccxWv0Et.s:24     .text._unhandled_exception:0000000000000000 VectorCC
     /tmp/ccxWv0Et.s:24     .text._unhandled_exception:0000000000000000 VectorC8
     /tmp/ccxWv0Et.s:24     .text._unhandled_exception:0000000000000000 VectorC4
     /tmp/ccxWv0Et.s:24     .text._unhandled_exception:0000000000000000 VectorC0
     /tmp/ccxWv0Et.s:24     .text._unhandled_exception:0000000000000000 VectorBC
     /tmp/ccxWv0Et.s:24     .text._unhandled_exception:0000000000000000 VectorB8
     /tmp/ccxWv0Et.s:24     .text._unhandled_exception:0000000000000000 VectorB4
     /tmp/ccxWv0Et.s:24     .text._unhandled_exception:0000000000000000 VectorB0
     /tmp/ccxWv0Et.s:24     .text._unhandled_exception:0000000000000000 VectorAC
     /tmp/ccxWv0Et.s:24     .text._unhandled_exception:0000000000000000 VectorA8
     /tmp/ccxWv0Et.s:24     .text._unhandled_exception:0000000000000000 VectorA4
     /tmp/ccxWv0Et.s:24     .text._unhandled_exception:0000000000000000 VectorA0
     /tmp/ccxWv0Et.s:24     .text._unhandled_exception:0000000000000000 Vector9C
     /tmp/ccxWv0Et.s:24     .text._unhandled_exception:0000000000000000 Vector98
     /tmp/ccxWv0Et.s:24     .text._unhandled_exception:0000000000000000 Vector94
     /tmp/ccxWv0Et.s:24     .text._unhandled_exception:0000000000000000 Vector90
     /tmp/ccxWv0Et.s:24     .text._unhandled_exception:0000000000000000 Vector8C
     /tmp/ccxWv0Et.s:24     .text._unhandled_exception:0000000000000000 Vector88
     /tmp/ccxWv0Et.s:24     .text._unhandled_exception:0000000000000000 Vector84
     /tmp/ccxWv0Et.s:24     .text._unhandled_exception:0000000000000000 Vector80
     /tmp/ccxWv0Et.s:24     .text._unhandled_exception:0000000000000000 Vector7C
     /tmp/ccxWv0Et.s:24     .text._unhandled_exception:0000000000000000 Vector78
     /tmp/ccxWv0Et.s:24     .text._unhandled_exception:0000000000000000 Vector74
     /tmp/ccxWv0Et.s:24     .text._unhandled_exception:0000000000000000 Vector70
     /tmp/ccxWv0Et.s:24     .text._unhandled_exception:0000000000000000 Vector6C
     /tmp/ccxWv0Et.s:24     .text._unhandled_exception:0000000000000000 Vector68
     /tmp/ccxWv0Et.s:24     .text._unhandled_exception:0000000000000000 Vector64
     /tmp/ccxWv0Et.s:24     .text._unhandled_exception:0000000000000000 Vector60
     /tmp/ccxWv0Et.s:24     .text._unhandled_exception:0000000000000000 Vector5C
     /tmp/ccxWv0Et.s:24     .text._unhandled_exception:0000000000000000 Vector58
     /tmp/ccxWv0Et.s:24     .text._unhandled_exception:0000000000000000 Vector54
     /tmp/ccxWv0Et.s:24     .text._unhandled_exception:0000000000000000 Vector50
     /tmp/ccxWv0Et.s:24     .text._unhandled_exception:0000000000000000 Vector4C
     /tmp/ccxWv0Et.s:24     .text._unhandled_exception:0000000000000000 Vector48
     /tmp/ccxWv0Et.s:24     .text._unhandled_exception:0000000000000000 Vector44
     /tmp/ccxWv0Et.s:24     .text._unhandled_exception:0000000000000000 Vector40
     /tmp/ccxWv0Et.s:24     .text._unhandled_exception:0000000000000000 SysTick_Handler
     /tmp/ccxWv0Et.s:24     .text._unhandled_exception:0000000000000000 PendSV_Handler
     /tmp/ccxWv0Et.s:24     .text._unhandled_exception:0000000000000000 Vector34
     /tmp/ccxWv0Et.s:24     .text._unhandled_exception:0000000000000000 DebugMon_Handler
     /tmp/ccxWv0Et.s:24     .text._unhandled_exception:0000000000000000 SVC_Handler
     /tmp/ccxWv0Et.s:24     .text._unhandled_exception:0000000000000000 Vector28
     /tmp/ccxWv0Et.s:24     .text._unhandled_exception:0000000000000000 Vector24
     /tmp/ccxWv0Et.s:24     .text._unhandled_exception:0000000000000000 Vector20
     /tmp/ccxWv0Et.s:24     .text._unhandled_exception:0000000000000000 Vector1C
     /tmp/ccxWv0Et.s:24     .text._unhandled_exception:0000000000000000 UsageFault_Handler
     /tmp/ccxWv0Et.s:24     .text._unhandled_exception:0000000000000000 BusFault_Handler
     /tmp/ccxWv0Et.s:24     .text._unhandled_exception:0000000000000000 MemManage_Handler
     /tmp/ccxWv0Et.s:24     .text._unhandled_exception:0000000000000000 HardFault_Handler
     /tmp/ccxWv0Et.s:24     .text._unhandled_exception:0000000000000000 NMI_Handler
ARM GAS  /tmp/ccxWv0Et.s 			page 22


     /tmp/ccxWv0Et.s:24     .text._unhandled_exception:0000000000000000 Reset_Handler
     /tmp/ccxWv0Et.s:265    .vectors:0000000000000000 _vectors
     /tmp/ccxWv0Et.s:262    .vectors:0000000000000000 $d
                     .debug_frame:0000000000000010 $d

UNDEFINED SYMBOLS
__main_stack_end__
