ARM GAS  /tmp/cczBk72o.s 			page 1


   1              		.syntax unified
   2              		.cpu cortex-m4
   3              		.fpu softvfp
   4              		.eabi_attribute 20, 1
   5              		.eabi_attribute 21, 1
   6              		.eabi_attribute 23, 3
   7              		.eabi_attribute 24, 1
   8              		.eabi_attribute 25, 1
   9              		.eabi_attribute 26, 1
  10              		.eabi_attribute 30, 2
  11              		.eabi_attribute 34, 1
  12              		.eabi_attribute 18, 4
  13              		.thumb
  14              		.syntax unified
  15              		.file	"hal.c"
  16              		.text
  17              	.Ltext0:
  18              		.cfi_sections	.debug_frame
  19              		.section	.text.halInit,"ax",%progbits
  20              		.align	2
  21              		.p2align 4,,15
  22              		.global	halInit
  23              		.thumb
  24              		.thumb_func
  25              		.type	halInit, %function
  26              	halInit:
  27              	.LFB258:
  28              		.file 1 "/home/selim/working/ChibiOS/os/hal/src/hal.c"
  29              		.loc 1 56 0
  30              		.cfi_startproc
  31              		@ args = 0, pretend = 0, frame = 0
  32              		@ frame_needed = 0, uses_anonymous_args = 0
  33 0000 08B5     		push	{r3, lr}
  34              		.cfi_def_cfa_offset 8
  35              		.cfi_offset 3, -8
  36              		.cfi_offset 14, -4
  37              		.loc 1 62 0
  38 0002 FFF7FEFF 		bl	hal_lld_init
  39              	.LVL0:
  40              		.loc 1 65 0
  41 0006 0548     		ldr	r0, .L3
  42 0008 FFF7FEFF 		bl	_pal_lld_init
  43              	.LVL1:
  44              		.loc 1 107 0
  45 000c FFF7FEFF 		bl	uartInit
  46              	.LVL2:
  47              		.loc 1 130 0
  48 0010 FFF7FEFF 		bl	boardInit
  49              	.LVL3:
  50              		.loc 1 139 0
  51 0014 BDE80840 		pop	{r3, lr}
  52              		.cfi_restore 14
  53              		.cfi_restore 3
  54              		.cfi_def_cfa_offset 0
  55              		.loc 1 137 0
  56 0018 FFF7FEBF 		b	stInit
  57              	.LVL4:
ARM GAS  /tmp/cczBk72o.s 			page 2


  58              	.L4:
  59              		.align	2
  60              	.L3:
  61 001c 00000000 		.word	pal_default_config
  62              		.cfi_endproc
  63              	.LFE258:
  64              		.size	halInit, .-halInit
  65              		.text
  66              	.Letext0:
  67              		.file 2 "/usr/arm-none-eabi/include/machine/_default_types.h"
  68              		.file 3 "/usr/arm-none-eabi/include/sys/_stdint.h"
  69              		.file 4 "/home/selim/working/ChibiOS/os/rt/ports/ARMCMx/compilers/GCC/chtypes.h"
  70              		.file 5 "/home/selim/working/ChibiOS/os/rt/include/chsystypes.h"
  71              		.file 6 "/home/selim/working/ChibiOS/os/rt/include/chschd.h"
  72              		.file 7 "/home/selim/working/ChibiOS/os/rt/ports/ARMCMx/chcore.h"
  73              		.file 8 "/home/selim/working/ChibiOS/os/rt/ports/ARMCMx/chcore_v7m.h"
  74              		.file 9 "/home/selim/working/ChibiOS/os/rt/include/chdebug.h"
  75              		.file 10 "/home/selim/working/ChibiOS/os/rt/include/chtm.h"
  76              		.file 11 "/home/selim/working/ChibiOS/os/rt/include/chstats.h"
  77              		.file 12 "/home/selim/working/ChibiOS/os/rt/include/chsem.h"
  78              		.file 13 "/home/selim/working/ChibiOS/os/rt/include/chmtx.h"
  79              		.file 14 "/home/selim/working/ChibiOS/os/hal/ports/STM32/LLD/GPIOv2/pal_lld.h"
  80              		.file 15 "/home/selim/working/ChibiOS/os/ext/CMSIS/include/core_cm4.h"
  81              		.file 16 "/home/selim/working/ChibiOS/os/hal/ports/STM32/STM32F4xx/hal_lld.h"
  82              		.file 17 "/home/selim/working/ChibiOS/os/hal/include/uart.h"
  83              		.file 18 "/home/selim/working/ChibiOS/os/hal/boards/ST_STM32F4_DISCOVERY/board.h"
  84              		.file 19 "/home/selim/working/ChibiOS/os/hal/include/st.h"
  85              		.file 20 "/home/selim/working/ChibiOS/os/hal/osal/rt/osal.h"
  86              		.section	.debug_info,"",%progbits
  87              	.Ldebug_info0:
  88 0000 4B090000 		.4byte	0x94b
  89 0004 0400     		.2byte	0x4
  90 0006 00000000 		.4byte	.Ldebug_abbrev0
  91 000a 04       		.byte	0x4
  92 000b 01       		.uleb128 0x1
  93 000c 6C040000 		.4byte	.LASF154
  94 0010 0C       		.byte	0xc
  95 0011 87000000 		.4byte	.LASF155
  96 0015 00000000 		.4byte	.Ldebug_ranges0+0
  97 0019 00000000 		.4byte	0
  98 001d 00000000 		.4byte	.Ldebug_line0
  99 0021 02       		.uleb128 0x2
 100 0022 04       		.byte	0x4
 101 0023 05       		.byte	0x5
 102 0024 696E7400 		.ascii	"int\000"
 103 0028 03       		.uleb128 0x3
 104 0029 04       		.byte	0x4
 105 002a 07       		.byte	0x7
 106 002b 3D020000 		.4byte	.LASF0
 107 002f 03       		.uleb128 0x3
 108 0030 08       		.byte	0x8
 109 0031 05       		.byte	0x5
 110 0032 53010000 		.4byte	.LASF1
 111 0036 03       		.uleb128 0x3
 112 0037 08       		.byte	0x8
 113 0038 04       		.byte	0x4
 114 0039 5B030000 		.4byte	.LASF2
ARM GAS  /tmp/cczBk72o.s 			page 3


 115 003d 03       		.uleb128 0x3
 116 003e 01       		.byte	0x1
 117 003f 06       		.byte	0x6
 118 0040 61010000 		.4byte	.LASF3
 119 0044 04       		.uleb128 0x4
 120 0045 51000000 		.4byte	.LASF7
 121 0049 02       		.byte	0x2
 122 004a 1D       		.byte	0x1d
 123 004b 4F000000 		.4byte	0x4f
 124 004f 03       		.uleb128 0x3
 125 0050 01       		.byte	0x1
 126 0051 08       		.byte	0x8
 127 0052 26040000 		.4byte	.LASF4
 128 0056 03       		.uleb128 0x3
 129 0057 02       		.byte	0x2
 130 0058 05       		.byte	0x5
 131 0059 49040000 		.4byte	.LASF5
 132 005d 03       		.uleb128 0x3
 133 005e 02       		.byte	0x2
 134 005f 07       		.byte	0x7
 135 0060 8B020000 		.4byte	.LASF6
 136 0064 04       		.uleb128 0x4
 137 0065 02030000 		.4byte	.LASF8
 138 0069 02       		.byte	0x2
 139 006a 3F       		.byte	0x3f
 140 006b 6F000000 		.4byte	0x6f
 141 006f 03       		.uleb128 0x3
 142 0070 04       		.byte	0x4
 143 0071 05       		.byte	0x5
 144 0072 9E010000 		.4byte	.LASF9
 145 0076 04       		.uleb128 0x4
 146 0077 16060000 		.4byte	.LASF10
 147 007b 02       		.byte	0x2
 148 007c 41       		.byte	0x41
 149 007d 81000000 		.4byte	0x81
 150 0081 03       		.uleb128 0x3
 151 0082 04       		.byte	0x4
 152 0083 07       		.byte	0x7
 153 0084 CC050000 		.4byte	.LASF11
 154 0088 04       		.uleb128 0x4
 155 0089 BF030000 		.4byte	.LASF12
 156 008d 02       		.byte	0x2
 157 008e 5B       		.byte	0x5b
 158 008f 93000000 		.4byte	0x93
 159 0093 03       		.uleb128 0x3
 160 0094 08       		.byte	0x8
 161 0095 07       		.byte	0x7
 162 0096 D4000000 		.4byte	.LASF13
 163 009a 04       		.uleb128 0x4
 164 009b 9C060000 		.4byte	.LASF14
 165 009f 03       		.byte	0x3
 166 00a0 14       		.byte	0x14
 167 00a1 44000000 		.4byte	0x44
 168 00a5 04       		.uleb128 0x4
 169 00a6 1E040000 		.4byte	.LASF15
 170 00aa 03       		.byte	0x3
 171 00ab 1F       		.byte	0x1f
ARM GAS  /tmp/cczBk72o.s 			page 4


 172 00ac 64000000 		.4byte	0x64
 173 00b0 04       		.uleb128 0x4
 174 00b1 9B050000 		.4byte	.LASF16
 175 00b5 03       		.byte	0x3
 176 00b6 20       		.byte	0x20
 177 00b7 76000000 		.4byte	0x76
 178 00bb 04       		.uleb128 0x4
 179 00bc 3B000000 		.4byte	.LASF17
 180 00c0 03       		.byte	0x3
 181 00c1 26       		.byte	0x26
 182 00c2 88000000 		.4byte	0x88
 183 00c6 05       		.uleb128 0x5
 184 00c7 A5000000 		.4byte	0xa5
 185 00cb 04       		.uleb128 0x4
 186 00cc 47060000 		.4byte	.LASF18
 187 00d0 04       		.byte	0x4
 188 00d1 46       		.byte	0x46
 189 00d2 B0000000 		.4byte	0xb0
 190 00d6 04       		.uleb128 0x4
 191 00d7 43010000 		.4byte	.LASF19
 192 00db 04       		.byte	0x4
 193 00dc 47       		.byte	0x47
 194 00dd BB000000 		.4byte	0xbb
 195 00e1 04       		.uleb128 0x4
 196 00e2 D5020000 		.4byte	.LASF20
 197 00e6 04       		.byte	0x4
 198 00e7 49       		.byte	0x49
 199 00e8 9A000000 		.4byte	0x9a
 200 00ec 04       		.uleb128 0x4
 201 00ed AE010000 		.4byte	.LASF21
 202 00f1 04       		.byte	0x4
 203 00f2 4A       		.byte	0x4a
 204 00f3 9A000000 		.4byte	0x9a
 205 00f7 04       		.uleb128 0x4
 206 00f8 D5030000 		.4byte	.LASF22
 207 00fc 04       		.byte	0x4
 208 00fd 4B       		.byte	0x4b
 209 00fe 9A000000 		.4byte	0x9a
 210 0102 04       		.uleb128 0x4
 211 0103 07040000 		.4byte	.LASF23
 212 0107 04       		.byte	0x4
 213 0108 4D       		.byte	0x4d
 214 0109 B0000000 		.4byte	0xb0
 215 010d 04       		.uleb128 0x4
 216 010e B7020000 		.4byte	.LASF24
 217 0112 04       		.byte	0x4
 218 0113 4E       		.byte	0x4e
 219 0114 A5000000 		.4byte	0xa5
 220 0118 04       		.uleb128 0x4
 221 0119 F6020000 		.4byte	.LASF25
 222 011d 04       		.byte	0x4
 223 011e 50       		.byte	0x50
 224 011f B0000000 		.4byte	0xb0
 225 0123 04       		.uleb128 0x4
 226 0124 2C020000 		.4byte	.LASF26
 227 0128 04       		.byte	0x4
 228 0129 52       		.byte	0x52
ARM GAS  /tmp/cczBk72o.s 			page 5


 229 012a A5000000 		.4byte	0xa5
 230 012e 04       		.uleb128 0x4
 231 012f C2020000 		.4byte	.LASF27
 232 0133 04       		.byte	0x4
 233 0134 53       		.byte	0x53
 234 0135 B0000000 		.4byte	0xb0
 235 0139 04       		.uleb128 0x4
 236 013a F8050000 		.4byte	.LASF28
 237 013e 05       		.byte	0x5
 238 013f 33       		.byte	0x33
 239 0140 B0000000 		.4byte	0xb0
 240 0144 04       		.uleb128 0x4
 241 0145 E3050000 		.4byte	.LASF29
 242 0149 05       		.byte	0x5
 243 014a 3F       		.byte	0x3f
 244 014b 4F010000 		.4byte	0x14f
 245 014f 06       		.uleb128 0x6
 246 0150 AD020000 		.4byte	.LASF51
 247 0154 60       		.byte	0x60
 248 0155 06       		.byte	0x6
 249 0156 C2       		.byte	0xc2
 250 0157 55020000 		.4byte	0x255
 251 015b 07       		.uleb128 0x7
 252 015c 54050000 		.4byte	.LASF30
 253 0160 06       		.byte	0x6
 254 0161 C3       		.byte	0xc3
 255 0162 60020000 		.4byte	0x260
 256 0166 00       		.byte	0
 257 0167 07       		.uleb128 0x7
 258 0168 F7030000 		.4byte	.LASF31
 259 016c 06       		.byte	0x6
 260 016d C5       		.byte	0xc5
 261 016e 60020000 		.4byte	0x260
 262 0172 04       		.byte	0x4
 263 0173 07       		.uleb128 0x7
 264 0174 4C010000 		.4byte	.LASF32
 265 0178 06       		.byte	0x6
 266 0179 C7       		.byte	0xc7
 267 017a 02010000 		.4byte	0x102
 268 017e 08       		.byte	0x8
 269 017f 07       		.uleb128 0x7
 270 0180 08070000 		.4byte	.LASF33
 271 0184 06       		.byte	0x6
 272 0185 C8       		.byte	0xc8
 273 0186 C9040000 		.4byte	0x4c9
 274 018a 0C       		.byte	0xc
 275 018b 07       		.uleb128 0x7
 276 018c BD010000 		.4byte	.LASF34
 277 0190 06       		.byte	0x6
 278 0191 CA       		.byte	0xca
 279 0192 60020000 		.4byte	0x260
 280 0196 10       		.byte	0x10
 281 0197 07       		.uleb128 0x7
 282 0198 82030000 		.4byte	.LASF35
 283 019c 06       		.byte	0x6
 284 019d CB       		.byte	0xcb
 285 019e 60020000 		.4byte	0x260
ARM GAS  /tmp/cczBk72o.s 			page 6


 286 01a2 14       		.byte	0x14
 287 01a3 07       		.uleb128 0x7
 288 01a4 AB060000 		.4byte	.LASF36
 289 01a8 06       		.byte	0x6
 290 01a9 D2       		.byte	0xd2
 291 01aa 6D070000 		.4byte	0x76d
 292 01ae 18       		.byte	0x18
 293 01af 07       		.uleb128 0x7
 294 01b0 32020000 		.4byte	.LASF37
 295 01b4 06       		.byte	0x6
 296 01b5 D8       		.byte	0xd8
 297 01b6 7F070000 		.4byte	0x77f
 298 01ba 1C       		.byte	0x1c
 299 01bb 07       		.uleb128 0x7
 300 01bc 53040000 		.4byte	.LASF38
 301 01c0 06       		.byte	0x6
 302 01c1 DD       		.byte	0xdd
 303 01c2 EC000000 		.4byte	0xec
 304 01c6 20       		.byte	0x20
 305 01c7 07       		.uleb128 0x7
 306 01c8 5B050000 		.4byte	.LASF39
 307 01cc 06       		.byte	0x6
 308 01cd E1       		.byte	0xe1
 309 01ce E1000000 		.4byte	0xe1
 310 01d2 21       		.byte	0x21
 311 01d3 07       		.uleb128 0x7
 312 01d4 79060000 		.4byte	.LASF40
 313 01d8 06       		.byte	0x6
 314 01d9 E6       		.byte	0xe6
 315 01da F7000000 		.4byte	0xf7
 316 01de 22       		.byte	0x22
 317 01df 08       		.uleb128 0x8
 318 01e0 705F7500 		.ascii	"p_u\000"
 319 01e4 06       		.byte	0x6
 320 01e5 3101     		.2byte	0x131
 321 01e7 A8060000 		.4byte	0x6a8
 322 01eb 24       		.byte	0x24
 323 01ec 09       		.uleb128 0x9
 324 01ed 1E030000 		.4byte	.LASF41
 325 01f1 06       		.byte	0x6
 326 01f2 3601     		.2byte	0x136
 327 01f4 66020000 		.4byte	0x266
 328 01f8 28       		.byte	0x28
 329 01f9 09       		.uleb128 0x9
 330 01fa 59020000 		.4byte	.LASF42
 331 01fe 06       		.byte	0x6
 332 01ff 3C01     		.2byte	0x13c
 333 0201 8A020000 		.4byte	0x28a
 334 0205 2C       		.byte	0x2c
 335 0206 09       		.uleb128 0x9
 336 0207 D5060000 		.4byte	.LASF43
 337 020b 06       		.byte	0x6
 338 020c 4001     		.2byte	0x140
 339 020e 0D010000 		.4byte	0x10d
 340 0212 34       		.byte	0x34
 341 0213 09       		.uleb128 0x9
 342 0214 90050000 		.4byte	.LASF44
ARM GAS  /tmp/cczBk72o.s 			page 7


 343 0218 06       		.byte	0x6
 344 0219 4601     		.2byte	0x146
 345 021b 18010000 		.4byte	0x118
 346 021f 38       		.byte	0x38
 347 0220 09       		.uleb128 0x9
 348 0221 3F040000 		.4byte	.LASF45
 349 0225 06       		.byte	0x6
 350 0226 4D01     		.2byte	0x14d
 351 0228 67070000 		.4byte	0x767
 352 022c 3C       		.byte	0x3c
 353 022d 09       		.uleb128 0x9
 354 022e 02060000 		.4byte	.LASF46
 355 0232 06       		.byte	0x6
 356 0233 5101     		.2byte	0x151
 357 0235 02010000 		.4byte	0x102
 358 0239 40       		.byte	0x40
 359 023a 09       		.uleb128 0x9
 360 023b 7E010000 		.4byte	.LASF47
 361 023f 06       		.byte	0x6
 362 0240 5801     		.2byte	0x158
 363 0242 3D030000 		.4byte	0x33d
 364 0246 44       		.byte	0x44
 365 0247 09       		.uleb128 0x9
 366 0248 63050000 		.4byte	.LASF48
 367 024c 06       		.byte	0x6
 368 024d 5E01     		.2byte	0x15e
 369 024f 59060000 		.4byte	0x659
 370 0253 48       		.byte	0x48
 371 0254 00       		.byte	0
 372 0255 04       		.uleb128 0x4
 373 0256 31030000 		.4byte	.LASF49
 374 025a 05       		.byte	0x5
 375 025b 44       		.byte	0x44
 376 025c 60020000 		.4byte	0x260
 377 0260 0A       		.uleb128 0xa
 378 0261 04       		.byte	0x4
 379 0262 44010000 		.4byte	0x144
 380 0266 04       		.uleb128 0x4
 381 0267 B9060000 		.4byte	.LASF50
 382 026b 05       		.byte	0x5
 383 026c 49       		.byte	0x49
 384 026d 71020000 		.4byte	0x271
 385 0271 06       		.uleb128 0x6
 386 0272 BC050000 		.4byte	.LASF52
 387 0276 04       		.byte	0x4
 388 0277 06       		.byte	0x6
 389 0278 B0       		.byte	0xb0
 390 0279 8A020000 		.4byte	0x28a
 391 027d 07       		.uleb128 0x7
 392 027e 54050000 		.4byte	.LASF30
 393 0282 06       		.byte	0x6
 394 0283 B1       		.byte	0xb1
 395 0284 60020000 		.4byte	0x260
 396 0288 00       		.byte	0
 397 0289 00       		.byte	0
 398 028a 04       		.uleb128 0x4
 399 028b 60060000 		.4byte	.LASF53
ARM GAS  /tmp/cczBk72o.s 			page 8


 400 028f 05       		.byte	0x5
 401 0290 50       		.byte	0x50
 402 0291 95020000 		.4byte	0x295
 403 0295 06       		.uleb128 0x6
 404 0296 67000000 		.4byte	.LASF54
 405 029a 08       		.byte	0x8
 406 029b 06       		.byte	0x6
 407 029c B7       		.byte	0xb7
 408 029d BA020000 		.4byte	0x2ba
 409 02a1 07       		.uleb128 0x7
 410 02a2 54050000 		.4byte	.LASF30
 411 02a6 06       		.byte	0x6
 412 02a7 B8       		.byte	0xb8
 413 02a8 60020000 		.4byte	0x260
 414 02ac 00       		.byte	0
 415 02ad 07       		.uleb128 0x7
 416 02ae F7030000 		.4byte	.LASF31
 417 02b2 06       		.byte	0x6
 418 02b3 B9       		.byte	0xb9
 419 02b4 60020000 		.4byte	0x260
 420 02b8 04       		.byte	0x4
 421 02b9 00       		.byte	0
 422 02ba 04       		.uleb128 0x4
 423 02bb 1A000000 		.4byte	.LASF55
 424 02bf 05       		.byte	0x5
 425 02c0 57       		.byte	0x57
 426 02c1 C5020000 		.4byte	0x2c5
 427 02c5 0B       		.uleb128 0xb
 428 02c6 E8020000 		.4byte	.LASF56
 429 02ca 1C       		.byte	0x1c
 430 02cb 06       		.byte	0x6
 431 02cc 9001     		.2byte	0x190
 432 02ce 21030000 		.4byte	0x321
 433 02d2 09       		.uleb128 0x9
 434 02d3 AB050000 		.4byte	.LASF57
 435 02d7 06       		.byte	0x6
 436 02d8 9101     		.2byte	0x191
 437 02da 8A020000 		.4byte	0x28a
 438 02de 00       		.byte	0
 439 02df 09       		.uleb128 0x9
 440 02e0 65040000 		.4byte	.LASF58
 441 02e4 06       		.byte	0x6
 442 02e5 9201     		.2byte	0x192
 443 02e7 02010000 		.4byte	0x102
 444 02eb 08       		.byte	0x8
 445 02ec 09       		.uleb128 0x9
 446 02ed 8A030000 		.4byte	.LASF59
 447 02f1 06       		.byte	0x6
 448 02f2 9401     		.2byte	0x194
 449 02f4 C9040000 		.4byte	0x4c9
 450 02f8 0C       		.byte	0xc
 451 02f9 09       		.uleb128 0x9
 452 02fa D5010000 		.4byte	.LASF60
 453 02fe 06       		.byte	0x6
 454 02ff 9701     		.2byte	0x197
 455 0301 60020000 		.4byte	0x260
 456 0305 10       		.byte	0x10
ARM GAS  /tmp/cczBk72o.s 			page 9


 457 0306 09       		.uleb128 0x9
 458 0307 B7030000 		.4byte	.LASF61
 459 030b 06       		.byte	0x6
 460 030c 9801     		.2byte	0x198
 461 030e 60020000 		.4byte	0x260
 462 0312 14       		.byte	0x14
 463 0313 09       		.uleb128 0x9
 464 0314 AD030000 		.4byte	.LASF62
 465 0318 06       		.byte	0x6
 466 0319 9B01     		.2byte	0x19b
 467 031b 60020000 		.4byte	0x260
 468 031f 18       		.byte	0x18
 469 0320 00       		.byte	0
 470 0321 04       		.uleb128 0x4
 471 0322 0D060000 		.4byte	.LASF63
 472 0326 05       		.byte	0x5
 473 0327 5C       		.byte	0x5c
 474 0328 2C030000 		.4byte	0x32c
 475 032c 0A       		.uleb128 0xa
 476 032d 04       		.byte	0x4
 477 032e 32030000 		.4byte	0x332
 478 0332 0C       		.uleb128 0xc
 479 0333 3D030000 		.4byte	0x33d
 480 0337 0D       		.uleb128 0xd
 481 0338 3D030000 		.4byte	0x33d
 482 033c 00       		.byte	0
 483 033d 0E       		.uleb128 0xe
 484 033e 04       		.byte	0x4
 485 033f 04       		.uleb128 0x4
 486 0340 E7030000 		.4byte	.LASF64
 487 0344 05       		.byte	0x5
 488 0345 61       		.byte	0x61
 489 0346 4A030000 		.4byte	0x34a
 490 034a 0B       		.uleb128 0xb
 491 034b 72050000 		.4byte	.LASF65
 492 034f 14       		.byte	0x14
 493 0350 06       		.byte	0x6
 494 0351 6B01     		.2byte	0x16b
 495 0353 99030000 		.4byte	0x399
 496 0357 09       		.uleb128 0x9
 497 0358 4A020000 		.4byte	.LASF66
 498 035c 06       		.byte	0x6
 499 035d 6C01     		.2byte	0x16c
 500 035f 85070000 		.4byte	0x785
 501 0363 00       		.byte	0
 502 0364 09       		.uleb128 0x9
 503 0365 E6010000 		.4byte	.LASF67
 504 0369 06       		.byte	0x6
 505 036a 6D01     		.2byte	0x16d
 506 036c 85070000 		.4byte	0x785
 507 0370 04       		.byte	0x4
 508 0371 09       		.uleb128 0x9
 509 0372 B3050000 		.4byte	.LASF68
 510 0376 06       		.byte	0x6
 511 0377 6E01     		.2byte	0x16e
 512 0379 39010000 		.4byte	0x139
 513 037d 08       		.byte	0x8
ARM GAS  /tmp/cczBk72o.s 			page 10


 514 037e 09       		.uleb128 0x9
 515 037f 0E070000 		.4byte	.LASF69
 516 0383 06       		.byte	0x6
 517 0384 6F01     		.2byte	0x16f
 518 0386 21030000 		.4byte	0x321
 519 038a 0C       		.byte	0xc
 520 038b 09       		.uleb128 0x9
 521 038c 4F060000 		.4byte	.LASF70
 522 0390 06       		.byte	0x6
 523 0391 7101     		.2byte	0x171
 524 0393 3D030000 		.4byte	0x33d
 525 0397 10       		.byte	0x10
 526 0398 00       		.byte	0
 527 0399 04       		.uleb128 0x4
 528 039a 20010000 		.4byte	.LASF71
 529 039e 05       		.byte	0x5
 530 039f 66       		.byte	0x66
 531 03a0 A4030000 		.4byte	0x3a4
 532 03a4 0B       		.uleb128 0xb
 533 03a5 44030000 		.4byte	.LASF72
 534 03a9 10       		.byte	0x10
 535 03aa 06       		.byte	0x6
 536 03ab 7B01     		.2byte	0x17b
 537 03ad E6030000 		.4byte	0x3e6
 538 03b1 09       		.uleb128 0x9
 539 03b2 4A020000 		.4byte	.LASF66
 540 03b6 06       		.byte	0x6
 541 03b7 7C01     		.2byte	0x17c
 542 03b9 85070000 		.4byte	0x785
 543 03bd 00       		.byte	0
 544 03be 09       		.uleb128 0x9
 545 03bf E6010000 		.4byte	.LASF67
 546 03c3 06       		.byte	0x6
 547 03c4 7E01     		.2byte	0x17e
 548 03c6 85070000 		.4byte	0x785
 549 03ca 04       		.byte	0x4
 550 03cb 09       		.uleb128 0x9
 551 03cc B3050000 		.4byte	.LASF68
 552 03d0 06       		.byte	0x6
 553 03d1 8001     		.2byte	0x180
 554 03d3 39010000 		.4byte	0x139
 555 03d7 08       		.byte	0x8
 556 03d8 09       		.uleb128 0x9
 557 03d9 76030000 		.4byte	.LASF73
 558 03dd 06       		.byte	0x6
 559 03de 8801     		.2byte	0x188
 560 03e0 39010000 		.4byte	0x139
 561 03e4 0C       		.byte	0xc
 562 03e5 00       		.byte	0
 563 03e6 04       		.uleb128 0x4
 564 03e7 78000000 		.4byte	.LASF74
 565 03eb 05       		.byte	0x5
 566 03ec 6B       		.byte	0x6b
 567 03ed F1030000 		.4byte	0x3f1
 568 03f1 0F       		.uleb128 0xf
 569 03f2 F5010000 		.4byte	.LASF75
 570 03f6 1404     		.2byte	0x414
ARM GAS  /tmp/cczBk72o.s 			page 11


 571 03f8 06       		.byte	0x6
 572 03f9 A201     		.2byte	0x1a2
 573 03fb 34040000 		.4byte	0x434
 574 03ff 09       		.uleb128 0x9
 575 0400 21060000 		.4byte	.LASF76
 576 0404 06       		.byte	0x6
 577 0405 AA01     		.2byte	0x1aa
 578 0407 8B070000 		.4byte	0x78b
 579 040b 00       		.byte	0
 580 040c 09       		.uleb128 0x9
 581 040d 80060000 		.4byte	.LASF77
 582 0411 06       		.byte	0x6
 583 0412 AF01     		.2byte	0x1af
 584 0414 23010000 		.4byte	0x123
 585 0418 04       		.byte	0x4
 586 0419 09       		.uleb128 0x9
 587 041a 14020000 		.4byte	.LASF78
 588 041e 06       		.byte	0x6
 589 041f B301     		.2byte	0x1b3
 590 0421 23010000 		.4byte	0x123
 591 0425 08       		.byte	0x8
 592 0426 09       		.uleb128 0x9
 593 0427 C8060000 		.4byte	.LASF79
 594 042b 06       		.byte	0x6
 595 042c B901     		.2byte	0x1b9
 596 042e EB050000 		.4byte	0x5eb
 597 0432 0C       		.byte	0xc
 598 0433 00       		.byte	0
 599 0434 04       		.uleb128 0x4
 600 0435 C9020000 		.4byte	.LASF80
 601 0439 05       		.byte	0x5
 602 043a 70       		.byte	0x70
 603 043b 3F040000 		.4byte	0x43f
 604 043f 0F       		.uleb128 0xf
 605 0440 94010000 		.4byte	.LASF81
 606 0444 D805     		.2byte	0x5d8
 607 0446 06       		.byte	0x6
 608 0447 C201     		.2byte	0x1c2
 609 0449 AC040000 		.4byte	0x4ac
 610 044d 09       		.uleb128 0x9
 611 044e 96060000 		.4byte	.LASF82
 612 0452 06       		.byte	0x6
 613 0453 C601     		.2byte	0x1c6
 614 0455 BA020000 		.4byte	0x2ba
 615 0459 00       		.byte	0
 616 045a 09       		.uleb128 0x9
 617 045b EE010000 		.4byte	.LASF83
 618 045f 06       		.byte	0x6
 619 0460 CA01     		.2byte	0x1ca
 620 0462 99030000 		.4byte	0x399
 621 0466 1C       		.byte	0x1c
 622 0467 08       		.uleb128 0x8
 623 0468 64626700 		.ascii	"dbg\000"
 624 046c 06       		.byte	0x6
 625 046d CE01     		.2byte	0x1ce
 626 046f E6030000 		.4byte	0x3e6
 627 0473 2C       		.byte	0x2c
ARM GAS  /tmp/cczBk72o.s 			page 12


 628 0474 10       		.uleb128 0x10
 629 0475 15010000 		.4byte	.LASF84
 630 0479 06       		.byte	0x6
 631 047a D201     		.2byte	0x1d2
 632 047c 44010000 		.4byte	0x144
 633 0480 4004     		.2byte	0x440
 634 0482 11       		.uleb128 0x11
 635 0483 746D00   		.ascii	"tm\000"
 636 0486 06       		.byte	0x6
 637 0487 D701     		.2byte	0x1d7
 638 0489 0B060000 		.4byte	0x60b
 639 048d A004     		.2byte	0x4a0
 640 048f 10       		.uleb128 0x10
 641 0490 44000000 		.4byte	.LASF85
 642 0494 06       		.byte	0x6
 643 0495 DD01     		.2byte	0x1dd
 644 0497 9D060000 		.4byte	0x69d
 645 049b A804     		.2byte	0x4a8
 646 049d 10       		.uleb128 0x10
 647 049e 1D020000 		.4byte	.LASF86
 648 04a2 06       		.byte	0x6
 649 04a3 E301     		.2byte	0x1e3
 650 04a5 90070000 		.4byte	0x790
 651 04a9 E004     		.2byte	0x4e0
 652 04ab 00       		.byte	0
 653 04ac 03       		.uleb128 0x3
 654 04ad 04       		.byte	0x4
 655 04ae 07       		.byte	0x7
 656 04af 28030000 		.4byte	.LASF87
 657 04b3 04       		.uleb128 0x4
 658 04b4 DD010000 		.4byte	.LASF88
 659 04b8 07       		.byte	0x7
 660 04b9 65       		.byte	0x65
 661 04ba 3D030000 		.4byte	0x33d
 662 04be 04       		.uleb128 0x4
 663 04bf 13030000 		.4byte	.LASF89
 664 04c3 07       		.byte	0x7
 665 04c4 6D       		.byte	0x6d
 666 04c5 BB000000 		.4byte	0xbb
 667 04c9 06       		.uleb128 0x6
 668 04ca 32060000 		.4byte	.LASF90
 669 04ce 04       		.byte	0x4
 670 04cf 07       		.byte	0x7
 671 04d0 89       		.byte	0x89
 672 04d1 E2040000 		.4byte	0x4e2
 673 04d5 12       		.uleb128 0x12
 674 04d6 72313300 		.ascii	"r13\000"
 675 04da 07       		.byte	0x7
 676 04db 8A       		.byte	0x8a
 677 04dc 5D050000 		.4byte	0x55d
 678 04e0 00       		.byte	0
 679 04e1 00       		.byte	0
 680 04e2 06       		.uleb128 0x6
 681 04e3 5B000000 		.4byte	.LASF91
 682 04e7 24       		.byte	0x24
 683 04e8 08       		.byte	0x8
 684 04e9 F4       		.byte	0xf4
ARM GAS  /tmp/cczBk72o.s 			page 13


 685 04ea 5D050000 		.4byte	0x55d
 686 04ee 08       		.uleb128 0x8
 687 04ef 723400   		.ascii	"r4\000"
 688 04f2 08       		.byte	0x8
 689 04f3 0701     		.2byte	0x107
 690 04f5 B3040000 		.4byte	0x4b3
 691 04f9 00       		.byte	0
 692 04fa 08       		.uleb128 0x8
 693 04fb 723500   		.ascii	"r5\000"
 694 04fe 08       		.byte	0x8
 695 04ff 0801     		.2byte	0x108
 696 0501 B3040000 		.4byte	0x4b3
 697 0505 04       		.byte	0x4
 698 0506 08       		.uleb128 0x8
 699 0507 723600   		.ascii	"r6\000"
 700 050a 08       		.byte	0x8
 701 050b 0901     		.2byte	0x109
 702 050d B3040000 		.4byte	0x4b3
 703 0511 08       		.byte	0x8
 704 0512 08       		.uleb128 0x8
 705 0513 723700   		.ascii	"r7\000"
 706 0516 08       		.byte	0x8
 707 0517 0A01     		.2byte	0x10a
 708 0519 B3040000 		.4byte	0x4b3
 709 051d 0C       		.byte	0xc
 710 051e 08       		.uleb128 0x8
 711 051f 723800   		.ascii	"r8\000"
 712 0522 08       		.byte	0x8
 713 0523 0B01     		.2byte	0x10b
 714 0525 B3040000 		.4byte	0x4b3
 715 0529 10       		.byte	0x10
 716 052a 08       		.uleb128 0x8
 717 052b 723900   		.ascii	"r9\000"
 718 052e 08       		.byte	0x8
 719 052f 0C01     		.2byte	0x10c
 720 0531 B3040000 		.4byte	0x4b3
 721 0535 14       		.byte	0x14
 722 0536 08       		.uleb128 0x8
 723 0537 72313000 		.ascii	"r10\000"
 724 053b 08       		.byte	0x8
 725 053c 0D01     		.2byte	0x10d
 726 053e B3040000 		.4byte	0x4b3
 727 0542 18       		.byte	0x18
 728 0543 08       		.uleb128 0x8
 729 0544 72313100 		.ascii	"r11\000"
 730 0548 08       		.byte	0x8
 731 0549 0E01     		.2byte	0x10e
 732 054b B3040000 		.4byte	0x4b3
 733 054f 1C       		.byte	0x1c
 734 0550 08       		.uleb128 0x8
 735 0551 6C7200   		.ascii	"lr\000"
 736 0554 08       		.byte	0x8
 737 0555 0F01     		.2byte	0x10f
 738 0557 B3040000 		.4byte	0x4b3
 739 055b 20       		.byte	0x20
 740 055c 00       		.byte	0
 741 055d 0A       		.uleb128 0xa
ARM GAS  /tmp/cczBk72o.s 			page 14


 742 055e 04       		.byte	0x4
 743 055f E2040000 		.4byte	0x4e2
 744 0563 13       		.uleb128 0x13
 745 0564 10       		.byte	0x10
 746 0565 09       		.byte	0x9
 747 0566 51       		.byte	0x51
 748 0567 9C050000 		.4byte	0x59c
 749 056b 07       		.uleb128 0x7
 750 056c 6D010000 		.4byte	.LASF92
 751 0570 09       		.byte	0x9
 752 0571 55       		.byte	0x55
 753 0572 39010000 		.4byte	0x139
 754 0576 00       		.byte	0
 755 0577 07       		.uleb128 0x7
 756 0578 B7010000 		.4byte	.LASF93
 757 057c 09       		.byte	0x9
 758 057d 59       		.byte	0x59
 759 057e 60020000 		.4byte	0x260
 760 0582 04       		.byte	0x4
 761 0583 07       		.uleb128 0x7
 762 0584 7A020000 		.4byte	.LASF94
 763 0588 09       		.byte	0x9
 764 0589 5D       		.byte	0x5d
 765 058a 3D030000 		.4byte	0x33d
 766 058e 08       		.byte	0x8
 767 058f 07       		.uleb128 0x7
 768 0590 FD000000 		.4byte	.LASF95
 769 0594 09       		.byte	0x9
 770 0595 61       		.byte	0x61
 771 0596 9A000000 		.4byte	0x9a
 772 059a 0C       		.byte	0xc
 773 059b 00       		.byte	0
 774 059c 04       		.uleb128 0x4
 775 059d 67030000 		.4byte	.LASF96
 776 05a1 09       		.byte	0x9
 777 05a2 62       		.byte	0x62
 778 05a3 63050000 		.4byte	0x563
 779 05a7 14       		.uleb128 0x14
 780 05a8 0804     		.2byte	0x408
 781 05aa 09       		.byte	0x9
 782 05ab 67       		.byte	0x67
 783 05ac D5050000 		.4byte	0x5d5
 784 05b0 07       		.uleb128 0x7
 785 05b1 CD010000 		.4byte	.LASF97
 786 05b5 09       		.byte	0x9
 787 05b6 6B       		.byte	0x6b
 788 05b7 28000000 		.4byte	0x28
 789 05bb 00       		.byte	0
 790 05bc 07       		.uleb128 0x7
 791 05bd 13000000 		.4byte	.LASF98
 792 05c1 09       		.byte	0x9
 793 05c2 6F       		.byte	0x6f
 794 05c3 D5050000 		.4byte	0x5d5
 795 05c7 04       		.byte	0x4
 796 05c8 07       		.uleb128 0x7
 797 05c9 DD030000 		.4byte	.LASF99
 798 05cd 09       		.byte	0x9
ARM GAS  /tmp/cczBk72o.s 			page 15


 799 05ce 73       		.byte	0x73
 800 05cf DB050000 		.4byte	0x5db
 801 05d3 08       		.byte	0x8
 802 05d4 00       		.byte	0
 803 05d5 0A       		.uleb128 0xa
 804 05d6 04       		.byte	0x4
 805 05d7 9C050000 		.4byte	0x59c
 806 05db 15       		.uleb128 0x15
 807 05dc 9C050000 		.4byte	0x59c
 808 05e0 EB050000 		.4byte	0x5eb
 809 05e4 16       		.uleb128 0x16
 810 05e5 AC040000 		.4byte	0x4ac
 811 05e9 3F       		.byte	0x3f
 812 05ea 00       		.byte	0
 813 05eb 04       		.uleb128 0x4
 814 05ec EB000000 		.4byte	.LASF100
 815 05f0 09       		.byte	0x9
 816 05f1 74       		.byte	0x74
 817 05f2 A7050000 		.4byte	0x5a7
 818 05f6 13       		.uleb128 0x13
 819 05f7 04       		.byte	0x4
 820 05f8 0A       		.byte	0xa
 821 05f9 38       		.byte	0x38
 822 05fa 0B060000 		.4byte	0x60b
 823 05fe 07       		.uleb128 0x7
 824 05ff 2B060000 		.4byte	.LASF101
 825 0603 0A       		.byte	0xa
 826 0604 3C       		.byte	0x3c
 827 0605 CB000000 		.4byte	0xcb
 828 0609 00       		.byte	0
 829 060a 00       		.byte	0
 830 060b 04       		.uleb128 0x4
 831 060c 90030000 		.4byte	.LASF102
 832 0610 0A       		.byte	0xa
 833 0611 3D       		.byte	0x3d
 834 0612 F6050000 		.4byte	0x5f6
 835 0616 13       		.uleb128 0x13
 836 0617 18       		.byte	0x18
 837 0618 0A       		.byte	0xa
 838 0619 48       		.byte	0x48
 839 061a 59060000 		.4byte	0x659
 840 061e 07       		.uleb128 0x7
 841 061f EC050000 		.4byte	.LASF103
 842 0623 0A       		.byte	0xa
 843 0624 49       		.byte	0x49
 844 0625 CB000000 		.4byte	0xcb
 845 0629 00       		.byte	0
 846 062a 07       		.uleb128 0x7
 847 062b B4000000 		.4byte	.LASF104
 848 062f 0A       		.byte	0xa
 849 0630 4A       		.byte	0x4a
 850 0631 CB000000 		.4byte	0xcb
 851 0635 04       		.byte	0x4
 852 0636 07       		.uleb128 0x7
 853 0637 BD020000 		.4byte	.LASF105
 854 063b 0A       		.byte	0xa
 855 063c 4B       		.byte	0x4b
ARM GAS  /tmp/cczBk72o.s 			page 16


 856 063d CB000000 		.4byte	0xcb
 857 0641 08       		.byte	0x8
 858 0642 12       		.uleb128 0x12
 859 0643 6E00     		.ascii	"n\000"
 860 0645 0A       		.byte	0xa
 861 0646 4C       		.byte	0x4c
 862 0647 2E010000 		.4byte	0x12e
 863 064b 0C       		.byte	0xc
 864 064c 07       		.uleb128 0x7
 865 064d CA030000 		.4byte	.LASF106
 866 0651 0A       		.byte	0xa
 867 0652 4D       		.byte	0x4d
 868 0653 D6000000 		.4byte	0xd6
 869 0657 10       		.byte	0x10
 870 0658 00       		.byte	0
 871 0659 04       		.uleb128 0x4
 872 065a C1000000 		.4byte	.LASF107
 873 065e 0A       		.byte	0xa
 874 065f 4E       		.byte	0x4e
 875 0660 16060000 		.4byte	0x616
 876 0664 13       		.uleb128 0x13
 877 0665 38       		.byte	0x38
 878 0666 0B       		.byte	0xb
 879 0667 38       		.byte	0x38
 880 0668 9D060000 		.4byte	0x69d
 881 066c 07       		.uleb128 0x7
 882 066d 74020000 		.4byte	.LASF108
 883 0671 0B       		.byte	0xb
 884 0672 39       		.byte	0x39
 885 0673 2E010000 		.4byte	0x12e
 886 0677 00       		.byte	0
 887 0678 07       		.uleb128 0x7
 888 0679 0F040000 		.4byte	.LASF109
 889 067d 0B       		.byte	0xb
 890 067e 3A       		.byte	0x3a
 891 067f 2E010000 		.4byte	0x12e
 892 0683 04       		.byte	0x4
 893 0684 07       		.uleb128 0x7
 894 0685 E2060000 		.4byte	.LASF110
 895 0689 0B       		.byte	0xb
 896 068a 3B       		.byte	0x3b
 897 068b 59060000 		.4byte	0x659
 898 068f 08       		.byte	0x8
 899 0690 07       		.uleb128 0x7
 900 0691 DD020000 		.4byte	.LASF111
 901 0695 0B       		.byte	0xb
 902 0696 3D       		.byte	0x3d
 903 0697 59060000 		.4byte	0x659
 904 069b 20       		.byte	0x20
 905 069c 00       		.byte	0
 906 069d 04       		.uleb128 0x4
 907 069e 9E020000 		.4byte	.LASF112
 908 06a2 0B       		.byte	0xb
 909 06a3 3F       		.byte	0x3f
 910 06a4 64060000 		.4byte	0x664
 911 06a8 17       		.uleb128 0x17
 912 06a9 04       		.byte	0x4
ARM GAS  /tmp/cczBk72o.s 			page 17


 913 06aa 06       		.byte	0x6
 914 06ab FA       		.byte	0xfa
 915 06ac 05070000 		.4byte	0x705
 916 06b0 18       		.uleb128 0x18
 917 06b1 34000000 		.4byte	.LASF113
 918 06b5 06       		.byte	0x6
 919 06b6 0101     		.2byte	0x101
 920 06b8 0D010000 		.4byte	0x10d
 921 06bc 18       		.uleb128 0x18
 922 06bd 0C010000 		.4byte	.LASF114
 923 06c1 06       		.byte	0x6
 924 06c2 0801     		.2byte	0x108
 925 06c4 0D010000 		.4byte	0x10d
 926 06c8 18       		.uleb128 0x18
 927 06c9 A4060000 		.4byte	.LASF115
 928 06cd 06       		.byte	0x6
 929 06ce 0F01     		.2byte	0x10f
 930 06d0 3D030000 		.4byte	0x33d
 931 06d4 18       		.uleb128 0x18
 932 06d5 2E000000 		.4byte	.LASF116
 933 06d9 06       		.byte	0x6
 934 06da 1601     		.2byte	0x116
 935 06dc 05070000 		.4byte	0x705
 936 06e0 18       		.uleb128 0x18
 937 06e1 52020000 		.4byte	.LASF117
 938 06e5 06       		.byte	0x6
 939 06e6 1E01     		.2byte	0x11e
 940 06e8 30070000 		.4byte	0x730
 941 06ec 18       		.uleb128 0x18
 942 06ed A4050000 		.4byte	.LASF118
 943 06f1 06       		.byte	0x6
 944 06f2 2701     		.2byte	0x127
 945 06f4 67070000 		.4byte	0x767
 946 06f8 18       		.uleb128 0x18
 947 06f9 4D050000 		.4byte	.LASF119
 948 06fd 06       		.byte	0x6
 949 06fe 2F01     		.2byte	0x12f
 950 0700 18010000 		.4byte	0x118
 951 0704 00       		.byte	0
 952 0705 0A       		.uleb128 0xa
 953 0706 04       		.byte	0x4
 954 0707 55020000 		.4byte	0x255
 955 070b 06       		.uleb128 0x6
 956 070c 83050000 		.4byte	.LASF120
 957 0710 0C       		.byte	0xc
 958 0711 0C       		.byte	0xc
 959 0712 34       		.byte	0x34
 960 0713 30070000 		.4byte	0x730
 961 0717 07       		.uleb128 0x7
 962 0718 C5010000 		.4byte	.LASF121
 963 071c 0C       		.byte	0xc
 964 071d 35       		.byte	0x35
 965 071e 8A020000 		.4byte	0x28a
 966 0722 00       		.byte	0
 967 0723 07       		.uleb128 0x7
 968 0724 39040000 		.4byte	.LASF122
 969 0728 0C       		.byte	0xc
ARM GAS  /tmp/cczBk72o.s 			page 18


 970 0729 37       		.byte	0x37
 971 072a 23010000 		.4byte	0x123
 972 072e 08       		.byte	0x8
 973 072f 00       		.byte	0
 974 0730 0A       		.uleb128 0xa
 975 0731 04       		.byte	0x4
 976 0732 0B070000 		.4byte	0x70b
 977 0736 06       		.uleb128 0x6
 978 0737 70060000 		.4byte	.LASF123
 979 073b 10       		.byte	0x10
 980 073c 0D       		.byte	0xd
 981 073d 39       		.byte	0x39
 982 073e 67070000 		.4byte	0x767
 983 0742 07       		.uleb128 0x7
 984 0743 86010000 		.4byte	.LASF124
 985 0747 0D       		.byte	0xd
 986 0748 3A       		.byte	0x3a
 987 0749 8A020000 		.4byte	0x28a
 988 074d 00       		.byte	0
 989 074e 07       		.uleb128 0x7
 990 074f ED060000 		.4byte	.LASF125
 991 0753 0D       		.byte	0xd
 992 0754 3C       		.byte	0x3c
 993 0755 60020000 		.4byte	0x260
 994 0759 08       		.byte	0x8
 995 075a 07       		.uleb128 0x7
 996 075b F1050000 		.4byte	.LASF126
 997 075f 0D       		.byte	0xd
 998 0760 3E       		.byte	0x3e
 999 0761 AB070000 		.4byte	0x7ab
 1000 0765 0C       		.byte	0xc
 1001 0766 00       		.byte	0
 1002 0767 0A       		.uleb128 0xa
 1003 0768 04       		.byte	0x4
 1004 0769 36070000 		.4byte	0x736
 1005 076d 0A       		.uleb128 0xa
 1006 076e 04       		.byte	0x4
 1007 076f 7A070000 		.4byte	0x77a
 1008 0773 03       		.uleb128 0x3
 1009 0774 01       		.byte	0x1
 1010 0775 08       		.byte	0x8
 1011 0776 DE050000 		.4byte	.LASF127
 1012 077a 19       		.uleb128 0x19
 1013 077b 73070000 		.4byte	0x773
 1014 077f 0A       		.uleb128 0xa
 1015 0780 04       		.byte	0x4
 1016 0781 BE040000 		.4byte	0x4be
 1017 0785 0A       		.uleb128 0xa
 1018 0786 04       		.byte	0x4
 1019 0787 3F030000 		.4byte	0x33f
 1020 078b 05       		.uleb128 0x5
 1021 078c 6D070000 		.4byte	0x76d
 1022 0790 15       		.uleb128 0x15
 1023 0791 BE040000 		.4byte	0x4be
 1024 0795 A0070000 		.4byte	0x7a0
 1025 0799 16       		.uleb128 0x16
 1026 079a AC040000 		.4byte	0x4ac
ARM GAS  /tmp/cczBk72o.s 			page 19


 1027 079e 1E       		.byte	0x1e
 1028 079f 00       		.byte	0
 1029 07a0 04       		.uleb128 0x4
 1030 07a1 05020000 		.4byte	.LASF128
 1031 07a5 0D       		.byte	0xd
 1032 07a6 34       		.byte	0x34
 1033 07a7 36070000 		.4byte	0x736
 1034 07ab 0A       		.uleb128 0xa
 1035 07ac 04       		.byte	0x4
 1036 07ad A0070000 		.4byte	0x7a0
 1037 07b1 03       		.uleb128 0x3
 1038 07b2 01       		.byte	0x1
 1039 07b3 02       		.byte	0x2
 1040 07b4 18040000 		.4byte	.LASF129
 1041 07b8 13       		.uleb128 0x13
 1042 07b9 1C       		.byte	0x1c
 1043 07ba 0E       		.byte	0xe
 1044 07bb C1       		.byte	0xc1
 1045 07bc 15080000 		.4byte	0x815
 1046 07c0 07       		.uleb128 0x7
 1047 07c1 8E010000 		.4byte	.LASF130
 1048 07c5 0E       		.byte	0xe
 1049 07c6 C3       		.byte	0xc3
 1050 07c7 B0000000 		.4byte	0xb0
 1051 07cb 00       		.byte	0
 1052 07cc 07       		.uleb128 0x7
 1053 07cd 84020000 		.4byte	.LASF131
 1054 07d1 0E       		.byte	0xe
 1055 07d2 C5       		.byte	0xc5
 1056 07d3 B0000000 		.4byte	0xb0
 1057 07d7 04       		.byte	0x4
 1058 07d8 07       		.uleb128 0x7
 1059 07d9 6C020000 		.4byte	.LASF132
 1060 07dd 0E       		.byte	0xe
 1061 07de C7       		.byte	0xc7
 1062 07df B0000000 		.4byte	0xb0
 1063 07e3 08       		.byte	0x8
 1064 07e4 07       		.uleb128 0x7
 1065 07e5 06010000 		.4byte	.LASF133
 1066 07e9 0E       		.byte	0xe
 1067 07ea C9       		.byte	0xc9
 1068 07eb B0000000 		.4byte	0xb0
 1069 07ef 0C       		.byte	0xc
 1070 07f0 12       		.uleb128 0x12
 1071 07f1 6F647200 		.ascii	"odr\000"
 1072 07f5 0E       		.byte	0xe
 1073 07f6 CB       		.byte	0xcb
 1074 07f7 B0000000 		.4byte	0xb0
 1075 07fb 10       		.byte	0x10
 1076 07fc 07       		.uleb128 0x7
 1077 07fd 34040000 		.4byte	.LASF134
 1078 0801 0E       		.byte	0xe
 1079 0802 CD       		.byte	0xcd
 1080 0803 B0000000 		.4byte	0xb0
 1081 0807 14       		.byte	0x14
 1082 0808 07       		.uleb128 0x7
 1083 0809 A1030000 		.4byte	.LASF135
ARM GAS  /tmp/cczBk72o.s 			page 20


 1084 080d 0E       		.byte	0xe
 1085 080e CF       		.byte	0xcf
 1086 080f B0000000 		.4byte	0xb0
 1087 0813 18       		.byte	0x18
 1088 0814 00       		.byte	0
 1089 0815 04       		.uleb128 0x4
 1090 0816 00000000 		.4byte	.LASF136
 1091 081a 0E       		.byte	0xe
 1092 081b D0       		.byte	0xd0
 1093 081c B8070000 		.4byte	0x7b8
 1094 0820 13       		.uleb128 0x13
 1095 0821 FC       		.byte	0xfc
 1096 0822 0E       		.byte	0xe
 1097 0823 D9       		.byte	0xd9
 1098 0824 95080000 		.4byte	0x895
 1099 0828 07       		.uleb128 0x7
 1100 0829 46050000 		.4byte	.LASF137
 1101 082d 0E       		.byte	0xe
 1102 082e DC       		.byte	0xdc
 1103 082f 15080000 		.4byte	0x815
 1104 0833 00       		.byte	0
 1105 0834 07       		.uleb128 0x7
 1106 0835 0D020000 		.4byte	.LASF138
 1107 0839 0E       		.byte	0xe
 1108 083a E0       		.byte	0xe0
 1109 083b 15080000 		.4byte	0x815
 1110 083f 1C       		.byte	0x1c
 1111 0840 07       		.uleb128 0x7
 1112 0841 B2060000 		.4byte	.LASF139
 1113 0845 0E       		.byte	0xe
 1114 0846 E4       		.byte	0xe4
 1115 0847 15080000 		.4byte	0x815
 1116 084b 38       		.byte	0x38
 1117 084c 07       		.uleb128 0x7
 1118 084d A6030000 		.4byte	.LASF140
 1119 0851 0E       		.byte	0xe
 1120 0852 E8       		.byte	0xe8
 1121 0853 15080000 		.4byte	0x815
 1122 0857 54       		.byte	0x54
 1123 0858 07       		.uleb128 0x7
 1124 0859 A7010000 		.4byte	.LASF141
 1125 085d 0E       		.byte	0xe
 1126 085e EC       		.byte	0xec
 1127 085f 15080000 		.4byte	0x815
 1128 0863 70       		.byte	0x70
 1129 0864 07       		.uleb128 0x7
 1130 0865 DB060000 		.4byte	.LASF142
 1131 0869 0E       		.byte	0xe
 1132 086a F0       		.byte	0xf0
 1133 086b 15080000 		.4byte	0x815
 1134 086f 8C       		.byte	0x8c
 1135 0870 07       		.uleb128 0x7
 1136 0871 0C030000 		.4byte	.LASF143
 1137 0875 0E       		.byte	0xe
 1138 0876 F4       		.byte	0xf4
 1139 0877 15080000 		.4byte	0x815
 1140 087b A8       		.byte	0xa8
ARM GAS  /tmp/cczBk72o.s 			page 21


 1141 087c 07       		.uleb128 0x7
 1142 087d BA000000 		.4byte	.LASF144
 1143 0881 0E       		.byte	0xe
 1144 0882 F8       		.byte	0xf8
 1145 0883 15080000 		.4byte	0x815
 1146 0887 C4       		.byte	0xc4
 1147 0888 07       		.uleb128 0x7
 1148 0889 6B050000 		.4byte	.LASF145
 1149 088d 0E       		.byte	0xe
 1150 088e FC       		.byte	0xfc
 1151 088f 15080000 		.4byte	0x815
 1152 0893 E0       		.byte	0xe0
 1153 0894 00       		.byte	0
 1154 0895 04       		.uleb128 0x4
 1155 0896 56060000 		.4byte	.LASF146
 1156 089a 0E       		.byte	0xe
 1157 089b FE       		.byte	0xfe
 1158 089c 20080000 		.4byte	0x820
 1159 08a0 1A       		.uleb128 0x1a
 1160 08a1 FE030000 		.4byte	.LASF156
 1161 08a5 14       		.byte	0x14
 1162 08a6 9301     		.2byte	0x193
 1163 08a8 03       		.byte	0x3
 1164 08a9 1B       		.uleb128 0x1b
 1165 08aa 64020000 		.4byte	.LASF157
 1166 08ae 01       		.byte	0x1
 1167 08af 38       		.byte	0x38
 1168 08b0 00000000 		.4byte	.LFB258
 1169 08b4 20000000 		.4byte	.LFE258-.LFB258
 1170 08b8 01       		.uleb128 0x1
 1171 08b9 9C       		.byte	0x9c
 1172 08ba EC080000 		.4byte	0x8ec
 1173 08be 1C       		.uleb128 0x1c
 1174 08bf 06000000 		.4byte	.LVL0
 1175 08c3 14090000 		.4byte	0x914
 1176 08c7 1C       		.uleb128 0x1c
 1177 08c8 0C000000 		.4byte	.LVL1
 1178 08cc 20090000 		.4byte	0x920
 1179 08d0 1C       		.uleb128 0x1c
 1180 08d1 10000000 		.4byte	.LVL2
 1181 08d5 2C090000 		.4byte	0x92c
 1182 08d9 1C       		.uleb128 0x1c
 1183 08da 14000000 		.4byte	.LVL3
 1184 08de 37090000 		.4byte	0x937
 1185 08e2 1D       		.uleb128 0x1d
 1186 08e3 1C000000 		.4byte	.LVL4
 1187 08e7 43090000 		.4byte	0x943
 1188 08eb 00       		.byte	0
 1189 08ec 1E       		.uleb128 0x1e
 1190 08ed 36010000 		.4byte	.LASF147
 1191 08f1 0F       		.byte	0xf
 1192 08f2 A706     		.2byte	0x6a7
 1193 08f4 C6000000 		.4byte	0xc6
 1194 08f8 1F       		.uleb128 0x1f
 1195 08f9 636800   		.ascii	"ch\000"
 1196 08fc 06       		.byte	0x6
 1197 08fd 0902     		.2byte	0x209
ARM GAS  /tmp/cczBk72o.s 			page 22


 1198 08ff 34040000 		.4byte	0x434
 1199 0903 1E       		.uleb128 0x1e
 1200 0904 F5060000 		.4byte	.LASF148
 1201 0908 0E       		.byte	0xe
 1202 0909 DA01     		.2byte	0x1da
 1203 090b 0F090000 		.4byte	0x90f
 1204 090f 19       		.uleb128 0x19
 1205 0910 95080000 		.4byte	0x895
 1206 0914 20       		.uleb128 0x20
 1207 0915 3A060000 		.4byte	.LASF149
 1208 0919 3A060000 		.4byte	.LASF149
 1209 091d 10       		.byte	0x10
 1210 091e C905     		.2byte	0x5c9
 1211 0920 20       		.uleb128 0x20
 1212 0921 88060000 		.4byte	.LASF150
 1213 0925 88060000 		.4byte	.LASF150
 1214 0929 0E       		.byte	0xe
 1215 092a DF01     		.2byte	0x1df
 1216 092c 21       		.uleb128 0x21
 1217 092d 75010000 		.4byte	.LASF151
 1218 0931 75010000 		.4byte	.LASF151
 1219 0935 11       		.byte	0x11
 1220 0936 62       		.byte	0x62
 1221 0937 20       		.uleb128 0x20
 1222 0938 5B040000 		.4byte	.LASF152
 1223 093c 5B040000 		.4byte	.LASF152
 1224 0940 12       		.byte	0x12
 1225 0941 0A05     		.2byte	0x50a
 1226 0943 21       		.uleb128 0x21
 1227 0944 27000000 		.4byte	.LASF153
 1228 0948 27000000 		.4byte	.LASF153
 1229 094c 13       		.byte	0x13
 1230 094d 56       		.byte	0x56
 1231 094e 00       		.byte	0
 1232              		.section	.debug_abbrev,"",%progbits
 1233              	.Ldebug_abbrev0:
 1234 0000 01       		.uleb128 0x1
 1235 0001 11       		.uleb128 0x11
 1236 0002 01       		.byte	0x1
 1237 0003 25       		.uleb128 0x25
 1238 0004 0E       		.uleb128 0xe
 1239 0005 13       		.uleb128 0x13
 1240 0006 0B       		.uleb128 0xb
 1241 0007 03       		.uleb128 0x3
 1242 0008 0E       		.uleb128 0xe
 1243 0009 55       		.uleb128 0x55
 1244 000a 17       		.uleb128 0x17
 1245 000b 11       		.uleb128 0x11
 1246 000c 01       		.uleb128 0x1
 1247 000d 10       		.uleb128 0x10
 1248 000e 17       		.uleb128 0x17
 1249 000f 00       		.byte	0
 1250 0010 00       		.byte	0
 1251 0011 02       		.uleb128 0x2
 1252 0012 24       		.uleb128 0x24
 1253 0013 00       		.byte	0
 1254 0014 0B       		.uleb128 0xb
ARM GAS  /tmp/cczBk72o.s 			page 23


 1255 0015 0B       		.uleb128 0xb
 1256 0016 3E       		.uleb128 0x3e
 1257 0017 0B       		.uleb128 0xb
 1258 0018 03       		.uleb128 0x3
 1259 0019 08       		.uleb128 0x8
 1260 001a 00       		.byte	0
 1261 001b 00       		.byte	0
 1262 001c 03       		.uleb128 0x3
 1263 001d 24       		.uleb128 0x24
 1264 001e 00       		.byte	0
 1265 001f 0B       		.uleb128 0xb
 1266 0020 0B       		.uleb128 0xb
 1267 0021 3E       		.uleb128 0x3e
 1268 0022 0B       		.uleb128 0xb
 1269 0023 03       		.uleb128 0x3
 1270 0024 0E       		.uleb128 0xe
 1271 0025 00       		.byte	0
 1272 0026 00       		.byte	0
 1273 0027 04       		.uleb128 0x4
 1274 0028 16       		.uleb128 0x16
 1275 0029 00       		.byte	0
 1276 002a 03       		.uleb128 0x3
 1277 002b 0E       		.uleb128 0xe
 1278 002c 3A       		.uleb128 0x3a
 1279 002d 0B       		.uleb128 0xb
 1280 002e 3B       		.uleb128 0x3b
 1281 002f 0B       		.uleb128 0xb
 1282 0030 49       		.uleb128 0x49
 1283 0031 13       		.uleb128 0x13
 1284 0032 00       		.byte	0
 1285 0033 00       		.byte	0
 1286 0034 05       		.uleb128 0x5
 1287 0035 35       		.uleb128 0x35
 1288 0036 00       		.byte	0
 1289 0037 49       		.uleb128 0x49
 1290 0038 13       		.uleb128 0x13
 1291 0039 00       		.byte	0
 1292 003a 00       		.byte	0
 1293 003b 06       		.uleb128 0x6
 1294 003c 13       		.uleb128 0x13
 1295 003d 01       		.byte	0x1
 1296 003e 03       		.uleb128 0x3
 1297 003f 0E       		.uleb128 0xe
 1298 0040 0B       		.uleb128 0xb
 1299 0041 0B       		.uleb128 0xb
 1300 0042 3A       		.uleb128 0x3a
 1301 0043 0B       		.uleb128 0xb
 1302 0044 3B       		.uleb128 0x3b
 1303 0045 0B       		.uleb128 0xb
 1304 0046 01       		.uleb128 0x1
 1305 0047 13       		.uleb128 0x13
 1306 0048 00       		.byte	0
 1307 0049 00       		.byte	0
 1308 004a 07       		.uleb128 0x7
 1309 004b 0D       		.uleb128 0xd
 1310 004c 00       		.byte	0
 1311 004d 03       		.uleb128 0x3
ARM GAS  /tmp/cczBk72o.s 			page 24


 1312 004e 0E       		.uleb128 0xe
 1313 004f 3A       		.uleb128 0x3a
 1314 0050 0B       		.uleb128 0xb
 1315 0051 3B       		.uleb128 0x3b
 1316 0052 0B       		.uleb128 0xb
 1317 0053 49       		.uleb128 0x49
 1318 0054 13       		.uleb128 0x13
 1319 0055 38       		.uleb128 0x38
 1320 0056 0B       		.uleb128 0xb
 1321 0057 00       		.byte	0
 1322 0058 00       		.byte	0
 1323 0059 08       		.uleb128 0x8
 1324 005a 0D       		.uleb128 0xd
 1325 005b 00       		.byte	0
 1326 005c 03       		.uleb128 0x3
 1327 005d 08       		.uleb128 0x8
 1328 005e 3A       		.uleb128 0x3a
 1329 005f 0B       		.uleb128 0xb
 1330 0060 3B       		.uleb128 0x3b
 1331 0061 05       		.uleb128 0x5
 1332 0062 49       		.uleb128 0x49
 1333 0063 13       		.uleb128 0x13
 1334 0064 38       		.uleb128 0x38
 1335 0065 0B       		.uleb128 0xb
 1336 0066 00       		.byte	0
 1337 0067 00       		.byte	0
 1338 0068 09       		.uleb128 0x9
 1339 0069 0D       		.uleb128 0xd
 1340 006a 00       		.byte	0
 1341 006b 03       		.uleb128 0x3
 1342 006c 0E       		.uleb128 0xe
 1343 006d 3A       		.uleb128 0x3a
 1344 006e 0B       		.uleb128 0xb
 1345 006f 3B       		.uleb128 0x3b
 1346 0070 05       		.uleb128 0x5
 1347 0071 49       		.uleb128 0x49
 1348 0072 13       		.uleb128 0x13
 1349 0073 38       		.uleb128 0x38
 1350 0074 0B       		.uleb128 0xb
 1351 0075 00       		.byte	0
 1352 0076 00       		.byte	0
 1353 0077 0A       		.uleb128 0xa
 1354 0078 0F       		.uleb128 0xf
 1355 0079 00       		.byte	0
 1356 007a 0B       		.uleb128 0xb
 1357 007b 0B       		.uleb128 0xb
 1358 007c 49       		.uleb128 0x49
 1359 007d 13       		.uleb128 0x13
 1360 007e 00       		.byte	0
 1361 007f 00       		.byte	0
 1362 0080 0B       		.uleb128 0xb
 1363 0081 13       		.uleb128 0x13
 1364 0082 01       		.byte	0x1
 1365 0083 03       		.uleb128 0x3
 1366 0084 0E       		.uleb128 0xe
 1367 0085 0B       		.uleb128 0xb
 1368 0086 0B       		.uleb128 0xb
ARM GAS  /tmp/cczBk72o.s 			page 25


 1369 0087 3A       		.uleb128 0x3a
 1370 0088 0B       		.uleb128 0xb
 1371 0089 3B       		.uleb128 0x3b
 1372 008a 05       		.uleb128 0x5
 1373 008b 01       		.uleb128 0x1
 1374 008c 13       		.uleb128 0x13
 1375 008d 00       		.byte	0
 1376 008e 00       		.byte	0
 1377 008f 0C       		.uleb128 0xc
 1378 0090 15       		.uleb128 0x15
 1379 0091 01       		.byte	0x1
 1380 0092 27       		.uleb128 0x27
 1381 0093 19       		.uleb128 0x19
 1382 0094 01       		.uleb128 0x1
 1383 0095 13       		.uleb128 0x13
 1384 0096 00       		.byte	0
 1385 0097 00       		.byte	0
 1386 0098 0D       		.uleb128 0xd
 1387 0099 05       		.uleb128 0x5
 1388 009a 00       		.byte	0
 1389 009b 49       		.uleb128 0x49
 1390 009c 13       		.uleb128 0x13
 1391 009d 00       		.byte	0
 1392 009e 00       		.byte	0
 1393 009f 0E       		.uleb128 0xe
 1394 00a0 0F       		.uleb128 0xf
 1395 00a1 00       		.byte	0
 1396 00a2 0B       		.uleb128 0xb
 1397 00a3 0B       		.uleb128 0xb
 1398 00a4 00       		.byte	0
 1399 00a5 00       		.byte	0
 1400 00a6 0F       		.uleb128 0xf
 1401 00a7 13       		.uleb128 0x13
 1402 00a8 01       		.byte	0x1
 1403 00a9 03       		.uleb128 0x3
 1404 00aa 0E       		.uleb128 0xe
 1405 00ab 0B       		.uleb128 0xb
 1406 00ac 05       		.uleb128 0x5
 1407 00ad 3A       		.uleb128 0x3a
 1408 00ae 0B       		.uleb128 0xb
 1409 00af 3B       		.uleb128 0x3b
 1410 00b0 05       		.uleb128 0x5
 1411 00b1 01       		.uleb128 0x1
 1412 00b2 13       		.uleb128 0x13
 1413 00b3 00       		.byte	0
 1414 00b4 00       		.byte	0
 1415 00b5 10       		.uleb128 0x10
 1416 00b6 0D       		.uleb128 0xd
 1417 00b7 00       		.byte	0
 1418 00b8 03       		.uleb128 0x3
 1419 00b9 0E       		.uleb128 0xe
 1420 00ba 3A       		.uleb128 0x3a
 1421 00bb 0B       		.uleb128 0xb
 1422 00bc 3B       		.uleb128 0x3b
 1423 00bd 05       		.uleb128 0x5
 1424 00be 49       		.uleb128 0x49
 1425 00bf 13       		.uleb128 0x13
ARM GAS  /tmp/cczBk72o.s 			page 26


 1426 00c0 38       		.uleb128 0x38
 1427 00c1 05       		.uleb128 0x5
 1428 00c2 00       		.byte	0
 1429 00c3 00       		.byte	0
 1430 00c4 11       		.uleb128 0x11
 1431 00c5 0D       		.uleb128 0xd
 1432 00c6 00       		.byte	0
 1433 00c7 03       		.uleb128 0x3
 1434 00c8 08       		.uleb128 0x8
 1435 00c9 3A       		.uleb128 0x3a
 1436 00ca 0B       		.uleb128 0xb
 1437 00cb 3B       		.uleb128 0x3b
 1438 00cc 05       		.uleb128 0x5
 1439 00cd 49       		.uleb128 0x49
 1440 00ce 13       		.uleb128 0x13
 1441 00cf 38       		.uleb128 0x38
 1442 00d0 05       		.uleb128 0x5
 1443 00d1 00       		.byte	0
 1444 00d2 00       		.byte	0
 1445 00d3 12       		.uleb128 0x12
 1446 00d4 0D       		.uleb128 0xd
 1447 00d5 00       		.byte	0
 1448 00d6 03       		.uleb128 0x3
 1449 00d7 08       		.uleb128 0x8
 1450 00d8 3A       		.uleb128 0x3a
 1451 00d9 0B       		.uleb128 0xb
 1452 00da 3B       		.uleb128 0x3b
 1453 00db 0B       		.uleb128 0xb
 1454 00dc 49       		.uleb128 0x49
 1455 00dd 13       		.uleb128 0x13
 1456 00de 38       		.uleb128 0x38
 1457 00df 0B       		.uleb128 0xb
 1458 00e0 00       		.byte	0
 1459 00e1 00       		.byte	0
 1460 00e2 13       		.uleb128 0x13
 1461 00e3 13       		.uleb128 0x13
 1462 00e4 01       		.byte	0x1
 1463 00e5 0B       		.uleb128 0xb
 1464 00e6 0B       		.uleb128 0xb
 1465 00e7 3A       		.uleb128 0x3a
 1466 00e8 0B       		.uleb128 0xb
 1467 00e9 3B       		.uleb128 0x3b
 1468 00ea 0B       		.uleb128 0xb
 1469 00eb 01       		.uleb128 0x1
 1470 00ec 13       		.uleb128 0x13
 1471 00ed 00       		.byte	0
 1472 00ee 00       		.byte	0
 1473 00ef 14       		.uleb128 0x14
 1474 00f0 13       		.uleb128 0x13
 1475 00f1 01       		.byte	0x1
 1476 00f2 0B       		.uleb128 0xb
 1477 00f3 05       		.uleb128 0x5
 1478 00f4 3A       		.uleb128 0x3a
 1479 00f5 0B       		.uleb128 0xb
 1480 00f6 3B       		.uleb128 0x3b
 1481 00f7 0B       		.uleb128 0xb
 1482 00f8 01       		.uleb128 0x1
ARM GAS  /tmp/cczBk72o.s 			page 27


 1483 00f9 13       		.uleb128 0x13
 1484 00fa 00       		.byte	0
 1485 00fb 00       		.byte	0
 1486 00fc 15       		.uleb128 0x15
 1487 00fd 01       		.uleb128 0x1
 1488 00fe 01       		.byte	0x1
 1489 00ff 49       		.uleb128 0x49
 1490 0100 13       		.uleb128 0x13
 1491 0101 01       		.uleb128 0x1
 1492 0102 13       		.uleb128 0x13
 1493 0103 00       		.byte	0
 1494 0104 00       		.byte	0
 1495 0105 16       		.uleb128 0x16
 1496 0106 21       		.uleb128 0x21
 1497 0107 00       		.byte	0
 1498 0108 49       		.uleb128 0x49
 1499 0109 13       		.uleb128 0x13
 1500 010a 2F       		.uleb128 0x2f
 1501 010b 0B       		.uleb128 0xb
 1502 010c 00       		.byte	0
 1503 010d 00       		.byte	0
 1504 010e 17       		.uleb128 0x17
 1505 010f 17       		.uleb128 0x17
 1506 0110 01       		.byte	0x1
 1507 0111 0B       		.uleb128 0xb
 1508 0112 0B       		.uleb128 0xb
 1509 0113 3A       		.uleb128 0x3a
 1510 0114 0B       		.uleb128 0xb
 1511 0115 3B       		.uleb128 0x3b
 1512 0116 0B       		.uleb128 0xb
 1513 0117 01       		.uleb128 0x1
 1514 0118 13       		.uleb128 0x13
 1515 0119 00       		.byte	0
 1516 011a 00       		.byte	0
 1517 011b 18       		.uleb128 0x18
 1518 011c 0D       		.uleb128 0xd
 1519 011d 00       		.byte	0
 1520 011e 03       		.uleb128 0x3
 1521 011f 0E       		.uleb128 0xe
 1522 0120 3A       		.uleb128 0x3a
 1523 0121 0B       		.uleb128 0xb
 1524 0122 3B       		.uleb128 0x3b
 1525 0123 05       		.uleb128 0x5
 1526 0124 49       		.uleb128 0x49
 1527 0125 13       		.uleb128 0x13
 1528 0126 00       		.byte	0
 1529 0127 00       		.byte	0
 1530 0128 19       		.uleb128 0x19
 1531 0129 26       		.uleb128 0x26
 1532 012a 00       		.byte	0
 1533 012b 49       		.uleb128 0x49
 1534 012c 13       		.uleb128 0x13
 1535 012d 00       		.byte	0
 1536 012e 00       		.byte	0
 1537 012f 1A       		.uleb128 0x1a
 1538 0130 2E       		.uleb128 0x2e
 1539 0131 00       		.byte	0
ARM GAS  /tmp/cczBk72o.s 			page 28


 1540 0132 03       		.uleb128 0x3
 1541 0133 0E       		.uleb128 0xe
 1542 0134 3A       		.uleb128 0x3a
 1543 0135 0B       		.uleb128 0xb
 1544 0136 3B       		.uleb128 0x3b
 1545 0137 05       		.uleb128 0x5
 1546 0138 27       		.uleb128 0x27
 1547 0139 19       		.uleb128 0x19
 1548 013a 20       		.uleb128 0x20
 1549 013b 0B       		.uleb128 0xb
 1550 013c 00       		.byte	0
 1551 013d 00       		.byte	0
 1552 013e 1B       		.uleb128 0x1b
 1553 013f 2E       		.uleb128 0x2e
 1554 0140 01       		.byte	0x1
 1555 0141 3F       		.uleb128 0x3f
 1556 0142 19       		.uleb128 0x19
 1557 0143 03       		.uleb128 0x3
 1558 0144 0E       		.uleb128 0xe
 1559 0145 3A       		.uleb128 0x3a
 1560 0146 0B       		.uleb128 0xb
 1561 0147 3B       		.uleb128 0x3b
 1562 0148 0B       		.uleb128 0xb
 1563 0149 27       		.uleb128 0x27
 1564 014a 19       		.uleb128 0x19
 1565 014b 11       		.uleb128 0x11
 1566 014c 01       		.uleb128 0x1
 1567 014d 12       		.uleb128 0x12
 1568 014e 06       		.uleb128 0x6
 1569 014f 40       		.uleb128 0x40
 1570 0150 18       		.uleb128 0x18
 1571 0151 9742     		.uleb128 0x2117
 1572 0153 19       		.uleb128 0x19
 1573 0154 01       		.uleb128 0x1
 1574 0155 13       		.uleb128 0x13
 1575 0156 00       		.byte	0
 1576 0157 00       		.byte	0
 1577 0158 1C       		.uleb128 0x1c
 1578 0159 898201   		.uleb128 0x4109
 1579 015c 00       		.byte	0
 1580 015d 11       		.uleb128 0x11
 1581 015e 01       		.uleb128 0x1
 1582 015f 31       		.uleb128 0x31
 1583 0160 13       		.uleb128 0x13
 1584 0161 00       		.byte	0
 1585 0162 00       		.byte	0
 1586 0163 1D       		.uleb128 0x1d
 1587 0164 898201   		.uleb128 0x4109
 1588 0167 00       		.byte	0
 1589 0168 11       		.uleb128 0x11
 1590 0169 01       		.uleb128 0x1
 1591 016a 9542     		.uleb128 0x2115
 1592 016c 19       		.uleb128 0x19
 1593 016d 31       		.uleb128 0x31
 1594 016e 13       		.uleb128 0x13
 1595 016f 00       		.byte	0
 1596 0170 00       		.byte	0
ARM GAS  /tmp/cczBk72o.s 			page 29


 1597 0171 1E       		.uleb128 0x1e
 1598 0172 34       		.uleb128 0x34
 1599 0173 00       		.byte	0
 1600 0174 03       		.uleb128 0x3
 1601 0175 0E       		.uleb128 0xe
 1602 0176 3A       		.uleb128 0x3a
 1603 0177 0B       		.uleb128 0xb
 1604 0178 3B       		.uleb128 0x3b
 1605 0179 05       		.uleb128 0x5
 1606 017a 49       		.uleb128 0x49
 1607 017b 13       		.uleb128 0x13
 1608 017c 3F       		.uleb128 0x3f
 1609 017d 19       		.uleb128 0x19
 1610 017e 3C       		.uleb128 0x3c
 1611 017f 19       		.uleb128 0x19
 1612 0180 00       		.byte	0
 1613 0181 00       		.byte	0
 1614 0182 1F       		.uleb128 0x1f
 1615 0183 34       		.uleb128 0x34
 1616 0184 00       		.byte	0
 1617 0185 03       		.uleb128 0x3
 1618 0186 08       		.uleb128 0x8
 1619 0187 3A       		.uleb128 0x3a
 1620 0188 0B       		.uleb128 0xb
 1621 0189 3B       		.uleb128 0x3b
 1622 018a 05       		.uleb128 0x5
 1623 018b 49       		.uleb128 0x49
 1624 018c 13       		.uleb128 0x13
 1625 018d 3F       		.uleb128 0x3f
 1626 018e 19       		.uleb128 0x19
 1627 018f 3C       		.uleb128 0x3c
 1628 0190 19       		.uleb128 0x19
 1629 0191 00       		.byte	0
 1630 0192 00       		.byte	0
 1631 0193 20       		.uleb128 0x20
 1632 0194 2E       		.uleb128 0x2e
 1633 0195 00       		.byte	0
 1634 0196 3F       		.uleb128 0x3f
 1635 0197 19       		.uleb128 0x19
 1636 0198 3C       		.uleb128 0x3c
 1637 0199 19       		.uleb128 0x19
 1638 019a 6E       		.uleb128 0x6e
 1639 019b 0E       		.uleb128 0xe
 1640 019c 03       		.uleb128 0x3
 1641 019d 0E       		.uleb128 0xe
 1642 019e 3A       		.uleb128 0x3a
 1643 019f 0B       		.uleb128 0xb
 1644 01a0 3B       		.uleb128 0x3b
 1645 01a1 05       		.uleb128 0x5
 1646 01a2 00       		.byte	0
 1647 01a3 00       		.byte	0
 1648 01a4 21       		.uleb128 0x21
 1649 01a5 2E       		.uleb128 0x2e
 1650 01a6 00       		.byte	0
 1651 01a7 3F       		.uleb128 0x3f
 1652 01a8 19       		.uleb128 0x19
 1653 01a9 3C       		.uleb128 0x3c
ARM GAS  /tmp/cczBk72o.s 			page 30


 1654 01aa 19       		.uleb128 0x19
 1655 01ab 6E       		.uleb128 0x6e
 1656 01ac 0E       		.uleb128 0xe
 1657 01ad 03       		.uleb128 0x3
 1658 01ae 0E       		.uleb128 0xe
 1659 01af 3A       		.uleb128 0x3a
 1660 01b0 0B       		.uleb128 0xb
 1661 01b1 3B       		.uleb128 0x3b
 1662 01b2 0B       		.uleb128 0xb
 1663 01b3 00       		.byte	0
 1664 01b4 00       		.byte	0
 1665 01b5 00       		.byte	0
 1666              		.section	.debug_aranges,"",%progbits
 1667 0000 1C000000 		.4byte	0x1c
 1668 0004 0200     		.2byte	0x2
 1669 0006 00000000 		.4byte	.Ldebug_info0
 1670 000a 04       		.byte	0x4
 1671 000b 00       		.byte	0
 1672 000c 0000     		.2byte	0
 1673 000e 0000     		.2byte	0
 1674 0010 00000000 		.4byte	.LFB258
 1675 0014 20000000 		.4byte	.LFE258-.LFB258
 1676 0018 00000000 		.4byte	0
 1677 001c 00000000 		.4byte	0
 1678              		.section	.debug_ranges,"",%progbits
 1679              	.Ldebug_ranges0:
 1680 0000 00000000 		.4byte	.LFB258
 1681 0004 20000000 		.4byte	.LFE258
 1682 0008 00000000 		.4byte	0
 1683 000c 00000000 		.4byte	0
 1684              		.section	.debug_line,"",%progbits
 1685              	.Ldebug_line0:
 1686 0000 64030000 		.section	.debug_str,"MS",%progbits,1
 1686      02004303 
 1686      00000201 
 1686      FB0E0D00 
 1686      01010101 
 1687              	.LASF136:
 1688 0000 73746D33 		.ascii	"stm32_gpio_setup_t\000"
 1688      325F6770 
 1688      696F5F73 
 1688      65747570 
 1688      5F7400
 1689              	.LASF98:
 1690 0013 74625F70 		.ascii	"tb_ptr\000"
 1690      747200
 1691              	.LASF55:
 1692 001a 72656164 		.ascii	"ready_list_t\000"
 1692      795F6C69 
 1692      73745F74 
 1692      00
 1693              	.LASF153:
 1694 0027 7374496E 		.ascii	"stInit\000"
 1694      697400
 1695              	.LASF116:
 1696 002e 77747472 		.ascii	"wttrp\000"
 1696      7000
ARM GAS  /tmp/cczBk72o.s 			page 31


 1697              	.LASF113:
 1698 0034 7264796D 		.ascii	"rdymsg\000"
 1698      736700
 1699              	.LASF17:
 1700 003b 75696E74 		.ascii	"uint64_t\000"
 1700      36345F74 
 1700      00
 1701              	.LASF85:
 1702 0044 6B65726E 		.ascii	"kernel_stats\000"
 1702      656C5F73 
 1702      74617473 
 1702      00
 1703              	.LASF7:
 1704 0051 5F5F7569 		.ascii	"__uint8_t\000"
 1704      6E74385F 
 1704      7400
 1705              	.LASF91:
 1706 005b 706F7274 		.ascii	"port_intctx\000"
 1706      5F696E74 
 1706      63747800 
 1707              	.LASF54:
 1708 0067 63685F74 		.ascii	"ch_threads_queue\000"
 1708      68726561 
 1708      64735F71 
 1708      75657565 
 1708      00
 1709              	.LASF74:
 1710 0078 73797374 		.ascii	"system_debug_t\000"
 1710      656D5F64 
 1710      65627567 
 1710      5F7400
 1711              	.LASF155:
 1712 0087 2F686F6D 		.ascii	"/home/selim/working/ChibiOS/os/hal/src/hal.c\000"
 1712      652F7365 
 1712      6C696D2F 
 1712      776F726B 
 1712      696E672F 
 1713              	.LASF104:
 1714 00b4 776F7273 		.ascii	"worst\000"
 1714      7400
 1715              	.LASF144:
 1716 00ba 50484461 		.ascii	"PHData\000"
 1716      746100
 1717              	.LASF107:
 1718 00c1 74696D65 		.ascii	"time_measurement_t\000"
 1718      5F6D6561 
 1718      73757265 
 1718      6D656E74 
 1718      5F7400
 1719              	.LASF13:
 1720 00d4 6C6F6E67 		.ascii	"long long unsigned int\000"
 1720      206C6F6E 
 1720      6720756E 
 1720      7369676E 
 1720      65642069 
 1721              	.LASF100:
 1722 00eb 63685F74 		.ascii	"ch_trace_buffer_t\000"
ARM GAS  /tmp/cczBk72o.s 			page 32


 1722      72616365 
 1722      5F627566 
 1722      6665725F 
 1722      7400
 1723              	.LASF95:
 1724 00fd 73655F73 		.ascii	"se_state\000"
 1724      74617465 
 1724      00
 1725              	.LASF133:
 1726 0106 70757064 		.ascii	"pupdr\000"
 1726      7200
 1727              	.LASF114:
 1728 010c 65786974 		.ascii	"exitcode\000"
 1728      636F6465 
 1728      00
 1729              	.LASF84:
 1730 0115 6D61696E 		.ascii	"mainthread\000"
 1730      74687265 
 1730      616400
 1731              	.LASF71:
 1732 0120 76697274 		.ascii	"virtual_timers_list_t\000"
 1732      75616C5F 
 1732      74696D65 
 1732      72735F6C 
 1732      6973745F 
 1733              	.LASF147:
 1734 0136 49544D5F 		.ascii	"ITM_RxBuffer\000"
 1734      52784275 
 1734      66666572 
 1734      00
 1735              	.LASF19:
 1736 0143 72747469 		.ascii	"rttime_t\000"
 1736      6D655F74 
 1736      00
 1737              	.LASF32:
 1738 014c 705F7072 		.ascii	"p_prio\000"
 1738      696F00
 1739              	.LASF1:
 1740 0153 6C6F6E67 		.ascii	"long long int\000"
 1740      206C6F6E 
 1740      6720696E 
 1740      7400
 1741              	.LASF3:
 1742 0161 7369676E 		.ascii	"signed char\000"
 1742      65642063 
 1742      68617200 
 1743              	.LASF92:
 1744 016d 73655F74 		.ascii	"se_time\000"
 1744      696D6500 
 1745              	.LASF151:
 1746 0175 75617274 		.ascii	"uartInit\000"
 1746      496E6974 
 1746      00
 1747              	.LASF47:
 1748 017e 705F6D70 		.ascii	"p_mpool\000"
 1748      6F6F6C00 
 1749              	.LASF124:
ARM GAS  /tmp/cczBk72o.s 			page 33


 1750 0186 6D5F7175 		.ascii	"m_queue\000"
 1750      65756500 
 1751              	.LASF130:
 1752 018e 6D6F6465 		.ascii	"moder\000"
 1752      7200
 1753              	.LASF81:
 1754 0194 63685F73 		.ascii	"ch_system\000"
 1754      79737465 
 1754      6D00
 1755              	.LASF9:
 1756 019e 6C6F6E67 		.ascii	"long int\000"
 1756      20696E74 
 1756      00
 1757              	.LASF141:
 1758 01a7 50454461 		.ascii	"PEData\000"
 1758      746100
 1759              	.LASF21:
 1760 01ae 74737461 		.ascii	"tstate_t\000"
 1760      74655F74 
 1760      00
 1761              	.LASF93:
 1762 01b7 73655F74 		.ascii	"se_tp\000"
 1762      7000
 1763              	.LASF34:
 1764 01bd 705F6E65 		.ascii	"p_newer\000"
 1764      77657200 
 1765              	.LASF121:
 1766 01c5 735F7175 		.ascii	"s_queue\000"
 1766      65756500 
 1767              	.LASF97:
 1768 01cd 74625F73 		.ascii	"tb_size\000"
 1768      697A6500 
 1769              	.LASF60:
 1770 01d5 725F6E65 		.ascii	"r_newer\000"
 1770      77657200 
 1771              	.LASF88:
 1772 01dd 72656761 		.ascii	"regarm_t\000"
 1772      726D5F74 
 1772      00
 1773              	.LASF67:
 1774 01e6 76745F70 		.ascii	"vt_prev\000"
 1774      72657600 
 1775              	.LASF83:
 1776 01ee 76746C69 		.ascii	"vtlist\000"
 1776      737400
 1777              	.LASF75:
 1778 01f5 63685F73 		.ascii	"ch_system_debug\000"
 1778      79737465 
 1778      6D5F6465 
 1778      62756700 
 1779              	.LASF128:
 1780 0205 6D757465 		.ascii	"mutex_t\000"
 1780      785F7400 
 1781              	.LASF138:
 1782 020d 50424461 		.ascii	"PBData\000"
 1782      746100
 1783              	.LASF78:
ARM GAS  /tmp/cczBk72o.s 			page 34


 1784 0214 6C6F636B 		.ascii	"lock_cnt\000"
 1784      5F636E74 
 1784      00
 1785              	.LASF86:
 1786 021d 69646C65 		.ascii	"idle_thread_wa\000"
 1786      5F746872 
 1786      6561645F 
 1786      776100
 1787              	.LASF26:
 1788 022c 636E745F 		.ascii	"cnt_t\000"
 1788      7400
 1789              	.LASF37:
 1790 0232 705F7374 		.ascii	"p_stklimit\000"
 1790      6B6C696D 
 1790      697400
 1791              	.LASF0:
 1792 023d 756E7369 		.ascii	"unsigned int\000"
 1792      676E6564 
 1792      20696E74 
 1792      00
 1793              	.LASF66:
 1794 024a 76745F6E 		.ascii	"vt_next\000"
 1794      65787400 
 1795              	.LASF117:
 1796 0252 77747365 		.ascii	"wtsemp\000"
 1796      6D7000
 1797              	.LASF42:
 1798 0259 705F6D73 		.ascii	"p_msgqueue\000"
 1798      67717565 
 1798      756500
 1799              	.LASF157:
 1800 0264 68616C49 		.ascii	"halInit\000"
 1800      6E697400 
 1801              	.LASF132:
 1802 026c 6F737065 		.ascii	"ospeedr\000"
 1802      65647200 
 1803              	.LASF108:
 1804 0274 6E5F6972 		.ascii	"n_irq\000"
 1804      7100
 1805              	.LASF94:
 1806 027a 73655F77 		.ascii	"se_wtobjp\000"
 1806      746F626A 
 1806      7000
 1807              	.LASF131:
 1808 0284 6F747970 		.ascii	"otyper\000"
 1808      657200
 1809              	.LASF6:
 1810 028b 73686F72 		.ascii	"short unsigned int\000"
 1810      7420756E 
 1810      7369676E 
 1810      65642069 
 1810      6E7400
 1811              	.LASF112:
 1812 029e 6B65726E 		.ascii	"kernel_stats_t\000"
 1812      656C5F73 
 1812      74617473 
 1812      5F7400
ARM GAS  /tmp/cczBk72o.s 			page 35


 1813              	.LASF51:
 1814 02ad 63685F74 		.ascii	"ch_thread\000"
 1814      68726561 
 1814      6400
 1815              	.LASF24:
 1816 02b7 6D73675F 		.ascii	"msg_t\000"
 1816      7400
 1817              	.LASF105:
 1818 02bd 6C617374 		.ascii	"last\000"
 1818      00
 1819              	.LASF27:
 1820 02c2 75636E74 		.ascii	"ucnt_t\000"
 1820      5F7400
 1821              	.LASF80:
 1822 02c9 63685F73 		.ascii	"ch_system_t\000"
 1822      79737465 
 1822      6D5F7400 
 1823              	.LASF20:
 1824 02d5 746D6F64 		.ascii	"tmode_t\000"
 1824      655F7400 
 1825              	.LASF111:
 1826 02dd 6D5F6372 		.ascii	"m_crit_isr\000"
 1826      69745F69 
 1826      737200
 1827              	.LASF56:
 1828 02e8 63685F72 		.ascii	"ch_ready_list\000"
 1828      65616479 
 1828      5F6C6973 
 1828      7400
 1829              	.LASF25:
 1830 02f6 6576656E 		.ascii	"eventmask_t\000"
 1830      746D6173 
 1830      6B5F7400 
 1831              	.LASF8:
 1832 0302 5F5F696E 		.ascii	"__int32_t\000"
 1832      7433325F 
 1832      7400
 1833              	.LASF143:
 1834 030c 50474461 		.ascii	"PGData\000"
 1834      746100
 1835              	.LASF89:
 1836 0313 73746B61 		.ascii	"stkalign_t\000"
 1836      6C69676E 
 1836      5F7400
 1837              	.LASF41:
 1838 031e 705F7761 		.ascii	"p_waiting\000"
 1838      6974696E 
 1838      6700
 1839              	.LASF87:
 1840 0328 73697A65 		.ascii	"sizetype\000"
 1840      74797065 
 1840      00
 1841              	.LASF49:
 1842 0331 74687265 		.ascii	"thread_reference_t\000"
 1842      61645F72 
 1842      65666572 
 1842      656E6365 
ARM GAS  /tmp/cczBk72o.s 			page 36


 1842      5F7400
 1843              	.LASF72:
 1844 0344 63685F76 		.ascii	"ch_virtual_timers_list\000"
 1844      69727475 
 1844      616C5F74 
 1844      696D6572 
 1844      735F6C69 
 1845              	.LASF2:
 1846 035b 6C6F6E67 		.ascii	"long double\000"
 1846      20646F75 
 1846      626C6500 
 1847              	.LASF96:
 1848 0367 63685F73 		.ascii	"ch_swc_event_t\000"
 1848      77635F65 
 1848      76656E74 
 1848      5F7400
 1849              	.LASF73:
 1850 0376 76745F6C 		.ascii	"vt_lasttime\000"
 1850      61737474 
 1850      696D6500 
 1851              	.LASF35:
 1852 0382 705F6F6C 		.ascii	"p_older\000"
 1852      64657200 
 1853              	.LASF59:
 1854 038a 725F6374 		.ascii	"r_ctx\000"
 1854      7800
 1855              	.LASF102:
 1856 0390 746D5F63 		.ascii	"tm_calibration_t\000"
 1856      616C6962 
 1856      72617469 
 1856      6F6E5F74 
 1856      00
 1857              	.LASF135:
 1858 03a1 61667268 		.ascii	"afrh\000"
 1858      00
 1859              	.LASF140:
 1860 03a6 50444461 		.ascii	"PDData\000"
 1860      746100
 1861              	.LASF62:
 1862 03ad 725F6375 		.ascii	"r_current\000"
 1862      7272656E 
 1862      7400
 1863              	.LASF61:
 1864 03b7 725F6F6C 		.ascii	"r_older\000"
 1864      64657200 
 1865              	.LASF12:
 1866 03bf 5F5F7569 		.ascii	"__uint64_t\000"
 1866      6E743634 
 1866      5F7400
 1867              	.LASF106:
 1868 03ca 63756D75 		.ascii	"cumulative\000"
 1868      6C617469 
 1868      766500
 1869              	.LASF22:
 1870 03d5 74726566 		.ascii	"trefs_t\000"
 1870      735F7400 
 1871              	.LASF99:
ARM GAS  /tmp/cczBk72o.s 			page 37


 1872 03dd 74625F62 		.ascii	"tb_buffer\000"
 1872      75666665 
 1872      7200
 1873              	.LASF64:
 1874 03e7 76697274 		.ascii	"virtual_timer_t\000"
 1874      75616C5F 
 1874      74696D65 
 1874      725F7400 
 1875              	.LASF31:
 1876 03f7 705F7072 		.ascii	"p_prev\000"
 1876      657600
 1877              	.LASF156:
 1878 03fe 6F73616C 		.ascii	"osalInit\000"
 1878      496E6974 
 1878      00
 1879              	.LASF23:
 1880 0407 74707269 		.ascii	"tprio_t\000"
 1880      6F5F7400 
 1881              	.LASF109:
 1882 040f 6E5F6374 		.ascii	"n_ctxswc\000"
 1882      78737763 
 1882      00
 1883              	.LASF129:
 1884 0418 5F426F6F 		.ascii	"_Bool\000"
 1884      6C00
 1885              	.LASF15:
 1886 041e 696E7433 		.ascii	"int32_t\000"
 1886      325F7400 
 1887              	.LASF4:
 1888 0426 756E7369 		.ascii	"unsigned char\000"
 1888      676E6564 
 1888      20636861 
 1888      7200
 1889              	.LASF134:
 1890 0434 6166726C 		.ascii	"afrl\000"
 1890      00
 1891              	.LASF122:
 1892 0439 735F636E 		.ascii	"s_cnt\000"
 1892      7400
 1893              	.LASF45:
 1894 043f 705F6D74 		.ascii	"p_mtxlist\000"
 1894      786C6973 
 1894      7400
 1895              	.LASF5:
 1896 0449 73686F72 		.ascii	"short int\000"
 1896      7420696E 
 1896      7400
 1897              	.LASF38:
 1898 0453 705F7374 		.ascii	"p_state\000"
 1898      61746500 
 1899              	.LASF152:
 1900 045b 626F6172 		.ascii	"boardInit\000"
 1900      64496E69 
 1900      7400
 1901              	.LASF58:
 1902 0465 725F7072 		.ascii	"r_prio\000"
 1902      696F00
ARM GAS  /tmp/cczBk72o.s 			page 38


 1903              	.LASF154:
 1904 046c 474E5520 		.ascii	"GNU C11 5.3.1 20160307 (release) [ARM/embedded-5-br"
 1904      43313120 
 1904      352E332E 
 1904      31203230 
 1904      31363033 
 1905 049f 616E6368 		.ascii	"anch revision 234589] -mcpu=cortex-m4 -mno-thumb-in"
 1905      20726576 
 1905      6973696F 
 1905      6E203233 
 1905      34353839 
 1906 04d2 74657277 		.ascii	"terwork -mthumb -ggdb -O2 -fomit-frame-pointer -fal"
 1906      6F726B20 
 1906      2D6D7468 
 1906      756D6220 
 1906      2D676764 
 1907 0505 69676E2D 		.ascii	"ign-functions=16 -ffunction-sections -fdata-section"
 1907      66756E63 
 1907      74696F6E 
 1907      733D3136 
 1907      202D6666 
 1908 0538 73202D66 		.ascii	"s -fno-common\000"
 1908      6E6F2D63 
 1908      6F6D6D6F 
 1908      6E00
 1909              	.LASF137:
 1910 0546 50414461 		.ascii	"PAData\000"
 1910      746100
 1911              	.LASF119:
 1912 054d 65776D61 		.ascii	"ewmask\000"
 1912      736B00
 1913              	.LASF30:
 1914 0554 705F6E65 		.ascii	"p_next\000"
 1914      787400
 1915              	.LASF39:
 1916 055b 705F666C 		.ascii	"p_flags\000"
 1916      61677300 
 1917              	.LASF48:
 1918 0563 705F7374 		.ascii	"p_stats\000"
 1918      61747300 
 1919              	.LASF145:
 1920 056b 50494461 		.ascii	"PIData\000"
 1920      746100
 1921              	.LASF65:
 1922 0572 63685F76 		.ascii	"ch_virtual_timer\000"
 1922      69727475 
 1922      616C5F74 
 1922      696D6572 
 1922      00
 1923              	.LASF120:
 1924 0583 63685F73 		.ascii	"ch_semaphore\000"
 1924      656D6170 
 1924      686F7265 
 1924      00
 1925              	.LASF44:
 1926 0590 705F6570 		.ascii	"p_epending\000"
 1926      656E6469 
ARM GAS  /tmp/cczBk72o.s 			page 39


 1926      6E6700
 1927              	.LASF16:
 1928 059b 75696E74 		.ascii	"uint32_t\000"
 1928      33325F74 
 1928      00
 1929              	.LASF118:
 1930 05a4 77746D74 		.ascii	"wtmtxp\000"
 1930      787000
 1931              	.LASF57:
 1932 05ab 725F7175 		.ascii	"r_queue\000"
 1932      65756500 
 1933              	.LASF68:
 1934 05b3 76745F64 		.ascii	"vt_delta\000"
 1934      656C7461 
 1934      00
 1935              	.LASF52:
 1936 05bc 63685F74 		.ascii	"ch_threads_list\000"
 1936      68726561 
 1936      64735F6C 
 1936      69737400 
 1937              	.LASF11:
 1938 05cc 6C6F6E67 		.ascii	"long unsigned int\000"
 1938      20756E73 
 1938      69676E65 
 1938      6420696E 
 1938      7400
 1939              	.LASF127:
 1940 05de 63686172 		.ascii	"char\000"
 1940      00
 1941              	.LASF29:
 1942 05e3 74687265 		.ascii	"thread_t\000"
 1942      61645F74 
 1942      00
 1943              	.LASF103:
 1944 05ec 62657374 		.ascii	"best\000"
 1944      00
 1945              	.LASF126:
 1946 05f1 6D5F6E65 		.ascii	"m_next\000"
 1946      787400
 1947              	.LASF28:
 1948 05f8 73797374 		.ascii	"systime_t\000"
 1948      696D655F 
 1948      7400
 1949              	.LASF46:
 1950 0602 705F7265 		.ascii	"p_realprio\000"
 1950      616C7072 
 1950      696F00
 1951              	.LASF63:
 1952 060d 76746675 		.ascii	"vtfunc_t\000"
 1952      6E635F74 
 1952      00
 1953              	.LASF10:
 1954 0616 5F5F7569 		.ascii	"__uint32_t\000"
 1954      6E743332 
 1954      5F7400
 1955              	.LASF76:
 1956 0621 70616E69 		.ascii	"panic_msg\000"
ARM GAS  /tmp/cczBk72o.s 			page 40


 1956      635F6D73 
 1956      6700
 1957              	.LASF101:
 1958 062b 6F666673 		.ascii	"offset\000"
 1958      657400
 1959              	.LASF90:
 1960 0632 636F6E74 		.ascii	"context\000"
 1960      65787400 
 1961              	.LASF149:
 1962 063a 68616C5F 		.ascii	"hal_lld_init\000"
 1962      6C6C645F 
 1962      696E6974 
 1962      00
 1963              	.LASF18:
 1964 0647 7274636E 		.ascii	"rtcnt_t\000"
 1964      745F7400 
 1965              	.LASF70:
 1966 064f 76745F70 		.ascii	"vt_par\000"
 1966      617200
 1967              	.LASF146:
 1968 0656 50414C43 		.ascii	"PALConfig\000"
 1968      6F6E6669 
 1968      6700
 1969              	.LASF53:
 1970 0660 74687265 		.ascii	"threads_queue_t\000"
 1970      6164735F 
 1970      71756575 
 1970      655F7400 
 1971              	.LASF123:
 1972 0670 63685F6D 		.ascii	"ch_mutex\000"
 1972      75746578 
 1972      00
 1973              	.LASF40:
 1974 0679 705F7265 		.ascii	"p_refs\000"
 1974      667300
 1975              	.LASF77:
 1976 0680 6973725F 		.ascii	"isr_cnt\000"
 1976      636E7400 
 1977              	.LASF150:
 1978 0688 5F70616C 		.ascii	"_pal_lld_init\000"
 1978      5F6C6C64 
 1978      5F696E69 
 1978      7400
 1979              	.LASF82:
 1980 0696 726C6973 		.ascii	"rlist\000"
 1980      7400
 1981              	.LASF14:
 1982 069c 75696E74 		.ascii	"uint8_t\000"
 1982      385F7400 
 1983              	.LASF115:
 1984 06a4 77746F62 		.ascii	"wtobjp\000"
 1984      6A7000
 1985              	.LASF36:
 1986 06ab 705F6E61 		.ascii	"p_name\000"
 1986      6D6500
 1987              	.LASF139:
 1988 06b2 50434461 		.ascii	"PCData\000"
ARM GAS  /tmp/cczBk72o.s 			page 41


 1988      746100
 1989              	.LASF50:
 1990 06b9 74687265 		.ascii	"threads_list_t\000"
 1990      6164735F 
 1990      6C697374 
 1990      5F7400
 1991              	.LASF79:
 1992 06c8 74726163 		.ascii	"trace_buffer\000"
 1992      655F6275 
 1992      66666572 
 1992      00
 1993              	.LASF43:
 1994 06d5 705F6D73 		.ascii	"p_msg\000"
 1994      6700
 1995              	.LASF142:
 1996 06db 50464461 		.ascii	"PFData\000"
 1996      746100
 1997              	.LASF110:
 1998 06e2 6D5F6372 		.ascii	"m_crit_thd\000"
 1998      69745F74 
 1998      686400
 1999              	.LASF125:
 2000 06ed 6D5F6F77 		.ascii	"m_owner\000"
 2000      6E657200 
 2001              	.LASF148:
 2002 06f5 70616C5F 		.ascii	"pal_default_config\000"
 2002      64656661 
 2002      756C745F 
 2002      636F6E66 
 2002      696700
 2003              	.LASF33:
 2004 0708 705F6374 		.ascii	"p_ctx\000"
 2004      7800
 2005              	.LASF69:
 2006 070e 76745F66 		.ascii	"vt_func\000"
 2006      756E6300 
 2007              		.ident	"GCC: (GNU Tools for ARM Embedded Processors) 5.3.1 20160307 (release) [ARM/embedded-5-bran
ARM GAS  /tmp/cczBk72o.s 			page 42


DEFINED SYMBOLS
                            *ABS*:0000000000000000 hal.c
     /tmp/cczBk72o.s:20     .text.halInit:0000000000000000 $t
     /tmp/cczBk72o.s:26     .text.halInit:0000000000000000 halInit
     /tmp/cczBk72o.s:61     .text.halInit:000000000000001c $d
                     .debug_frame:0000000000000010 $d

UNDEFINED SYMBOLS
hal_lld_init
_pal_lld_init
uartInit
boardInit
stInit
pal_default_config
