ARM GAS  /tmp/ccTXXRJ5.s 			page 1


   1              		.syntax unified
   2              		.cpu cortex-m4
   3              		.fpu softvfp
   4              		.eabi_attribute 20, 1
   5              		.eabi_attribute 21, 1
   6              		.eabi_attribute 23, 3
   7              		.eabi_attribute 24, 1
   8              		.eabi_attribute 25, 1
   9              		.eabi_attribute 26, 1
  10              		.eabi_attribute 30, 2
  11              		.eabi_attribute 34, 1
  12              		.eabi_attribute 18, 4
  13              		.thumb
  14              		.syntax unified
  15              		.file	"hal.c"
  16              		.text
  17              	.Ltext0:
  18              		.cfi_sections	.debug_frame
  19              		.section	.text.halInit,"ax",%progbits
  20              		.align	2
  21              		.p2align 4,,15
  22              		.global	halInit
  23              		.thumb
  24              		.thumb_func
  25              		.type	halInit, %function
  26              	halInit:
  27              	.LFB258:
  28              		.file 1 "/home/selim/working/ChibiOS/os/hal/src/hal.c"
  29              		.loc 1 56 0
  30              		.cfi_startproc
  31              		@ args = 0, pretend = 0, frame = 0
  32              		@ frame_needed = 0, uses_anonymous_args = 0
  33 0000 08B5     		push	{r3, lr}
  34              		.cfi_def_cfa_offset 8
  35              		.cfi_offset 3, -8
  36              		.cfi_offset 14, -4
  37              		.loc 1 62 0
  38 0002 FFF7FEFF 		bl	hal_lld_init
  39              	.LVL0:
  40              		.loc 1 65 0
  41 0006 0A48     		ldr	r0, .L3
  42 0008 FFF7FEFF 		bl	_pal_lld_init
  43              	.LVL1:
  44              		.loc 1 68 0
  45 000c FFF7FEFF 		bl	adcInit
  46              	.LVL2:
  47              		.loc 1 95 0
  48 0010 FFF7FEFF 		bl	pwmInit
  49              	.LVL3:
  50              		.loc 1 98 0
  51 0014 FFF7FEFF 		bl	sdInit
  52              	.LVL4:
  53              		.loc 1 104 0
  54 0018 FFF7FEFF 		bl	spiInit
  55              	.LVL5:
  56              		.loc 1 110 0
  57 001c FFF7FEFF 		bl	usbInit
ARM GAS  /tmp/ccTXXRJ5.s 			page 2


  58              	.LVL6:
  59              		.loc 1 116 0
  60 0020 FFF7FEFF 		bl	sduInit
  61              	.LVL7:
  62              		.loc 1 130 0
  63 0024 FFF7FEFF 		bl	boardInit
  64              	.LVL8:
  65              		.loc 1 139 0
  66 0028 BDE80840 		pop	{r3, lr}
  67              		.cfi_restore 14
  68              		.cfi_restore 3
  69              		.cfi_def_cfa_offset 0
  70              		.loc 1 137 0
  71 002c FFF7FEBF 		b	stInit
  72              	.LVL9:
  73              	.L4:
  74              		.align	2
  75              	.L3:
  76 0030 00000000 		.word	pal_default_config
  77              		.cfi_endproc
  78              	.LFE258:
  79              		.size	halInit, .-halInit
  80              		.text
  81              	.Letext0:
  82              		.file 2 "/usr/arm-none-eabi/include/machine/_default_types.h"
  83              		.file 3 "/usr/arm-none-eabi/include/sys/_stdint.h"
  84              		.file 4 "/home/selim/working/ChibiOS/os/rt/ports/ARMCMx/compilers/GCC/chtypes.h"
  85              		.file 5 "/home/selim/working/ChibiOS/os/rt/include/chsystypes.h"
  86              		.file 6 "/home/selim/working/ChibiOS/os/rt/include/chschd.h"
  87              		.file 7 "/home/selim/working/ChibiOS/os/rt/ports/ARMCMx/chcore.h"
  88              		.file 8 "/home/selim/working/ChibiOS/os/rt/ports/ARMCMx/chcore_v7m.h"
  89              		.file 9 "/home/selim/working/ChibiOS/os/rt/include/chtm.h"
  90              		.file 10 "/home/selim/working/ChibiOS/os/rt/include/chsem.h"
  91              		.file 11 "/home/selim/working/ChibiOS/os/rt/include/chmtx.h"
  92              		.file 12 "/home/selim/working/ChibiOS/os/hal/ports/STM32/LLD/GPIOv2/pal_lld.h"
  93              		.file 13 "/home/selim/working/ChibiOS/os/ext/CMSIS/include/core_cm4.h"
  94              		.file 14 "/home/selim/working/ChibiOS/os/hal/ports/STM32/STM32F4xx/hal_lld.h"
  95              		.file 15 "/home/selim/working/ChibiOS/os/hal/include/adc.h"
  96              		.file 16 "/home/selim/working/ChibiOS/os/hal/include/pwm.h"
  97              		.file 17 "/home/selim/working/ChibiOS/os/hal/include/serial.h"
  98              		.file 18 "/home/selim/working/ChibiOS/os/hal/include/spi.h"
  99              		.file 19 "/home/selim/working/ChibiOS/os/hal/include/usb.h"
 100              		.file 20 "/home/selim/working/ChibiOS/os/hal/include/serial_usb.h"
 101              		.file 21 "/home/selim/working/ChibiOS/os/hal/boards/ST_STM32F4_DISCOVERY/board.h"
 102              		.file 22 "/home/selim/working/ChibiOS/os/hal/include/st.h"
 103              		.file 23 "/home/selim/working/ChibiOS/os/hal/osal/rt/osal.h"
 104              		.section	.debug_info,"",%progbits
 105              	.Ldebug_info0:
 106 0000 20080000 		.4byte	0x820
 107 0004 0400     		.2byte	0x4
 108 0006 00000000 		.4byte	.Ldebug_abbrev0
 109 000a 04       		.byte	0x4
 110 000b 01       		.uleb128 0x1
 111 000c AC030000 		.4byte	.LASF132
 112 0010 0C       		.byte	0xc
 113 0011 62000000 		.4byte	.LASF133
 114 0015 00000000 		.4byte	.Ldebug_ranges0+0
ARM GAS  /tmp/ccTXXRJ5.s 			page 3


 115 0019 00000000 		.4byte	0
 116 001d 00000000 		.4byte	.Ldebug_line0
 117 0021 02       		.uleb128 0x2
 118 0022 04       		.byte	0x4
 119 0023 05       		.byte	0x5
 120 0024 696E7400 		.ascii	"int\000"
 121 0028 03       		.uleb128 0x3
 122 0029 04       		.byte	0x4
 123 002a 07       		.byte	0x7
 124 002b B1010000 		.4byte	.LASF0
 125 002f 03       		.uleb128 0x3
 126 0030 08       		.byte	0x8
 127 0031 05       		.byte	0x5
 128 0032 02010000 		.4byte	.LASF1
 129 0036 03       		.uleb128 0x3
 130 0037 08       		.byte	0x8
 131 0038 04       		.byte	0x4
 132 0039 B0020000 		.4byte	.LASF2
 133 003d 03       		.uleb128 0x3
 134 003e 01       		.byte	0x1
 135 003f 06       		.byte	0x6
 136 0040 10010000 		.4byte	.LASF3
 137 0044 04       		.uleb128 0x4
 138 0045 3D000000 		.4byte	.LASF7
 139 0049 02       		.byte	0x2
 140 004a 1D       		.byte	0x1d
 141 004b 4F000000 		.4byte	0x4f
 142 004f 03       		.uleb128 0x3
 143 0050 01       		.byte	0x1
 144 0051 08       		.byte	0x8
 145 0052 5E030000 		.4byte	.LASF4
 146 0056 03       		.uleb128 0x3
 147 0057 02       		.byte	0x2
 148 0058 05       		.byte	0x5
 149 0059 89030000 		.4byte	.LASF5
 150 005d 03       		.uleb128 0x3
 151 005e 02       		.byte	0x2
 152 005f 07       		.byte	0x7
 153 0060 EF010000 		.4byte	.LASF6
 154 0064 04       		.uleb128 0x4
 155 0065 47020000 		.4byte	.LASF8
 156 0069 02       		.byte	0x2
 157 006a 3F       		.byte	0x3f
 158 006b 6F000000 		.4byte	0x6f
 159 006f 03       		.uleb128 0x3
 160 0070 04       		.byte	0x4
 161 0071 05       		.byte	0x5
 162 0072 3C010000 		.4byte	.LASF9
 163 0076 04       		.uleb128 0x4
 164 0077 51050000 		.4byte	.LASF10
 165 007b 02       		.byte	0x2
 166 007c 41       		.byte	0x41
 167 007d 81000000 		.4byte	0x81
 168 0081 03       		.uleb128 0x3
 169 0082 04       		.byte	0x4
 170 0083 07       		.byte	0x7
 171 0084 04050000 		.4byte	.LASF11
ARM GAS  /tmp/ccTXXRJ5.s 			page 4


 172 0088 04       		.uleb128 0x4
 173 0089 05030000 		.4byte	.LASF12
 174 008d 02       		.byte	0x2
 175 008e 5B       		.byte	0x5b
 176 008f 93000000 		.4byte	0x93
 177 0093 03       		.uleb128 0x3
 178 0094 08       		.byte	0x8
 179 0095 07       		.byte	0x7
 180 0096 96000000 		.4byte	.LASF13
 181 009a 04       		.uleb128 0x4
 182 009b C5050000 		.4byte	.LASF14
 183 009f 03       		.byte	0x3
 184 00a0 14       		.byte	0x14
 185 00a1 44000000 		.4byte	0x44
 186 00a5 04       		.uleb128 0x4
 187 00a6 56030000 		.4byte	.LASF15
 188 00aa 03       		.byte	0x3
 189 00ab 1F       		.byte	0x1f
 190 00ac 64000000 		.4byte	0x64
 191 00b0 04       		.uleb128 0x4
 192 00b1 D3040000 		.4byte	.LASF16
 193 00b5 03       		.byte	0x3
 194 00b6 20       		.byte	0x20
 195 00b7 76000000 		.4byte	0x76
 196 00bb 04       		.uleb128 0x4
 197 00bc 34000000 		.4byte	.LASF17
 198 00c0 03       		.byte	0x3
 199 00c1 26       		.byte	0x26
 200 00c2 88000000 		.4byte	0x88
 201 00c6 05       		.uleb128 0x5
 202 00c7 A5000000 		.4byte	0xa5
 203 00cb 04       		.uleb128 0x4
 204 00cc 82050000 		.4byte	.LASF18
 205 00d0 04       		.byte	0x4
 206 00d1 46       		.byte	0x46
 207 00d2 B0000000 		.4byte	0xb0
 208 00d6 04       		.uleb128 0x4
 209 00d7 25020000 		.4byte	.LASF19
 210 00db 04       		.byte	0x4
 211 00dc 49       		.byte	0x49
 212 00dd 9A000000 		.4byte	0x9a
 213 00e1 04       		.uleb128 0x4
 214 00e2 4C010000 		.4byte	.LASF20
 215 00e6 04       		.byte	0x4
 216 00e7 4A       		.byte	0x4a
 217 00e8 9A000000 		.4byte	0x9a
 218 00ec 04       		.uleb128 0x4
 219 00ed 10030000 		.4byte	.LASF21
 220 00f1 04       		.byte	0x4
 221 00f2 4B       		.byte	0x4b
 222 00f3 9A000000 		.4byte	0x9a
 223 00f7 04       		.uleb128 0x4
 224 00f8 38030000 		.4byte	.LASF22
 225 00fc 04       		.byte	0x4
 226 00fd 4D       		.byte	0x4d
 227 00fe B0000000 		.4byte	0xb0
 228 0102 04       		.uleb128 0x4
ARM GAS  /tmp/ccTXXRJ5.s 			page 5


 229 0103 13020000 		.4byte	.LASF23
 230 0107 04       		.byte	0x4
 231 0108 4E       		.byte	0x4e
 232 0109 A5000000 		.4byte	0xa5
 233 010d 04       		.uleb128 0x4
 234 010e 3B020000 		.4byte	.LASF24
 235 0112 04       		.byte	0x4
 236 0113 50       		.byte	0x50
 237 0114 B0000000 		.4byte	0xb0
 238 0118 04       		.uleb128 0x4
 239 0119 AB010000 		.4byte	.LASF25
 240 011d 04       		.byte	0x4
 241 011e 52       		.byte	0x52
 242 011f A5000000 		.4byte	0xa5
 243 0123 04       		.uleb128 0x4
 244 0124 33050000 		.4byte	.LASF26
 245 0128 05       		.byte	0x5
 246 0129 33       		.byte	0x33
 247 012a B0000000 		.4byte	0xb0
 248 012e 04       		.uleb128 0x4
 249 012f 23050000 		.4byte	.LASF27
 250 0133 05       		.byte	0x5
 251 0134 3F       		.byte	0x3f
 252 0135 39010000 		.4byte	0x139
 253 0139 06       		.uleb128 0x6
 254 013a 09020000 		.4byte	.LASF47
 255 013e 44       		.byte	0x44
 256 013f 06       		.byte	0x6
 257 0140 C2       		.byte	0xc2
 258 0141 26020000 		.4byte	0x226
 259 0145 07       		.uleb128 0x7
 260 0146 94040000 		.4byte	.LASF28
 261 014a 06       		.byte	0x6
 262 014b C3       		.byte	0xc3
 263 014c 31020000 		.4byte	0x231
 264 0150 00       		.byte	0
 265 0151 07       		.uleb128 0x7
 266 0152 28030000 		.4byte	.LASF29
 267 0156 06       		.byte	0x6
 268 0157 C5       		.byte	0xc5
 269 0158 31020000 		.4byte	0x231
 270 015c 04       		.byte	0x4
 271 015d 07       		.uleb128 0x7
 272 015e FB000000 		.4byte	.LASF30
 273 0162 06       		.byte	0x6
 274 0163 C7       		.byte	0xc7
 275 0164 F7000000 		.4byte	0xf7
 276 0168 08       		.byte	0x8
 277 0169 07       		.uleb128 0x7
 278 016a 23060000 		.4byte	.LASF31
 279 016e 06       		.byte	0x6
 280 016f C8       		.byte	0xc8
 281 0170 61040000 		.4byte	0x461
 282 0174 0C       		.byte	0xc
 283 0175 07       		.uleb128 0x7
 284 0176 5D010000 		.4byte	.LASF32
 285 017a 06       		.byte	0x6
ARM GAS  /tmp/ccTXXRJ5.s 			page 6


 286 017b CA       		.byte	0xca
 287 017c 31020000 		.4byte	0x231
 288 0180 10       		.byte	0x10
 289 0181 07       		.uleb128 0x7
 290 0182 C8020000 		.4byte	.LASF33
 291 0186 06       		.byte	0x6
 292 0187 CB       		.byte	0xcb
 293 0188 31020000 		.4byte	0x231
 294 018c 14       		.byte	0x14
 295 018d 07       		.uleb128 0x7
 296 018e D4050000 		.4byte	.LASF34
 297 0192 06       		.byte	0x6
 298 0193 D2       		.byte	0xd2
 299 0194 E0050000 		.4byte	0x5e0
 300 0198 18       		.byte	0x18
 301 0199 07       		.uleb128 0x7
 302 019a 93030000 		.4byte	.LASF35
 303 019e 06       		.byte	0x6
 304 019f DD       		.byte	0xdd
 305 01a0 E1000000 		.4byte	0xe1
 306 01a4 1C       		.byte	0x1c
 307 01a5 07       		.uleb128 0x7
 308 01a6 9B040000 		.4byte	.LASF36
 309 01aa 06       		.byte	0x6
 310 01ab E1       		.byte	0xe1
 311 01ac D6000000 		.4byte	0xd6
 312 01b0 1D       		.byte	0x1d
 313 01b1 07       		.uleb128 0x7
 314 01b2 AA050000 		.4byte	.LASF37
 315 01b6 06       		.byte	0x6
 316 01b7 E6       		.byte	0xe6
 317 01b8 EC000000 		.4byte	0xec
 318 01bc 1E       		.byte	0x1e
 319 01bd 08       		.uleb128 0x8
 320 01be 705F7500 		.ascii	"p_u\000"
 321 01c2 06       		.byte	0x6
 322 01c3 3101     		.2byte	0x131
 323 01c5 1B050000 		.4byte	0x51b
 324 01c9 20       		.byte	0x20
 325 01ca 09       		.uleb128 0x9
 326 01cb 73020000 		.4byte	.LASF38
 327 01cf 06       		.byte	0x6
 328 01d0 3601     		.2byte	0x136
 329 01d2 37020000 		.4byte	0x237
 330 01d6 24       		.byte	0x24
 331 01d7 09       		.uleb128 0x9
 332 01d8 CD010000 		.4byte	.LASF39
 333 01dc 06       		.byte	0x6
 334 01dd 3C01     		.2byte	0x13c
 335 01df 5B020000 		.4byte	0x25b
 336 01e3 28       		.byte	0x28
 337 01e4 09       		.uleb128 0x9
 338 01e5 F1050000 		.4byte	.LASF40
 339 01e9 06       		.byte	0x6
 340 01ea 4001     		.2byte	0x140
 341 01ec 02010000 		.4byte	0x102
 342 01f0 30       		.byte	0x30
ARM GAS  /tmp/ccTXXRJ5.s 			page 7


 343 01f1 09       		.uleb128 0x9
 344 01f2 C8040000 		.4byte	.LASF41
 345 01f6 06       		.byte	0x6
 346 01f7 4601     		.2byte	0x146
 347 01f9 0D010000 		.4byte	0x10d
 348 01fd 34       		.byte	0x34
 349 01fe 09       		.uleb128 0x9
 350 01ff 7F030000 		.4byte	.LASF42
 351 0203 06       		.byte	0x6
 352 0204 4D01     		.2byte	0x14d
 353 0206 DA050000 		.4byte	0x5da
 354 020a 38       		.byte	0x38
 355 020b 09       		.uleb128 0x9
 356 020c 3D050000 		.4byte	.LASF43
 357 0210 06       		.byte	0x6
 358 0211 5101     		.2byte	0x151
 359 0213 F7000000 		.4byte	0xf7
 360 0217 3C       		.byte	0x3c
 361 0218 09       		.uleb128 0x9
 362 0219 1C010000 		.4byte	.LASF44
 363 021d 06       		.byte	0x6
 364 021e 5801     		.2byte	0x158
 365 0220 0E030000 		.4byte	0x30e
 366 0224 40       		.byte	0x40
 367 0225 00       		.byte	0
 368 0226 04       		.uleb128 0x4
 369 0227 86020000 		.4byte	.LASF45
 370 022b 05       		.byte	0x5
 371 022c 44       		.byte	0x44
 372 022d 31020000 		.4byte	0x231
 373 0231 0A       		.uleb128 0xa
 374 0232 04       		.byte	0x4
 375 0233 2E010000 		.4byte	0x12e
 376 0237 04       		.uleb128 0x4
 377 0238 E2050000 		.4byte	.LASF46
 378 023c 05       		.byte	0x5
 379 023d 49       		.byte	0x49
 380 023e 42020000 		.4byte	0x242
 381 0242 06       		.uleb128 0x6
 382 0243 F4040000 		.4byte	.LASF48
 383 0247 04       		.byte	0x4
 384 0248 06       		.byte	0x6
 385 0249 B0       		.byte	0xb0
 386 024a 5B020000 		.4byte	0x25b
 387 024e 07       		.uleb128 0x7
 388 024f 94040000 		.4byte	.LASF28
 389 0253 06       		.byte	0x6
 390 0254 B1       		.byte	0xb1
 391 0255 31020000 		.4byte	0x231
 392 0259 00       		.byte	0
 393 025a 00       		.byte	0
 394 025b 04       		.uleb128 0x4
 395 025c 91050000 		.4byte	.LASF49
 396 0260 05       		.byte	0x5
 397 0261 50       		.byte	0x50
 398 0262 66020000 		.4byte	0x266
 399 0266 06       		.uleb128 0x6
ARM GAS  /tmp/ccTXXRJ5.s 			page 8


 400 0267 EA000000 		.4byte	.LASF50
 401 026b 08       		.byte	0x8
 402 026c 06       		.byte	0x6
 403 026d B7       		.byte	0xb7
 404 026e 8B020000 		.4byte	0x28b
 405 0272 07       		.uleb128 0x7
 406 0273 94040000 		.4byte	.LASF28
 407 0277 06       		.byte	0x6
 408 0278 B8       		.byte	0xb8
 409 0279 31020000 		.4byte	0x231
 410 027d 00       		.byte	0
 411 027e 07       		.uleb128 0x7
 412 027f 28030000 		.4byte	.LASF29
 413 0283 06       		.byte	0x6
 414 0284 B9       		.byte	0xb9
 415 0285 31020000 		.4byte	0x231
 416 0289 04       		.byte	0x4
 417 028a 00       		.byte	0
 418 028b 04       		.uleb128 0x4
 419 028c 13000000 		.4byte	.LASF51
 420 0290 05       		.byte	0x5
 421 0291 57       		.byte	0x57
 422 0292 96020000 		.4byte	0x296
 423 0296 0B       		.uleb128 0xb
 424 0297 2D020000 		.4byte	.LASF52
 425 029b 1C       		.byte	0x1c
 426 029c 06       		.byte	0x6
 427 029d 9001     		.2byte	0x190
 428 029f F2020000 		.4byte	0x2f2
 429 02a3 09       		.uleb128 0x9
 430 02a4 E3040000 		.4byte	.LASF53
 431 02a8 06       		.byte	0x6
 432 02a9 9101     		.2byte	0x191
 433 02ab 5B020000 		.4byte	0x25b
 434 02af 00       		.byte	0
 435 02b0 09       		.uleb128 0x9
 436 02b1 A5030000 		.4byte	.LASF54
 437 02b5 06       		.byte	0x6
 438 02b6 9201     		.2byte	0x192
 439 02b8 F7000000 		.4byte	0xf7
 440 02bc 08       		.byte	0x8
 441 02bd 09       		.uleb128 0x9
 442 02be D0020000 		.4byte	.LASF55
 443 02c2 06       		.byte	0x6
 444 02c3 9401     		.2byte	0x194
 445 02c5 61040000 		.4byte	0x461
 446 02c9 0C       		.byte	0xc
 447 02ca 09       		.uleb128 0x9
 448 02cb 6D010000 		.4byte	.LASF56
 449 02cf 06       		.byte	0x6
 450 02d0 9701     		.2byte	0x197
 451 02d2 31020000 		.4byte	0x231
 452 02d6 10       		.byte	0x10
 453 02d7 09       		.uleb128 0x9
 454 02d8 FD020000 		.4byte	.LASF57
 455 02dc 06       		.byte	0x6
 456 02dd 9801     		.2byte	0x198
ARM GAS  /tmp/ccTXXRJ5.s 			page 9


 457 02df 31020000 		.4byte	0x231
 458 02e3 14       		.byte	0x14
 459 02e4 09       		.uleb128 0x9
 460 02e5 F3020000 		.4byte	.LASF58
 461 02e9 06       		.byte	0x6
 462 02ea 9B01     		.2byte	0x19b
 463 02ec 31020000 		.4byte	0x231
 464 02f0 18       		.byte	0x18
 465 02f1 00       		.byte	0
 466 02f2 04       		.uleb128 0x4
 467 02f3 48050000 		.4byte	.LASF59
 468 02f7 05       		.byte	0x5
 469 02f8 5C       		.byte	0x5c
 470 02f9 FD020000 		.4byte	0x2fd
 471 02fd 0A       		.uleb128 0xa
 472 02fe 04       		.byte	0x4
 473 02ff 03030000 		.4byte	0x303
 474 0303 0C       		.uleb128 0xc
 475 0304 0E030000 		.4byte	0x30e
 476 0308 0D       		.uleb128 0xd
 477 0309 0E030000 		.4byte	0x30e
 478 030d 00       		.byte	0
 479 030e 0E       		.uleb128 0xe
 480 030f 04       		.byte	0x4
 481 0310 04       		.uleb128 0x4
 482 0311 18030000 		.4byte	.LASF60
 483 0315 05       		.byte	0x5
 484 0316 61       		.byte	0x61
 485 0317 1B030000 		.4byte	0x31b
 486 031b 0B       		.uleb128 0xb
 487 031c AA040000 		.4byte	.LASF61
 488 0320 14       		.byte	0x14
 489 0321 06       		.byte	0x6
 490 0322 6B01     		.2byte	0x16b
 491 0324 6A030000 		.4byte	0x36a
 492 0328 09       		.uleb128 0x9
 493 0329 BE010000 		.4byte	.LASF62
 494 032d 06       		.byte	0x6
 495 032e 6C01     		.2byte	0x16c
 496 0330 F2050000 		.4byte	0x5f2
 497 0334 00       		.byte	0
 498 0335 09       		.uleb128 0x9
 499 0336 7E010000 		.4byte	.LASF63
 500 033a 06       		.byte	0x6
 501 033b 6D01     		.2byte	0x16d
 502 033d F2050000 		.4byte	0x5f2
 503 0341 04       		.byte	0x4
 504 0342 09       		.uleb128 0x9
 505 0343 EB040000 		.4byte	.LASF64
 506 0347 06       		.byte	0x6
 507 0348 6E01     		.2byte	0x16e
 508 034a 23010000 		.4byte	0x123
 509 034e 08       		.byte	0x8
 510 034f 09       		.uleb128 0x9
 511 0350 29060000 		.4byte	.LASF65
 512 0354 06       		.byte	0x6
 513 0355 6F01     		.2byte	0x16f
ARM GAS  /tmp/ccTXXRJ5.s 			page 10


 514 0357 F2020000 		.4byte	0x2f2
 515 035b 0C       		.byte	0xc
 516 035c 09       		.uleb128 0x9
 517 035d 8A050000 		.4byte	.LASF66
 518 0361 06       		.byte	0x6
 519 0362 7101     		.2byte	0x171
 520 0364 0E030000 		.4byte	0x30e
 521 0368 10       		.byte	0x10
 522 0369 00       		.byte	0
 523 036a 04       		.uleb128 0x4
 524 036b C7000000 		.4byte	.LASF67
 525 036f 05       		.byte	0x5
 526 0370 66       		.byte	0x66
 527 0371 75030000 		.4byte	0x375
 528 0375 0B       		.uleb128 0xb
 529 0376 99020000 		.4byte	.LASF68
 530 037a 10       		.byte	0x10
 531 037b 06       		.byte	0x6
 532 037c 7B01     		.2byte	0x17b
 533 037e B7030000 		.4byte	0x3b7
 534 0382 09       		.uleb128 0x9
 535 0383 BE010000 		.4byte	.LASF62
 536 0387 06       		.byte	0x6
 537 0388 7C01     		.2byte	0x17c
 538 038a F2050000 		.4byte	0x5f2
 539 038e 00       		.byte	0
 540 038f 09       		.uleb128 0x9
 541 0390 7E010000 		.4byte	.LASF63
 542 0394 06       		.byte	0x6
 543 0395 7E01     		.2byte	0x17e
 544 0397 F2050000 		.4byte	0x5f2
 545 039b 04       		.byte	0x4
 546 039c 09       		.uleb128 0x9
 547 039d EB040000 		.4byte	.LASF64
 548 03a1 06       		.byte	0x6
 549 03a2 8001     		.2byte	0x180
 550 03a4 23010000 		.4byte	0x123
 551 03a8 08       		.byte	0x8
 552 03a9 09       		.uleb128 0x9
 553 03aa BC020000 		.4byte	.LASF69
 554 03ae 06       		.byte	0x6
 555 03af 8801     		.2byte	0x188
 556 03b1 23010000 		.4byte	0x123
 557 03b5 0C       		.byte	0xc
 558 03b6 00       		.byte	0
 559 03b7 04       		.uleb128 0x4
 560 03b8 53000000 		.4byte	.LASF70
 561 03bc 05       		.byte	0x5
 562 03bd 6B       		.byte	0x6b
 563 03be C2030000 		.4byte	0x3c2
 564 03c2 0B       		.uleb128 0xb
 565 03c3 40030000 		.4byte	.LASF71
 566 03c7 04       		.byte	0x4
 567 03c8 06       		.byte	0x6
 568 03c9 A201     		.2byte	0x1a2
 569 03cb DD030000 		.4byte	0x3dd
 570 03cf 09       		.uleb128 0x9
ARM GAS  /tmp/ccTXXRJ5.s 			page 11


 571 03d0 5C050000 		.4byte	.LASF72
 572 03d4 06       		.byte	0x6
 573 03d5 AA01     		.2byte	0x1aa
 574 03d7 F8050000 		.4byte	0x5f8
 575 03db 00       		.byte	0
 576 03dc 00       		.byte	0
 577 03dd 04       		.uleb128 0x4
 578 03de 19020000 		.4byte	.LASF73
 579 03e2 05       		.byte	0x5
 580 03e3 70       		.byte	0x70
 581 03e4 E8030000 		.4byte	0x3e8
 582 03e8 0F       		.uleb128 0xf
 583 03e9 32010000 		.4byte	.LASF74
 584 03ed 5001     		.2byte	0x150
 585 03ef 06       		.byte	0x6
 586 03f0 C201     		.2byte	0x1c2
 587 03f2 44040000 		.4byte	0x444
 588 03f6 09       		.uleb128 0x9
 589 03f7 BF050000 		.4byte	.LASF75
 590 03fb 06       		.byte	0x6
 591 03fc C601     		.2byte	0x1c6
 592 03fe 8B020000 		.4byte	0x28b
 593 0402 00       		.byte	0
 594 0403 09       		.uleb128 0x9
 595 0404 86010000 		.4byte	.LASF76
 596 0408 06       		.byte	0x6
 597 0409 CA01     		.2byte	0x1ca
 598 040b 6A030000 		.4byte	0x36a
 599 040f 1C       		.byte	0x1c
 600 0410 08       		.uleb128 0x8
 601 0411 64626700 		.ascii	"dbg\000"
 602 0415 06       		.byte	0x6
 603 0416 CE01     		.2byte	0x1ce
 604 0418 B7030000 		.4byte	0x3b7
 605 041c 2C       		.byte	0x2c
 606 041d 09       		.uleb128 0x9
 607 041e BC000000 		.4byte	.LASF77
 608 0422 06       		.byte	0x6
 609 0423 D201     		.2byte	0x1d2
 610 0425 2E010000 		.4byte	0x12e
 611 0429 30       		.byte	0x30
 612 042a 08       		.uleb128 0x8
 613 042b 746D00   		.ascii	"tm\000"
 614 042e 06       		.byte	0x6
 615 042f D701     		.2byte	0x1d7
 616 0431 10050000 		.4byte	0x510
 617 0435 74       		.byte	0x74
 618 0436 09       		.uleb128 0x9
 619 0437 9C010000 		.4byte	.LASF78
 620 043b 06       		.byte	0x6
 621 043c E301     		.2byte	0x1e3
 622 043e FD050000 		.4byte	0x5fd
 623 0442 78       		.byte	0x78
 624 0443 00       		.byte	0
 625 0444 03       		.uleb128 0x3
 626 0445 04       		.byte	0x4
 627 0446 07       		.byte	0x7
ARM GAS  /tmp/ccTXXRJ5.s 			page 12


 628 0447 7D020000 		.4byte	.LASF79
 629 044b 04       		.uleb128 0x4
 630 044c 75010000 		.4byte	.LASF80
 631 0450 07       		.byte	0x7
 632 0451 65       		.byte	0x65
 633 0452 0E030000 		.4byte	0x30e
 634 0456 04       		.uleb128 0x4
 635 0457 60020000 		.4byte	.LASF81
 636 045b 07       		.byte	0x7
 637 045c 6D       		.byte	0x6d
 638 045d BB000000 		.4byte	0xbb
 639 0461 06       		.uleb128 0x6
 640 0462 6D050000 		.4byte	.LASF82
 641 0466 04       		.byte	0x4
 642 0467 07       		.byte	0x7
 643 0468 89       		.byte	0x89
 644 0469 7A040000 		.4byte	0x47a
 645 046d 10       		.uleb128 0x10
 646 046e 72313300 		.ascii	"r13\000"
 647 0472 07       		.byte	0x7
 648 0473 8A       		.byte	0x8a
 649 0474 F5040000 		.4byte	0x4f5
 650 0478 00       		.byte	0
 651 0479 00       		.byte	0
 652 047a 06       		.uleb128 0x6
 653 047b 47000000 		.4byte	.LASF83
 654 047f 24       		.byte	0x24
 655 0480 08       		.byte	0x8
 656 0481 F4       		.byte	0xf4
 657 0482 F5040000 		.4byte	0x4f5
 658 0486 08       		.uleb128 0x8
 659 0487 723400   		.ascii	"r4\000"
 660 048a 08       		.byte	0x8
 661 048b 0701     		.2byte	0x107
 662 048d 4B040000 		.4byte	0x44b
 663 0491 00       		.byte	0
 664 0492 08       		.uleb128 0x8
 665 0493 723500   		.ascii	"r5\000"
 666 0496 08       		.byte	0x8
 667 0497 0801     		.2byte	0x108
 668 0499 4B040000 		.4byte	0x44b
 669 049d 04       		.byte	0x4
 670 049e 08       		.uleb128 0x8
 671 049f 723600   		.ascii	"r6\000"
 672 04a2 08       		.byte	0x8
 673 04a3 0901     		.2byte	0x109
 674 04a5 4B040000 		.4byte	0x44b
 675 04a9 08       		.byte	0x8
 676 04aa 08       		.uleb128 0x8
 677 04ab 723700   		.ascii	"r7\000"
 678 04ae 08       		.byte	0x8
 679 04af 0A01     		.2byte	0x10a
 680 04b1 4B040000 		.4byte	0x44b
 681 04b5 0C       		.byte	0xc
 682 04b6 08       		.uleb128 0x8
 683 04b7 723800   		.ascii	"r8\000"
 684 04ba 08       		.byte	0x8
ARM GAS  /tmp/ccTXXRJ5.s 			page 13


 685 04bb 0B01     		.2byte	0x10b
 686 04bd 4B040000 		.4byte	0x44b
 687 04c1 10       		.byte	0x10
 688 04c2 08       		.uleb128 0x8
 689 04c3 723900   		.ascii	"r9\000"
 690 04c6 08       		.byte	0x8
 691 04c7 0C01     		.2byte	0x10c
 692 04c9 4B040000 		.4byte	0x44b
 693 04cd 14       		.byte	0x14
 694 04ce 08       		.uleb128 0x8
 695 04cf 72313000 		.ascii	"r10\000"
 696 04d3 08       		.byte	0x8
 697 04d4 0D01     		.2byte	0x10d
 698 04d6 4B040000 		.4byte	0x44b
 699 04da 18       		.byte	0x18
 700 04db 08       		.uleb128 0x8
 701 04dc 72313100 		.ascii	"r11\000"
 702 04e0 08       		.byte	0x8
 703 04e1 0E01     		.2byte	0x10e
 704 04e3 4B040000 		.4byte	0x44b
 705 04e7 1C       		.byte	0x1c
 706 04e8 08       		.uleb128 0x8
 707 04e9 6C7200   		.ascii	"lr\000"
 708 04ec 08       		.byte	0x8
 709 04ed 0F01     		.2byte	0x10f
 710 04ef 4B040000 		.4byte	0x44b
 711 04f3 20       		.byte	0x20
 712 04f4 00       		.byte	0
 713 04f5 0A       		.uleb128 0xa
 714 04f6 04       		.byte	0x4
 715 04f7 7A040000 		.4byte	0x47a
 716 04fb 11       		.uleb128 0x11
 717 04fc 04       		.byte	0x4
 718 04fd 09       		.byte	0x9
 719 04fe 38       		.byte	0x38
 720 04ff 10050000 		.4byte	0x510
 721 0503 07       		.uleb128 0x7
 722 0504 66050000 		.4byte	.LASF84
 723 0508 09       		.byte	0x9
 724 0509 3C       		.byte	0x3c
 725 050a CB000000 		.4byte	0xcb
 726 050e 00       		.byte	0
 727 050f 00       		.byte	0
 728 0510 04       		.uleb128 0x4
 729 0511 D6020000 		.4byte	.LASF85
 730 0515 09       		.byte	0x9
 731 0516 3D       		.byte	0x3d
 732 0517 FB040000 		.4byte	0x4fb
 733 051b 12       		.uleb128 0x12
 734 051c 04       		.byte	0x4
 735 051d 06       		.byte	0x6
 736 051e FA       		.byte	0xfa
 737 051f 78050000 		.4byte	0x578
 738 0523 13       		.uleb128 0x13
 739 0524 2D000000 		.4byte	.LASF86
 740 0528 06       		.byte	0x6
 741 0529 0101     		.2byte	0x101
ARM GAS  /tmp/ccTXXRJ5.s 			page 14


 742 052b 02010000 		.4byte	0x102
 743 052f 13       		.uleb128 0x13
 744 0530 B3000000 		.4byte	.LASF87
 745 0534 06       		.byte	0x6
 746 0535 0801     		.2byte	0x108
 747 0537 02010000 		.4byte	0x102
 748 053b 13       		.uleb128 0x13
 749 053c CD050000 		.4byte	.LASF88
 750 0540 06       		.byte	0x6
 751 0541 0F01     		.2byte	0x10f
 752 0543 0E030000 		.4byte	0x30e
 753 0547 13       		.uleb128 0x13
 754 0548 27000000 		.4byte	.LASF89
 755 054c 06       		.byte	0x6
 756 054d 1601     		.2byte	0x116
 757 054f 78050000 		.4byte	0x578
 758 0553 13       		.uleb128 0x13
 759 0554 C6010000 		.4byte	.LASF90
 760 0558 06       		.byte	0x6
 761 0559 1E01     		.2byte	0x11e
 762 055b A3050000 		.4byte	0x5a3
 763 055f 13       		.uleb128 0x13
 764 0560 DC040000 		.4byte	.LASF91
 765 0564 06       		.byte	0x6
 766 0565 2701     		.2byte	0x127
 767 0567 DA050000 		.4byte	0x5da
 768 056b 13       		.uleb128 0x13
 769 056c 8D040000 		.4byte	.LASF92
 770 0570 06       		.byte	0x6
 771 0571 2F01     		.2byte	0x12f
 772 0573 0D010000 		.4byte	0x10d
 773 0577 00       		.byte	0
 774 0578 0A       		.uleb128 0xa
 775 0579 04       		.byte	0x4
 776 057a 26020000 		.4byte	0x226
 777 057e 06       		.uleb128 0x6
 778 057f BB040000 		.4byte	.LASF93
 779 0583 0C       		.byte	0xc
 780 0584 0A       		.byte	0xa
 781 0585 34       		.byte	0x34
 782 0586 A3050000 		.4byte	0x5a3
 783 058a 07       		.uleb128 0x7
 784 058b 65010000 		.4byte	.LASF94
 785 058f 0A       		.byte	0xa
 786 0590 35       		.byte	0x35
 787 0591 5B020000 		.4byte	0x25b
 788 0595 00       		.byte	0
 789 0596 07       		.uleb128 0x7
 790 0597 79030000 		.4byte	.LASF95
 791 059b 0A       		.byte	0xa
 792 059c 37       		.byte	0x37
 793 059d 18010000 		.4byte	0x118
 794 05a1 08       		.byte	0x8
 795 05a2 00       		.byte	0
 796 05a3 0A       		.uleb128 0xa
 797 05a4 04       		.byte	0x4
 798 05a5 7E050000 		.4byte	0x57e
ARM GAS  /tmp/ccTXXRJ5.s 			page 15


 799 05a9 06       		.uleb128 0x6
 800 05aa A1050000 		.4byte	.LASF96
 801 05ae 10       		.byte	0x10
 802 05af 0B       		.byte	0xb
 803 05b0 39       		.byte	0x39
 804 05b1 DA050000 		.4byte	0x5da
 805 05b5 07       		.uleb128 0x7
 806 05b6 24010000 		.4byte	.LASF97
 807 05ba 0B       		.byte	0xb
 808 05bb 3A       		.byte	0x3a
 809 05bc 5B020000 		.4byte	0x25b
 810 05c0 00       		.byte	0
 811 05c1 07       		.uleb128 0x7
 812 05c2 08060000 		.4byte	.LASF98
 813 05c6 0B       		.byte	0xb
 814 05c7 3C       		.byte	0x3c
 815 05c8 31020000 		.4byte	0x231
 816 05cc 08       		.byte	0x8
 817 05cd 07       		.uleb128 0x7
 818 05ce 2C050000 		.4byte	.LASF99
 819 05d2 0B       		.byte	0xb
 820 05d3 3E       		.byte	0x3e
 821 05d4 18060000 		.4byte	0x618
 822 05d8 0C       		.byte	0xc
 823 05d9 00       		.byte	0
 824 05da 0A       		.uleb128 0xa
 825 05db 04       		.byte	0x4
 826 05dc A9050000 		.4byte	0x5a9
 827 05e0 0A       		.uleb128 0xa
 828 05e1 04       		.byte	0x4
 829 05e2 ED050000 		.4byte	0x5ed
 830 05e6 03       		.uleb128 0x3
 831 05e7 01       		.byte	0x1
 832 05e8 08       		.byte	0x8
 833 05e9 16050000 		.4byte	.LASF100
 834 05ed 14       		.uleb128 0x14
 835 05ee E6050000 		.4byte	0x5e6
 836 05f2 0A       		.uleb128 0xa
 837 05f3 04       		.byte	0x4
 838 05f4 10030000 		.4byte	0x310
 839 05f8 05       		.uleb128 0x5
 840 05f9 E0050000 		.4byte	0x5e0
 841 05fd 15       		.uleb128 0x15
 842 05fe 56040000 		.4byte	0x456
 843 0602 0D060000 		.4byte	0x60d
 844 0606 16       		.uleb128 0x16
 845 0607 44040000 		.4byte	0x444
 846 060b 1A       		.byte	0x1a
 847 060c 00       		.byte	0
 848 060d 04       		.uleb128 0x4
 849 060e 8D010000 		.4byte	.LASF101
 850 0612 0B       		.byte	0xb
 851 0613 34       		.byte	0x34
 852 0614 A9050000 		.4byte	0x5a9
 853 0618 0A       		.uleb128 0xa
 854 0619 04       		.byte	0x4
 855 061a 0D060000 		.4byte	0x60d
ARM GAS  /tmp/ccTXXRJ5.s 			page 16


 856 061e 03       		.uleb128 0x3
 857 061f 01       		.byte	0x1
 858 0620 02       		.byte	0x2
 859 0621 50030000 		.4byte	.LASF102
 860 0625 11       		.uleb128 0x11
 861 0626 1C       		.byte	0x1c
 862 0627 0C       		.byte	0xc
 863 0628 C1       		.byte	0xc1
 864 0629 82060000 		.4byte	0x682
 865 062d 07       		.uleb128 0x7
 866 062e 2C010000 		.4byte	.LASF103
 867 0632 0C       		.byte	0xc
 868 0633 C3       		.byte	0xc3
 869 0634 B0000000 		.4byte	0xb0
 870 0638 00       		.byte	0
 871 0639 07       		.uleb128 0x7
 872 063a E8010000 		.4byte	.LASF104
 873 063e 0C       		.byte	0xc
 874 063f C5       		.byte	0xc5
 875 0640 B0000000 		.4byte	0xb0
 876 0644 04       		.byte	0x4
 877 0645 07       		.uleb128 0x7
 878 0646 E0010000 		.4byte	.LASF105
 879 064a 0C       		.byte	0xc
 880 064b C7       		.byte	0xc7
 881 064c B0000000 		.4byte	0xb0
 882 0650 08       		.byte	0x8
 883 0651 07       		.uleb128 0x7
 884 0652 AD000000 		.4byte	.LASF106
 885 0656 0C       		.byte	0xc
 886 0657 C9       		.byte	0xc9
 887 0658 B0000000 		.4byte	0xb0
 888 065c 0C       		.byte	0xc
 889 065d 10       		.uleb128 0x10
 890 065e 6F647200 		.ascii	"odr\000"
 891 0662 0C       		.byte	0xc
 892 0663 CB       		.byte	0xcb
 893 0664 B0000000 		.4byte	0xb0
 894 0668 10       		.byte	0x10
 895 0669 07       		.uleb128 0x7
 896 066a 74030000 		.4byte	.LASF107
 897 066e 0C       		.byte	0xc
 898 066f CD       		.byte	0xcd
 899 0670 B0000000 		.4byte	0xb0
 900 0674 14       		.byte	0x14
 901 0675 07       		.uleb128 0x7
 902 0676 E7020000 		.4byte	.LASF108
 903 067a 0C       		.byte	0xc
 904 067b CF       		.byte	0xcf
 905 067c B0000000 		.4byte	0xb0
 906 0680 18       		.byte	0x18
 907 0681 00       		.byte	0
 908 0682 04       		.uleb128 0x4
 909 0683 00000000 		.4byte	.LASF109
 910 0687 0C       		.byte	0xc
 911 0688 D0       		.byte	0xd0
 912 0689 25060000 		.4byte	0x625
ARM GAS  /tmp/ccTXXRJ5.s 			page 17


 913 068d 11       		.uleb128 0x11
 914 068e FC       		.byte	0xfc
 915 068f 0C       		.byte	0xc
 916 0690 D9       		.byte	0xd9
 917 0691 02070000 		.4byte	0x702
 918 0695 07       		.uleb128 0x7
 919 0696 86040000 		.4byte	.LASF110
 920 069a 0C       		.byte	0xc
 921 069b DC       		.byte	0xdc
 922 069c 82060000 		.4byte	0x682
 923 06a0 00       		.byte	0
 924 06a1 07       		.uleb128 0x7
 925 06a2 95010000 		.4byte	.LASF111
 926 06a6 0C       		.byte	0xc
 927 06a7 E0       		.byte	0xe0
 928 06a8 82060000 		.4byte	0x682
 929 06ac 1C       		.byte	0x1c
 930 06ad 07       		.uleb128 0x7
 931 06ae DB050000 		.4byte	.LASF112
 932 06b2 0C       		.byte	0xc
 933 06b3 E4       		.byte	0xe4
 934 06b4 82060000 		.4byte	0x682
 935 06b8 38       		.byte	0x38
 936 06b9 07       		.uleb128 0x7
 937 06ba EC020000 		.4byte	.LASF113
 938 06be 0C       		.byte	0xc
 939 06bf E8       		.byte	0xe8
 940 06c0 82060000 		.4byte	0x682
 941 06c4 54       		.byte	0x54
 942 06c5 07       		.uleb128 0x7
 943 06c6 45010000 		.4byte	.LASF114
 944 06ca 0C       		.byte	0xc
 945 06cb EC       		.byte	0xec
 946 06cc 82060000 		.4byte	0x682
 947 06d0 70       		.byte	0x70
 948 06d1 07       		.uleb128 0x7
 949 06d2 02020000 		.4byte	.LASF115
 950 06d6 0C       		.byte	0xc
 951 06d7 F0       		.byte	0xf0
 952 06d8 82060000 		.4byte	0x682
 953 06dc 8C       		.byte	0x8c
 954 06dd 07       		.uleb128 0x7
 955 06de 51020000 		.4byte	.LASF116
 956 06e2 0C       		.byte	0xc
 957 06e3 F4       		.byte	0xf4
 958 06e4 82060000 		.4byte	0x682
 959 06e8 A8       		.byte	0xa8
 960 06e9 07       		.uleb128 0x7
 961 06ea 8F000000 		.4byte	.LASF117
 962 06ee 0C       		.byte	0xc
 963 06ef F8       		.byte	0xf8
 964 06f0 82060000 		.4byte	0x682
 965 06f4 C4       		.byte	0xc4
 966 06f5 07       		.uleb128 0x7
 967 06f6 A3040000 		.4byte	.LASF118
 968 06fa 0C       		.byte	0xc
 969 06fb FC       		.byte	0xfc
ARM GAS  /tmp/ccTXXRJ5.s 			page 18


 970 06fc 82060000 		.4byte	0x682
 971 0700 E0       		.byte	0xe0
 972 0701 00       		.byte	0
 973 0702 04       		.uleb128 0x4
 974 0703 FE050000 		.4byte	.LASF119
 975 0707 0C       		.byte	0xc
 976 0708 FE       		.byte	0xfe
 977 0709 8D060000 		.4byte	0x68d
 978 070d 17       		.uleb128 0x17
 979 070e 2F030000 		.4byte	.LASF134
 980 0712 17       		.byte	0x17
 981 0713 9301     		.2byte	0x193
 982 0715 03       		.byte	0x3
 983 0716 18       		.uleb128 0x18
 984 0717 D8010000 		.4byte	.LASF135
 985 071b 01       		.byte	0x1
 986 071c 38       		.byte	0x38
 987 071d 00000000 		.4byte	.LFB258
 988 0721 34000000 		.4byte	.LFE258-.LFB258
 989 0725 01       		.uleb128 0x1
 990 0726 9C       		.byte	0x9c
 991 0727 86070000 		.4byte	0x786
 992 072b 19       		.uleb128 0x19
 993 072c 06000000 		.4byte	.LVL0
 994 0730 AE070000 		.4byte	0x7ae
 995 0734 19       		.uleb128 0x19
 996 0735 0C000000 		.4byte	.LVL1
 997 0739 BA070000 		.4byte	0x7ba
 998 073d 19       		.uleb128 0x19
 999 073e 10000000 		.4byte	.LVL2
 1000 0742 C6070000 		.4byte	0x7c6
 1001 0746 19       		.uleb128 0x19
 1002 0747 14000000 		.4byte	.LVL3
 1003 074b D1070000 		.4byte	0x7d1
 1004 074f 19       		.uleb128 0x19
 1005 0750 18000000 		.4byte	.LVL4
 1006 0754 DD070000 		.4byte	0x7dd
 1007 0758 19       		.uleb128 0x19
 1008 0759 1C000000 		.4byte	.LVL5
 1009 075d E9070000 		.4byte	0x7e9
 1010 0761 19       		.uleb128 0x19
 1011 0762 20000000 		.4byte	.LVL6
 1012 0766 F5070000 		.4byte	0x7f5
 1013 076a 19       		.uleb128 0x19
 1014 076b 24000000 		.4byte	.LVL7
 1015 076f 01080000 		.4byte	0x801
 1016 0773 19       		.uleb128 0x19
 1017 0774 28000000 		.4byte	.LVL8
 1018 0778 0C080000 		.4byte	0x80c
 1019 077c 1A       		.uleb128 0x1a
 1020 077d 30000000 		.4byte	.LVL9
 1021 0781 18080000 		.4byte	0x818
 1022 0785 00       		.byte	0
 1023 0786 1B       		.uleb128 0x1b
 1024 0787 DD000000 		.4byte	.LASF120
 1025 078b 0D       		.byte	0xd
 1026 078c A706     		.2byte	0x6a7
ARM GAS  /tmp/ccTXXRJ5.s 			page 19


 1027 078e C6000000 		.4byte	0xc6
 1028 0792 1C       		.uleb128 0x1c
 1029 0793 636800   		.ascii	"ch\000"
 1030 0796 06       		.byte	0x6
 1031 0797 0902     		.2byte	0x209
 1032 0799 DD030000 		.4byte	0x3dd
 1033 079d 1B       		.uleb128 0x1b
 1034 079e 10060000 		.4byte	.LASF121
 1035 07a2 0C       		.byte	0xc
 1036 07a3 DA01     		.2byte	0x1da
 1037 07a5 A9070000 		.4byte	0x7a9
 1038 07a9 14       		.uleb128 0x14
 1039 07aa 02070000 		.4byte	0x702
 1040 07ae 1D       		.uleb128 0x1d
 1041 07af 75050000 		.4byte	.LASF122
 1042 07b3 75050000 		.4byte	.LASF122
 1043 07b7 0E       		.byte	0xe
 1044 07b8 C905     		.2byte	0x5c9
 1045 07ba 1D       		.uleb128 0x1d
 1046 07bb B1050000 		.4byte	.LASF123
 1047 07bf B1050000 		.4byte	.LASF123
 1048 07c3 0C       		.byte	0xc
 1049 07c4 DF01     		.2byte	0x1df
 1050 07c6 1E       		.uleb128 0x1e
 1051 07c7 58020000 		.4byte	.LASF124
 1052 07cb 58020000 		.4byte	.LASF124
 1053 07cf 0F       		.byte	0xf
 1054 07d0 F6       		.byte	0xf6
 1055 07d1 1D       		.uleb128 0x1d
 1056 07d2 55010000 		.4byte	.LASF125
 1057 07d6 55010000 		.4byte	.LASF125
 1058 07da 10       		.byte	0x10
 1059 07db 1F01     		.2byte	0x11f
 1060 07dd 1D       		.uleb128 0x1d
 1061 07de F7050000 		.4byte	.LASF126
 1062 07e2 F7050000 		.4byte	.LASF126
 1063 07e6 11       		.byte	0x11
 1064 07e7 2601     		.2byte	0x126
 1065 07e9 1D       		.uleb128 0x1d
 1066 07ea 6B020000 		.4byte	.LASF127
 1067 07ee 6B020000 		.4byte	.LASF127
 1068 07f2 12       		.byte	0x12
 1069 07f3 0601     		.2byte	0x106
 1070 07f5 1D       		.uleb128 0x1d
 1071 07f6 1B050000 		.4byte	.LASF128
 1072 07fa 1B050000 		.4byte	.LASF128
 1073 07fe 13       		.byte	0x13
 1074 07ff 3502     		.2byte	0x235
 1075 0801 1E       		.uleb128 0x1e
 1076 0802 6C030000 		.4byte	.LASF129
 1077 0806 6C030000 		.4byte	.LASF129
 1078 080a 14       		.byte	0x14
 1079 080b F6       		.byte	0xf6
 1080 080c 1D       		.uleb128 0x1d
 1081 080d 9B030000 		.4byte	.LASF130
 1082 0811 9B030000 		.4byte	.LASF130
 1083 0815 15       		.byte	0x15
ARM GAS  /tmp/ccTXXRJ5.s 			page 20


 1084 0816 0A05     		.2byte	0x50a
 1085 0818 1E       		.uleb128 0x1e
 1086 0819 20000000 		.4byte	.LASF131
 1087 081d 20000000 		.4byte	.LASF131
 1088 0821 16       		.byte	0x16
 1089 0822 56       		.byte	0x56
 1090 0823 00       		.byte	0
 1091              		.section	.debug_abbrev,"",%progbits
 1092              	.Ldebug_abbrev0:
 1093 0000 01       		.uleb128 0x1
 1094 0001 11       		.uleb128 0x11
 1095 0002 01       		.byte	0x1
 1096 0003 25       		.uleb128 0x25
 1097 0004 0E       		.uleb128 0xe
 1098 0005 13       		.uleb128 0x13
 1099 0006 0B       		.uleb128 0xb
 1100 0007 03       		.uleb128 0x3
 1101 0008 0E       		.uleb128 0xe
 1102 0009 55       		.uleb128 0x55
 1103 000a 17       		.uleb128 0x17
 1104 000b 11       		.uleb128 0x11
 1105 000c 01       		.uleb128 0x1
 1106 000d 10       		.uleb128 0x10
 1107 000e 17       		.uleb128 0x17
 1108 000f 00       		.byte	0
 1109 0010 00       		.byte	0
 1110 0011 02       		.uleb128 0x2
 1111 0012 24       		.uleb128 0x24
 1112 0013 00       		.byte	0
 1113 0014 0B       		.uleb128 0xb
 1114 0015 0B       		.uleb128 0xb
 1115 0016 3E       		.uleb128 0x3e
 1116 0017 0B       		.uleb128 0xb
 1117 0018 03       		.uleb128 0x3
 1118 0019 08       		.uleb128 0x8
 1119 001a 00       		.byte	0
 1120 001b 00       		.byte	0
 1121 001c 03       		.uleb128 0x3
 1122 001d 24       		.uleb128 0x24
 1123 001e 00       		.byte	0
 1124 001f 0B       		.uleb128 0xb
 1125 0020 0B       		.uleb128 0xb
 1126 0021 3E       		.uleb128 0x3e
 1127 0022 0B       		.uleb128 0xb
 1128 0023 03       		.uleb128 0x3
 1129 0024 0E       		.uleb128 0xe
 1130 0025 00       		.byte	0
 1131 0026 00       		.byte	0
 1132 0027 04       		.uleb128 0x4
 1133 0028 16       		.uleb128 0x16
 1134 0029 00       		.byte	0
 1135 002a 03       		.uleb128 0x3
 1136 002b 0E       		.uleb128 0xe
 1137 002c 3A       		.uleb128 0x3a
 1138 002d 0B       		.uleb128 0xb
 1139 002e 3B       		.uleb128 0x3b
 1140 002f 0B       		.uleb128 0xb
ARM GAS  /tmp/ccTXXRJ5.s 			page 21


 1141 0030 49       		.uleb128 0x49
 1142 0031 13       		.uleb128 0x13
 1143 0032 00       		.byte	0
 1144 0033 00       		.byte	0
 1145 0034 05       		.uleb128 0x5
 1146 0035 35       		.uleb128 0x35
 1147 0036 00       		.byte	0
 1148 0037 49       		.uleb128 0x49
 1149 0038 13       		.uleb128 0x13
 1150 0039 00       		.byte	0
 1151 003a 00       		.byte	0
 1152 003b 06       		.uleb128 0x6
 1153 003c 13       		.uleb128 0x13
 1154 003d 01       		.byte	0x1
 1155 003e 03       		.uleb128 0x3
 1156 003f 0E       		.uleb128 0xe
 1157 0040 0B       		.uleb128 0xb
 1158 0041 0B       		.uleb128 0xb
 1159 0042 3A       		.uleb128 0x3a
 1160 0043 0B       		.uleb128 0xb
 1161 0044 3B       		.uleb128 0x3b
 1162 0045 0B       		.uleb128 0xb
 1163 0046 01       		.uleb128 0x1
 1164 0047 13       		.uleb128 0x13
 1165 0048 00       		.byte	0
 1166 0049 00       		.byte	0
 1167 004a 07       		.uleb128 0x7
 1168 004b 0D       		.uleb128 0xd
 1169 004c 00       		.byte	0
 1170 004d 03       		.uleb128 0x3
 1171 004e 0E       		.uleb128 0xe
 1172 004f 3A       		.uleb128 0x3a
 1173 0050 0B       		.uleb128 0xb
 1174 0051 3B       		.uleb128 0x3b
 1175 0052 0B       		.uleb128 0xb
 1176 0053 49       		.uleb128 0x49
 1177 0054 13       		.uleb128 0x13
 1178 0055 38       		.uleb128 0x38
 1179 0056 0B       		.uleb128 0xb
 1180 0057 00       		.byte	0
 1181 0058 00       		.byte	0
 1182 0059 08       		.uleb128 0x8
 1183 005a 0D       		.uleb128 0xd
 1184 005b 00       		.byte	0
 1185 005c 03       		.uleb128 0x3
 1186 005d 08       		.uleb128 0x8
 1187 005e 3A       		.uleb128 0x3a
 1188 005f 0B       		.uleb128 0xb
 1189 0060 3B       		.uleb128 0x3b
 1190 0061 05       		.uleb128 0x5
 1191 0062 49       		.uleb128 0x49
 1192 0063 13       		.uleb128 0x13
 1193 0064 38       		.uleb128 0x38
 1194 0065 0B       		.uleb128 0xb
 1195 0066 00       		.byte	0
 1196 0067 00       		.byte	0
 1197 0068 09       		.uleb128 0x9
ARM GAS  /tmp/ccTXXRJ5.s 			page 22


 1198 0069 0D       		.uleb128 0xd
 1199 006a 00       		.byte	0
 1200 006b 03       		.uleb128 0x3
 1201 006c 0E       		.uleb128 0xe
 1202 006d 3A       		.uleb128 0x3a
 1203 006e 0B       		.uleb128 0xb
 1204 006f 3B       		.uleb128 0x3b
 1205 0070 05       		.uleb128 0x5
 1206 0071 49       		.uleb128 0x49
 1207 0072 13       		.uleb128 0x13
 1208 0073 38       		.uleb128 0x38
 1209 0074 0B       		.uleb128 0xb
 1210 0075 00       		.byte	0
 1211 0076 00       		.byte	0
 1212 0077 0A       		.uleb128 0xa
 1213 0078 0F       		.uleb128 0xf
 1214 0079 00       		.byte	0
 1215 007a 0B       		.uleb128 0xb
 1216 007b 0B       		.uleb128 0xb
 1217 007c 49       		.uleb128 0x49
 1218 007d 13       		.uleb128 0x13
 1219 007e 00       		.byte	0
 1220 007f 00       		.byte	0
 1221 0080 0B       		.uleb128 0xb
 1222 0081 13       		.uleb128 0x13
 1223 0082 01       		.byte	0x1
 1224 0083 03       		.uleb128 0x3
 1225 0084 0E       		.uleb128 0xe
 1226 0085 0B       		.uleb128 0xb
 1227 0086 0B       		.uleb128 0xb
 1228 0087 3A       		.uleb128 0x3a
 1229 0088 0B       		.uleb128 0xb
 1230 0089 3B       		.uleb128 0x3b
 1231 008a 05       		.uleb128 0x5
 1232 008b 01       		.uleb128 0x1
 1233 008c 13       		.uleb128 0x13
 1234 008d 00       		.byte	0
 1235 008e 00       		.byte	0
 1236 008f 0C       		.uleb128 0xc
 1237 0090 15       		.uleb128 0x15
 1238 0091 01       		.byte	0x1
 1239 0092 27       		.uleb128 0x27
 1240 0093 19       		.uleb128 0x19
 1241 0094 01       		.uleb128 0x1
 1242 0095 13       		.uleb128 0x13
 1243 0096 00       		.byte	0
 1244 0097 00       		.byte	0
 1245 0098 0D       		.uleb128 0xd
 1246 0099 05       		.uleb128 0x5
 1247 009a 00       		.byte	0
 1248 009b 49       		.uleb128 0x49
 1249 009c 13       		.uleb128 0x13
 1250 009d 00       		.byte	0
 1251 009e 00       		.byte	0
 1252 009f 0E       		.uleb128 0xe
 1253 00a0 0F       		.uleb128 0xf
 1254 00a1 00       		.byte	0
ARM GAS  /tmp/ccTXXRJ5.s 			page 23


 1255 00a2 0B       		.uleb128 0xb
 1256 00a3 0B       		.uleb128 0xb
 1257 00a4 00       		.byte	0
 1258 00a5 00       		.byte	0
 1259 00a6 0F       		.uleb128 0xf
 1260 00a7 13       		.uleb128 0x13
 1261 00a8 01       		.byte	0x1
 1262 00a9 03       		.uleb128 0x3
 1263 00aa 0E       		.uleb128 0xe
 1264 00ab 0B       		.uleb128 0xb
 1265 00ac 05       		.uleb128 0x5
 1266 00ad 3A       		.uleb128 0x3a
 1267 00ae 0B       		.uleb128 0xb
 1268 00af 3B       		.uleb128 0x3b
 1269 00b0 05       		.uleb128 0x5
 1270 00b1 01       		.uleb128 0x1
 1271 00b2 13       		.uleb128 0x13
 1272 00b3 00       		.byte	0
 1273 00b4 00       		.byte	0
 1274 00b5 10       		.uleb128 0x10
 1275 00b6 0D       		.uleb128 0xd
 1276 00b7 00       		.byte	0
 1277 00b8 03       		.uleb128 0x3
 1278 00b9 08       		.uleb128 0x8
 1279 00ba 3A       		.uleb128 0x3a
 1280 00bb 0B       		.uleb128 0xb
 1281 00bc 3B       		.uleb128 0x3b
 1282 00bd 0B       		.uleb128 0xb
 1283 00be 49       		.uleb128 0x49
 1284 00bf 13       		.uleb128 0x13
 1285 00c0 38       		.uleb128 0x38
 1286 00c1 0B       		.uleb128 0xb
 1287 00c2 00       		.byte	0
 1288 00c3 00       		.byte	0
 1289 00c4 11       		.uleb128 0x11
 1290 00c5 13       		.uleb128 0x13
 1291 00c6 01       		.byte	0x1
 1292 00c7 0B       		.uleb128 0xb
 1293 00c8 0B       		.uleb128 0xb
 1294 00c9 3A       		.uleb128 0x3a
 1295 00ca 0B       		.uleb128 0xb
 1296 00cb 3B       		.uleb128 0x3b
 1297 00cc 0B       		.uleb128 0xb
 1298 00cd 01       		.uleb128 0x1
 1299 00ce 13       		.uleb128 0x13
 1300 00cf 00       		.byte	0
 1301 00d0 00       		.byte	0
 1302 00d1 12       		.uleb128 0x12
 1303 00d2 17       		.uleb128 0x17
 1304 00d3 01       		.byte	0x1
 1305 00d4 0B       		.uleb128 0xb
 1306 00d5 0B       		.uleb128 0xb
 1307 00d6 3A       		.uleb128 0x3a
 1308 00d7 0B       		.uleb128 0xb
 1309 00d8 3B       		.uleb128 0x3b
 1310 00d9 0B       		.uleb128 0xb
 1311 00da 01       		.uleb128 0x1
ARM GAS  /tmp/ccTXXRJ5.s 			page 24


 1312 00db 13       		.uleb128 0x13
 1313 00dc 00       		.byte	0
 1314 00dd 00       		.byte	0
 1315 00de 13       		.uleb128 0x13
 1316 00df 0D       		.uleb128 0xd
 1317 00e0 00       		.byte	0
 1318 00e1 03       		.uleb128 0x3
 1319 00e2 0E       		.uleb128 0xe
 1320 00e3 3A       		.uleb128 0x3a
 1321 00e4 0B       		.uleb128 0xb
 1322 00e5 3B       		.uleb128 0x3b
 1323 00e6 05       		.uleb128 0x5
 1324 00e7 49       		.uleb128 0x49
 1325 00e8 13       		.uleb128 0x13
 1326 00e9 00       		.byte	0
 1327 00ea 00       		.byte	0
 1328 00eb 14       		.uleb128 0x14
 1329 00ec 26       		.uleb128 0x26
 1330 00ed 00       		.byte	0
 1331 00ee 49       		.uleb128 0x49
 1332 00ef 13       		.uleb128 0x13
 1333 00f0 00       		.byte	0
 1334 00f1 00       		.byte	0
 1335 00f2 15       		.uleb128 0x15
 1336 00f3 01       		.uleb128 0x1
 1337 00f4 01       		.byte	0x1
 1338 00f5 49       		.uleb128 0x49
 1339 00f6 13       		.uleb128 0x13
 1340 00f7 01       		.uleb128 0x1
 1341 00f8 13       		.uleb128 0x13
 1342 00f9 00       		.byte	0
 1343 00fa 00       		.byte	0
 1344 00fb 16       		.uleb128 0x16
 1345 00fc 21       		.uleb128 0x21
 1346 00fd 00       		.byte	0
 1347 00fe 49       		.uleb128 0x49
 1348 00ff 13       		.uleb128 0x13
 1349 0100 2F       		.uleb128 0x2f
 1350 0101 0B       		.uleb128 0xb
 1351 0102 00       		.byte	0
 1352 0103 00       		.byte	0
 1353 0104 17       		.uleb128 0x17
 1354 0105 2E       		.uleb128 0x2e
 1355 0106 00       		.byte	0
 1356 0107 03       		.uleb128 0x3
 1357 0108 0E       		.uleb128 0xe
 1358 0109 3A       		.uleb128 0x3a
 1359 010a 0B       		.uleb128 0xb
 1360 010b 3B       		.uleb128 0x3b
 1361 010c 05       		.uleb128 0x5
 1362 010d 27       		.uleb128 0x27
 1363 010e 19       		.uleb128 0x19
 1364 010f 20       		.uleb128 0x20
 1365 0110 0B       		.uleb128 0xb
 1366 0111 00       		.byte	0
 1367 0112 00       		.byte	0
 1368 0113 18       		.uleb128 0x18
ARM GAS  /tmp/ccTXXRJ5.s 			page 25


 1369 0114 2E       		.uleb128 0x2e
 1370 0115 01       		.byte	0x1
 1371 0116 3F       		.uleb128 0x3f
 1372 0117 19       		.uleb128 0x19
 1373 0118 03       		.uleb128 0x3
 1374 0119 0E       		.uleb128 0xe
 1375 011a 3A       		.uleb128 0x3a
 1376 011b 0B       		.uleb128 0xb
 1377 011c 3B       		.uleb128 0x3b
 1378 011d 0B       		.uleb128 0xb
 1379 011e 27       		.uleb128 0x27
 1380 011f 19       		.uleb128 0x19
 1381 0120 11       		.uleb128 0x11
 1382 0121 01       		.uleb128 0x1
 1383 0122 12       		.uleb128 0x12
 1384 0123 06       		.uleb128 0x6
 1385 0124 40       		.uleb128 0x40
 1386 0125 18       		.uleb128 0x18
 1387 0126 9742     		.uleb128 0x2117
 1388 0128 19       		.uleb128 0x19
 1389 0129 01       		.uleb128 0x1
 1390 012a 13       		.uleb128 0x13
 1391 012b 00       		.byte	0
 1392 012c 00       		.byte	0
 1393 012d 19       		.uleb128 0x19
 1394 012e 898201   		.uleb128 0x4109
 1395 0131 00       		.byte	0
 1396 0132 11       		.uleb128 0x11
 1397 0133 01       		.uleb128 0x1
 1398 0134 31       		.uleb128 0x31
 1399 0135 13       		.uleb128 0x13
 1400 0136 00       		.byte	0
 1401 0137 00       		.byte	0
 1402 0138 1A       		.uleb128 0x1a
 1403 0139 898201   		.uleb128 0x4109
 1404 013c 00       		.byte	0
 1405 013d 11       		.uleb128 0x11
 1406 013e 01       		.uleb128 0x1
 1407 013f 9542     		.uleb128 0x2115
 1408 0141 19       		.uleb128 0x19
 1409 0142 31       		.uleb128 0x31
 1410 0143 13       		.uleb128 0x13
 1411 0144 00       		.byte	0
 1412 0145 00       		.byte	0
 1413 0146 1B       		.uleb128 0x1b
 1414 0147 34       		.uleb128 0x34
 1415 0148 00       		.byte	0
 1416 0149 03       		.uleb128 0x3
 1417 014a 0E       		.uleb128 0xe
 1418 014b 3A       		.uleb128 0x3a
 1419 014c 0B       		.uleb128 0xb
 1420 014d 3B       		.uleb128 0x3b
 1421 014e 05       		.uleb128 0x5
 1422 014f 49       		.uleb128 0x49
 1423 0150 13       		.uleb128 0x13
 1424 0151 3F       		.uleb128 0x3f
 1425 0152 19       		.uleb128 0x19
ARM GAS  /tmp/ccTXXRJ5.s 			page 26


 1426 0153 3C       		.uleb128 0x3c
 1427 0154 19       		.uleb128 0x19
 1428 0155 00       		.byte	0
 1429 0156 00       		.byte	0
 1430 0157 1C       		.uleb128 0x1c
 1431 0158 34       		.uleb128 0x34
 1432 0159 00       		.byte	0
 1433 015a 03       		.uleb128 0x3
 1434 015b 08       		.uleb128 0x8
 1435 015c 3A       		.uleb128 0x3a
 1436 015d 0B       		.uleb128 0xb
 1437 015e 3B       		.uleb128 0x3b
 1438 015f 05       		.uleb128 0x5
 1439 0160 49       		.uleb128 0x49
 1440 0161 13       		.uleb128 0x13
 1441 0162 3F       		.uleb128 0x3f
 1442 0163 19       		.uleb128 0x19
 1443 0164 3C       		.uleb128 0x3c
 1444 0165 19       		.uleb128 0x19
 1445 0166 00       		.byte	0
 1446 0167 00       		.byte	0
 1447 0168 1D       		.uleb128 0x1d
 1448 0169 2E       		.uleb128 0x2e
 1449 016a 00       		.byte	0
 1450 016b 3F       		.uleb128 0x3f
 1451 016c 19       		.uleb128 0x19
 1452 016d 3C       		.uleb128 0x3c
 1453 016e 19       		.uleb128 0x19
 1454 016f 6E       		.uleb128 0x6e
 1455 0170 0E       		.uleb128 0xe
 1456 0171 03       		.uleb128 0x3
 1457 0172 0E       		.uleb128 0xe
 1458 0173 3A       		.uleb128 0x3a
 1459 0174 0B       		.uleb128 0xb
 1460 0175 3B       		.uleb128 0x3b
 1461 0176 05       		.uleb128 0x5
 1462 0177 00       		.byte	0
 1463 0178 00       		.byte	0
 1464 0179 1E       		.uleb128 0x1e
 1465 017a 2E       		.uleb128 0x2e
 1466 017b 00       		.byte	0
 1467 017c 3F       		.uleb128 0x3f
 1468 017d 19       		.uleb128 0x19
 1469 017e 3C       		.uleb128 0x3c
 1470 017f 19       		.uleb128 0x19
 1471 0180 6E       		.uleb128 0x6e
 1472 0181 0E       		.uleb128 0xe
 1473 0182 03       		.uleb128 0x3
 1474 0183 0E       		.uleb128 0xe
 1475 0184 3A       		.uleb128 0x3a
 1476 0185 0B       		.uleb128 0xb
 1477 0186 3B       		.uleb128 0x3b
 1478 0187 0B       		.uleb128 0xb
 1479 0188 00       		.byte	0
 1480 0189 00       		.byte	0
 1481 018a 00       		.byte	0
 1482              		.section	.debug_aranges,"",%progbits
ARM GAS  /tmp/ccTXXRJ5.s 			page 27


 1483 0000 1C000000 		.4byte	0x1c
 1484 0004 0200     		.2byte	0x2
 1485 0006 00000000 		.4byte	.Ldebug_info0
 1486 000a 04       		.byte	0x4
 1487 000b 00       		.byte	0
 1488 000c 0000     		.2byte	0
 1489 000e 0000     		.2byte	0
 1490 0010 00000000 		.4byte	.LFB258
 1491 0014 34000000 		.4byte	.LFE258-.LFB258
 1492 0018 00000000 		.4byte	0
 1493 001c 00000000 		.4byte	0
 1494              		.section	.debug_ranges,"",%progbits
 1495              	.Ldebug_ranges0:
 1496 0000 00000000 		.4byte	.LFB258
 1497 0004 34000000 		.4byte	.LFE258
 1498 0008 00000000 		.4byte	0
 1499 000c 00000000 		.4byte	0
 1500              		.section	.debug_line,"",%progbits
 1501              	.Ldebug_line0:
 1502 0000 85030000 		.section	.debug_str,"MS",%progbits,1
 1502      02005F03 
 1502      00000201 
 1502      FB0E0D00 
 1502      01010101 
 1503              	.LASF109:
 1504 0000 73746D33 		.ascii	"stm32_gpio_setup_t\000"
 1504      325F6770 
 1504      696F5F73 
 1504      65747570 
 1504      5F7400
 1505              	.LASF51:
 1506 0013 72656164 		.ascii	"ready_list_t\000"
 1506      795F6C69 
 1506      73745F74 
 1506      00
 1507              	.LASF131:
 1508 0020 7374496E 		.ascii	"stInit\000"
 1508      697400
 1509              	.LASF89:
 1510 0027 77747472 		.ascii	"wttrp\000"
 1510      7000
 1511              	.LASF86:
 1512 002d 7264796D 		.ascii	"rdymsg\000"
 1512      736700
 1513              	.LASF17:
 1514 0034 75696E74 		.ascii	"uint64_t\000"
 1514      36345F74 
 1514      00
 1515              	.LASF7:
 1516 003d 5F5F7569 		.ascii	"__uint8_t\000"
 1516      6E74385F 
 1516      7400
 1517              	.LASF83:
 1518 0047 706F7274 		.ascii	"port_intctx\000"
 1518      5F696E74 
 1518      63747800 
 1519              	.LASF70:
ARM GAS  /tmp/ccTXXRJ5.s 			page 28


 1520 0053 73797374 		.ascii	"system_debug_t\000"
 1520      656D5F64 
 1520      65627567 
 1520      5F7400
 1521              	.LASF133:
 1522 0062 2F686F6D 		.ascii	"/home/selim/working/ChibiOS/os/hal/src/hal.c\000"
 1522      652F7365 
 1522      6C696D2F 
 1522      776F726B 
 1522      696E672F 
 1523              	.LASF117:
 1524 008f 50484461 		.ascii	"PHData\000"
 1524      746100
 1525              	.LASF13:
 1526 0096 6C6F6E67 		.ascii	"long long unsigned int\000"
 1526      206C6F6E 
 1526      6720756E 
 1526      7369676E 
 1526      65642069 
 1527              	.LASF106:
 1528 00ad 70757064 		.ascii	"pupdr\000"
 1528      7200
 1529              	.LASF87:
 1530 00b3 65786974 		.ascii	"exitcode\000"
 1530      636F6465 
 1530      00
 1531              	.LASF77:
 1532 00bc 6D61696E 		.ascii	"mainthread\000"
 1532      74687265 
 1532      616400
 1533              	.LASF67:
 1534 00c7 76697274 		.ascii	"virtual_timers_list_t\000"
 1534      75616C5F 
 1534      74696D65 
 1534      72735F6C 
 1534      6973745F 
 1535              	.LASF120:
 1536 00dd 49544D5F 		.ascii	"ITM_RxBuffer\000"
 1536      52784275 
 1536      66666572 
 1536      00
 1537              	.LASF50:
 1538 00ea 63685F74 		.ascii	"ch_threads_queue\000"
 1538      68726561 
 1538      64735F71 
 1538      75657565 
 1538      00
 1539              	.LASF30:
 1540 00fb 705F7072 		.ascii	"p_prio\000"
 1540      696F00
 1541              	.LASF1:
 1542 0102 6C6F6E67 		.ascii	"long long int\000"
 1542      206C6F6E 
 1542      6720696E 
 1542      7400
 1543              	.LASF3:
 1544 0110 7369676E 		.ascii	"signed char\000"
ARM GAS  /tmp/ccTXXRJ5.s 			page 29


 1544      65642063 
 1544      68617200 
 1545              	.LASF44:
 1546 011c 705F6D70 		.ascii	"p_mpool\000"
 1546      6F6F6C00 
 1547              	.LASF97:
 1548 0124 6D5F7175 		.ascii	"m_queue\000"
 1548      65756500 
 1549              	.LASF103:
 1550 012c 6D6F6465 		.ascii	"moder\000"
 1550      7200
 1551              	.LASF74:
 1552 0132 63685F73 		.ascii	"ch_system\000"
 1552      79737465 
 1552      6D00
 1553              	.LASF9:
 1554 013c 6C6F6E67 		.ascii	"long int\000"
 1554      20696E74 
 1554      00
 1555              	.LASF114:
 1556 0145 50454461 		.ascii	"PEData\000"
 1556      746100
 1557              	.LASF20:
 1558 014c 74737461 		.ascii	"tstate_t\000"
 1558      74655F74 
 1558      00
 1559              	.LASF125:
 1560 0155 70776D49 		.ascii	"pwmInit\000"
 1560      6E697400 
 1561              	.LASF32:
 1562 015d 705F6E65 		.ascii	"p_newer\000"
 1562      77657200 
 1563              	.LASF94:
 1564 0165 735F7175 		.ascii	"s_queue\000"
 1564      65756500 
 1565              	.LASF56:
 1566 016d 725F6E65 		.ascii	"r_newer\000"
 1566      77657200 
 1567              	.LASF80:
 1568 0175 72656761 		.ascii	"regarm_t\000"
 1568      726D5F74 
 1568      00
 1569              	.LASF63:
 1570 017e 76745F70 		.ascii	"vt_prev\000"
 1570      72657600 
 1571              	.LASF76:
 1572 0186 76746C69 		.ascii	"vtlist\000"
 1572      737400
 1573              	.LASF101:
 1574 018d 6D757465 		.ascii	"mutex_t\000"
 1574      785F7400 
 1575              	.LASF111:
 1576 0195 50424461 		.ascii	"PBData\000"
 1576      746100
 1577              	.LASF78:
 1578 019c 69646C65 		.ascii	"idle_thread_wa\000"
 1578      5F746872 
ARM GAS  /tmp/ccTXXRJ5.s 			page 30


 1578      6561645F 
 1578      776100
 1579              	.LASF25:
 1580 01ab 636E745F 		.ascii	"cnt_t\000"
 1580      7400
 1581              	.LASF0:
 1582 01b1 756E7369 		.ascii	"unsigned int\000"
 1582      676E6564 
 1582      20696E74 
 1582      00
 1583              	.LASF62:
 1584 01be 76745F6E 		.ascii	"vt_next\000"
 1584      65787400 
 1585              	.LASF90:
 1586 01c6 77747365 		.ascii	"wtsemp\000"
 1586      6D7000
 1587              	.LASF39:
 1588 01cd 705F6D73 		.ascii	"p_msgqueue\000"
 1588      67717565 
 1588      756500
 1589              	.LASF135:
 1590 01d8 68616C49 		.ascii	"halInit\000"
 1590      6E697400 
 1591              	.LASF105:
 1592 01e0 6F737065 		.ascii	"ospeedr\000"
 1592      65647200 
 1593              	.LASF104:
 1594 01e8 6F747970 		.ascii	"otyper\000"
 1594      657200
 1595              	.LASF6:
 1596 01ef 73686F72 		.ascii	"short unsigned int\000"
 1596      7420756E 
 1596      7369676E 
 1596      65642069 
 1596      6E7400
 1597              	.LASF115:
 1598 0202 50464461 		.ascii	"PFData\000"
 1598      746100
 1599              	.LASF47:
 1600 0209 63685F74 		.ascii	"ch_thread\000"
 1600      68726561 
 1600      6400
 1601              	.LASF23:
 1602 0213 6D73675F 		.ascii	"msg_t\000"
 1602      7400
 1603              	.LASF73:
 1604 0219 63685F73 		.ascii	"ch_system_t\000"
 1604      79737465 
 1604      6D5F7400 
 1605              	.LASF19:
 1606 0225 746D6F64 		.ascii	"tmode_t\000"
 1606      655F7400 
 1607              	.LASF52:
 1608 022d 63685F72 		.ascii	"ch_ready_list\000"
 1608      65616479 
 1608      5F6C6973 
 1608      7400
ARM GAS  /tmp/ccTXXRJ5.s 			page 31


 1609              	.LASF24:
 1610 023b 6576656E 		.ascii	"eventmask_t\000"
 1610      746D6173 
 1610      6B5F7400 
 1611              	.LASF8:
 1612 0247 5F5F696E 		.ascii	"__int32_t\000"
 1612      7433325F 
 1612      7400
 1613              	.LASF116:
 1614 0251 50474461 		.ascii	"PGData\000"
 1614      746100
 1615              	.LASF124:
 1616 0258 61646349 		.ascii	"adcInit\000"
 1616      6E697400 
 1617              	.LASF81:
 1618 0260 73746B61 		.ascii	"stkalign_t\000"
 1618      6C69676E 
 1618      5F7400
 1619              	.LASF127:
 1620 026b 73706949 		.ascii	"spiInit\000"
 1620      6E697400 
 1621              	.LASF38:
 1622 0273 705F7761 		.ascii	"p_waiting\000"
 1622      6974696E 
 1622      6700
 1623              	.LASF79:
 1624 027d 73697A65 		.ascii	"sizetype\000"
 1624      74797065 
 1624      00
 1625              	.LASF45:
 1626 0286 74687265 		.ascii	"thread_reference_t\000"
 1626      61645F72 
 1626      65666572 
 1626      656E6365 
 1626      5F7400
 1627              	.LASF68:
 1628 0299 63685F76 		.ascii	"ch_virtual_timers_list\000"
 1628      69727475 
 1628      616C5F74 
 1628      696D6572 
 1628      735F6C69 
 1629              	.LASF2:
 1630 02b0 6C6F6E67 		.ascii	"long double\000"
 1630      20646F75 
 1630      626C6500 
 1631              	.LASF69:
 1632 02bc 76745F6C 		.ascii	"vt_lasttime\000"
 1632      61737474 
 1632      696D6500 
 1633              	.LASF33:
 1634 02c8 705F6F6C 		.ascii	"p_older\000"
 1634      64657200 
 1635              	.LASF55:
 1636 02d0 725F6374 		.ascii	"r_ctx\000"
 1636      7800
 1637              	.LASF85:
 1638 02d6 746D5F63 		.ascii	"tm_calibration_t\000"
ARM GAS  /tmp/ccTXXRJ5.s 			page 32


 1638      616C6962 
 1638      72617469 
 1638      6F6E5F74 
 1638      00
 1639              	.LASF108:
 1640 02e7 61667268 		.ascii	"afrh\000"
 1640      00
 1641              	.LASF113:
 1642 02ec 50444461 		.ascii	"PDData\000"
 1642      746100
 1643              	.LASF58:
 1644 02f3 725F6375 		.ascii	"r_current\000"
 1644      7272656E 
 1644      7400
 1645              	.LASF57:
 1646 02fd 725F6F6C 		.ascii	"r_older\000"
 1646      64657200 
 1647              	.LASF12:
 1648 0305 5F5F7569 		.ascii	"__uint64_t\000"
 1648      6E743634 
 1648      5F7400
 1649              	.LASF21:
 1650 0310 74726566 		.ascii	"trefs_t\000"
 1650      735F7400 
 1651              	.LASF60:
 1652 0318 76697274 		.ascii	"virtual_timer_t\000"
 1652      75616C5F 
 1652      74696D65 
 1652      725F7400 
 1653              	.LASF29:
 1654 0328 705F7072 		.ascii	"p_prev\000"
 1654      657600
 1655              	.LASF134:
 1656 032f 6F73616C 		.ascii	"osalInit\000"
 1656      496E6974 
 1656      00
 1657              	.LASF22:
 1658 0338 74707269 		.ascii	"tprio_t\000"
 1658      6F5F7400 
 1659              	.LASF71:
 1660 0340 63685F73 		.ascii	"ch_system_debug\000"
 1660      79737465 
 1660      6D5F6465 
 1660      62756700 
 1661              	.LASF102:
 1662 0350 5F426F6F 		.ascii	"_Bool\000"
 1662      6C00
 1663              	.LASF15:
 1664 0356 696E7433 		.ascii	"int32_t\000"
 1664      325F7400 
 1665              	.LASF4:
 1666 035e 756E7369 		.ascii	"unsigned char\000"
 1666      676E6564 
 1666      20636861 
 1666      7200
 1667              	.LASF129:
 1668 036c 73647549 		.ascii	"sduInit\000"
ARM GAS  /tmp/ccTXXRJ5.s 			page 33


 1668      6E697400 
 1669              	.LASF107:
 1670 0374 6166726C 		.ascii	"afrl\000"
 1670      00
 1671              	.LASF95:
 1672 0379 735F636E 		.ascii	"s_cnt\000"
 1672      7400
 1673              	.LASF42:
 1674 037f 705F6D74 		.ascii	"p_mtxlist\000"
 1674      786C6973 
 1674      7400
 1675              	.LASF5:
 1676 0389 73686F72 		.ascii	"short int\000"
 1676      7420696E 
 1676      7400
 1677              	.LASF35:
 1678 0393 705F7374 		.ascii	"p_state\000"
 1678      61746500 
 1679              	.LASF130:
 1680 039b 626F6172 		.ascii	"boardInit\000"
 1680      64496E69 
 1680      7400
 1681              	.LASF54:
 1682 03a5 725F7072 		.ascii	"r_prio\000"
 1682      696F00
 1683              	.LASF132:
 1684 03ac 474E5520 		.ascii	"GNU C11 5.3.1 20160307 (release) [ARM/embedded-5-br"
 1684      43313120 
 1684      352E332E 
 1684      31203230 
 1684      31363033 
 1685 03df 616E6368 		.ascii	"anch revision 234589] -mcpu=cortex-m4 -mno-thumb-in"
 1685      20726576 
 1685      6973696F 
 1685      6E203233 
 1685      34353839 
 1686 0412 74657277 		.ascii	"terwork -mthumb -ggdb -O2 -fomit-frame-pointer -fal"
 1686      6F726B20 
 1686      2D6D7468 
 1686      756D6220 
 1686      2D676764 
 1687 0445 69676E2D 		.ascii	"ign-functions=16 -ffunction-sections -fdata-section"
 1687      66756E63 
 1687      74696F6E 
 1687      733D3136 
 1687      202D6666 
 1688 0478 73202D66 		.ascii	"s -fno-common\000"
 1688      6E6F2D63 
 1688      6F6D6D6F 
 1688      6E00
 1689              	.LASF110:
 1690 0486 50414461 		.ascii	"PAData\000"
 1690      746100
 1691              	.LASF92:
 1692 048d 65776D61 		.ascii	"ewmask\000"
 1692      736B00
 1693              	.LASF28:
ARM GAS  /tmp/ccTXXRJ5.s 			page 34


 1694 0494 705F6E65 		.ascii	"p_next\000"
 1694      787400
 1695              	.LASF36:
 1696 049b 705F666C 		.ascii	"p_flags\000"
 1696      61677300 
 1697              	.LASF118:
 1698 04a3 50494461 		.ascii	"PIData\000"
 1698      746100
 1699              	.LASF61:
 1700 04aa 63685F76 		.ascii	"ch_virtual_timer\000"
 1700      69727475 
 1700      616C5F74 
 1700      696D6572 
 1700      00
 1701              	.LASF93:
 1702 04bb 63685F73 		.ascii	"ch_semaphore\000"
 1702      656D6170 
 1702      686F7265 
 1702      00
 1703              	.LASF41:
 1704 04c8 705F6570 		.ascii	"p_epending\000"
 1704      656E6469 
 1704      6E6700
 1705              	.LASF16:
 1706 04d3 75696E74 		.ascii	"uint32_t\000"
 1706      33325F74 
 1706      00
 1707              	.LASF91:
 1708 04dc 77746D74 		.ascii	"wtmtxp\000"
 1708      787000
 1709              	.LASF53:
 1710 04e3 725F7175 		.ascii	"r_queue\000"
 1710      65756500 
 1711              	.LASF64:
 1712 04eb 76745F64 		.ascii	"vt_delta\000"
 1712      656C7461 
 1712      00
 1713              	.LASF48:
 1714 04f4 63685F74 		.ascii	"ch_threads_list\000"
 1714      68726561 
 1714      64735F6C 
 1714      69737400 
 1715              	.LASF11:
 1716 0504 6C6F6E67 		.ascii	"long unsigned int\000"
 1716      20756E73 
 1716      69676E65 
 1716      6420696E 
 1716      7400
 1717              	.LASF100:
 1718 0516 63686172 		.ascii	"char\000"
 1718      00
 1719              	.LASF128:
 1720 051b 75736249 		.ascii	"usbInit\000"
 1720      6E697400 
 1721              	.LASF27:
 1722 0523 74687265 		.ascii	"thread_t\000"
 1722      61645F74 
ARM GAS  /tmp/ccTXXRJ5.s 			page 35


 1722      00
 1723              	.LASF99:
 1724 052c 6D5F6E65 		.ascii	"m_next\000"
 1724      787400
 1725              	.LASF26:
 1726 0533 73797374 		.ascii	"systime_t\000"
 1726      696D655F 
 1726      7400
 1727              	.LASF43:
 1728 053d 705F7265 		.ascii	"p_realprio\000"
 1728      616C7072 
 1728      696F00
 1729              	.LASF59:
 1730 0548 76746675 		.ascii	"vtfunc_t\000"
 1730      6E635F74 
 1730      00
 1731              	.LASF10:
 1732 0551 5F5F7569 		.ascii	"__uint32_t\000"
 1732      6E743332 
 1732      5F7400
 1733              	.LASF72:
 1734 055c 70616E69 		.ascii	"panic_msg\000"
 1734      635F6D73 
 1734      6700
 1735              	.LASF84:
 1736 0566 6F666673 		.ascii	"offset\000"
 1736      657400
 1737              	.LASF82:
 1738 056d 636F6E74 		.ascii	"context\000"
 1738      65787400 
 1739              	.LASF122:
 1740 0575 68616C5F 		.ascii	"hal_lld_init\000"
 1740      6C6C645F 
 1740      696E6974 
 1740      00
 1741              	.LASF18:
 1742 0582 7274636E 		.ascii	"rtcnt_t\000"
 1742      745F7400 
 1743              	.LASF66:
 1744 058a 76745F70 		.ascii	"vt_par\000"
 1744      617200
 1745              	.LASF49:
 1746 0591 74687265 		.ascii	"threads_queue_t\000"
 1746      6164735F 
 1746      71756575 
 1746      655F7400 
 1747              	.LASF96:
 1748 05a1 63685F6D 		.ascii	"ch_mutex\000"
 1748      75746578 
 1748      00
 1749              	.LASF37:
 1750 05aa 705F7265 		.ascii	"p_refs\000"
 1750      667300
 1751              	.LASF123:
 1752 05b1 5F70616C 		.ascii	"_pal_lld_init\000"
 1752      5F6C6C64 
 1752      5F696E69 
ARM GAS  /tmp/ccTXXRJ5.s 			page 36


 1752      7400
 1753              	.LASF75:
 1754 05bf 726C6973 		.ascii	"rlist\000"
 1754      7400
 1755              	.LASF14:
 1756 05c5 75696E74 		.ascii	"uint8_t\000"
 1756      385F7400 
 1757              	.LASF88:
 1758 05cd 77746F62 		.ascii	"wtobjp\000"
 1758      6A7000
 1759              	.LASF34:
 1760 05d4 705F6E61 		.ascii	"p_name\000"
 1760      6D6500
 1761              	.LASF112:
 1762 05db 50434461 		.ascii	"PCData\000"
 1762      746100
 1763              	.LASF46:
 1764 05e2 74687265 		.ascii	"threads_list_t\000"
 1764      6164735F 
 1764      6C697374 
 1764      5F7400
 1765              	.LASF40:
 1766 05f1 705F6D73 		.ascii	"p_msg\000"
 1766      6700
 1767              	.LASF126:
 1768 05f7 7364496E 		.ascii	"sdInit\000"
 1768      697400
 1769              	.LASF119:
 1770 05fe 50414C43 		.ascii	"PALConfig\000"
 1770      6F6E6669 
 1770      6700
 1771              	.LASF98:
 1772 0608 6D5F6F77 		.ascii	"m_owner\000"
 1772      6E657200 
 1773              	.LASF121:
 1774 0610 70616C5F 		.ascii	"pal_default_config\000"
 1774      64656661 
 1774      756C745F 
 1774      636F6E66 
 1774      696700
 1775              	.LASF31:
 1776 0623 705F6374 		.ascii	"p_ctx\000"
 1776      7800
 1777              	.LASF65:
 1778 0629 76745F66 		.ascii	"vt_func\000"
 1778      756E6300 
 1779              		.ident	"GCC: (GNU Tools for ARM Embedded Processors) 5.3.1 20160307 (release) [ARM/embedded-5-bran
ARM GAS  /tmp/ccTXXRJ5.s 			page 37


DEFINED SYMBOLS
                            *ABS*:0000000000000000 hal.c
     /tmp/ccTXXRJ5.s:20     .text.halInit:0000000000000000 $t
     /tmp/ccTXXRJ5.s:26     .text.halInit:0000000000000000 halInit
     /tmp/ccTXXRJ5.s:76     .text.halInit:0000000000000030 $d
                     .debug_frame:0000000000000010 $d

UNDEFINED SYMBOLS
hal_lld_init
_pal_lld_init
adcInit
pwmInit
sdInit
spiInit
usbInit
sduInit
boardInit
stInit
pal_default_config
