ARM GAS  /tmp/cc9TvVwk.s 			page 1


   1              		.syntax unified
   2              		.cpu cortex-m4
   3              		.fpu softvfp
   4              		.eabi_attribute 20, 1
   5              		.eabi_attribute 21, 1
   6              		.eabi_attribute 23, 3
   7              		.eabi_attribute 24, 1
   8              		.eabi_attribute 25, 1
   9              		.eabi_attribute 26, 1
  10              		.eabi_attribute 30, 2
  11              		.eabi_attribute 34, 1
  12              		.eabi_attribute 18, 4
  13              		.thumb
  14              		.syntax unified
  15              		.file	"board.c"
  16              		.text
  17              	.Ltext0:
  18              		.cfi_sections	.debug_frame
  19              		.section	.text.__early_init,"ax",%progbits
  20              		.align	2
  21              		.p2align 4,,15
  22              		.global	__early_init
  23              		.thumb
  24              		.thumb_func
  25              		.type	__early_init, %function
  26              	__early_init:
  27              	.LFB258:
  28              		.file 1 "/home/selim/working/ChibiOS/os/hal/boards/ST_STM32F4_DISCOVERY/board.c"
  29              		.loc 1 70 0
  30              		.cfi_startproc
  31              		@ args = 0, pretend = 0, frame = 0
  32              		@ frame_needed = 0, uses_anonymous_args = 0
  33              		@ link register save eliminated.
  34              		.loc 1 72 0
  35 0000 FFF7FEBF 		b	stm32_clock_init
  36              	.LVL0:
  37              		.cfi_endproc
  38              	.LFE258:
  39              		.size	__early_init, .-__early_init
  40              		.section	.text.boardInit,"ax",%progbits
  41              		.align	2
  42              		.p2align 4,,15
  43              		.global	boardInit
  44              		.thumb
  45              		.thumb_func
  46              		.type	boardInit, %function
  47              	boardInit:
  48              	.LFB259:
  49              		.loc 1 123 0
  50              		.cfi_startproc
  51              		@ args = 0, pretend = 0, frame = 0
  52              		@ frame_needed = 0, uses_anonymous_args = 0
  53              		@ link register save eliminated.
  54 0000 7047     		bx	lr
  55              		.cfi_endproc
  56              	.LFE259:
  57              		.size	boardInit, .-boardInit
ARM GAS  /tmp/cc9TvVwk.s 			page 2


  58              		.global	pal_default_config
  59 0002 00BF     		.section	.rodata.pal_default_config,"a",%progbits
  60              		.align	2
  61              		.type	pal_default_config, %object
  62              		.size	pal_default_config, 252
  63              	pal_default_config:
  64 0000 00AAA02A 		.word	715172352
  65 0004 00000000 		.word	0
  66 0008 FFABFFFF 		.word	-21505
  67 000c 54000140 		.word	1073807444
  68 0010 FFFF0000 		.word	65535
  69 0014 00005655 		.word	1431699456
  70 0018 00AA0A00 		.word	698880
  71 001c 80200800 		.word	532608
  72 0020 40020000 		.word	576
  73 0024 FFFFFFFF 		.word	-1
  74 0028 15455155 		.word	1431389461
  75 002c FFFF0000 		.word	65535
  76 0030 00000004 		.word	67108864
  77 0034 40000000 		.word	64
  78 0038 01802002 		.word	35684353
  79 003c 00000000 		.word	0
  80 0040 FFFFFFFF 		.word	-1
  81 0044 54154554 		.word	1413813588
  82 0048 FFFF0000 		.word	65535
  83 004c 00000060 		.word	1610612736
  84 0050 00060600 		.word	394752
  85 0054 00010055 		.word	1426063616
  86 0058 00000000 		.word	0
  87 005c FFFFFFFF 		.word	-1
  88 0060 55505500 		.word	5591125
  89 0064 FF0F0000 		.word	4095
  90 0068 00000000 		.word	0
  91 006c 00000000 		.word	0
  92 0070 40000000 		.word	64
  93 0074 00000000 		.word	0
  94 0078 FFFFFFFF 		.word	-1
  95 007c 00000000 		.word	0
  96 0080 FFFF0000 		.word	65535
  97 0084 00000000 		.word	0
  98 0088 00000000 		.word	0
  99 008c 00000000 		.word	0
 100 0090 00000000 		.word	0
 101 0094 FFFFFFFF 		.word	-1
 102 0098 00000000 		.word	0
 103 009c FFFF0000 		.word	65535
 104 00a0 00000000 		.word	0
 105 00a4 00000000 		.word	0
 106 00a8 00000000 		.word	0
 107 00ac 00000000 		.word	0
 108 00b0 FFFFFFFF 		.word	-1
 109 00b4 00000000 		.word	0
 110 00b8 FFFF0000 		.word	65535
 111 00bc 00000000 		.word	0
 112 00c0 00000000 		.word	0
 113 00c4 00000000 		.word	0
 114 00c8 00000000 		.word	0
ARM GAS  /tmp/cc9TvVwk.s 			page 3


 115 00cc FFFFFFFF 		.word	-1
 116 00d0 00000000 		.word	0
 117 00d4 FFFF0000 		.word	65535
 118 00d8 00000000 		.word	0
 119 00dc 00000000 		.word	0
 120 00e0 00000000 		.word	0
 121 00e4 00000000 		.word	0
 122 00e8 FFFFFFFF 		.word	-1
 123 00ec 00000000 		.word	0
 124 00f0 FFFF0000 		.word	65535
 125 00f4 00000000 		.word	0
 126 00f8 00000000 		.word	0
 127              		.text
 128              	.Letext0:
 129              		.file 2 "/usr/lib/gcc/arm-none-eabi/5.3.1/include/stddef.h"
 130              		.file 3 "/usr/arm-none-eabi/include/machine/_default_types.h"
 131              		.file 4 "/usr/arm-none-eabi/include/sys/_stdint.h"
 132              		.file 5 "/home/selim/working/ChibiOS/os/rt/ports/ARMCMx/compilers/GCC/chtypes.h"
 133              		.file 6 "/home/selim/working/ChibiOS/os/rt/include/chsystypes.h"
 134              		.file 7 "/home/selim/working/ChibiOS/os/rt/include/chschd.h"
 135              		.file 8 "/home/selim/working/ChibiOS/os/rt/ports/ARMCMx/chcore.h"
 136              		.file 9 "/home/selim/working/ChibiOS/os/rt/ports/ARMCMx/chcore_v7m.h"
 137              		.file 10 "/home/selim/working/ChibiOS/os/rt/include/chdebug.h"
 138              		.file 11 "/home/selim/working/ChibiOS/os/rt/include/chtm.h"
 139              		.file 12 "/home/selim/working/ChibiOS/os/rt/include/chstats.h"
 140              		.file 13 "/home/selim/working/ChibiOS/os/rt/include/chsem.h"
 141              		.file 14 "/home/selim/working/ChibiOS/os/rt/include/chmtx.h"
 142              		.file 15 "/home/selim/working/ChibiOS/os/hal/ports/STM32/LLD/GPIOv2/pal_lld.h"
 143              		.file 16 "/home/selim/working/ChibiOS/os/ext/CMSIS/include/core_cm4.h"
 144              		.file 17 "/home/selim/working/ChibiOS/os/hal/ports/STM32/STM32F4xx/hal_lld.h"
 145              		.section	.debug_info,"",%progbits
 146              	.Ldebug_info0:
 147 0000 11090000 		.4byte	0x911
 148 0004 0400     		.2byte	0x4
 149 0006 00000000 		.4byte	.Ldebug_abbrev0
 150 000a 04       		.byte	0x4
 151 000b 01       		.uleb128 0x1
 152 000c 8A040000 		.4byte	.LASF150
 153 0010 0C       		.byte	0xc
 154 0011 34020000 		.4byte	.LASF151
 155 0015 00000000 		.4byte	.Ldebug_ranges0+0
 156 0019 00000000 		.4byte	0
 157 001d 00000000 		.4byte	.Ldebug_line0
 158 0021 02       		.uleb128 0x2
 159 0022 04       		.byte	0x4
 160 0023 05       		.byte	0x5
 161 0024 696E7400 		.ascii	"int\000"
 162 0028 03       		.uleb128 0x3
 163 0029 2F000000 		.4byte	.LASF4
 164 002d 02       		.byte	0x2
 165 002e D8       		.byte	0xd8
 166 002f 33000000 		.4byte	0x33
 167 0033 04       		.uleb128 0x4
 168 0034 04       		.byte	0x4
 169 0035 07       		.byte	0x7
 170 0036 18020000 		.4byte	.LASF0
 171 003a 04       		.uleb128 0x4
ARM GAS  /tmp/cc9TvVwk.s 			page 4


 172 003b 08       		.byte	0x8
 173 003c 05       		.byte	0x5
 174 003d 28010000 		.4byte	.LASF1
 175 0041 04       		.uleb128 0x4
 176 0042 08       		.byte	0x8
 177 0043 04       		.byte	0x4
 178 0044 82030000 		.4byte	.LASF2
 179 0048 04       		.uleb128 0x4
 180 0049 01       		.byte	0x1
 181 004a 06       		.byte	0x6
 182 004b 36010000 		.4byte	.LASF3
 183 004f 03       		.uleb128 0x3
 184 0050 53000000 		.4byte	.LASF5
 185 0054 03       		.byte	0x3
 186 0055 1D       		.byte	0x1d
 187 0056 5A000000 		.4byte	0x5a
 188 005a 04       		.uleb128 0x4
 189 005b 01       		.byte	0x1
 190 005c 08       		.byte	0x8
 191 005d 44040000 		.4byte	.LASF6
 192 0061 04       		.uleb128 0x4
 193 0062 02       		.byte	0x2
 194 0063 05       		.byte	0x5
 195 0064 67040000 		.4byte	.LASF7
 196 0068 04       		.uleb128 0x4
 197 0069 02       		.byte	0x2
 198 006a 07       		.byte	0x7
 199 006b B2020000 		.4byte	.LASF8
 200 006f 03       		.uleb128 0x3
 201 0070 29030000 		.4byte	.LASF9
 202 0074 03       		.byte	0x3
 203 0075 3F       		.byte	0x3f
 204 0076 7A000000 		.4byte	0x7a
 205 007a 04       		.uleb128 0x4
 206 007b 04       		.byte	0x4
 207 007c 05       		.byte	0x5
 208 007d 68010000 		.4byte	.LASF10
 209 0081 03       		.uleb128 0x3
 210 0082 34060000 		.4byte	.LASF11
 211 0086 03       		.byte	0x3
 212 0087 41       		.byte	0x41
 213 0088 8C000000 		.4byte	0x8c
 214 008c 04       		.uleb128 0x4
 215 008d 04       		.byte	0x4
 216 008e 07       		.byte	0x7
 217 008f EA050000 		.4byte	.LASF12
 218 0093 03       		.uleb128 0x3
 219 0094 E6030000 		.4byte	.LASF13
 220 0098 03       		.byte	0x3
 221 0099 5B       		.byte	0x5b
 222 009a 9E000000 		.4byte	0x9e
 223 009e 04       		.uleb128 0x4
 224 009f 08       		.byte	0x8
 225 00a0 07       		.byte	0x7
 226 00a1 A9000000 		.4byte	.LASF14
 227 00a5 03       		.uleb128 0x3
 228 00a6 9F060000 		.4byte	.LASF15
ARM GAS  /tmp/cc9TvVwk.s 			page 5


 229 00aa 04       		.byte	0x4
 230 00ab 14       		.byte	0x14
 231 00ac 4F000000 		.4byte	0x4f
 232 00b0 03       		.uleb128 0x3
 233 00b1 3C040000 		.4byte	.LASF16
 234 00b5 04       		.byte	0x4
 235 00b6 1F       		.byte	0x1f
 236 00b7 6F000000 		.4byte	0x6f
 237 00bb 03       		.uleb128 0x3
 238 00bc B9050000 		.4byte	.LASF17
 239 00c0 04       		.byte	0x4
 240 00c1 20       		.byte	0x20
 241 00c2 81000000 		.4byte	0x81
 242 00c6 03       		.uleb128 0x3
 243 00c7 3D000000 		.4byte	.LASF18
 244 00cb 04       		.byte	0x4
 245 00cc 26       		.byte	0x26
 246 00cd 93000000 		.4byte	0x93
 247 00d1 05       		.uleb128 0x5
 248 00d2 B0000000 		.4byte	0xb0
 249 00d6 03       		.uleb128 0x3
 250 00d7 58060000 		.4byte	.LASF19
 251 00db 05       		.byte	0x5
 252 00dc 46       		.byte	0x46
 253 00dd BB000000 		.4byte	0xbb
 254 00e1 03       		.uleb128 0x3
 255 00e2 18010000 		.4byte	.LASF20
 256 00e6 05       		.byte	0x5
 257 00e7 47       		.byte	0x47
 258 00e8 C6000000 		.4byte	0xc6
 259 00ec 03       		.uleb128 0x3
 260 00ed FC020000 		.4byte	.LASF21
 261 00f1 05       		.byte	0x5
 262 00f2 49       		.byte	0x49
 263 00f3 A5000000 		.4byte	0xa5
 264 00f7 03       		.uleb128 0x3
 265 00f8 78010000 		.4byte	.LASF22
 266 00fc 05       		.byte	0x5
 267 00fd 4A       		.byte	0x4a
 268 00fe A5000000 		.4byte	0xa5
 269 0102 03       		.uleb128 0x3
 270 0103 FC030000 		.4byte	.LASF23
 271 0107 05       		.byte	0x5
 272 0108 4B       		.byte	0x4b
 273 0109 A5000000 		.4byte	0xa5
 274 010d 03       		.uleb128 0x3
 275 010e 25040000 		.4byte	.LASF24
 276 0112 05       		.byte	0x5
 277 0113 4D       		.byte	0x4d
 278 0114 BB000000 		.4byte	0xbb
 279 0118 03       		.uleb128 0x3
 280 0119 DE020000 		.4byte	.LASF25
 281 011d 05       		.byte	0x5
 282 011e 4E       		.byte	0x4e
 283 011f B0000000 		.4byte	0xb0
 284 0123 03       		.uleb128 0x3
 285 0124 1D030000 		.4byte	.LASF26
ARM GAS  /tmp/cc9TvVwk.s 			page 6


 286 0128 05       		.byte	0x5
 287 0129 50       		.byte	0x50
 288 012a BB000000 		.4byte	0xbb
 289 012e 03       		.uleb128 0x3
 290 012f 07020000 		.4byte	.LASF27
 291 0133 05       		.byte	0x5
 292 0134 52       		.byte	0x52
 293 0135 B0000000 		.4byte	0xb0
 294 0139 03       		.uleb128 0x3
 295 013a E9020000 		.4byte	.LASF28
 296 013e 05       		.byte	0x5
 297 013f 53       		.byte	0x53
 298 0140 BB000000 		.4byte	0xbb
 299 0144 03       		.uleb128 0x3
 300 0145 16060000 		.4byte	.LASF29
 301 0149 06       		.byte	0x6
 302 014a 33       		.byte	0x33
 303 014b BB000000 		.4byte	0xbb
 304 014f 03       		.uleb128 0x3
 305 0150 01060000 		.4byte	.LASF30
 306 0154 06       		.byte	0x6
 307 0155 3F       		.byte	0x3f
 308 0156 5A010000 		.4byte	0x15a
 309 015a 06       		.uleb128 0x6
 310 015b D4020000 		.4byte	.LASF52
 311 015f 60       		.byte	0x60
 312 0160 07       		.byte	0x7
 313 0161 C2       		.byte	0xc2
 314 0162 60020000 		.4byte	0x260
 315 0166 07       		.uleb128 0x7
 316 0167 72050000 		.4byte	.LASF31
 317 016b 07       		.byte	0x7
 318 016c C3       		.byte	0xc3
 319 016d 6B020000 		.4byte	0x26b
 320 0171 00       		.byte	0
 321 0172 07       		.uleb128 0x7
 322 0173 1E040000 		.4byte	.LASF32
 323 0177 07       		.byte	0x7
 324 0178 C5       		.byte	0xc5
 325 0179 6B020000 		.4byte	0x26b
 326 017d 04       		.byte	0x4
 327 017e 07       		.uleb128 0x7
 328 017f 21010000 		.4byte	.LASF33
 329 0183 07       		.byte	0x7
 330 0184 C7       		.byte	0xc7
 331 0185 0D010000 		.4byte	0x10d
 332 0189 08       		.byte	0x8
 333 018a 07       		.uleb128 0x7
 334 018b 0B070000 		.4byte	.LASF34
 335 018f 07       		.byte	0x7
 336 0190 C8       		.byte	0xc8
 337 0191 D4040000 		.4byte	0x4d4
 338 0195 0C       		.byte	0xc
 339 0196 07       		.uleb128 0x7
 340 0197 87010000 		.4byte	.LASF35
 341 019b 07       		.byte	0x7
 342 019c CA       		.byte	0xca
ARM GAS  /tmp/cc9TvVwk.s 			page 7


 343 019d 6B020000 		.4byte	0x26b
 344 01a1 10       		.byte	0x10
 345 01a2 07       		.uleb128 0x7
 346 01a3 A9030000 		.4byte	.LASF36
 347 01a7 07       		.byte	0x7
 348 01a8 CB       		.byte	0xcb
 349 01a9 6B020000 		.4byte	0x26b
 350 01ad 14       		.byte	0x14
 351 01ae 07       		.uleb128 0x7
 352 01af AE060000 		.4byte	.LASF37
 353 01b3 07       		.byte	0x7
 354 01b4 D2       		.byte	0xd2
 355 01b5 78070000 		.4byte	0x778
 356 01b9 18       		.byte	0x18
 357 01ba 07       		.uleb128 0x7
 358 01bb 0D020000 		.4byte	.LASF38
 359 01bf 07       		.byte	0x7
 360 01c0 D8       		.byte	0xd8
 361 01c1 8A070000 		.4byte	0x78a
 362 01c5 1C       		.byte	0x1c
 363 01c6 07       		.uleb128 0x7
 364 01c7 71040000 		.4byte	.LASF39
 365 01cb 07       		.byte	0x7
 366 01cc DD       		.byte	0xdd
 367 01cd F7000000 		.4byte	0xf7
 368 01d1 20       		.byte	0x20
 369 01d2 07       		.uleb128 0x7
 370 01d3 79050000 		.4byte	.LASF40
 371 01d7 07       		.byte	0x7
 372 01d8 E1       		.byte	0xe1
 373 01d9 EC000000 		.4byte	0xec
 374 01dd 21       		.byte	0x21
 375 01de 07       		.uleb128 0x7
 376 01df 8A060000 		.4byte	.LASF41
 377 01e3 07       		.byte	0x7
 378 01e4 E6       		.byte	0xe6
 379 01e5 02010000 		.4byte	0x102
 380 01e9 22       		.byte	0x22
 381 01ea 08       		.uleb128 0x8
 382 01eb 705F7500 		.ascii	"p_u\000"
 383 01ef 07       		.byte	0x7
 384 01f0 3101     		.2byte	0x131
 385 01f2 B3060000 		.4byte	0x6b3
 386 01f6 24       		.byte	0x24
 387 01f7 09       		.uleb128 0x9
 388 01f8 45030000 		.4byte	.LASF42
 389 01fc 07       		.byte	0x7
 390 01fd 3601     		.2byte	0x136
 391 01ff 71020000 		.4byte	0x271
 392 0203 28       		.byte	0x28
 393 0204 09       		.uleb128 0x9
 394 0205 7B020000 		.4byte	.LASF43
 395 0209 07       		.byte	0x7
 396 020a 3C01     		.2byte	0x13c
 397 020c 95020000 		.4byte	0x295
 398 0210 2C       		.byte	0x2c
 399 0211 09       		.uleb128 0x9
ARM GAS  /tmp/cc9TvVwk.s 			page 8


 400 0212 D8060000 		.4byte	.LASF44
 401 0216 07       		.byte	0x7
 402 0217 4001     		.2byte	0x140
 403 0219 18010000 		.4byte	0x118
 404 021d 34       		.byte	0x34
 405 021e 09       		.uleb128 0x9
 406 021f AE050000 		.4byte	.LASF45
 407 0223 07       		.byte	0x7
 408 0224 4601     		.2byte	0x146
 409 0226 23010000 		.4byte	0x123
 410 022a 38       		.byte	0x38
 411 022b 09       		.uleb128 0x9
 412 022c 5D040000 		.4byte	.LASF46
 413 0230 07       		.byte	0x7
 414 0231 4D01     		.2byte	0x14d
 415 0233 72070000 		.4byte	0x772
 416 0237 3C       		.byte	0x3c
 417 0238 09       		.uleb128 0x9
 418 0239 20060000 		.4byte	.LASF47
 419 023d 07       		.byte	0x7
 420 023e 5101     		.2byte	0x151
 421 0240 0D010000 		.4byte	0x10d
 422 0244 40       		.byte	0x40
 423 0245 09       		.uleb128 0x9
 424 0246 42010000 		.4byte	.LASF48
 425 024a 07       		.byte	0x7
 426 024b 5801     		.2byte	0x158
 427 024d 48030000 		.4byte	0x348
 428 0251 44       		.byte	0x44
 429 0252 09       		.uleb128 0x9
 430 0253 81050000 		.4byte	.LASF49
 431 0257 07       		.byte	0x7
 432 0258 5E01     		.2byte	0x15e
 433 025a 64060000 		.4byte	0x664
 434 025e 48       		.byte	0x48
 435 025f 00       		.byte	0
 436 0260 03       		.uleb128 0x3
 437 0261 58030000 		.4byte	.LASF50
 438 0265 06       		.byte	0x6
 439 0266 44       		.byte	0x44
 440 0267 6B020000 		.4byte	0x26b
 441 026b 0A       		.uleb128 0xa
 442 026c 04       		.byte	0x4
 443 026d 4F010000 		.4byte	0x14f
 444 0271 03       		.uleb128 0x3
 445 0272 BC060000 		.4byte	.LASF51
 446 0276 06       		.byte	0x6
 447 0277 49       		.byte	0x49
 448 0278 7C020000 		.4byte	0x27c
 449 027c 06       		.uleb128 0x6
 450 027d DA050000 		.4byte	.LASF53
 451 0281 04       		.byte	0x4
 452 0282 07       		.byte	0x7
 453 0283 B0       		.byte	0xb0
 454 0284 95020000 		.4byte	0x295
 455 0288 07       		.uleb128 0x7
 456 0289 72050000 		.4byte	.LASF31
ARM GAS  /tmp/cc9TvVwk.s 			page 9


 457 028d 07       		.byte	0x7
 458 028e B1       		.byte	0xb1
 459 028f 6B020000 		.4byte	0x26b
 460 0293 00       		.byte	0
 461 0294 00       		.byte	0
 462 0295 03       		.uleb128 0x3
 463 0296 71060000 		.4byte	.LASF54
 464 029a 06       		.byte	0x6
 465 029b 50       		.byte	0x50
 466 029c A0020000 		.4byte	0x2a0
 467 02a0 06       		.uleb128 0x6
 468 02a1 69000000 		.4byte	.LASF55
 469 02a5 08       		.byte	0x8
 470 02a6 07       		.byte	0x7
 471 02a7 B7       		.byte	0xb7
 472 02a8 C5020000 		.4byte	0x2c5
 473 02ac 07       		.uleb128 0x7
 474 02ad 72050000 		.4byte	.LASF31
 475 02b1 07       		.byte	0x7
 476 02b2 B8       		.byte	0xb8
 477 02b3 6B020000 		.4byte	0x26b
 478 02b7 00       		.byte	0
 479 02b8 07       		.uleb128 0x7
 480 02b9 1E040000 		.4byte	.LASF32
 481 02bd 07       		.byte	0x7
 482 02be B9       		.byte	0xb9
 483 02bf 6B020000 		.4byte	0x26b
 484 02c3 04       		.byte	0x4
 485 02c4 00       		.byte	0
 486 02c5 03       		.uleb128 0x3
 487 02c6 1A000000 		.4byte	.LASF56
 488 02ca 06       		.byte	0x6
 489 02cb 57       		.byte	0x57
 490 02cc D0020000 		.4byte	0x2d0
 491 02d0 0B       		.uleb128 0xb
 492 02d1 0F030000 		.4byte	.LASF57
 493 02d5 1C       		.byte	0x1c
 494 02d6 07       		.byte	0x7
 495 02d7 9001     		.2byte	0x190
 496 02d9 2C030000 		.4byte	0x32c
 497 02dd 09       		.uleb128 0x9
 498 02de C9050000 		.4byte	.LASF58
 499 02e2 07       		.byte	0x7
 500 02e3 9101     		.2byte	0x191
 501 02e5 95020000 		.4byte	0x295
 502 02e9 00       		.byte	0
 503 02ea 09       		.uleb128 0x9
 504 02eb 83040000 		.4byte	.LASF59
 505 02ef 07       		.byte	0x7
 506 02f0 9201     		.2byte	0x192
 507 02f2 0D010000 		.4byte	0x10d
 508 02f6 08       		.byte	0x8
 509 02f7 09       		.uleb128 0x9
 510 02f8 B1030000 		.4byte	.LASF60
 511 02fc 07       		.byte	0x7
 512 02fd 9401     		.2byte	0x194
 513 02ff D4040000 		.4byte	0x4d4
ARM GAS  /tmp/cc9TvVwk.s 			page 10


 514 0303 0C       		.byte	0xc
 515 0304 09       		.uleb128 0x9
 516 0305 9F010000 		.4byte	.LASF61
 517 0309 07       		.byte	0x7
 518 030a 9701     		.2byte	0x197
 519 030c 6B020000 		.4byte	0x26b
 520 0310 10       		.byte	0x10
 521 0311 09       		.uleb128 0x9
 522 0312 DE030000 		.4byte	.LASF62
 523 0316 07       		.byte	0x7
 524 0317 9801     		.2byte	0x198
 525 0319 6B020000 		.4byte	0x26b
 526 031d 14       		.byte	0x14
 527 031e 09       		.uleb128 0x9
 528 031f D4030000 		.4byte	.LASF63
 529 0323 07       		.byte	0x7
 530 0324 9B01     		.2byte	0x19b
 531 0326 6B020000 		.4byte	0x26b
 532 032a 18       		.byte	0x18
 533 032b 00       		.byte	0
 534 032c 03       		.uleb128 0x3
 535 032d 2B060000 		.4byte	.LASF64
 536 0331 06       		.byte	0x6
 537 0332 5C       		.byte	0x5c
 538 0333 37030000 		.4byte	0x337
 539 0337 0A       		.uleb128 0xa
 540 0338 04       		.byte	0x4
 541 0339 3D030000 		.4byte	0x33d
 542 033d 0C       		.uleb128 0xc
 543 033e 48030000 		.4byte	0x348
 544 0342 0D       		.uleb128 0xd
 545 0343 48030000 		.4byte	0x348
 546 0347 00       		.byte	0
 547 0348 0E       		.uleb128 0xe
 548 0349 04       		.byte	0x4
 549 034a 03       		.uleb128 0x3
 550 034b 0E040000 		.4byte	.LASF65
 551 034f 06       		.byte	0x6
 552 0350 61       		.byte	0x61
 553 0351 55030000 		.4byte	0x355
 554 0355 0B       		.uleb128 0xb
 555 0356 90050000 		.4byte	.LASF66
 556 035a 14       		.byte	0x14
 557 035b 07       		.byte	0x7
 558 035c 6B01     		.2byte	0x16b
 559 035e A4030000 		.4byte	0x3a4
 560 0362 09       		.uleb128 0x9
 561 0363 25020000 		.4byte	.LASF67
 562 0367 07       		.byte	0x7
 563 0368 6C01     		.2byte	0x16c
 564 036a 90070000 		.4byte	0x790
 565 036e 00       		.byte	0
 566 036f 09       		.uleb128 0x9
 567 0370 B0010000 		.4byte	.LASF68
 568 0374 07       		.byte	0x7
 569 0375 6D01     		.2byte	0x16d
 570 0377 90070000 		.4byte	0x790
ARM GAS  /tmp/cc9TvVwk.s 			page 11


 571 037b 04       		.byte	0x4
 572 037c 09       		.uleb128 0x9
 573 037d D1050000 		.4byte	.LASF69
 574 0381 07       		.byte	0x7
 575 0382 6E01     		.2byte	0x16e
 576 0384 44010000 		.4byte	0x144
 577 0388 08       		.byte	0x8
 578 0389 09       		.uleb128 0x9
 579 038a 11070000 		.4byte	.LASF70
 580 038e 07       		.byte	0x7
 581 038f 6F01     		.2byte	0x16f
 582 0391 2C030000 		.4byte	0x32c
 583 0395 0C       		.byte	0xc
 584 0396 09       		.uleb128 0x9
 585 0397 60060000 		.4byte	.LASF71
 586 039b 07       		.byte	0x7
 587 039c 7101     		.2byte	0x171
 588 039e 48030000 		.4byte	0x348
 589 03a2 10       		.byte	0x10
 590 03a3 00       		.byte	0
 591 03a4 03       		.uleb128 0x3
 592 03a5 F5000000 		.4byte	.LASF72
 593 03a9 06       		.byte	0x6
 594 03aa 66       		.byte	0x66
 595 03ab AF030000 		.4byte	0x3af
 596 03af 0B       		.uleb128 0xb
 597 03b0 6B030000 		.4byte	.LASF73
 598 03b4 10       		.byte	0x10
 599 03b5 07       		.byte	0x7
 600 03b6 7B01     		.2byte	0x17b
 601 03b8 F1030000 		.4byte	0x3f1
 602 03bc 09       		.uleb128 0x9
 603 03bd 25020000 		.4byte	.LASF67
 604 03c1 07       		.byte	0x7
 605 03c2 7C01     		.2byte	0x17c
 606 03c4 90070000 		.4byte	0x790
 607 03c8 00       		.byte	0
 608 03c9 09       		.uleb128 0x9
 609 03ca B0010000 		.4byte	.LASF68
 610 03ce 07       		.byte	0x7
 611 03cf 7E01     		.2byte	0x17e
 612 03d1 90070000 		.4byte	0x790
 613 03d5 04       		.byte	0x4
 614 03d6 09       		.uleb128 0x9
 615 03d7 D1050000 		.4byte	.LASF69
 616 03db 07       		.byte	0x7
 617 03dc 8001     		.2byte	0x180
 618 03de 44010000 		.4byte	0x144
 619 03e2 08       		.byte	0x8
 620 03e3 09       		.uleb128 0x9
 621 03e4 9D030000 		.4byte	.LASF74
 622 03e8 07       		.byte	0x7
 623 03e9 8801     		.2byte	0x188
 624 03eb 44010000 		.4byte	0x144
 625 03ef 0C       		.byte	0xc
 626 03f0 00       		.byte	0
 627 03f1 03       		.uleb128 0x3
ARM GAS  /tmp/cc9TvVwk.s 			page 12


 628 03f2 7A000000 		.4byte	.LASF75
 629 03f6 06       		.byte	0x6
 630 03f7 6B       		.byte	0x6b
 631 03f8 FC030000 		.4byte	0x3fc
 632 03fc 0F       		.uleb128 0xf
 633 03fd BF010000 		.4byte	.LASF76
 634 0401 1404     		.2byte	0x414
 635 0403 07       		.byte	0x7
 636 0404 A201     		.2byte	0x1a2
 637 0406 3F040000 		.4byte	0x43f
 638 040a 09       		.uleb128 0x9
 639 040b 3F060000 		.4byte	.LASF77
 640 040f 07       		.byte	0x7
 641 0410 AA01     		.2byte	0x1aa
 642 0412 96070000 		.4byte	0x796
 643 0416 00       		.byte	0
 644 0417 09       		.uleb128 0x9
 645 0418 91060000 		.4byte	.LASF78
 646 041c 07       		.byte	0x7
 647 041d AF01     		.2byte	0x1af
 648 041f 2E010000 		.4byte	0x12e
 649 0423 04       		.byte	0x4
 650 0424 09       		.uleb128 0x9
 651 0425 EF010000 		.4byte	.LASF79
 652 0429 07       		.byte	0x7
 653 042a B301     		.2byte	0x1b3
 654 042c 2E010000 		.4byte	0x12e
 655 0430 08       		.byte	0x8
 656 0431 09       		.uleb128 0x9
 657 0432 CB060000 		.4byte	.LASF80
 658 0436 07       		.byte	0x7
 659 0437 B901     		.2byte	0x1b9
 660 0439 F6050000 		.4byte	0x5f6
 661 043d 0C       		.byte	0xc
 662 043e 00       		.byte	0
 663 043f 03       		.uleb128 0x3
 664 0440 F0020000 		.4byte	.LASF81
 665 0444 06       		.byte	0x6
 666 0445 70       		.byte	0x70
 667 0446 4A040000 		.4byte	0x44a
 668 044a 0F       		.uleb128 0xf
 669 044b 5E010000 		.4byte	.LASF82
 670 044f D805     		.2byte	0x5d8
 671 0451 07       		.byte	0x7
 672 0452 C201     		.2byte	0x1c2
 673 0454 B7040000 		.4byte	0x4b7
 674 0458 09       		.uleb128 0x9
 675 0459 99060000 		.4byte	.LASF83
 676 045d 07       		.byte	0x7
 677 045e C601     		.2byte	0x1c6
 678 0460 C5020000 		.4byte	0x2c5
 679 0464 00       		.byte	0
 680 0465 09       		.uleb128 0x9
 681 0466 B8010000 		.4byte	.LASF84
 682 046a 07       		.byte	0x7
 683 046b CA01     		.2byte	0x1ca
 684 046d A4030000 		.4byte	0x3a4
ARM GAS  /tmp/cc9TvVwk.s 			page 13


 685 0471 1C       		.byte	0x1c
 686 0472 08       		.uleb128 0x8
 687 0473 64626700 		.ascii	"dbg\000"
 688 0477 07       		.byte	0x7
 689 0478 CE01     		.2byte	0x1ce
 690 047a F1030000 		.4byte	0x3f1
 691 047e 2C       		.byte	0x2c
 692 047f 10       		.uleb128 0x10
 693 0480 EA000000 		.4byte	.LASF85
 694 0484 07       		.byte	0x7
 695 0485 D201     		.2byte	0x1d2
 696 0487 4F010000 		.4byte	0x14f
 697 048b 4004     		.2byte	0x440
 698 048d 11       		.uleb128 0x11
 699 048e 746D00   		.ascii	"tm\000"
 700 0491 07       		.byte	0x7
 701 0492 D701     		.2byte	0x1d7
 702 0494 16060000 		.4byte	0x616
 703 0498 A004     		.2byte	0x4a0
 704 049a 10       		.uleb128 0x10
 705 049b 46000000 		.4byte	.LASF86
 706 049f 07       		.byte	0x7
 707 04a0 DD01     		.2byte	0x1dd
 708 04a2 A8060000 		.4byte	0x6a8
 709 04a6 A804     		.2byte	0x4a8
 710 04a8 10       		.uleb128 0x10
 711 04a9 F8010000 		.4byte	.LASF87
 712 04ad 07       		.byte	0x7
 713 04ae E301     		.2byte	0x1e3
 714 04b0 9B070000 		.4byte	0x79b
 715 04b4 E004     		.2byte	0x4e0
 716 04b6 00       		.byte	0
 717 04b7 04       		.uleb128 0x4
 718 04b8 04       		.byte	0x4
 719 04b9 07       		.byte	0x7
 720 04ba 4F030000 		.4byte	.LASF88
 721 04be 03       		.uleb128 0x3
 722 04bf A7010000 		.4byte	.LASF89
 723 04c3 08       		.byte	0x8
 724 04c4 65       		.byte	0x65
 725 04c5 48030000 		.4byte	0x348
 726 04c9 03       		.uleb128 0x3
 727 04ca 3A030000 		.4byte	.LASF90
 728 04ce 08       		.byte	0x8
 729 04cf 6D       		.byte	0x6d
 730 04d0 C6000000 		.4byte	0xc6
 731 04d4 06       		.uleb128 0x6
 732 04d5 50060000 		.4byte	.LASF91
 733 04d9 04       		.byte	0x4
 734 04da 08       		.byte	0x8
 735 04db 89       		.byte	0x89
 736 04dc ED040000 		.4byte	0x4ed
 737 04e0 12       		.uleb128 0x12
 738 04e1 72313300 		.ascii	"r13\000"
 739 04e5 08       		.byte	0x8
 740 04e6 8A       		.byte	0x8a
 741 04e7 68050000 		.4byte	0x568
ARM GAS  /tmp/cc9TvVwk.s 			page 14


 742 04eb 00       		.byte	0
 743 04ec 00       		.byte	0
 744 04ed 06       		.uleb128 0x6
 745 04ee 5D000000 		.4byte	.LASF92
 746 04f2 24       		.byte	0x24
 747 04f3 09       		.byte	0x9
 748 04f4 F4       		.byte	0xf4
 749 04f5 68050000 		.4byte	0x568
 750 04f9 08       		.uleb128 0x8
 751 04fa 723400   		.ascii	"r4\000"
 752 04fd 09       		.byte	0x9
 753 04fe 0701     		.2byte	0x107
 754 0500 BE040000 		.4byte	0x4be
 755 0504 00       		.byte	0
 756 0505 08       		.uleb128 0x8
 757 0506 723500   		.ascii	"r5\000"
 758 0509 09       		.byte	0x9
 759 050a 0801     		.2byte	0x108
 760 050c BE040000 		.4byte	0x4be
 761 0510 04       		.byte	0x4
 762 0511 08       		.uleb128 0x8
 763 0512 723600   		.ascii	"r6\000"
 764 0515 09       		.byte	0x9
 765 0516 0901     		.2byte	0x109
 766 0518 BE040000 		.4byte	0x4be
 767 051c 08       		.byte	0x8
 768 051d 08       		.uleb128 0x8
 769 051e 723700   		.ascii	"r7\000"
 770 0521 09       		.byte	0x9
 771 0522 0A01     		.2byte	0x10a
 772 0524 BE040000 		.4byte	0x4be
 773 0528 0C       		.byte	0xc
 774 0529 08       		.uleb128 0x8
 775 052a 723800   		.ascii	"r8\000"
 776 052d 09       		.byte	0x9
 777 052e 0B01     		.2byte	0x10b
 778 0530 BE040000 		.4byte	0x4be
 779 0534 10       		.byte	0x10
 780 0535 08       		.uleb128 0x8
 781 0536 723900   		.ascii	"r9\000"
 782 0539 09       		.byte	0x9
 783 053a 0C01     		.2byte	0x10c
 784 053c BE040000 		.4byte	0x4be
 785 0540 14       		.byte	0x14
 786 0541 08       		.uleb128 0x8
 787 0542 72313000 		.ascii	"r10\000"
 788 0546 09       		.byte	0x9
 789 0547 0D01     		.2byte	0x10d
 790 0549 BE040000 		.4byte	0x4be
 791 054d 18       		.byte	0x18
 792 054e 08       		.uleb128 0x8
 793 054f 72313100 		.ascii	"r11\000"
 794 0553 09       		.byte	0x9
 795 0554 0E01     		.2byte	0x10e
 796 0556 BE040000 		.4byte	0x4be
 797 055a 1C       		.byte	0x1c
 798 055b 08       		.uleb128 0x8
ARM GAS  /tmp/cc9TvVwk.s 			page 15


 799 055c 6C7200   		.ascii	"lr\000"
 800 055f 09       		.byte	0x9
 801 0560 0F01     		.2byte	0x10f
 802 0562 BE040000 		.4byte	0x4be
 803 0566 20       		.byte	0x20
 804 0567 00       		.byte	0
 805 0568 0A       		.uleb128 0xa
 806 0569 04       		.byte	0x4
 807 056a ED040000 		.4byte	0x4ed
 808 056e 13       		.uleb128 0x13
 809 056f 10       		.byte	0x10
 810 0570 0A       		.byte	0xa
 811 0571 51       		.byte	0x51
 812 0572 A7050000 		.4byte	0x5a7
 813 0576 07       		.uleb128 0x7
 814 0577 27000000 		.4byte	.LASF93
 815 057b 0A       		.byte	0xa
 816 057c 55       		.byte	0x55
 817 057d 44010000 		.4byte	0x144
 818 0581 00       		.byte	0
 819 0582 07       		.uleb128 0x7
 820 0583 81010000 		.4byte	.LASF94
 821 0587 0A       		.byte	0xa
 822 0588 59       		.byte	0x59
 823 0589 6B020000 		.4byte	0x26b
 824 058d 04       		.byte	0x4
 825 058e 07       		.uleb128 0x7
 826 058f 94020000 		.4byte	.LASF95
 827 0593 0A       		.byte	0xa
 828 0594 5D       		.byte	0x5d
 829 0595 48030000 		.4byte	0x348
 830 0599 08       		.byte	0x8
 831 059a 07       		.uleb128 0x7
 832 059b D2000000 		.4byte	.LASF96
 833 059f 0A       		.byte	0xa
 834 05a0 61       		.byte	0x61
 835 05a1 A5000000 		.4byte	0xa5
 836 05a5 0C       		.byte	0xc
 837 05a6 00       		.byte	0
 838 05a7 03       		.uleb128 0x3
 839 05a8 8E030000 		.4byte	.LASF97
 840 05ac 0A       		.byte	0xa
 841 05ad 62       		.byte	0x62
 842 05ae 6E050000 		.4byte	0x56e
 843 05b2 14       		.uleb128 0x14
 844 05b3 0804     		.2byte	0x408
 845 05b5 0A       		.byte	0xa
 846 05b6 67       		.byte	0x67
 847 05b7 E0050000 		.4byte	0x5e0
 848 05bb 07       		.uleb128 0x7
 849 05bc 97010000 		.4byte	.LASF98
 850 05c0 0A       		.byte	0xa
 851 05c1 6B       		.byte	0x6b
 852 05c2 33000000 		.4byte	0x33
 853 05c6 00       		.byte	0
 854 05c7 07       		.uleb128 0x7
 855 05c8 13000000 		.4byte	.LASF99
ARM GAS  /tmp/cc9TvVwk.s 			page 16


 856 05cc 0A       		.byte	0xa
 857 05cd 6F       		.byte	0x6f
 858 05ce E0050000 		.4byte	0x5e0
 859 05d2 04       		.byte	0x4
 860 05d3 07       		.uleb128 0x7
 861 05d4 04040000 		.4byte	.LASF100
 862 05d8 0A       		.byte	0xa
 863 05d9 73       		.byte	0x73
 864 05da E6050000 		.4byte	0x5e6
 865 05de 08       		.byte	0x8
 866 05df 00       		.byte	0
 867 05e0 0A       		.uleb128 0xa
 868 05e1 04       		.byte	0x4
 869 05e2 A7050000 		.4byte	0x5a7
 870 05e6 15       		.uleb128 0x15
 871 05e7 A7050000 		.4byte	0x5a7
 872 05eb F6050000 		.4byte	0x5f6
 873 05ef 16       		.uleb128 0x16
 874 05f0 B7040000 		.4byte	0x4b7
 875 05f4 3F       		.byte	0x3f
 876 05f5 00       		.byte	0
 877 05f6 03       		.uleb128 0x3
 878 05f7 C0000000 		.4byte	.LASF101
 879 05fb 0A       		.byte	0xa
 880 05fc 74       		.byte	0x74
 881 05fd B2050000 		.4byte	0x5b2
 882 0601 13       		.uleb128 0x13
 883 0602 04       		.byte	0x4
 884 0603 0B       		.byte	0xb
 885 0604 38       		.byte	0x38
 886 0605 16060000 		.4byte	0x616
 887 0609 07       		.uleb128 0x7
 888 060a 49060000 		.4byte	.LASF102
 889 060e 0B       		.byte	0xb
 890 060f 3C       		.byte	0x3c
 891 0610 D6000000 		.4byte	0xd6
 892 0614 00       		.byte	0
 893 0615 00       		.byte	0
 894 0616 03       		.uleb128 0x3
 895 0617 B7030000 		.4byte	.LASF103
 896 061b 0B       		.byte	0xb
 897 061c 3D       		.byte	0x3d
 898 061d 01060000 		.4byte	0x601
 899 0621 13       		.uleb128 0x13
 900 0622 18       		.byte	0x18
 901 0623 0B       		.byte	0xb
 902 0624 48       		.byte	0x48
 903 0625 64060000 		.4byte	0x664
 904 0629 07       		.uleb128 0x7
 905 062a 0A060000 		.4byte	.LASF104
 906 062e 0B       		.byte	0xb
 907 062f 49       		.byte	0x49
 908 0630 D6000000 		.4byte	0xd6
 909 0634 00       		.byte	0
 910 0635 07       		.uleb128 0x7
 911 0636 89000000 		.4byte	.LASF105
 912 063a 0B       		.byte	0xb
ARM GAS  /tmp/cc9TvVwk.s 			page 17


 913 063b 4A       		.byte	0x4a
 914 063c D6000000 		.4byte	0xd6
 915 0640 04       		.byte	0x4
 916 0641 07       		.uleb128 0x7
 917 0642 E4020000 		.4byte	.LASF106
 918 0646 0B       		.byte	0xb
 919 0647 4B       		.byte	0x4b
 920 0648 D6000000 		.4byte	0xd6
 921 064c 08       		.byte	0x8
 922 064d 12       		.uleb128 0x12
 923 064e 6E00     		.ascii	"n\000"
 924 0650 0B       		.byte	0xb
 925 0651 4C       		.byte	0x4c
 926 0652 39010000 		.4byte	0x139
 927 0656 0C       		.byte	0xc
 928 0657 07       		.uleb128 0x7
 929 0658 F1030000 		.4byte	.LASF107
 930 065c 0B       		.byte	0xb
 931 065d 4D       		.byte	0x4d
 932 065e E1000000 		.4byte	0xe1
 933 0662 10       		.byte	0x10
 934 0663 00       		.byte	0
 935 0664 03       		.uleb128 0x3
 936 0665 96000000 		.4byte	.LASF108
 937 0669 0B       		.byte	0xb
 938 066a 4E       		.byte	0x4e
 939 066b 21060000 		.4byte	0x621
 940 066f 13       		.uleb128 0x13
 941 0670 38       		.byte	0x38
 942 0671 0C       		.byte	0xc
 943 0672 38       		.byte	0x38
 944 0673 A8060000 		.4byte	0x6a8
 945 0677 07       		.uleb128 0x7
 946 0678 8E020000 		.4byte	.LASF109
 947 067c 0C       		.byte	0xc
 948 067d 39       		.byte	0x39
 949 067e 39010000 		.4byte	0x139
 950 0682 00       		.byte	0
 951 0683 07       		.uleb128 0x7
 952 0684 2D040000 		.4byte	.LASF110
 953 0688 0C       		.byte	0xc
 954 0689 3A       		.byte	0x3a
 955 068a 39010000 		.4byte	0x139
 956 068e 04       		.byte	0x4
 957 068f 07       		.uleb128 0x7
 958 0690 E5060000 		.4byte	.LASF111
 959 0694 0C       		.byte	0xc
 960 0695 3B       		.byte	0x3b
 961 0696 64060000 		.4byte	0x664
 962 069a 08       		.byte	0x8
 963 069b 07       		.uleb128 0x7
 964 069c 04030000 		.4byte	.LASF112
 965 06a0 0C       		.byte	0xc
 966 06a1 3D       		.byte	0x3d
 967 06a2 64060000 		.4byte	0x664
 968 06a6 20       		.byte	0x20
 969 06a7 00       		.byte	0
ARM GAS  /tmp/cc9TvVwk.s 			page 18


 970 06a8 03       		.uleb128 0x3
 971 06a9 C5020000 		.4byte	.LASF113
 972 06ad 0C       		.byte	0xc
 973 06ae 3F       		.byte	0x3f
 974 06af 6F060000 		.4byte	0x66f
 975 06b3 17       		.uleb128 0x17
 976 06b4 04       		.byte	0x4
 977 06b5 07       		.byte	0x7
 978 06b6 FA       		.byte	0xfa
 979 06b7 10070000 		.4byte	0x710
 980 06bb 18       		.uleb128 0x18
 981 06bc 36000000 		.4byte	.LASF114
 982 06c0 07       		.byte	0x7
 983 06c1 0101     		.2byte	0x101
 984 06c3 18010000 		.4byte	0x118
 985 06c7 18       		.uleb128 0x18
 986 06c8 E1000000 		.4byte	.LASF115
 987 06cc 07       		.byte	0x7
 988 06cd 0801     		.2byte	0x108
 989 06cf 18010000 		.4byte	0x118
 990 06d3 18       		.uleb128 0x18
 991 06d4 A7060000 		.4byte	.LASF116
 992 06d8 07       		.byte	0x7
 993 06d9 0F01     		.2byte	0x10f
 994 06db 48030000 		.4byte	0x348
 995 06df 18       		.uleb128 0x18
 996 06e0 58010000 		.4byte	.LASF117
 997 06e4 07       		.byte	0x7
 998 06e5 1601     		.2byte	0x116
 999 06e7 10070000 		.4byte	0x710
 1000 06eb 18       		.uleb128 0x18
 1001 06ec 2D020000 		.4byte	.LASF118
 1002 06f0 07       		.byte	0x7
 1003 06f1 1E01     		.2byte	0x11e
 1004 06f3 3B070000 		.4byte	0x73b
 1005 06f7 18       		.uleb128 0x18
 1006 06f8 C2050000 		.4byte	.LASF119
 1007 06fc 07       		.byte	0x7
 1008 06fd 2701     		.2byte	0x127
 1009 06ff 72070000 		.4byte	0x772
 1010 0703 18       		.uleb128 0x18
 1011 0704 6B050000 		.4byte	.LASF120
 1012 0708 07       		.byte	0x7
 1013 0709 2F01     		.2byte	0x12f
 1014 070b 23010000 		.4byte	0x123
 1015 070f 00       		.byte	0
 1016 0710 0A       		.uleb128 0xa
 1017 0711 04       		.byte	0x4
 1018 0712 60020000 		.4byte	0x260
 1019 0716 06       		.uleb128 0x6
 1020 0717 A1050000 		.4byte	.LASF121
 1021 071b 0C       		.byte	0xc
 1022 071c 0D       		.byte	0xd
 1023 071d 34       		.byte	0x34
 1024 071e 3B070000 		.4byte	0x73b
 1025 0722 07       		.uleb128 0x7
 1026 0723 8F010000 		.4byte	.LASF122
ARM GAS  /tmp/cc9TvVwk.s 			page 19


 1027 0727 0D       		.byte	0xd
 1028 0728 35       		.byte	0x35
 1029 0729 95020000 		.4byte	0x295
 1030 072d 00       		.byte	0
 1031 072e 07       		.uleb128 0x7
 1032 072f 57040000 		.4byte	.LASF123
 1033 0733 0D       		.byte	0xd
 1034 0734 37       		.byte	0x37
 1035 0735 2E010000 		.4byte	0x12e
 1036 0739 08       		.byte	0x8
 1037 073a 00       		.byte	0
 1038 073b 0A       		.uleb128 0xa
 1039 073c 04       		.byte	0x4
 1040 073d 16070000 		.4byte	0x716
 1041 0741 06       		.uleb128 0x6
 1042 0742 81060000 		.4byte	.LASF124
 1043 0746 10       		.byte	0x10
 1044 0747 0E       		.byte	0xe
 1045 0748 39       		.byte	0x39
 1046 0749 72070000 		.4byte	0x772
 1047 074d 07       		.uleb128 0x7
 1048 074e 4A010000 		.4byte	.LASF125
 1049 0752 0E       		.byte	0xe
 1050 0753 3A       		.byte	0x3a
 1051 0754 95020000 		.4byte	0x295
 1052 0758 00       		.byte	0
 1053 0759 07       		.uleb128 0x7
 1054 075a F0060000 		.4byte	.LASF126
 1055 075e 0E       		.byte	0xe
 1056 075f 3C       		.byte	0x3c
 1057 0760 6B020000 		.4byte	0x26b
 1058 0764 08       		.byte	0x8
 1059 0765 07       		.uleb128 0x7
 1060 0766 0F060000 		.4byte	.LASF127
 1061 076a 0E       		.byte	0xe
 1062 076b 3E       		.byte	0x3e
 1063 076c B6070000 		.4byte	0x7b6
 1064 0770 0C       		.byte	0xc
 1065 0771 00       		.byte	0
 1066 0772 0A       		.uleb128 0xa
 1067 0773 04       		.byte	0x4
 1068 0774 41070000 		.4byte	0x741
 1069 0778 0A       		.uleb128 0xa
 1070 0779 04       		.byte	0x4
 1071 077a 85070000 		.4byte	0x785
 1072 077e 04       		.uleb128 0x4
 1073 077f 01       		.byte	0x1
 1074 0780 08       		.byte	0x8
 1075 0781 FC050000 		.4byte	.LASF128
 1076 0785 19       		.uleb128 0x19
 1077 0786 7E070000 		.4byte	0x77e
 1078 078a 0A       		.uleb128 0xa
 1079 078b 04       		.byte	0x4
 1080 078c C9040000 		.4byte	0x4c9
 1081 0790 0A       		.uleb128 0xa
 1082 0791 04       		.byte	0x4
 1083 0792 4A030000 		.4byte	0x34a
ARM GAS  /tmp/cc9TvVwk.s 			page 20


 1084 0796 05       		.uleb128 0x5
 1085 0797 78070000 		.4byte	0x778
 1086 079b 15       		.uleb128 0x15
 1087 079c C9040000 		.4byte	0x4c9
 1088 07a0 AB070000 		.4byte	0x7ab
 1089 07a4 16       		.uleb128 0x16
 1090 07a5 B7040000 		.4byte	0x4b7
 1091 07a9 1E       		.byte	0x1e
 1092 07aa 00       		.byte	0
 1093 07ab 03       		.uleb128 0x3
 1094 07ac E0010000 		.4byte	.LASF129
 1095 07b0 0E       		.byte	0xe
 1096 07b1 34       		.byte	0x34
 1097 07b2 41070000 		.4byte	0x741
 1098 07b6 0A       		.uleb128 0xa
 1099 07b7 04       		.byte	0x4
 1100 07b8 AB070000 		.4byte	0x7ab
 1101 07bc 04       		.uleb128 0x4
 1102 07bd 01       		.byte	0x1
 1103 07be 02       		.byte	0x2
 1104 07bf 36040000 		.4byte	.LASF130
 1105 07c3 13       		.uleb128 0x13
 1106 07c4 1C       		.byte	0x1c
 1107 07c5 0F       		.byte	0xf
 1108 07c6 C1       		.byte	0xc1
 1109 07c7 20080000 		.4byte	0x820
 1110 07cb 07       		.uleb128 0x7
 1111 07cc 52010000 		.4byte	.LASF131
 1112 07d0 0F       		.byte	0xf
 1113 07d1 C3       		.byte	0xc3
 1114 07d2 BB000000 		.4byte	0xbb
 1115 07d6 00       		.byte	0
 1116 07d7 07       		.uleb128 0x7
 1117 07d8 9E020000 		.4byte	.LASF132
 1118 07dc 0F       		.byte	0xf
 1119 07dd C5       		.byte	0xc5
 1120 07de BB000000 		.4byte	0xbb
 1121 07e2 04       		.byte	0x4
 1122 07e3 07       		.uleb128 0x7
 1123 07e4 86020000 		.4byte	.LASF133
 1124 07e8 0F       		.byte	0xf
 1125 07e9 C7       		.byte	0xc7
 1126 07ea BB000000 		.4byte	0xbb
 1127 07ee 08       		.byte	0x8
 1128 07ef 07       		.uleb128 0x7
 1129 07f0 DB000000 		.4byte	.LASF134
 1130 07f4 0F       		.byte	0xf
 1131 07f5 C9       		.byte	0xc9
 1132 07f6 BB000000 		.4byte	0xbb
 1133 07fa 0C       		.byte	0xc
 1134 07fb 12       		.uleb128 0x12
 1135 07fc 6F647200 		.ascii	"odr\000"
 1136 0800 0F       		.byte	0xf
 1137 0801 CB       		.byte	0xcb
 1138 0802 BB000000 		.4byte	0xbb
 1139 0806 10       		.byte	0x10
 1140 0807 07       		.uleb128 0x7
ARM GAS  /tmp/cc9TvVwk.s 			page 21


 1141 0808 52040000 		.4byte	.LASF135
 1142 080c 0F       		.byte	0xf
 1143 080d CD       		.byte	0xcd
 1144 080e BB000000 		.4byte	0xbb
 1145 0812 14       		.byte	0x14
 1146 0813 07       		.uleb128 0x7
 1147 0814 C8030000 		.4byte	.LASF136
 1148 0818 0F       		.byte	0xf
 1149 0819 CF       		.byte	0xcf
 1150 081a BB000000 		.4byte	0xbb
 1151 081e 18       		.byte	0x18
 1152 081f 00       		.byte	0
 1153 0820 03       		.uleb128 0x3
 1154 0821 00000000 		.4byte	.LASF137
 1155 0825 0F       		.byte	0xf
 1156 0826 D0       		.byte	0xd0
 1157 0827 C3070000 		.4byte	0x7c3
 1158 082b 13       		.uleb128 0x13
 1159 082c FC       		.byte	0xfc
 1160 082d 0F       		.byte	0xf
 1161 082e D9       		.byte	0xd9
 1162 082f A0080000 		.4byte	0x8a0
 1163 0833 07       		.uleb128 0x7
 1164 0834 64050000 		.4byte	.LASF138
 1165 0838 0F       		.byte	0xf
 1166 0839 DC       		.byte	0xdc
 1167 083a 20080000 		.4byte	0x820
 1168 083e 00       		.byte	0
 1169 083f 07       		.uleb128 0x7
 1170 0840 E8010000 		.4byte	.LASF139
 1171 0844 0F       		.byte	0xf
 1172 0845 E0       		.byte	0xe0
 1173 0846 20080000 		.4byte	0x820
 1174 084a 1C       		.byte	0x1c
 1175 084b 07       		.uleb128 0x7
 1176 084c B5060000 		.4byte	.LASF140
 1177 0850 0F       		.byte	0xf
 1178 0851 E4       		.byte	0xe4
 1179 0852 20080000 		.4byte	0x820
 1180 0856 38       		.byte	0x38
 1181 0857 07       		.uleb128 0x7
 1182 0858 CD030000 		.4byte	.LASF141
 1183 085c 0F       		.byte	0xf
 1184 085d E8       		.byte	0xe8
 1185 085e 20080000 		.4byte	0x820
 1186 0862 54       		.byte	0x54
 1187 0863 07       		.uleb128 0x7
 1188 0864 71010000 		.4byte	.LASF142
 1189 0868 0F       		.byte	0xf
 1190 0869 EC       		.byte	0xec
 1191 086a 20080000 		.4byte	0x820
 1192 086e 70       		.byte	0x70
 1193 086f 07       		.uleb128 0x7
 1194 0870 DE060000 		.4byte	.LASF143
 1195 0874 0F       		.byte	0xf
 1196 0875 F0       		.byte	0xf0
 1197 0876 20080000 		.4byte	0x820
ARM GAS  /tmp/cc9TvVwk.s 			page 22


 1198 087a 8C       		.byte	0x8c
 1199 087b 07       		.uleb128 0x7
 1200 087c 33030000 		.4byte	.LASF144
 1201 0880 0F       		.byte	0xf
 1202 0881 F4       		.byte	0xf4
 1203 0882 20080000 		.4byte	0x820
 1204 0886 A8       		.byte	0xa8
 1205 0887 07       		.uleb128 0x7
 1206 0888 8F000000 		.4byte	.LASF145
 1207 088c 0F       		.byte	0xf
 1208 088d F8       		.byte	0xf8
 1209 088e 20080000 		.4byte	0x820
 1210 0892 C4       		.byte	0xc4
 1211 0893 07       		.uleb128 0x7
 1212 0894 89050000 		.4byte	.LASF146
 1213 0898 0F       		.byte	0xf
 1214 0899 FC       		.byte	0xfc
 1215 089a 20080000 		.4byte	0x820
 1216 089e E0       		.byte	0xe0
 1217 089f 00       		.byte	0
 1218 08a0 03       		.uleb128 0x3
 1219 08a1 67060000 		.4byte	.LASF147
 1220 08a5 0F       		.byte	0xf
 1221 08a6 FE       		.byte	0xfe
 1222 08a7 2B080000 		.4byte	0x82b
 1223 08ab 1A       		.uleb128 0x1a
 1224 08ac A5020000 		.4byte	.LASF152
 1225 08b0 01       		.byte	0x1
 1226 08b1 46       		.byte	0x46
 1227 08b2 00000000 		.4byte	.LFB258
 1228 08b6 04000000 		.4byte	.LFE258-.LFB258
 1229 08ba 01       		.uleb128 0x1
 1230 08bb 9C       		.byte	0x9c
 1231 08bc CA080000 		.4byte	0x8ca
 1232 08c0 1B       		.uleb128 0x1b
 1233 08c1 04000000 		.4byte	.LVL0
 1234 08c5 08090000 		.4byte	0x908
 1235 08c9 00       		.byte	0
 1236 08ca 1C       		.uleb128 0x1c
 1237 08cb 79040000 		.4byte	.LASF153
 1238 08cf 01       		.byte	0x1
 1239 08d0 7B       		.byte	0x7b
 1240 08d1 00000000 		.4byte	.LFB259
 1241 08d5 02000000 		.4byte	.LFE259-.LFB259
 1242 08d9 01       		.uleb128 0x1
 1243 08da 9C       		.byte	0x9c
 1244 08db 1D       		.uleb128 0x1d
 1245 08dc 0B010000 		.4byte	.LASF148
 1246 08e0 10       		.byte	0x10
 1247 08e1 A706     		.2byte	0x6a7
 1248 08e3 D1000000 		.4byte	0xd1
 1249 08e7 1E       		.uleb128 0x1e
 1250 08e8 636800   		.ascii	"ch\000"
 1251 08eb 07       		.byte	0x7
 1252 08ec 0902     		.2byte	0x209
 1253 08ee 3F040000 		.4byte	0x43f
 1254 08f2 1F       		.uleb128 0x1f
ARM GAS  /tmp/cc9TvVwk.s 			page 23


 1255 08f3 F8060000 		.4byte	.LASF149
 1256 08f7 01       		.byte	0x1
 1257 08f8 19       		.byte	0x19
 1258 08f9 03090000 		.4byte	0x903
 1259 08fd 05       		.uleb128 0x5
 1260 08fe 03       		.byte	0x3
 1261 08ff 00000000 		.4byte	pal_default_config
 1262 0903 19       		.uleb128 0x19
 1263 0904 A0080000 		.4byte	0x8a0
 1264 0908 20       		.uleb128 0x20
 1265 0909 CF010000 		.4byte	.LASF154
 1266 090d CF010000 		.4byte	.LASF154
 1267 0911 11       		.byte	0x11
 1268 0912 CA05     		.2byte	0x5ca
 1269 0914 00       		.byte	0
 1270              		.section	.debug_abbrev,"",%progbits
 1271              	.Ldebug_abbrev0:
 1272 0000 01       		.uleb128 0x1
 1273 0001 11       		.uleb128 0x11
 1274 0002 01       		.byte	0x1
 1275 0003 25       		.uleb128 0x25
 1276 0004 0E       		.uleb128 0xe
 1277 0005 13       		.uleb128 0x13
 1278 0006 0B       		.uleb128 0xb
 1279 0007 03       		.uleb128 0x3
 1280 0008 0E       		.uleb128 0xe
 1281 0009 55       		.uleb128 0x55
 1282 000a 17       		.uleb128 0x17
 1283 000b 11       		.uleb128 0x11
 1284 000c 01       		.uleb128 0x1
 1285 000d 10       		.uleb128 0x10
 1286 000e 17       		.uleb128 0x17
 1287 000f 00       		.byte	0
 1288 0010 00       		.byte	0
 1289 0011 02       		.uleb128 0x2
 1290 0012 24       		.uleb128 0x24
 1291 0013 00       		.byte	0
 1292 0014 0B       		.uleb128 0xb
 1293 0015 0B       		.uleb128 0xb
 1294 0016 3E       		.uleb128 0x3e
 1295 0017 0B       		.uleb128 0xb
 1296 0018 03       		.uleb128 0x3
 1297 0019 08       		.uleb128 0x8
 1298 001a 00       		.byte	0
 1299 001b 00       		.byte	0
 1300 001c 03       		.uleb128 0x3
 1301 001d 16       		.uleb128 0x16
 1302 001e 00       		.byte	0
 1303 001f 03       		.uleb128 0x3
 1304 0020 0E       		.uleb128 0xe
 1305 0021 3A       		.uleb128 0x3a
 1306 0022 0B       		.uleb128 0xb
 1307 0023 3B       		.uleb128 0x3b
 1308 0024 0B       		.uleb128 0xb
 1309 0025 49       		.uleb128 0x49
 1310 0026 13       		.uleb128 0x13
 1311 0027 00       		.byte	0
ARM GAS  /tmp/cc9TvVwk.s 			page 24


 1312 0028 00       		.byte	0
 1313 0029 04       		.uleb128 0x4
 1314 002a 24       		.uleb128 0x24
 1315 002b 00       		.byte	0
 1316 002c 0B       		.uleb128 0xb
 1317 002d 0B       		.uleb128 0xb
 1318 002e 3E       		.uleb128 0x3e
 1319 002f 0B       		.uleb128 0xb
 1320 0030 03       		.uleb128 0x3
 1321 0031 0E       		.uleb128 0xe
 1322 0032 00       		.byte	0
 1323 0033 00       		.byte	0
 1324 0034 05       		.uleb128 0x5
 1325 0035 35       		.uleb128 0x35
 1326 0036 00       		.byte	0
 1327 0037 49       		.uleb128 0x49
 1328 0038 13       		.uleb128 0x13
 1329 0039 00       		.byte	0
 1330 003a 00       		.byte	0
 1331 003b 06       		.uleb128 0x6
 1332 003c 13       		.uleb128 0x13
 1333 003d 01       		.byte	0x1
 1334 003e 03       		.uleb128 0x3
 1335 003f 0E       		.uleb128 0xe
 1336 0040 0B       		.uleb128 0xb
 1337 0041 0B       		.uleb128 0xb
 1338 0042 3A       		.uleb128 0x3a
 1339 0043 0B       		.uleb128 0xb
 1340 0044 3B       		.uleb128 0x3b
 1341 0045 0B       		.uleb128 0xb
 1342 0046 01       		.uleb128 0x1
 1343 0047 13       		.uleb128 0x13
 1344 0048 00       		.byte	0
 1345 0049 00       		.byte	0
 1346 004a 07       		.uleb128 0x7
 1347 004b 0D       		.uleb128 0xd
 1348 004c 00       		.byte	0
 1349 004d 03       		.uleb128 0x3
 1350 004e 0E       		.uleb128 0xe
 1351 004f 3A       		.uleb128 0x3a
 1352 0050 0B       		.uleb128 0xb
 1353 0051 3B       		.uleb128 0x3b
 1354 0052 0B       		.uleb128 0xb
 1355 0053 49       		.uleb128 0x49
 1356 0054 13       		.uleb128 0x13
 1357 0055 38       		.uleb128 0x38
 1358 0056 0B       		.uleb128 0xb
 1359 0057 00       		.byte	0
 1360 0058 00       		.byte	0
 1361 0059 08       		.uleb128 0x8
 1362 005a 0D       		.uleb128 0xd
 1363 005b 00       		.byte	0
 1364 005c 03       		.uleb128 0x3
 1365 005d 08       		.uleb128 0x8
 1366 005e 3A       		.uleb128 0x3a
 1367 005f 0B       		.uleb128 0xb
 1368 0060 3B       		.uleb128 0x3b
ARM GAS  /tmp/cc9TvVwk.s 			page 25


 1369 0061 05       		.uleb128 0x5
 1370 0062 49       		.uleb128 0x49
 1371 0063 13       		.uleb128 0x13
 1372 0064 38       		.uleb128 0x38
 1373 0065 0B       		.uleb128 0xb
 1374 0066 00       		.byte	0
 1375 0067 00       		.byte	0
 1376 0068 09       		.uleb128 0x9
 1377 0069 0D       		.uleb128 0xd
 1378 006a 00       		.byte	0
 1379 006b 03       		.uleb128 0x3
 1380 006c 0E       		.uleb128 0xe
 1381 006d 3A       		.uleb128 0x3a
 1382 006e 0B       		.uleb128 0xb
 1383 006f 3B       		.uleb128 0x3b
 1384 0070 05       		.uleb128 0x5
 1385 0071 49       		.uleb128 0x49
 1386 0072 13       		.uleb128 0x13
 1387 0073 38       		.uleb128 0x38
 1388 0074 0B       		.uleb128 0xb
 1389 0075 00       		.byte	0
 1390 0076 00       		.byte	0
 1391 0077 0A       		.uleb128 0xa
 1392 0078 0F       		.uleb128 0xf
 1393 0079 00       		.byte	0
 1394 007a 0B       		.uleb128 0xb
 1395 007b 0B       		.uleb128 0xb
 1396 007c 49       		.uleb128 0x49
 1397 007d 13       		.uleb128 0x13
 1398 007e 00       		.byte	0
 1399 007f 00       		.byte	0
 1400 0080 0B       		.uleb128 0xb
 1401 0081 13       		.uleb128 0x13
 1402 0082 01       		.byte	0x1
 1403 0083 03       		.uleb128 0x3
 1404 0084 0E       		.uleb128 0xe
 1405 0085 0B       		.uleb128 0xb
 1406 0086 0B       		.uleb128 0xb
 1407 0087 3A       		.uleb128 0x3a
 1408 0088 0B       		.uleb128 0xb
 1409 0089 3B       		.uleb128 0x3b
 1410 008a 05       		.uleb128 0x5
 1411 008b 01       		.uleb128 0x1
 1412 008c 13       		.uleb128 0x13
 1413 008d 00       		.byte	0
 1414 008e 00       		.byte	0
 1415 008f 0C       		.uleb128 0xc
 1416 0090 15       		.uleb128 0x15
 1417 0091 01       		.byte	0x1
 1418 0092 27       		.uleb128 0x27
 1419 0093 19       		.uleb128 0x19
 1420 0094 01       		.uleb128 0x1
 1421 0095 13       		.uleb128 0x13
 1422 0096 00       		.byte	0
 1423 0097 00       		.byte	0
 1424 0098 0D       		.uleb128 0xd
 1425 0099 05       		.uleb128 0x5
ARM GAS  /tmp/cc9TvVwk.s 			page 26


 1426 009a 00       		.byte	0
 1427 009b 49       		.uleb128 0x49
 1428 009c 13       		.uleb128 0x13
 1429 009d 00       		.byte	0
 1430 009e 00       		.byte	0
 1431 009f 0E       		.uleb128 0xe
 1432 00a0 0F       		.uleb128 0xf
 1433 00a1 00       		.byte	0
 1434 00a2 0B       		.uleb128 0xb
 1435 00a3 0B       		.uleb128 0xb
 1436 00a4 00       		.byte	0
 1437 00a5 00       		.byte	0
 1438 00a6 0F       		.uleb128 0xf
 1439 00a7 13       		.uleb128 0x13
 1440 00a8 01       		.byte	0x1
 1441 00a9 03       		.uleb128 0x3
 1442 00aa 0E       		.uleb128 0xe
 1443 00ab 0B       		.uleb128 0xb
 1444 00ac 05       		.uleb128 0x5
 1445 00ad 3A       		.uleb128 0x3a
 1446 00ae 0B       		.uleb128 0xb
 1447 00af 3B       		.uleb128 0x3b
 1448 00b0 05       		.uleb128 0x5
 1449 00b1 01       		.uleb128 0x1
 1450 00b2 13       		.uleb128 0x13
 1451 00b3 00       		.byte	0
 1452 00b4 00       		.byte	0
 1453 00b5 10       		.uleb128 0x10
 1454 00b6 0D       		.uleb128 0xd
 1455 00b7 00       		.byte	0
 1456 00b8 03       		.uleb128 0x3
 1457 00b9 0E       		.uleb128 0xe
 1458 00ba 3A       		.uleb128 0x3a
 1459 00bb 0B       		.uleb128 0xb
 1460 00bc 3B       		.uleb128 0x3b
 1461 00bd 05       		.uleb128 0x5
 1462 00be 49       		.uleb128 0x49
 1463 00bf 13       		.uleb128 0x13
 1464 00c0 38       		.uleb128 0x38
 1465 00c1 05       		.uleb128 0x5
 1466 00c2 00       		.byte	0
 1467 00c3 00       		.byte	0
 1468 00c4 11       		.uleb128 0x11
 1469 00c5 0D       		.uleb128 0xd
 1470 00c6 00       		.byte	0
 1471 00c7 03       		.uleb128 0x3
 1472 00c8 08       		.uleb128 0x8
 1473 00c9 3A       		.uleb128 0x3a
 1474 00ca 0B       		.uleb128 0xb
 1475 00cb 3B       		.uleb128 0x3b
 1476 00cc 05       		.uleb128 0x5
 1477 00cd 49       		.uleb128 0x49
 1478 00ce 13       		.uleb128 0x13
 1479 00cf 38       		.uleb128 0x38
 1480 00d0 05       		.uleb128 0x5
 1481 00d1 00       		.byte	0
 1482 00d2 00       		.byte	0
ARM GAS  /tmp/cc9TvVwk.s 			page 27


 1483 00d3 12       		.uleb128 0x12
 1484 00d4 0D       		.uleb128 0xd
 1485 00d5 00       		.byte	0
 1486 00d6 03       		.uleb128 0x3
 1487 00d7 08       		.uleb128 0x8
 1488 00d8 3A       		.uleb128 0x3a
 1489 00d9 0B       		.uleb128 0xb
 1490 00da 3B       		.uleb128 0x3b
 1491 00db 0B       		.uleb128 0xb
 1492 00dc 49       		.uleb128 0x49
 1493 00dd 13       		.uleb128 0x13
 1494 00de 38       		.uleb128 0x38
 1495 00df 0B       		.uleb128 0xb
 1496 00e0 00       		.byte	0
 1497 00e1 00       		.byte	0
 1498 00e2 13       		.uleb128 0x13
 1499 00e3 13       		.uleb128 0x13
 1500 00e4 01       		.byte	0x1
 1501 00e5 0B       		.uleb128 0xb
 1502 00e6 0B       		.uleb128 0xb
 1503 00e7 3A       		.uleb128 0x3a
 1504 00e8 0B       		.uleb128 0xb
 1505 00e9 3B       		.uleb128 0x3b
 1506 00ea 0B       		.uleb128 0xb
 1507 00eb 01       		.uleb128 0x1
 1508 00ec 13       		.uleb128 0x13
 1509 00ed 00       		.byte	0
 1510 00ee 00       		.byte	0
 1511 00ef 14       		.uleb128 0x14
 1512 00f0 13       		.uleb128 0x13
 1513 00f1 01       		.byte	0x1
 1514 00f2 0B       		.uleb128 0xb
 1515 00f3 05       		.uleb128 0x5
 1516 00f4 3A       		.uleb128 0x3a
 1517 00f5 0B       		.uleb128 0xb
 1518 00f6 3B       		.uleb128 0x3b
 1519 00f7 0B       		.uleb128 0xb
 1520 00f8 01       		.uleb128 0x1
 1521 00f9 13       		.uleb128 0x13
 1522 00fa 00       		.byte	0
 1523 00fb 00       		.byte	0
 1524 00fc 15       		.uleb128 0x15
 1525 00fd 01       		.uleb128 0x1
 1526 00fe 01       		.byte	0x1
 1527 00ff 49       		.uleb128 0x49
 1528 0100 13       		.uleb128 0x13
 1529 0101 01       		.uleb128 0x1
 1530 0102 13       		.uleb128 0x13
 1531 0103 00       		.byte	0
 1532 0104 00       		.byte	0
 1533 0105 16       		.uleb128 0x16
 1534 0106 21       		.uleb128 0x21
 1535 0107 00       		.byte	0
 1536 0108 49       		.uleb128 0x49
 1537 0109 13       		.uleb128 0x13
 1538 010a 2F       		.uleb128 0x2f
 1539 010b 0B       		.uleb128 0xb
ARM GAS  /tmp/cc9TvVwk.s 			page 28


 1540 010c 00       		.byte	0
 1541 010d 00       		.byte	0
 1542 010e 17       		.uleb128 0x17
 1543 010f 17       		.uleb128 0x17
 1544 0110 01       		.byte	0x1
 1545 0111 0B       		.uleb128 0xb
 1546 0112 0B       		.uleb128 0xb
 1547 0113 3A       		.uleb128 0x3a
 1548 0114 0B       		.uleb128 0xb
 1549 0115 3B       		.uleb128 0x3b
 1550 0116 0B       		.uleb128 0xb
 1551 0117 01       		.uleb128 0x1
 1552 0118 13       		.uleb128 0x13
 1553 0119 00       		.byte	0
 1554 011a 00       		.byte	0
 1555 011b 18       		.uleb128 0x18
 1556 011c 0D       		.uleb128 0xd
 1557 011d 00       		.byte	0
 1558 011e 03       		.uleb128 0x3
 1559 011f 0E       		.uleb128 0xe
 1560 0120 3A       		.uleb128 0x3a
 1561 0121 0B       		.uleb128 0xb
 1562 0122 3B       		.uleb128 0x3b
 1563 0123 05       		.uleb128 0x5
 1564 0124 49       		.uleb128 0x49
 1565 0125 13       		.uleb128 0x13
 1566 0126 00       		.byte	0
 1567 0127 00       		.byte	0
 1568 0128 19       		.uleb128 0x19
 1569 0129 26       		.uleb128 0x26
 1570 012a 00       		.byte	0
 1571 012b 49       		.uleb128 0x49
 1572 012c 13       		.uleb128 0x13
 1573 012d 00       		.byte	0
 1574 012e 00       		.byte	0
 1575 012f 1A       		.uleb128 0x1a
 1576 0130 2E       		.uleb128 0x2e
 1577 0131 01       		.byte	0x1
 1578 0132 3F       		.uleb128 0x3f
 1579 0133 19       		.uleb128 0x19
 1580 0134 03       		.uleb128 0x3
 1581 0135 0E       		.uleb128 0xe
 1582 0136 3A       		.uleb128 0x3a
 1583 0137 0B       		.uleb128 0xb
 1584 0138 3B       		.uleb128 0x3b
 1585 0139 0B       		.uleb128 0xb
 1586 013a 27       		.uleb128 0x27
 1587 013b 19       		.uleb128 0x19
 1588 013c 11       		.uleb128 0x11
 1589 013d 01       		.uleb128 0x1
 1590 013e 12       		.uleb128 0x12
 1591 013f 06       		.uleb128 0x6
 1592 0140 40       		.uleb128 0x40
 1593 0141 18       		.uleb128 0x18
 1594 0142 9742     		.uleb128 0x2117
 1595 0144 19       		.uleb128 0x19
 1596 0145 01       		.uleb128 0x1
ARM GAS  /tmp/cc9TvVwk.s 			page 29


 1597 0146 13       		.uleb128 0x13
 1598 0147 00       		.byte	0
 1599 0148 00       		.byte	0
 1600 0149 1B       		.uleb128 0x1b
 1601 014a 898201   		.uleb128 0x4109
 1602 014d 00       		.byte	0
 1603 014e 11       		.uleb128 0x11
 1604 014f 01       		.uleb128 0x1
 1605 0150 9542     		.uleb128 0x2115
 1606 0152 19       		.uleb128 0x19
 1607 0153 31       		.uleb128 0x31
 1608 0154 13       		.uleb128 0x13
 1609 0155 00       		.byte	0
 1610 0156 00       		.byte	0
 1611 0157 1C       		.uleb128 0x1c
 1612 0158 2E       		.uleb128 0x2e
 1613 0159 00       		.byte	0
 1614 015a 3F       		.uleb128 0x3f
 1615 015b 19       		.uleb128 0x19
 1616 015c 03       		.uleb128 0x3
 1617 015d 0E       		.uleb128 0xe
 1618 015e 3A       		.uleb128 0x3a
 1619 015f 0B       		.uleb128 0xb
 1620 0160 3B       		.uleb128 0x3b
 1621 0161 0B       		.uleb128 0xb
 1622 0162 27       		.uleb128 0x27
 1623 0163 19       		.uleb128 0x19
 1624 0164 11       		.uleb128 0x11
 1625 0165 01       		.uleb128 0x1
 1626 0166 12       		.uleb128 0x12
 1627 0167 06       		.uleb128 0x6
 1628 0168 40       		.uleb128 0x40
 1629 0169 18       		.uleb128 0x18
 1630 016a 9742     		.uleb128 0x2117
 1631 016c 19       		.uleb128 0x19
 1632 016d 00       		.byte	0
 1633 016e 00       		.byte	0
 1634 016f 1D       		.uleb128 0x1d
 1635 0170 34       		.uleb128 0x34
 1636 0171 00       		.byte	0
 1637 0172 03       		.uleb128 0x3
 1638 0173 0E       		.uleb128 0xe
 1639 0174 3A       		.uleb128 0x3a
 1640 0175 0B       		.uleb128 0xb
 1641 0176 3B       		.uleb128 0x3b
 1642 0177 05       		.uleb128 0x5
 1643 0178 49       		.uleb128 0x49
 1644 0179 13       		.uleb128 0x13
 1645 017a 3F       		.uleb128 0x3f
 1646 017b 19       		.uleb128 0x19
 1647 017c 3C       		.uleb128 0x3c
 1648 017d 19       		.uleb128 0x19
 1649 017e 00       		.byte	0
 1650 017f 00       		.byte	0
 1651 0180 1E       		.uleb128 0x1e
 1652 0181 34       		.uleb128 0x34
 1653 0182 00       		.byte	0
ARM GAS  /tmp/cc9TvVwk.s 			page 30


 1654 0183 03       		.uleb128 0x3
 1655 0184 08       		.uleb128 0x8
 1656 0185 3A       		.uleb128 0x3a
 1657 0186 0B       		.uleb128 0xb
 1658 0187 3B       		.uleb128 0x3b
 1659 0188 05       		.uleb128 0x5
 1660 0189 49       		.uleb128 0x49
 1661 018a 13       		.uleb128 0x13
 1662 018b 3F       		.uleb128 0x3f
 1663 018c 19       		.uleb128 0x19
 1664 018d 3C       		.uleb128 0x3c
 1665 018e 19       		.uleb128 0x19
 1666 018f 00       		.byte	0
 1667 0190 00       		.byte	0
 1668 0191 1F       		.uleb128 0x1f
 1669 0192 34       		.uleb128 0x34
 1670 0193 00       		.byte	0
 1671 0194 03       		.uleb128 0x3
 1672 0195 0E       		.uleb128 0xe
 1673 0196 3A       		.uleb128 0x3a
 1674 0197 0B       		.uleb128 0xb
 1675 0198 3B       		.uleb128 0x3b
 1676 0199 0B       		.uleb128 0xb
 1677 019a 49       		.uleb128 0x49
 1678 019b 13       		.uleb128 0x13
 1679 019c 3F       		.uleb128 0x3f
 1680 019d 19       		.uleb128 0x19
 1681 019e 02       		.uleb128 0x2
 1682 019f 18       		.uleb128 0x18
 1683 01a0 00       		.byte	0
 1684 01a1 00       		.byte	0
 1685 01a2 20       		.uleb128 0x20
 1686 01a3 2E       		.uleb128 0x2e
 1687 01a4 00       		.byte	0
 1688 01a5 3F       		.uleb128 0x3f
 1689 01a6 19       		.uleb128 0x19
 1690 01a7 3C       		.uleb128 0x3c
 1691 01a8 19       		.uleb128 0x19
 1692 01a9 6E       		.uleb128 0x6e
 1693 01aa 0E       		.uleb128 0xe
 1694 01ab 03       		.uleb128 0x3
 1695 01ac 0E       		.uleb128 0xe
 1696 01ad 3A       		.uleb128 0x3a
 1697 01ae 0B       		.uleb128 0xb
 1698 01af 3B       		.uleb128 0x3b
 1699 01b0 05       		.uleb128 0x5
 1700 01b1 00       		.byte	0
 1701 01b2 00       		.byte	0
 1702 01b3 00       		.byte	0
 1703              		.section	.debug_aranges,"",%progbits
 1704 0000 24000000 		.4byte	0x24
 1705 0004 0200     		.2byte	0x2
 1706 0006 00000000 		.4byte	.Ldebug_info0
 1707 000a 04       		.byte	0x4
 1708 000b 00       		.byte	0
 1709 000c 0000     		.2byte	0
 1710 000e 0000     		.2byte	0
ARM GAS  /tmp/cc9TvVwk.s 			page 31


 1711 0010 00000000 		.4byte	.LFB258
 1712 0014 04000000 		.4byte	.LFE258-.LFB258
 1713 0018 00000000 		.4byte	.LFB259
 1714 001c 02000000 		.4byte	.LFE259-.LFB259
 1715 0020 00000000 		.4byte	0
 1716 0024 00000000 		.4byte	0
 1717              		.section	.debug_ranges,"",%progbits
 1718              	.Ldebug_ranges0:
 1719 0000 00000000 		.4byte	.LFB258
 1720 0004 04000000 		.4byte	.LFE258
 1721 0008 00000000 		.4byte	.LFB259
 1722 000c 02000000 		.4byte	.LFE259
 1723 0010 00000000 		.4byte	0
 1724 0014 00000000 		.4byte	0
 1725              		.section	.debug_line,"",%progbits
 1726              	.Ldebug_line0:
 1727 0000 FD020000 		.section	.debug_str,"MS",%progbits,1
 1727      0200D602 
 1727      00000201 
 1727      FB0E0D00 
 1727      01010101 
 1728              	.LASF137:
 1729 0000 73746D33 		.ascii	"stm32_gpio_setup_t\000"
 1729      325F6770 
 1729      696F5F73 
 1729      65747570 
 1729      5F7400
 1730              	.LASF99:
 1731 0013 74625F70 		.ascii	"tb_ptr\000"
 1731      747200
 1732              	.LASF56:
 1733 001a 72656164 		.ascii	"ready_list_t\000"
 1733      795F6C69 
 1733      73745F74 
 1733      00
 1734              	.LASF93:
 1735 0027 73655F74 		.ascii	"se_time\000"
 1735      696D6500 
 1736              	.LASF4:
 1737 002f 73697A65 		.ascii	"size_t\000"
 1737      5F7400
 1738              	.LASF114:
 1739 0036 7264796D 		.ascii	"rdymsg\000"
 1739      736700
 1740              	.LASF18:
 1741 003d 75696E74 		.ascii	"uint64_t\000"
 1741      36345F74 
 1741      00
 1742              	.LASF86:
 1743 0046 6B65726E 		.ascii	"kernel_stats\000"
 1743      656C5F73 
 1743      74617473 
 1743      00
 1744              	.LASF5:
 1745 0053 5F5F7569 		.ascii	"__uint8_t\000"
 1745      6E74385F 
 1745      7400
ARM GAS  /tmp/cc9TvVwk.s 			page 32


 1746              	.LASF92:
 1747 005d 706F7274 		.ascii	"port_intctx\000"
 1747      5F696E74 
 1747      63747800 
 1748              	.LASF55:
 1749 0069 63685F74 		.ascii	"ch_threads_queue\000"
 1749      68726561 
 1749      64735F71 
 1749      75657565 
 1749      00
 1750              	.LASF75:
 1751 007a 73797374 		.ascii	"system_debug_t\000"
 1751      656D5F64 
 1751      65627567 
 1751      5F7400
 1752              	.LASF105:
 1753 0089 776F7273 		.ascii	"worst\000"
 1753      7400
 1754              	.LASF145:
 1755 008f 50484461 		.ascii	"PHData\000"
 1755      746100
 1756              	.LASF108:
 1757 0096 74696D65 		.ascii	"time_measurement_t\000"
 1757      5F6D6561 
 1757      73757265 
 1757      6D656E74 
 1757      5F7400
 1758              	.LASF14:
 1759 00a9 6C6F6E67 		.ascii	"long long unsigned int\000"
 1759      206C6F6E 
 1759      6720756E 
 1759      7369676E 
 1759      65642069 
 1760              	.LASF101:
 1761 00c0 63685F74 		.ascii	"ch_trace_buffer_t\000"
 1761      72616365 
 1761      5F627566 
 1761      6665725F 
 1761      7400
 1762              	.LASF96:
 1763 00d2 73655F73 		.ascii	"se_state\000"
 1763      74617465 
 1763      00
 1764              	.LASF134:
 1765 00db 70757064 		.ascii	"pupdr\000"
 1765      7200
 1766              	.LASF115:
 1767 00e1 65786974 		.ascii	"exitcode\000"
 1767      636F6465 
 1767      00
 1768              	.LASF85:
 1769 00ea 6D61696E 		.ascii	"mainthread\000"
 1769      74687265 
 1769      616400
 1770              	.LASF72:
 1771 00f5 76697274 		.ascii	"virtual_timers_list_t\000"
 1771      75616C5F 
ARM GAS  /tmp/cc9TvVwk.s 			page 33


 1771      74696D65 
 1771      72735F6C 
 1771      6973745F 
 1772              	.LASF148:
 1773 010b 49544D5F 		.ascii	"ITM_RxBuffer\000"
 1773      52784275 
 1773      66666572 
 1773      00
 1774              	.LASF20:
 1775 0118 72747469 		.ascii	"rttime_t\000"
 1775      6D655F74 
 1775      00
 1776              	.LASF33:
 1777 0121 705F7072 		.ascii	"p_prio\000"
 1777      696F00
 1778              	.LASF1:
 1779 0128 6C6F6E67 		.ascii	"long long int\000"
 1779      206C6F6E 
 1779      6720696E 
 1779      7400
 1780              	.LASF3:
 1781 0136 7369676E 		.ascii	"signed char\000"
 1781      65642063 
 1781      68617200 
 1782              	.LASF48:
 1783 0142 705F6D70 		.ascii	"p_mpool\000"
 1783      6F6F6C00 
 1784              	.LASF125:
 1785 014a 6D5F7175 		.ascii	"m_queue\000"
 1785      65756500 
 1786              	.LASF131:
 1787 0152 6D6F6465 		.ascii	"moder\000"
 1787      7200
 1788              	.LASF117:
 1789 0158 77747472 		.ascii	"wttrp\000"
 1789      7000
 1790              	.LASF82:
 1791 015e 63685F73 		.ascii	"ch_system\000"
 1791      79737465 
 1791      6D00
 1792              	.LASF10:
 1793 0168 6C6F6E67 		.ascii	"long int\000"
 1793      20696E74 
 1793      00
 1794              	.LASF142:
 1795 0171 50454461 		.ascii	"PEData\000"
 1795      746100
 1796              	.LASF22:
 1797 0178 74737461 		.ascii	"tstate_t\000"
 1797      74655F74 
 1797      00
 1798              	.LASF94:
 1799 0181 73655F74 		.ascii	"se_tp\000"
 1799      7000
 1800              	.LASF35:
 1801 0187 705F6E65 		.ascii	"p_newer\000"
 1801      77657200 
ARM GAS  /tmp/cc9TvVwk.s 			page 34


 1802              	.LASF122:
 1803 018f 735F7175 		.ascii	"s_queue\000"
 1803      65756500 
 1804              	.LASF98:
 1805 0197 74625F73 		.ascii	"tb_size\000"
 1805      697A6500 
 1806              	.LASF61:
 1807 019f 725F6E65 		.ascii	"r_newer\000"
 1807      77657200 
 1808              	.LASF89:
 1809 01a7 72656761 		.ascii	"regarm_t\000"
 1809      726D5F74 
 1809      00
 1810              	.LASF68:
 1811 01b0 76745F70 		.ascii	"vt_prev\000"
 1811      72657600 
 1812              	.LASF84:
 1813 01b8 76746C69 		.ascii	"vtlist\000"
 1813      737400
 1814              	.LASF76:
 1815 01bf 63685F73 		.ascii	"ch_system_debug\000"
 1815      79737465 
 1815      6D5F6465 
 1815      62756700 
 1816              	.LASF154:
 1817 01cf 73746D33 		.ascii	"stm32_clock_init\000"
 1817      325F636C 
 1817      6F636B5F 
 1817      696E6974 
 1817      00
 1818              	.LASF129:
 1819 01e0 6D757465 		.ascii	"mutex_t\000"
 1819      785F7400 
 1820              	.LASF139:
 1821 01e8 50424461 		.ascii	"PBData\000"
 1821      746100
 1822              	.LASF79:
 1823 01ef 6C6F636B 		.ascii	"lock_cnt\000"
 1823      5F636E74 
 1823      00
 1824              	.LASF87:
 1825 01f8 69646C65 		.ascii	"idle_thread_wa\000"
 1825      5F746872 
 1825      6561645F 
 1825      776100
 1826              	.LASF27:
 1827 0207 636E745F 		.ascii	"cnt_t\000"
 1827      7400
 1828              	.LASF38:
 1829 020d 705F7374 		.ascii	"p_stklimit\000"
 1829      6B6C696D 
 1829      697400
 1830              	.LASF0:
 1831 0218 756E7369 		.ascii	"unsigned int\000"
 1831      676E6564 
 1831      20696E74 
 1831      00
ARM GAS  /tmp/cc9TvVwk.s 			page 35


 1832              	.LASF67:
 1833 0225 76745F6E 		.ascii	"vt_next\000"
 1833      65787400 
 1834              	.LASF118:
 1835 022d 77747365 		.ascii	"wtsemp\000"
 1835      6D7000
 1836              	.LASF151:
 1837 0234 2F686F6D 		.ascii	"/home/selim/working/ChibiOS/os/hal/boards/ST_STM32F"
 1837      652F7365 
 1837      6C696D2F 
 1837      776F726B 
 1837      696E672F 
 1838 0267 345F4449 		.ascii	"4_DISCOVERY/board.c\000"
 1838      53434F56 
 1838      4552592F 
 1838      626F6172 
 1838      642E6300 
 1839              	.LASF43:
 1840 027b 705F6D73 		.ascii	"p_msgqueue\000"
 1840      67717565 
 1840      756500
 1841              	.LASF133:
 1842 0286 6F737065 		.ascii	"ospeedr\000"
 1842      65647200 
 1843              	.LASF109:
 1844 028e 6E5F6972 		.ascii	"n_irq\000"
 1844      7100
 1845              	.LASF95:
 1846 0294 73655F77 		.ascii	"se_wtobjp\000"
 1846      746F626A 
 1846      7000
 1847              	.LASF132:
 1848 029e 6F747970 		.ascii	"otyper\000"
 1848      657200
 1849              	.LASF152:
 1850 02a5 5F5F6561 		.ascii	"__early_init\000"
 1850      726C795F 
 1850      696E6974 
 1850      00
 1851              	.LASF8:
 1852 02b2 73686F72 		.ascii	"short unsigned int\000"
 1852      7420756E 
 1852      7369676E 
 1852      65642069 
 1852      6E7400
 1853              	.LASF113:
 1854 02c5 6B65726E 		.ascii	"kernel_stats_t\000"
 1854      656C5F73 
 1854      74617473 
 1854      5F7400
 1855              	.LASF52:
 1856 02d4 63685F74 		.ascii	"ch_thread\000"
 1856      68726561 
 1856      6400
 1857              	.LASF25:
 1858 02de 6D73675F 		.ascii	"msg_t\000"
 1858      7400
ARM GAS  /tmp/cc9TvVwk.s 			page 36


 1859              	.LASF106:
 1860 02e4 6C617374 		.ascii	"last\000"
 1860      00
 1861              	.LASF28:
 1862 02e9 75636E74 		.ascii	"ucnt_t\000"
 1862      5F7400
 1863              	.LASF81:
 1864 02f0 63685F73 		.ascii	"ch_system_t\000"
 1864      79737465 
 1864      6D5F7400 
 1865              	.LASF21:
 1866 02fc 746D6F64 		.ascii	"tmode_t\000"
 1866      655F7400 
 1867              	.LASF112:
 1868 0304 6D5F6372 		.ascii	"m_crit_isr\000"
 1868      69745F69 
 1868      737200
 1869              	.LASF57:
 1870 030f 63685F72 		.ascii	"ch_ready_list\000"
 1870      65616479 
 1870      5F6C6973 
 1870      7400
 1871              	.LASF26:
 1872 031d 6576656E 		.ascii	"eventmask_t\000"
 1872      746D6173 
 1872      6B5F7400 
 1873              	.LASF9:
 1874 0329 5F5F696E 		.ascii	"__int32_t\000"
 1874      7433325F 
 1874      7400
 1875              	.LASF144:
 1876 0333 50474461 		.ascii	"PGData\000"
 1876      746100
 1877              	.LASF90:
 1878 033a 73746B61 		.ascii	"stkalign_t\000"
 1878      6C69676E 
 1878      5F7400
 1879              	.LASF42:
 1880 0345 705F7761 		.ascii	"p_waiting\000"
 1880      6974696E 
 1880      6700
 1881              	.LASF88:
 1882 034f 73697A65 		.ascii	"sizetype\000"
 1882      74797065 
 1882      00
 1883              	.LASF50:
 1884 0358 74687265 		.ascii	"thread_reference_t\000"
 1884      61645F72 
 1884      65666572 
 1884      656E6365 
 1884      5F7400
 1885              	.LASF73:
 1886 036b 63685F76 		.ascii	"ch_virtual_timers_list\000"
 1886      69727475 
 1886      616C5F74 
 1886      696D6572 
 1886      735F6C69 
ARM GAS  /tmp/cc9TvVwk.s 			page 37


 1887              	.LASF2:
 1888 0382 6C6F6E67 		.ascii	"long double\000"
 1888      20646F75 
 1888      626C6500 
 1889              	.LASF97:
 1890 038e 63685F73 		.ascii	"ch_swc_event_t\000"
 1890      77635F65 
 1890      76656E74 
 1890      5F7400
 1891              	.LASF74:
 1892 039d 76745F6C 		.ascii	"vt_lasttime\000"
 1892      61737474 
 1892      696D6500 
 1893              	.LASF36:
 1894 03a9 705F6F6C 		.ascii	"p_older\000"
 1894      64657200 
 1895              	.LASF60:
 1896 03b1 725F6374 		.ascii	"r_ctx\000"
 1896      7800
 1897              	.LASF103:
 1898 03b7 746D5F63 		.ascii	"tm_calibration_t\000"
 1898      616C6962 
 1898      72617469 
 1898      6F6E5F74 
 1898      00
 1899              	.LASF136:
 1900 03c8 61667268 		.ascii	"afrh\000"
 1900      00
 1901              	.LASF141:
 1902 03cd 50444461 		.ascii	"PDData\000"
 1902      746100
 1903              	.LASF63:
 1904 03d4 725F6375 		.ascii	"r_current\000"
 1904      7272656E 
 1904      7400
 1905              	.LASF62:
 1906 03de 725F6F6C 		.ascii	"r_older\000"
 1906      64657200 
 1907              	.LASF13:
 1908 03e6 5F5F7569 		.ascii	"__uint64_t\000"
 1908      6E743634 
 1908      5F7400
 1909              	.LASF107:
 1910 03f1 63756D75 		.ascii	"cumulative\000"
 1910      6C617469 
 1910      766500
 1911              	.LASF23:
 1912 03fc 74726566 		.ascii	"trefs_t\000"
 1912      735F7400 
 1913              	.LASF100:
 1914 0404 74625F62 		.ascii	"tb_buffer\000"
 1914      75666665 
 1914      7200
 1915              	.LASF65:
 1916 040e 76697274 		.ascii	"virtual_timer_t\000"
 1916      75616C5F 
 1916      74696D65 
ARM GAS  /tmp/cc9TvVwk.s 			page 38


 1916      725F7400 
 1917              	.LASF32:
 1918 041e 705F7072 		.ascii	"p_prev\000"
 1918      657600
 1919              	.LASF24:
 1920 0425 74707269 		.ascii	"tprio_t\000"
 1920      6F5F7400 
 1921              	.LASF110:
 1922 042d 6E5F6374 		.ascii	"n_ctxswc\000"
 1922      78737763 
 1922      00
 1923              	.LASF130:
 1924 0436 5F426F6F 		.ascii	"_Bool\000"
 1924      6C00
 1925              	.LASF16:
 1926 043c 696E7433 		.ascii	"int32_t\000"
 1926      325F7400 
 1927              	.LASF6:
 1928 0444 756E7369 		.ascii	"unsigned char\000"
 1928      676E6564 
 1928      20636861 
 1928      7200
 1929              	.LASF135:
 1930 0452 6166726C 		.ascii	"afrl\000"
 1930      00
 1931              	.LASF123:
 1932 0457 735F636E 		.ascii	"s_cnt\000"
 1932      7400
 1933              	.LASF46:
 1934 045d 705F6D74 		.ascii	"p_mtxlist\000"
 1934      786C6973 
 1934      7400
 1935              	.LASF7:
 1936 0467 73686F72 		.ascii	"short int\000"
 1936      7420696E 
 1936      7400
 1937              	.LASF39:
 1938 0471 705F7374 		.ascii	"p_state\000"
 1938      61746500 
 1939              	.LASF153:
 1940 0479 626F6172 		.ascii	"boardInit\000"
 1940      64496E69 
 1940      7400
 1941              	.LASF59:
 1942 0483 725F7072 		.ascii	"r_prio\000"
 1942      696F00
 1943              	.LASF150:
 1944 048a 474E5520 		.ascii	"GNU C11 5.3.1 20160307 (release) [ARM/embedded-5-br"
 1944      43313120 
 1944      352E332E 
 1944      31203230 
 1944      31363033 
 1945 04bd 616E6368 		.ascii	"anch revision 234589] -mcpu=cortex-m4 -mno-thumb-in"
 1945      20726576 
 1945      6973696F 
 1945      6E203233 
 1945      34353839 
ARM GAS  /tmp/cc9TvVwk.s 			page 39


 1946 04f0 74657277 		.ascii	"terwork -mthumb -ggdb -O2 -fomit-frame-pointer -fal"
 1946      6F726B20 
 1946      2D6D7468 
 1946      756D6220 
 1946      2D676764 
 1947 0523 69676E2D 		.ascii	"ign-functions=16 -ffunction-sections -fdata-section"
 1947      66756E63 
 1947      74696F6E 
 1947      733D3136 
 1947      202D6666 
 1948 0556 73202D66 		.ascii	"s -fno-common\000"
 1948      6E6F2D63 
 1948      6F6D6D6F 
 1948      6E00
 1949              	.LASF138:
 1950 0564 50414461 		.ascii	"PAData\000"
 1950      746100
 1951              	.LASF120:
 1952 056b 65776D61 		.ascii	"ewmask\000"
 1952      736B00
 1953              	.LASF31:
 1954 0572 705F6E65 		.ascii	"p_next\000"
 1954      787400
 1955              	.LASF40:
 1956 0579 705F666C 		.ascii	"p_flags\000"
 1956      61677300 
 1957              	.LASF49:
 1958 0581 705F7374 		.ascii	"p_stats\000"
 1958      61747300 
 1959              	.LASF146:
 1960 0589 50494461 		.ascii	"PIData\000"
 1960      746100
 1961              	.LASF66:
 1962 0590 63685F76 		.ascii	"ch_virtual_timer\000"
 1962      69727475 
 1962      616C5F74 
 1962      696D6572 
 1962      00
 1963              	.LASF121:
 1964 05a1 63685F73 		.ascii	"ch_semaphore\000"
 1964      656D6170 
 1964      686F7265 
 1964      00
 1965              	.LASF45:
 1966 05ae 705F6570 		.ascii	"p_epending\000"
 1966      656E6469 
 1966      6E6700
 1967              	.LASF17:
 1968 05b9 75696E74 		.ascii	"uint32_t\000"
 1968      33325F74 
 1968      00
 1969              	.LASF119:
 1970 05c2 77746D74 		.ascii	"wtmtxp\000"
 1970      787000
 1971              	.LASF58:
 1972 05c9 725F7175 		.ascii	"r_queue\000"
 1972      65756500 
ARM GAS  /tmp/cc9TvVwk.s 			page 40


 1973              	.LASF69:
 1974 05d1 76745F64 		.ascii	"vt_delta\000"
 1974      656C7461 
 1974      00
 1975              	.LASF53:
 1976 05da 63685F74 		.ascii	"ch_threads_list\000"
 1976      68726561 
 1976      64735F6C 
 1976      69737400 
 1977              	.LASF12:
 1978 05ea 6C6F6E67 		.ascii	"long unsigned int\000"
 1978      20756E73 
 1978      69676E65 
 1978      6420696E 
 1978      7400
 1979              	.LASF128:
 1980 05fc 63686172 		.ascii	"char\000"
 1980      00
 1981              	.LASF30:
 1982 0601 74687265 		.ascii	"thread_t\000"
 1982      61645F74 
 1982      00
 1983              	.LASF104:
 1984 060a 62657374 		.ascii	"best\000"
 1984      00
 1985              	.LASF127:
 1986 060f 6D5F6E65 		.ascii	"m_next\000"
 1986      787400
 1987              	.LASF29:
 1988 0616 73797374 		.ascii	"systime_t\000"
 1988      696D655F 
 1988      7400
 1989              	.LASF47:
 1990 0620 705F7265 		.ascii	"p_realprio\000"
 1990      616C7072 
 1990      696F00
 1991              	.LASF64:
 1992 062b 76746675 		.ascii	"vtfunc_t\000"
 1992      6E635F74 
 1992      00
 1993              	.LASF11:
 1994 0634 5F5F7569 		.ascii	"__uint32_t\000"
 1994      6E743332 
 1994      5F7400
 1995              	.LASF77:
 1996 063f 70616E69 		.ascii	"panic_msg\000"
 1996      635F6D73 
 1996      6700
 1997              	.LASF102:
 1998 0649 6F666673 		.ascii	"offset\000"
 1998      657400
 1999              	.LASF91:
 2000 0650 636F6E74 		.ascii	"context\000"
 2000      65787400 
 2001              	.LASF19:
 2002 0658 7274636E 		.ascii	"rtcnt_t\000"
 2002      745F7400 
ARM GAS  /tmp/cc9TvVwk.s 			page 41


 2003              	.LASF71:
 2004 0660 76745F70 		.ascii	"vt_par\000"
 2004      617200
 2005              	.LASF147:
 2006 0667 50414C43 		.ascii	"PALConfig\000"
 2006      6F6E6669 
 2006      6700
 2007              	.LASF54:
 2008 0671 74687265 		.ascii	"threads_queue_t\000"
 2008      6164735F 
 2008      71756575 
 2008      655F7400 
 2009              	.LASF124:
 2010 0681 63685F6D 		.ascii	"ch_mutex\000"
 2010      75746578 
 2010      00
 2011              	.LASF41:
 2012 068a 705F7265 		.ascii	"p_refs\000"
 2012      667300
 2013              	.LASF78:
 2014 0691 6973725F 		.ascii	"isr_cnt\000"
 2014      636E7400 
 2015              	.LASF83:
 2016 0699 726C6973 		.ascii	"rlist\000"
 2016      7400
 2017              	.LASF15:
 2018 069f 75696E74 		.ascii	"uint8_t\000"
 2018      385F7400 
 2019              	.LASF116:
 2020 06a7 77746F62 		.ascii	"wtobjp\000"
 2020      6A7000
 2021              	.LASF37:
 2022 06ae 705F6E61 		.ascii	"p_name\000"
 2022      6D6500
 2023              	.LASF140:
 2024 06b5 50434461 		.ascii	"PCData\000"
 2024      746100
 2025              	.LASF51:
 2026 06bc 74687265 		.ascii	"threads_list_t\000"
 2026      6164735F 
 2026      6C697374 
 2026      5F7400
 2027              	.LASF80:
 2028 06cb 74726163 		.ascii	"trace_buffer\000"
 2028      655F6275 
 2028      66666572 
 2028      00
 2029              	.LASF44:
 2030 06d8 705F6D73 		.ascii	"p_msg\000"
 2030      6700
 2031              	.LASF143:
 2032 06de 50464461 		.ascii	"PFData\000"
 2032      746100
 2033              	.LASF111:
 2034 06e5 6D5F6372 		.ascii	"m_crit_thd\000"
 2034      69745F74 
 2034      686400
ARM GAS  /tmp/cc9TvVwk.s 			page 42


 2035              	.LASF126:
 2036 06f0 6D5F6F77 		.ascii	"m_owner\000"
 2036      6E657200 
 2037              	.LASF149:
 2038 06f8 70616C5F 		.ascii	"pal_default_config\000"
 2038      64656661 
 2038      756C745F 
 2038      636F6E66 
 2038      696700
 2039              	.LASF34:
 2040 070b 705F6374 		.ascii	"p_ctx\000"
 2040      7800
 2041              	.LASF70:
 2042 0711 76745F66 		.ascii	"vt_func\000"
 2042      756E6300 
 2043              		.ident	"GCC: (GNU Tools for ARM Embedded Processors) 5.3.1 20160307 (release) [ARM/embedded-5-bran
ARM GAS  /tmp/cc9TvVwk.s 			page 43


DEFINED SYMBOLS
                            *ABS*:0000000000000000 board.c
     /tmp/cc9TvVwk.s:20     .text.__early_init:0000000000000000 $t
     /tmp/cc9TvVwk.s:26     .text.__early_init:0000000000000000 __early_init
     /tmp/cc9TvVwk.s:41     .text.boardInit:0000000000000000 $t
     /tmp/cc9TvVwk.s:47     .text.boardInit:0000000000000000 boardInit
     /tmp/cc9TvVwk.s:63     .rodata.pal_default_config:0000000000000000 pal_default_config
     /tmp/cc9TvVwk.s:60     .rodata.pal_default_config:0000000000000000 $d
                     .debug_frame:0000000000000010 $d

UNDEFINED SYMBOLS
stm32_clock_init
