ARM GAS  /tmp/cccWBumq.s 			page 1


   1              		.syntax unified
   2              		.cpu cortex-m4
   3              		.fpu softvfp
   4              		.eabi_attribute 20, 1
   5              		.eabi_attribute 21, 1
   6              		.eabi_attribute 23, 3
   7              		.eabi_attribute 24, 1
   8              		.eabi_attribute 25, 1
   9              		.eabi_attribute 26, 1
  10              		.eabi_attribute 30, 2
  11              		.eabi_attribute 34, 1
  12              		.eabi_attribute 18, 4
  13              		.thumb
  14              		.syntax unified
  15              		.file	"chcore.c"
  16              		.text
  17              	.Ltext0:
  18              		.cfi_sections	.debug_frame
  19              	.Letext0:
  20              		.file 1 "/usr/arm-none-eabi/include/machine/_default_types.h"
  21              		.file 2 "/usr/arm-none-eabi/include/sys/_stdint.h"
  22              		.file 3 "/home/selim/working/ChibiOS/os/rt/ports/ARMCMx/compilers/GCC/chtypes.h"
  23              		.file 4 "/home/selim/working/ChibiOS/os/rt/include/chsystypes.h"
  24              		.file 5 "/home/selim/working/ChibiOS/os/rt/include/chschd.h"
  25              		.file 6 "/home/selim/working/ChibiOS/os/rt/ports/ARMCMx/chcore.h"
  26              		.file 7 "/home/selim/working/ChibiOS/os/rt/ports/ARMCMx/chcore_v7m.h"
  27              		.file 8 "/home/selim/working/ChibiOS/os/rt/include/chdebug.h"
  28              		.file 9 "/home/selim/working/ChibiOS/os/rt/include/chtm.h"
  29              		.file 10 "/home/selim/working/ChibiOS/os/rt/include/chstats.h"
  30              		.file 11 "/home/selim/working/ChibiOS/os/rt/include/chsem.h"
  31              		.file 12 "/home/selim/working/ChibiOS/os/rt/include/chmtx.h"
  32              		.file 13 "/home/selim/working/ChibiOS/os/ext/CMSIS/include/core_cm4.h"
  33              		.section	.debug_info,"",%progbits
  34              	.Ldebug_info0:
  35 0000 BD070000 		.4byte	0x7bd
  36 0004 0400     		.2byte	0x4
  37 0006 00000000 		.4byte	.Ldebug_abbrev0
  38 000a 04       		.byte	0x4
  39 000b 01       		.uleb128 0x1
  40 000c E1030000 		.4byte	.LASF130
  41 0010 0C       		.byte	0xc
  42 0011 20030000 		.4byte	.LASF131
  43 0015 00000000 		.4byte	.Ldebug_line0
  44 0019 02       		.uleb128 0x2
  45 001a 04       		.byte	0x4
  46 001b 05       		.byte	0x5
  47 001c 696E7400 		.ascii	"int\000"
  48 0020 03       		.uleb128 0x3
  49 0021 04       		.byte	0x4
  50 0022 07       		.byte	0x7
  51 0023 CC010000 		.4byte	.LASF0
  52 0027 03       		.uleb128 0x3
  53 0028 08       		.byte	0x8
  54 0029 05       		.byte	0x5
  55 002a 07010000 		.4byte	.LASF1
  56 002e 03       		.uleb128 0x3
  57 002f 08       		.byte	0x8
ARM GAS  /tmp/cccWBumq.s 			page 2


  58 0030 04       		.byte	0x4
  59 0031 C8020000 		.4byte	.LASF2
  60 0035 03       		.uleb128 0x3
  61 0036 01       		.byte	0x1
  62 0037 06       		.byte	0x6
  63 0038 15010000 		.4byte	.LASF3
  64 003c 04       		.uleb128 0x4
  65 003d 3F000000 		.4byte	.LASF7
  66 0041 01       		.byte	0x1
  67 0042 1D       		.byte	0x1d
  68 0043 47000000 		.4byte	0x47
  69 0047 03       		.uleb128 0x3
  70 0048 01       		.byte	0x1
  71 0049 08       		.byte	0x8
  72 004a B0030000 		.4byte	.LASF4
  73 004e 03       		.uleb128 0x3
  74 004f 02       		.byte	0x2
  75 0050 05       		.byte	0x5
  76 0051 C8030000 		.4byte	.LASF5
  77 0055 03       		.uleb128 0x3
  78 0056 02       		.byte	0x2
  79 0057 07       		.byte	0x7
  80 0058 FF010000 		.4byte	.LASF6
  81 005c 04       		.uleb128 0x4
  82 005d 76020000 		.4byte	.LASF8
  83 0061 01       		.byte	0x1
  84 0062 3F       		.byte	0x3f
  85 0063 67000000 		.4byte	0x67
  86 0067 03       		.uleb128 0x3
  87 0068 04       		.byte	0x4
  88 0069 05       		.byte	0x5
  89 006a 42010000 		.4byte	.LASF9
  90 006e 04       		.uleb128 0x4
  91 006f 7D050000 		.4byte	.LASF10
  92 0073 01       		.byte	0x1
  93 0074 41       		.byte	0x41
  94 0075 79000000 		.4byte	0x79
  95 0079 03       		.uleb128 0x3
  96 007a 04       		.byte	0x4
  97 007b 07       		.byte	0x7
  98 007c 33050000 		.4byte	.LASF11
  99 0080 04       		.uleb128 0x4
 100 0081 58030000 		.4byte	.LASF12
 101 0085 01       		.byte	0x1
 102 0086 5B       		.byte	0x5b
 103 0087 8B000000 		.4byte	0x8b
 104 008b 03       		.uleb128 0x3
 105 008c 08       		.byte	0x8
 106 008d 07       		.byte	0x7
 107 008e 8E000000 		.4byte	.LASF13
 108 0092 04       		.uleb128 0x4
 109 0093 DE050000 		.4byte	.LASF14
 110 0097 02       		.byte	0x2
 111 0098 14       		.byte	0x14
 112 0099 3C000000 		.4byte	0x3c
 113 009d 04       		.uleb128 0x4
 114 009e A8030000 		.4byte	.LASF15
ARM GAS  /tmp/cccWBumq.s 			page 3


 115 00a2 02       		.byte	0x2
 116 00a3 1F       		.byte	0x1f
 117 00a4 5C000000 		.4byte	0x5c
 118 00a8 04       		.uleb128 0x4
 119 00a9 02050000 		.4byte	.LASF16
 120 00ad 02       		.byte	0x2
 121 00ae 20       		.byte	0x20
 122 00af 6E000000 		.4byte	0x6e
 123 00b3 04       		.uleb128 0x4
 124 00b4 29000000 		.4byte	.LASF17
 125 00b8 02       		.byte	0x2
 126 00b9 26       		.byte	0x26
 127 00ba 80000000 		.4byte	0x80
 128 00be 05       		.uleb128 0x5
 129 00bf 9D000000 		.4byte	0x9d
 130 00c3 04       		.uleb128 0x4
 131 00c4 A1050000 		.4byte	.LASF18
 132 00c8 03       		.byte	0x3
 133 00c9 46       		.byte	0x46
 134 00ca A8000000 		.4byte	0xa8
 135 00ce 04       		.uleb128 0x4
 136 00cf F7000000 		.4byte	.LASF19
 137 00d3 03       		.byte	0x3
 138 00d4 47       		.byte	0x47
 139 00d5 B3000000 		.4byte	0xb3
 140 00d9 04       		.uleb128 0x4
 141 00da 49020000 		.4byte	.LASF20
 142 00de 03       		.byte	0x3
 143 00df 49       		.byte	0x49
 144 00e0 92000000 		.4byte	0x92
 145 00e4 04       		.uleb128 0x4
 146 00e5 4B010000 		.4byte	.LASF21
 147 00e9 03       		.byte	0x3
 148 00ea 4A       		.byte	0x4a
 149 00eb 92000000 		.4byte	0x92
 150 00ef 04       		.uleb128 0x4
 151 00f0 6E030000 		.4byte	.LASF22
 152 00f4 03       		.byte	0x3
 153 00f5 4B       		.byte	0x4b
 154 00f6 92000000 		.4byte	0x92
 155 00fa 04       		.uleb128 0x4
 156 00fb 97030000 		.4byte	.LASF23
 157 00ff 03       		.byte	0x3
 158 0100 4D       		.byte	0x4d
 159 0101 A8000000 		.4byte	0xa8
 160 0105 04       		.uleb128 0x4
 161 0106 2B020000 		.4byte	.LASF24
 162 010a 03       		.byte	0x3
 163 010b 4E       		.byte	0x4e
 164 010c 9D000000 		.4byte	0x9d
 165 0110 04       		.uleb128 0x4
 166 0111 6A020000 		.4byte	.LASF25
 167 0115 03       		.byte	0x3
 168 0116 50       		.byte	0x50
 169 0117 A8000000 		.4byte	0xa8
 170 011b 04       		.uleb128 0x4
 171 011c BB010000 		.4byte	.LASF26
ARM GAS  /tmp/cccWBumq.s 			page 4


 172 0120 03       		.byte	0x3
 173 0121 52       		.byte	0x52
 174 0122 9D000000 		.4byte	0x9d
 175 0126 04       		.uleb128 0x4
 176 0127 36020000 		.4byte	.LASF27
 177 012b 03       		.byte	0x3
 178 012c 53       		.byte	0x53
 179 012d A8000000 		.4byte	0xa8
 180 0131 04       		.uleb128 0x4
 181 0132 5F050000 		.4byte	.LASF28
 182 0136 04       		.byte	0x4
 183 0137 33       		.byte	0x33
 184 0138 A8000000 		.4byte	0xa8
 185 013c 04       		.uleb128 0x4
 186 013d 4A050000 		.4byte	.LASF29
 187 0141 04       		.byte	0x4
 188 0142 3F       		.byte	0x3f
 189 0143 47010000 		.4byte	0x147
 190 0147 06       		.uleb128 0x6
 191 0148 21020000 		.4byte	.LASF51
 192 014c 60       		.byte	0x60
 193 014d 05       		.byte	0x5
 194 014e C2       		.byte	0xc2
 195 014f 4D020000 		.4byte	0x24d
 196 0153 07       		.uleb128 0x7
 197 0154 C2040000 		.4byte	.LASF30
 198 0158 05       		.byte	0x5
 199 0159 C3       		.byte	0xc3
 200 015a 58020000 		.4byte	0x258
 201 015e 00       		.byte	0
 202 015f 07       		.uleb128 0x7
 203 0160 90030000 		.4byte	.LASF31
 204 0164 05       		.byte	0x5
 205 0165 C5       		.byte	0xc5
 206 0166 58020000 		.4byte	0x258
 207 016a 04       		.byte	0x4
 208 016b 07       		.uleb128 0x7
 209 016c 00010000 		.4byte	.LASF32
 210 0170 05       		.byte	0x5
 211 0171 C7       		.byte	0xc7
 212 0172 FA000000 		.4byte	0xfa
 213 0176 08       		.byte	0x8
 214 0177 07       		.uleb128 0x7
 215 0178 33060000 		.4byte	.LASF33
 216 017c 05       		.byte	0x5
 217 017d C8       		.byte	0xc8
 218 017e C1040000 		.4byte	0x4c1
 219 0182 0C       		.byte	0xc
 220 0183 07       		.uleb128 0x7
 221 0184 5A010000 		.4byte	.LASF34
 222 0188 05       		.byte	0x5
 223 0189 CA       		.byte	0xca
 224 018a 58020000 		.4byte	0x258
 225 018e 10       		.byte	0x10
 226 018f 07       		.uleb128 0x7
 227 0190 EF020000 		.4byte	.LASF35
 228 0194 05       		.byte	0x5
ARM GAS  /tmp/cccWBumq.s 			page 5


 229 0195 CB       		.byte	0xcb
 230 0196 58020000 		.4byte	0x258
 231 019a 14       		.byte	0x14
 232 019b 07       		.uleb128 0x7
 233 019c ED050000 		.4byte	.LASF36
 234 01a0 05       		.byte	0x5
 235 01a1 D2       		.byte	0xd2
 236 01a2 65070000 		.4byte	0x765
 237 01a6 18       		.byte	0x18
 238 01a7 07       		.uleb128 0x7
 239 01a8 C1010000 		.4byte	.LASF37
 240 01ac 05       		.byte	0x5
 241 01ad D8       		.byte	0xd8
 242 01ae 77070000 		.4byte	0x777
 243 01b2 1C       		.byte	0x1c
 244 01b3 07       		.uleb128 0x7
 245 01b4 D2030000 		.4byte	.LASF38
 246 01b8 05       		.byte	0x5
 247 01b9 DD       		.byte	0xdd
 248 01ba E4000000 		.4byte	0xe4
 249 01be 20       		.byte	0x20
 250 01bf 07       		.uleb128 0x7
 251 01c0 C9040000 		.4byte	.LASF39
 252 01c4 05       		.byte	0x5
 253 01c5 E1       		.byte	0xe1
 254 01c6 D9000000 		.4byte	0xd9
 255 01ca 21       		.byte	0x21
 256 01cb 07       		.uleb128 0x7
 257 01cc C9050000 		.4byte	.LASF40
 258 01d0 05       		.byte	0x5
 259 01d1 E6       		.byte	0xe6
 260 01d2 EF000000 		.4byte	0xef
 261 01d6 22       		.byte	0x22
 262 01d7 08       		.uleb128 0x8
 263 01d8 705F7500 		.ascii	"p_u\000"
 264 01dc 05       		.byte	0x5
 265 01dd 3101     		.2byte	0x131
 266 01df A0060000 		.4byte	0x6a0
 267 01e3 24       		.byte	0x24
 268 01e4 09       		.uleb128 0x9
 269 01e5 8B020000 		.4byte	.LASF41
 270 01e9 05       		.byte	0x5
 271 01ea 3601     		.2byte	0x136
 272 01ec 5E020000 		.4byte	0x25e
 273 01f0 28       		.byte	0x28
 274 01f1 09       		.uleb128 0x9
 275 01f2 E8010000 		.4byte	.LASF42
 276 01f6 05       		.byte	0x5
 277 01f7 3C01     		.2byte	0x13c
 278 01f9 82020000 		.4byte	0x282
 279 01fd 2C       		.byte	0x2c
 280 01fe 09       		.uleb128 0x9
 281 01ff 10060000 		.4byte	.LASF43
 282 0203 05       		.byte	0x5
 283 0204 4001     		.2byte	0x140
 284 0206 05010000 		.4byte	0x105
 285 020a 34       		.byte	0x34
ARM GAS  /tmp/cccWBumq.s 			page 6


 286 020b 09       		.uleb128 0x9
 287 020c F7040000 		.4byte	.LASF44
 288 0210 05       		.byte	0x5
 289 0211 4601     		.2byte	0x146
 290 0213 10010000 		.4byte	0x110
 291 0217 38       		.byte	0x38
 292 0218 09       		.uleb128 0x9
 293 0219 BE030000 		.4byte	.LASF45
 294 021d 05       		.byte	0x5
 295 021e 4D01     		.2byte	0x14d
 296 0220 5F070000 		.4byte	0x75f
 297 0224 3C       		.byte	0x3c
 298 0225 09       		.uleb128 0x9
 299 0226 69050000 		.4byte	.LASF46
 300 022a 05       		.byte	0x5
 301 022b 5101     		.2byte	0x151
 302 022d FA000000 		.4byte	0xfa
 303 0231 40       		.byte	0x40
 304 0232 09       		.uleb128 0x9
 305 0233 21010000 		.4byte	.LASF47
 306 0237 05       		.byte	0x5
 307 0238 5801     		.2byte	0x158
 308 023a 35030000 		.4byte	0x335
 309 023e 44       		.byte	0x44
 310 023f 09       		.uleb128 0x9
 311 0240 D1040000 		.4byte	.LASF48
 312 0244 05       		.byte	0x5
 313 0245 5E01     		.2byte	0x15e
 314 0247 51060000 		.4byte	0x651
 315 024b 48       		.byte	0x48
 316 024c 00       		.byte	0
 317 024d 04       		.uleb128 0x4
 318 024e 9E020000 		.4byte	.LASF49
 319 0252 04       		.byte	0x4
 320 0253 44       		.byte	0x44
 321 0254 58020000 		.4byte	0x258
 322 0258 0A       		.uleb128 0xa
 323 0259 04       		.byte	0x4
 324 025a 3C010000 		.4byte	0x13c
 325 025e 04       		.uleb128 0x4
 326 025f F4050000 		.4byte	.LASF50
 327 0263 04       		.byte	0x4
 328 0264 49       		.byte	0x49
 329 0265 69020000 		.4byte	0x269
 330 0269 06       		.uleb128 0x6
 331 026a 23050000 		.4byte	.LASF52
 332 026e 04       		.byte	0x4
 333 026f 05       		.byte	0x5
 334 0270 B0       		.byte	0xb0
 335 0271 82020000 		.4byte	0x282
 336 0275 07       		.uleb128 0x7
 337 0276 C2040000 		.4byte	.LASF30
 338 027a 05       		.byte	0x5
 339 027b B1       		.byte	0xb1
 340 027c 58020000 		.4byte	0x258
 341 0280 00       		.byte	0
 342 0281 00       		.byte	0
ARM GAS  /tmp/cccWBumq.s 			page 7


 343 0282 04       		.uleb128 0x4
 344 0283 B0050000 		.4byte	.LASF53
 345 0287 04       		.byte	0x4
 346 0288 50       		.byte	0x50
 347 0289 8D020000 		.4byte	0x28d
 348 028d 06       		.uleb128 0x6
 349 028e 55000000 		.4byte	.LASF54
 350 0292 08       		.byte	0x8
 351 0293 05       		.byte	0x5
 352 0294 B7       		.byte	0xb7
 353 0295 B2020000 		.4byte	0x2b2
 354 0299 07       		.uleb128 0x7
 355 029a C2040000 		.4byte	.LASF30
 356 029e 05       		.byte	0x5
 357 029f B8       		.byte	0xb8
 358 02a0 58020000 		.4byte	0x258
 359 02a4 00       		.byte	0
 360 02a5 07       		.uleb128 0x7
 361 02a6 90030000 		.4byte	.LASF31
 362 02aa 05       		.byte	0x5
 363 02ab B9       		.byte	0xb9
 364 02ac 58020000 		.4byte	0x258
 365 02b0 04       		.byte	0x4
 366 02b1 00       		.byte	0
 367 02b2 04       		.uleb128 0x4
 368 02b3 07000000 		.4byte	.LASF55
 369 02b7 04       		.byte	0x4
 370 02b8 57       		.byte	0x57
 371 02b9 BD020000 		.4byte	0x2bd
 372 02bd 0B       		.uleb128 0xb
 373 02be 5C020000 		.4byte	.LASF56
 374 02c2 1C       		.byte	0x1c
 375 02c3 05       		.byte	0x5
 376 02c4 9001     		.2byte	0x190
 377 02c6 19030000 		.4byte	0x319
 378 02ca 09       		.uleb128 0x9
 379 02cb 12050000 		.4byte	.LASF57
 380 02cf 05       		.byte	0x5
 381 02d0 9101     		.2byte	0x191
 382 02d2 82020000 		.4byte	0x282
 383 02d6 00       		.byte	0
 384 02d7 09       		.uleb128 0x9
 385 02d8 DA030000 		.4byte	.LASF58
 386 02dc 05       		.byte	0x5
 387 02dd 9201     		.2byte	0x192
 388 02df FA000000 		.4byte	0xfa
 389 02e3 08       		.byte	0x8
 390 02e4 09       		.uleb128 0x9
 391 02e5 F7020000 		.4byte	.LASF59
 392 02e9 05       		.byte	0x5
 393 02ea 9401     		.2byte	0x194
 394 02ec C1040000 		.4byte	0x4c1
 395 02f0 0C       		.byte	0xc
 396 02f1 09       		.uleb128 0x9
 397 02f2 72010000 		.4byte	.LASF60
 398 02f6 05       		.byte	0x5
 399 02f7 9701     		.2byte	0x197
ARM GAS  /tmp/cccWBumq.s 			page 8


 400 02f9 58020000 		.4byte	0x258
 401 02fd 10       		.byte	0x10
 402 02fe 09       		.uleb128 0x9
 403 02ff 18030000 		.4byte	.LASF61
 404 0303 05       		.byte	0x5
 405 0304 9801     		.2byte	0x198
 406 0306 58020000 		.4byte	0x258
 407 030a 14       		.byte	0x14
 408 030b 09       		.uleb128 0x9
 409 030c 0E030000 		.4byte	.LASF62
 410 0310 05       		.byte	0x5
 411 0311 9B01     		.2byte	0x19b
 412 0313 58020000 		.4byte	0x258
 413 0317 18       		.byte	0x18
 414 0318 00       		.byte	0
 415 0319 04       		.uleb128 0x4
 416 031a 74050000 		.4byte	.LASF63
 417 031e 04       		.byte	0x4
 418 031f 5C       		.byte	0x5c
 419 0320 24030000 		.4byte	0x324
 420 0324 0A       		.uleb128 0xa
 421 0325 04       		.byte	0x4
 422 0326 2A030000 		.4byte	0x32a
 423 032a 0C       		.uleb128 0xc
 424 032b 35030000 		.4byte	0x335
 425 032f 0D       		.uleb128 0xd
 426 0330 35030000 		.4byte	0x335
 427 0334 00       		.byte	0
 428 0335 0E       		.uleb128 0xe
 429 0336 04       		.byte	0x4
 430 0337 04       		.uleb128 0x4
 431 0338 80030000 		.4byte	.LASF64
 432 033c 04       		.byte	0x4
 433 033d 61       		.byte	0x61
 434 033e 42030000 		.4byte	0x342
 435 0342 0B       		.uleb128 0xb
 436 0343 D9040000 		.4byte	.LASF65
 437 0347 14       		.byte	0x14
 438 0348 05       		.byte	0x5
 439 0349 6B01     		.2byte	0x16b
 440 034b 91030000 		.4byte	0x391
 441 034f 09       		.uleb128 0x9
 442 0350 D9010000 		.4byte	.LASF66
 443 0354 05       		.byte	0x5
 444 0355 6C01     		.2byte	0x16c
 445 0357 7D070000 		.4byte	0x77d
 446 035b 00       		.byte	0
 447 035c 09       		.uleb128 0x9
 448 035d 83010000 		.4byte	.LASF67
 449 0361 05       		.byte	0x5
 450 0362 6D01     		.2byte	0x16d
 451 0364 7D070000 		.4byte	0x77d
 452 0368 04       		.byte	0x4
 453 0369 09       		.uleb128 0x9
 454 036a 1A050000 		.4byte	.LASF68
 455 036e 05       		.byte	0x5
 456 036f 6E01     		.2byte	0x16e
ARM GAS  /tmp/cccWBumq.s 			page 9


 457 0371 31010000 		.4byte	0x131
 458 0375 08       		.byte	0x8
 459 0376 09       		.uleb128 0x9
 460 0377 39060000 		.4byte	.LASF69
 461 037b 05       		.byte	0x5
 462 037c 6F01     		.2byte	0x16f
 463 037e 19030000 		.4byte	0x319
 464 0382 0C       		.byte	0xc
 465 0383 09       		.uleb128 0x9
 466 0384 A9050000 		.4byte	.LASF70
 467 0388 05       		.byte	0x5
 468 0389 7101     		.2byte	0x171
 469 038b 35030000 		.4byte	0x335
 470 038f 10       		.byte	0x10
 471 0390 00       		.byte	0
 472 0391 04       		.uleb128 0x4
 473 0392 D4000000 		.4byte	.LASF71
 474 0396 04       		.byte	0x4
 475 0397 66       		.byte	0x66
 476 0398 9C030000 		.4byte	0x39c
 477 039c 0B       		.uleb128 0xb
 478 039d B1020000 		.4byte	.LASF72
 479 03a1 10       		.byte	0x10
 480 03a2 05       		.byte	0x5
 481 03a3 7B01     		.2byte	0x17b
 482 03a5 DE030000 		.4byte	0x3de
 483 03a9 09       		.uleb128 0x9
 484 03aa D9010000 		.4byte	.LASF66
 485 03ae 05       		.byte	0x5
 486 03af 7C01     		.2byte	0x17c
 487 03b1 7D070000 		.4byte	0x77d
 488 03b5 00       		.byte	0
 489 03b6 09       		.uleb128 0x9
 490 03b7 83010000 		.4byte	.LASF67
 491 03bb 05       		.byte	0x5
 492 03bc 7E01     		.2byte	0x17e
 493 03be 7D070000 		.4byte	0x77d
 494 03c2 04       		.byte	0x4
 495 03c3 09       		.uleb128 0x9
 496 03c4 1A050000 		.4byte	.LASF68
 497 03c8 05       		.byte	0x5
 498 03c9 8001     		.2byte	0x180
 499 03cb 31010000 		.4byte	0x131
 500 03cf 08       		.byte	0x8
 501 03d0 09       		.uleb128 0x9
 502 03d1 E3020000 		.4byte	.LASF73
 503 03d5 05       		.byte	0x5
 504 03d6 8801     		.2byte	0x188
 505 03d8 31010000 		.4byte	0x131
 506 03dc 0C       		.byte	0xc
 507 03dd 00       		.byte	0
 508 03de 04       		.uleb128 0x4
 509 03df 66000000 		.4byte	.LASF74
 510 03e3 04       		.byte	0x4
 511 03e4 6B       		.byte	0x6b
 512 03e5 E9030000 		.4byte	0x3e9
 513 03e9 0F       		.uleb128 0xf
ARM GAS  /tmp/cccWBumq.s 			page 10


 514 03ea 8B010000 		.4byte	.LASF75
 515 03ee 1404     		.2byte	0x414
 516 03f0 05       		.byte	0x5
 517 03f1 A201     		.2byte	0x1a2
 518 03f3 2C040000 		.4byte	0x42c
 519 03f7 09       		.uleb128 0x9
 520 03f8 88050000 		.4byte	.LASF76
 521 03fc 05       		.byte	0x5
 522 03fd AA01     		.2byte	0x1aa
 523 03ff 83070000 		.4byte	0x783
 524 0403 00       		.byte	0
 525 0404 09       		.uleb128 0x9
 526 0405 D0050000 		.4byte	.LASF77
 527 0409 05       		.byte	0x5
 528 040a AF01     		.2byte	0x1af
 529 040c 1B010000 		.4byte	0x11b
 530 0410 04       		.byte	0x4
 531 0411 09       		.uleb128 0x9
 532 0412 A3010000 		.4byte	.LASF78
 533 0416 05       		.byte	0x5
 534 0417 B301     		.2byte	0x1b3
 535 0419 1B010000 		.4byte	0x11b
 536 041d 08       		.byte	0x8
 537 041e 09       		.uleb128 0x9
 538 041f 03060000 		.4byte	.LASF79
 539 0423 05       		.byte	0x5
 540 0424 B901     		.2byte	0x1b9
 541 0426 E3050000 		.4byte	0x5e3
 542 042a 0C       		.byte	0xc
 543 042b 00       		.byte	0
 544 042c 04       		.uleb128 0x4
 545 042d 3D020000 		.4byte	.LASF80
 546 0431 04       		.byte	0x4
 547 0432 70       		.byte	0x70
 548 0433 37040000 		.4byte	0x437
 549 0437 0F       		.uleb128 0xf
 550 0438 38010000 		.4byte	.LASF81
 551 043c D805     		.2byte	0x5d8
 552 043e 05       		.byte	0x5
 553 043f C201     		.2byte	0x1c2
 554 0441 A4040000 		.4byte	0x4a4
 555 0445 09       		.uleb128 0x9
 556 0446 D8050000 		.4byte	.LASF82
 557 044a 05       		.byte	0x5
 558 044b C601     		.2byte	0x1c6
 559 044d B2020000 		.4byte	0x2b2
 560 0451 00       		.byte	0
 561 0452 09       		.uleb128 0x9
 562 0453 31010000 		.4byte	.LASF83
 563 0457 05       		.byte	0x5
 564 0458 CA01     		.2byte	0x1ca
 565 045a 91030000 		.4byte	0x391
 566 045e 1C       		.byte	0x1c
 567 045f 08       		.uleb128 0x8
 568 0460 64626700 		.ascii	"dbg\000"
 569 0464 05       		.byte	0x5
 570 0465 CE01     		.2byte	0x1ce
ARM GAS  /tmp/cccWBumq.s 			page 11


 571 0467 DE030000 		.4byte	0x3de
 572 046b 2C       		.byte	0x2c
 573 046c 10       		.uleb128 0x10
 574 046d C9000000 		.4byte	.LASF84
 575 0471 05       		.byte	0x5
 576 0472 D201     		.2byte	0x1d2
 577 0474 3C010000 		.4byte	0x13c
 578 0478 4004     		.2byte	0x440
 579 047a 11       		.uleb128 0x11
 580 047b 746D00   		.ascii	"tm\000"
 581 047e 05       		.byte	0x5
 582 047f D701     		.2byte	0x1d7
 583 0481 03060000 		.4byte	0x603
 584 0485 A004     		.2byte	0x4a0
 585 0487 10       		.uleb128 0x10
 586 0488 32000000 		.4byte	.LASF85
 587 048c 05       		.byte	0x5
 588 048d DD01     		.2byte	0x1dd
 589 048f 95060000 		.4byte	0x695
 590 0493 A804     		.2byte	0x4a8
 591 0495 10       		.uleb128 0x10
 592 0496 AC010000 		.4byte	.LASF86
 593 049a 05       		.byte	0x5
 594 049b E301     		.2byte	0x1e3
 595 049d 88070000 		.4byte	0x788
 596 04a1 E004     		.2byte	0x4e0
 597 04a3 00       		.byte	0
 598 04a4 03       		.uleb128 0x3
 599 04a5 04       		.byte	0x4
 600 04a6 07       		.byte	0x7
 601 04a7 95020000 		.4byte	.LASF87
 602 04ab 04       		.uleb128 0x4
 603 04ac 7A010000 		.4byte	.LASF88
 604 04b0 06       		.byte	0x6
 605 04b1 65       		.byte	0x65
 606 04b2 35030000 		.4byte	0x335
 607 04b6 04       		.uleb128 0x4
 608 04b7 80020000 		.4byte	.LASF89
 609 04bb 06       		.byte	0x6
 610 04bc 6D       		.byte	0x6d
 611 04bd B3000000 		.4byte	0xb3
 612 04c1 06       		.uleb128 0x6
 613 04c2 99050000 		.4byte	.LASF90
 614 04c6 04       		.byte	0x4
 615 04c7 06       		.byte	0x6
 616 04c8 89       		.byte	0x89
 617 04c9 DA040000 		.4byte	0x4da
 618 04cd 12       		.uleb128 0x12
 619 04ce 72313300 		.ascii	"r13\000"
 620 04d2 06       		.byte	0x6
 621 04d3 8A       		.byte	0x8a
 622 04d4 55050000 		.4byte	0x555
 623 04d8 00       		.byte	0
 624 04d9 00       		.byte	0
 625 04da 06       		.uleb128 0x6
 626 04db 49000000 		.4byte	.LASF91
 627 04df 24       		.byte	0x24
ARM GAS  /tmp/cccWBumq.s 			page 12


 628 04e0 07       		.byte	0x7
 629 04e1 F4       		.byte	0xf4
 630 04e2 55050000 		.4byte	0x555
 631 04e6 08       		.uleb128 0x8
 632 04e7 723400   		.ascii	"r4\000"
 633 04ea 07       		.byte	0x7
 634 04eb 0701     		.2byte	0x107
 635 04ed AB040000 		.4byte	0x4ab
 636 04f1 00       		.byte	0
 637 04f2 08       		.uleb128 0x8
 638 04f3 723500   		.ascii	"r5\000"
 639 04f6 07       		.byte	0x7
 640 04f7 0801     		.2byte	0x108
 641 04f9 AB040000 		.4byte	0x4ab
 642 04fd 04       		.byte	0x4
 643 04fe 08       		.uleb128 0x8
 644 04ff 723600   		.ascii	"r6\000"
 645 0502 07       		.byte	0x7
 646 0503 0901     		.2byte	0x109
 647 0505 AB040000 		.4byte	0x4ab
 648 0509 08       		.byte	0x8
 649 050a 08       		.uleb128 0x8
 650 050b 723700   		.ascii	"r7\000"
 651 050e 07       		.byte	0x7
 652 050f 0A01     		.2byte	0x10a
 653 0511 AB040000 		.4byte	0x4ab
 654 0515 0C       		.byte	0xc
 655 0516 08       		.uleb128 0x8
 656 0517 723800   		.ascii	"r8\000"
 657 051a 07       		.byte	0x7
 658 051b 0B01     		.2byte	0x10b
 659 051d AB040000 		.4byte	0x4ab
 660 0521 10       		.byte	0x10
 661 0522 08       		.uleb128 0x8
 662 0523 723900   		.ascii	"r9\000"
 663 0526 07       		.byte	0x7
 664 0527 0C01     		.2byte	0x10c
 665 0529 AB040000 		.4byte	0x4ab
 666 052d 14       		.byte	0x14
 667 052e 08       		.uleb128 0x8
 668 052f 72313000 		.ascii	"r10\000"
 669 0533 07       		.byte	0x7
 670 0534 0D01     		.2byte	0x10d
 671 0536 AB040000 		.4byte	0x4ab
 672 053a 18       		.byte	0x18
 673 053b 08       		.uleb128 0x8
 674 053c 72313100 		.ascii	"r11\000"
 675 0540 07       		.byte	0x7
 676 0541 0E01     		.2byte	0x10e
 677 0543 AB040000 		.4byte	0x4ab
 678 0547 1C       		.byte	0x1c
 679 0548 08       		.uleb128 0x8
 680 0549 6C7200   		.ascii	"lr\000"
 681 054c 07       		.byte	0x7
 682 054d 0F01     		.2byte	0x10f
 683 054f AB040000 		.4byte	0x4ab
 684 0553 20       		.byte	0x20
ARM GAS  /tmp/cccWBumq.s 			page 13


 685 0554 00       		.byte	0
 686 0555 0A       		.uleb128 0xa
 687 0556 04       		.byte	0x4
 688 0557 DA040000 		.4byte	0x4da
 689 055b 13       		.uleb128 0x13
 690 055c 10       		.byte	0x10
 691 055d 08       		.byte	0x8
 692 055e 51       		.byte	0x51
 693 055f 94050000 		.4byte	0x594
 694 0563 07       		.uleb128 0x7
 695 0564 14000000 		.4byte	.LASF92
 696 0568 08       		.byte	0x8
 697 0569 55       		.byte	0x55
 698 056a 31010000 		.4byte	0x131
 699 056e 00       		.byte	0
 700 056f 07       		.uleb128 0x7
 701 0570 54010000 		.4byte	.LASF93
 702 0574 08       		.byte	0x8
 703 0575 59       		.byte	0x59
 704 0576 58020000 		.4byte	0x258
 705 057a 04       		.byte	0x4
 706 057b 07       		.uleb128 0x7
 707 057c 29060000 		.4byte	.LASF94
 708 0580 08       		.byte	0x8
 709 0581 5D       		.byte	0x5d
 710 0582 35030000 		.4byte	0x335
 711 0586 08       		.byte	0x8
 712 0587 07       		.uleb128 0x7
 713 0588 B7000000 		.4byte	.LASF95
 714 058c 08       		.byte	0x8
 715 058d 61       		.byte	0x61
 716 058e 92000000 		.4byte	0x92
 717 0592 0C       		.byte	0xc
 718 0593 00       		.byte	0
 719 0594 04       		.uleb128 0x4
 720 0595 D4020000 		.4byte	.LASF96
 721 0599 08       		.byte	0x8
 722 059a 62       		.byte	0x62
 723 059b 5B050000 		.4byte	0x55b
 724 059f 14       		.uleb128 0x14
 725 05a0 0804     		.2byte	0x408
 726 05a2 08       		.byte	0x8
 727 05a3 67       		.byte	0x67
 728 05a4 CD050000 		.4byte	0x5cd
 729 05a8 07       		.uleb128 0x7
 730 05a9 6A010000 		.4byte	.LASF97
 731 05ad 08       		.byte	0x8
 732 05ae 6B       		.byte	0x6b
 733 05af 20000000 		.4byte	0x20
 734 05b3 00       		.byte	0
 735 05b4 07       		.uleb128 0x7
 736 05b5 00000000 		.4byte	.LASF98
 737 05b9 08       		.byte	0x8
 738 05ba 6F       		.byte	0x6f
 739 05bb CD050000 		.4byte	0x5cd
 740 05bf 04       		.byte	0x4
 741 05c0 07       		.uleb128 0x7
ARM GAS  /tmp/cccWBumq.s 			page 14


 742 05c1 76030000 		.4byte	.LASF99
 743 05c5 08       		.byte	0x8
 744 05c6 73       		.byte	0x73
 745 05c7 D3050000 		.4byte	0x5d3
 746 05cb 08       		.byte	0x8
 747 05cc 00       		.byte	0
 748 05cd 0A       		.uleb128 0xa
 749 05ce 04       		.byte	0x4
 750 05cf 94050000 		.4byte	0x594
 751 05d3 15       		.uleb128 0x15
 752 05d4 94050000 		.4byte	0x594
 753 05d8 E3050000 		.4byte	0x5e3
 754 05dc 16       		.uleb128 0x16
 755 05dd A4040000 		.4byte	0x4a4
 756 05e1 3F       		.byte	0x3f
 757 05e2 00       		.byte	0
 758 05e3 04       		.uleb128 0x4
 759 05e4 A5000000 		.4byte	.LASF100
 760 05e8 08       		.byte	0x8
 761 05e9 74       		.byte	0x74
 762 05ea 9F050000 		.4byte	0x59f
 763 05ee 13       		.uleb128 0x13
 764 05ef 04       		.byte	0x4
 765 05f0 09       		.byte	0x9
 766 05f1 38       		.byte	0x38
 767 05f2 03060000 		.4byte	0x603
 768 05f6 07       		.uleb128 0x7
 769 05f7 92050000 		.4byte	.LASF101
 770 05fb 09       		.byte	0x9
 771 05fc 3C       		.byte	0x3c
 772 05fd C3000000 		.4byte	0xc3
 773 0601 00       		.byte	0
 774 0602 00       		.byte	0
 775 0603 04       		.uleb128 0x4
 776 0604 FD020000 		.4byte	.LASF102
 777 0608 09       		.byte	0x9
 778 0609 3D       		.byte	0x3d
 779 060a EE050000 		.4byte	0x5ee
 780 060e 13       		.uleb128 0x13
 781 060f 18       		.byte	0x18
 782 0610 09       		.byte	0x9
 783 0611 48       		.byte	0x48
 784 0612 51060000 		.4byte	0x651
 785 0616 07       		.uleb128 0x7
 786 0617 53050000 		.4byte	.LASF103
 787 061b 09       		.byte	0x9
 788 061c 49       		.byte	0x49
 789 061d C3000000 		.4byte	0xc3
 790 0621 00       		.byte	0
 791 0622 07       		.uleb128 0x7
 792 0623 75000000 		.4byte	.LASF104
 793 0627 09       		.byte	0x9
 794 0628 4A       		.byte	0x4a
 795 0629 C3000000 		.4byte	0xc3
 796 062d 04       		.byte	0x4
 797 062e 07       		.uleb128 0x7
 798 062f 31020000 		.4byte	.LASF105
ARM GAS  /tmp/cccWBumq.s 			page 15


 799 0633 09       		.byte	0x9
 800 0634 4B       		.byte	0x4b
 801 0635 C3000000 		.4byte	0xc3
 802 0639 08       		.byte	0x8
 803 063a 12       		.uleb128 0x12
 804 063b 6E00     		.ascii	"n\000"
 805 063d 09       		.byte	0x9
 806 063e 4C       		.byte	0x4c
 807 063f 26010000 		.4byte	0x126
 808 0643 0C       		.byte	0xc
 809 0644 07       		.uleb128 0x7
 810 0645 63030000 		.4byte	.LASF106
 811 0649 09       		.byte	0x9
 812 064a 4D       		.byte	0x4d
 813 064b CE000000 		.4byte	0xce
 814 064f 10       		.byte	0x10
 815 0650 00       		.byte	0
 816 0651 04       		.uleb128 0x4
 817 0652 7B000000 		.4byte	.LASF107
 818 0656 09       		.byte	0x9
 819 0657 4E       		.byte	0x4e
 820 0658 0E060000 		.4byte	0x60e
 821 065c 13       		.uleb128 0x13
 822 065d 38       		.byte	0x38
 823 065e 0A       		.byte	0xa
 824 065f 38       		.byte	0x38
 825 0660 95060000 		.4byte	0x695
 826 0664 07       		.uleb128 0x7
 827 0665 F3010000 		.4byte	.LASF108
 828 0669 0A       		.byte	0xa
 829 066a 39       		.byte	0x39
 830 066b 26010000 		.4byte	0x126
 831 066f 00       		.byte	0
 832 0670 07       		.uleb128 0x7
 833 0671 9F030000 		.4byte	.LASF109
 834 0675 0A       		.byte	0xa
 835 0676 3A       		.byte	0x3a
 836 0677 26010000 		.4byte	0x126
 837 067b 04       		.byte	0x4
 838 067c 07       		.uleb128 0x7
 839 067d 16060000 		.4byte	.LASF110
 840 0681 0A       		.byte	0xa
 841 0682 3B       		.byte	0x3b
 842 0683 51060000 		.4byte	0x651
 843 0687 08       		.byte	0x8
 844 0688 07       		.uleb128 0x7
 845 0689 51020000 		.4byte	.LASF111
 846 068d 0A       		.byte	0xa
 847 068e 3D       		.byte	0x3d
 848 068f 51060000 		.4byte	0x651
 849 0693 20       		.byte	0x20
 850 0694 00       		.byte	0
 851 0695 04       		.uleb128 0x4
 852 0696 12020000 		.4byte	.LASF112
 853 069a 0A       		.byte	0xa
 854 069b 3F       		.byte	0x3f
 855 069c 5C060000 		.4byte	0x65c
ARM GAS  /tmp/cccWBumq.s 			page 16


 856 06a0 17       		.uleb128 0x17
 857 06a1 04       		.byte	0x4
 858 06a2 05       		.byte	0x5
 859 06a3 FA       		.byte	0xfa
 860 06a4 FD060000 		.4byte	0x6fd
 861 06a8 18       		.uleb128 0x18
 862 06a9 22000000 		.4byte	.LASF113
 863 06ad 05       		.byte	0x5
 864 06ae 0101     		.2byte	0x101
 865 06b0 05010000 		.4byte	0x105
 866 06b4 18       		.uleb128 0x18
 867 06b5 C0000000 		.4byte	.LASF114
 868 06b9 05       		.byte	0x5
 869 06ba 0801     		.2byte	0x108
 870 06bc 05010000 		.4byte	0x105
 871 06c0 18       		.uleb128 0x18
 872 06c1 E6050000 		.4byte	.LASF115
 873 06c5 05       		.byte	0x5
 874 06c6 0F01     		.2byte	0x10f
 875 06c8 35030000 		.4byte	0x335
 876 06cc 18       		.uleb128 0x18
 877 06cd 1C000000 		.4byte	.LASF116
 878 06d1 05       		.byte	0x5
 879 06d2 1601     		.2byte	0x116
 880 06d4 FD060000 		.4byte	0x6fd
 881 06d8 18       		.uleb128 0x18
 882 06d9 E1010000 		.4byte	.LASF117
 883 06dd 05       		.byte	0x5
 884 06de 1E01     		.2byte	0x11e
 885 06e0 28070000 		.4byte	0x728
 886 06e4 18       		.uleb128 0x18
 887 06e5 0B050000 		.4byte	.LASF118
 888 06e9 05       		.byte	0x5
 889 06ea 2701     		.2byte	0x127
 890 06ec 5F070000 		.4byte	0x75f
 891 06f0 18       		.uleb128 0x18
 892 06f1 BB040000 		.4byte	.LASF119
 893 06f5 05       		.byte	0x5
 894 06f6 2F01     		.2byte	0x12f
 895 06f8 10010000 		.4byte	0x110
 896 06fc 00       		.byte	0
 897 06fd 0A       		.uleb128 0xa
 898 06fe 04       		.byte	0x4
 899 06ff 4D020000 		.4byte	0x24d
 900 0703 06       		.uleb128 0x6
 901 0704 EA040000 		.4byte	.LASF120
 902 0708 0C       		.byte	0xc
 903 0709 0B       		.byte	0xb
 904 070a 34       		.byte	0x34
 905 070b 28070000 		.4byte	0x728
 906 070f 07       		.uleb128 0x7
 907 0710 62010000 		.4byte	.LASF121
 908 0714 0B       		.byte	0xb
 909 0715 35       		.byte	0x35
 910 0716 82020000 		.4byte	0x282
 911 071a 00       		.byte	0
 912 071b 07       		.uleb128 0x7
ARM GAS  /tmp/cccWBumq.s 			page 17


 913 071c F9010000 		.4byte	.LASF122
 914 0720 0B       		.byte	0xb
 915 0721 37       		.byte	0x37
 916 0722 1B010000 		.4byte	0x11b
 917 0726 08       		.byte	0x8
 918 0727 00       		.byte	0
 919 0728 0A       		.uleb128 0xa
 920 0729 04       		.byte	0x4
 921 072a 03070000 		.4byte	0x703
 922 072e 06       		.uleb128 0x6
 923 072f C0050000 		.4byte	.LASF123
 924 0733 10       		.byte	0x10
 925 0734 0C       		.byte	0xc
 926 0735 39       		.byte	0x39
 927 0736 5F070000 		.4byte	0x75f
 928 073a 07       		.uleb128 0x7
 929 073b 29010000 		.4byte	.LASF124
 930 073f 0C       		.byte	0xc
 931 0740 3A       		.byte	0x3a
 932 0741 82020000 		.4byte	0x282
 933 0745 00       		.byte	0
 934 0746 07       		.uleb128 0x7
 935 0747 21060000 		.4byte	.LASF125
 936 074b 0C       		.byte	0xc
 937 074c 3C       		.byte	0x3c
 938 074d 58020000 		.4byte	0x258
 939 0751 08       		.byte	0x8
 940 0752 07       		.uleb128 0x7
 941 0753 58050000 		.4byte	.LASF126
 942 0757 0C       		.byte	0xc
 943 0758 3E       		.byte	0x3e
 944 0759 A3070000 		.4byte	0x7a3
 945 075d 0C       		.byte	0xc
 946 075e 00       		.byte	0
 947 075f 0A       		.uleb128 0xa
 948 0760 04       		.byte	0x4
 949 0761 2E070000 		.4byte	0x72e
 950 0765 0A       		.uleb128 0xa
 951 0766 04       		.byte	0x4
 952 0767 72070000 		.4byte	0x772
 953 076b 03       		.uleb128 0x3
 954 076c 01       		.byte	0x1
 955 076d 08       		.byte	0x8
 956 076e 45050000 		.4byte	.LASF127
 957 0772 19       		.uleb128 0x19
 958 0773 6B070000 		.4byte	0x76b
 959 0777 0A       		.uleb128 0xa
 960 0778 04       		.byte	0x4
 961 0779 B6040000 		.4byte	0x4b6
 962 077d 0A       		.uleb128 0xa
 963 077e 04       		.byte	0x4
 964 077f 37030000 		.4byte	0x337
 965 0783 05       		.uleb128 0x5
 966 0784 65070000 		.4byte	0x765
 967 0788 15       		.uleb128 0x15
 968 0789 B6040000 		.4byte	0x4b6
 969 078d 98070000 		.4byte	0x798
ARM GAS  /tmp/cccWBumq.s 			page 18


 970 0791 16       		.uleb128 0x16
 971 0792 A4040000 		.4byte	0x4a4
 972 0796 1E       		.byte	0x1e
 973 0797 00       		.byte	0
 974 0798 04       		.uleb128 0x4
 975 0799 9B010000 		.4byte	.LASF128
 976 079d 0C       		.byte	0xc
 977 079e 34       		.byte	0x34
 978 079f 2E070000 		.4byte	0x72e
 979 07a3 0A       		.uleb128 0xa
 980 07a4 04       		.byte	0x4
 981 07a5 98070000 		.4byte	0x798
 982 07a9 1A       		.uleb128 0x1a
 983 07aa EA000000 		.4byte	.LASF129
 984 07ae 0D       		.byte	0xd
 985 07af A706     		.2byte	0x6a7
 986 07b1 BE000000 		.4byte	0xbe
 987 07b5 1B       		.uleb128 0x1b
 988 07b6 636800   		.ascii	"ch\000"
 989 07b9 05       		.byte	0x5
 990 07ba 0902     		.2byte	0x209
 991 07bc 2C040000 		.4byte	0x42c
 992 07c0 00       		.byte	0
 993              		.section	.debug_abbrev,"",%progbits
 994              	.Ldebug_abbrev0:
 995 0000 01       		.uleb128 0x1
 996 0001 11       		.uleb128 0x11
 997 0002 01       		.byte	0x1
 998 0003 25       		.uleb128 0x25
 999 0004 0E       		.uleb128 0xe
 1000 0005 13       		.uleb128 0x13
 1001 0006 0B       		.uleb128 0xb
 1002 0007 03       		.uleb128 0x3
 1003 0008 0E       		.uleb128 0xe
 1004 0009 10       		.uleb128 0x10
 1005 000a 17       		.uleb128 0x17
 1006 000b 00       		.byte	0
 1007 000c 00       		.byte	0
 1008 000d 02       		.uleb128 0x2
 1009 000e 24       		.uleb128 0x24
 1010 000f 00       		.byte	0
 1011 0010 0B       		.uleb128 0xb
 1012 0011 0B       		.uleb128 0xb
 1013 0012 3E       		.uleb128 0x3e
 1014 0013 0B       		.uleb128 0xb
 1015 0014 03       		.uleb128 0x3
 1016 0015 08       		.uleb128 0x8
 1017 0016 00       		.byte	0
 1018 0017 00       		.byte	0
 1019 0018 03       		.uleb128 0x3
 1020 0019 24       		.uleb128 0x24
 1021 001a 00       		.byte	0
 1022 001b 0B       		.uleb128 0xb
 1023 001c 0B       		.uleb128 0xb
 1024 001d 3E       		.uleb128 0x3e
 1025 001e 0B       		.uleb128 0xb
 1026 001f 03       		.uleb128 0x3
ARM GAS  /tmp/cccWBumq.s 			page 19


 1027 0020 0E       		.uleb128 0xe
 1028 0021 00       		.byte	0
 1029 0022 00       		.byte	0
 1030 0023 04       		.uleb128 0x4
 1031 0024 16       		.uleb128 0x16
 1032 0025 00       		.byte	0
 1033 0026 03       		.uleb128 0x3
 1034 0027 0E       		.uleb128 0xe
 1035 0028 3A       		.uleb128 0x3a
 1036 0029 0B       		.uleb128 0xb
 1037 002a 3B       		.uleb128 0x3b
 1038 002b 0B       		.uleb128 0xb
 1039 002c 49       		.uleb128 0x49
 1040 002d 13       		.uleb128 0x13
 1041 002e 00       		.byte	0
 1042 002f 00       		.byte	0
 1043 0030 05       		.uleb128 0x5
 1044 0031 35       		.uleb128 0x35
 1045 0032 00       		.byte	0
 1046 0033 49       		.uleb128 0x49
 1047 0034 13       		.uleb128 0x13
 1048 0035 00       		.byte	0
 1049 0036 00       		.byte	0
 1050 0037 06       		.uleb128 0x6
 1051 0038 13       		.uleb128 0x13
 1052 0039 01       		.byte	0x1
 1053 003a 03       		.uleb128 0x3
 1054 003b 0E       		.uleb128 0xe
 1055 003c 0B       		.uleb128 0xb
 1056 003d 0B       		.uleb128 0xb
 1057 003e 3A       		.uleb128 0x3a
 1058 003f 0B       		.uleb128 0xb
 1059 0040 3B       		.uleb128 0x3b
 1060 0041 0B       		.uleb128 0xb
 1061 0042 01       		.uleb128 0x1
 1062 0043 13       		.uleb128 0x13
 1063 0044 00       		.byte	0
 1064 0045 00       		.byte	0
 1065 0046 07       		.uleb128 0x7
 1066 0047 0D       		.uleb128 0xd
 1067 0048 00       		.byte	0
 1068 0049 03       		.uleb128 0x3
 1069 004a 0E       		.uleb128 0xe
 1070 004b 3A       		.uleb128 0x3a
 1071 004c 0B       		.uleb128 0xb
 1072 004d 3B       		.uleb128 0x3b
 1073 004e 0B       		.uleb128 0xb
 1074 004f 49       		.uleb128 0x49
 1075 0050 13       		.uleb128 0x13
 1076 0051 38       		.uleb128 0x38
 1077 0052 0B       		.uleb128 0xb
 1078 0053 00       		.byte	0
 1079 0054 00       		.byte	0
 1080 0055 08       		.uleb128 0x8
 1081 0056 0D       		.uleb128 0xd
 1082 0057 00       		.byte	0
 1083 0058 03       		.uleb128 0x3
ARM GAS  /tmp/cccWBumq.s 			page 20


 1084 0059 08       		.uleb128 0x8
 1085 005a 3A       		.uleb128 0x3a
 1086 005b 0B       		.uleb128 0xb
 1087 005c 3B       		.uleb128 0x3b
 1088 005d 05       		.uleb128 0x5
 1089 005e 49       		.uleb128 0x49
 1090 005f 13       		.uleb128 0x13
 1091 0060 38       		.uleb128 0x38
 1092 0061 0B       		.uleb128 0xb
 1093 0062 00       		.byte	0
 1094 0063 00       		.byte	0
 1095 0064 09       		.uleb128 0x9
 1096 0065 0D       		.uleb128 0xd
 1097 0066 00       		.byte	0
 1098 0067 03       		.uleb128 0x3
 1099 0068 0E       		.uleb128 0xe
 1100 0069 3A       		.uleb128 0x3a
 1101 006a 0B       		.uleb128 0xb
 1102 006b 3B       		.uleb128 0x3b
 1103 006c 05       		.uleb128 0x5
 1104 006d 49       		.uleb128 0x49
 1105 006e 13       		.uleb128 0x13
 1106 006f 38       		.uleb128 0x38
 1107 0070 0B       		.uleb128 0xb
 1108 0071 00       		.byte	0
 1109 0072 00       		.byte	0
 1110 0073 0A       		.uleb128 0xa
 1111 0074 0F       		.uleb128 0xf
 1112 0075 00       		.byte	0
 1113 0076 0B       		.uleb128 0xb
 1114 0077 0B       		.uleb128 0xb
 1115 0078 49       		.uleb128 0x49
 1116 0079 13       		.uleb128 0x13
 1117 007a 00       		.byte	0
 1118 007b 00       		.byte	0
 1119 007c 0B       		.uleb128 0xb
 1120 007d 13       		.uleb128 0x13
 1121 007e 01       		.byte	0x1
 1122 007f 03       		.uleb128 0x3
 1123 0080 0E       		.uleb128 0xe
 1124 0081 0B       		.uleb128 0xb
 1125 0082 0B       		.uleb128 0xb
 1126 0083 3A       		.uleb128 0x3a
 1127 0084 0B       		.uleb128 0xb
 1128 0085 3B       		.uleb128 0x3b
 1129 0086 05       		.uleb128 0x5
 1130 0087 01       		.uleb128 0x1
 1131 0088 13       		.uleb128 0x13
 1132 0089 00       		.byte	0
 1133 008a 00       		.byte	0
 1134 008b 0C       		.uleb128 0xc
 1135 008c 15       		.uleb128 0x15
 1136 008d 01       		.byte	0x1
 1137 008e 27       		.uleb128 0x27
 1138 008f 19       		.uleb128 0x19
 1139 0090 01       		.uleb128 0x1
 1140 0091 13       		.uleb128 0x13
ARM GAS  /tmp/cccWBumq.s 			page 21


 1141 0092 00       		.byte	0
 1142 0093 00       		.byte	0
 1143 0094 0D       		.uleb128 0xd
 1144 0095 05       		.uleb128 0x5
 1145 0096 00       		.byte	0
 1146 0097 49       		.uleb128 0x49
 1147 0098 13       		.uleb128 0x13
 1148 0099 00       		.byte	0
 1149 009a 00       		.byte	0
 1150 009b 0E       		.uleb128 0xe
 1151 009c 0F       		.uleb128 0xf
 1152 009d 00       		.byte	0
 1153 009e 0B       		.uleb128 0xb
 1154 009f 0B       		.uleb128 0xb
 1155 00a0 00       		.byte	0
 1156 00a1 00       		.byte	0
 1157 00a2 0F       		.uleb128 0xf
 1158 00a3 13       		.uleb128 0x13
 1159 00a4 01       		.byte	0x1
 1160 00a5 03       		.uleb128 0x3
 1161 00a6 0E       		.uleb128 0xe
 1162 00a7 0B       		.uleb128 0xb
 1163 00a8 05       		.uleb128 0x5
 1164 00a9 3A       		.uleb128 0x3a
 1165 00aa 0B       		.uleb128 0xb
 1166 00ab 3B       		.uleb128 0x3b
 1167 00ac 05       		.uleb128 0x5
 1168 00ad 01       		.uleb128 0x1
 1169 00ae 13       		.uleb128 0x13
 1170 00af 00       		.byte	0
 1171 00b0 00       		.byte	0
 1172 00b1 10       		.uleb128 0x10
 1173 00b2 0D       		.uleb128 0xd
 1174 00b3 00       		.byte	0
 1175 00b4 03       		.uleb128 0x3
 1176 00b5 0E       		.uleb128 0xe
 1177 00b6 3A       		.uleb128 0x3a
 1178 00b7 0B       		.uleb128 0xb
 1179 00b8 3B       		.uleb128 0x3b
 1180 00b9 05       		.uleb128 0x5
 1181 00ba 49       		.uleb128 0x49
 1182 00bb 13       		.uleb128 0x13
 1183 00bc 38       		.uleb128 0x38
 1184 00bd 05       		.uleb128 0x5
 1185 00be 00       		.byte	0
 1186 00bf 00       		.byte	0
 1187 00c0 11       		.uleb128 0x11
 1188 00c1 0D       		.uleb128 0xd
 1189 00c2 00       		.byte	0
 1190 00c3 03       		.uleb128 0x3
 1191 00c4 08       		.uleb128 0x8
 1192 00c5 3A       		.uleb128 0x3a
 1193 00c6 0B       		.uleb128 0xb
 1194 00c7 3B       		.uleb128 0x3b
 1195 00c8 05       		.uleb128 0x5
 1196 00c9 49       		.uleb128 0x49
 1197 00ca 13       		.uleb128 0x13
ARM GAS  /tmp/cccWBumq.s 			page 22


 1198 00cb 38       		.uleb128 0x38
 1199 00cc 05       		.uleb128 0x5
 1200 00cd 00       		.byte	0
 1201 00ce 00       		.byte	0
 1202 00cf 12       		.uleb128 0x12
 1203 00d0 0D       		.uleb128 0xd
 1204 00d1 00       		.byte	0
 1205 00d2 03       		.uleb128 0x3
 1206 00d3 08       		.uleb128 0x8
 1207 00d4 3A       		.uleb128 0x3a
 1208 00d5 0B       		.uleb128 0xb
 1209 00d6 3B       		.uleb128 0x3b
 1210 00d7 0B       		.uleb128 0xb
 1211 00d8 49       		.uleb128 0x49
 1212 00d9 13       		.uleb128 0x13
 1213 00da 38       		.uleb128 0x38
 1214 00db 0B       		.uleb128 0xb
 1215 00dc 00       		.byte	0
 1216 00dd 00       		.byte	0
 1217 00de 13       		.uleb128 0x13
 1218 00df 13       		.uleb128 0x13
 1219 00e0 01       		.byte	0x1
 1220 00e1 0B       		.uleb128 0xb
 1221 00e2 0B       		.uleb128 0xb
 1222 00e3 3A       		.uleb128 0x3a
 1223 00e4 0B       		.uleb128 0xb
 1224 00e5 3B       		.uleb128 0x3b
 1225 00e6 0B       		.uleb128 0xb
 1226 00e7 01       		.uleb128 0x1
 1227 00e8 13       		.uleb128 0x13
 1228 00e9 00       		.byte	0
 1229 00ea 00       		.byte	0
 1230 00eb 14       		.uleb128 0x14
 1231 00ec 13       		.uleb128 0x13
 1232 00ed 01       		.byte	0x1
 1233 00ee 0B       		.uleb128 0xb
 1234 00ef 05       		.uleb128 0x5
 1235 00f0 3A       		.uleb128 0x3a
 1236 00f1 0B       		.uleb128 0xb
 1237 00f2 3B       		.uleb128 0x3b
 1238 00f3 0B       		.uleb128 0xb
 1239 00f4 01       		.uleb128 0x1
 1240 00f5 13       		.uleb128 0x13
 1241 00f6 00       		.byte	0
 1242 00f7 00       		.byte	0
 1243 00f8 15       		.uleb128 0x15
 1244 00f9 01       		.uleb128 0x1
 1245 00fa 01       		.byte	0x1
 1246 00fb 49       		.uleb128 0x49
 1247 00fc 13       		.uleb128 0x13
 1248 00fd 01       		.uleb128 0x1
 1249 00fe 13       		.uleb128 0x13
 1250 00ff 00       		.byte	0
 1251 0100 00       		.byte	0
 1252 0101 16       		.uleb128 0x16
 1253 0102 21       		.uleb128 0x21
 1254 0103 00       		.byte	0
ARM GAS  /tmp/cccWBumq.s 			page 23


 1255 0104 49       		.uleb128 0x49
 1256 0105 13       		.uleb128 0x13
 1257 0106 2F       		.uleb128 0x2f
 1258 0107 0B       		.uleb128 0xb
 1259 0108 00       		.byte	0
 1260 0109 00       		.byte	0
 1261 010a 17       		.uleb128 0x17
 1262 010b 17       		.uleb128 0x17
 1263 010c 01       		.byte	0x1
 1264 010d 0B       		.uleb128 0xb
 1265 010e 0B       		.uleb128 0xb
 1266 010f 3A       		.uleb128 0x3a
 1267 0110 0B       		.uleb128 0xb
 1268 0111 3B       		.uleb128 0x3b
 1269 0112 0B       		.uleb128 0xb
 1270 0113 01       		.uleb128 0x1
 1271 0114 13       		.uleb128 0x13
 1272 0115 00       		.byte	0
 1273 0116 00       		.byte	0
 1274 0117 18       		.uleb128 0x18
 1275 0118 0D       		.uleb128 0xd
 1276 0119 00       		.byte	0
 1277 011a 03       		.uleb128 0x3
 1278 011b 0E       		.uleb128 0xe
 1279 011c 3A       		.uleb128 0x3a
 1280 011d 0B       		.uleb128 0xb
 1281 011e 3B       		.uleb128 0x3b
 1282 011f 05       		.uleb128 0x5
 1283 0120 49       		.uleb128 0x49
 1284 0121 13       		.uleb128 0x13
 1285 0122 00       		.byte	0
 1286 0123 00       		.byte	0
 1287 0124 19       		.uleb128 0x19
 1288 0125 26       		.uleb128 0x26
 1289 0126 00       		.byte	0
 1290 0127 49       		.uleb128 0x49
 1291 0128 13       		.uleb128 0x13
 1292 0129 00       		.byte	0
 1293 012a 00       		.byte	0
 1294 012b 1A       		.uleb128 0x1a
 1295 012c 34       		.uleb128 0x34
 1296 012d 00       		.byte	0
 1297 012e 03       		.uleb128 0x3
 1298 012f 0E       		.uleb128 0xe
 1299 0130 3A       		.uleb128 0x3a
 1300 0131 0B       		.uleb128 0xb
 1301 0132 3B       		.uleb128 0x3b
 1302 0133 05       		.uleb128 0x5
 1303 0134 49       		.uleb128 0x49
 1304 0135 13       		.uleb128 0x13
 1305 0136 3F       		.uleb128 0x3f
 1306 0137 19       		.uleb128 0x19
 1307 0138 3C       		.uleb128 0x3c
 1308 0139 19       		.uleb128 0x19
 1309 013a 00       		.byte	0
 1310 013b 00       		.byte	0
 1311 013c 1B       		.uleb128 0x1b
ARM GAS  /tmp/cccWBumq.s 			page 24


 1312 013d 34       		.uleb128 0x34
 1313 013e 00       		.byte	0
 1314 013f 03       		.uleb128 0x3
 1315 0140 08       		.uleb128 0x8
 1316 0141 3A       		.uleb128 0x3a
 1317 0142 0B       		.uleb128 0xb
 1318 0143 3B       		.uleb128 0x3b
 1319 0144 05       		.uleb128 0x5
 1320 0145 49       		.uleb128 0x49
 1321 0146 13       		.uleb128 0x13
 1322 0147 3F       		.uleb128 0x3f
 1323 0148 19       		.uleb128 0x19
 1324 0149 3C       		.uleb128 0x3c
 1325 014a 19       		.uleb128 0x19
 1326 014b 00       		.byte	0
 1327 014c 00       		.byte	0
 1328 014d 00       		.byte	0
 1329              		.section	.debug_aranges,"",%progbits
 1330 0000 14000000 		.4byte	0x14
 1331 0004 0200     		.2byte	0x2
 1332 0006 00000000 		.4byte	.Ldebug_info0
 1333 000a 04       		.byte	0x4
 1334 000b 00       		.byte	0
 1335 000c 0000     		.2byte	0
 1336 000e 0000     		.2byte	0
 1337 0010 00000000 		.4byte	0
 1338 0014 00000000 		.4byte	0
 1339              		.section	.debug_line,"",%progbits
 1340              	.Ldebug_line0:
 1341 0000 D0010000 		.section	.debug_str,"MS",%progbits,1
 1341      0200CA01 
 1341      00000201 
 1341      FB0E0D00 
 1341      01010101 
 1342              	.LASF98:
 1343 0000 74625F70 		.ascii	"tb_ptr\000"
 1343      747200
 1344              	.LASF55:
 1345 0007 72656164 		.ascii	"ready_list_t\000"
 1345      795F6C69 
 1345      73745F74 
 1345      00
 1346              	.LASF92:
 1347 0014 73655F74 		.ascii	"se_time\000"
 1347      696D6500 
 1348              	.LASF116:
 1349 001c 77747472 		.ascii	"wttrp\000"
 1349      7000
 1350              	.LASF113:
 1351 0022 7264796D 		.ascii	"rdymsg\000"
 1351      736700
 1352              	.LASF17:
 1353 0029 75696E74 		.ascii	"uint64_t\000"
 1353      36345F74 
 1353      00
 1354              	.LASF85:
 1355 0032 6B65726E 		.ascii	"kernel_stats\000"
ARM GAS  /tmp/cccWBumq.s 			page 25


 1355      656C5F73 
 1355      74617473 
 1355      00
 1356              	.LASF7:
 1357 003f 5F5F7569 		.ascii	"__uint8_t\000"
 1357      6E74385F 
 1357      7400
 1358              	.LASF91:
 1359 0049 706F7274 		.ascii	"port_intctx\000"
 1359      5F696E74 
 1359      63747800 
 1360              	.LASF54:
 1361 0055 63685F74 		.ascii	"ch_threads_queue\000"
 1361      68726561 
 1361      64735F71 
 1361      75657565 
 1361      00
 1362              	.LASF74:
 1363 0066 73797374 		.ascii	"system_debug_t\000"
 1363      656D5F64 
 1363      65627567 
 1363      5F7400
 1364              	.LASF104:
 1365 0075 776F7273 		.ascii	"worst\000"
 1365      7400
 1366              	.LASF107:
 1367 007b 74696D65 		.ascii	"time_measurement_t\000"
 1367      5F6D6561 
 1367      73757265 
 1367      6D656E74 
 1367      5F7400
 1368              	.LASF13:
 1369 008e 6C6F6E67 		.ascii	"long long unsigned int\000"
 1369      206C6F6E 
 1369      6720756E 
 1369      7369676E 
 1369      65642069 
 1370              	.LASF100:
 1371 00a5 63685F74 		.ascii	"ch_trace_buffer_t\000"
 1371      72616365 
 1371      5F627566 
 1371      6665725F 
 1371      7400
 1372              	.LASF95:
 1373 00b7 73655F73 		.ascii	"se_state\000"
 1373      74617465 
 1373      00
 1374              	.LASF114:
 1375 00c0 65786974 		.ascii	"exitcode\000"
 1375      636F6465 
 1375      00
 1376              	.LASF84:
 1377 00c9 6D61696E 		.ascii	"mainthread\000"
 1377      74687265 
 1377      616400
 1378              	.LASF71:
 1379 00d4 76697274 		.ascii	"virtual_timers_list_t\000"
ARM GAS  /tmp/cccWBumq.s 			page 26


 1379      75616C5F 
 1379      74696D65 
 1379      72735F6C 
 1379      6973745F 
 1380              	.LASF129:
 1381 00ea 49544D5F 		.ascii	"ITM_RxBuffer\000"
 1381      52784275 
 1381      66666572 
 1381      00
 1382              	.LASF19:
 1383 00f7 72747469 		.ascii	"rttime_t\000"
 1383      6D655F74 
 1383      00
 1384              	.LASF32:
 1385 0100 705F7072 		.ascii	"p_prio\000"
 1385      696F00
 1386              	.LASF1:
 1387 0107 6C6F6E67 		.ascii	"long long int\000"
 1387      206C6F6E 
 1387      6720696E 
 1387      7400
 1388              	.LASF3:
 1389 0115 7369676E 		.ascii	"signed char\000"
 1389      65642063 
 1389      68617200 
 1390              	.LASF47:
 1391 0121 705F6D70 		.ascii	"p_mpool\000"
 1391      6F6F6C00 
 1392              	.LASF124:
 1393 0129 6D5F7175 		.ascii	"m_queue\000"
 1393      65756500 
 1394              	.LASF83:
 1395 0131 76746C69 		.ascii	"vtlist\000"
 1395      737400
 1396              	.LASF81:
 1397 0138 63685F73 		.ascii	"ch_system\000"
 1397      79737465 
 1397      6D00
 1398              	.LASF9:
 1399 0142 6C6F6E67 		.ascii	"long int\000"
 1399      20696E74 
 1399      00
 1400              	.LASF21:
 1401 014b 74737461 		.ascii	"tstate_t\000"
 1401      74655F74 
 1401      00
 1402              	.LASF93:
 1403 0154 73655F74 		.ascii	"se_tp\000"
 1403      7000
 1404              	.LASF34:
 1405 015a 705F6E65 		.ascii	"p_newer\000"
 1405      77657200 
 1406              	.LASF121:
 1407 0162 735F7175 		.ascii	"s_queue\000"
 1407      65756500 
 1408              	.LASF97:
 1409 016a 74625F73 		.ascii	"tb_size\000"
ARM GAS  /tmp/cccWBumq.s 			page 27


 1409      697A6500 
 1410              	.LASF60:
 1411 0172 725F6E65 		.ascii	"r_newer\000"
 1411      77657200 
 1412              	.LASF88:
 1413 017a 72656761 		.ascii	"regarm_t\000"
 1413      726D5F74 
 1413      00
 1414              	.LASF67:
 1415 0183 76745F70 		.ascii	"vt_prev\000"
 1415      72657600 
 1416              	.LASF75:
 1417 018b 63685F73 		.ascii	"ch_system_debug\000"
 1417      79737465 
 1417      6D5F6465 
 1417      62756700 
 1418              	.LASF128:
 1419 019b 6D757465 		.ascii	"mutex_t\000"
 1419      785F7400 
 1420              	.LASF78:
 1421 01a3 6C6F636B 		.ascii	"lock_cnt\000"
 1421      5F636E74 
 1421      00
 1422              	.LASF86:
 1423 01ac 69646C65 		.ascii	"idle_thread_wa\000"
 1423      5F746872 
 1423      6561645F 
 1423      776100
 1424              	.LASF26:
 1425 01bb 636E745F 		.ascii	"cnt_t\000"
 1425      7400
 1426              	.LASF37:
 1427 01c1 705F7374 		.ascii	"p_stklimit\000"
 1427      6B6C696D 
 1427      697400
 1428              	.LASF0:
 1429 01cc 756E7369 		.ascii	"unsigned int\000"
 1429      676E6564 
 1429      20696E74 
 1429      00
 1430              	.LASF66:
 1431 01d9 76745F6E 		.ascii	"vt_next\000"
 1431      65787400 
 1432              	.LASF117:
 1433 01e1 77747365 		.ascii	"wtsemp\000"
 1433      6D7000
 1434              	.LASF42:
 1435 01e8 705F6D73 		.ascii	"p_msgqueue\000"
 1435      67717565 
 1435      756500
 1436              	.LASF108:
 1437 01f3 6E5F6972 		.ascii	"n_irq\000"
 1437      7100
 1438              	.LASF122:
 1439 01f9 735F636E 		.ascii	"s_cnt\000"
 1439      7400
 1440              	.LASF6:
ARM GAS  /tmp/cccWBumq.s 			page 28


 1441 01ff 73686F72 		.ascii	"short unsigned int\000"
 1441      7420756E 
 1441      7369676E 
 1441      65642069 
 1441      6E7400
 1442              	.LASF112:
 1443 0212 6B65726E 		.ascii	"kernel_stats_t\000"
 1443      656C5F73 
 1443      74617473 
 1443      5F7400
 1444              	.LASF51:
 1445 0221 63685F74 		.ascii	"ch_thread\000"
 1445      68726561 
 1445      6400
 1446              	.LASF24:
 1447 022b 6D73675F 		.ascii	"msg_t\000"
 1447      7400
 1448              	.LASF105:
 1449 0231 6C617374 		.ascii	"last\000"
 1449      00
 1450              	.LASF27:
 1451 0236 75636E74 		.ascii	"ucnt_t\000"
 1451      5F7400
 1452              	.LASF80:
 1453 023d 63685F73 		.ascii	"ch_system_t\000"
 1453      79737465 
 1453      6D5F7400 
 1454              	.LASF20:
 1455 0249 746D6F64 		.ascii	"tmode_t\000"
 1455      655F7400 
 1456              	.LASF111:
 1457 0251 6D5F6372 		.ascii	"m_crit_isr\000"
 1457      69745F69 
 1457      737200
 1458              	.LASF56:
 1459 025c 63685F72 		.ascii	"ch_ready_list\000"
 1459      65616479 
 1459      5F6C6973 
 1459      7400
 1460              	.LASF25:
 1461 026a 6576656E 		.ascii	"eventmask_t\000"
 1461      746D6173 
 1461      6B5F7400 
 1462              	.LASF8:
 1463 0276 5F5F696E 		.ascii	"__int32_t\000"
 1463      7433325F 
 1463      7400
 1464              	.LASF89:
 1465 0280 73746B61 		.ascii	"stkalign_t\000"
 1465      6C69676E 
 1465      5F7400
 1466              	.LASF41:
 1467 028b 705F7761 		.ascii	"p_waiting\000"
 1467      6974696E 
 1467      6700
 1468              	.LASF87:
 1469 0295 73697A65 		.ascii	"sizetype\000"
ARM GAS  /tmp/cccWBumq.s 			page 29


 1469      74797065 
 1469      00
 1470              	.LASF49:
 1471 029e 74687265 		.ascii	"thread_reference_t\000"
 1471      61645F72 
 1471      65666572 
 1471      656E6365 
 1471      5F7400
 1472              	.LASF72:
 1473 02b1 63685F76 		.ascii	"ch_virtual_timers_list\000"
 1473      69727475 
 1473      616C5F74 
 1473      696D6572 
 1473      735F6C69 
 1474              	.LASF2:
 1475 02c8 6C6F6E67 		.ascii	"long double\000"
 1475      20646F75 
 1475      626C6500 
 1476              	.LASF96:
 1477 02d4 63685F73 		.ascii	"ch_swc_event_t\000"
 1477      77635F65 
 1477      76656E74 
 1477      5F7400
 1478              	.LASF73:
 1479 02e3 76745F6C 		.ascii	"vt_lasttime\000"
 1479      61737474 
 1479      696D6500 
 1480              	.LASF35:
 1481 02ef 705F6F6C 		.ascii	"p_older\000"
 1481      64657200 
 1482              	.LASF59:
 1483 02f7 725F6374 		.ascii	"r_ctx\000"
 1483      7800
 1484              	.LASF102:
 1485 02fd 746D5F63 		.ascii	"tm_calibration_t\000"
 1485      616C6962 
 1485      72617469 
 1485      6F6E5F74 
 1485      00
 1486              	.LASF62:
 1487 030e 725F6375 		.ascii	"r_current\000"
 1487      7272656E 
 1487      7400
 1488              	.LASF61:
 1489 0318 725F6F6C 		.ascii	"r_older\000"
 1489      64657200 
 1490              	.LASF131:
 1491 0320 2F686F6D 		.ascii	"/home/selim/working/ChibiOS/os/rt/ports/ARMCMx/chco"
 1491      652F7365 
 1491      6C696D2F 
 1491      776F726B 
 1491      696E672F 
 1492 0353 72652E63 		.ascii	"re.c\000"
 1492      00
 1493              	.LASF12:
 1494 0358 5F5F7569 		.ascii	"__uint64_t\000"
 1494      6E743634 
ARM GAS  /tmp/cccWBumq.s 			page 30


 1494      5F7400
 1495              	.LASF106:
 1496 0363 63756D75 		.ascii	"cumulative\000"
 1496      6C617469 
 1496      766500
 1497              	.LASF22:
 1498 036e 74726566 		.ascii	"trefs_t\000"
 1498      735F7400 
 1499              	.LASF99:
 1500 0376 74625F62 		.ascii	"tb_buffer\000"
 1500      75666665 
 1500      7200
 1501              	.LASF64:
 1502 0380 76697274 		.ascii	"virtual_timer_t\000"
 1502      75616C5F 
 1502      74696D65 
 1502      725F7400 
 1503              	.LASF31:
 1504 0390 705F7072 		.ascii	"p_prev\000"
 1504      657600
 1505              	.LASF23:
 1506 0397 74707269 		.ascii	"tprio_t\000"
 1506      6F5F7400 
 1507              	.LASF109:
 1508 039f 6E5F6374 		.ascii	"n_ctxswc\000"
 1508      78737763 
 1508      00
 1509              	.LASF15:
 1510 03a8 696E7433 		.ascii	"int32_t\000"
 1510      325F7400 
 1511              	.LASF4:
 1512 03b0 756E7369 		.ascii	"unsigned char\000"
 1512      676E6564 
 1512      20636861 
 1512      7200
 1513              	.LASF45:
 1514 03be 705F6D74 		.ascii	"p_mtxlist\000"
 1514      786C6973 
 1514      7400
 1515              	.LASF5:
 1516 03c8 73686F72 		.ascii	"short int\000"
 1516      7420696E 
 1516      7400
 1517              	.LASF38:
 1518 03d2 705F7374 		.ascii	"p_state\000"
 1518      61746500 
 1519              	.LASF58:
 1520 03da 725F7072 		.ascii	"r_prio\000"
 1520      696F00
 1521              	.LASF130:
 1522 03e1 474E5520 		.ascii	"GNU C11 5.3.1 20160307 (release) [ARM/embedded-5-br"
 1522      43313120 
 1522      352E332E 
 1522      31203230 
 1522      31363033 
 1523 0414 616E6368 		.ascii	"anch revision 234589] -mcpu=cortex-m4 -mno-thumb-in"
 1523      20726576 
ARM GAS  /tmp/cccWBumq.s 			page 31


 1523      6973696F 
 1523      6E203233 
 1523      34353839 
 1524 0447 74657277 		.ascii	"terwork -mthumb -ggdb -O2 -fomit-frame-pointer -fal"
 1524      6F726B20 
 1524      2D6D7468 
 1524      756D6220 
 1524      2D676764 
 1525 047a 69676E2D 		.ascii	"ign-functions=16 -ffunction-sections -fdata-section"
 1525      66756E63 
 1525      74696F6E 
 1525      733D3136 
 1525      202D6666 
 1526 04ad 73202D66 		.ascii	"s -fno-common\000"
 1526      6E6F2D63 
 1526      6F6D6D6F 
 1526      6E00
 1527              	.LASF119:
 1528 04bb 65776D61 		.ascii	"ewmask\000"
 1528      736B00
 1529              	.LASF30:
 1530 04c2 705F6E65 		.ascii	"p_next\000"
 1530      787400
 1531              	.LASF39:
 1532 04c9 705F666C 		.ascii	"p_flags\000"
 1532      61677300 
 1533              	.LASF48:
 1534 04d1 705F7374 		.ascii	"p_stats\000"
 1534      61747300 
 1535              	.LASF65:
 1536 04d9 63685F76 		.ascii	"ch_virtual_timer\000"
 1536      69727475 
 1536      616C5F74 
 1536      696D6572 
 1536      00
 1537              	.LASF120:
 1538 04ea 63685F73 		.ascii	"ch_semaphore\000"
 1538      656D6170 
 1538      686F7265 
 1538      00
 1539              	.LASF44:
 1540 04f7 705F6570 		.ascii	"p_epending\000"
 1540      656E6469 
 1540      6E6700
 1541              	.LASF16:
 1542 0502 75696E74 		.ascii	"uint32_t\000"
 1542      33325F74 
 1542      00
 1543              	.LASF118:
 1544 050b 77746D74 		.ascii	"wtmtxp\000"
 1544      787000
 1545              	.LASF57:
 1546 0512 725F7175 		.ascii	"r_queue\000"
 1546      65756500 
 1547              	.LASF68:
 1548 051a 76745F64 		.ascii	"vt_delta\000"
 1548      656C7461 
ARM GAS  /tmp/cccWBumq.s 			page 32


 1548      00
 1549              	.LASF52:
 1550 0523 63685F74 		.ascii	"ch_threads_list\000"
 1550      68726561 
 1550      64735F6C 
 1550      69737400 
 1551              	.LASF11:
 1552 0533 6C6F6E67 		.ascii	"long unsigned int\000"
 1552      20756E73 
 1552      69676E65 
 1552      6420696E 
 1552      7400
 1553              	.LASF127:
 1554 0545 63686172 		.ascii	"char\000"
 1554      00
 1555              	.LASF29:
 1556 054a 74687265 		.ascii	"thread_t\000"
 1556      61645F74 
 1556      00
 1557              	.LASF103:
 1558 0553 62657374 		.ascii	"best\000"
 1558      00
 1559              	.LASF126:
 1560 0558 6D5F6E65 		.ascii	"m_next\000"
 1560      787400
 1561              	.LASF28:
 1562 055f 73797374 		.ascii	"systime_t\000"
 1562      696D655F 
 1562      7400
 1563              	.LASF46:
 1564 0569 705F7265 		.ascii	"p_realprio\000"
 1564      616C7072 
 1564      696F00
 1565              	.LASF63:
 1566 0574 76746675 		.ascii	"vtfunc_t\000"
 1566      6E635F74 
 1566      00
 1567              	.LASF10:
 1568 057d 5F5F7569 		.ascii	"__uint32_t\000"
 1568      6E743332 
 1568      5F7400
 1569              	.LASF76:
 1570 0588 70616E69 		.ascii	"panic_msg\000"
 1570      635F6D73 
 1570      6700
 1571              	.LASF101:
 1572 0592 6F666673 		.ascii	"offset\000"
 1572      657400
 1573              	.LASF90:
 1574 0599 636F6E74 		.ascii	"context\000"
 1574      65787400 
 1575              	.LASF18:
 1576 05a1 7274636E 		.ascii	"rtcnt_t\000"
 1576      745F7400 
 1577              	.LASF70:
 1578 05a9 76745F70 		.ascii	"vt_par\000"
 1578      617200
ARM GAS  /tmp/cccWBumq.s 			page 33


 1579              	.LASF53:
 1580 05b0 74687265 		.ascii	"threads_queue_t\000"
 1580      6164735F 
 1580      71756575 
 1580      655F7400 
 1581              	.LASF123:
 1582 05c0 63685F6D 		.ascii	"ch_mutex\000"
 1582      75746578 
 1582      00
 1583              	.LASF40:
 1584 05c9 705F7265 		.ascii	"p_refs\000"
 1584      667300
 1585              	.LASF77:
 1586 05d0 6973725F 		.ascii	"isr_cnt\000"
 1586      636E7400 
 1587              	.LASF82:
 1588 05d8 726C6973 		.ascii	"rlist\000"
 1588      7400
 1589              	.LASF14:
 1590 05de 75696E74 		.ascii	"uint8_t\000"
 1590      385F7400 
 1591              	.LASF115:
 1592 05e6 77746F62 		.ascii	"wtobjp\000"
 1592      6A7000
 1593              	.LASF36:
 1594 05ed 705F6E61 		.ascii	"p_name\000"
 1594      6D6500
 1595              	.LASF50:
 1596 05f4 74687265 		.ascii	"threads_list_t\000"
 1596      6164735F 
 1596      6C697374 
 1596      5F7400
 1597              	.LASF79:
 1598 0603 74726163 		.ascii	"trace_buffer\000"
 1598      655F6275 
 1598      66666572 
 1598      00
 1599              	.LASF43:
 1600 0610 705F6D73 		.ascii	"p_msg\000"
 1600      6700
 1601              	.LASF110:
 1602 0616 6D5F6372 		.ascii	"m_crit_thd\000"
 1602      69745F74 
 1602      686400
 1603              	.LASF125:
 1604 0621 6D5F6F77 		.ascii	"m_owner\000"
 1604      6E657200 
 1605              	.LASF94:
 1606 0629 73655F77 		.ascii	"se_wtobjp\000"
 1606      746F626A 
 1606      7000
 1607              	.LASF33:
 1608 0633 705F6374 		.ascii	"p_ctx\000"
 1608      7800
 1609              	.LASF69:
 1610 0639 76745F66 		.ascii	"vt_func\000"
 1610      756E6300 
ARM GAS  /tmp/cccWBumq.s 			page 34


 1611              		.ident	"GCC: (GNU Tools for ARM Embedded Processors) 5.3.1 20160307 (release) [ARM/embedded-5-bran
ARM GAS  /tmp/cccWBumq.s 			page 35


DEFINED SYMBOLS
                            *ABS*:0000000000000000 chcore.c

NO UNDEFINED SYMBOLS
