ARM GAS  /tmp/ccMPBdw7.s 			page 1


   1              		.syntax unified
   2              		.cpu cortex-m4
   3              		.fpu softvfp
   4              		.eabi_attribute 20, 1
   5              		.eabi_attribute 21, 1
   6              		.eabi_attribute 23, 3
   7              		.eabi_attribute 24, 1
   8              		.eabi_attribute 25, 1
   9              		.eabi_attribute 26, 1
  10              		.eabi_attribute 30, 2
  11              		.eabi_attribute 34, 1
  12              		.eabi_attribute 18, 4
  13              		.thumb
  14              		.syntax unified
  15              		.file	"board.c"
  16              		.text
  17              	.Ltext0:
  18              		.cfi_sections	.debug_frame
  19              		.section	.text.__early_init,"ax",%progbits
  20              		.align	2
  21              		.p2align 4,,15
  22              		.global	__early_init
  23              		.thumb
  24              		.thumb_func
  25              		.type	__early_init, %function
  26              	__early_init:
  27              	.LFB258:
  28              		.file 1 "/home/selim/working/ChibiOS/os/hal/boards/ST_STM32F4_DISCOVERY/board.c"
  29              		.loc 1 70 0
  30              		.cfi_startproc
  31              		@ args = 0, pretend = 0, frame = 0
  32              		@ frame_needed = 0, uses_anonymous_args = 0
  33              		@ link register save eliminated.
  34              		.loc 1 72 0
  35 0000 FFF7FEBF 		b	stm32_clock_init
  36              	.LVL0:
  37              		.cfi_endproc
  38              	.LFE258:
  39              		.size	__early_init, .-__early_init
  40              		.section	.text.boardInit,"ax",%progbits
  41              		.align	2
  42              		.p2align 4,,15
  43              		.global	boardInit
  44              		.thumb
  45              		.thumb_func
  46              		.type	boardInit, %function
  47              	boardInit:
  48              	.LFB259:
  49              		.loc 1 123 0
  50              		.cfi_startproc
  51              		@ args = 0, pretend = 0, frame = 0
  52              		@ frame_needed = 0, uses_anonymous_args = 0
  53              		@ link register save eliminated.
  54 0000 7047     		bx	lr
  55              		.cfi_endproc
  56              	.LFE259:
  57              		.size	boardInit, .-boardInit
ARM GAS  /tmp/ccMPBdw7.s 			page 2


  58              		.global	pal_default_config
  59 0002 00BF     		.section	.rodata.pal_default_config,"a",%progbits
  60              		.align	2
  61              		.type	pal_default_config, %object
  62              		.size	pal_default_config, 252
  63              	pal_default_config:
  64 0000 00AAA02A 		.word	715172352
  65 0004 00000000 		.word	0
  66 0008 FFABFFFF 		.word	-21505
  67 000c 54000140 		.word	1073807444
  68 0010 FFFF0000 		.word	65535
  69 0014 00005655 		.word	1431699456
  70 0018 00AA0A00 		.word	698880
  71 001c 80200800 		.word	532608
  72 0020 40020000 		.word	576
  73 0024 FFFFFFFF 		.word	-1
  74 0028 15455155 		.word	1431389461
  75 002c FFFF0000 		.word	65535
  76 0030 00000004 		.word	67108864
  77 0034 40000000 		.word	64
  78 0038 01802002 		.word	35684353
  79 003c 00000000 		.word	0
  80 0040 FFFFFFFF 		.word	-1
  81 0044 54154554 		.word	1413813588
  82 0048 FFFF0000 		.word	65535
  83 004c 00000060 		.word	1610612736
  84 0050 00060600 		.word	394752
  85 0054 00010055 		.word	1426063616
  86 0058 00000000 		.word	0
  87 005c FFFFFFFF 		.word	-1
  88 0060 55505500 		.word	5591125
  89 0064 FF0F0000 		.word	4095
  90 0068 00000000 		.word	0
  91 006c 00000000 		.word	0
  92 0070 40000000 		.word	64
  93 0074 00000000 		.word	0
  94 0078 FFFFFFFF 		.word	-1
  95 007c 00000000 		.word	0
  96 0080 FFFF0000 		.word	65535
  97 0084 00000000 		.word	0
  98 0088 00000000 		.word	0
  99 008c 00000000 		.word	0
 100 0090 00000000 		.word	0
 101 0094 FFFFFFFF 		.word	-1
 102 0098 00000000 		.word	0
 103 009c FFFF0000 		.word	65535
 104 00a0 00000000 		.word	0
 105 00a4 00000000 		.word	0
 106 00a8 00000000 		.word	0
 107 00ac 00000000 		.word	0
 108 00b0 FFFFFFFF 		.word	-1
 109 00b4 00000000 		.word	0
 110 00b8 FFFF0000 		.word	65535
 111 00bc 00000000 		.word	0
 112 00c0 00000000 		.word	0
 113 00c4 00000000 		.word	0
 114 00c8 00000000 		.word	0
ARM GAS  /tmp/ccMPBdw7.s 			page 3


 115 00cc FFFFFFFF 		.word	-1
 116 00d0 00000000 		.word	0
 117 00d4 FFFF0000 		.word	65535
 118 00d8 00000000 		.word	0
 119 00dc 00000000 		.word	0
 120 00e0 00000000 		.word	0
 121 00e4 00000000 		.word	0
 122 00e8 FFFFFFFF 		.word	-1
 123 00ec 00000000 		.word	0
 124 00f0 FFFF0000 		.word	65535
 125 00f4 00000000 		.word	0
 126 00f8 00000000 		.word	0
 127              		.text
 128              	.Letext0:
 129              		.file 2 "/usr/lib/gcc/arm-none-eabi/5.3.1/include/stddef.h"
 130              		.file 3 "/usr/arm-none-eabi/include/machine/_default_types.h"
 131              		.file 4 "/usr/arm-none-eabi/include/sys/_stdint.h"
 132              		.file 5 "/home/selim/working/ChibiOS/os/rt/ports/ARMCMx/compilers/GCC/chtypes.h"
 133              		.file 6 "/home/selim/working/ChibiOS/os/rt/include/chsystypes.h"
 134              		.file 7 "/home/selim/working/ChibiOS/os/rt/include/chschd.h"
 135              		.file 8 "/home/selim/working/ChibiOS/os/rt/ports/ARMCMx/chcore.h"
 136              		.file 9 "/home/selim/working/ChibiOS/os/rt/ports/ARMCMx/chcore_v7m.h"
 137              		.file 10 "/home/selim/working/ChibiOS/os/rt/include/chtm.h"
 138              		.file 11 "/home/selim/working/ChibiOS/os/rt/include/chsem.h"
 139              		.file 12 "/home/selim/working/ChibiOS/os/rt/include/chmtx.h"
 140              		.file 13 "/home/selim/working/ChibiOS/os/hal/ports/STM32/LLD/GPIOv2/pal_lld.h"
 141              		.file 14 "/home/selim/working/ChibiOS/os/ext/CMSIS/include/core_cm4.h"
 142              		.file 15 "/home/selim/working/ChibiOS/os/hal/ports/STM32/STM32F4xx/hal_lld.h"
 143              		.section	.debug_info,"",%progbits
 144              	.Ldebug_info0:
 145 0000 7E070000 		.4byte	0x77e
 146 0004 0400     		.2byte	0x4
 147 0006 00000000 		.4byte	.Ldebug_abbrev0
 148 000a 04       		.byte	0x4
 149 000b 01       		.uleb128 0x1
 150 000c B3030000 		.4byte	.LASF123
 151 0010 0C       		.byte	0xc
 152 0011 A9010000 		.4byte	.LASF124
 153 0015 00000000 		.4byte	.Ldebug_ranges0+0
 154 0019 00000000 		.4byte	0
 155 001d 00000000 		.4byte	.Ldebug_line0
 156 0021 02       		.uleb128 0x2
 157 0022 04       		.byte	0x4
 158 0023 05       		.byte	0x5
 159 0024 696E7400 		.ascii	"int\000"
 160 0028 03       		.uleb128 0x3
 161 0029 20000000 		.4byte	.LASF4
 162 002d 02       		.byte	0x2
 163 002e D8       		.byte	0xd8
 164 002f 33000000 		.4byte	0x33
 165 0033 04       		.uleb128 0x4
 166 0034 04       		.byte	0x4
 167 0035 07       		.byte	0x7
 168 0036 8D010000 		.4byte	.LASF0
 169 003a 04       		.uleb128 0x4
 170 003b 08       		.byte	0x8
 171 003c 05       		.byte	0x5
ARM GAS  /tmp/ccMPBdw7.s 			page 4


 172 003d CF000000 		.4byte	.LASF1
 173 0041 04       		.uleb128 0x4
 174 0042 08       		.byte	0x8
 175 0043 04       		.byte	0x4
 176 0044 C8020000 		.4byte	.LASF2
 177 0048 04       		.uleb128 0x4
 178 0049 01       		.byte	0x1
 179 004a 06       		.byte	0x6
 180 004b DD000000 		.4byte	.LASF3
 181 004f 03       		.uleb128 0x3
 182 0050 37000000 		.4byte	.LASF5
 183 0054 03       		.byte	0x3
 184 0055 1D       		.byte	0x1d
 185 0056 5A000000 		.4byte	0x5a
 186 005a 04       		.uleb128 0x4
 187 005b 01       		.byte	0x1
 188 005c 08       		.byte	0x8
 189 005d 6D030000 		.4byte	.LASF6
 190 0061 04       		.uleb128 0x4
 191 0062 02       		.byte	0x2
 192 0063 05       		.byte	0x5
 193 0064 90030000 		.4byte	.LASF7
 194 0068 04       		.uleb128 0x4
 195 0069 02       		.byte	0x2
 196 006a 07       		.byte	0x7
 197 006b 17020000 		.4byte	.LASF8
 198 006f 03       		.uleb128 0x3
 199 0070 6F020000 		.4byte	.LASF9
 200 0074 03       		.byte	0x3
 201 0075 3F       		.byte	0x3f
 202 0076 7A000000 		.4byte	0x7a
 203 007a 04       		.uleb128 0x4
 204 007b 04       		.byte	0x4
 205 007c 05       		.byte	0x5
 206 007d 0F010000 		.4byte	.LASF10
 207 0081 03       		.uleb128 0x3
 208 0082 50050000 		.4byte	.LASF11
 209 0086 03       		.byte	0x3
 210 0087 41       		.byte	0x41
 211 0088 8C000000 		.4byte	0x8c
 212 008c 04       		.uleb128 0x4
 213 008d 04       		.byte	0x4
 214 008e 07       		.byte	0x7
 215 008f 0B050000 		.4byte	.LASF12
 216 0093 03       		.uleb128 0x3
 217 0094 1D030000 		.4byte	.LASF13
 218 0098 03       		.byte	0x3
 219 0099 5B       		.byte	0x5b
 220 009a 9E000000 		.4byte	0x9e
 221 009e 04       		.uleb128 0x4
 222 009f 08       		.byte	0x8
 223 00a0 07       		.byte	0x7
 224 00a1 63000000 		.4byte	.LASF14
 225 00a5 03       		.uleb128 0x3
 226 00a6 A9050000 		.4byte	.LASF15
 227 00aa 04       		.byte	0x4
 228 00ab 14       		.byte	0x14
ARM GAS  /tmp/ccMPBdw7.s 			page 5


 229 00ac 4F000000 		.4byte	0x4f
 230 00b0 03       		.uleb128 0x3
 231 00b1 65030000 		.4byte	.LASF16
 232 00b5 04       		.byte	0x4
 233 00b6 1F       		.byte	0x1f
 234 00b7 6F000000 		.4byte	0x6f
 235 00bb 03       		.uleb128 0x3
 236 00bc DA040000 		.4byte	.LASF17
 237 00c0 04       		.byte	0x4
 238 00c1 20       		.byte	0x20
 239 00c2 81000000 		.4byte	0x81
 240 00c6 03       		.uleb128 0x3
 241 00c7 2E000000 		.4byte	.LASF18
 242 00cb 04       		.byte	0x4
 243 00cc 26       		.byte	0x26
 244 00cd 93000000 		.4byte	0x93
 245 00d1 05       		.uleb128 0x5
 246 00d2 B0000000 		.4byte	0xb0
 247 00d6 03       		.uleb128 0x3
 248 00d7 74050000 		.4byte	.LASF19
 249 00db 05       		.byte	0x5
 250 00dc 46       		.byte	0x46
 251 00dd BB000000 		.4byte	0xbb
 252 00e1 03       		.uleb128 0x3
 253 00e2 4D020000 		.4byte	.LASF20
 254 00e6 05       		.byte	0x5
 255 00e7 49       		.byte	0x49
 256 00e8 A5000000 		.4byte	0xa5
 257 00ec 03       		.uleb128 0x3
 258 00ed 1F010000 		.4byte	.LASF21
 259 00f1 05       		.byte	0x5
 260 00f2 4A       		.byte	0x4a
 261 00f3 A5000000 		.4byte	0xa5
 262 00f7 03       		.uleb128 0x3
 263 00f8 28030000 		.4byte	.LASF22
 264 00fc 05       		.byte	0x5
 265 00fd 4B       		.byte	0x4b
 266 00fe A5000000 		.4byte	0xa5
 267 0102 03       		.uleb128 0x3
 268 0103 47030000 		.4byte	.LASF23
 269 0107 05       		.byte	0x5
 270 0108 4D       		.byte	0x4d
 271 0109 BB000000 		.4byte	0xbb
 272 010d 03       		.uleb128 0x3
 273 010e 3B020000 		.4byte	.LASF24
 274 0112 05       		.byte	0x5
 275 0113 4E       		.byte	0x4e
 276 0114 B0000000 		.4byte	0xb0
 277 0118 03       		.uleb128 0x3
 278 0119 63020000 		.4byte	.LASF25
 279 011d 05       		.byte	0x5
 280 011e 50       		.byte	0x50
 281 011f BB000000 		.4byte	0xbb
 282 0123 03       		.uleb128 0x3
 283 0124 87010000 		.4byte	.LASF26
 284 0128 05       		.byte	0x5
 285 0129 52       		.byte	0x52
ARM GAS  /tmp/ccMPBdw7.s 			page 6


 286 012a B0000000 		.4byte	0xb0
 287 012e 03       		.uleb128 0x3
 288 012f 32050000 		.4byte	.LASF27
 289 0133 06       		.byte	0x6
 290 0134 33       		.byte	0x33
 291 0135 BB000000 		.4byte	0xbb
 292 0139 03       		.uleb128 0x3
 293 013a 22050000 		.4byte	.LASF28
 294 013e 06       		.byte	0x6
 295 013f 3F       		.byte	0x3f
 296 0140 44010000 		.4byte	0x144
 297 0144 06       		.uleb128 0x6
 298 0145 31020000 		.4byte	.LASF48
 299 0149 44       		.byte	0x44
 300 014a 07       		.byte	0x7
 301 014b C2       		.byte	0xc2
 302 014c 31020000 		.4byte	0x231
 303 0150 07       		.uleb128 0x7
 304 0151 9B040000 		.4byte	.LASF29
 305 0155 07       		.byte	0x7
 306 0156 C3       		.byte	0xc3
 307 0157 3C020000 		.4byte	0x23c
 308 015b 00       		.byte	0
 309 015c 07       		.uleb128 0x7
 310 015d 40030000 		.4byte	.LASF30
 311 0161 07       		.byte	0x7
 312 0162 C5       		.byte	0xc5
 313 0163 3C020000 		.4byte	0x23c
 314 0167 04       		.byte	0x4
 315 0168 07       		.uleb128 0x7
 316 0169 C8000000 		.4byte	.LASF31
 317 016d 07       		.byte	0x7
 318 016e C7       		.byte	0xc7
 319 016f 02010000 		.4byte	0x102
 320 0173 08       		.byte	0x8
 321 0174 07       		.uleb128 0x7
 322 0175 00060000 		.4byte	.LASF32
 323 0179 07       		.byte	0x7
 324 017a C8       		.byte	0xc8
 325 017b 6C040000 		.4byte	0x46c
 326 017f 0C       		.byte	0xc
 327 0180 07       		.uleb128 0x7
 328 0181 28010000 		.4byte	.LASF33
 329 0185 07       		.byte	0x7
 330 0186 CA       		.byte	0xca
 331 0187 3C020000 		.4byte	0x23c
 332 018b 10       		.byte	0x10
 333 018c 07       		.uleb128 0x7
 334 018d E0020000 		.4byte	.LASF34
 335 0191 07       		.byte	0x7
 336 0192 CB       		.byte	0xcb
 337 0193 3C020000 		.4byte	0x23c
 338 0197 14       		.byte	0x14
 339 0198 07       		.uleb128 0x7
 340 0199 B8050000 		.4byte	.LASF35
 341 019d 07       		.byte	0x7
 342 019e D2       		.byte	0xd2
ARM GAS  /tmp/ccMPBdw7.s 			page 7


 343 019f EB050000 		.4byte	0x5eb
 344 01a3 18       		.byte	0x18
 345 01a4 07       		.uleb128 0x7
 346 01a5 9A030000 		.4byte	.LASF36
 347 01a9 07       		.byte	0x7
 348 01aa DD       		.byte	0xdd
 349 01ab EC000000 		.4byte	0xec
 350 01af 1C       		.byte	0x1c
 351 01b0 07       		.uleb128 0x7
 352 01b1 A2040000 		.4byte	.LASF37
 353 01b5 07       		.byte	0x7
 354 01b6 E1       		.byte	0xe1
 355 01b7 E1000000 		.4byte	0xe1
 356 01bb 1D       		.byte	0x1d
 357 01bc 07       		.uleb128 0x7
 358 01bd 9C050000 		.4byte	.LASF38
 359 01c1 07       		.byte	0x7
 360 01c2 E6       		.byte	0xe6
 361 01c3 F7000000 		.4byte	0xf7
 362 01c7 1E       		.byte	0x1e
 363 01c8 08       		.uleb128 0x8
 364 01c9 705F7500 		.ascii	"p_u\000"
 365 01cd 07       		.byte	0x7
 366 01ce 3101     		.2byte	0x131
 367 01d0 26050000 		.4byte	0x526
 368 01d4 20       		.byte	0x20
 369 01d5 09       		.uleb128 0x9
 370 01d6 8B020000 		.4byte	.LASF39
 371 01da 07       		.byte	0x7
 372 01db 3601     		.2byte	0x136
 373 01dd 42020000 		.4byte	0x242
 374 01e1 24       		.byte	0x24
 375 01e2 09       		.uleb128 0x9
 376 01e3 F0010000 		.4byte	.LASF40
 377 01e7 07       		.byte	0x7
 378 01e8 3C01     		.2byte	0x13c
 379 01ea 66020000 		.4byte	0x266
 380 01ee 28       		.byte	0x28
 381 01ef 09       		.uleb128 0x9
 382 01f0 D5050000 		.4byte	.LASF41
 383 01f4 07       		.byte	0x7
 384 01f5 4001     		.2byte	0x140
 385 01f7 0D010000 		.4byte	0x10d
 386 01fb 30       		.byte	0x30
 387 01fc 09       		.uleb128 0x9
 388 01fd CF040000 		.4byte	.LASF42
 389 0201 07       		.byte	0x7
 390 0202 4601     		.2byte	0x146
 391 0204 18010000 		.4byte	0x118
 392 0208 34       		.byte	0x34
 393 0209 09       		.uleb128 0x9
 394 020a 86030000 		.4byte	.LASF43
 395 020e 07       		.byte	0x7
 396 020f 4D01     		.2byte	0x14d
 397 0211 E5050000 		.4byte	0x5e5
 398 0215 38       		.byte	0x38
 399 0216 09       		.uleb128 0x9
ARM GAS  /tmp/ccMPBdw7.s 			page 8


 400 0217 3C050000 		.4byte	.LASF44
 401 021b 07       		.byte	0x7
 402 021c 5101     		.2byte	0x151
 403 021e 02010000 		.4byte	0x102
 404 0222 3C       		.byte	0x3c
 405 0223 09       		.uleb128 0x9
 406 0224 E9000000 		.4byte	.LASF45
 407 0228 07       		.byte	0x7
 408 0229 5801     		.2byte	0x158
 409 022b 19030000 		.4byte	0x319
 410 022f 40       		.byte	0x40
 411 0230 00       		.byte	0
 412 0231 03       		.uleb128 0x3
 413 0232 9E020000 		.4byte	.LASF46
 414 0236 06       		.byte	0x6
 415 0237 44       		.byte	0x44
 416 0238 3C020000 		.4byte	0x23c
 417 023c 0A       		.uleb128 0xa
 418 023d 04       		.byte	0x4
 419 023e 39010000 		.4byte	0x139
 420 0242 03       		.uleb128 0x3
 421 0243 C6050000 		.4byte	.LASF47
 422 0247 06       		.byte	0x6
 423 0248 49       		.byte	0x49
 424 0249 4D020000 		.4byte	0x24d
 425 024d 06       		.uleb128 0x6
 426 024e FB040000 		.4byte	.LASF49
 427 0252 04       		.byte	0x4
 428 0253 07       		.byte	0x7
 429 0254 B0       		.byte	0xb0
 430 0255 66020000 		.4byte	0x266
 431 0259 07       		.uleb128 0x7
 432 025a 9B040000 		.4byte	.LASF29
 433 025e 07       		.byte	0x7
 434 025f B1       		.byte	0xb1
 435 0260 3C020000 		.4byte	0x23c
 436 0264 00       		.byte	0
 437 0265 00       		.byte	0
 438 0266 03       		.uleb128 0x3
 439 0267 83050000 		.4byte	.LASF50
 440 026b 06       		.byte	0x6
 441 026c 50       		.byte	0x50
 442 026d 71020000 		.4byte	0x271
 443 0271 06       		.uleb128 0x6
 444 0272 B7000000 		.4byte	.LASF51
 445 0276 08       		.byte	0x8
 446 0277 07       		.byte	0x7
 447 0278 B7       		.byte	0xb7
 448 0279 96020000 		.4byte	0x296
 449 027d 07       		.uleb128 0x7
 450 027e 9B040000 		.4byte	.LASF29
 451 0282 07       		.byte	0x7
 452 0283 B8       		.byte	0xb8
 453 0284 3C020000 		.4byte	0x23c
 454 0288 00       		.byte	0
 455 0289 07       		.uleb128 0x7
 456 028a 40030000 		.4byte	.LASF30
ARM GAS  /tmp/ccMPBdw7.s 			page 9


 457 028e 07       		.byte	0x7
 458 028f B9       		.byte	0xb9
 459 0290 3C020000 		.4byte	0x23c
 460 0294 04       		.byte	0x4
 461 0295 00       		.byte	0
 462 0296 03       		.uleb128 0x3
 463 0297 13000000 		.4byte	.LASF52
 464 029b 06       		.byte	0x6
 465 029c 57       		.byte	0x57
 466 029d A1020000 		.4byte	0x2a1
 467 02a1 0B       		.uleb128 0xb
 468 02a2 55020000 		.4byte	.LASF53
 469 02a6 1C       		.byte	0x1c
 470 02a7 07       		.byte	0x7
 471 02a8 9001     		.2byte	0x190
 472 02aa FD020000 		.4byte	0x2fd
 473 02ae 09       		.uleb128 0x9
 474 02af EA040000 		.4byte	.LASF54
 475 02b3 07       		.byte	0x7
 476 02b4 9101     		.2byte	0x191
 477 02b6 66020000 		.4byte	0x266
 478 02ba 00       		.byte	0
 479 02bb 09       		.uleb128 0x9
 480 02bc AC030000 		.4byte	.LASF55
 481 02c0 07       		.byte	0x7
 482 02c1 9201     		.2byte	0x192
 483 02c3 02010000 		.4byte	0x102
 484 02c7 08       		.byte	0x8
 485 02c8 09       		.uleb128 0x9
 486 02c9 E8020000 		.4byte	.LASF56
 487 02cd 07       		.byte	0x7
 488 02ce 9401     		.2byte	0x194
 489 02d0 6C040000 		.4byte	0x46c
 490 02d4 0C       		.byte	0xc
 491 02d5 09       		.uleb128 0x9
 492 02d6 38010000 		.4byte	.LASF57
 493 02da 07       		.byte	0x7
 494 02db 9701     		.2byte	0x197
 495 02dd 3C020000 		.4byte	0x23c
 496 02e1 10       		.byte	0x10
 497 02e2 09       		.uleb128 0x9
 498 02e3 15030000 		.4byte	.LASF58
 499 02e7 07       		.byte	0x7
 500 02e8 9801     		.2byte	0x198
 501 02ea 3C020000 		.4byte	0x23c
 502 02ee 14       		.byte	0x14
 503 02ef 09       		.uleb128 0x9
 504 02f0 0B030000 		.4byte	.LASF59
 505 02f4 07       		.byte	0x7
 506 02f5 9B01     		.2byte	0x19b
 507 02f7 3C020000 		.4byte	0x23c
 508 02fb 18       		.byte	0x18
 509 02fc 00       		.byte	0
 510 02fd 03       		.uleb128 0x3
 511 02fe 47050000 		.4byte	.LASF60
 512 0302 06       		.byte	0x6
 513 0303 5C       		.byte	0x5c
ARM GAS  /tmp/ccMPBdw7.s 			page 10


 514 0304 08030000 		.4byte	0x308
 515 0308 0A       		.uleb128 0xa
 516 0309 04       		.byte	0x4
 517 030a 0E030000 		.4byte	0x30e
 518 030e 0C       		.uleb128 0xc
 519 030f 19030000 		.4byte	0x319
 520 0313 0D       		.uleb128 0xd
 521 0314 19030000 		.4byte	0x319
 522 0318 00       		.byte	0
 523 0319 0E       		.uleb128 0xe
 524 031a 04       		.byte	0x4
 525 031b 03       		.uleb128 0x3
 526 031c 30030000 		.4byte	.LASF61
 527 0320 06       		.byte	0x6
 528 0321 61       		.byte	0x61
 529 0322 26030000 		.4byte	0x326
 530 0326 0B       		.uleb128 0xb
 531 0327 B1040000 		.4byte	.LASF62
 532 032b 14       		.byte	0x14
 533 032c 07       		.byte	0x7
 534 032d 6B01     		.2byte	0x16b
 535 032f 75030000 		.4byte	0x375
 536 0333 09       		.uleb128 0x9
 537 0334 9A010000 		.4byte	.LASF63
 538 0338 07       		.byte	0x7
 539 0339 6C01     		.2byte	0x16c
 540 033b FD050000 		.4byte	0x5fd
 541 033f 00       		.byte	0
 542 0340 09       		.uleb128 0x9
 543 0341 49010000 		.4byte	.LASF64
 544 0345 07       		.byte	0x7
 545 0346 6D01     		.2byte	0x16d
 546 0348 FD050000 		.4byte	0x5fd
 547 034c 04       		.byte	0x4
 548 034d 09       		.uleb128 0x9
 549 034e F2040000 		.4byte	.LASF65
 550 0352 07       		.byte	0x7
 551 0353 6E01     		.2byte	0x16e
 552 0355 2E010000 		.4byte	0x12e
 553 0359 08       		.byte	0x8
 554 035a 09       		.uleb128 0x9
 555 035b 06060000 		.4byte	.LASF66
 556 035f 07       		.byte	0x7
 557 0360 6F01     		.2byte	0x16f
 558 0362 FD020000 		.4byte	0x2fd
 559 0366 0C       		.byte	0xc
 560 0367 09       		.uleb128 0x9
 561 0368 7C050000 		.4byte	.LASF67
 562 036c 07       		.byte	0x7
 563 036d 7101     		.2byte	0x171
 564 036f 19030000 		.4byte	0x319
 565 0373 10       		.byte	0x10
 566 0374 00       		.byte	0
 567 0375 03       		.uleb128 0x3
 568 0376 94000000 		.4byte	.LASF68
 569 037a 06       		.byte	0x6
 570 037b 66       		.byte	0x66
ARM GAS  /tmp/ccMPBdw7.s 			page 11


 571 037c 80030000 		.4byte	0x380
 572 0380 0B       		.uleb128 0xb
 573 0381 B1020000 		.4byte	.LASF69
 574 0385 10       		.byte	0x10
 575 0386 07       		.byte	0x7
 576 0387 7B01     		.2byte	0x17b
 577 0389 C2030000 		.4byte	0x3c2
 578 038d 09       		.uleb128 0x9
 579 038e 9A010000 		.4byte	.LASF63
 580 0392 07       		.byte	0x7
 581 0393 7C01     		.2byte	0x17c
 582 0395 FD050000 		.4byte	0x5fd
 583 0399 00       		.byte	0
 584 039a 09       		.uleb128 0x9
 585 039b 49010000 		.4byte	.LASF64
 586 039f 07       		.byte	0x7
 587 03a0 7E01     		.2byte	0x17e
 588 03a2 FD050000 		.4byte	0x5fd
 589 03a6 04       		.byte	0x4
 590 03a7 09       		.uleb128 0x9
 591 03a8 F2040000 		.4byte	.LASF65
 592 03ac 07       		.byte	0x7
 593 03ad 8001     		.2byte	0x180
 594 03af 2E010000 		.4byte	0x12e
 595 03b3 08       		.byte	0x8
 596 03b4 09       		.uleb128 0x9
 597 03b5 D4020000 		.4byte	.LASF70
 598 03b9 07       		.byte	0x7
 599 03ba 8801     		.2byte	0x188
 600 03bc 2E010000 		.4byte	0x12e
 601 03c0 0C       		.byte	0xc
 602 03c1 00       		.byte	0
 603 03c2 03       		.uleb128 0x3
 604 03c3 4D000000 		.4byte	.LASF71
 605 03c7 06       		.byte	0x6
 606 03c8 6B       		.byte	0x6b
 607 03c9 CD030000 		.4byte	0x3cd
 608 03cd 0B       		.uleb128 0xb
 609 03ce 4F030000 		.4byte	.LASF72
 610 03d2 04       		.byte	0x4
 611 03d3 07       		.byte	0x7
 612 03d4 A201     		.2byte	0x1a2
 613 03d6 E8030000 		.4byte	0x3e8
 614 03da 09       		.uleb128 0x9
 615 03db 5B050000 		.4byte	.LASF73
 616 03df 07       		.byte	0x7
 617 03e0 AA01     		.2byte	0x1aa
 618 03e2 03060000 		.4byte	0x603
 619 03e6 00       		.byte	0
 620 03e7 00       		.byte	0
 621 03e8 03       		.uleb128 0x3
 622 03e9 41020000 		.4byte	.LASF74
 623 03ed 06       		.byte	0x6
 624 03ee 70       		.byte	0x70
 625 03ef F3030000 		.4byte	0x3f3
 626 03f3 0F       		.uleb128 0xf
 627 03f4 05010000 		.4byte	.LASF75
ARM GAS  /tmp/ccMPBdw7.s 			page 12


 628 03f8 5001     		.2byte	0x150
 629 03fa 07       		.byte	0x7
 630 03fb C201     		.2byte	0x1c2
 631 03fd 4F040000 		.4byte	0x44f
 632 0401 09       		.uleb128 0x9
 633 0402 A3050000 		.4byte	.LASF76
 634 0406 07       		.byte	0x7
 635 0407 C601     		.2byte	0x1c6
 636 0409 96020000 		.4byte	0x296
 637 040d 00       		.byte	0
 638 040e 09       		.uleb128 0x9
 639 040f 51010000 		.4byte	.LASF77
 640 0413 07       		.byte	0x7
 641 0414 CA01     		.2byte	0x1ca
 642 0416 75030000 		.4byte	0x375
 643 041a 1C       		.byte	0x1c
 644 041b 08       		.uleb128 0x8
 645 041c 64626700 		.ascii	"dbg\000"
 646 0420 07       		.byte	0x7
 647 0421 CE01     		.2byte	0x1ce
 648 0423 C2030000 		.4byte	0x3c2
 649 0427 2C       		.byte	0x2c
 650 0428 09       		.uleb128 0x9
 651 0429 89000000 		.4byte	.LASF78
 652 042d 07       		.byte	0x7
 653 042e D201     		.2byte	0x1d2
 654 0430 39010000 		.4byte	0x139
 655 0434 30       		.byte	0x30
 656 0435 08       		.uleb128 0x8
 657 0436 746D00   		.ascii	"tm\000"
 658 0439 07       		.byte	0x7
 659 043a D701     		.2byte	0x1d7
 660 043c 1B050000 		.4byte	0x51b
 661 0440 74       		.byte	0x74
 662 0441 09       		.uleb128 0x9
 663 0442 78010000 		.4byte	.LASF79
 664 0446 07       		.byte	0x7
 665 0447 E301     		.2byte	0x1e3
 666 0449 08060000 		.4byte	0x608
 667 044d 78       		.byte	0x78
 668 044e 00       		.byte	0
 669 044f 04       		.uleb128 0x4
 670 0450 04       		.byte	0x4
 671 0451 07       		.byte	0x7
 672 0452 95020000 		.4byte	.LASF80
 673 0456 03       		.uleb128 0x3
 674 0457 40010000 		.4byte	.LASF81
 675 045b 08       		.byte	0x8
 676 045c 65       		.byte	0x65
 677 045d 19030000 		.4byte	0x319
 678 0461 03       		.uleb128 0x3
 679 0462 80020000 		.4byte	.LASF82
 680 0466 08       		.byte	0x8
 681 0467 6D       		.byte	0x6d
 682 0468 C6000000 		.4byte	0xc6
 683 046c 06       		.uleb128 0x6
 684 046d 6C050000 		.4byte	.LASF83
ARM GAS  /tmp/ccMPBdw7.s 			page 13


 685 0471 04       		.byte	0x4
 686 0472 08       		.byte	0x8
 687 0473 89       		.byte	0x89
 688 0474 85040000 		.4byte	0x485
 689 0478 10       		.uleb128 0x10
 690 0479 72313300 		.ascii	"r13\000"
 691 047d 08       		.byte	0x8
 692 047e 8A       		.byte	0x8a
 693 047f 00050000 		.4byte	0x500
 694 0483 00       		.byte	0
 695 0484 00       		.byte	0
 696 0485 06       		.uleb128 0x6
 697 0486 41000000 		.4byte	.LASF84
 698 048a 24       		.byte	0x24
 699 048b 09       		.byte	0x9
 700 048c F4       		.byte	0xf4
 701 048d 00050000 		.4byte	0x500
 702 0491 08       		.uleb128 0x8
 703 0492 723400   		.ascii	"r4\000"
 704 0495 09       		.byte	0x9
 705 0496 0701     		.2byte	0x107
 706 0498 56040000 		.4byte	0x456
 707 049c 00       		.byte	0
 708 049d 08       		.uleb128 0x8
 709 049e 723500   		.ascii	"r5\000"
 710 04a1 09       		.byte	0x9
 711 04a2 0801     		.2byte	0x108
 712 04a4 56040000 		.4byte	0x456
 713 04a8 04       		.byte	0x4
 714 04a9 08       		.uleb128 0x8
 715 04aa 723600   		.ascii	"r6\000"
 716 04ad 09       		.byte	0x9
 717 04ae 0901     		.2byte	0x109
 718 04b0 56040000 		.4byte	0x456
 719 04b4 08       		.byte	0x8
 720 04b5 08       		.uleb128 0x8
 721 04b6 723700   		.ascii	"r7\000"
 722 04b9 09       		.byte	0x9
 723 04ba 0A01     		.2byte	0x10a
 724 04bc 56040000 		.4byte	0x456
 725 04c0 0C       		.byte	0xc
 726 04c1 08       		.uleb128 0x8
 727 04c2 723800   		.ascii	"r8\000"
 728 04c5 09       		.byte	0x9
 729 04c6 0B01     		.2byte	0x10b
 730 04c8 56040000 		.4byte	0x456
 731 04cc 10       		.byte	0x10
 732 04cd 08       		.uleb128 0x8
 733 04ce 723900   		.ascii	"r9\000"
 734 04d1 09       		.byte	0x9
 735 04d2 0C01     		.2byte	0x10c
 736 04d4 56040000 		.4byte	0x456
 737 04d8 14       		.byte	0x14
 738 04d9 08       		.uleb128 0x8
 739 04da 72313000 		.ascii	"r10\000"
 740 04de 09       		.byte	0x9
 741 04df 0D01     		.2byte	0x10d
ARM GAS  /tmp/ccMPBdw7.s 			page 14


 742 04e1 56040000 		.4byte	0x456
 743 04e5 18       		.byte	0x18
 744 04e6 08       		.uleb128 0x8
 745 04e7 72313100 		.ascii	"r11\000"
 746 04eb 09       		.byte	0x9
 747 04ec 0E01     		.2byte	0x10e
 748 04ee 56040000 		.4byte	0x456
 749 04f2 1C       		.byte	0x1c
 750 04f3 08       		.uleb128 0x8
 751 04f4 6C7200   		.ascii	"lr\000"
 752 04f7 09       		.byte	0x9
 753 04f8 0F01     		.2byte	0x10f
 754 04fa 56040000 		.4byte	0x456
 755 04fe 20       		.byte	0x20
 756 04ff 00       		.byte	0
 757 0500 0A       		.uleb128 0xa
 758 0501 04       		.byte	0x4
 759 0502 85040000 		.4byte	0x485
 760 0506 11       		.uleb128 0x11
 761 0507 04       		.byte	0x4
 762 0508 0A       		.byte	0xa
 763 0509 38       		.byte	0x38
 764 050a 1B050000 		.4byte	0x51b
 765 050e 07       		.uleb128 0x7
 766 050f 65050000 		.4byte	.LASF85
 767 0513 0A       		.byte	0xa
 768 0514 3C       		.byte	0x3c
 769 0515 D6000000 		.4byte	0xd6
 770 0519 00       		.byte	0
 771 051a 00       		.byte	0
 772 051b 03       		.uleb128 0x3
 773 051c EE020000 		.4byte	.LASF86
 774 0520 0A       		.byte	0xa
 775 0521 3D       		.byte	0x3d
 776 0522 06050000 		.4byte	0x506
 777 0526 12       		.uleb128 0x12
 778 0527 04       		.byte	0x4
 779 0528 07       		.byte	0x7
 780 0529 FA       		.byte	0xfa
 781 052a 83050000 		.4byte	0x583
 782 052e 13       		.uleb128 0x13
 783 052f 27000000 		.4byte	.LASF87
 784 0533 07       		.byte	0x7
 785 0534 0101     		.2byte	0x101
 786 0536 0D010000 		.4byte	0x10d
 787 053a 13       		.uleb128 0x13
 788 053b 80000000 		.4byte	.LASF88
 789 053f 07       		.byte	0x7
 790 0540 0801     		.2byte	0x108
 791 0542 0D010000 		.4byte	0x10d
 792 0546 13       		.uleb128 0x13
 793 0547 B1050000 		.4byte	.LASF89
 794 054b 07       		.byte	0x7
 795 054c 0F01     		.2byte	0x10f
 796 054e 19030000 		.4byte	0x319
 797 0552 13       		.uleb128 0x13
 798 0553 FF000000 		.4byte	.LASF90
ARM GAS  /tmp/ccMPBdw7.s 			page 15


 799 0557 07       		.byte	0x7
 800 0558 1601     		.2byte	0x116
 801 055a 83050000 		.4byte	0x583
 802 055e 13       		.uleb128 0x13
 803 055f A2010000 		.4byte	.LASF91
 804 0563 07       		.byte	0x7
 805 0564 1E01     		.2byte	0x11e
 806 0566 AE050000 		.4byte	0x5ae
 807 056a 13       		.uleb128 0x13
 808 056b E3040000 		.4byte	.LASF92
 809 056f 07       		.byte	0x7
 810 0570 2701     		.2byte	0x127
 811 0572 E5050000 		.4byte	0x5e5
 812 0576 13       		.uleb128 0x13
 813 0577 94040000 		.4byte	.LASF93
 814 057b 07       		.byte	0x7
 815 057c 2F01     		.2byte	0x12f
 816 057e 18010000 		.4byte	0x118
 817 0582 00       		.byte	0
 818 0583 0A       		.uleb128 0xa
 819 0584 04       		.byte	0x4
 820 0585 31020000 		.4byte	0x231
 821 0589 06       		.uleb128 0x6
 822 058a C2040000 		.4byte	.LASF94
 823 058e 0C       		.byte	0xc
 824 058f 0B       		.byte	0xb
 825 0590 34       		.byte	0x34
 826 0591 AE050000 		.4byte	0x5ae
 827 0595 07       		.uleb128 0x7
 828 0596 30010000 		.4byte	.LASF95
 829 059a 0B       		.byte	0xb
 830 059b 35       		.byte	0x35
 831 059c 66020000 		.4byte	0x266
 832 05a0 00       		.byte	0
 833 05a1 07       		.uleb128 0x7
 834 05a2 80030000 		.4byte	.LASF96
 835 05a6 0B       		.byte	0xb
 836 05a7 37       		.byte	0x37
 837 05a8 23010000 		.4byte	0x123
 838 05ac 08       		.byte	0x8
 839 05ad 00       		.byte	0
 840 05ae 0A       		.uleb128 0xa
 841 05af 04       		.byte	0x4
 842 05b0 89050000 		.4byte	0x589
 843 05b4 06       		.uleb128 0x6
 844 05b5 93050000 		.4byte	.LASF97
 845 05b9 10       		.byte	0x10
 846 05ba 0C       		.byte	0xc
 847 05bb 39       		.byte	0x39
 848 05bc E5050000 		.4byte	0x5e5
 849 05c0 07       		.uleb128 0x7
 850 05c1 F1000000 		.4byte	.LASF98
 851 05c5 0C       		.byte	0xc
 852 05c6 3A       		.byte	0x3a
 853 05c7 66020000 		.4byte	0x266
 854 05cb 00       		.byte	0
 855 05cc 07       		.uleb128 0x7
ARM GAS  /tmp/ccMPBdw7.s 			page 16


 856 05cd E5050000 		.4byte	.LASF99
 857 05d1 0C       		.byte	0xc
 858 05d2 3C       		.byte	0x3c
 859 05d3 3C020000 		.4byte	0x23c
 860 05d7 08       		.byte	0x8
 861 05d8 07       		.uleb128 0x7
 862 05d9 2B050000 		.4byte	.LASF100
 863 05dd 0C       		.byte	0xc
 864 05de 3E       		.byte	0x3e
 865 05df 23060000 		.4byte	0x623
 866 05e3 0C       		.byte	0xc
 867 05e4 00       		.byte	0
 868 05e5 0A       		.uleb128 0xa
 869 05e6 04       		.byte	0x4
 870 05e7 B4050000 		.4byte	0x5b4
 871 05eb 0A       		.uleb128 0xa
 872 05ec 04       		.byte	0x4
 873 05ed F8050000 		.4byte	0x5f8
 874 05f1 04       		.uleb128 0x4
 875 05f2 01       		.byte	0x1
 876 05f3 08       		.byte	0x8
 877 05f4 1D050000 		.4byte	.LASF101
 878 05f8 14       		.uleb128 0x14
 879 05f9 F1050000 		.4byte	0x5f1
 880 05fd 0A       		.uleb128 0xa
 881 05fe 04       		.byte	0x4
 882 05ff 1B030000 		.4byte	0x31b
 883 0603 05       		.uleb128 0x5
 884 0604 EB050000 		.4byte	0x5eb
 885 0608 15       		.uleb128 0x15
 886 0609 61040000 		.4byte	0x461
 887 060d 18060000 		.4byte	0x618
 888 0611 16       		.uleb128 0x16
 889 0612 4F040000 		.4byte	0x44f
 890 0616 1A       		.byte	0x1a
 891 0617 00       		.byte	0
 892 0618 03       		.uleb128 0x3
 893 0619 69010000 		.4byte	.LASF102
 894 061d 0C       		.byte	0xc
 895 061e 34       		.byte	0x34
 896 061f B4050000 		.4byte	0x5b4
 897 0623 0A       		.uleb128 0xa
 898 0624 04       		.byte	0x4
 899 0625 18060000 		.4byte	0x618
 900 0629 04       		.uleb128 0x4
 901 062a 01       		.byte	0x1
 902 062b 02       		.byte	0x2
 903 062c 5F030000 		.4byte	.LASF103
 904 0630 11       		.uleb128 0x11
 905 0631 1C       		.byte	0x1c
 906 0632 0D       		.byte	0xd
 907 0633 C1       		.byte	0xc1
 908 0634 8D060000 		.4byte	0x68d
 909 0638 07       		.uleb128 0x7
 910 0639 F9000000 		.4byte	.LASF104
 911 063d 0D       		.byte	0xd
 912 063e C3       		.byte	0xc3
ARM GAS  /tmp/ccMPBdw7.s 			page 17


 913 063f BB000000 		.4byte	0xbb
 914 0643 00       		.byte	0
 915 0644 07       		.uleb128 0x7
 916 0645 03020000 		.4byte	.LASF105
 917 0649 0D       		.byte	0xd
 918 064a C5       		.byte	0xc5
 919 064b BB000000 		.4byte	0xbb
 920 064f 04       		.byte	0x4
 921 0650 07       		.uleb128 0x7
 922 0651 FB010000 		.4byte	.LASF106
 923 0655 0D       		.byte	0xd
 924 0656 C7       		.byte	0xc7
 925 0657 BB000000 		.4byte	0xbb
 926 065b 08       		.byte	0x8
 927 065c 07       		.uleb128 0x7
 928 065d 7A000000 		.4byte	.LASF107
 929 0661 0D       		.byte	0xd
 930 0662 C9       		.byte	0xc9
 931 0663 BB000000 		.4byte	0xbb
 932 0667 0C       		.byte	0xc
 933 0668 10       		.uleb128 0x10
 934 0669 6F647200 		.ascii	"odr\000"
 935 066d 0D       		.byte	0xd
 936 066e CB       		.byte	0xcb
 937 066f BB000000 		.4byte	0xbb
 938 0673 10       		.byte	0x10
 939 0674 07       		.uleb128 0x7
 940 0675 7B030000 		.4byte	.LASF108
 941 0679 0D       		.byte	0xd
 942 067a CD       		.byte	0xcd
 943 067b BB000000 		.4byte	0xbb
 944 067f 14       		.byte	0x14
 945 0680 07       		.uleb128 0x7
 946 0681 FF020000 		.4byte	.LASF109
 947 0685 0D       		.byte	0xd
 948 0686 CF       		.byte	0xcf
 949 0687 BB000000 		.4byte	0xbb
 950 068b 18       		.byte	0x18
 951 068c 00       		.byte	0
 952 068d 03       		.uleb128 0x3
 953 068e 00000000 		.4byte	.LASF110
 954 0692 0D       		.byte	0xd
 955 0693 D0       		.byte	0xd0
 956 0694 30060000 		.4byte	0x630
 957 0698 11       		.uleb128 0x11
 958 0699 FC       		.byte	0xfc
 959 069a 0D       		.byte	0xd
 960 069b D9       		.byte	0xd9
 961 069c 0D070000 		.4byte	0x70d
 962 06a0 07       		.uleb128 0x7
 963 06a1 8D040000 		.4byte	.LASF111
 964 06a5 0D       		.byte	0xd
 965 06a6 DC       		.byte	0xdc
 966 06a7 8D060000 		.4byte	0x68d
 967 06ab 00       		.byte	0
 968 06ac 07       		.uleb128 0x7
 969 06ad 71010000 		.4byte	.LASF112
ARM GAS  /tmp/ccMPBdw7.s 			page 18


 970 06b1 0D       		.byte	0xd
 971 06b2 E0       		.byte	0xe0
 972 06b3 8D060000 		.4byte	0x68d
 973 06b7 1C       		.byte	0x1c
 974 06b8 07       		.uleb128 0x7
 975 06b9 BF050000 		.4byte	.LASF113
 976 06bd 0D       		.byte	0xd
 977 06be E4       		.byte	0xe4
 978 06bf 8D060000 		.4byte	0x68d
 979 06c3 38       		.byte	0x38
 980 06c4 07       		.uleb128 0x7
 981 06c5 04030000 		.4byte	.LASF114
 982 06c9 0D       		.byte	0xd
 983 06ca E8       		.byte	0xe8
 984 06cb 8D060000 		.4byte	0x68d
 985 06cf 54       		.byte	0x54
 986 06d0 07       		.uleb128 0x7
 987 06d1 18010000 		.4byte	.LASF115
 988 06d5 0D       		.byte	0xd
 989 06d6 EC       		.byte	0xec
 990 06d7 8D060000 		.4byte	0x68d
 991 06db 70       		.byte	0x70
 992 06dc 07       		.uleb128 0x7
 993 06dd 2A020000 		.4byte	.LASF116
 994 06e1 0D       		.byte	0xd
 995 06e2 F0       		.byte	0xf0
 996 06e3 8D060000 		.4byte	0x68d
 997 06e7 8C       		.byte	0x8c
 998 06e8 07       		.uleb128 0x7
 999 06e9 79020000 		.4byte	.LASF117
 1000 06ed 0D       		.byte	0xd
 1001 06ee F4       		.byte	0xf4
 1002 06ef 8D060000 		.4byte	0x68d
 1003 06f3 A8       		.byte	0xa8
 1004 06f4 07       		.uleb128 0x7
 1005 06f5 5C000000 		.4byte	.LASF118
 1006 06f9 0D       		.byte	0xd
 1007 06fa F8       		.byte	0xf8
 1008 06fb 8D060000 		.4byte	0x68d
 1009 06ff C4       		.byte	0xc4
 1010 0700 07       		.uleb128 0x7
 1011 0701 AA040000 		.4byte	.LASF119
 1012 0705 0D       		.byte	0xd
 1013 0706 FC       		.byte	0xfc
 1014 0707 8D060000 		.4byte	0x68d
 1015 070b E0       		.byte	0xe0
 1016 070c 00       		.byte	0
 1017 070d 03       		.uleb128 0x3
 1018 070e DB050000 		.4byte	.LASF120
 1019 0712 0D       		.byte	0xd
 1020 0713 FE       		.byte	0xfe
 1021 0714 98060000 		.4byte	0x698
 1022 0718 17       		.uleb128 0x17
 1023 0719 0A020000 		.4byte	.LASF125
 1024 071d 01       		.byte	0x1
 1025 071e 46       		.byte	0x46
 1026 071f 00000000 		.4byte	.LFB258
ARM GAS  /tmp/ccMPBdw7.s 			page 19


 1027 0723 04000000 		.4byte	.LFE258-.LFB258
 1028 0727 01       		.uleb128 0x1
 1029 0728 9C       		.byte	0x9c
 1030 0729 37070000 		.4byte	0x737
 1031 072d 18       		.uleb128 0x18
 1032 072e 04000000 		.4byte	.LVL0
 1033 0732 75070000 		.4byte	0x775
 1034 0736 00       		.byte	0
 1035 0737 19       		.uleb128 0x19
 1036 0738 A2030000 		.4byte	.LASF126
 1037 073c 01       		.byte	0x1
 1038 073d 7B       		.byte	0x7b
 1039 073e 00000000 		.4byte	.LFB259
 1040 0742 02000000 		.4byte	.LFE259-.LFB259
 1041 0746 01       		.uleb128 0x1
 1042 0747 9C       		.byte	0x9c
 1043 0748 1A       		.uleb128 0x1a
 1044 0749 AA000000 		.4byte	.LASF121
 1045 074d 0E       		.byte	0xe
 1046 074e A706     		.2byte	0x6a7
 1047 0750 D1000000 		.4byte	0xd1
 1048 0754 1B       		.uleb128 0x1b
 1049 0755 636800   		.ascii	"ch\000"
 1050 0758 07       		.byte	0x7
 1051 0759 0902     		.2byte	0x209
 1052 075b E8030000 		.4byte	0x3e8
 1053 075f 1C       		.uleb128 0x1c
 1054 0760 ED050000 		.4byte	.LASF122
 1055 0764 01       		.byte	0x1
 1056 0765 19       		.byte	0x19
 1057 0766 70070000 		.4byte	0x770
 1058 076a 05       		.uleb128 0x5
 1059 076b 03       		.byte	0x3
 1060 076c 00000000 		.4byte	pal_default_config
 1061 0770 14       		.uleb128 0x14
 1062 0771 0D070000 		.4byte	0x70d
 1063 0775 1D       		.uleb128 0x1d
 1064 0776 58010000 		.4byte	.LASF127
 1065 077a 58010000 		.4byte	.LASF127
 1066 077e 0F       		.byte	0xf
 1067 077f CA05     		.2byte	0x5ca
 1068 0781 00       		.byte	0
 1069              		.section	.debug_abbrev,"",%progbits
 1070              	.Ldebug_abbrev0:
 1071 0000 01       		.uleb128 0x1
 1072 0001 11       		.uleb128 0x11
 1073 0002 01       		.byte	0x1
 1074 0003 25       		.uleb128 0x25
 1075 0004 0E       		.uleb128 0xe
 1076 0005 13       		.uleb128 0x13
 1077 0006 0B       		.uleb128 0xb
 1078 0007 03       		.uleb128 0x3
 1079 0008 0E       		.uleb128 0xe
 1080 0009 55       		.uleb128 0x55
 1081 000a 17       		.uleb128 0x17
 1082 000b 11       		.uleb128 0x11
 1083 000c 01       		.uleb128 0x1
ARM GAS  /tmp/ccMPBdw7.s 			page 20


 1084 000d 10       		.uleb128 0x10
 1085 000e 17       		.uleb128 0x17
 1086 000f 00       		.byte	0
 1087 0010 00       		.byte	0
 1088 0011 02       		.uleb128 0x2
 1089 0012 24       		.uleb128 0x24
 1090 0013 00       		.byte	0
 1091 0014 0B       		.uleb128 0xb
 1092 0015 0B       		.uleb128 0xb
 1093 0016 3E       		.uleb128 0x3e
 1094 0017 0B       		.uleb128 0xb
 1095 0018 03       		.uleb128 0x3
 1096 0019 08       		.uleb128 0x8
 1097 001a 00       		.byte	0
 1098 001b 00       		.byte	0
 1099 001c 03       		.uleb128 0x3
 1100 001d 16       		.uleb128 0x16
 1101 001e 00       		.byte	0
 1102 001f 03       		.uleb128 0x3
 1103 0020 0E       		.uleb128 0xe
 1104 0021 3A       		.uleb128 0x3a
 1105 0022 0B       		.uleb128 0xb
 1106 0023 3B       		.uleb128 0x3b
 1107 0024 0B       		.uleb128 0xb
 1108 0025 49       		.uleb128 0x49
 1109 0026 13       		.uleb128 0x13
 1110 0027 00       		.byte	0
 1111 0028 00       		.byte	0
 1112 0029 04       		.uleb128 0x4
 1113 002a 24       		.uleb128 0x24
 1114 002b 00       		.byte	0
 1115 002c 0B       		.uleb128 0xb
 1116 002d 0B       		.uleb128 0xb
 1117 002e 3E       		.uleb128 0x3e
 1118 002f 0B       		.uleb128 0xb
 1119 0030 03       		.uleb128 0x3
 1120 0031 0E       		.uleb128 0xe
 1121 0032 00       		.byte	0
 1122 0033 00       		.byte	0
 1123 0034 05       		.uleb128 0x5
 1124 0035 35       		.uleb128 0x35
 1125 0036 00       		.byte	0
 1126 0037 49       		.uleb128 0x49
 1127 0038 13       		.uleb128 0x13
 1128 0039 00       		.byte	0
 1129 003a 00       		.byte	0
 1130 003b 06       		.uleb128 0x6
 1131 003c 13       		.uleb128 0x13
 1132 003d 01       		.byte	0x1
 1133 003e 03       		.uleb128 0x3
 1134 003f 0E       		.uleb128 0xe
 1135 0040 0B       		.uleb128 0xb
 1136 0041 0B       		.uleb128 0xb
 1137 0042 3A       		.uleb128 0x3a
 1138 0043 0B       		.uleb128 0xb
 1139 0044 3B       		.uleb128 0x3b
 1140 0045 0B       		.uleb128 0xb
ARM GAS  /tmp/ccMPBdw7.s 			page 21


 1141 0046 01       		.uleb128 0x1
 1142 0047 13       		.uleb128 0x13
 1143 0048 00       		.byte	0
 1144 0049 00       		.byte	0
 1145 004a 07       		.uleb128 0x7
 1146 004b 0D       		.uleb128 0xd
 1147 004c 00       		.byte	0
 1148 004d 03       		.uleb128 0x3
 1149 004e 0E       		.uleb128 0xe
 1150 004f 3A       		.uleb128 0x3a
 1151 0050 0B       		.uleb128 0xb
 1152 0051 3B       		.uleb128 0x3b
 1153 0052 0B       		.uleb128 0xb
 1154 0053 49       		.uleb128 0x49
 1155 0054 13       		.uleb128 0x13
 1156 0055 38       		.uleb128 0x38
 1157 0056 0B       		.uleb128 0xb
 1158 0057 00       		.byte	0
 1159 0058 00       		.byte	0
 1160 0059 08       		.uleb128 0x8
 1161 005a 0D       		.uleb128 0xd
 1162 005b 00       		.byte	0
 1163 005c 03       		.uleb128 0x3
 1164 005d 08       		.uleb128 0x8
 1165 005e 3A       		.uleb128 0x3a
 1166 005f 0B       		.uleb128 0xb
 1167 0060 3B       		.uleb128 0x3b
 1168 0061 05       		.uleb128 0x5
 1169 0062 49       		.uleb128 0x49
 1170 0063 13       		.uleb128 0x13
 1171 0064 38       		.uleb128 0x38
 1172 0065 0B       		.uleb128 0xb
 1173 0066 00       		.byte	0
 1174 0067 00       		.byte	0
 1175 0068 09       		.uleb128 0x9
 1176 0069 0D       		.uleb128 0xd
 1177 006a 00       		.byte	0
 1178 006b 03       		.uleb128 0x3
 1179 006c 0E       		.uleb128 0xe
 1180 006d 3A       		.uleb128 0x3a
 1181 006e 0B       		.uleb128 0xb
 1182 006f 3B       		.uleb128 0x3b
 1183 0070 05       		.uleb128 0x5
 1184 0071 49       		.uleb128 0x49
 1185 0072 13       		.uleb128 0x13
 1186 0073 38       		.uleb128 0x38
 1187 0074 0B       		.uleb128 0xb
 1188 0075 00       		.byte	0
 1189 0076 00       		.byte	0
 1190 0077 0A       		.uleb128 0xa
 1191 0078 0F       		.uleb128 0xf
 1192 0079 00       		.byte	0
 1193 007a 0B       		.uleb128 0xb
 1194 007b 0B       		.uleb128 0xb
 1195 007c 49       		.uleb128 0x49
 1196 007d 13       		.uleb128 0x13
 1197 007e 00       		.byte	0
ARM GAS  /tmp/ccMPBdw7.s 			page 22


 1198 007f 00       		.byte	0
 1199 0080 0B       		.uleb128 0xb
 1200 0081 13       		.uleb128 0x13
 1201 0082 01       		.byte	0x1
 1202 0083 03       		.uleb128 0x3
 1203 0084 0E       		.uleb128 0xe
 1204 0085 0B       		.uleb128 0xb
 1205 0086 0B       		.uleb128 0xb
 1206 0087 3A       		.uleb128 0x3a
 1207 0088 0B       		.uleb128 0xb
 1208 0089 3B       		.uleb128 0x3b
 1209 008a 05       		.uleb128 0x5
 1210 008b 01       		.uleb128 0x1
 1211 008c 13       		.uleb128 0x13
 1212 008d 00       		.byte	0
 1213 008e 00       		.byte	0
 1214 008f 0C       		.uleb128 0xc
 1215 0090 15       		.uleb128 0x15
 1216 0091 01       		.byte	0x1
 1217 0092 27       		.uleb128 0x27
 1218 0093 19       		.uleb128 0x19
 1219 0094 01       		.uleb128 0x1
 1220 0095 13       		.uleb128 0x13
 1221 0096 00       		.byte	0
 1222 0097 00       		.byte	0
 1223 0098 0D       		.uleb128 0xd
 1224 0099 05       		.uleb128 0x5
 1225 009a 00       		.byte	0
 1226 009b 49       		.uleb128 0x49
 1227 009c 13       		.uleb128 0x13
 1228 009d 00       		.byte	0
 1229 009e 00       		.byte	0
 1230 009f 0E       		.uleb128 0xe
 1231 00a0 0F       		.uleb128 0xf
 1232 00a1 00       		.byte	0
 1233 00a2 0B       		.uleb128 0xb
 1234 00a3 0B       		.uleb128 0xb
 1235 00a4 00       		.byte	0
 1236 00a5 00       		.byte	0
 1237 00a6 0F       		.uleb128 0xf
 1238 00a7 13       		.uleb128 0x13
 1239 00a8 01       		.byte	0x1
 1240 00a9 03       		.uleb128 0x3
 1241 00aa 0E       		.uleb128 0xe
 1242 00ab 0B       		.uleb128 0xb
 1243 00ac 05       		.uleb128 0x5
 1244 00ad 3A       		.uleb128 0x3a
 1245 00ae 0B       		.uleb128 0xb
 1246 00af 3B       		.uleb128 0x3b
 1247 00b0 05       		.uleb128 0x5
 1248 00b1 01       		.uleb128 0x1
 1249 00b2 13       		.uleb128 0x13
 1250 00b3 00       		.byte	0
 1251 00b4 00       		.byte	0
 1252 00b5 10       		.uleb128 0x10
 1253 00b6 0D       		.uleb128 0xd
 1254 00b7 00       		.byte	0
ARM GAS  /tmp/ccMPBdw7.s 			page 23


 1255 00b8 03       		.uleb128 0x3
 1256 00b9 08       		.uleb128 0x8
 1257 00ba 3A       		.uleb128 0x3a
 1258 00bb 0B       		.uleb128 0xb
 1259 00bc 3B       		.uleb128 0x3b
 1260 00bd 0B       		.uleb128 0xb
 1261 00be 49       		.uleb128 0x49
 1262 00bf 13       		.uleb128 0x13
 1263 00c0 38       		.uleb128 0x38
 1264 00c1 0B       		.uleb128 0xb
 1265 00c2 00       		.byte	0
 1266 00c3 00       		.byte	0
 1267 00c4 11       		.uleb128 0x11
 1268 00c5 13       		.uleb128 0x13
 1269 00c6 01       		.byte	0x1
 1270 00c7 0B       		.uleb128 0xb
 1271 00c8 0B       		.uleb128 0xb
 1272 00c9 3A       		.uleb128 0x3a
 1273 00ca 0B       		.uleb128 0xb
 1274 00cb 3B       		.uleb128 0x3b
 1275 00cc 0B       		.uleb128 0xb
 1276 00cd 01       		.uleb128 0x1
 1277 00ce 13       		.uleb128 0x13
 1278 00cf 00       		.byte	0
 1279 00d0 00       		.byte	0
 1280 00d1 12       		.uleb128 0x12
 1281 00d2 17       		.uleb128 0x17
 1282 00d3 01       		.byte	0x1
 1283 00d4 0B       		.uleb128 0xb
 1284 00d5 0B       		.uleb128 0xb
 1285 00d6 3A       		.uleb128 0x3a
 1286 00d7 0B       		.uleb128 0xb
 1287 00d8 3B       		.uleb128 0x3b
 1288 00d9 0B       		.uleb128 0xb
 1289 00da 01       		.uleb128 0x1
 1290 00db 13       		.uleb128 0x13
 1291 00dc 00       		.byte	0
 1292 00dd 00       		.byte	0
 1293 00de 13       		.uleb128 0x13
 1294 00df 0D       		.uleb128 0xd
 1295 00e0 00       		.byte	0
 1296 00e1 03       		.uleb128 0x3
 1297 00e2 0E       		.uleb128 0xe
 1298 00e3 3A       		.uleb128 0x3a
 1299 00e4 0B       		.uleb128 0xb
 1300 00e5 3B       		.uleb128 0x3b
 1301 00e6 05       		.uleb128 0x5
 1302 00e7 49       		.uleb128 0x49
 1303 00e8 13       		.uleb128 0x13
 1304 00e9 00       		.byte	0
 1305 00ea 00       		.byte	0
 1306 00eb 14       		.uleb128 0x14
 1307 00ec 26       		.uleb128 0x26
 1308 00ed 00       		.byte	0
 1309 00ee 49       		.uleb128 0x49
 1310 00ef 13       		.uleb128 0x13
 1311 00f0 00       		.byte	0
ARM GAS  /tmp/ccMPBdw7.s 			page 24


 1312 00f1 00       		.byte	0
 1313 00f2 15       		.uleb128 0x15
 1314 00f3 01       		.uleb128 0x1
 1315 00f4 01       		.byte	0x1
 1316 00f5 49       		.uleb128 0x49
 1317 00f6 13       		.uleb128 0x13
 1318 00f7 01       		.uleb128 0x1
 1319 00f8 13       		.uleb128 0x13
 1320 00f9 00       		.byte	0
 1321 00fa 00       		.byte	0
 1322 00fb 16       		.uleb128 0x16
 1323 00fc 21       		.uleb128 0x21
 1324 00fd 00       		.byte	0
 1325 00fe 49       		.uleb128 0x49
 1326 00ff 13       		.uleb128 0x13
 1327 0100 2F       		.uleb128 0x2f
 1328 0101 0B       		.uleb128 0xb
 1329 0102 00       		.byte	0
 1330 0103 00       		.byte	0
 1331 0104 17       		.uleb128 0x17
 1332 0105 2E       		.uleb128 0x2e
 1333 0106 01       		.byte	0x1
 1334 0107 3F       		.uleb128 0x3f
 1335 0108 19       		.uleb128 0x19
 1336 0109 03       		.uleb128 0x3
 1337 010a 0E       		.uleb128 0xe
 1338 010b 3A       		.uleb128 0x3a
 1339 010c 0B       		.uleb128 0xb
 1340 010d 3B       		.uleb128 0x3b
 1341 010e 0B       		.uleb128 0xb
 1342 010f 27       		.uleb128 0x27
 1343 0110 19       		.uleb128 0x19
 1344 0111 11       		.uleb128 0x11
 1345 0112 01       		.uleb128 0x1
 1346 0113 12       		.uleb128 0x12
 1347 0114 06       		.uleb128 0x6
 1348 0115 40       		.uleb128 0x40
 1349 0116 18       		.uleb128 0x18
 1350 0117 9742     		.uleb128 0x2117
 1351 0119 19       		.uleb128 0x19
 1352 011a 01       		.uleb128 0x1
 1353 011b 13       		.uleb128 0x13
 1354 011c 00       		.byte	0
 1355 011d 00       		.byte	0
 1356 011e 18       		.uleb128 0x18
 1357 011f 898201   		.uleb128 0x4109
 1358 0122 00       		.byte	0
 1359 0123 11       		.uleb128 0x11
 1360 0124 01       		.uleb128 0x1
 1361 0125 9542     		.uleb128 0x2115
 1362 0127 19       		.uleb128 0x19
 1363 0128 31       		.uleb128 0x31
 1364 0129 13       		.uleb128 0x13
 1365 012a 00       		.byte	0
 1366 012b 00       		.byte	0
 1367 012c 19       		.uleb128 0x19
 1368 012d 2E       		.uleb128 0x2e
ARM GAS  /tmp/ccMPBdw7.s 			page 25


 1369 012e 00       		.byte	0
 1370 012f 3F       		.uleb128 0x3f
 1371 0130 19       		.uleb128 0x19
 1372 0131 03       		.uleb128 0x3
 1373 0132 0E       		.uleb128 0xe
 1374 0133 3A       		.uleb128 0x3a
 1375 0134 0B       		.uleb128 0xb
 1376 0135 3B       		.uleb128 0x3b
 1377 0136 0B       		.uleb128 0xb
 1378 0137 27       		.uleb128 0x27
 1379 0138 19       		.uleb128 0x19
 1380 0139 11       		.uleb128 0x11
 1381 013a 01       		.uleb128 0x1
 1382 013b 12       		.uleb128 0x12
 1383 013c 06       		.uleb128 0x6
 1384 013d 40       		.uleb128 0x40
 1385 013e 18       		.uleb128 0x18
 1386 013f 9742     		.uleb128 0x2117
 1387 0141 19       		.uleb128 0x19
 1388 0142 00       		.byte	0
 1389 0143 00       		.byte	0
 1390 0144 1A       		.uleb128 0x1a
 1391 0145 34       		.uleb128 0x34
 1392 0146 00       		.byte	0
 1393 0147 03       		.uleb128 0x3
 1394 0148 0E       		.uleb128 0xe
 1395 0149 3A       		.uleb128 0x3a
 1396 014a 0B       		.uleb128 0xb
 1397 014b 3B       		.uleb128 0x3b
 1398 014c 05       		.uleb128 0x5
 1399 014d 49       		.uleb128 0x49
 1400 014e 13       		.uleb128 0x13
 1401 014f 3F       		.uleb128 0x3f
 1402 0150 19       		.uleb128 0x19
 1403 0151 3C       		.uleb128 0x3c
 1404 0152 19       		.uleb128 0x19
 1405 0153 00       		.byte	0
 1406 0154 00       		.byte	0
 1407 0155 1B       		.uleb128 0x1b
 1408 0156 34       		.uleb128 0x34
 1409 0157 00       		.byte	0
 1410 0158 03       		.uleb128 0x3
 1411 0159 08       		.uleb128 0x8
 1412 015a 3A       		.uleb128 0x3a
 1413 015b 0B       		.uleb128 0xb
 1414 015c 3B       		.uleb128 0x3b
 1415 015d 05       		.uleb128 0x5
 1416 015e 49       		.uleb128 0x49
 1417 015f 13       		.uleb128 0x13
 1418 0160 3F       		.uleb128 0x3f
 1419 0161 19       		.uleb128 0x19
 1420 0162 3C       		.uleb128 0x3c
 1421 0163 19       		.uleb128 0x19
 1422 0164 00       		.byte	0
 1423 0165 00       		.byte	0
 1424 0166 1C       		.uleb128 0x1c
 1425 0167 34       		.uleb128 0x34
ARM GAS  /tmp/ccMPBdw7.s 			page 26


 1426 0168 00       		.byte	0
 1427 0169 03       		.uleb128 0x3
 1428 016a 0E       		.uleb128 0xe
 1429 016b 3A       		.uleb128 0x3a
 1430 016c 0B       		.uleb128 0xb
 1431 016d 3B       		.uleb128 0x3b
 1432 016e 0B       		.uleb128 0xb
 1433 016f 49       		.uleb128 0x49
 1434 0170 13       		.uleb128 0x13
 1435 0171 3F       		.uleb128 0x3f
 1436 0172 19       		.uleb128 0x19
 1437 0173 02       		.uleb128 0x2
 1438 0174 18       		.uleb128 0x18
 1439 0175 00       		.byte	0
 1440 0176 00       		.byte	0
 1441 0177 1D       		.uleb128 0x1d
 1442 0178 2E       		.uleb128 0x2e
 1443 0179 00       		.byte	0
 1444 017a 3F       		.uleb128 0x3f
 1445 017b 19       		.uleb128 0x19
 1446 017c 3C       		.uleb128 0x3c
 1447 017d 19       		.uleb128 0x19
 1448 017e 6E       		.uleb128 0x6e
 1449 017f 0E       		.uleb128 0xe
 1450 0180 03       		.uleb128 0x3
 1451 0181 0E       		.uleb128 0xe
 1452 0182 3A       		.uleb128 0x3a
 1453 0183 0B       		.uleb128 0xb
 1454 0184 3B       		.uleb128 0x3b
 1455 0185 05       		.uleb128 0x5
 1456 0186 00       		.byte	0
 1457 0187 00       		.byte	0
 1458 0188 00       		.byte	0
 1459              		.section	.debug_aranges,"",%progbits
 1460 0000 24000000 		.4byte	0x24
 1461 0004 0200     		.2byte	0x2
 1462 0006 00000000 		.4byte	.Ldebug_info0
 1463 000a 04       		.byte	0x4
 1464 000b 00       		.byte	0
 1465 000c 0000     		.2byte	0
 1466 000e 0000     		.2byte	0
 1467 0010 00000000 		.4byte	.LFB258
 1468 0014 04000000 		.4byte	.LFE258-.LFB258
 1469 0018 00000000 		.4byte	.LFB259
 1470 001c 02000000 		.4byte	.LFE259-.LFB259
 1471 0020 00000000 		.4byte	0
 1472 0024 00000000 		.4byte	0
 1473              		.section	.debug_ranges,"",%progbits
 1474              	.Ldebug_ranges0:
 1475 0000 00000000 		.4byte	.LFB258
 1476 0004 04000000 		.4byte	.LFE258
 1477 0008 00000000 		.4byte	.LFB259
 1478 000c 02000000 		.4byte	.LFE259
 1479 0010 00000000 		.4byte	0
 1480 0014 00000000 		.4byte	0
 1481              		.section	.debug_line,"",%progbits
 1482              	.Ldebug_line0:
ARM GAS  /tmp/ccMPBdw7.s 			page 27


 1483 0000 E3020000 		.section	.debug_str,"MS",%progbits,1
 1483      0200BC02 
 1483      00000201 
 1483      FB0E0D00 
 1483      01010101 
 1484              	.LASF110:
 1485 0000 73746D33 		.ascii	"stm32_gpio_setup_t\000"
 1485      325F6770 
 1485      696F5F73 
 1485      65747570 
 1485      5F7400
 1486              	.LASF52:
 1487 0013 72656164 		.ascii	"ready_list_t\000"
 1487      795F6C69 
 1487      73745F74 
 1487      00
 1488              	.LASF4:
 1489 0020 73697A65 		.ascii	"size_t\000"
 1489      5F7400
 1490              	.LASF87:
 1491 0027 7264796D 		.ascii	"rdymsg\000"
 1491      736700
 1492              	.LASF18:
 1493 002e 75696E74 		.ascii	"uint64_t\000"
 1493      36345F74 
 1493      00
 1494              	.LASF5:
 1495 0037 5F5F7569 		.ascii	"__uint8_t\000"
 1495      6E74385F 
 1495      7400
 1496              	.LASF84:
 1497 0041 706F7274 		.ascii	"port_intctx\000"
 1497      5F696E74 
 1497      63747800 
 1498              	.LASF71:
 1499 004d 73797374 		.ascii	"system_debug_t\000"
 1499      656D5F64 
 1499      65627567 
 1499      5F7400
 1500              	.LASF118:
 1501 005c 50484461 		.ascii	"PHData\000"
 1501      746100
 1502              	.LASF14:
 1503 0063 6C6F6E67 		.ascii	"long long unsigned int\000"
 1503      206C6F6E 
 1503      6720756E 
 1503      7369676E 
 1503      65642069 
 1504              	.LASF107:
 1505 007a 70757064 		.ascii	"pupdr\000"
 1505      7200
 1506              	.LASF88:
 1507 0080 65786974 		.ascii	"exitcode\000"
 1507      636F6465 
 1507      00
 1508              	.LASF78:
 1509 0089 6D61696E 		.ascii	"mainthread\000"
ARM GAS  /tmp/ccMPBdw7.s 			page 28


 1509      74687265 
 1509      616400
 1510              	.LASF68:
 1511 0094 76697274 		.ascii	"virtual_timers_list_t\000"
 1511      75616C5F 
 1511      74696D65 
 1511      72735F6C 
 1511      6973745F 
 1512              	.LASF121:
 1513 00aa 49544D5F 		.ascii	"ITM_RxBuffer\000"
 1513      52784275 
 1513      66666572 
 1513      00
 1514              	.LASF51:
 1515 00b7 63685F74 		.ascii	"ch_threads_queue\000"
 1515      68726561 
 1515      64735F71 
 1515      75657565 
 1515      00
 1516              	.LASF31:
 1517 00c8 705F7072 		.ascii	"p_prio\000"
 1517      696F00
 1518              	.LASF1:
 1519 00cf 6C6F6E67 		.ascii	"long long int\000"
 1519      206C6F6E 
 1519      6720696E 
 1519      7400
 1520              	.LASF3:
 1521 00dd 7369676E 		.ascii	"signed char\000"
 1521      65642063 
 1521      68617200 
 1522              	.LASF45:
 1523 00e9 705F6D70 		.ascii	"p_mpool\000"
 1523      6F6F6C00 
 1524              	.LASF98:
 1525 00f1 6D5F7175 		.ascii	"m_queue\000"
 1525      65756500 
 1526              	.LASF104:
 1527 00f9 6D6F6465 		.ascii	"moder\000"
 1527      7200
 1528              	.LASF90:
 1529 00ff 77747472 		.ascii	"wttrp\000"
 1529      7000
 1530              	.LASF75:
 1531 0105 63685F73 		.ascii	"ch_system\000"
 1531      79737465 
 1531      6D00
 1532              	.LASF10:
 1533 010f 6C6F6E67 		.ascii	"long int\000"
 1533      20696E74 
 1533      00
 1534              	.LASF115:
 1535 0118 50454461 		.ascii	"PEData\000"
 1535      746100
 1536              	.LASF21:
 1537 011f 74737461 		.ascii	"tstate_t\000"
 1537      74655F74 
ARM GAS  /tmp/ccMPBdw7.s 			page 29


 1537      00
 1538              	.LASF33:
 1539 0128 705F6E65 		.ascii	"p_newer\000"
 1539      77657200 
 1540              	.LASF95:
 1541 0130 735F7175 		.ascii	"s_queue\000"
 1541      65756500 
 1542              	.LASF57:
 1543 0138 725F6E65 		.ascii	"r_newer\000"
 1543      77657200 
 1544              	.LASF81:
 1545 0140 72656761 		.ascii	"regarm_t\000"
 1545      726D5F74 
 1545      00
 1546              	.LASF64:
 1547 0149 76745F70 		.ascii	"vt_prev\000"
 1547      72657600 
 1548              	.LASF77:
 1549 0151 76746C69 		.ascii	"vtlist\000"
 1549      737400
 1550              	.LASF127:
 1551 0158 73746D33 		.ascii	"stm32_clock_init\000"
 1551      325F636C 
 1551      6F636B5F 
 1551      696E6974 
 1551      00
 1552              	.LASF102:
 1553 0169 6D757465 		.ascii	"mutex_t\000"
 1553      785F7400 
 1554              	.LASF112:
 1555 0171 50424461 		.ascii	"PBData\000"
 1555      746100
 1556              	.LASF79:
 1557 0178 69646C65 		.ascii	"idle_thread_wa\000"
 1557      5F746872 
 1557      6561645F 
 1557      776100
 1558              	.LASF26:
 1559 0187 636E745F 		.ascii	"cnt_t\000"
 1559      7400
 1560              	.LASF0:
 1561 018d 756E7369 		.ascii	"unsigned int\000"
 1561      676E6564 
 1561      20696E74 
 1561      00
 1562              	.LASF63:
 1563 019a 76745F6E 		.ascii	"vt_next\000"
 1563      65787400 
 1564              	.LASF91:
 1565 01a2 77747365 		.ascii	"wtsemp\000"
 1565      6D7000
 1566              	.LASF124:
 1567 01a9 2F686F6D 		.ascii	"/home/selim/working/ChibiOS/os/hal/boards/ST_STM32F"
 1567      652F7365 
 1567      6C696D2F 
 1567      776F726B 
 1567      696E672F 
ARM GAS  /tmp/ccMPBdw7.s 			page 30


 1568 01dc 345F4449 		.ascii	"4_DISCOVERY/board.c\000"
 1568      53434F56 
 1568      4552592F 
 1568      626F6172 
 1568      642E6300 
 1569              	.LASF40:
 1570 01f0 705F6D73 		.ascii	"p_msgqueue\000"
 1570      67717565 
 1570      756500
 1571              	.LASF106:
 1572 01fb 6F737065 		.ascii	"ospeedr\000"
 1572      65647200 
 1573              	.LASF105:
 1574 0203 6F747970 		.ascii	"otyper\000"
 1574      657200
 1575              	.LASF125:
 1576 020a 5F5F6561 		.ascii	"__early_init\000"
 1576      726C795F 
 1576      696E6974 
 1576      00
 1577              	.LASF8:
 1578 0217 73686F72 		.ascii	"short unsigned int\000"
 1578      7420756E 
 1578      7369676E 
 1578      65642069 
 1578      6E7400
 1579              	.LASF116:
 1580 022a 50464461 		.ascii	"PFData\000"
 1580      746100
 1581              	.LASF48:
 1582 0231 63685F74 		.ascii	"ch_thread\000"
 1582      68726561 
 1582      6400
 1583              	.LASF24:
 1584 023b 6D73675F 		.ascii	"msg_t\000"
 1584      7400
 1585              	.LASF74:
 1586 0241 63685F73 		.ascii	"ch_system_t\000"
 1586      79737465 
 1586      6D5F7400 
 1587              	.LASF20:
 1588 024d 746D6F64 		.ascii	"tmode_t\000"
 1588      655F7400 
 1589              	.LASF53:
 1590 0255 63685F72 		.ascii	"ch_ready_list\000"
 1590      65616479 
 1590      5F6C6973 
 1590      7400
 1591              	.LASF25:
 1592 0263 6576656E 		.ascii	"eventmask_t\000"
 1592      746D6173 
 1592      6B5F7400 
 1593              	.LASF9:
 1594 026f 5F5F696E 		.ascii	"__int32_t\000"
 1594      7433325F 
 1594      7400
 1595              	.LASF117:
ARM GAS  /tmp/ccMPBdw7.s 			page 31


 1596 0279 50474461 		.ascii	"PGData\000"
 1596      746100
 1597              	.LASF82:
 1598 0280 73746B61 		.ascii	"stkalign_t\000"
 1598      6C69676E 
 1598      5F7400
 1599              	.LASF39:
 1600 028b 705F7761 		.ascii	"p_waiting\000"
 1600      6974696E 
 1600      6700
 1601              	.LASF80:
 1602 0295 73697A65 		.ascii	"sizetype\000"
 1602      74797065 
 1602      00
 1603              	.LASF46:
 1604 029e 74687265 		.ascii	"thread_reference_t\000"
 1604      61645F72 
 1604      65666572 
 1604      656E6365 
 1604      5F7400
 1605              	.LASF69:
 1606 02b1 63685F76 		.ascii	"ch_virtual_timers_list\000"
 1606      69727475 
 1606      616C5F74 
 1606      696D6572 
 1606      735F6C69 
 1607              	.LASF2:
 1608 02c8 6C6F6E67 		.ascii	"long double\000"
 1608      20646F75 
 1608      626C6500 
 1609              	.LASF70:
 1610 02d4 76745F6C 		.ascii	"vt_lasttime\000"
 1610      61737474 
 1610      696D6500 
 1611              	.LASF34:
 1612 02e0 705F6F6C 		.ascii	"p_older\000"
 1612      64657200 
 1613              	.LASF56:
 1614 02e8 725F6374 		.ascii	"r_ctx\000"
 1614      7800
 1615              	.LASF86:
 1616 02ee 746D5F63 		.ascii	"tm_calibration_t\000"
 1616      616C6962 
 1616      72617469 
 1616      6F6E5F74 
 1616      00
 1617              	.LASF109:
 1618 02ff 61667268 		.ascii	"afrh\000"
 1618      00
 1619              	.LASF114:
 1620 0304 50444461 		.ascii	"PDData\000"
 1620      746100
 1621              	.LASF59:
 1622 030b 725F6375 		.ascii	"r_current\000"
 1622      7272656E 
 1622      7400
 1623              	.LASF58:
ARM GAS  /tmp/ccMPBdw7.s 			page 32


 1624 0315 725F6F6C 		.ascii	"r_older\000"
 1624      64657200 
 1625              	.LASF13:
 1626 031d 5F5F7569 		.ascii	"__uint64_t\000"
 1626      6E743634 
 1626      5F7400
 1627              	.LASF22:
 1628 0328 74726566 		.ascii	"trefs_t\000"
 1628      735F7400 
 1629              	.LASF61:
 1630 0330 76697274 		.ascii	"virtual_timer_t\000"
 1630      75616C5F 
 1630      74696D65 
 1630      725F7400 
 1631              	.LASF30:
 1632 0340 705F7072 		.ascii	"p_prev\000"
 1632      657600
 1633              	.LASF23:
 1634 0347 74707269 		.ascii	"tprio_t\000"
 1634      6F5F7400 
 1635              	.LASF72:
 1636 034f 63685F73 		.ascii	"ch_system_debug\000"
 1636      79737465 
 1636      6D5F6465 
 1636      62756700 
 1637              	.LASF103:
 1638 035f 5F426F6F 		.ascii	"_Bool\000"
 1638      6C00
 1639              	.LASF16:
 1640 0365 696E7433 		.ascii	"int32_t\000"
 1640      325F7400 
 1641              	.LASF6:
 1642 036d 756E7369 		.ascii	"unsigned char\000"
 1642      676E6564 
 1642      20636861 
 1642      7200
 1643              	.LASF108:
 1644 037b 6166726C 		.ascii	"afrl\000"
 1644      00
 1645              	.LASF96:
 1646 0380 735F636E 		.ascii	"s_cnt\000"
 1646      7400
 1647              	.LASF43:
 1648 0386 705F6D74 		.ascii	"p_mtxlist\000"
 1648      786C6973 
 1648      7400
 1649              	.LASF7:
 1650 0390 73686F72 		.ascii	"short int\000"
 1650      7420696E 
 1650      7400
 1651              	.LASF36:
 1652 039a 705F7374 		.ascii	"p_state\000"
 1652      61746500 
 1653              	.LASF126:
 1654 03a2 626F6172 		.ascii	"boardInit\000"
 1654      64496E69 
 1654      7400
ARM GAS  /tmp/ccMPBdw7.s 			page 33


 1655              	.LASF55:
 1656 03ac 725F7072 		.ascii	"r_prio\000"
 1656      696F00
 1657              	.LASF123:
 1658 03b3 474E5520 		.ascii	"GNU C11 5.3.1 20160307 (release) [ARM/embedded-5-br"
 1658      43313120 
 1658      352E332E 
 1658      31203230 
 1658      31363033 
 1659 03e6 616E6368 		.ascii	"anch revision 234589] -mcpu=cortex-m4 -mno-thumb-in"
 1659      20726576 
 1659      6973696F 
 1659      6E203233 
 1659      34353839 
 1660 0419 74657277 		.ascii	"terwork -mthumb -ggdb -O2 -fomit-frame-pointer -fal"
 1660      6F726B20 
 1660      2D6D7468 
 1660      756D6220 
 1660      2D676764 
 1661 044c 69676E2D 		.ascii	"ign-functions=16 -ffunction-sections -fdata-section"
 1661      66756E63 
 1661      74696F6E 
 1661      733D3136 
 1661      202D6666 
 1662 047f 73202D66 		.ascii	"s -fno-common\000"
 1662      6E6F2D63 
 1662      6F6D6D6F 
 1662      6E00
 1663              	.LASF111:
 1664 048d 50414461 		.ascii	"PAData\000"
 1664      746100
 1665              	.LASF93:
 1666 0494 65776D61 		.ascii	"ewmask\000"
 1666      736B00
 1667              	.LASF29:
 1668 049b 705F6E65 		.ascii	"p_next\000"
 1668      787400
 1669              	.LASF37:
 1670 04a2 705F666C 		.ascii	"p_flags\000"
 1670      61677300 
 1671              	.LASF119:
 1672 04aa 50494461 		.ascii	"PIData\000"
 1672      746100
 1673              	.LASF62:
 1674 04b1 63685F76 		.ascii	"ch_virtual_timer\000"
 1674      69727475 
 1674      616C5F74 
 1674      696D6572 
 1674      00
 1675              	.LASF94:
 1676 04c2 63685F73 		.ascii	"ch_semaphore\000"
 1676      656D6170 
 1676      686F7265 
 1676      00
 1677              	.LASF42:
 1678 04cf 705F6570 		.ascii	"p_epending\000"
 1678      656E6469 
ARM GAS  /tmp/ccMPBdw7.s 			page 34


 1678      6E6700
 1679              	.LASF17:
 1680 04da 75696E74 		.ascii	"uint32_t\000"
 1680      33325F74 
 1680      00
 1681              	.LASF92:
 1682 04e3 77746D74 		.ascii	"wtmtxp\000"
 1682      787000
 1683              	.LASF54:
 1684 04ea 725F7175 		.ascii	"r_queue\000"
 1684      65756500 
 1685              	.LASF65:
 1686 04f2 76745F64 		.ascii	"vt_delta\000"
 1686      656C7461 
 1686      00
 1687              	.LASF49:
 1688 04fb 63685F74 		.ascii	"ch_threads_list\000"
 1688      68726561 
 1688      64735F6C 
 1688      69737400 
 1689              	.LASF12:
 1690 050b 6C6F6E67 		.ascii	"long unsigned int\000"
 1690      20756E73 
 1690      69676E65 
 1690      6420696E 
 1690      7400
 1691              	.LASF101:
 1692 051d 63686172 		.ascii	"char\000"
 1692      00
 1693              	.LASF28:
 1694 0522 74687265 		.ascii	"thread_t\000"
 1694      61645F74 
 1694      00
 1695              	.LASF100:
 1696 052b 6D5F6E65 		.ascii	"m_next\000"
 1696      787400
 1697              	.LASF27:
 1698 0532 73797374 		.ascii	"systime_t\000"
 1698      696D655F 
 1698      7400
 1699              	.LASF44:
 1700 053c 705F7265 		.ascii	"p_realprio\000"
 1700      616C7072 
 1700      696F00
 1701              	.LASF60:
 1702 0547 76746675 		.ascii	"vtfunc_t\000"
 1702      6E635F74 
 1702      00
 1703              	.LASF11:
 1704 0550 5F5F7569 		.ascii	"__uint32_t\000"
 1704      6E743332 
 1704      5F7400
 1705              	.LASF73:
 1706 055b 70616E69 		.ascii	"panic_msg\000"
 1706      635F6D73 
 1706      6700
 1707              	.LASF85:
ARM GAS  /tmp/ccMPBdw7.s 			page 35


 1708 0565 6F666673 		.ascii	"offset\000"
 1708      657400
 1709              	.LASF83:
 1710 056c 636F6E74 		.ascii	"context\000"
 1710      65787400 
 1711              	.LASF19:
 1712 0574 7274636E 		.ascii	"rtcnt_t\000"
 1712      745F7400 
 1713              	.LASF67:
 1714 057c 76745F70 		.ascii	"vt_par\000"
 1714      617200
 1715              	.LASF50:
 1716 0583 74687265 		.ascii	"threads_queue_t\000"
 1716      6164735F 
 1716      71756575 
 1716      655F7400 
 1717              	.LASF97:
 1718 0593 63685F6D 		.ascii	"ch_mutex\000"
 1718      75746578 
 1718      00
 1719              	.LASF38:
 1720 059c 705F7265 		.ascii	"p_refs\000"
 1720      667300
 1721              	.LASF76:
 1722 05a3 726C6973 		.ascii	"rlist\000"
 1722      7400
 1723              	.LASF15:
 1724 05a9 75696E74 		.ascii	"uint8_t\000"
 1724      385F7400 
 1725              	.LASF89:
 1726 05b1 77746F62 		.ascii	"wtobjp\000"
 1726      6A7000
 1727              	.LASF35:
 1728 05b8 705F6E61 		.ascii	"p_name\000"
 1728      6D6500
 1729              	.LASF113:
 1730 05bf 50434461 		.ascii	"PCData\000"
 1730      746100
 1731              	.LASF47:
 1732 05c6 74687265 		.ascii	"threads_list_t\000"
 1732      6164735F 
 1732      6C697374 
 1732      5F7400
 1733              	.LASF41:
 1734 05d5 705F6D73 		.ascii	"p_msg\000"
 1734      6700
 1735              	.LASF120:
 1736 05db 50414C43 		.ascii	"PALConfig\000"
 1736      6F6E6669 
 1736      6700
 1737              	.LASF99:
 1738 05e5 6D5F6F77 		.ascii	"m_owner\000"
 1738      6E657200 
 1739              	.LASF122:
 1740 05ed 70616C5F 		.ascii	"pal_default_config\000"
 1740      64656661 
 1740      756C745F 
ARM GAS  /tmp/ccMPBdw7.s 			page 36


 1740      636F6E66 
 1740      696700
 1741              	.LASF32:
 1742 0600 705F6374 		.ascii	"p_ctx\000"
 1742      7800
 1743              	.LASF66:
 1744 0606 76745F66 		.ascii	"vt_func\000"
 1744      756E6300 
 1745              		.ident	"GCC: (GNU Tools for ARM Embedded Processors) 5.3.1 20160307 (release) [ARM/embedded-5-bran
ARM GAS  /tmp/ccMPBdw7.s 			page 37


DEFINED SYMBOLS
                            *ABS*:0000000000000000 board.c
     /tmp/ccMPBdw7.s:20     .text.__early_init:0000000000000000 $t
     /tmp/ccMPBdw7.s:26     .text.__early_init:0000000000000000 __early_init
     /tmp/ccMPBdw7.s:41     .text.boardInit:0000000000000000 $t
     /tmp/ccMPBdw7.s:47     .text.boardInit:0000000000000000 boardInit
     /tmp/ccMPBdw7.s:63     .rodata.pal_default_config:0000000000000000 pal_default_config
     /tmp/ccMPBdw7.s:60     .rodata.pal_default_config:0000000000000000 $d
                     .debug_frame:0000000000000010 $d

UNDEFINED SYMBOLS
stm32_clock_init
