ARM GAS  /tmp/cc7s1TWH.s 			page 1


   1              		.syntax unified
   2              		.cpu cortex-m4
   3              		.fpu softvfp
   4              		.eabi_attribute 20, 1
   5              		.eabi_attribute 21, 1
   6              		.eabi_attribute 23, 3
   7              		.eabi_attribute 24, 1
   8              		.eabi_attribute 25, 1
   9              		.eabi_attribute 26, 1
  10              		.eabi_attribute 30, 2
  11              		.eabi_attribute 34, 1
  12              		.eabi_attribute 18, 4
  13              		.thumb
  14              		.syntax unified
  15              		.file	"pal.c"
  16              		.text
  17              	.Ltext0:
  18              		.cfi_sections	.debug_frame
  19              		.section	.text.palReadBus,"ax",%progbits
  20              		.align	2
  21              		.p2align 4,,15
  22              		.global	palReadBus
  23              		.thumb
  24              		.thumb_func
  25              		.type	palReadBus, %function
  26              	palReadBus:
  27              	.LFB258:
  28              		.file 1 "/home/selim/working/ChibiOS/os/hal/src/pal.c"
  29              		.loc 1 65 0
  30              		.cfi_startproc
  31              		@ args = 0, pretend = 0, frame = 0
  32              		@ frame_needed = 0, uses_anonymous_args = 0
  33              		@ link register save eliminated.
  34              	.LVL0:
  35              		.loc 1 69 0
  36 0000 0368     		ldr	r3, [r0]
  37 0002 8268     		ldr	r2, [r0, #8]
  38 0004 1B69     		ldr	r3, [r3, #16]
  39 0006 4068     		ldr	r0, [r0, #4]
  40              	.LVL1:
  41 0008 D340     		lsrs	r3, r3, r2
  42              		.loc 1 70 0
  43 000a 1840     		ands	r0, r0, r3
  44 000c 7047     		bx	lr
  45              		.cfi_endproc
  46              	.LFE258:
  47              		.size	palReadBus, .-palReadBus
  48 000e 00BF     		.section	.text.palWriteBus,"ax",%progbits
  49              		.align	2
  50              		.p2align 4,,15
  51              		.global	palWriteBus
  52              		.thumb
  53              		.thumb_func
  54              		.type	palWriteBus, %function
  55              	palWriteBus:
  56              	.LFB259:
  57              		.loc 1 90 0
ARM GAS  /tmp/cc7s1TWH.s 			page 2


  58              		.cfi_startproc
  59              		@ args = 0, pretend = 0, frame = 0
  60              		@ frame_needed = 0, uses_anonymous_args = 0
  61              		@ link register save eliminated.
  62              	.LVL2:
  63 0000 10B4     		push	{r4}
  64              		.cfi_def_cfa_offset 4
  65              		.cfi_offset 4, -4
  66              		.loc 1 94 0
  67 0002 19C8     		ldmia	r0, {r0, r3, r4}
  68              	.LVL3:
  69 0004 23EA0102 		bic	r2, r3, r1
  70 0008 1940     		ands	r1, r1, r3
  71              	.LVL4:
  72 000a 04F11003 		add	r3, r4, #16
  73 000e A140     		lsls	r1, r1, r4
  74 0010 02FA03F3 		lsl	r3, r2, r3
  75 0014 0B43     		orrs	r3, r3, r1
  76 0016 8361     		str	r3, [r0, #24]
  77              		.loc 1 95 0
  78 0018 10BC     		pop	{r4}
  79              		.cfi_restore 4
  80              		.cfi_def_cfa_offset 0
  81 001a 7047     		bx	lr
  82              		.cfi_endproc
  83              	.LFE259:
  84              		.size	palWriteBus, .-palWriteBus
  85              		.section	.text.palSetBusMode,"ax",%progbits
  86              		.align	2
  87              		.p2align 4,,15
  88              		.global	palSetBusMode
  89              		.thumb
  90              		.thumb_func
  91              		.type	palSetBusMode, %function
  92              	palSetBusMode:
  93              	.LFB260:
  94              		.loc 1 113 0
  95              		.cfi_startproc
  96              		@ args = 0, pretend = 0, frame = 0
  97              		@ frame_needed = 0, uses_anonymous_args = 0
  98              		@ link register save eliminated.
  99              	.LVL5:
 100              		.loc 1 117 0
 101 0000 0A46     		mov	r2, r1
 102 0002 0BC8     		ldmia	r0, {r0, r1, r3}
 103              	.LVL6:
 104 0004 9940     		lsls	r1, r1, r3
 105 0006 FFF7FEBF 		b	_pal_lld_setgroupmode
 106              	.LVL7:
 107              		.cfi_endproc
 108              	.LFE260:
 109              		.size	palSetBusMode, .-palSetBusMode
 110 000a 00BF     		.text
 111              	.Letext0:
 112              		.file 2 "/usr/arm-none-eabi/include/machine/_default_types.h"
 113              		.file 3 "/usr/arm-none-eabi/include/sys/_stdint.h"
 114              		.file 4 "/usr/arm-none-eabi/include/stdint.h"
ARM GAS  /tmp/cc7s1TWH.s 			page 3


 115              		.file 5 "/home/selim/working/ChibiOS/os/rt/ports/ARMCMx/compilers/GCC/chtypes.h"
 116              		.file 6 "/home/selim/working/ChibiOS/os/rt/include/chsystypes.h"
 117              		.file 7 "/home/selim/working/ChibiOS/os/rt/include/chschd.h"
 118              		.file 8 "/home/selim/working/ChibiOS/os/rt/ports/ARMCMx/chcore.h"
 119              		.file 9 "/home/selim/working/ChibiOS/os/rt/ports/ARMCMx/chcore_v7m.h"
 120              		.file 10 "/home/selim/working/ChibiOS/os/rt/include/chtm.h"
 121              		.file 11 "/home/selim/working/ChibiOS/os/rt/include/chsem.h"
 122              		.file 12 "/home/selim/working/ChibiOS/os/rt/include/chmtx.h"
 123              		.file 13 "/home/selim/working/ChibiOS/os/hal/ports/STM32/LLD/GPIOv2/pal_lld.h"
 124              		.file 14 "/home/selim/working/ChibiOS/os/hal/include/pal.h"
 125              		.file 15 "/home/selim/working/ChibiOS/os/ext/CMSIS/include/core_cm4.h"
 126              		.section	.debug_info,"",%progbits
 127              	.Ldebug_info0:
 128 0000 A8080000 		.4byte	0x8a8
 129 0004 0400     		.2byte	0x4
 130 0006 00000000 		.4byte	.Ldebug_abbrev0
 131 000a 04       		.byte	0x4
 132 000b 01       		.uleb128 0x1
 133 000c 3F030000 		.4byte	.LASF128
 134 0010 0C       		.byte	0xc
 135 0011 6C050000 		.4byte	.LASF129
 136 0015 00000000 		.4byte	.Ldebug_ranges0+0
 137 0019 00000000 		.4byte	0
 138 001d 00000000 		.4byte	.Ldebug_line0
 139 0021 02       		.uleb128 0x2
 140 0022 04       		.byte	0x4
 141 0023 05       		.byte	0x5
 142 0024 696E7400 		.ascii	"int\000"
 143 0028 03       		.uleb128 0x3
 144 0029 04       		.byte	0x4
 145 002a 07       		.byte	0x7
 146 002b 7B010000 		.4byte	.LASF0
 147 002f 03       		.uleb128 0x3
 148 0030 08       		.byte	0x8
 149 0031 05       		.byte	0x5
 150 0032 CE000000 		.4byte	.LASF1
 151 0036 03       		.uleb128 0x3
 152 0037 08       		.byte	0x8
 153 0038 04       		.byte	0x4
 154 0039 61020000 		.4byte	.LASF2
 155 003d 03       		.uleb128 0x3
 156 003e 01       		.byte	0x1
 157 003f 06       		.byte	0x6
 158 0040 DC000000 		.4byte	.LASF3
 159 0044 04       		.uleb128 0x4
 160 0045 23000000 		.4byte	.LASF6
 161 0049 02       		.byte	0x2
 162 004a 1D       		.byte	0x1d
 163 004b 4F000000 		.4byte	0x4f
 164 004f 03       		.uleb128 0x3
 165 0050 01       		.byte	0x1
 166 0051 08       		.byte	0x8
 167 0052 0E030000 		.4byte	.LASF4
 168 0056 03       		.uleb128 0x3
 169 0057 02       		.byte	0x2
 170 0058 05       		.byte	0x5
 171 0059 26030000 		.4byte	.LASF5
ARM GAS  /tmp/cc7s1TWH.s 			page 4


 172 005d 04       		.uleb128 0x4
 173 005e DF040000 		.4byte	.LASF7
 174 0062 02       		.byte	0x2
 175 0063 2B       		.byte	0x2b
 176 0064 68000000 		.4byte	0x68
 177 0068 03       		.uleb128 0x3
 178 0069 02       		.byte	0x2
 179 006a 07       		.byte	0x7
 180 006b AD010000 		.4byte	.LASF8
 181 006f 04       		.uleb128 0x4
 182 0070 FE010000 		.4byte	.LASF9
 183 0074 02       		.byte	0x2
 184 0075 3F       		.byte	0x3f
 185 0076 7A000000 		.4byte	0x7a
 186 007a 03       		.uleb128 0x3
 187 007b 04       		.byte	0x4
 188 007c 05       		.byte	0x5
 189 007d 09010000 		.4byte	.LASF10
 190 0081 04       		.uleb128 0x4
 191 0082 18050000 		.4byte	.LASF11
 192 0086 02       		.byte	0x2
 193 0087 41       		.byte	0x41
 194 0088 8C000000 		.4byte	0x8c
 195 008c 03       		.uleb128 0x3
 196 008d 04       		.byte	0x4
 197 008e 07       		.byte	0x7
 198 008f B8040000 		.4byte	.LASF12
 199 0093 04       		.uleb128 0x4
 200 0094 13020000 		.4byte	.LASF13
 201 0098 02       		.byte	0x2
 202 0099 5B       		.byte	0x5b
 203 009a 9E000000 		.4byte	0x9e
 204 009e 03       		.uleb128 0x3
 205 009f 08       		.byte	0x8
 206 00a0 07       		.byte	0x7
 207 00a1 62000000 		.4byte	.LASF14
 208 00a5 04       		.uleb128 0x4
 209 00a6 CB050000 		.4byte	.LASF15
 210 00aa 03       		.byte	0x3
 211 00ab 14       		.byte	0x14
 212 00ac 44000000 		.4byte	0x44
 213 00b0 04       		.uleb128 0x4
 214 00b1 1B010000 		.4byte	.LASF16
 215 00b5 03       		.byte	0x3
 216 00b6 1A       		.byte	0x1a
 217 00b7 5D000000 		.4byte	0x5d
 218 00bb 04       		.uleb128 0x4
 219 00bc 06030000 		.4byte	.LASF17
 220 00c0 03       		.byte	0x3
 221 00c1 1F       		.byte	0x1f
 222 00c2 6F000000 		.4byte	0x6f
 223 00c6 04       		.uleb128 0x4
 224 00c7 87040000 		.4byte	.LASF18
 225 00cb 03       		.byte	0x3
 226 00cc 20       		.byte	0x20
 227 00cd 81000000 		.4byte	0x81
 228 00d1 04       		.uleb128 0x4
ARM GAS  /tmp/cc7s1TWH.s 			page 5


 229 00d2 1A000000 		.4byte	.LASF19
 230 00d6 03       		.byte	0x3
 231 00d7 26       		.byte	0x26
 232 00d8 93000000 		.4byte	0x93
 233 00dc 04       		.uleb128 0x4
 234 00dd 27040000 		.4byte	.LASF20
 235 00e1 04       		.byte	0x4
 236 00e2 34       		.byte	0x34
 237 00e3 28000000 		.4byte	0x28
 238 00e7 05       		.uleb128 0x5
 239 00e8 BB000000 		.4byte	0xbb
 240 00ec 05       		.uleb128 0x5
 241 00ed C6000000 		.4byte	0xc6
 242 00f1 04       		.uleb128 0x4
 243 00f2 5D050000 		.4byte	.LASF21
 244 00f6 05       		.byte	0x5
 245 00f7 46       		.byte	0x46
 246 00f8 C6000000 		.4byte	0xc6
 247 00fc 04       		.uleb128 0x4
 248 00fd DC010000 		.4byte	.LASF22
 249 0101 05       		.byte	0x5
 250 0102 49       		.byte	0x49
 251 0103 A5000000 		.4byte	0xa5
 252 0107 04       		.uleb128 0x4
 253 0108 12010000 		.4byte	.LASF23
 254 010c 05       		.byte	0x5
 255 010d 4A       		.byte	0x4a
 256 010e A5000000 		.4byte	0xa5
 257 0112 04       		.uleb128 0x4
 258 0113 C9020000 		.4byte	.LASF24
 259 0117 05       		.byte	0x5
 260 0118 4B       		.byte	0x4b
 261 0119 A5000000 		.4byte	0xa5
 262 011d 04       		.uleb128 0x4
 263 011e E8020000 		.4byte	.LASF25
 264 0122 05       		.byte	0x5
 265 0123 4D       		.byte	0x4d
 266 0124 C6000000 		.4byte	0xc6
 267 0128 04       		.uleb128 0x4
 268 0129 CA010000 		.4byte	.LASF26
 269 012d 05       		.byte	0x5
 270 012e 4E       		.byte	0x4e
 271 012f BB000000 		.4byte	0xbb
 272 0133 04       		.uleb128 0x4
 273 0134 F2010000 		.4byte	.LASF27
 274 0138 05       		.byte	0x5
 275 0139 50       		.byte	0x50
 276 013a C6000000 		.4byte	0xc6
 277 013e 04       		.uleb128 0x4
 278 013f 75010000 		.4byte	.LASF28
 279 0143 05       		.byte	0x5
 280 0144 52       		.byte	0x52
 281 0145 BB000000 		.4byte	0xbb
 282 0149 04       		.uleb128 0x4
 283 014a FA040000 		.4byte	.LASF29
 284 014e 06       		.byte	0x6
 285 014f 33       		.byte	0x33
ARM GAS  /tmp/cc7s1TWH.s 			page 6


 286 0150 C6000000 		.4byte	0xc6
 287 0154 04       		.uleb128 0x4
 288 0155 EA040000 		.4byte	.LASF30
 289 0159 06       		.byte	0x6
 290 015a 3F       		.byte	0x3f
 291 015b 5F010000 		.4byte	0x15f
 292 015f 06       		.uleb128 0x6
 293 0160 C0010000 		.4byte	.LASF50
 294 0164 44       		.byte	0x44
 295 0165 07       		.byte	0x7
 296 0166 C2       		.byte	0xc2
 297 0167 4C020000 		.4byte	0x24c
 298 016b 07       		.uleb128 0x7
 299 016c 20040000 		.4byte	.LASF31
 300 0170 07       		.byte	0x7
 301 0171 C3       		.byte	0xc3
 302 0172 57020000 		.4byte	0x257
 303 0176 00       		.byte	0
 304 0177 07       		.uleb128 0x7
 305 0178 E1020000 		.4byte	.LASF32
 306 017c 07       		.byte	0x7
 307 017d C5       		.byte	0xc5
 308 017e 57020000 		.4byte	0x257
 309 0182 04       		.byte	0x4
 310 0183 07       		.uleb128 0x7
 311 0184 C7000000 		.4byte	.LASF33
 312 0188 07       		.byte	0x7
 313 0189 C7       		.byte	0xc7
 314 018a 1D010000 		.4byte	0x11d
 315 018e 08       		.byte	0x8
 316 018f 07       		.uleb128 0x7
 317 0190 07060000 		.4byte	.LASF34
 318 0194 07       		.byte	0x7
 319 0195 C8       		.byte	0xc8
 320 0196 87040000 		.4byte	0x487
 321 019a 0C       		.byte	0xc
 322 019b 07       		.uleb128 0x7
 323 019c 24010000 		.4byte	.LASF35
 324 01a0 07       		.byte	0x7
 325 01a1 CA       		.byte	0xca
 326 01a2 57020000 		.4byte	0x257
 327 01a6 10       		.byte	0x10
 328 01a7 07       		.uleb128 0x7
 329 01a8 79020000 		.4byte	.LASF36
 330 01ac 07       		.byte	0x7
 331 01ad CB       		.byte	0xcb
 332 01ae 57020000 		.4byte	0x257
 333 01b2 14       		.byte	0x14
 334 01b3 07       		.uleb128 0x7
 335 01b4 DA050000 		.4byte	.LASF37
 336 01b8 07       		.byte	0x7
 337 01b9 D2       		.byte	0xd2
 338 01ba 06060000 		.4byte	0x606
 339 01be 18       		.byte	0x18
 340 01bf 07       		.uleb128 0x7
 341 01c0 30030000 		.4byte	.LASF38
 342 01c4 07       		.byte	0x7
ARM GAS  /tmp/cc7s1TWH.s 			page 7


 343 01c5 DD       		.byte	0xdd
 344 01c6 07010000 		.4byte	0x107
 345 01ca 1C       		.byte	0x1c
 346 01cb 07       		.uleb128 0x7
 347 01cc 34040000 		.4byte	.LASF39
 348 01d0 07       		.byte	0x7
 349 01d1 E1       		.byte	0xe1
 350 01d2 FC000000 		.4byte	0xfc
 351 01d6 1D       		.byte	0x1d
 352 01d7 07       		.uleb128 0x7
 353 01d8 BE050000 		.4byte	.LASF40
 354 01dc 07       		.byte	0x7
 355 01dd E6       		.byte	0xe6
 356 01de 12010000 		.4byte	0x112
 357 01e2 1E       		.byte	0x1e
 358 01e3 08       		.uleb128 0x8
 359 01e4 705F7500 		.ascii	"p_u\000"
 360 01e8 07       		.byte	0x7
 361 01e9 3101     		.2byte	0x131
 362 01eb 41050000 		.4byte	0x541
 363 01ef 20       		.byte	0x20
 364 01f0 09       		.uleb128 0x9
 365 01f1 1E020000 		.4byte	.LASF41
 366 01f5 07       		.byte	0x7
 367 01f6 3601     		.2byte	0x136
 368 01f8 5D020000 		.4byte	0x25d
 369 01fc 24       		.byte	0x24
 370 01fd 09       		.uleb128 0x9
 371 01fe 97010000 		.4byte	.LASF42
 372 0202 07       		.byte	0x7
 373 0203 3C01     		.2byte	0x13c
 374 0205 81020000 		.4byte	0x281
 375 0209 28       		.byte	0x28
 376 020a 09       		.uleb128 0x9
 377 020b F0050000 		.4byte	.LASF43
 378 020f 07       		.byte	0x7
 379 0210 4001     		.2byte	0x140
 380 0212 28010000 		.4byte	0x128
 381 0216 30       		.byte	0x30
 382 0217 09       		.uleb128 0x9
 383 0218 7C040000 		.4byte	.LASF44
 384 021c 07       		.byte	0x7
 385 021d 4601     		.2byte	0x146
 386 021f 33010000 		.4byte	0x133
 387 0223 34       		.byte	0x34
 388 0224 09       		.uleb128 0x9
 389 0225 1C030000 		.4byte	.LASF45
 390 0229 07       		.byte	0x7
 391 022a 4D01     		.2byte	0x14d
 392 022c 00060000 		.4byte	0x600
 393 0230 38       		.byte	0x38
 394 0231 09       		.uleb128 0x9
 395 0232 04050000 		.4byte	.LASF46
 396 0236 07       		.byte	0x7
 397 0237 5101     		.2byte	0x151
 398 0239 1D010000 		.4byte	0x11d
 399 023d 3C       		.byte	0x3c
ARM GAS  /tmp/cc7s1TWH.s 			page 8


 400 023e 09       		.uleb128 0x9
 401 023f ED000000 		.4byte	.LASF47
 402 0243 07       		.byte	0x7
 403 0244 5801     		.2byte	0x158
 404 0246 34030000 		.4byte	0x334
 405 024a 40       		.byte	0x40
 406 024b 00       		.byte	0
 407 024c 04       		.uleb128 0x4
 408 024d 31020000 		.4byte	.LASF48
 409 0251 06       		.byte	0x6
 410 0252 44       		.byte	0x44
 411 0253 57020000 		.4byte	0x257
 412 0257 0A       		.uleb128 0xa
 413 0258 04       		.byte	0x4
 414 0259 54010000 		.4byte	0x154
 415 025d 04       		.uleb128 0x4
 416 025e E1050000 		.4byte	.LASF49
 417 0262 06       		.byte	0x6
 418 0263 49       		.byte	0x49
 419 0264 68020000 		.4byte	0x268
 420 0268 06       		.uleb128 0x6
 421 0269 A8040000 		.4byte	.LASF51
 422 026d 04       		.byte	0x4
 423 026e 07       		.byte	0x7
 424 026f B0       		.byte	0xb0
 425 0270 81020000 		.4byte	0x281
 426 0274 07       		.uleb128 0x7
 427 0275 20040000 		.4byte	.LASF31
 428 0279 07       		.byte	0x7
 429 027a B1       		.byte	0xb1
 430 027b 57020000 		.4byte	0x257
 431 027f 00       		.byte	0
 432 0280 00       		.byte	0
 433 0281 04       		.uleb128 0x4
 434 0282 A5050000 		.4byte	.LASF52
 435 0286 06       		.byte	0x6
 436 0287 50       		.byte	0x50
 437 0288 8C020000 		.4byte	0x28c
 438 028c 06       		.uleb128 0x6
 439 028d B6000000 		.4byte	.LASF53
 440 0291 08       		.byte	0x8
 441 0292 07       		.byte	0x7
 442 0293 B7       		.byte	0xb7
 443 0294 B1020000 		.4byte	0x2b1
 444 0298 07       		.uleb128 0x7
 445 0299 20040000 		.4byte	.LASF31
 446 029d 07       		.byte	0x7
 447 029e B8       		.byte	0xb8
 448 029f 57020000 		.4byte	0x257
 449 02a3 00       		.byte	0
 450 02a4 07       		.uleb128 0x7
 451 02a5 E1020000 		.4byte	.LASF32
 452 02a9 07       		.byte	0x7
 453 02aa B9       		.byte	0xb9
 454 02ab 57020000 		.4byte	0x257
 455 02af 04       		.byte	0x4
 456 02b0 00       		.byte	0
ARM GAS  /tmp/cc7s1TWH.s 			page 9


 457 02b1 04       		.uleb128 0x4
 458 02b2 00000000 		.4byte	.LASF54
 459 02b6 06       		.byte	0x6
 460 02b7 57       		.byte	0x57
 461 02b8 BC020000 		.4byte	0x2bc
 462 02bc 0B       		.uleb128 0xb
 463 02bd E4010000 		.4byte	.LASF55
 464 02c1 1C       		.byte	0x1c
 465 02c2 07       		.byte	0x7
 466 02c3 9001     		.2byte	0x190
 467 02c5 18030000 		.4byte	0x318
 468 02c9 09       		.uleb128 0x9
 469 02ca 97040000 		.4byte	.LASF56
 470 02ce 07       		.byte	0x7
 471 02cf 9101     		.2byte	0x191
 472 02d1 81020000 		.4byte	0x281
 473 02d5 00       		.byte	0
 474 02d6 09       		.uleb128 0x9
 475 02d7 38030000 		.4byte	.LASF57
 476 02db 07       		.byte	0x7
 477 02dc 9201     		.2byte	0x192
 478 02de 1D010000 		.4byte	0x11d
 479 02e2 08       		.byte	0x8
 480 02e3 09       		.uleb128 0x9
 481 02e4 81020000 		.4byte	.LASF58
 482 02e8 07       		.byte	0x7
 483 02e9 9401     		.2byte	0x194
 484 02eb 87040000 		.4byte	0x487
 485 02ef 0C       		.byte	0xc
 486 02f0 09       		.uleb128 0x9
 487 02f1 3C010000 		.4byte	.LASF59
 488 02f5 07       		.byte	0x7
 489 02f6 9701     		.2byte	0x197
 490 02f8 57020000 		.4byte	0x257
 491 02fc 10       		.byte	0x10
 492 02fd 09       		.uleb128 0x9
 493 02fe A2020000 		.4byte	.LASF60
 494 0302 07       		.byte	0x7
 495 0303 9801     		.2byte	0x198
 496 0305 57020000 		.4byte	0x257
 497 0309 14       		.byte	0x14
 498 030a 09       		.uleb128 0x9
 499 030b 98020000 		.4byte	.LASF61
 500 030f 07       		.byte	0x7
 501 0310 9B01     		.2byte	0x19b
 502 0312 57020000 		.4byte	0x257
 503 0316 18       		.byte	0x18
 504 0317 00       		.byte	0
 505 0318 04       		.uleb128 0x4
 506 0319 0F050000 		.4byte	.LASF62
 507 031d 06       		.byte	0x6
 508 031e 5C       		.byte	0x5c
 509 031f 23030000 		.4byte	0x323
 510 0323 0A       		.uleb128 0xa
 511 0324 04       		.byte	0x4
 512 0325 29030000 		.4byte	0x329
 513 0329 0C       		.uleb128 0xc
ARM GAS  /tmp/cc7s1TWH.s 			page 10


 514 032a 34030000 		.4byte	0x334
 515 032e 0D       		.uleb128 0xd
 516 032f 34030000 		.4byte	0x334
 517 0333 00       		.byte	0
 518 0334 0E       		.uleb128 0xe
 519 0335 04       		.byte	0x4
 520 0336 04       		.uleb128 0x4
 521 0337 D1020000 		.4byte	.LASF63
 522 033b 06       		.byte	0x6
 523 033c 61       		.byte	0x61
 524 033d 41030000 		.4byte	0x341
 525 0341 0B       		.uleb128 0xb
 526 0342 5E040000 		.4byte	.LASF64
 527 0346 14       		.byte	0x14
 528 0347 07       		.byte	0x7
 529 0348 6B01     		.2byte	0x16b
 530 034a 90030000 		.4byte	0x390
 531 034e 09       		.uleb128 0x9
 532 034f 88010000 		.4byte	.LASF65
 533 0353 07       		.byte	0x7
 534 0354 6C01     		.2byte	0x16c
 535 0356 18060000 		.4byte	0x618
 536 035a 00       		.byte	0
 537 035b 09       		.uleb128 0x9
 538 035c 52010000 		.4byte	.LASF66
 539 0360 07       		.byte	0x7
 540 0361 6D01     		.2byte	0x16d
 541 0363 18060000 		.4byte	0x618
 542 0367 04       		.byte	0x4
 543 0368 09       		.uleb128 0x9
 544 0369 9F040000 		.4byte	.LASF67
 545 036d 07       		.byte	0x7
 546 036e 6E01     		.2byte	0x16e
 547 0370 49010000 		.4byte	0x149
 548 0374 08       		.byte	0x8
 549 0375 09       		.uleb128 0x9
 550 0376 0D060000 		.4byte	.LASF68
 551 037a 07       		.byte	0x7
 552 037b 6F01     		.2byte	0x16f
 553 037d 18030000 		.4byte	0x318
 554 0381 0C       		.byte	0xc
 555 0382 09       		.uleb128 0x9
 556 0383 65050000 		.4byte	.LASF69
 557 0387 07       		.byte	0x7
 558 0388 7101     		.2byte	0x171
 559 038a 34030000 		.4byte	0x334
 560 038e 10       		.byte	0x10
 561 038f 00       		.byte	0
 562 0390 04       		.uleb128 0x4
 563 0391 93000000 		.4byte	.LASF70
 564 0395 06       		.byte	0x6
 565 0396 66       		.byte	0x66
 566 0397 9B030000 		.4byte	0x39b
 567 039b 0B       		.uleb128 0xb
 568 039c 44020000 		.4byte	.LASF71
 569 03a0 10       		.byte	0x10
 570 03a1 07       		.byte	0x7
ARM GAS  /tmp/cc7s1TWH.s 			page 11


 571 03a2 7B01     		.2byte	0x17b
 572 03a4 DD030000 		.4byte	0x3dd
 573 03a8 09       		.uleb128 0x9
 574 03a9 88010000 		.4byte	.LASF65
 575 03ad 07       		.byte	0x7
 576 03ae 7C01     		.2byte	0x17c
 577 03b0 18060000 		.4byte	0x618
 578 03b4 00       		.byte	0
 579 03b5 09       		.uleb128 0x9
 580 03b6 52010000 		.4byte	.LASF66
 581 03ba 07       		.byte	0x7
 582 03bb 7E01     		.2byte	0x17e
 583 03bd 18060000 		.4byte	0x618
 584 03c1 04       		.byte	0x4
 585 03c2 09       		.uleb128 0x9
 586 03c3 9F040000 		.4byte	.LASF67
 587 03c7 07       		.byte	0x7
 588 03c8 8001     		.2byte	0x180
 589 03ca 49010000 		.4byte	0x149
 590 03ce 08       		.byte	0x8
 591 03cf 09       		.uleb128 0x9
 592 03d0 6D020000 		.4byte	.LASF72
 593 03d4 07       		.byte	0x7
 594 03d5 8801     		.2byte	0x188
 595 03d7 49010000 		.4byte	0x149
 596 03db 0C       		.byte	0xc
 597 03dc 00       		.byte	0
 598 03dd 04       		.uleb128 0x4
 599 03de 40000000 		.4byte	.LASF73
 600 03e2 06       		.byte	0x6
 601 03e3 6B       		.byte	0x6b
 602 03e4 E8030000 		.4byte	0x3e8
 603 03e8 0B       		.uleb128 0xb
 604 03e9 F0020000 		.4byte	.LASF74
 605 03ed 04       		.byte	0x4
 606 03ee 07       		.byte	0x7
 607 03ef A201     		.2byte	0x1a2
 608 03f1 03040000 		.4byte	0x403
 609 03f5 09       		.uleb128 0x9
 610 03f6 23050000 		.4byte	.LASF75
 611 03fa 07       		.byte	0x7
 612 03fb AA01     		.2byte	0x1aa
 613 03fd 1E060000 		.4byte	0x61e
 614 0401 00       		.byte	0
 615 0402 00       		.byte	0
 616 0403 04       		.uleb128 0x4
 617 0404 D0010000 		.4byte	.LASF76
 618 0408 06       		.byte	0x6
 619 0409 70       		.byte	0x70
 620 040a 0E040000 		.4byte	0x40e
 621 040e 0F       		.uleb128 0xf
 622 040f 54040000 		.4byte	.LASF77
 623 0413 5001     		.2byte	0x150
 624 0415 07       		.byte	0x7
 625 0416 C201     		.2byte	0x1c2
 626 0418 6A040000 		.4byte	0x46a
 627 041c 09       		.uleb128 0x9
ARM GAS  /tmp/cc7s1TWH.s 			page 12


 628 041d C5050000 		.4byte	.LASF78
 629 0421 07       		.byte	0x7
 630 0422 C601     		.2byte	0x1c6
 631 0424 B1020000 		.4byte	0x2b1
 632 0428 00       		.byte	0
 633 0429 09       		.uleb128 0x9
 634 042a FD000000 		.4byte	.LASF79
 635 042e 07       		.byte	0x7
 636 042f CA01     		.2byte	0x1ca
 637 0431 90030000 		.4byte	0x390
 638 0435 1C       		.byte	0x1c
 639 0436 08       		.uleb128 0x8
 640 0437 64626700 		.ascii	"dbg\000"
 641 043b 07       		.byte	0x7
 642 043c CE01     		.2byte	0x1ce
 643 043e DD030000 		.4byte	0x3dd
 644 0442 2C       		.byte	0x2c
 645 0443 09       		.uleb128 0x9
 646 0444 88000000 		.4byte	.LASF80
 647 0448 07       		.byte	0x7
 648 0449 D201     		.2byte	0x1d2
 649 044b 54010000 		.4byte	0x154
 650 044f 30       		.byte	0x30
 651 0450 08       		.uleb128 0x8
 652 0451 746D00   		.ascii	"tm\000"
 653 0454 07       		.byte	0x7
 654 0455 D701     		.2byte	0x1d7
 655 0457 36050000 		.4byte	0x536
 656 045b 74       		.byte	0x74
 657 045c 09       		.uleb128 0x9
 658 045d 45040000 		.4byte	.LASF81
 659 0461 07       		.byte	0x7
 660 0462 E301     		.2byte	0x1e3
 661 0464 23060000 		.4byte	0x623
 662 0468 78       		.byte	0x78
 663 0469 00       		.byte	0
 664 046a 03       		.uleb128 0x3
 665 046b 04       		.byte	0x4
 666 046c 07       		.byte	0x7
 667 046d 28020000 		.4byte	.LASF82
 668 0471 04       		.uleb128 0x4
 669 0472 49010000 		.4byte	.LASF83
 670 0476 08       		.byte	0x8
 671 0477 65       		.byte	0x65
 672 0478 34030000 		.4byte	0x334
 673 047c 04       		.uleb128 0x4
 674 047d 08020000 		.4byte	.LASF84
 675 0481 08       		.byte	0x8
 676 0482 6D       		.byte	0x6d
 677 0483 D1000000 		.4byte	0xd1
 678 0487 06       		.uleb128 0x6
 679 0488 3F050000 		.4byte	.LASF85
 680 048c 04       		.byte	0x4
 681 048d 08       		.byte	0x8
 682 048e 89       		.byte	0x89
 683 048f A0040000 		.4byte	0x4a0
 684 0493 10       		.uleb128 0x10
ARM GAS  /tmp/cc7s1TWH.s 			page 13


 685 0494 72313300 		.ascii	"r13\000"
 686 0498 08       		.byte	0x8
 687 0499 8A       		.byte	0x8a
 688 049a 1B050000 		.4byte	0x51b
 689 049e 00       		.byte	0
 690 049f 00       		.byte	0
 691 04a0 06       		.uleb128 0x6
 692 04a1 34000000 		.4byte	.LASF86
 693 04a5 24       		.byte	0x24
 694 04a6 09       		.byte	0x9
 695 04a7 F4       		.byte	0xf4
 696 04a8 1B050000 		.4byte	0x51b
 697 04ac 08       		.uleb128 0x8
 698 04ad 723400   		.ascii	"r4\000"
 699 04b0 09       		.byte	0x9
 700 04b1 0701     		.2byte	0x107
 701 04b3 71040000 		.4byte	0x471
 702 04b7 00       		.byte	0
 703 04b8 08       		.uleb128 0x8
 704 04b9 723500   		.ascii	"r5\000"
 705 04bc 09       		.byte	0x9
 706 04bd 0801     		.2byte	0x108
 707 04bf 71040000 		.4byte	0x471
 708 04c3 04       		.byte	0x4
 709 04c4 08       		.uleb128 0x8
 710 04c5 723600   		.ascii	"r6\000"
 711 04c8 09       		.byte	0x9
 712 04c9 0901     		.2byte	0x109
 713 04cb 71040000 		.4byte	0x471
 714 04cf 08       		.byte	0x8
 715 04d0 08       		.uleb128 0x8
 716 04d1 723700   		.ascii	"r7\000"
 717 04d4 09       		.byte	0x9
 718 04d5 0A01     		.2byte	0x10a
 719 04d7 71040000 		.4byte	0x471
 720 04db 0C       		.byte	0xc
 721 04dc 08       		.uleb128 0x8
 722 04dd 723800   		.ascii	"r8\000"
 723 04e0 09       		.byte	0x9
 724 04e1 0B01     		.2byte	0x10b
 725 04e3 71040000 		.4byte	0x471
 726 04e7 10       		.byte	0x10
 727 04e8 08       		.uleb128 0x8
 728 04e9 723900   		.ascii	"r9\000"
 729 04ec 09       		.byte	0x9
 730 04ed 0C01     		.2byte	0x10c
 731 04ef 71040000 		.4byte	0x471
 732 04f3 14       		.byte	0x14
 733 04f4 08       		.uleb128 0x8
 734 04f5 72313000 		.ascii	"r10\000"
 735 04f9 09       		.byte	0x9
 736 04fa 0D01     		.2byte	0x10d
 737 04fc 71040000 		.4byte	0x471
 738 0500 18       		.byte	0x18
 739 0501 08       		.uleb128 0x8
 740 0502 72313100 		.ascii	"r11\000"
 741 0506 09       		.byte	0x9
ARM GAS  /tmp/cc7s1TWH.s 			page 14


 742 0507 0E01     		.2byte	0x10e
 743 0509 71040000 		.4byte	0x471
 744 050d 1C       		.byte	0x1c
 745 050e 08       		.uleb128 0x8
 746 050f 6C7200   		.ascii	"lr\000"
 747 0512 09       		.byte	0x9
 748 0513 0F01     		.2byte	0x10f
 749 0515 71040000 		.4byte	0x471
 750 0519 20       		.byte	0x20
 751 051a 00       		.byte	0
 752 051b 0A       		.uleb128 0xa
 753 051c 04       		.byte	0x4
 754 051d A0040000 		.4byte	0x4a0
 755 0521 11       		.uleb128 0x11
 756 0522 04       		.byte	0x4
 757 0523 0A       		.byte	0xa
 758 0524 38       		.byte	0x38
 759 0525 36050000 		.4byte	0x536
 760 0529 07       		.uleb128 0x7
 761 052a 2D050000 		.4byte	.LASF87
 762 052e 0A       		.byte	0xa
 763 052f 3C       		.byte	0x3c
 764 0530 F1000000 		.4byte	0xf1
 765 0534 00       		.byte	0
 766 0535 00       		.byte	0
 767 0536 04       		.uleb128 0x4
 768 0537 87020000 		.4byte	.LASF88
 769 053b 0A       		.byte	0xa
 770 053c 3D       		.byte	0x3d
 771 053d 21050000 		.4byte	0x521
 772 0541 12       		.uleb128 0x12
 773 0542 04       		.byte	0x4
 774 0543 07       		.byte	0x7
 775 0544 FA       		.byte	0xfa
 776 0545 9E050000 		.4byte	0x59e
 777 0549 13       		.uleb128 0x13
 778 054a 13000000 		.4byte	.LASF89
 779 054e 07       		.byte	0x7
 780 054f 0101     		.2byte	0x101
 781 0551 28010000 		.4byte	0x128
 782 0555 13       		.uleb128 0x13
 783 0556 7F000000 		.4byte	.LASF90
 784 055a 07       		.byte	0x7
 785 055b 0801     		.2byte	0x108
 786 055d 28010000 		.4byte	0x128
 787 0561 13       		.uleb128 0x13
 788 0562 D3050000 		.4byte	.LASF91
 789 0566 07       		.byte	0x7
 790 0567 0F01     		.2byte	0x10f
 791 0569 34030000 		.4byte	0x334
 792 056d 13       		.uleb128 0x13
 793 056e 0D000000 		.4byte	.LASF92
 794 0572 07       		.byte	0x7
 795 0573 1601     		.2byte	0x116
 796 0575 9E050000 		.4byte	0x59e
 797 0579 13       		.uleb128 0x13
 798 057a 90010000 		.4byte	.LASF93
ARM GAS  /tmp/cc7s1TWH.s 			page 15


 799 057e 07       		.byte	0x7
 800 057f 1E01     		.2byte	0x11e
 801 0581 C9050000 		.4byte	0x5c9
 802 0585 13       		.uleb128 0x13
 803 0586 90040000 		.4byte	.LASF94
 804 058a 07       		.byte	0x7
 805 058b 2701     		.2byte	0x127
 806 058d 00060000 		.4byte	0x600
 807 0591 13       		.uleb128 0x13
 808 0592 19040000 		.4byte	.LASF95
 809 0596 07       		.byte	0x7
 810 0597 2F01     		.2byte	0x12f
 811 0599 33010000 		.4byte	0x133
 812 059d 00       		.byte	0
 813 059e 0A       		.uleb128 0xa
 814 059f 04       		.byte	0x4
 815 05a0 4C020000 		.4byte	0x24c
 816 05a4 06       		.uleb128 0x6
 817 05a5 6F040000 		.4byte	.LASF96
 818 05a9 0C       		.byte	0xc
 819 05aa 0B       		.byte	0xb
 820 05ab 34       		.byte	0x34
 821 05ac C9050000 		.4byte	0x5c9
 822 05b0 07       		.uleb128 0x7
 823 05b1 2C010000 		.4byte	.LASF97
 824 05b5 0B       		.byte	0xb
 825 05b6 35       		.byte	0x35
 826 05b7 81020000 		.4byte	0x281
 827 05bb 00       		.byte	0
 828 05bc 07       		.uleb128 0x7
 829 05bd A7010000 		.4byte	.LASF98
 830 05c1 0B       		.byte	0xb
 831 05c2 37       		.byte	0x37
 832 05c3 3E010000 		.4byte	0x13e
 833 05c7 08       		.byte	0x8
 834 05c8 00       		.byte	0
 835 05c9 0A       		.uleb128 0xa
 836 05ca 04       		.byte	0x4
 837 05cb A4050000 		.4byte	0x5a4
 838 05cf 06       		.uleb128 0x6
 839 05d0 B5050000 		.4byte	.LASF99
 840 05d4 10       		.byte	0x10
 841 05d5 0C       		.byte	0xc
 842 05d6 39       		.byte	0x39
 843 05d7 00060000 		.4byte	0x600
 844 05db 07       		.uleb128 0x7
 845 05dc F5000000 		.4byte	.LASF100
 846 05e0 0C       		.byte	0xc
 847 05e1 3A       		.byte	0x3a
 848 05e2 81020000 		.4byte	0x281
 849 05e6 00       		.byte	0
 850 05e7 07       		.uleb128 0x7
 851 05e8 FF050000 		.4byte	.LASF101
 852 05ec 0C       		.byte	0xc
 853 05ed 3C       		.byte	0x3c
 854 05ee 57020000 		.4byte	0x257
 855 05f2 08       		.byte	0x8
ARM GAS  /tmp/cc7s1TWH.s 			page 16


 856 05f3 07       		.uleb128 0x7
 857 05f4 F3040000 		.4byte	.LASF102
 858 05f8 0C       		.byte	0xc
 859 05f9 3E       		.byte	0x3e
 860 05fa 3E060000 		.4byte	0x63e
 861 05fe 0C       		.byte	0xc
 862 05ff 00       		.byte	0
 863 0600 0A       		.uleb128 0xa
 864 0601 04       		.byte	0x4
 865 0602 CF050000 		.4byte	0x5cf
 866 0606 0A       		.uleb128 0xa
 867 0607 04       		.byte	0x4
 868 0608 13060000 		.4byte	0x613
 869 060c 03       		.uleb128 0x3
 870 060d 01       		.byte	0x1
 871 060e 08       		.byte	0x8
 872 060f CA040000 		.4byte	.LASF103
 873 0613 14       		.uleb128 0x14
 874 0614 0C060000 		.4byte	0x60c
 875 0618 0A       		.uleb128 0xa
 876 0619 04       		.byte	0x4
 877 061a 36030000 		.4byte	0x336
 878 061e 05       		.uleb128 0x5
 879 061f 06060000 		.4byte	0x606
 880 0623 15       		.uleb128 0x15
 881 0624 7C040000 		.4byte	0x47c
 882 0628 33060000 		.4byte	0x633
 883 062c 16       		.uleb128 0x16
 884 062d 6A040000 		.4byte	0x46a
 885 0631 1A       		.byte	0x1a
 886 0632 00       		.byte	0
 887 0633 04       		.uleb128 0x4
 888 0634 67010000 		.4byte	.LASF104
 889 0638 0C       		.byte	0xc
 890 0639 34       		.byte	0x34
 891 063a CF050000 		.4byte	0x5cf
 892 063e 0A       		.uleb128 0xa
 893 063f 04       		.byte	0x4
 894 0640 33060000 		.4byte	0x633
 895 0644 03       		.uleb128 0x3
 896 0645 01       		.byte	0x1
 897 0646 02       		.byte	0x2
 898 0647 00030000 		.4byte	.LASF105
 899 064b 11       		.uleb128 0x11
 900 064c 04       		.byte	0x4
 901 064d 0D       		.byte	0xd
 902 064e B3       		.byte	0xb3
 903 064f 6C060000 		.4byte	0x66c
 904 0653 10       		.uleb128 0x10
 905 0654 73657400 		.ascii	"set\000"
 906 0658 0D       		.byte	0xd
 907 0659 B4       		.byte	0xb4
 908 065a B0000000 		.4byte	0xb0
 909 065e 00       		.byte	0
 910 065f 07       		.uleb128 0x7
 911 0660 5B020000 		.4byte	.LASF106
 912 0664 0D       		.byte	0xd
ARM GAS  /tmp/cc7s1TWH.s 			page 17


 913 0665 B5       		.byte	0xb5
 914 0666 B0000000 		.4byte	0xb0
 915 066a 02       		.byte	0x2
 916 066b 00       		.byte	0
 917 066c 12       		.uleb128 0x12
 918 066d 04       		.byte	0x4
 919 066e 0D       		.byte	0xd
 920 066f B1       		.byte	0xb1
 921 0670 87060000 		.4byte	0x687
 922 0674 17       		.uleb128 0x17
 923 0675 5700     		.ascii	"W\000"
 924 0677 0D       		.byte	0xd
 925 0678 B2       		.byte	0xb2
 926 0679 C6000000 		.4byte	0xc6
 927 067d 17       		.uleb128 0x17
 928 067e 4800     		.ascii	"H\000"
 929 0680 0D       		.byte	0xd
 930 0681 B6       		.byte	0xb6
 931 0682 4B060000 		.4byte	0x64b
 932 0686 00       		.byte	0
 933 0687 11       		.uleb128 0x11
 934 0688 2C       		.byte	0x2c
 935 0689 0D       		.byte	0xd
 936 068a A9       		.byte	0xa9
 937 068b 14070000 		.4byte	0x714
 938 068f 07       		.uleb128 0x7
 939 0690 5C000000 		.4byte	.LASF107
 940 0694 0D       		.byte	0xd
 941 0695 AB       		.byte	0xab
 942 0696 EC000000 		.4byte	0xec
 943 069a 00       		.byte	0
 944 069b 07       		.uleb128 0x7
 945 069c 2D000000 		.4byte	.LASF108
 946 06a0 0D       		.byte	0xd
 947 06a1 AC       		.byte	0xac
 948 06a2 EC000000 		.4byte	0xec
 949 06a6 04       		.byte	0x4
 950 06a7 07       		.uleb128 0x7
 951 06a8 34010000 		.4byte	.LASF109
 952 06ac 0D       		.byte	0xd
 953 06ad AD       		.byte	0xad
 954 06ae EC000000 		.4byte	0xec
 955 06b2 08       		.byte	0x8
 956 06b3 07       		.uleb128 0x7
 957 06b4 79000000 		.4byte	.LASF110
 958 06b8 0D       		.byte	0xd
 959 06b9 AE       		.byte	0xae
 960 06ba EC000000 		.4byte	0xec
 961 06be 0C       		.byte	0xc
 962 06bf 10       		.uleb128 0x10
 963 06c0 49445200 		.ascii	"IDR\000"
 964 06c4 0D       		.byte	0xd
 965 06c5 AF       		.byte	0xaf
 966 06c6 EC000000 		.4byte	0xec
 967 06ca 10       		.byte	0x10
 968 06cb 10       		.uleb128 0x10
 969 06cc 4F445200 		.ascii	"ODR\000"
ARM GAS  /tmp/cc7s1TWH.s 			page 18


 970 06d0 0D       		.byte	0xd
 971 06d1 B0       		.byte	0xb0
 972 06d2 EC000000 		.4byte	0xec
 973 06d6 14       		.byte	0x14
 974 06d7 07       		.uleb128 0x7
 975 06d8 E8000000 		.4byte	.LASF111
 976 06dc 0D       		.byte	0xd
 977 06dd B7       		.byte	0xb7
 978 06de 14070000 		.4byte	0x714
 979 06e2 18       		.byte	0x18
 980 06e3 07       		.uleb128 0x7
 981 06e4 A2010000 		.4byte	.LASF112
 982 06e8 0D       		.byte	0xd
 983 06e9 B8       		.byte	0xb8
 984 06ea EC000000 		.4byte	0xec
 985 06ee 1C       		.byte	0x1c
 986 06ef 07       		.uleb128 0x7
 987 06f0 C4020000 		.4byte	.LASF113
 988 06f4 0D       		.byte	0xd
 989 06f5 B9       		.byte	0xb9
 990 06f6 EC000000 		.4byte	0xec
 991 06fa 20       		.byte	0x20
 992 06fb 07       		.uleb128 0x7
 993 06fc B1020000 		.4byte	.LASF114
 994 0700 0D       		.byte	0xd
 995 0701 BA       		.byte	0xba
 996 0702 EC000000 		.4byte	0xec
 997 0706 24       		.byte	0x24
 998 0707 10       		.uleb128 0x10
 999 0708 42525200 		.ascii	"BRR\000"
 1000 070c 0D       		.byte	0xd
 1001 070d BB       		.byte	0xbb
 1002 070e EC000000 		.4byte	0xec
 1003 0712 28       		.byte	0x28
 1004 0713 00       		.byte	0
 1005 0714 05       		.uleb128 0x5
 1006 0715 6C060000 		.4byte	0x66c
 1007 0719 04       		.uleb128 0x4
 1008 071a 5A010000 		.4byte	.LASF115
 1009 071e 0D       		.byte	0xd
 1010 071f BC       		.byte	0xbc
 1011 0720 87060000 		.4byte	0x687
 1012 0724 18       		.uleb128 0x18
 1013 0725 4F000000 		.4byte	.LASF116
 1014 0729 0D       		.byte	0xd
 1015 072a 0E01     		.2byte	0x10e
 1016 072c C6000000 		.4byte	0xc6
 1017 0730 18       		.uleb128 0x18
 1018 0731 F6050000 		.4byte	.LASF117
 1019 0735 0D       		.byte	0xd
 1020 0736 1301     		.2byte	0x113
 1021 0738 C6000000 		.4byte	0xc6
 1022 073c 18       		.uleb128 0x18
 1023 073d 34050000 		.4byte	.LASF118
 1024 0741 0D       		.byte	0xd
 1025 0742 1B01     		.2byte	0x11b
 1026 0744 48070000 		.4byte	0x748
ARM GAS  /tmp/cc7s1TWH.s 			page 19


 1027 0748 0A       		.uleb128 0xa
 1028 0749 04       		.byte	0x4
 1029 074a 19070000 		.4byte	0x719
 1030 074e 11       		.uleb128 0x11
 1031 074f 0C       		.byte	0xc
 1032 0750 0E       		.byte	0xe
 1033 0751 7A       		.byte	0x7a
 1034 0752 7B070000 		.4byte	0x77b
 1035 0756 07       		.uleb128 0x7
 1036 0757 AA020000 		.4byte	.LASF119
 1037 075b 0E       		.byte	0xe
 1038 075c 7E       		.byte	0x7e
 1039 075d 3C070000 		.4byte	0x73c
 1040 0761 00       		.byte	0
 1041 0762 07       		.uleb128 0x7
 1042 0763 44010000 		.4byte	.LASF120
 1043 0767 0E       		.byte	0xe
 1044 0768 84       		.byte	0x84
 1045 0769 24070000 		.4byte	0x724
 1046 076d 04       		.byte	0x4
 1047 076e 07       		.uleb128 0x7
 1048 076f 2D050000 		.4byte	.LASF87
 1049 0773 0E       		.byte	0xe
 1050 0774 88       		.byte	0x88
 1051 0775 DC000000 		.4byte	0xdc
 1052 0779 08       		.byte	0x8
 1053 077a 00       		.byte	0
 1054 077b 04       		.uleb128 0x4
 1055 077c 6F010000 		.4byte	.LASF121
 1056 0780 0E       		.byte	0xe
 1057 0781 89       		.byte	0x89
 1058 0782 4E070000 		.4byte	0x74e
 1059 0786 19       		.uleb128 0x19
 1060 0787 D4040000 		.4byte	.LASF130
 1061 078b 01       		.byte	0x1
 1062 078c 41       		.byte	0x41
 1063 078d 24070000 		.4byte	0x724
 1064 0791 00000000 		.4byte	.LFB258
 1065 0795 0E000000 		.4byte	.LFE258-.LFB258
 1066 0799 01       		.uleb128 0x1
 1067 079a 9C       		.byte	0x9c
 1068 079b B8070000 		.4byte	0x7b8
 1069 079f 1A       		.uleb128 0x1a
 1070 07a0 62757300 		.ascii	"bus\000"
 1071 07a4 01       		.byte	0x1
 1072 07a5 41       		.byte	0x41
 1073 07a6 B8070000 		.4byte	0x7b8
 1074 07aa 00000000 		.4byte	.LLST0
 1075 07ae 1B       		.uleb128 0x1b
 1076 07af 3C040000 		.4byte	.LASF123
 1077 07b3 CE070000 		.4byte	0x7ce
 1078 07b7 00       		.byte	0
 1079 07b8 0A       		.uleb128 0xa
 1080 07b9 04       		.byte	0x4
 1081 07ba 7B070000 		.4byte	0x77b
 1082 07be 15       		.uleb128 0x15
 1083 07bf 13060000 		.4byte	0x613
ARM GAS  /tmp/cc7s1TWH.s 			page 20


 1084 07c3 CE070000 		.4byte	0x7ce
 1085 07c7 16       		.uleb128 0x16
 1086 07c8 6A040000 		.4byte	0x46a
 1087 07cc 0A       		.byte	0xa
 1088 07cd 00       		.byte	0
 1089 07ce 14       		.uleb128 0x14
 1090 07cf BE070000 		.4byte	0x7be
 1091 07d3 1C       		.uleb128 0x1c
 1092 07d4 99050000 		.4byte	.LASF124
 1093 07d8 01       		.byte	0x1
 1094 07d9 5A       		.byte	0x5a
 1095 07da 00000000 		.4byte	.LFB259
 1096 07de 1C000000 		.4byte	.LFE259-.LFB259
 1097 07e2 01       		.uleb128 0x1
 1098 07e3 9C       		.byte	0x9c
 1099 07e4 10080000 		.4byte	0x810
 1100 07e8 1A       		.uleb128 0x1a
 1101 07e9 62757300 		.ascii	"bus\000"
 1102 07ed 01       		.byte	0x1
 1103 07ee 5A       		.byte	0x5a
 1104 07ef B8070000 		.4byte	0x7b8
 1105 07f3 21000000 		.4byte	.LLST1
 1106 07f7 1D       		.uleb128 0x1d
 1107 07f8 04010000 		.4byte	.LASF122
 1108 07fc 01       		.byte	0x1
 1109 07fd 5A       		.byte	0x5a
 1110 07fe 24070000 		.4byte	0x724
 1111 0802 42000000 		.4byte	.LLST2
 1112 0806 1B       		.uleb128 0x1b
 1113 0807 3C040000 		.4byte	.LASF123
 1114 080b 20080000 		.4byte	0x820
 1115 080f 00       		.byte	0
 1116 0810 15       		.uleb128 0x15
 1117 0811 13060000 		.4byte	0x613
 1118 0815 20080000 		.4byte	0x820
 1119 0819 16       		.uleb128 0x16
 1120 081a 6A040000 		.4byte	0x46a
 1121 081e 0B       		.byte	0xb
 1122 081f 00       		.byte	0
 1123 0820 14       		.uleb128 0x14
 1124 0821 10080000 		.4byte	0x810
 1125 0825 1C       		.uleb128 0x1c
 1126 0826 B6020000 		.4byte	.LASF125
 1127 082a 01       		.byte	0x1
 1128 082b 71       		.byte	0x71
 1129 082c 00000000 		.4byte	.LFB260
 1130 0830 0A000000 		.4byte	.LFE260-.LFB260
 1131 0834 01       		.uleb128 0x1
 1132 0835 9C       		.byte	0x9c
 1133 0836 73080000 		.4byte	0x873
 1134 083a 1A       		.uleb128 0x1a
 1135 083b 62757300 		.ascii	"bus\000"
 1136 083f 01       		.byte	0x1
 1137 0840 71       		.byte	0x71
 1138 0841 B8070000 		.4byte	0x7b8
 1139 0845 63000000 		.4byte	.LLST3
 1140 0849 1D       		.uleb128 0x1d
ARM GAS  /tmp/cc7s1TWH.s 			page 21


 1141 084a CF040000 		.4byte	.LASF126
 1142 084e 01       		.byte	0x1
 1143 084f 71       		.byte	0x71
 1144 0850 30070000 		.4byte	0x730
 1145 0854 84000000 		.4byte	.LLST4
 1146 0858 1B       		.uleb128 0x1b
 1147 0859 3C040000 		.4byte	.LASF123
 1148 085d 83080000 		.4byte	0x883
 1149 0861 1E       		.uleb128 0x1e
 1150 0862 0A000000 		.4byte	.LVL7
 1151 0866 9F080000 		.4byte	0x89f
 1152 086a 1F       		.uleb128 0x1f
 1153 086b 01       		.uleb128 0x1
 1154 086c 52       		.byte	0x52
 1155 086d 03       		.uleb128 0x3
 1156 086e F3       		.byte	0xf3
 1157 086f 01       		.uleb128 0x1
 1158 0870 51       		.byte	0x51
 1159 0871 00       		.byte	0
 1160 0872 00       		.byte	0
 1161 0873 15       		.uleb128 0x15
 1162 0874 13060000 		.4byte	0x613
 1163 0878 83080000 		.4byte	0x883
 1164 087c 16       		.uleb128 0x16
 1165 087d 6A040000 		.4byte	0x46a
 1166 0881 0D       		.byte	0xd
 1167 0882 00       		.byte	0
 1168 0883 14       		.uleb128 0x14
 1169 0884 73080000 		.4byte	0x873
 1170 0888 20       		.uleb128 0x20
 1171 0889 A9000000 		.4byte	.LASF127
 1172 088d 0F       		.byte	0xf
 1173 088e A706     		.2byte	0x6a7
 1174 0890 E7000000 		.4byte	0xe7
 1175 0894 21       		.uleb128 0x21
 1176 0895 636800   		.ascii	"ch\000"
 1177 0898 07       		.byte	0x7
 1178 0899 0902     		.2byte	0x209
 1179 089b 03040000 		.4byte	0x403
 1180 089f 22       		.uleb128 0x22
 1181 08a0 47050000 		.4byte	.LASF131
 1182 08a4 47050000 		.4byte	.LASF131
 1183 08a8 0D       		.byte	0xd
 1184 08a9 E001     		.2byte	0x1e0
 1185 08ab 00       		.byte	0
 1186              		.section	.debug_abbrev,"",%progbits
 1187              	.Ldebug_abbrev0:
 1188 0000 01       		.uleb128 0x1
 1189 0001 11       		.uleb128 0x11
 1190 0002 01       		.byte	0x1
 1191 0003 25       		.uleb128 0x25
 1192 0004 0E       		.uleb128 0xe
 1193 0005 13       		.uleb128 0x13
 1194 0006 0B       		.uleb128 0xb
 1195 0007 03       		.uleb128 0x3
 1196 0008 0E       		.uleb128 0xe
 1197 0009 55       		.uleb128 0x55
ARM GAS  /tmp/cc7s1TWH.s 			page 22


 1198 000a 17       		.uleb128 0x17
 1199 000b 11       		.uleb128 0x11
 1200 000c 01       		.uleb128 0x1
 1201 000d 10       		.uleb128 0x10
 1202 000e 17       		.uleb128 0x17
 1203 000f 00       		.byte	0
 1204 0010 00       		.byte	0
 1205 0011 02       		.uleb128 0x2
 1206 0012 24       		.uleb128 0x24
 1207 0013 00       		.byte	0
 1208 0014 0B       		.uleb128 0xb
 1209 0015 0B       		.uleb128 0xb
 1210 0016 3E       		.uleb128 0x3e
 1211 0017 0B       		.uleb128 0xb
 1212 0018 03       		.uleb128 0x3
 1213 0019 08       		.uleb128 0x8
 1214 001a 00       		.byte	0
 1215 001b 00       		.byte	0
 1216 001c 03       		.uleb128 0x3
 1217 001d 24       		.uleb128 0x24
 1218 001e 00       		.byte	0
 1219 001f 0B       		.uleb128 0xb
 1220 0020 0B       		.uleb128 0xb
 1221 0021 3E       		.uleb128 0x3e
 1222 0022 0B       		.uleb128 0xb
 1223 0023 03       		.uleb128 0x3
 1224 0024 0E       		.uleb128 0xe
 1225 0025 00       		.byte	0
 1226 0026 00       		.byte	0
 1227 0027 04       		.uleb128 0x4
 1228 0028 16       		.uleb128 0x16
 1229 0029 00       		.byte	0
 1230 002a 03       		.uleb128 0x3
 1231 002b 0E       		.uleb128 0xe
 1232 002c 3A       		.uleb128 0x3a
 1233 002d 0B       		.uleb128 0xb
 1234 002e 3B       		.uleb128 0x3b
 1235 002f 0B       		.uleb128 0xb
 1236 0030 49       		.uleb128 0x49
 1237 0031 13       		.uleb128 0x13
 1238 0032 00       		.byte	0
 1239 0033 00       		.byte	0
 1240 0034 05       		.uleb128 0x5
 1241 0035 35       		.uleb128 0x35
 1242 0036 00       		.byte	0
 1243 0037 49       		.uleb128 0x49
 1244 0038 13       		.uleb128 0x13
 1245 0039 00       		.byte	0
 1246 003a 00       		.byte	0
 1247 003b 06       		.uleb128 0x6
 1248 003c 13       		.uleb128 0x13
 1249 003d 01       		.byte	0x1
 1250 003e 03       		.uleb128 0x3
 1251 003f 0E       		.uleb128 0xe
 1252 0040 0B       		.uleb128 0xb
 1253 0041 0B       		.uleb128 0xb
 1254 0042 3A       		.uleb128 0x3a
ARM GAS  /tmp/cc7s1TWH.s 			page 23


 1255 0043 0B       		.uleb128 0xb
 1256 0044 3B       		.uleb128 0x3b
 1257 0045 0B       		.uleb128 0xb
 1258 0046 01       		.uleb128 0x1
 1259 0047 13       		.uleb128 0x13
 1260 0048 00       		.byte	0
 1261 0049 00       		.byte	0
 1262 004a 07       		.uleb128 0x7
 1263 004b 0D       		.uleb128 0xd
 1264 004c 00       		.byte	0
 1265 004d 03       		.uleb128 0x3
 1266 004e 0E       		.uleb128 0xe
 1267 004f 3A       		.uleb128 0x3a
 1268 0050 0B       		.uleb128 0xb
 1269 0051 3B       		.uleb128 0x3b
 1270 0052 0B       		.uleb128 0xb
 1271 0053 49       		.uleb128 0x49
 1272 0054 13       		.uleb128 0x13
 1273 0055 38       		.uleb128 0x38
 1274 0056 0B       		.uleb128 0xb
 1275 0057 00       		.byte	0
 1276 0058 00       		.byte	0
 1277 0059 08       		.uleb128 0x8
 1278 005a 0D       		.uleb128 0xd
 1279 005b 00       		.byte	0
 1280 005c 03       		.uleb128 0x3
 1281 005d 08       		.uleb128 0x8
 1282 005e 3A       		.uleb128 0x3a
 1283 005f 0B       		.uleb128 0xb
 1284 0060 3B       		.uleb128 0x3b
 1285 0061 05       		.uleb128 0x5
 1286 0062 49       		.uleb128 0x49
 1287 0063 13       		.uleb128 0x13
 1288 0064 38       		.uleb128 0x38
 1289 0065 0B       		.uleb128 0xb
 1290 0066 00       		.byte	0
 1291 0067 00       		.byte	0
 1292 0068 09       		.uleb128 0x9
 1293 0069 0D       		.uleb128 0xd
 1294 006a 00       		.byte	0
 1295 006b 03       		.uleb128 0x3
 1296 006c 0E       		.uleb128 0xe
 1297 006d 3A       		.uleb128 0x3a
 1298 006e 0B       		.uleb128 0xb
 1299 006f 3B       		.uleb128 0x3b
 1300 0070 05       		.uleb128 0x5
 1301 0071 49       		.uleb128 0x49
 1302 0072 13       		.uleb128 0x13
 1303 0073 38       		.uleb128 0x38
 1304 0074 0B       		.uleb128 0xb
 1305 0075 00       		.byte	0
 1306 0076 00       		.byte	0
 1307 0077 0A       		.uleb128 0xa
 1308 0078 0F       		.uleb128 0xf
 1309 0079 00       		.byte	0
 1310 007a 0B       		.uleb128 0xb
 1311 007b 0B       		.uleb128 0xb
ARM GAS  /tmp/cc7s1TWH.s 			page 24


 1312 007c 49       		.uleb128 0x49
 1313 007d 13       		.uleb128 0x13
 1314 007e 00       		.byte	0
 1315 007f 00       		.byte	0
 1316 0080 0B       		.uleb128 0xb
 1317 0081 13       		.uleb128 0x13
 1318 0082 01       		.byte	0x1
 1319 0083 03       		.uleb128 0x3
 1320 0084 0E       		.uleb128 0xe
 1321 0085 0B       		.uleb128 0xb
 1322 0086 0B       		.uleb128 0xb
 1323 0087 3A       		.uleb128 0x3a
 1324 0088 0B       		.uleb128 0xb
 1325 0089 3B       		.uleb128 0x3b
 1326 008a 05       		.uleb128 0x5
 1327 008b 01       		.uleb128 0x1
 1328 008c 13       		.uleb128 0x13
 1329 008d 00       		.byte	0
 1330 008e 00       		.byte	0
 1331 008f 0C       		.uleb128 0xc
 1332 0090 15       		.uleb128 0x15
 1333 0091 01       		.byte	0x1
 1334 0092 27       		.uleb128 0x27
 1335 0093 19       		.uleb128 0x19
 1336 0094 01       		.uleb128 0x1
 1337 0095 13       		.uleb128 0x13
 1338 0096 00       		.byte	0
 1339 0097 00       		.byte	0
 1340 0098 0D       		.uleb128 0xd
 1341 0099 05       		.uleb128 0x5
 1342 009a 00       		.byte	0
 1343 009b 49       		.uleb128 0x49
 1344 009c 13       		.uleb128 0x13
 1345 009d 00       		.byte	0
 1346 009e 00       		.byte	0
 1347 009f 0E       		.uleb128 0xe
 1348 00a0 0F       		.uleb128 0xf
 1349 00a1 00       		.byte	0
 1350 00a2 0B       		.uleb128 0xb
 1351 00a3 0B       		.uleb128 0xb
 1352 00a4 00       		.byte	0
 1353 00a5 00       		.byte	0
 1354 00a6 0F       		.uleb128 0xf
 1355 00a7 13       		.uleb128 0x13
 1356 00a8 01       		.byte	0x1
 1357 00a9 03       		.uleb128 0x3
 1358 00aa 0E       		.uleb128 0xe
 1359 00ab 0B       		.uleb128 0xb
 1360 00ac 05       		.uleb128 0x5
 1361 00ad 3A       		.uleb128 0x3a
 1362 00ae 0B       		.uleb128 0xb
 1363 00af 3B       		.uleb128 0x3b
 1364 00b0 05       		.uleb128 0x5
 1365 00b1 01       		.uleb128 0x1
 1366 00b2 13       		.uleb128 0x13
 1367 00b3 00       		.byte	0
 1368 00b4 00       		.byte	0
ARM GAS  /tmp/cc7s1TWH.s 			page 25


 1369 00b5 10       		.uleb128 0x10
 1370 00b6 0D       		.uleb128 0xd
 1371 00b7 00       		.byte	0
 1372 00b8 03       		.uleb128 0x3
 1373 00b9 08       		.uleb128 0x8
 1374 00ba 3A       		.uleb128 0x3a
 1375 00bb 0B       		.uleb128 0xb
 1376 00bc 3B       		.uleb128 0x3b
 1377 00bd 0B       		.uleb128 0xb
 1378 00be 49       		.uleb128 0x49
 1379 00bf 13       		.uleb128 0x13
 1380 00c0 38       		.uleb128 0x38
 1381 00c1 0B       		.uleb128 0xb
 1382 00c2 00       		.byte	0
 1383 00c3 00       		.byte	0
 1384 00c4 11       		.uleb128 0x11
 1385 00c5 13       		.uleb128 0x13
 1386 00c6 01       		.byte	0x1
 1387 00c7 0B       		.uleb128 0xb
 1388 00c8 0B       		.uleb128 0xb
 1389 00c9 3A       		.uleb128 0x3a
 1390 00ca 0B       		.uleb128 0xb
 1391 00cb 3B       		.uleb128 0x3b
 1392 00cc 0B       		.uleb128 0xb
 1393 00cd 01       		.uleb128 0x1
 1394 00ce 13       		.uleb128 0x13
 1395 00cf 00       		.byte	0
 1396 00d0 00       		.byte	0
 1397 00d1 12       		.uleb128 0x12
 1398 00d2 17       		.uleb128 0x17
 1399 00d3 01       		.byte	0x1
 1400 00d4 0B       		.uleb128 0xb
 1401 00d5 0B       		.uleb128 0xb
 1402 00d6 3A       		.uleb128 0x3a
 1403 00d7 0B       		.uleb128 0xb
 1404 00d8 3B       		.uleb128 0x3b
 1405 00d9 0B       		.uleb128 0xb
 1406 00da 01       		.uleb128 0x1
 1407 00db 13       		.uleb128 0x13
 1408 00dc 00       		.byte	0
 1409 00dd 00       		.byte	0
 1410 00de 13       		.uleb128 0x13
 1411 00df 0D       		.uleb128 0xd
 1412 00e0 00       		.byte	0
 1413 00e1 03       		.uleb128 0x3
 1414 00e2 0E       		.uleb128 0xe
 1415 00e3 3A       		.uleb128 0x3a
 1416 00e4 0B       		.uleb128 0xb
 1417 00e5 3B       		.uleb128 0x3b
 1418 00e6 05       		.uleb128 0x5
 1419 00e7 49       		.uleb128 0x49
 1420 00e8 13       		.uleb128 0x13
 1421 00e9 00       		.byte	0
 1422 00ea 00       		.byte	0
 1423 00eb 14       		.uleb128 0x14
 1424 00ec 26       		.uleb128 0x26
 1425 00ed 00       		.byte	0
ARM GAS  /tmp/cc7s1TWH.s 			page 26


 1426 00ee 49       		.uleb128 0x49
 1427 00ef 13       		.uleb128 0x13
 1428 00f0 00       		.byte	0
 1429 00f1 00       		.byte	0
 1430 00f2 15       		.uleb128 0x15
 1431 00f3 01       		.uleb128 0x1
 1432 00f4 01       		.byte	0x1
 1433 00f5 49       		.uleb128 0x49
 1434 00f6 13       		.uleb128 0x13
 1435 00f7 01       		.uleb128 0x1
 1436 00f8 13       		.uleb128 0x13
 1437 00f9 00       		.byte	0
 1438 00fa 00       		.byte	0
 1439 00fb 16       		.uleb128 0x16
 1440 00fc 21       		.uleb128 0x21
 1441 00fd 00       		.byte	0
 1442 00fe 49       		.uleb128 0x49
 1443 00ff 13       		.uleb128 0x13
 1444 0100 2F       		.uleb128 0x2f
 1445 0101 0B       		.uleb128 0xb
 1446 0102 00       		.byte	0
 1447 0103 00       		.byte	0
 1448 0104 17       		.uleb128 0x17
 1449 0105 0D       		.uleb128 0xd
 1450 0106 00       		.byte	0
 1451 0107 03       		.uleb128 0x3
 1452 0108 08       		.uleb128 0x8
 1453 0109 3A       		.uleb128 0x3a
 1454 010a 0B       		.uleb128 0xb
 1455 010b 3B       		.uleb128 0x3b
 1456 010c 0B       		.uleb128 0xb
 1457 010d 49       		.uleb128 0x49
 1458 010e 13       		.uleb128 0x13
 1459 010f 00       		.byte	0
 1460 0110 00       		.byte	0
 1461 0111 18       		.uleb128 0x18
 1462 0112 16       		.uleb128 0x16
 1463 0113 00       		.byte	0
 1464 0114 03       		.uleb128 0x3
 1465 0115 0E       		.uleb128 0xe
 1466 0116 3A       		.uleb128 0x3a
 1467 0117 0B       		.uleb128 0xb
 1468 0118 3B       		.uleb128 0x3b
 1469 0119 05       		.uleb128 0x5
 1470 011a 49       		.uleb128 0x49
 1471 011b 13       		.uleb128 0x13
 1472 011c 00       		.byte	0
 1473 011d 00       		.byte	0
 1474 011e 19       		.uleb128 0x19
 1475 011f 2E       		.uleb128 0x2e
 1476 0120 01       		.byte	0x1
 1477 0121 3F       		.uleb128 0x3f
 1478 0122 19       		.uleb128 0x19
 1479 0123 03       		.uleb128 0x3
 1480 0124 0E       		.uleb128 0xe
 1481 0125 3A       		.uleb128 0x3a
 1482 0126 0B       		.uleb128 0xb
ARM GAS  /tmp/cc7s1TWH.s 			page 27


 1483 0127 3B       		.uleb128 0x3b
 1484 0128 0B       		.uleb128 0xb
 1485 0129 27       		.uleb128 0x27
 1486 012a 19       		.uleb128 0x19
 1487 012b 49       		.uleb128 0x49
 1488 012c 13       		.uleb128 0x13
 1489 012d 11       		.uleb128 0x11
 1490 012e 01       		.uleb128 0x1
 1491 012f 12       		.uleb128 0x12
 1492 0130 06       		.uleb128 0x6
 1493 0131 40       		.uleb128 0x40
 1494 0132 18       		.uleb128 0x18
 1495 0133 9742     		.uleb128 0x2117
 1496 0135 19       		.uleb128 0x19
 1497 0136 01       		.uleb128 0x1
 1498 0137 13       		.uleb128 0x13
 1499 0138 00       		.byte	0
 1500 0139 00       		.byte	0
 1501 013a 1A       		.uleb128 0x1a
 1502 013b 05       		.uleb128 0x5
 1503 013c 00       		.byte	0
 1504 013d 03       		.uleb128 0x3
 1505 013e 08       		.uleb128 0x8
 1506 013f 3A       		.uleb128 0x3a
 1507 0140 0B       		.uleb128 0xb
 1508 0141 3B       		.uleb128 0x3b
 1509 0142 0B       		.uleb128 0xb
 1510 0143 49       		.uleb128 0x49
 1511 0144 13       		.uleb128 0x13
 1512 0145 02       		.uleb128 0x2
 1513 0146 17       		.uleb128 0x17
 1514 0147 00       		.byte	0
 1515 0148 00       		.byte	0
 1516 0149 1B       		.uleb128 0x1b
 1517 014a 34       		.uleb128 0x34
 1518 014b 00       		.byte	0
 1519 014c 03       		.uleb128 0x3
 1520 014d 0E       		.uleb128 0xe
 1521 014e 49       		.uleb128 0x49
 1522 014f 13       		.uleb128 0x13
 1523 0150 34       		.uleb128 0x34
 1524 0151 19       		.uleb128 0x19
 1525 0152 00       		.byte	0
 1526 0153 00       		.byte	0
 1527 0154 1C       		.uleb128 0x1c
 1528 0155 2E       		.uleb128 0x2e
 1529 0156 01       		.byte	0x1
 1530 0157 3F       		.uleb128 0x3f
 1531 0158 19       		.uleb128 0x19
 1532 0159 03       		.uleb128 0x3
 1533 015a 0E       		.uleb128 0xe
 1534 015b 3A       		.uleb128 0x3a
 1535 015c 0B       		.uleb128 0xb
 1536 015d 3B       		.uleb128 0x3b
 1537 015e 0B       		.uleb128 0xb
 1538 015f 27       		.uleb128 0x27
 1539 0160 19       		.uleb128 0x19
ARM GAS  /tmp/cc7s1TWH.s 			page 28


 1540 0161 11       		.uleb128 0x11
 1541 0162 01       		.uleb128 0x1
 1542 0163 12       		.uleb128 0x12
 1543 0164 06       		.uleb128 0x6
 1544 0165 40       		.uleb128 0x40
 1545 0166 18       		.uleb128 0x18
 1546 0167 9742     		.uleb128 0x2117
 1547 0169 19       		.uleb128 0x19
 1548 016a 01       		.uleb128 0x1
 1549 016b 13       		.uleb128 0x13
 1550 016c 00       		.byte	0
 1551 016d 00       		.byte	0
 1552 016e 1D       		.uleb128 0x1d
 1553 016f 05       		.uleb128 0x5
 1554 0170 00       		.byte	0
 1555 0171 03       		.uleb128 0x3
 1556 0172 0E       		.uleb128 0xe
 1557 0173 3A       		.uleb128 0x3a
 1558 0174 0B       		.uleb128 0xb
 1559 0175 3B       		.uleb128 0x3b
 1560 0176 0B       		.uleb128 0xb
 1561 0177 49       		.uleb128 0x49
 1562 0178 13       		.uleb128 0x13
 1563 0179 02       		.uleb128 0x2
 1564 017a 17       		.uleb128 0x17
 1565 017b 00       		.byte	0
 1566 017c 00       		.byte	0
 1567 017d 1E       		.uleb128 0x1e
 1568 017e 898201   		.uleb128 0x4109
 1569 0181 01       		.byte	0x1
 1570 0182 11       		.uleb128 0x11
 1571 0183 01       		.uleb128 0x1
 1572 0184 9542     		.uleb128 0x2115
 1573 0186 19       		.uleb128 0x19
 1574 0187 31       		.uleb128 0x31
 1575 0188 13       		.uleb128 0x13
 1576 0189 00       		.byte	0
 1577 018a 00       		.byte	0
 1578 018b 1F       		.uleb128 0x1f
 1579 018c 8A8201   		.uleb128 0x410a
 1580 018f 00       		.byte	0
 1581 0190 02       		.uleb128 0x2
 1582 0191 18       		.uleb128 0x18
 1583 0192 9142     		.uleb128 0x2111
 1584 0194 18       		.uleb128 0x18
 1585 0195 00       		.byte	0
 1586 0196 00       		.byte	0
 1587 0197 20       		.uleb128 0x20
 1588 0198 34       		.uleb128 0x34
 1589 0199 00       		.byte	0
 1590 019a 03       		.uleb128 0x3
 1591 019b 0E       		.uleb128 0xe
 1592 019c 3A       		.uleb128 0x3a
 1593 019d 0B       		.uleb128 0xb
 1594 019e 3B       		.uleb128 0x3b
 1595 019f 05       		.uleb128 0x5
 1596 01a0 49       		.uleb128 0x49
ARM GAS  /tmp/cc7s1TWH.s 			page 29


 1597 01a1 13       		.uleb128 0x13
 1598 01a2 3F       		.uleb128 0x3f
 1599 01a3 19       		.uleb128 0x19
 1600 01a4 3C       		.uleb128 0x3c
 1601 01a5 19       		.uleb128 0x19
 1602 01a6 00       		.byte	0
 1603 01a7 00       		.byte	0
 1604 01a8 21       		.uleb128 0x21
 1605 01a9 34       		.uleb128 0x34
 1606 01aa 00       		.byte	0
 1607 01ab 03       		.uleb128 0x3
 1608 01ac 08       		.uleb128 0x8
 1609 01ad 3A       		.uleb128 0x3a
 1610 01ae 0B       		.uleb128 0xb
 1611 01af 3B       		.uleb128 0x3b
 1612 01b0 05       		.uleb128 0x5
 1613 01b1 49       		.uleb128 0x49
 1614 01b2 13       		.uleb128 0x13
 1615 01b3 3F       		.uleb128 0x3f
 1616 01b4 19       		.uleb128 0x19
 1617 01b5 3C       		.uleb128 0x3c
 1618 01b6 19       		.uleb128 0x19
 1619 01b7 00       		.byte	0
 1620 01b8 00       		.byte	0
 1621 01b9 22       		.uleb128 0x22
 1622 01ba 2E       		.uleb128 0x2e
 1623 01bb 00       		.byte	0
 1624 01bc 3F       		.uleb128 0x3f
 1625 01bd 19       		.uleb128 0x19
 1626 01be 3C       		.uleb128 0x3c
 1627 01bf 19       		.uleb128 0x19
 1628 01c0 6E       		.uleb128 0x6e
 1629 01c1 0E       		.uleb128 0xe
 1630 01c2 03       		.uleb128 0x3
 1631 01c3 0E       		.uleb128 0xe
 1632 01c4 3A       		.uleb128 0x3a
 1633 01c5 0B       		.uleb128 0xb
 1634 01c6 3B       		.uleb128 0x3b
 1635 01c7 05       		.uleb128 0x5
 1636 01c8 00       		.byte	0
 1637 01c9 00       		.byte	0
 1638 01ca 00       		.byte	0
 1639              		.section	.debug_loc,"",%progbits
 1640              	.Ldebug_loc0:
 1641              	.LLST0:
 1642 0000 00000000 		.4byte	.LVL0
 1643 0004 08000000 		.4byte	.LVL1
 1644 0008 0100     		.2byte	0x1
 1645 000a 50       		.byte	0x50
 1646 000b 08000000 		.4byte	.LVL1
 1647 000f 0E000000 		.4byte	.LFE258
 1648 0013 0400     		.2byte	0x4
 1649 0015 F3       		.byte	0xf3
 1650 0016 01       		.uleb128 0x1
 1651 0017 50       		.byte	0x50
 1652 0018 9F       		.byte	0x9f
 1653 0019 00000000 		.4byte	0
ARM GAS  /tmp/cc7s1TWH.s 			page 30


 1654 001d 00000000 		.4byte	0
 1655              	.LLST1:
 1656 0021 00000000 		.4byte	.LVL2
 1657 0025 04000000 		.4byte	.LVL3
 1658 0029 0100     		.2byte	0x1
 1659 002b 50       		.byte	0x50
 1660 002c 04000000 		.4byte	.LVL3
 1661 0030 1C000000 		.4byte	.LFE259
 1662 0034 0400     		.2byte	0x4
 1663 0036 F3       		.byte	0xf3
 1664 0037 01       		.uleb128 0x1
 1665 0038 50       		.byte	0x50
 1666 0039 9F       		.byte	0x9f
 1667 003a 00000000 		.4byte	0
 1668 003e 00000000 		.4byte	0
 1669              	.LLST2:
 1670 0042 00000000 		.4byte	.LVL2
 1671 0046 0A000000 		.4byte	.LVL4
 1672 004a 0100     		.2byte	0x1
 1673 004c 51       		.byte	0x51
 1674 004d 0A000000 		.4byte	.LVL4
 1675 0051 1C000000 		.4byte	.LFE259
 1676 0055 0400     		.2byte	0x4
 1677 0057 F3       		.byte	0xf3
 1678 0058 01       		.uleb128 0x1
 1679 0059 51       		.byte	0x51
 1680 005a 9F       		.byte	0x9f
 1681 005b 00000000 		.4byte	0
 1682 005f 00000000 		.4byte	0
 1683              	.LLST3:
 1684 0063 00000000 		.4byte	.LVL5
 1685 0067 04000000 		.4byte	.LVL6
 1686 006b 0100     		.2byte	0x1
 1687 006d 50       		.byte	0x50
 1688 006e 04000000 		.4byte	.LVL6
 1689 0072 0A000000 		.4byte	.LFE260
 1690 0076 0400     		.2byte	0x4
 1691 0078 F3       		.byte	0xf3
 1692 0079 01       		.uleb128 0x1
 1693 007a 50       		.byte	0x50
 1694 007b 9F       		.byte	0x9f
 1695 007c 00000000 		.4byte	0
 1696 0080 00000000 		.4byte	0
 1697              	.LLST4:
 1698 0084 00000000 		.4byte	.LVL5
 1699 0088 04000000 		.4byte	.LVL6
 1700 008c 0100     		.2byte	0x1
 1701 008e 51       		.byte	0x51
 1702 008f 04000000 		.4byte	.LVL6
 1703 0093 09000000 		.4byte	.LVL7-1
 1704 0097 0100     		.2byte	0x1
 1705 0099 52       		.byte	0x52
 1706 009a 09000000 		.4byte	.LVL7-1
 1707 009e 0A000000 		.4byte	.LFE260
 1708 00a2 0400     		.2byte	0x4
 1709 00a4 F3       		.byte	0xf3
 1710 00a5 01       		.uleb128 0x1
ARM GAS  /tmp/cc7s1TWH.s 			page 31


 1711 00a6 51       		.byte	0x51
 1712 00a7 9F       		.byte	0x9f
 1713 00a8 00000000 		.4byte	0
 1714 00ac 00000000 		.4byte	0
 1715              		.section	.debug_aranges,"",%progbits
 1716 0000 2C000000 		.4byte	0x2c
 1717 0004 0200     		.2byte	0x2
 1718 0006 00000000 		.4byte	.Ldebug_info0
 1719 000a 04       		.byte	0x4
 1720 000b 00       		.byte	0
 1721 000c 0000     		.2byte	0
 1722 000e 0000     		.2byte	0
 1723 0010 00000000 		.4byte	.LFB258
 1724 0014 0E000000 		.4byte	.LFE258-.LFB258
 1725 0018 00000000 		.4byte	.LFB259
 1726 001c 1C000000 		.4byte	.LFE259-.LFB259
 1727 0020 00000000 		.4byte	.LFB260
 1728 0024 0A000000 		.4byte	.LFE260-.LFB260
 1729 0028 00000000 		.4byte	0
 1730 002c 00000000 		.4byte	0
 1731              		.section	.debug_ranges,"",%progbits
 1732              	.Ldebug_ranges0:
 1733 0000 00000000 		.4byte	.LFB258
 1734 0004 0E000000 		.4byte	.LFE258
 1735 0008 00000000 		.4byte	.LFB259
 1736 000c 1C000000 		.4byte	.LFE259
 1737 0010 00000000 		.4byte	.LFB260
 1738 0014 0A000000 		.4byte	.LFE260
 1739 0018 00000000 		.4byte	0
 1740 001c 00000000 		.4byte	0
 1741              		.section	.debug_line,"",%progbits
 1742              	.Ldebug_line0:
 1743 0000 BD020000 		.section	.debug_str,"MS",%progbits,1
 1743      02008202 
 1743      00000201 
 1743      FB0E0D00 
 1743      01010101 
 1744              	.LASF54:
 1745 0000 72656164 		.ascii	"ready_list_t\000"
 1745      795F6C69 
 1745      73745F74 
 1745      00
 1746              	.LASF92:
 1747 000d 77747472 		.ascii	"wttrp\000"
 1747      7000
 1748              	.LASF89:
 1749 0013 7264796D 		.ascii	"rdymsg\000"
 1749      736700
 1750              	.LASF19:
 1751 001a 75696E74 		.ascii	"uint64_t\000"
 1751      36345F74 
 1751      00
 1752              	.LASF6:
 1753 0023 5F5F7569 		.ascii	"__uint8_t\000"
 1753      6E74385F 
 1753      7400
 1754              	.LASF108:
ARM GAS  /tmp/cc7s1TWH.s 			page 32


 1755 002d 4F545950 		.ascii	"OTYPER\000"
 1755      455200
 1756              	.LASF86:
 1757 0034 706F7274 		.ascii	"port_intctx\000"
 1757      5F696E74 
 1757      63747800 
 1758              	.LASF73:
 1759 0040 73797374 		.ascii	"system_debug_t\000"
 1759      656D5F64 
 1759      65627567 
 1759      5F7400
 1760              	.LASF116:
 1761 004f 696F706F 		.ascii	"ioportmask_t\000"
 1761      72746D61 
 1761      736B5F74 
 1761      00
 1762              	.LASF107:
 1763 005c 4D4F4445 		.ascii	"MODER\000"
 1763      5200
 1764              	.LASF14:
 1765 0062 6C6F6E67 		.ascii	"long long unsigned int\000"
 1765      206C6F6E 
 1765      6720756E 
 1765      7369676E 
 1765      65642069 
 1766              	.LASF110:
 1767 0079 50555044 		.ascii	"PUPDR\000"
 1767      5200
 1768              	.LASF90:
 1769 007f 65786974 		.ascii	"exitcode\000"
 1769      636F6465 
 1769      00
 1770              	.LASF80:
 1771 0088 6D61696E 		.ascii	"mainthread\000"
 1771      74687265 
 1771      616400
 1772              	.LASF70:
 1773 0093 76697274 		.ascii	"virtual_timers_list_t\000"
 1773      75616C5F 
 1773      74696D65 
 1773      72735F6C 
 1773      6973745F 
 1774              	.LASF127:
 1775 00a9 49544D5F 		.ascii	"ITM_RxBuffer\000"
 1775      52784275 
 1775      66666572 
 1775      00
 1776              	.LASF53:
 1777 00b6 63685F74 		.ascii	"ch_threads_queue\000"
 1777      68726561 
 1777      64735F71 
 1777      75657565 
 1777      00
 1778              	.LASF33:
 1779 00c7 705F7072 		.ascii	"p_prio\000"
 1779      696F00
 1780              	.LASF1:
ARM GAS  /tmp/cc7s1TWH.s 			page 33


 1781 00ce 6C6F6E67 		.ascii	"long long int\000"
 1781      206C6F6E 
 1781      6720696E 
 1781      7400
 1782              	.LASF3:
 1783 00dc 7369676E 		.ascii	"signed char\000"
 1783      65642063 
 1783      68617200 
 1784              	.LASF111:
 1785 00e8 42535252 		.ascii	"BSRR\000"
 1785      00
 1786              	.LASF47:
 1787 00ed 705F6D70 		.ascii	"p_mpool\000"
 1787      6F6F6C00 
 1788              	.LASF100:
 1789 00f5 6D5F7175 		.ascii	"m_queue\000"
 1789      65756500 
 1790              	.LASF79:
 1791 00fd 76746C69 		.ascii	"vtlist\000"
 1791      737400
 1792              	.LASF122:
 1793 0104 62697473 		.ascii	"bits\000"
 1793      00
 1794              	.LASF10:
 1795 0109 6C6F6E67 		.ascii	"long int\000"
 1795      20696E74 
 1795      00
 1796              	.LASF23:
 1797 0112 74737461 		.ascii	"tstate_t\000"
 1797      74655F74 
 1797      00
 1798              	.LASF16:
 1799 011b 75696E74 		.ascii	"uint16_t\000"
 1799      31365F74 
 1799      00
 1800              	.LASF35:
 1801 0124 705F6E65 		.ascii	"p_newer\000"
 1801      77657200 
 1802              	.LASF97:
 1803 012c 735F7175 		.ascii	"s_queue\000"
 1803      65756500 
 1804              	.LASF109:
 1805 0134 4F535045 		.ascii	"OSPEEDR\000"
 1805      45445200 
 1806              	.LASF59:
 1807 013c 725F6E65 		.ascii	"r_newer\000"
 1807      77657200 
 1808              	.LASF120:
 1809 0144 6D61736B 		.ascii	"mask\000"
 1809      00
 1810              	.LASF83:
 1811 0149 72656761 		.ascii	"regarm_t\000"
 1811      726D5F74 
 1811      00
 1812              	.LASF66:
 1813 0152 76745F70 		.ascii	"vt_prev\000"
 1813      72657600 
ARM GAS  /tmp/cc7s1TWH.s 			page 34


 1814              	.LASF115:
 1815 015a 73746D33 		.ascii	"stm32_gpio_t\000"
 1815      325F6770 
 1815      696F5F74 
 1815      00
 1816              	.LASF104:
 1817 0167 6D757465 		.ascii	"mutex_t\000"
 1817      785F7400 
 1818              	.LASF121:
 1819 016f 494F4275 		.ascii	"IOBus\000"
 1819      7300
 1820              	.LASF28:
 1821 0175 636E745F 		.ascii	"cnt_t\000"
 1821      7400
 1822              	.LASF0:
 1823 017b 756E7369 		.ascii	"unsigned int\000"
 1823      676E6564 
 1823      20696E74 
 1823      00
 1824              	.LASF65:
 1825 0188 76745F6E 		.ascii	"vt_next\000"
 1825      65787400 
 1826              	.LASF93:
 1827 0190 77747365 		.ascii	"wtsemp\000"
 1827      6D7000
 1828              	.LASF42:
 1829 0197 705F6D73 		.ascii	"p_msgqueue\000"
 1829      67717565 
 1829      756500
 1830              	.LASF112:
 1831 01a2 4C434B52 		.ascii	"LCKR\000"
 1831      00
 1832              	.LASF98:
 1833 01a7 735F636E 		.ascii	"s_cnt\000"
 1833      7400
 1834              	.LASF8:
 1835 01ad 73686F72 		.ascii	"short unsigned int\000"
 1835      7420756E 
 1835      7369676E 
 1835      65642069 
 1835      6E7400
 1836              	.LASF50:
 1837 01c0 63685F74 		.ascii	"ch_thread\000"
 1837      68726561 
 1837      6400
 1838              	.LASF26:
 1839 01ca 6D73675F 		.ascii	"msg_t\000"
 1839      7400
 1840              	.LASF76:
 1841 01d0 63685F73 		.ascii	"ch_system_t\000"
 1841      79737465 
 1841      6D5F7400 
 1842              	.LASF22:
 1843 01dc 746D6F64 		.ascii	"tmode_t\000"
 1843      655F7400 
 1844              	.LASF55:
 1845 01e4 63685F72 		.ascii	"ch_ready_list\000"
ARM GAS  /tmp/cc7s1TWH.s 			page 35


 1845      65616479 
 1845      5F6C6973 
 1845      7400
 1846              	.LASF27:
 1847 01f2 6576656E 		.ascii	"eventmask_t\000"
 1847      746D6173 
 1847      6B5F7400 
 1848              	.LASF9:
 1849 01fe 5F5F696E 		.ascii	"__int32_t\000"
 1849      7433325F 
 1849      7400
 1850              	.LASF84:
 1851 0208 73746B61 		.ascii	"stkalign_t\000"
 1851      6C69676E 
 1851      5F7400
 1852              	.LASF13:
 1853 0213 5F5F7569 		.ascii	"__uint64_t\000"
 1853      6E743634 
 1853      5F7400
 1854              	.LASF41:
 1855 021e 705F7761 		.ascii	"p_waiting\000"
 1855      6974696E 
 1855      6700
 1856              	.LASF82:
 1857 0228 73697A65 		.ascii	"sizetype\000"
 1857      74797065 
 1857      00
 1858              	.LASF48:
 1859 0231 74687265 		.ascii	"thread_reference_t\000"
 1859      61645F72 
 1859      65666572 
 1859      656E6365 
 1859      5F7400
 1860              	.LASF71:
 1861 0244 63685F76 		.ascii	"ch_virtual_timers_list\000"
 1861      69727475 
 1861      616C5F74 
 1861      696D6572 
 1861      735F6C69 
 1862              	.LASF106:
 1863 025b 636C6561 		.ascii	"clear\000"
 1863      7200
 1864              	.LASF2:
 1865 0261 6C6F6E67 		.ascii	"long double\000"
 1865      20646F75 
 1865      626C6500 
 1866              	.LASF72:
 1867 026d 76745F6C 		.ascii	"vt_lasttime\000"
 1867      61737474 
 1867      696D6500 
 1868              	.LASF36:
 1869 0279 705F6F6C 		.ascii	"p_older\000"
 1869      64657200 
 1870              	.LASF58:
 1871 0281 725F6374 		.ascii	"r_ctx\000"
 1871      7800
 1872              	.LASF88:
ARM GAS  /tmp/cc7s1TWH.s 			page 36


 1873 0287 746D5F63 		.ascii	"tm_calibration_t\000"
 1873      616C6962 
 1873      72617469 
 1873      6F6E5F74 
 1873      00
 1874              	.LASF61:
 1875 0298 725F6375 		.ascii	"r_current\000"
 1875      7272656E 
 1875      7400
 1876              	.LASF60:
 1877 02a2 725F6F6C 		.ascii	"r_older\000"
 1877      64657200 
 1878              	.LASF119:
 1879 02aa 706F7274 		.ascii	"portid\000"
 1879      696400
 1880              	.LASF114:
 1881 02b1 41465248 		.ascii	"AFRH\000"
 1881      00
 1882              	.LASF125:
 1883 02b6 70616C53 		.ascii	"palSetBusMode\000"
 1883      65744275 
 1883      734D6F64 
 1883      6500
 1884              	.LASF113:
 1885 02c4 4146524C 		.ascii	"AFRL\000"
 1885      00
 1886              	.LASF24:
 1887 02c9 74726566 		.ascii	"trefs_t\000"
 1887      735F7400 
 1888              	.LASF63:
 1889 02d1 76697274 		.ascii	"virtual_timer_t\000"
 1889      75616C5F 
 1889      74696D65 
 1889      725F7400 
 1890              	.LASF32:
 1891 02e1 705F7072 		.ascii	"p_prev\000"
 1891      657600
 1892              	.LASF25:
 1893 02e8 74707269 		.ascii	"tprio_t\000"
 1893      6F5F7400 
 1894              	.LASF74:
 1895 02f0 63685F73 		.ascii	"ch_system_debug\000"
 1895      79737465 
 1895      6D5F6465 
 1895      62756700 
 1896              	.LASF105:
 1897 0300 5F426F6F 		.ascii	"_Bool\000"
 1897      6C00
 1898              	.LASF17:
 1899 0306 696E7433 		.ascii	"int32_t\000"
 1899      325F7400 
 1900              	.LASF4:
 1901 030e 756E7369 		.ascii	"unsigned char\000"
 1901      676E6564 
 1901      20636861 
 1901      7200
 1902              	.LASF45:
ARM GAS  /tmp/cc7s1TWH.s 			page 37


 1903 031c 705F6D74 		.ascii	"p_mtxlist\000"
 1903      786C6973 
 1903      7400
 1904              	.LASF5:
 1905 0326 73686F72 		.ascii	"short int\000"
 1905      7420696E 
 1905      7400
 1906              	.LASF38:
 1907 0330 705F7374 		.ascii	"p_state\000"
 1907      61746500 
 1908              	.LASF57:
 1909 0338 725F7072 		.ascii	"r_prio\000"
 1909      696F00
 1910              	.LASF128:
 1911 033f 474E5520 		.ascii	"GNU C11 5.3.1 20160307 (release) [ARM/embedded-5-br"
 1911      43313120 
 1911      352E332E 
 1911      31203230 
 1911      31363033 
 1912 0372 616E6368 		.ascii	"anch revision 234589] -mcpu=cortex-m4 -mno-thumb-in"
 1912      20726576 
 1912      6973696F 
 1912      6E203233 
 1912      34353839 
 1913 03a5 74657277 		.ascii	"terwork -mthumb -ggdb -O2 -fomit-frame-pointer -fal"
 1913      6F726B20 
 1913      2D6D7468 
 1913      756D6220 
 1913      2D676764 
 1914 03d8 69676E2D 		.ascii	"ign-functions=16 -ffunction-sections -fdata-section"
 1914      66756E63 
 1914      74696F6E 
 1914      733D3136 
 1914      202D6666 
 1915 040b 73202D66 		.ascii	"s -fno-common\000"
 1915      6E6F2D63 
 1915      6F6D6D6F 
 1915      6E00
 1916              	.LASF95:
 1917 0419 65776D61 		.ascii	"ewmask\000"
 1917      736B00
 1918              	.LASF31:
 1919 0420 705F6E65 		.ascii	"p_next\000"
 1919      787400
 1920              	.LASF20:
 1921 0427 75696E74 		.ascii	"uint_fast8_t\000"
 1921      5F666173 
 1921      74385F74 
 1921      00
 1922              	.LASF39:
 1923 0434 705F666C 		.ascii	"p_flags\000"
 1923      61677300 
 1924              	.LASF123:
 1925 043c 5F5F6675 		.ascii	"__func__\000"
 1925      6E635F5F 
 1925      00
 1926              	.LASF81:
ARM GAS  /tmp/cc7s1TWH.s 			page 38


 1927 0445 69646C65 		.ascii	"idle_thread_wa\000"
 1927      5F746872 
 1927      6561645F 
 1927      776100
 1928              	.LASF77:
 1929 0454 63685F73 		.ascii	"ch_system\000"
 1929      79737465 
 1929      6D00
 1930              	.LASF64:
 1931 045e 63685F76 		.ascii	"ch_virtual_timer\000"
 1931      69727475 
 1931      616C5F74 
 1931      696D6572 
 1931      00
 1932              	.LASF96:
 1933 046f 63685F73 		.ascii	"ch_semaphore\000"
 1933      656D6170 
 1933      686F7265 
 1933      00
 1934              	.LASF44:
 1935 047c 705F6570 		.ascii	"p_epending\000"
 1935      656E6469 
 1935      6E6700
 1936              	.LASF18:
 1937 0487 75696E74 		.ascii	"uint32_t\000"
 1937      33325F74 
 1937      00
 1938              	.LASF94:
 1939 0490 77746D74 		.ascii	"wtmtxp\000"
 1939      787000
 1940              	.LASF56:
 1941 0497 725F7175 		.ascii	"r_queue\000"
 1941      65756500 
 1942              	.LASF67:
 1943 049f 76745F64 		.ascii	"vt_delta\000"
 1943      656C7461 
 1943      00
 1944              	.LASF51:
 1945 04a8 63685F74 		.ascii	"ch_threads_list\000"
 1945      68726561 
 1945      64735F6C 
 1945      69737400 
 1946              	.LASF12:
 1947 04b8 6C6F6E67 		.ascii	"long unsigned int\000"
 1947      20756E73 
 1947      69676E65 
 1947      6420696E 
 1947      7400
 1948              	.LASF103:
 1949 04ca 63686172 		.ascii	"char\000"
 1949      00
 1950              	.LASF126:
 1951 04cf 6D6F6465 		.ascii	"mode\000"
 1951      00
 1952              	.LASF130:
 1953 04d4 70616C52 		.ascii	"palReadBus\000"
 1953      65616442 
ARM GAS  /tmp/cc7s1TWH.s 			page 39


 1953      757300
 1954              	.LASF7:
 1955 04df 5F5F7569 		.ascii	"__uint16_t\000"
 1955      6E743136 
 1955      5F7400
 1956              	.LASF30:
 1957 04ea 74687265 		.ascii	"thread_t\000"
 1957      61645F74 
 1957      00
 1958              	.LASF102:
 1959 04f3 6D5F6E65 		.ascii	"m_next\000"
 1959      787400
 1960              	.LASF29:
 1961 04fa 73797374 		.ascii	"systime_t\000"
 1961      696D655F 
 1961      7400
 1962              	.LASF46:
 1963 0504 705F7265 		.ascii	"p_realprio\000"
 1963      616C7072 
 1963      696F00
 1964              	.LASF62:
 1965 050f 76746675 		.ascii	"vtfunc_t\000"
 1965      6E635F74 
 1965      00
 1966              	.LASF11:
 1967 0518 5F5F7569 		.ascii	"__uint32_t\000"
 1967      6E743332 
 1967      5F7400
 1968              	.LASF75:
 1969 0523 70616E69 		.ascii	"panic_msg\000"
 1969      635F6D73 
 1969      6700
 1970              	.LASF87:
 1971 052d 6F666673 		.ascii	"offset\000"
 1971      657400
 1972              	.LASF118:
 1973 0534 696F706F 		.ascii	"ioportid_t\000"
 1973      72746964 
 1973      5F7400
 1974              	.LASF85:
 1975 053f 636F6E74 		.ascii	"context\000"
 1975      65787400 
 1976              	.LASF131:
 1977 0547 5F70616C 		.ascii	"_pal_lld_setgroupmode\000"
 1977      5F6C6C64 
 1977      5F736574 
 1977      67726F75 
 1977      706D6F64 
 1978              	.LASF21:
 1979 055d 7274636E 		.ascii	"rtcnt_t\000"
 1979      745F7400 
 1980              	.LASF69:
 1981 0565 76745F70 		.ascii	"vt_par\000"
 1981      617200
 1982              	.LASF129:
 1983 056c 2F686F6D 		.ascii	"/home/selim/working/ChibiOS/os/hal/src/pal.c\000"
 1983      652F7365 
ARM GAS  /tmp/cc7s1TWH.s 			page 40


 1983      6C696D2F 
 1983      776F726B 
 1983      696E672F 
 1984              	.LASF124:
 1985 0599 70616C57 		.ascii	"palWriteBus\000"
 1985      72697465 
 1985      42757300 
 1986              	.LASF52:
 1987 05a5 74687265 		.ascii	"threads_queue_t\000"
 1987      6164735F 
 1987      71756575 
 1987      655F7400 
 1988              	.LASF99:
 1989 05b5 63685F6D 		.ascii	"ch_mutex\000"
 1989      75746578 
 1989      00
 1990              	.LASF40:
 1991 05be 705F7265 		.ascii	"p_refs\000"
 1991      667300
 1992              	.LASF78:
 1993 05c5 726C6973 		.ascii	"rlist\000"
 1993      7400
 1994              	.LASF15:
 1995 05cb 75696E74 		.ascii	"uint8_t\000"
 1995      385F7400 
 1996              	.LASF91:
 1997 05d3 77746F62 		.ascii	"wtobjp\000"
 1997      6A7000
 1998              	.LASF37:
 1999 05da 705F6E61 		.ascii	"p_name\000"
 1999      6D6500
 2000              	.LASF49:
 2001 05e1 74687265 		.ascii	"threads_list_t\000"
 2001      6164735F 
 2001      6C697374 
 2001      5F7400
 2002              	.LASF43:
 2003 05f0 705F6D73 		.ascii	"p_msg\000"
 2003      6700
 2004              	.LASF117:
 2005 05f6 696F6D6F 		.ascii	"iomode_t\000"
 2005      64655F74 
 2005      00
 2006              	.LASF101:
 2007 05ff 6D5F6F77 		.ascii	"m_owner\000"
 2007      6E657200 
 2008              	.LASF34:
 2009 0607 705F6374 		.ascii	"p_ctx\000"
 2009      7800
 2010              	.LASF68:
 2011 060d 76745F66 		.ascii	"vt_func\000"
 2011      756E6300 
 2012              		.ident	"GCC: (GNU Tools for ARM Embedded Processors) 5.3.1 20160307 (release) [ARM/embedded-5-bran
ARM GAS  /tmp/cc7s1TWH.s 			page 41


DEFINED SYMBOLS
                            *ABS*:0000000000000000 pal.c
     /tmp/cc7s1TWH.s:20     .text.palReadBus:0000000000000000 $t
     /tmp/cc7s1TWH.s:26     .text.palReadBus:0000000000000000 palReadBus
     /tmp/cc7s1TWH.s:49     .text.palWriteBus:0000000000000000 $t
     /tmp/cc7s1TWH.s:55     .text.palWriteBus:0000000000000000 palWriteBus
     /tmp/cc7s1TWH.s:86     .text.palSetBusMode:0000000000000000 $t
     /tmp/cc7s1TWH.s:92     .text.palSetBusMode:0000000000000000 palSetBusMode
                     .debug_frame:0000000000000010 $d

UNDEFINED SYMBOLS
_pal_lld_setgroupmode
